lb 178436 ub 1866907 before adjustment
lb 0 ub 1688471 after adjustment
costs ready
11 variables 66 functions 178436 lb, 1688471 ub
Iteration 0  lb 178437 ub 1866907  cores 1 1 1  time 0.024318 0.017872
Iteration 1  lb 178437 ub 1866907  cores 2 1 1  time 0.036667 0.035565
Iteration 2  lb 178437 ub 1866907  cores 3 2 1  time 0.047129 0.053144
Iteration 3  lb 178437 ub 1866907  cores 4 3 1  time 0.05668 0.070925
Iteration 4  lb 178437 ub 1866907  cores 5 4 1  time 0.063911 0.08915
Iteration 5  lb 178438 ub 1866907  cores 6 5 1  time 0.073859 0.112002
Iteration 6  lb 178438 ub 1866907  cores 7 5 1  time 0.075282 0.135516
Iteration 7  lb 178438 ub 1866907  cores 8 5 1  time 0.081458 0.159037
Iteration 8  lb 178438 ub 1866907  cores 9 6 1  time 0.087008 0.183214
Iteration 9  lb 178438 ub 1866907  cores 10 7 1  time 0.093155 0.207559
Iteration 10  lb 178438 ub 1866907  cores 11 7 1  time 0.09885 0.23248
Iteration 11  lb 178438 ub 1866907  cores 12 8 1  time 0.102036 0.256767
Iteration 12  lb 178438 ub 1866907  cores 13 8 1  time 0.108511 0.2821
Iteration 13  lb 178438 ub 1866907  cores 14 8 1  time 0.119133 0.307586
Iteration 14  lb 178438 ub 1866907  cores 15 9 1  time 0.126661 0.333387
Iteration 15  lb 178438 ub 1866907  cores 16 10 1  time 0.145133 0.358146
Iteration 16  lb 178438 ub 1866907  cores 17 11 1  time 0.152058 0.384321
Iteration 17  lb 178438 ub 1866907  cores 18 12 1  time 0.154516 0.410309
Iteration 18  lb 178438 ub 1866907  cores 19 13 1  time 0.159397 0.436055
Iteration 19  lb 178438 ub 1866907  cores 20 13 1  time 0.163662 0.462304
Iteration 20  lb 178438 ub 1866907  cores 21 14 1  time 0.167161 0.489898
Iteration 21  lb 178438 ub 1866907  cores 22 15 1  time 0.171468 0.516747
Iteration 22  lb 178438 ub 1866907  cores 23 16 1  time 0.179693 0.543376
Iteration 23  lb 178439 ub 1866907  cores 24 16 1  time 0.192734 0.571545
Iteration 24  lb 178439 ub 1866907  cores 25 17 1  time 0.197829 0.599056
Iteration 25  lb 178439 ub 1866907  cores 26 17 1  time 0.202029 0.626168
Iteration 26  lb 178439 ub 1866907  cores 27 17 1  time 0.203921 0.653449
Iteration 27  lb 178439 ub 1866907  cores 28 17 1  time 0.210303 0.680716
Iteration 28  lb 178439 ub 1866907  cores 29 18 1  time 0.213892 0.708102
Iteration 29  lb 178439 ub 1866907  cores 30 19 1  time 0.218712 0.736163
Iteration 30  lb 178439 ub 1866907  cores 31 20 1  time 0.225097 0.764546
Iteration 31  lb 178439 ub 1866907  cores 32 20 1  time 0.23305 0.793124
Iteration 32  lb 178439 ub 1866907  cores 33 21 1  time 0.250974 0.818236
Iteration 33  lb 178439 ub 1866907  cores 34 22 1  time 0.255046 0.843715
Iteration 34  lb 178439 ub 1866907  cores 35 23 1  time 0.259728 0.869291
Iteration 35  lb 178439 ub 1866907  cores 36 24 1  time 0.263835 0.895418
Iteration 36  lb 178439 ub 1866907  cores 37 25 1  time 0.269029 0.921935
Iteration 37  lb 178439 ub 1866907  cores 38 26 1  time 0.275662 0.948453
Iteration 38  lb 178439 ub 1866907  cores 39 27 1  time 0.279624 0.976395
Iteration 39  lb 178439 ub 1866907  cores 40 28 1  time 0.283917 1.0042
Iteration 40  lb 178439 ub 1866907  cores 41 29 1  time 0.293742 1.0358
Iteration 41  lb 178439 ub 1866907  cores 42 28 1  time 0.29812 1.067
Iteration 42  lb 178439 ub 1866907  cores 43 29 1  time 0.301664 1.09855
Iteration 43  lb 178439 ub 1866907  cores 44 30 1  time 0.306276 1.13032
Iteration 44  lb 178439 ub 1866907  cores 45 30 1  time 0.313338 1.16244
Iteration 45  lb 178439 ub 1866907  cores 46 31 1  time 0.321107 1.19646
Iteration 46  lb 178439 ub 1866907  cores 47 32 1  time 0.327268 1.23345
Iteration 47  lb 178439 ub 1866907  cores 48 33 1  time 0.337976 1.26881
Iteration 48  lb 178439 ub 1866907  cores 49 34 1  time 0.346501 1.30486
Iteration 49  lb 178439 ub 1866907  cores 50 35 1  time 0.366557 1.34189
Iteration 50  lb 178440 ub 1866907  cores 51 36 1  time 0.370333 1.37889
Iteration 51  lb 178440 ub 1866907  cores 52 37 1  time 0.377161 1.41695
Iteration 52  lb 178440 ub 1866907  cores 53 38 1  time 0.383138 1.45584
Iteration 53  lb 178440 ub 1866907  cores 54 39 1  time 0.388569 1.49613
Iteration 54  lb 178440 ub 1866907  cores 55 40 1  time 0.392769 1.5309
Iteration 55  lb 178440 ub 1866907  cores 56 41 1  time 0.404421 1.57739
Iteration 56  lb 178440 ub 1866907  cores 57 42 1  time 0.419929 1.6243
Iteration 57  lb 178440 ub 1866907  cores 58 43 1  time 0.42171 1.66445
Iteration 58  lb 178440 ub 1866907  cores 59 44 1  time 0.425375 1.70177
Iteration 59  lb 178440 ub 1866907  cores 60 45 1  time 0.427294 1.74334
Iteration 60  lb 178440 ub 1866907  cores 61 46 1  time 0.439284 1.78638
Iteration 61  lb 178440 ub 1866907  cores 62 47 1  time 0.444805 1.8237
Iteration 62  lb 178440 ub 1866907  cores 63 48 1  time 0.451942 1.86184
Iteration 63  lb 178440 ub 1866907  cores 64 49 1  time 0.45358 1.89787
Iteration 64  lb 178440 ub 1866907  cores 65 50 1  time 0.460228 1.93577
Iteration 65  lb 178440 ub 1866907  cores 66 51 1  time 0.469463 1.97148
Iteration 66  lb 178440 ub 1866907  cores 67 52 1  time 0.473974 2.00684
Iteration 67  lb 178440 ub 1866907  cores 68 53 1  time 0.477705 2.04321
Iteration 68  lb 178440 ub 1866907  cores 69 54 1  time 0.479469 2.08224
Iteration 69  lb 178440 ub 1866907  cores 70 55 1  time 0.481272 2.11814
Iteration 70  lb 178440 ub 1866907  cores 71 55 1  time 0.488162 2.15655
Iteration 71  lb 178440 ub 1866907  cores 72 56 1  time 0.493295 2.19247
Iteration 72  lb 178440 ub 1866907  cores 73 57 1  time 0.499095 2.22848
Iteration 73  lb 178440 ub 1866907  cores 74 58 1  time 0.508297 2.26464
Iteration 74  lb 178440 ub 1866907  cores 75 59 1  time 0.523276 2.30177
Iteration 75  lb 178440 ub 1866907  cores 76 60 1  time 0.527687 2.34013
Iteration 76  lb 178440 ub 1866907  cores 77 61 1  time 0.532371 2.37931
Iteration 77  lb 178440 ub 1866907  cores 78 61 1  time 0.537004 2.41896
Iteration 78  lb 178440 ub 1866907  cores 79 62 1  time 0.540153 2.46033
Iteration 79  lb 178440 ub 1866907  cores 80 63 1  time 0.548397 2.49885
Iteration 80  lb 178440 ub 1866907  cores 81 63 1  time 0.555873 2.54323
Iteration 81  lb 178440 ub 1866907  cores 82 64 1  time 0.569768 2.58245
Iteration 82  lb 178440 ub 1866907  cores 83 65 1  time 0.57318 2.62841
Iteration 83  lb 178440 ub 1866907  cores 84 65 1  time 0.580439 2.6688
Optimal value: 178440
Real time: 3.2982
CPU time: 3.94476
