lb 307622 ub 4720997 before adjustment
lb 0 ub 4413375 after adjustment
costs ready
17 variables 131 functions 307622 lb, 4413375 ub
Iteration 0  lb 307625 ub 4720997  cores 3 3 3  time 0.030963 0.037969
Iteration 1  lb 307625 ub 4720997  cores 6 6 3  time 0.049991 0.076471
Iteration 2  lb 307625 ub 4720997  cores 8 8 2  time 0.062299 0.116133
Iteration 3  lb 307626 ub 4720997  cores 11 11 3  time 0.086052 0.161198
Iteration 4  lb 307627 ub 4720997  cores 14 12 3  time 0.103875 0.208691
Iteration 5  lb 307627 ub 4720997  cores 17 15 3  time 0.1255 0.256529
Iteration 6  lb 307627 ub 4720997  cores 19 17 2  time 0.164259 0.307257
Iteration 7  lb 307628 ub 4720997  cores 21 19 2  time 0.175081 0.361808
Iteration 8  lb 307628 ub 4720997  cores 23 21 2  time 0.190935 0.418609
Iteration 9  lb 307628 ub 4720997  cores 26 24 3  time 0.20988 0.475446
Iteration 10  lb 307628 ub 4720997  cores 28 26 2  time 0.215853 0.533963
Iteration 11  lb 307628 ub 4720997  cores 29 27 1  time 0.222403 0.592916
Iteration 12  lb 307628 ub 4720997  cores 30 28 1  time 0.230143 0.651433
Iteration 13  lb 307628 ub 4720997  cores 33 31 3  time 0.242552 0.709707
Iteration 14  lb 307628 ub 4720997  cores 34 32 1  time 0.247314 0.773839
Iteration 15  lb 307628 ub 4720997  cores 35 33 1  time 0.252775 0.833098
Iteration 16  lb 307629 ub 4720997  cores 37 35 2  time 0.326707 0.885954
Iteration 17  lb 307629 ub 4720997  cores 40 38 3  time 0.378668 0.944728
Iteration 18  lb 307630 ub 4720997  cores 42 40 2  time 0.396809 0.998974
Iteration 19  lb 307630 ub 4720997  cores 43 41 1  time 0.401233 1.05889
Iteration 20  lb 307630 ub 4720997  cores 44 42 1  time 0.408878 1.11991
Iteration 21  lb 307630 ub 4720997  cores 45 43 1  time 0.419163 1.18443
Iteration 22  lb 307630 ub 4720997  cores 47 45 2  time 0.429947 1.2471
Iteration 23  lb 307630 ub 4720997  cores 48 46 1  time 0.437557 1.31316
Iteration 24  lb 307630 ub 4720997  cores 50 48 2  time 0.457215 1.38631
Iteration 25  lb 307630 ub 4720997  cores 52 50 2  time 0.475244 1.47026
Iteration 26  lb 307636 ub 4720997  cores 54 52 2  time 0.535859 1.55311
Iteration 27  lb 307637 ub 4720997  cores 55 52 1  time 0.545058 1.63675
Iteration 28  lb 307638 ub 4720997  cores 57 54 2  time 0.575393 1.73379
Iteration 29  lb 307638 ub 4720997  cores 59 56 2  time 0.589936 1.84224
Iteration 30  lb 307638 ub 4720997  cores 61 58 2  time 0.621672 1.9411
Iteration 31  lb 307639 ub 4720997  cores 62 59 1  time 0.627172 2.03684
Iteration 32  lb 307639 ub 4720997  cores 63 60 1  time 0.633464 2.13885
Iteration 33  lb 307639 ub 4720997  cores 64 60 1  time 0.638445 2.24174
Iteration 34  lb 307639 ub 4720997  cores 65 61 1  time 0.649074 2.34195
Iteration 35  lb 307639 ub 4720997  cores 66 62 1  time 0.654524 2.44912
Iteration 36  lb 307639 ub 4720997  cores 68 64 2  time 0.682193 2.55047
Iteration 37  lb 307639 ub 4720997  cores 69 63 1  time 0.690519 2.65913
Iteration 38  lb 307639 ub 4720997  cores 70 64 1  time 0.714035 2.76361
Iteration 39  lb 307639 ub 4720997  cores 72 66 2  time 0.775956 2.86212
Iteration 40  lb 307639 ub 4720997  cores 74 68 2  time 0.800919 2.96732
Iteration 41  lb 307639 ub 4720997  cores 76 70 2  time 0.81962 3.05093
Iteration 42  lb 307639 ub 4720997  cores 78 72 2  time 0.829793 3.15787
Iteration 43  lb 307639 ub 4720997  cores 80 74 2  time 0.843679 3.26241
Iteration 44  lb 307639 ub 4720997  cores 82 76 2  time 0.860253 3.38836
Iteration 45  lb 307639 ub 4720997  cores 83 77 1  time 0.874478 3.49972
Iteration 46  lb 307639 ub 4720997  cores 84 78 1  time 0.881409 3.61298
Iteration 47  lb 307639 ub 4720997  cores 85 78 1  time 0.886473 3.7289
Iteration 48  lb 307639 ub 4720997  cores 86 78 1  time 0.891344 3.836
Iteration 49  lb 307639 ub 4720997  cores 87 78 1  time 0.895636 3.95543
Iteration 50  lb 307639 ub 4720997  cores 88 79 1  time 0.902715 4.08077
Iteration 51  lb 307639 ub 4720997  cores 89 80 1  time 0.909571 4.20006
Iteration 52  lb 307639 ub 4720997  cores 90 80 1  time 0.913706 4.31912
Iteration 53  lb 307639 ub 4720997  cores 91 80 1  time 0.918578 4.468
Iteration 54  lb 307639 ub 4720997  cores 92 81 1  time 0.936849 4.61523
Iteration 55  lb 307639 ub 4720997  cores 93 82 1  time 0.944635 4.73388
Iteration 56  lb 307639 ub 4720997  cores 94 83 1  time 0.953791 4.86748
Iteration 57  lb 307639 ub 4720997  cores 96 85 2  time 0.96502 4.98695
Iteration 58  lb 307640 ub 4720997  cores 98 87 2  time 0.975538 5.10802
Iteration 59  lb 307640 ub 4720997  cores 99 88 1  time 0.980609 5.23506
Iteration 60  lb 307640 ub 4720997  cores 101 90 2  time 0.990541 5.36585
Iteration 61  lb 307640 ub 4720997  cores 102 91 1  time 0.996519 5.53923
Iteration 62  lb 307640 ub 4720997  cores 103 91 1  time 1.00077 5.70863
Iteration 63  lb 307640 ub 4720997  cores 104 92 1  time 1.00707 5.8477
Iteration 64  lb 307640 ub 4720997  cores 105 91 1  time 1.01132 6.03342
Iteration 65  lb 307640 ub 4720997  cores 107 92 2  time 1.01907 6.168
Iteration 66  lb 307640 ub 4720997  cores 108 92 1  time 1.02629 6.35467
Iteration 67  lb 307640 ub 4720997  cores 109 93 1  time 1.03379 6.48743
Iteration 68  lb 307640 ub 4720997  cores 110 94 1  time 1.04163 6.62945
Iteration 69  lb 307640 ub 4720997  cores 111 95 1  time 1.05078 6.76907
Iteration 70  lb 307640 ub 4720997  cores 112 96 1  time 1.06006 6.90583
Iteration 71  lb 307640 ub 4720997  cores 113 97 1  time 1.0698 7.04374
Iteration 72  lb 307640 ub 4720997  cores 114 98 1  time 1.07621 7.17624
Iteration 73  lb 307640 ub 4720997  cores 115 98 1  time 1.07967 7.31188
Iteration 74  lb 307640 ub 4720997  cores 117 100 2  time 1.08843 7.47926
Iteration 75  lb 307640 ub 4720997  cores 118 101 1  time 1.10172 7.6187
Iteration 76  lb 307640 ub 4720997  cores 119 102 1  time 1.11231 7.77794
Iteration 77  lb 307640 ub 4720997  cores 120 103 1  time 1.11995 7.96108
Iteration 78  lb 307640 ub 4720997  cores 121 104 1  time 1.12897 8.16603
Iteration 79  lb 307640 ub 4720997  cores 122 105 1  time 1.13253 8.37349
Iteration 80  lb 307640 ub 4720997  cores 123 106 1  time 1.13837 8.50671
Iteration 81  lb 307640 ub 4720997  cores 124 107 1  time 1.14593 8.66876
Iteration 82  lb 307640 ub 4720997  cores 125 108 1  time 1.15506 8.83517
Iteration 83  lb 307640 ub 4720997  cores 126 109 1  time 1.16445 8.97226
Iteration 84  lb 307640 ub 4720997  cores 127 110 1  time 1.17194 9.1335
Iteration 85  lb 307640 ub 4720997  cores 129 111 2  time 1.19058 9.28902
Iteration 86  lb 307640 ub 4720997  cores 130 112 1  time 1.19932 9.45726
Iteration 87  lb 307640 ub 4720997  cores 131 113 1  time 1.20896 9.64874
Iteration 88  lb 307640 ub 4720997  cores 132 114 1  time 1.21829 9.79498
Iteration 89  lb 307640 ub 4720997  cores 133 115 1  time 1.23096 9.94885
Iteration 90  lb 307640 ub 4720997  cores 134 116 1  time 1.23878 10.0962
Iteration 91  lb 307640 ub 4720997  cores 136 118 2  time 1.27709 10.2429
Iteration 92  lb 307640 ub 4720997  cores 138 119 2  time 1.32131 10.3643
Iteration 93  lb 307640 ub 4720997  cores 139 120 1  time 1.33093 10.481
Iteration 94  lb 307640 ub 4720997  cores 140 121 1  time 1.33649 10.6032
Iteration 95  lb 307640 ub 4720997  cores 141 122 1  time 1.34162 10.7254
Iteration 96  lb 307640 ub 4720997  cores 142 122 1  time 1.3452 10.8437
Iteration 97  lb 307640 ub 4720997  cores 143 123 1  time 1.35414 10.9628
Iteration 98  lb 307640 ub 4720997  cores 144 123 1  time 1.35993 11.0866
Iteration 99  lb 307640 ub 4720997  cores 146 125 2  time 1.3766 11.2169
Iteration 100  lb 307640 ub 4720997  cores 147 125 1  time 1.38201 11.348
Iteration 101  lb 307640 ub 4720997  cores 148 126 1  time 1.38987 11.5194
Iteration 102  lb 307640 ub 4720997  cores 149 127 1  time 1.39531 11.6584
Iteration 103  lb 307640 ub 4720997  cores 151 129 2  time 1.4248 11.801
Iteration 104  lb 307640 ub 4720997  cores 153 131 2  time 1.51486 11.9651
Iteration 105  lb 307640 ub 4720997  cores 155 133 2  time 1.55121 12.1131
Iteration 106  lb 307640 ub 4720997  cores 156 134 1  time 1.56554 12.2742
Iteration 107  lb 307640 ub 4720997  cores 157 135 1  time 1.57285 12.4222
Iteration 108  lb 307641 ub 4720997  cores 158 136 1  time 1.58654 12.5856
Iteration 109  lb 307641 ub 4720997  cores 160 138 2  time 1.60052 12.734
Iteration 110  lb 307641 ub 4720997  cores 162 140 2  time 1.62058 12.8908
Iteration 111  lb 307641 ub 4720997  cores 164 142 2  time 1.64938 13.0415
Iteration 112  lb 307641 ub 4720997  cores 165 143 1  time 1.65431 13.2005
Iteration 113  lb 307641 ub 4720997  cores 167 145 2  time 1.72063 13.3867
Iteration 114  lb 307641 ub 4720997  cores 168 146 1  time 1.73042 13.5567
Iteration 115  lb 307641 ub 4720997  cores 170 148 2  time 1.74441 13.7447
Iteration 116  lb 307641 ub 4720997  cores 171 149 1  time 1.74948 13.9889
Iteration 117  lb 307642 ub 4720997  cores 174 151 3  time 1.98851 14.1308
Iteration 118  lb 307642 ub 4720997  cores 176 153 2  time 2.00957 14.337
Iteration 119  lb 307642 ub 4720997  cores 178 154 2  time 2.02115 14.4962
Iteration 120  lb 307642 ub 4720997  cores 180 156 2  time 2.03249 14.6916
Iteration 121  lb 307642 ub 4720997  cores 181 157 1  time 2.03774 14.9199
Iteration 122  lb 307642 ub 4720997  cores 182 158 1  time 2.04284 15.1612
Iteration 123  lb 307642 ub 4720997  cores 184 160 2  time 2.06686 15.4162
Iteration 124  lb 307642 ub 4720997  cores 186 162 2  time 2.0844 15.7132
Iteration 125  lb 307642 ub 4720997  cores 188 164 2  time 2.0969 16.0494
Iteration 126  lb 307642 ub 4720997  cores 190 166 2  time 2.10762 16.3599
Iteration 127  lb 307642 ub 4720997  cores 191 167 1  time 2.11345 16.6554
Iteration 128  lb 307642 ub 4720997  cores 192 168 1  time 2.118 16.9824
Iteration 129  lb 307642 ub 4720997  cores 194 170 2  time 2.13083 17.3052
Iteration 130  lb 307643 ub 4720997  cores 196 172 2  time 2.17467 17.6235
Iteration 131  lb 307643 ub 4720997  cores 198 173 2  time 2.18819 18.0377
Iteration 132  lb 307643 ub 4720997  cores 200 175 2  time 2.20725 18.4093
Iteration 133  lb 307643 ub 4720997  cores 202 177 2  time 2.22038 18.8081
Iteration 134  lb 307643 ub 4720997  cores 204 179 2  time 2.24072 19.3041
Iteration 135  lb 307643 ub 4720997  cores 205 180 1  time 2.25262 19.6887
Iteration 136  lb 307643 ub 4720997  cores 207 182 2  time 2.27989 20.189
Iteration 137  lb 307643 ub 4720997  cores 209 184 2  time 2.32038 20.7012
Iteration 138  lb 307643 ub 4720997  cores 211 186 2  time 2.35106 21.1004
Iteration 139  lb 307643 ub 4720997  cores 213 188 2  time 2.36272 21.5537
Iteration 140  lb 307643 ub 4720997  cores 215 190 2  time 2.37356 21.997
Iteration 141  lb 307643 ub 4720997  cores 217 192 2  time 2.41042 22.4353
Iteration 142  lb 307643 ub 4720997  cores 219 194 2  time 2.43448 22.8945
Iteration 143  lb 307643 ub 4720997  cores 221 195 2  time 2.45564 23.4385
Iteration 144  lb 307643 ub 4720997  cores 223 196 2  time 2.47728 23.8482
Iteration 145  lb 307643 ub 4720997  cores 225 198 2  time 2.49115 24.1763
Iteration 146  lb 307643 ub 4720997  cores 227 200 2  time 2.4992 24.5249
Iteration 147  lb 307643 ub 4720997  cores 229 202 2  time 2.5214 25.024
Iteration 148  lb 307643 ub 4720997  cores 231 204 2  time 2.5301 25.5262
Iteration 149  lb 307643 ub 4720997  cores 233 205 2  time 2.55898 25.9612
Iteration 150  lb 307643 ub 4720997  cores 234 206 1  time 2.56628 26.4484
Iteration 151  lb 307643 ub 4720997  cores 236 207 2  time 2.59414 26.9851
Iteration 152  lb 307643 ub 4720997  cores 238 209 2  time 2.60493 27.6998
Iteration 153  lb 307644 ub 4720997  cores 240 211 2  time 2.63467 28.2923
Iteration 154  lb 307644 ub 4720997  cores 242 212 2  time 2.64534 29.0906
Iteration 155  lb 307644 ub 4720997  cores 243 213 1  time 2.65069 29.7905
Iteration 156  lb 307644 ub 4720997  cores 245 215 2  time 2.67724 30.4946
Iteration 157  lb 307644 ub 4720997  cores 247 217 2  time 2.68553 31.1764
Iteration 158  lb 307644 ub 4720997  cores 249 219 2  time 2.7011 31.8965
Iteration 159  lb 307644 ub 4720997  cores 251 221 2  time 2.70839 32.5804
Iteration 160  lb 307644 ub 4720997  cores 253 222 2  time 2.7233 33.182
Iteration 161  lb 307644 ub 4720997  cores 255 224 2  time 2.73148 33.7885
Iteration 162  lb 307644 ub 4720997  cores 257 226 2  time 2.74237 34.4074
Iteration 163  lb 307644 ub 4720997  cores 259 228 2  time 2.75258 35.2185
Iteration 164  lb 307644 ub 4720997  cores 260 229 1  time 2.76267 35.7372
Iteration 165  lb 307644 ub 4720997  cores 261 230 1  time 2.77226 36.3866
Iteration 166  lb 307644 ub 4720997  cores 263 232 2  time 2.77704 37.0512
Iteration 167  lb 307644 ub 4720997  cores 265 234 2  time 2.78754 37.9019
Iteration 168  lb 307644 ub 4720997  cores 267 236 2  time 2.81031 38.6647
Iteration 169  lb 307644 ub 4720997  cores 269 238 2  time 2.81731 39.2195
Iteration 170  lb 307644 ub 4720997  cores 271 240 2  time 2.82464 40.1011
Iteration 171  lb 307644 ub 4720997  cores 273 242 2  time 2.84036 41.0721
Iteration 172  lb 307644 ub 4720997  cores 275 244 2  time 2.86141 41.6903
Iteration 173  lb 307644 ub 4720997  cores 276 245 1  time 2.8749 42.3115
Iteration 174  lb 307644 ub 4720997  cores 278 247 2  time 2.8885 42.8888
Iteration 175  lb 307644 ub 4720997  cores 280 249 2  time 2.89956 43.5291
Iteration 176  lb 307644 ub 4720997  cores 282 251 2  time 2.91274 44.3315
Iteration 177  lb 307644 ub 4720997  cores 284 253 2  time 2.94931 44.8115
Iteration 178  lb 307644 ub 4720997  cores 286 255 2  time 2.96083 45.3468
Iteration 179  lb 307644 ub 4720997  cores 287 255 1  time 2.96497 45.9265
Iteration 180  lb 307644 ub 4720997  cores 288 255 1  time 2.96881 46.4013
Iteration 181  lb 307644 ub 4720997  cores 289 255 1  time 2.97357 46.9452
Iteration 182  lb 307644 ub 4720997  cores 291 256 2  time 2.99207 47.4435
Iteration 183  lb 307644 ub 4720997  cores 292 257 1  time 2.99514 47.9819
Iteration 184  lb 307644 ub 4720997  cores 294 259 2  time 3.0141 48.6171
Iteration 185  lb 307644 ub 4720997  cores 295 260 1  time 3.03901 49.1865
Iteration 186  lb 307644 ub 4720997  cores 296 260 1  time 3.04416 49.6998
Iteration 187  lb 307644 ub 4720997  cores 297 261 1  time 3.04821 50.2171
Iteration 188  lb 307644 ub 4720997  cores 298 261 1  time 3.0535 50.9972
Iteration 189  lb 307644 ub 4720997  cores 299 262 1  time 3.07612 51.6074
Iteration 190  lb 307644 ub 4720997  cores 300 263 1  time 3.0827 52.2551
Iteration 191  lb 307644 ub 4720997  cores 301 264 1  time 3.08901 52.838
Iteration 192  lb 307644 ub 4720997  cores 303 266 2  time 3.10385 53.4396
Iteration 193  lb 307644 ub 4720997  cores 304 267 1  time 3.1106 54.1959
Iteration 194  lb 307644 ub 4720997  cores 306 269 2  time 3.12947 54.9948
Iteration 195  lb 307644 ub 4720997  cores 308 271 2  time 3.13936 55.7445
Iteration 196  lb 307644 ub 4720997  cores 309 270 1  time 3.14383 56.1908
Iteration 197  lb 307644 ub 4720997  cores 310 271 1  time 3.14921 57.0871
Iteration 198  lb 307644 ub 4720997  cores 311 272 1  time 3.15631 57.6973
Iteration 199  lb 307644 ub 4720997  cores 313 274 2  time 3.16813 58.3401
Iteration 200  lb 307644 ub 4720997  cores 314 274 1  time 3.17225 59.1974
Iteration 201  lb 307644 ub 4720997  cores 315 275 1  time 3.18303 59.8531
Iteration 202  lb 307644 ub 4720997  cores 316 275 1  time 3.18923 60.5359
Iteration 203  lb 307644 ub 4720997  cores 317 276 1  time 3.19309 61.2631
Iteration 204  lb 307644 ub 4720997  cores 319 278 2  time 3.20293 62.0112
Iteration 205  lb 307644 ub 4720997  cores 320 278 1  time 3.20896 62.6219
Iteration 206  lb 307644 ub 4720997  cores 321 279 1  time 3.21619 63.3972
Iteration 207  lb 307644 ub 4720997  cores 323 281 2  time 3.22972 64.0788
Iteration 208  lb 307644 ub 4720997  cores 324 282 1  time 3.23686 65.3703
Iteration 209  lb 307644 ub 4720997  cores 326 284 2  time 3.24874 66.0846
Iteration 210  lb 307644 ub 4720997  cores 328 286 2  time 3.25911 66.818
Iteration 211  lb 307644 ub 4720997  cores 329 287 1  time 3.26832 67.5666
Iteration 212  lb 307644 ub 4720997  cores 330 288 1  time 3.27501 68.6961
Iteration 213  lb 307644 ub 4720997  cores 331 289 1  time 3.29639 69.4213
Iteration 214  lb 307644 ub 4720997  cores 332 290 1  time 3.30734 70.1566
Iteration 215  lb 307645 ub 4720997  cores 333 290 1  time 3.31545 71.0239
Iteration 216  lb 307645 ub 4720997  cores 334 291 1  time 3.32415 72.1214
Iteration 217  lb 307645 ub 4720997  cores 335 292 1  time 3.32724 72.9565
Iteration 218  lb 307645 ub 4720997  cores 336 293 1  time 3.33335 73.7215
Iteration 219  lb 307645 ub 4720997  cores 337 294 1  time 3.33859 74.7413
Iteration 220  lb 307645 ub 4720997  cores 338 294 1  time 3.34176 75.8917
Iteration 221  lb 307645 ub 4720997  cores 339 294 1  time 3.34687 77.1522
Iteration 222  lb 307645 ub 4720997  cores 340 295 1  time 3.35099 78.4076
Iteration 223  lb 307645 ub 4720997  cores 341 296 1  time 3.35463 79.6408
Iteration 224  lb 307645 ub 4720997  cores 342 297 1  time 3.35858 80.9201
Iteration 225  lb 307645 ub 4720997  cores 343 296 1  time 3.36346 81.9449
Iteration 226  lb 307645 ub 4720997  cores 344 297 1  time 3.36842 83.1172
Iteration 227  lb 307645 ub 4720997  cores 345 298 1  time 3.37137 84.1769
Iteration 228  lb 307645 ub 4720997  cores 346 299 1  time 3.37651 85.3318
Iteration 229  lb 307645 ub 4720997  cores 347 299 1  time 3.38164 86.4308
Iteration 230  lb 307645 ub 4720997  cores 348 300 1  time 3.39352 87.8925
Iteration 231  lb 307645 ub 4720997  cores 349 301 1  time 3.40087 88.9146
Iteration 232  lb 307645 ub 4720997  cores 351 303 2  time 3.41369 89.8581
Iteration 233  lb 307645 ub 4720997  cores 352 303 1  time 3.41889 90.807
Iteration 234  lb 307645 ub 4720997  cores 353 304 1  time 3.42465 91.9321
Iteration 235  lb 307645 ub 4720997  cores 354 305 1  time 3.4284 93.0575
Iteration 236  lb 307645 ub 4720997  cores 355 306 1  time 3.43811 93.9678
Iteration 237  lb 307645 ub 4720997  cores 357 307 2  time 3.45198 95.1072
Iteration 238  lb 307645 ub 4720997  cores 358 307 1  time 3.46292 96.3545
Iteration 239  lb 307645 ub 4720997  cores 359 308 1  time 3.46757 97.6432
Iteration 240  lb 307645 ub 4720997  cores 360 309 1  time 3.47079 98.6275
Iteration 241  lb 307645 ub 4720997  cores 361 310 1  time 3.47404 99.7557
Iteration 242  lb 307645 ub 4720997  cores 362 311 1  time 3.48493 100.839
Iteration 243  lb 307645 ub 4720997  cores 364 313 2  time 3.49485 102.083
Iteration 244  lb 307645 ub 4720997  cores 365 314 1  time 3.49887 103.059
Iteration 245  lb 307645 ub 4720997  cores 366 314 1  time 3.50889 104.649
Iteration 246  lb 307645 ub 4720997  cores 367 315 1  time 3.51522 106.09
Iteration 247  lb 307645 ub 4720997  cores 369 317 2  time 3.52697 107.442
Iteration 248  lb 307645 ub 4720997  cores 370 318 1  time 3.53457 108.344
Iteration 249  lb 307645 ub 4720997  cores 372 319 2  time 3.54978 109.65
Iteration 250  lb 307645 ub 4720997  cores 373 320 1  time 3.56369 110.64
Iteration 251  lb 307645 ub 4720997  cores 374 321 1  time 3.56986 111.959
Iteration 252  lb 307645 ub 4720997  cores 376 323 2  time 3.58024 113.229
Iteration 253  lb 307645 ub 4720997  cores 377 324 1  time 3.58574 114.475
Iteration 254  lb 307645 ub 4720997  cores 378 325 1  time 3.58908 115.68
Iteration 255  lb 307645 ub 4720997  cores 379 324 1  time 3.59213 116.67
Iteration 256  lb 307645 ub 4720997  cores 381 326 2  time 3.60405 117.773
Iteration 257  lb 307645 ub 4720997  cores 383 327 2  time 3.61487 119.128
Iteration 258  lb 307645 ub 4720997  cores 385 328 2  time 3.62688 120.175
Iteration 259  lb 307645 ub 4720997  cores 386 329 1  time 3.63363 121.69
Iteration 260  lb 307645 ub 4720997  cores 388 331 2  time 3.64435 123.154
Iteration 261  lb 307645 ub 4720997  cores 389 331 1  time 3.65407 124.597
Iteration 262  lb 307645 ub 4720997  cores 390 332 1  time 3.65717 125.464
Iteration 263  lb 307645 ub 4720997  cores 391 333 1  time 3.67087 126.42
Iteration 264  lb 307645 ub 4720997  cores 392 333 1  time 3.67472 127.344
Iteration 265  lb 307645 ub 4720997  cores 394 335 2  time 3.70761 128.322
Iteration 266  lb 307645 ub 4720997  cores 395 336 1  time 3.71445 129.165
Iteration 267  lb 307645 ub 4720997  cores 396 336 1  time 3.7211 130.03
Iteration 268  lb 307645 ub 4720997  cores 398 337 2  time 3.73178 131.109
Iteration 269  lb 307645 ub 4720997  cores 400 339 2  time 3.7459 132.252
Iteration 270  lb 307645 ub 4720997  cores 402 341 2  time 3.76332 133.015
Iteration 271  lb 307645 ub 4720997  cores 403 341 1  time 3.76682 133.746
Iteration 272  lb 307645 ub 4720997  cores 404 342 1  time 3.77525 134.565
Iteration 273  lb 307645 ub 4720997  cores 406 344 2  time 3.79257 135.599
Iteration 274  lb 307645 ub 4720997  cores 407 344 1  time 3.79888 136.374
Iteration 275  lb 307645 ub 4720997  cores 408 345 1  time 3.80388 137.087
Iteration 276  lb 307645 ub 4720997  cores 411 348 3  time 3.82015 138.117
Iteration 277  lb 307645 ub 4720997  cores 412 349 1  time 3.84025 138.988
Iteration 278  lb 307645 ub 4720997  cores 413 350 1  time 3.84741 139.74
Iteration 279  lb 307645 ub 4720997  cores 415 349 2  time 3.86529 140.511
Iteration 280  lb 307645 ub 4720997  cores 417 351 2  time 3.90835 141.624
Iteration 281  lb 307645 ub 4720997  cores 418 352 1  time 3.91607 142.552
Iteration 282  lb 307645 ub 4720997  cores 420 354 2  time 3.9366 143.264
Iteration 283  lb 307645 ub 4720997  cores 422 356 2  time 3.94909 144.059
Iteration 284  lb 307645 ub 4720997  cores 423 357 1  time 3.9565 145.132
Iteration 285  lb 307645 ub 4720997  cores 424 358 1  time 3.96526 145.918
Iteration 286  lb 307645 ub 4720997  cores 425 359 1  time 3.97602 146.584
Iteration 287  lb 307645 ub 4720997  cores 427 360 2  time 3.98848 147.294
Iteration 288  lb 307645 ub 4720997  cores 428 361 1  time 3.99862 148.195
Iteration 289  lb 307645 ub 4720997  cores 430 363 2  time 4.00914 149.053
Iteration 290  lb 307645 ub 4720997  cores 431 364 1  time 4.02293 150.15
Iteration 291  lb 307645 ub 4720997  cores 432 365 1  time 4.02629 151.037
Iteration 292  lb 307645 ub 4720997  cores 433 366 1  time 4.04064 152.483
Iteration 293  lb 307645 ub 4720997  cores 434 367 1  time 4.05043 153.09
Iteration 294  lb 307645 ub 4720997  cores 435 368 1  time 4.05906 154.092
Iteration 295  lb 307645 ub 4720997  cores 436 369 1  time 4.06987 155.076
Iteration 296  lb 307645 ub 4720997  cores 437 370 1  time 4.08192 155.905
Iteration 297  lb 307645 ub 4720997  cores 439 372 2  time 4.09425 156.888
Iteration 298  lb 307645 ub 4720997  cores 441 374 2  time 4.102 158.035
Iteration 299  lb 307645 ub 4720997  cores 443 376 2  time 4.11205 158.739
Iteration 300  lb 307645 ub 4720997  cores 444 377 1  time 4.12096 160.077
Iteration 301  lb 307645 ub 4720997  cores 446 378 2  time 4.1405 161.753
Iteration 302  lb 307645 ub 4720997  cores 447 379 1  time 4.14697 162.649
Iteration 303  lb 307645 ub 4720997  cores 448 380 1  time 4.15841 163.464
Iteration 304  lb 307645 ub 4720997  cores 449 381 1  time 4.17035 164.167
Iteration 305  lb 307645 ub 4720997  cores 450 382 1  time 4.17654 165.335
Iteration 306  lb 307646 ub 4720997  cores 452 384 2  time 4.19114 166.779
Iteration 307  lb 307646 ub 4720997  cores 453 385 1  time 4.19872 168.252
Iteration 308  lb 307646 ub 4720997  cores 455 387 2  time 4.20908 169.418
Iteration 309  lb 307646 ub 4720997  cores 456 388 1  time 4.219 170.855
Iteration 310  lb 307646 ub 4720997  cores 458 390 2  time 4.2409 172.059
Iteration 311  lb 307646 ub 4720997  cores 459 391 1  time 4.25261 173.089
Iteration 312  lb 307646 ub 4720997  cores 460 392 1  time 4.26598 174.482
Iteration 313  lb 307646 ub 4720997  cores 461 393 1  time 4.27237 175.803
Iteration 314  lb 307646 ub 4720997  cores 463 394 2  time 4.28285 177.297
Iteration 315  lb 307646 ub 4720997  cores 465 393 2  time 4.29787 178.734
Iteration 316  lb 307646 ub 4720997  cores 466 394 1  time 4.30538 180.269
Iteration 317  lb 307646 ub 4720997  cores 467 395 1  time 4.31936 181.646
Iteration 318  lb 307646 ub 4720997  cores 469 397 2  time 4.34415 183.109
Iteration 319  lb 307646 ub 4720997  cores 471 399 2  time 4.3564 184.574
Iteration 320  lb 307646 ub 4720997  cores 472 400 1  time 4.36351 185.736
Iteration 321  lb 307646 ub 4720997  cores 474 402 2  time 4.37314 186.821
Iteration 322  lb 307646 ub 4720997  cores 476 404 2  time 4.38349 187.966
Iteration 323  lb 307646 ub 4720997  cores 477 405 1  time 4.38672 189.212
Iteration 324  lb 307646 ub 4720997  cores 479 407 2  time 4.40028 190.566
Iteration 325  lb 307646 ub 4720997  cores 480 408 1  time 4.40698 191.83
Iteration 326  lb 307646 ub 4720997  cores 481 409 1  time 4.41104 193.137
Iteration 327  lb 307646 ub 4720997  cores 482 410 1  time 4.42639 194.387
Iteration 328  lb 307646 ub 4720997  cores 484 412 2  time 4.44921 195.338
Iteration 329  lb 307646 ub 4720997  cores 486 412 2  time 4.4612 196.54
Iteration 330  lb 307646 ub 4720997  cores 487 413 1  time 4.495 197.898
Iteration 331  lb 307646 ub 4720997  cores 488 414 1  time 4.50125 199.14
Iteration 332  lb 307646 ub 4720997  cores 490 416 2  time 4.51384 200.864
Iteration 333  lb 307646 ub 4720997  cores 491 417 1  time 4.52043 202.443
Iteration 334  lb 307646 ub 4720997  cores 492 418 1  time 4.53179 203.678
Iteration 335  lb 307646 ub 4720997  cores 494 420 2  time 4.56255 204.953
Iteration 336  lb 307646 ub 4720997  cores 495 421 1  time 4.57766 206.306
Iteration 337  lb 307646 ub 4720997  cores 496 422 1  time 4.59938 207.518
Iteration 338  lb 307646 ub 4720997  cores 498 424 2  time 4.63806 209.183
Iteration 339  lb 307646 ub 4720997  cores 499 425 1  time 4.6414 210.387
Iteration 340  lb 307646 ub 4720997  cores 500 425 1  time 4.64546 211.642
Iteration 341  lb 307646 ub 4720997  cores 501 425 1  time 4.65651 212.925
Iteration 342  lb 307646 ub 4720997  cores 503 426 2  time 4.6809 214.312
Iteration 343  lb 307646 ub 4720997  cores 505 427 2  time 4.69311 215.769
Iteration 344  lb 307646 ub 4720997  cores 507 429 2  time 4.70545 217.127
Iteration 345  lb 307646 ub 4720997  cores 509 430 2  time 4.72139 218.985
Iteration 346  lb 307646 ub 4720997  cores 511 432 2  time 4.73499 220.459
Iteration 347  lb 307646 ub 4720997  cores 512 433 1  time 4.7479 221.676
Iteration 348  lb 307646 ub 4720997  cores 514 435 2  time 4.76647 223.81
Iteration 349  lb 307646 ub 4720997  cores 515 436 1  time 4.77155 225.402
Iteration 350  lb 307646 ub 4720997  cores 516 437 1  time 4.77904 226.702
Iteration 351  lb 307646 ub 4720997  cores 518 439 2  time 4.79033 228.676
Iteration 352  lb 307646 ub 4720997  cores 519 440 1  time 4.79379 230.113
Iteration 353  lb 307646 ub 4720997  cores 520 441 1  time 4.79958 231.556
Iteration 354  lb 307646 ub 4720997  cores 522 443 2  time 4.81449 232.992
Iteration 355  lb 307646 ub 4720997  cores 524 445 2  time 4.82635 235.25
Iteration 356  lb 307646 ub 4720997  cores 525 446 1  time 4.83616 237.033
Iteration 357  lb 307646 ub 4720997  cores 527 448 2  time 4.84942 238.625
Iteration 358  lb 307646 ub 4720997  cores 529 450 2  time 4.86099 240.016
Iteration 359  lb 307646 ub 4720997  cores 530 451 1  time 4.86453 241.624
Iteration 360  lb 307646 ub 4720997  cores 531 452 1  time 4.86888 243.489
Iteration 361  lb 307646 ub 4720997  cores 532 453 1  time 4.87997 245.536
Iteration 362  lb 307646 ub 4720997  cores 534 455 2  time 4.89253 247.104
Iteration 363  lb 307646 ub 4720997  cores 536 453 2  time 4.90273 248.522
Iteration 364  lb 307646 ub 4720997  cores 538 454 2  time 4.91329 250.036
Iteration 365  lb 307646 ub 4720997  cores 540 456 2  time 4.96454 251.666
Iteration 366  lb 307646 ub 4720997  cores 541 457 1  time 4.97175 253.215
Iteration 367  lb 307646 ub 4720997  cores 542 458 1  time 4.97971 254.56
Iteration 368  lb 307646 ub 4720997  cores 544 460 2  time 4.99096 256.566
Iteration 369  lb 307646 ub 4720997  cores 545 461 1  time 4.99829 258.25
Iteration 370  lb 307646 ub 4720997  cores 546 462 1  time 5.00204 259.819
Iteration 371  lb 307646 ub 4720997  cores 548 464 2  time 5.01207 261.373
Iteration 372  lb 307646 ub 4720997  cores 549 465 1  time 5.01927 263.023
Iteration 373  lb 307646 ub 4720997  cores 551 467 2  time 5.02909 264.731
Iteration 374  lb 307646 ub 4720997  cores 553 469 2  time 5.04659 266.539
Iteration 375  lb 307646 ub 4720997  cores 554 469 1  time 5.0515 267.923
Iteration 376  lb 307646 ub 4720997  cores 555 470 1  time 5.0596 269.861
Iteration 377  lb 307646 ub 4720997  cores 556 471 1  time 5.06617 271.518
Iteration 378  lb 307646 ub 4720997  cores 558 473 2  time 5.07473 273.095
Iteration 379  lb 307646 ub 4720997  cores 559 474 1  time 5.09053 274.639
Iteration 380  lb 307646 ub 4720997  cores 560 475 1  time 5.10071 276.394
Iteration 381  lb 307646 ub 4720997  cores 562 477 2  time 5.11113 278.175
Iteration 382  lb 307646 ub 4720997  cores 564 479 2  time 5.12316 279.836
Iteration 383  lb 307646 ub 4720997  cores 566 481 2  time 5.15131 281.242
Iteration 384  lb 307646 ub 4720997  cores 567 481 1  time 5.15537 282.932
Iteration 385  lb 307646 ub 4720997  cores 569 483 2  time 5.16874 285.247
Iteration 386  lb 307646 ub 4720997  cores 570 484 1  time 5.17652 286.976
Iteration 387  lb 307646 ub 4720997  cores 571 485 1  time 5.18826 288.662
Iteration 388  lb 307646 ub 4720997  cores 572 486 1  time 5.19579 290.443
Iteration 389  lb 307646 ub 4720997  cores 573 487 1  time 5.20379 292.513
Iteration 390  lb 307646 ub 4720997  cores 574 488 1  time 5.21786 294.359
Iteration 391  lb 307646 ub 4720997  cores 576 490 2  time 5.23103 296.265
Iteration 392  lb 307646 ub 4720997  cores 577 491 1  time 5.24005 298.021
Iteration 393  lb 307646 ub 4720997  cores 578 491 1  time 5.2469 299.55
Iteration 394  lb 307646 ub 4720997  cores 579 492 1  time 5.25219 301.122
Iteration 395  lb 307646 ub 4720997  cores 580 493 1  time 5.26415 303.225
Iteration 396  lb 307646 ub 4720997  cores 582 495 2  time 5.28281 305.45
Iteration 397  lb 307646 ub 4720997  cores 583 496 1  time 5.28946 307.415
Iteration 398  lb 307646 ub 4720997  cores 584 497 1  time 5.31129 309.664
Iteration 399  lb 307646 ub 4720997  cores 585 498 1  time 5.33709 311.39
Iteration 400  lb 307646 ub 4720997  cores 586 499 1  time 5.35002 313.637
Iteration 401  lb 307646 ub 4720997  cores 588 501 2  time 5.36118 315.793
Iteration 402  lb 307646 ub 4720997  cores 589 502 1  time 5.36545 317.716
Iteration 403  lb 307646 ub 4720997  cores 590 503 1  time 5.3706 319.907
Iteration 404  lb 307646 ub 4720997  cores 591 504 1  time 5.37514 321.346
Iteration 405  lb 307646 ub 4720997  cores 592 504 1  time 5.38087 322.574
Iteration 406  lb 307646 ub 4720997  cores 593 505 1  time 5.38488 324.167
Iteration 407  lb 307646 ub 4720997  cores 594 506 1  time 5.39247 325.789
Iteration 408  lb 307646 ub 4720997  cores 596 508 2  time 5.40205 327.262
Iteration 409  lb 307646 ub 4720997  cores 598 510 2  time 5.41529 329.804
Iteration 410  lb 307646 ub 4720997  cores 599 510 1  time 5.42599 332.105
Iteration 411  lb 307646 ub 4720997  cores 600 511 1  time 5.43397 333.739
Iteration 412  lb 307646 ub 4720997  cores 601 512 1  time 5.44188 335.523
Iteration 413  lb 307646 ub 4720997  cores 603 514 2  time 5.45525 337.097
Iteration 414  lb 307646 ub 4720997  cores 604 515 1  time 5.46028 338.761
Iteration 415  lb 307646 ub 4720997  cores 606 517 2  time 5.47003 340.254
Iteration 416  lb 307646 ub 4720997  cores 608 519 2  time 5.48184 342.051
Iteration 417  lb 307646 ub 4720997  cores 609 520 1  time 5.48768 344.155
Iteration 418  lb 307646 ub 4720997  cores 610 521 1  time 5.5067 345.72
Iteration 419  lb 307646 ub 4720997  cores 611 522 1  time 5.51127 348.09
Iteration 420  lb 307646 ub 4720997  cores 612 522 1  time 5.52465 349.982
Iteration 421  lb 307646 ub 4720997  cores 613 523 1  time 5.5386 351.491
Iteration 422  lb 307646 ub 4720997  cores 614 524 1  time 5.54545 354.039
Iteration 423  lb 307646 ub 4720997  cores 615 525 1  time 5.54872 356.324
Iteration 424  lb 307646 ub 4720997  cores 616 526 1  time 5.5593 358.185
Iteration 425  lb 307646 ub 4720997  cores 617 527 1  time 5.58066 359.646
Iteration 426  lb 307646 ub 4720997  cores 618 528 1  time 5.59214 362.106
Iteration 427  lb 307646 ub 4720997  cores 619 529 1  time 5.60769 364.051
Iteration 428  lb 307646 ub 4720997  cores 620 530 1  time 5.63037 365.577
Iteration 429  lb 307646 ub 4720997  cores 621 531 1  time 5.64001 367.155
Iteration 430  lb 307646 ub 4720997  cores 622 532 1  time 5.64863 369.61
Iteration 431  lb 307646 ub 4720997  cores 623 533 1  time 5.65328 372.066
Iteration 432  lb 307646 ub 4720997  cores 624 533 1  time 5.66962 373.98
Iteration 433  lb 307646 ub 4720997  cores 625 533 1  time 5.67732 377.194
Iteration 434  lb 307647 ub 4720997  cores 627 535 2  time 5.68604 379.515
Iteration 435  lb 307647 ub 4720997  cores 628 536 1  time 5.6938 381.817
Iteration 436  lb 307647 ub 4720997  cores 630 537 2  time 5.70749 384.416
Iteration 437  lb 307647 ub 4720997  cores 631 538 1  time 5.71637 386.629
Iteration 438  lb 307647 ub 4720997  cores 632 538 1  time 5.72148 389.831
Iteration 439  lb 307647 ub 4720997  cores 633 538 1  time 5.72646 392.842
Iteration 440  lb 307647 ub 4720997  cores 634 538 1  time 5.73271 396.215
Iteration 441  lb 307647 ub 4720997  cores 635 538 1  time 5.73742 398.544
Iteration 442  lb 307647 ub 4720997  cores 636 539 1  time 5.74582 401.448
Iteration 443  lb 307647 ub 4720997  cores 638 541 2  time 5.75281 404.275
Iteration 444  lb 307647 ub 4720997  cores 639 542 1  time 5.76109 406.626
Iteration 445  lb 307647 ub 4720997  cores 641 543 2  time 5.77299 409.171
Iteration 446  lb 307647 ub 4720997  cores 642 543 1  time 5.77914 411.783
Iteration 447  lb 307647 ub 4720997  cores 643 544 1  time 5.78349 414.38
Iteration 448  lb 307647 ub 4720997  cores 644 545 1  time 5.79505 417.22
Iteration 449  lb 307647 ub 4720997  cores 645 546 1  time 5.80783 420.08
Iteration 450  lb 307647 ub 4720997  cores 646 546 1  time 5.81234 421.896
Iteration 451  lb 307647 ub 4720997  cores 647 547 1  time 5.82452 424.612
Iteration 452  lb 307647 ub 4720997  cores 648 547 1  time 5.82941 427.297
Iteration 453  lb 307647 ub 4720997  cores 649 548 1  time 5.84088 429.775
Iteration 454  lb 307647 ub 4720997  cores 651 549 2  time 5.85578 432.265
Iteration 455  lb 307647 ub 4720997  cores 652 549 1  time 5.86144 434.562
Iteration 456  lb 307647 ub 4720997  cores 653 550 1  time 5.8725 436.961
Iteration 457  lb 307647 ub 4720997  cores 654 550 1  time 5.87572 439.756
Iteration 458  lb 307647 ub 4720997  cores 655 551 1  time 5.88653 442.068
Iteration 459  lb 307647 ub 4720997  cores 656 552 1  time 5.89782 445.371
Iteration 460  lb 307647 ub 4720997  cores 658 553 2  time 5.90929 447.834
Iteration 461  lb 307647 ub 4720997  cores 660 555 2  time 5.95227 450.332
Iteration 462  lb 307647 ub 4720997  cores 663 558 3  time 5.97357 453.59
Iteration 463  lb 307647 ub 4720997  cores 664 559 1  time 5.99578 457.028
Iteration 464  lb 307647 ub 4720997  cores 665 560 1  time 6.01315 459.852
Iteration 465  lb 307647 ub 4720997  cores 667 562 2  time 6.04052 463.144
Iteration 466  lb 307647 ub 4720997  cores 669 564 2  time 6.05512 466.506
Iteration 467  lb 307647 ub 4720997  cores 670 565 1  time 6.06177 469.634
Iteration 468  lb 307647 ub 4720997  cores 671 566 1  time 6.07375 472.334
Iteration 469  lb 307647 ub 4720997  cores 672 567 1  time 6.08812 474.94
Iteration 470  lb 307647 ub 4720997  cores 673 568 1  time 6.09573 477.584
Iteration 471  lb 307647 ub 4720997  cores 675 570 2  time 6.11182 480.264
Iteration 472  lb 307647 ub 4720997  cores 676 571 1  time 6.11789 483.462
Iteration 473  lb 307647 ub 4720997  cores 678 573 2  time 6.12577 486.003
Iteration 474  lb 307647 ub 4720997  cores 680 575 2  time 6.26044 488.121
Iteration 475  lb 307647 ub 4720997  cores 682 577 2  time 6.27544 489.925
Iteration 476  lb 307647 ub 4720997  cores 684 579 2  time 6.28997 491.953
Iteration 477  lb 307647 ub 4720997  cores 685 580 1  time 6.2948 494.229
Iteration 478  lb 307647 ub 4720997  cores 686 581 1  time 6.30377 495.687
Iteration 479  lb 307647 ub 4720997  cores 687 582 1  time 6.30937 497.943
Iteration 480  lb 307647 ub 4720997  cores 689 584 2  time 6.3226 499.997
Iteration 481  lb 307647 ub 4720997  cores 691 586 2  time 6.33478 502.259
Iteration 482  lb 307647 ub 4720997  cores 693 588 2  time 6.34722 504.383
Iteration 483  lb 307647 ub 4720997  cores 695 590 2  time 6.36228 506.342
Iteration 484  lb 307647 ub 4720997  cores 696 591 1  time 6.36803 508.5
Iteration 485  lb 307647 ub 4720997  cores 697 592 1  time 6.37884 510.75
Iteration 486  lb 307647 ub 4720997  cores 699 594 2  time 6.40889 512.902
Iteration 487  lb 307647 ub 4720997  cores 701 596 2  time 6.42055 515.099
Iteration 488  lb 307647 ub 4720997  cores 702 597 1  time 6.43004 516.894
Iteration 489  lb 307647 ub 4720997  cores 704 598 2  time 6.45117 519.291
Iteration 490  lb 307647 ub 4720997  cores 705 599 1  time 6.47053 521.924
Iteration 491  lb 307647 ub 4720997  cores 707 601 2  time 6.51275 524.182
Iteration 492  lb 307647 ub 4720997  cores 709 603 2  time 6.54864 526.392
Iteration 493  lb 307647 ub 4720997  cores 710 604 1  time 6.55433 528.098
Iteration 494  lb 307647 ub 4720997  cores 712 606 2  time 6.58004 530.025
Iteration 495  lb 307647 ub 4720997  cores 713 607 1  time 6.59025 532.407
Iteration 496  lb 307647 ub 4720997  cores 714 608 1  time 6.59343 534.86
Iteration 497  lb 307647 ub 4720997  cores 715 609 1  time 6.6067 536.86
Iteration 498  lb 307647 ub 4720997  cores 716 610 1  time 6.61854 538.865
Iteration 499  lb 307647 ub 4720997  cores 718 611 2  time 6.63682 540.799
Iteration 500  lb 307647 ub 4720997  cores 720 612 2  time 6.64932 542.949
Iteration 501  lb 307647 ub 4720997  cores 721 613 1  time 6.65947 544.814
Iteration 502  lb 307647 ub 4720997  cores 723 615 2  time 6.67839 546.618
Iteration 503  lb 307647 ub 4720997  cores 725 617 2  time 6.69687 548.621
Iteration 504  lb 307647 ub 4720997  cores 727 619 2  time 6.71927 550.696
Iteration 505  lb 307647 ub 4720997  cores 729 620 2  time 6.74913 552.506
Iteration 506  lb 307647 ub 4720997  cores 732 623 3  time 6.77986 554.365
Iteration 507  lb 307648 ub 4720997  cores 734 625 2  time 6.8194 557.773
Iteration 508  lb 307648 ub 4720997  cores 735 626 1  time 6.82568 561.857
Iteration 509  lb 307648 ub 4720997  cores 736 626 1  time 6.83611 565.379
Iteration 510  lb 307648 ub 4720997  cores 738 627 2  time 6.87477 568.692
Iteration 511  lb 307648 ub 4720997  cores 740 629 2  time 6.8921 571.453
Iteration 512  lb 307648 ub 4720997  cores 741 630 1  time 6.90076 574.344
Iteration 513  lb 307648 ub 4720997  cores 742 631 1  time 6.91171 577.214
Iteration 514  lb 307648 ub 4720997  cores 743 632 1  time 6.92371 580.052
Iteration 515  lb 307648 ub 4720997  cores 744 633 1  time 6.93889 582.629
Iteration 516  lb 307648 ub 4720997  cores 746 635 2  time 6.94954 586.067
Iteration 517  lb 307648 ub 4720997  cores 747 636 1  time 6.95448 589.238
Iteration 518  lb 307648 ub 4720997  cores 749 638 2  time 6.98725 592.787
Iteration 519  lb 307648 ub 4720997  cores 750 639 1  time 6.99663 596.054
Iteration 520  lb 307648 ub 4720997  cores 752 640 2  time 7.00949 598.896
Iteration 521  lb 307648 ub 4720997  cores 754 642 2  time 7.02764 602.352
Iteration 522  lb 307648 ub 4720997  cores 756 644 2  time 7.05885 605.332
Iteration 523  lb 307648 ub 4720997  cores 757 645 1  time 7.06563 607.752
Iteration 524  lb 307648 ub 4720997  cores 759 647 2  time 7.0793 611.695
Iteration 525  lb 307648 ub 4720997  cores 761 648 2  time 7.09733 615.202
Iteration 526  lb 307648 ub 4720997  cores 763 650 2  time 7.11395 617.33
Iteration 527  lb 307648 ub 4720997  cores 765 652 2  time 7.15253 620.789
Iteration 528  lb 307648 ub 4720997  cores 767 654 2  time 7.17986 623.892
Iteration 529  lb 307648 ub 4720997  cores 769 655 2  time 7.20033 626.94
Iteration 530  lb 307648 ub 4720997  cores 771 657 2  time 7.24731 630.558
Iteration 531  lb 307648 ub 4720997  cores 772 658 1  time 7.25583 633.974
Iteration 532  lb 307648 ub 4720997  cores 773 658 1  time 7.26029 637.05
Iteration 533  lb 307648 ub 4720997  cores 775 660 2  time 7.28176 639.113
Iteration 534  lb 307648 ub 4720997  cores 776 661 1  time 7.2905 641.943
Iteration 535  lb 307648 ub 4720997  cores 777 662 1  time 7.29737 644.221
Iteration 536  lb 307648 ub 4720997  cores 778 662 1  time 7.30274 648.006
Iteration 537  lb 307648 ub 4720997  cores 780 664 2  time 7.34706 651.488
Iteration 538  lb 307648 ub 4720997  cores 781 665 1  time 7.36408 654.687
Iteration 539  lb 307648 ub 4720997  cores 782 665 1  time 7.36834 657.68
Iteration 540  lb 307648 ub 4720997  cores 783 666 1  time 7.38532 659.817
Iteration 541  lb 307648 ub 4720997  cores 784 667 1  time 7.41023 662.704
Iteration 542  lb 307648 ub 4720997  cores 785 668 1  time 7.41718 666.42
Iteration 543  lb 307648 ub 4720997  cores 786 668 1  time 7.42143 669.433
Iteration 544  lb 307648 ub 4720997  cores 788 670 2  time 7.46445 673.194
Iteration 545  lb 307648 ub 4720997  cores 790 672 2  time 7.48051 676.244
Iteration 546  lb 307648 ub 4720997  cores 791 673 1  time 7.48635 679.823
Iteration 547  lb 307648 ub 4720997  cores 793 675 2  time 7.51278 683.044
Iteration 548  lb 307648 ub 4720997  cores 794 676 1  time 7.51978 685.894
Iteration 549  lb 307648 ub 4720997  cores 795 677 1  time 7.52675 688.859
Iteration 550  lb 307648 ub 4720997  cores 796 678 1  time 7.53472 692.132
Iteration 551  lb 307648 ub 4720997  cores 797 679 1  time 7.54308 695.613
Iteration 552  lb 307648 ub 4720997  cores 798 680 1  time 7.54844 699.227
Iteration 553  lb 307648 ub 4720997  cores 800 682 2  time 7.5842 702.663
Iteration 554  lb 307648 ub 4720997  cores 802 684 2  time 7.59455 706.621
Iteration 555  lb 307648 ub 4720997  cores 804 686 2  time 7.60843 710.78
Iteration 556  lb 307648 ub 4720997  cores 806 687 2  time 7.6217 714.879
Iteration 557  lb 307648 ub 4720997  cores 808 689 2  time 7.63649 718.517
Iteration 558  lb 307648 ub 4720997  cores 810 691 2  time 7.66313 723.347
Iteration 559  lb 307648 ub 4720997  cores 812 692 2  time 7.67476 727.99
Iteration 560  lb 307648 ub 4720997  cores 814 694 2  time 7.68447 732.634
Iteration 561  lb 307648 ub 4720997  cores 816 696 2  time 7.69799 737.38
Iteration 562  lb 307648 ub 4720997  cores 818 698 2  time 7.75993 742.336
Iteration 563  lb 307648 ub 4720997  cores 819 699 1  time 7.76486 747.465
Iteration 564  lb 307648 ub 4720997  cores 820 700 1  time 7.7777 751.524
Iteration 565  lb 307649 ub 4720997  cores 822 701 2  time 7.79201 756.449
Iteration 566  lb 307649 ub 4720997  cores 824 703 2  time 7.81056 761.145
Iteration 567  lb 307649 ub 4720997  cores 826 705 2  time 7.82255 766.285
Iteration 568  lb 307649 ub 4720997  cores 828 707 2  time 7.8615 771.081
Iteration 569  lb 307649 ub 4720997  cores 830 709 2  time 7.87198 774.631
Iteration 570  lb 307649 ub 4720997  cores 831 710 1  time 7.89414 779.213
Iteration 571  lb 307649 ub 4720997  cores 833 712 2  time 7.91007 783.913
Iteration 572  lb 307649 ub 4720997  cores 835 714 2  time 7.9294 789.092
Iteration 573  lb 307649 ub 4720997  cores 837 716 2  time 7.98637 794.21
Iteration 574  lb 307649 ub 4720997  cores 839 718 2  time 8.0175 798.593
Iteration 575  lb 307649 ub 4720997  cores 841 720 2  time 8.03813 802.726
Iteration 576  lb 307649 ub 4720997  cores 842 721 1  time 8.05667 807.856
Iteration 577  lb 307649 ub 4720997  cores 844 723 2  time 8.07487 812.121
Iteration 578  lb 307649 ub 4720997  cores 846 725 2  time 8.09881 816.867
Iteration 579  lb 307649 ub 4720997  cores 848 726 2  time 8.13069 821.402
Iteration 580  lb 307649 ub 4720997  cores 850 728 2  time 8.17859 825.405
Iteration 581  lb 307649 ub 4720997  cores 852 730 2  time 8.19049 830.322
Iteration 582  lb 307649 ub 4720997  cores 854 731 2  time 8.20147 835.304
Iteration 583  lb 307649 ub 4720997  cores 856 732 2  time 8.21384 839.994
Iteration 584  lb 307649 ub 4720997  cores 858 734 2  time 8.22846 844.971
Iteration 585  lb 307649 ub 4720997  cores 861 737 3  time 8.28173 849.829
Iteration 586  lb 307649 ub 4720997  cores 862 738 1  time 8.29932 853.924
Iteration 587  lb 307649 ub 4720997  cores 864 740 2  time 8.31532 858.608
Iteration 588  lb 307649 ub 4720997  cores 865 740 1  time 8.32213 863.671
Iteration 589  lb 307649 ub 4720997  cores 868 743 3  time 8.35101 867.976
Iteration 590  lb 307649 ub 4720997  cores 869 744 1  time 8.36307 871.436
Iteration 591  lb 307649 ub 4720997  cores 870 745 1  time 8.36838 875.322
Iteration 592  lb 307649 ub 4720997  cores 871 746 1  time 8.37266 879.878
Iteration 593  lb 307649 ub 4720997  cores 872 747 1  time 8.38373 884.772
Iteration 594  lb 307649 ub 4720997  cores 873 748 1  time 8.39374 889.393
Iteration 595  lb 307649 ub 4720997  cores 875 750 2  time 8.42309 893.528
Iteration 596  lb 307649 ub 4720997  cores 876 751 1  time 8.44224 898.391
Iteration 597  lb 307649 ub 4720997  cores 877 752 1  time 8.45571 902.012
Iteration 598  lb 307649 ub 4720997  cores 879 753 2  time 8.47348 907.17
Iteration 599  lb 307649 ub 4720997  cores 880 754 1  time 8.47783 910.695
Iteration 600  lb 307649 ub 4720997  cores 882 755 2  time 8.50439 915.301
Iteration 601  lb 307649 ub 4720997  cores 883 756 1  time 8.54651 918.892
Iteration 602  lb 307649 ub 4720997  cores 885 758 2  time 8.57671 923.733
Iteration 603  lb 307649 ub 4720997  cores 887 760 2  time 8.61802 928.576
Iteration 604  lb 307649 ub 4720997  cores 889 762 2  time 8.63537 932.215
Iteration 605  lb 307649 ub 4720997  cores 891 764 2  time 8.64739 935.994
Iteration 606  lb 307649 ub 4720997  cores 893 766 2  time 8.66393 940.574
Iteration 607  lb 307649 ub 4720997  cores 894 767 1  time 8.67784 945.324
Iteration 608  lb 307649 ub 4720997  cores 896 769 2  time 8.71391 949.708
Iteration 609  lb 307649 ub 4720997  cores 899 772 3  time 8.7579 954.012
Iteration 610  lb 307649 ub 4720997  cores 901 773 2  time 8.77514 958.038
Iteration 611  lb 307649 ub 4720997  cores 903 775 2  time 8.81797 962.811
Iteration 612  lb 307649 ub 4720997  cores 905 777 2  time 8.84025 967.671
Iteration 613  lb 307649 ub 4720997  cores 907 779 2  time 8.8651 972.856
Iteration 614  lb 307649 ub 4720997  cores 910 782 3  time 8.8893 977.927
Iteration 615  lb 307649 ub 4720997  cores 911 783 1  time 8.90227 983.004
Iteration 616  lb 307649 ub 4720997  cores 913 785 2  time 8.91784 987.595
Iteration 617  lb 307649 ub 4720997  cores 915 787 2  time 8.94352 992.36
Iteration 618  lb 307649 ub 4720997  cores 917 789 2  time 8.95606 996.863
Iteration 619  lb 307649 ub 4720997  cores 918 790 1  time 8.97427 1001.9
Iteration 620  lb 307649 ub 4720997  cores 920 792 2  time 8.99364 1006.13
Iteration 621  lb 307649 ub 4720997  cores 922 794 2  time 9.00867 1010.88
Iteration 622  lb 307649 ub 4720997  cores 924 796 2  time 9.02859 1015.6
Iteration 623  lb 307649 ub 4720997  cores 926 798 2  time 9.04122 1020.84
Iteration 624  lb 307649 ub 4720997  cores 928 800 2  time 9.0533 1026.24
Iteration 625  lb 307649 ub 4720997  cores 930 802 2  time 9.08578 1030.51
Iteration 626  lb 307649 ub 4720997  cores 932 804 2  time 9.10785 1034.87
Iteration 627  lb 307649 ub 4720997  cores 934 806 2  time 9.12439 1039.96
Iteration 628  lb 307649 ub 4720997  cores 936 807 2  time 9.14172 1045.32
Iteration 629  lb 307649 ub 4720997  cores 938 809 2  time 9.15723 1051.73
Iteration 630  lb 307649 ub 4720997  cores 940 811 2  time 9.17355 1056.72
Iteration 631  lb 307649 ub 4720997  cores 942 813 2  time 9.18938 1061.71
Iteration 632  lb 307649 ub 4720997  cores 944 815 2  time 9.20452 1066.75
Iteration 633  lb 307649 ub 4720997  cores 946 817 2  time 9.22139 1072.57
Iteration 634  lb 307649 ub 4720997  cores 948 819 2  time 9.2466 1078.22
Iteration 635  lb 307649 ub 4720997  cores 950 821 2  time 9.26846 1083.25
Iteration 636  lb 307649 ub 4720997  cores 952 823 2  time 9.28376 1088.71
Iteration 637  lb 307649 ub 4720997  cores 954 825 2  time 9.31345 1094.8
Iteration 638  lb 307649 ub 4720997  cores 955 826 1  time 9.32641 1098.75
Iteration 639  lb 307649 ub 4720997  cores 956 827 1  time 9.33872 1103.06
Iteration 640  lb 307649 ub 4720997  cores 957 828 1  time 9.35103 1108.06
Iteration 641  lb 307649 ub 4720997  cores 959 830 2  time 9.37508 1113.23
Iteration 642  lb 307649 ub 4720997  cores 960 831 1  time 9.38716 1117.62
Iteration 643  lb 307649 ub 4720997  cores 962 833 2  time 9.39949 1121.93
Iteration 644  lb 307649 ub 4720997  cores 964 835 2  time 9.44788 1126.93
Iteration 645  lb 307649 ub 4720997  cores 966 837 2  time 9.46153 1131.12
Iteration 646  lb 307649 ub 4720997  cores 968 839 2  time 9.48913 1136.13
Iteration 647  lb 307649 ub 4720997  cores 969 840 1  time 9.49928 1141.14
Iteration 648  lb 307649 ub 4720997  cores 970 841 1  time 9.50836 1147.01
Iteration 649  lb 307649 ub 4720997  cores 972 843 2  time 9.53034 1152.48
Iteration 650  lb 307649 ub 4720997  cores 974 845 2  time 9.54559 1156.79
Iteration 651  lb 307649 ub 4720997  cores 976 847 2  time 9.56248 1161.79
Iteration 652  lb 307649 ub 4720997  cores 977 848 1  time 9.60347 1167.48
Iteration 653  lb 307649 ub 4720997  cores 979 850 2  time 9.63183 1172.36
Iteration 654  lb 307649 ub 4720997  cores 981 852 2  time 9.67924 1178.37
Iteration 655  lb 307649 ub 4720997  cores 983 853 2  time 9.71167 1183.93
Iteration 656  lb 307649 ub 4720997  cores 984 854 1  time 9.72007 1188.21
Iteration 657  lb 307649 ub 4720997  cores 986 856 2  time 9.73879 1193.96
Iteration 658  lb 307649 ub 4720997  cores 987 857 1  time 9.74742 1197.72
Iteration 659  lb 307649 ub 4720997  cores 989 859 2  time 9.77792 1202.78
Iteration 660  lb 307649 ub 4720997  cores 991 861 2  time 9.79737 1208.41
Iteration 661  lb 307649 ub 4720997  cores 993 862 2  time 9.80763 1214.39
Iteration 662  lb 307649 ub 4720997  cores 995 864 2  time 9.82084 1219.81
Iteration 663  lb 307649 ub 4720997  cores 997 866 2  time 9.84009 1224.81
Iteration 664  lb 307649 ub 4720997  cores 999 868 2  time 9.86407 1230.46
Iteration 665  lb 307649 ub 4720997  cores 1001 870 2  time 9.91961 1236.94
Iteration 666  lb 307650 ub 4720997  cores 1004 873 3  time 9.94516 1242.74
Iteration 667  lb 307650 ub 4720997  cores 1006 875 2  time 9.96443 1248.83
Iteration 668  lb 307650 ub 4720997  cores 1008 877 2  time 9.97741 1255.48
Iteration 669  lb 307650 ub 4720997  cores 1010 878 2  time 9.9846 1260.37
Iteration 670  lb 307650 ub 4720997  cores 1012 880 2  time 10.0042 1266.41
Iteration 671  lb 307650 ub 4720997  cores 1014 882 2  time 10.0275 1272.46
Iteration 672  lb 307650 ub 4720997  cores 1016 884 2  time 10.1237 1278.24
Iteration 673  lb 307650 ub 4720997  cores 1018 885 2  time 10.1527 1284.05
Iteration 674  lb 307650 ub 4720997  cores 1020 887 2  time 10.2015 1289.99
Iteration 675  lb 307650 ub 4720997  cores 1022 889 2  time 10.2227 1294.81
Iteration 676  lb 307650 ub 4720997  cores 1023 890 1  time 10.2403 1300.17
Iteration 677  lb 307650 ub 4720997  cores 1025 892 2  time 10.2664 1305.14
Iteration 678  lb 307650 ub 4720997  cores 1027 894 2  time 10.3746 1311.2
Iteration 679  lb 307650 ub 4720997  cores 1028 895 1  time 10.3909 1316.1
Iteration 680  lb 307650 ub 4720997  cores 1030 897 2  time 10.4382 1321.92
Iteration 681  lb 307650 ub 4720997  cores 1032 899 2  time 10.457 1327.98
Iteration 682  lb 307650 ub 4720997  cores 1033 900 1  time 10.4853 1332.26
Iteration 683  lb 307650 ub 4720997  cores 1035 902 2  time 10.5212 1337.02
Iteration 684  lb 307650 ub 4720997  cores 1037 904 2  time 10.5477 1342.3
Iteration 685  lb 307650 ub 4720997  cores 1039 906 2  time 10.563 1347.41
Iteration 686  lb 307650 ub 4720997  cores 1041 908 2  time 10.6138 1352.07
Iteration 687  lb 307650 ub 4720997  cores 1043 910 2  time 10.6233 1357.01
Iteration 688  lb 307650 ub 4720997  cores 1045 912 2  time 10.6406 1362.32
Iteration 689  lb 307650 ub 4720997  cores 1047 914 2  time 10.6719 1367.89
Iteration 690  lb 307650 ub 4720997  cores 1049 916 2  time 10.6983 1372.05
Iteration 691  lb 307650 ub 4720997  cores 1051 918 2  time 10.7225 1375.66
Iteration 692  lb 307650 ub 4720997  cores 1052 919 1  time 10.7276 1380.92
Iteration 693  lb 307650 ub 4720997  cores 1054 920 2  time 10.7506 1385.28
Iteration 694  lb 307650 ub 4720997  cores 1056 920 2  time 10.7727 1390.03
Iteration 695  lb 307650 ub 4720997  cores 1057 921 1  time 10.7857 1394.79
Iteration 696  lb 307650 ub 4720997  cores 1058 922 1  time 10.8005 1399.71
Iteration 697  lb 307650 ub 4720997  cores 1060 924 2  time 10.8275 1404.66
Iteration 698  lb 307650 ub 4720997  cores 1061 924 1  time 10.8346 1410.47
Iteration 699  lb 307650 ub 4720997  cores 1063 926 2  time 10.8673 1415.76
Iteration 700  lb 307650 ub 4720997  cores 1065 928 2  time 10.9837 1420.02
Iteration 701  lb 307650 ub 4720997  cores 1067 930 2  time 11.019 1426.24
Iteration 702  lb 307650 ub 4720997  cores 1068 931 1  time 11.0277 1431.65
Iteration 703  lb 307650 ub 4720997  cores 1070 932 2  time 11.0433 1436
Iteration 704  lb 307650 ub 4720997  cores 1072 934 2  time 11.063 1441.85
Iteration 705  lb 307650 ub 4720997  cores 1074 936 2  time 11.09 1446.72
Iteration 706  lb 307650 ub 4720997  cores 1075 937 1  time 11.0972 1450.85
Iteration 707  lb 307650 ub 4720997  cores 1076 938 1  time 11.1101 1455.67
Iteration 708  lb 307650 ub 4720997  cores 1077 939 1  time 11.1188 1460.66
Iteration 709  lb 307650 ub 4720997  cores 1079 941 2  time 11.1594 1467.49
Iteration 710  lb 307650 ub 4720997  cores 1081 943 2  time 11.1892 1472.61
Iteration 711  lb 307650 ub 4720997  cores 1083 945 2  time 11.2182 1477.26
Iteration 712  lb 307650 ub 4720997  cores 1085 947 2  time 11.2596 1482.49
Iteration 713  lb 307650 ub 4720997  cores 1087 949 2  time 11.2776 1488.22
Iteration 714  lb 307650 ub 4720997  cores 1088 950 1  time 11.3087 1494.87
Iteration 715  lb 307650 ub 4720997  cores 1090 952 2  time 11.3293 1501.13
Iteration 716  lb 307650 ub 4720997  cores 1092 954 2  time 11.3647 1506.6
Iteration 717  lb 307650 ub 4720997  cores 1094 956 2  time 11.3989 1512.42
Iteration 718  lb 307650 ub 4720997  cores 1095 956 1  time 11.4064 1516.96
Iteration 719  lb 307650 ub 4720997  cores 1096 957 1  time 11.4132 1521.91
Iteration 720  lb 307650 ub 4720997  cores 1097 958 1  time 11.4309 1528.16
Iteration 721  lb 307650 ub 4720997  cores 1099 959 2  time 11.4525 1532.81
Iteration 722  lb 307650 ub 4720997  cores 1101 961 2  time 11.4748 1538.54
Iteration 723  lb 307650 ub 4720997  cores 1102 962 1  time 11.4916 1544.13
Iteration 724  lb 307650 ub 4720997  cores 1103 963 1  time 11.5123 1550.94
Iteration 725  lb 307650 ub 4720997  cores 1104 964 1  time 11.5523 1556.96
Iteration 726  lb 307650 ub 4720997  cores 1106 966 2  time 11.6413 1561.83
Iteration 727  lb 307650 ub 4720997  cores 1107 967 1  time 11.6802 1568.46
Iteration 728  lb 307651 ub 4720997  cores 1109 969 2  time 12.0356 1574.92
Iteration 729  lb 307651 ub 4720997  cores 1111 971 2  time 12.0492 1580.55
Iteration 730  lb 307651 ub 4720997  cores 1113 973 2  time 12.073 1586.14
Iteration 731  lb 307651 ub 4720997  cores 1114 974 1  time 12.083 1590.61
Iteration 732  lb 307651 ub 4720997  cores 1115 975 1  time 12.0951 1595.93
Iteration 733  lb 307651 ub 4720997  cores 1116 975 1  time 12.103 1600.87
Iteration 734  lb 307651 ub 4720997  cores 1118 977 2  time 12.1204 1606.23
Iteration 735  lb 307651 ub 4720997  cores 1120 979 2  time 12.1345 1610.55
Iteration 736  lb 307651 ub 4720997  cores 1121 980 1  time 12.1771 1616.23
Iteration 737  lb 307651 ub 4720997  cores 1122 981 1  time 12.1885 1620.8
Iteration 738  lb 307651 ub 4720997  cores 1124 983 2  time 12.2214 1625.51
Iteration 739  lb 307651 ub 4720997  cores 1126 985 2  time 12.2657 1629.64
Iteration 740  lb 307651 ub 4720997  cores 1128 987 2  time 12.2852 1634.45
Iteration 741  lb 307651 ub 4720997  cores 1130 989 2  time 12.3093 1639.75
Iteration 742  lb 307651 ub 4720997  cores 1132 991 2  time 12.3242 1644.38
Iteration 743  lb 307651 ub 4720997  cores 1134 993 2  time 12.3849 1648.8
Iteration 744  lb 307651 ub 4720997  cores 1136 995 2  time 12.3985 1654.32
Iteration 745  lb 307651 ub 4720997  cores 1138 996 2  time 12.4971 1658.52
Iteration 746  lb 307651 ub 4720997  cores 1139 997 1  time 12.5392 1662.78
Iteration 747  lb 307651 ub 4720997  cores 1141 999 2  time 12.5808 1668.78
Iteration 748  lb 307652 ub 4720997  cores 1143 1001 2  time 12.6 1674.53
Iteration 749  lb 307652 ub 4720997  cores 1144 1002 1  time 12.9224 1678.85
Iteration 750  lb 307652 ub 4720997  cores 1145 1003 1  time 13.0201 1683.46
Iteration 751  lb 307652 ub 4720997  cores 1146 1003 1  time 13.0311 1687.61
Iteration 752  lb 307652 ub 4720997  cores 1147 1004 1  time 13.0487 1693.49
Iteration 753  lb 307652 ub 4720997  cores 1148 1005 1  time 13.1321 1700.38
Iteration 754  lb 307652 ub 4720997  cores 1149 1006 1  time 13.1462 1703.77
Iteration 755  lb 307652 ub 4720997  cores 1150 1007 1  time 13.1602 1709.23
Iteration 756  lb 307652 ub 4720997  cores 1151 1008 1  time 13.1647 1715.24
Iteration 757  lb 307653 ub 4720997  cores 1152 1009 1  time 13.1945 1722.6
Iteration 758  lb 307653 ub 4720997  cores 1153 1009 1  time 13.2127 1728.6
Iteration 759  lb 307653 ub 4720997  cores 1154 1010 1  time 13.2214 1733.13
Iteration 760  lb 307653 ub 4720997  cores 1155 1011 1  time 13.2264 1738.05
Iteration 761  lb 307653 ub 4720997  cores 1156 1012 1  time 13.2319 1744.2
Iteration 762  lb 307653 ub 4720997  cores 1157 1013 1  time 13.2735 1750.32
Iteration 763  lb 307653 ub 4720997  cores 1158 1014 1  time 13.286 1754.6
Iteration 764  lb 307653 ub 4720997  cores 1159 1015 1  time 13.2964 1760.08
Iteration 765  lb 307653 ub 4720997  cores 1160 1016 1  time 13.3107 1764.74
Iteration 766  lb 307653 ub 4720997  cores 1161 1017 1  time 13.3219 1770.03
Iteration 767  lb 307653 ub 4720997  cores 1162 1018 1  time 13.3472 1775.23
Iteration 768  lb 307653 ub 4720997  cores 1163 1019 1  time 13.3617 1780.56
Iteration 769  lb 307653 ub 4720997  cores 1164 1020 1  time 13.3759 1786.06
Iteration 770  lb 307653 ub 4720997  cores 1165 1021 1  time 13.3866 1791.93
Iteration 771  lb 307653 ub 4720997  cores 1166 1022 1  time 13.3942 1796.93
Iteration 772  lb 307653 ub 4720997  cores 1167 1022 1  time 13.4054 1801.65
Iteration 773  lb 307653 ub 4720997  cores 1168 1023 1  time 13.4153 1806.32
Iteration 774  lb 307653 ub 4720997  cores 1169 1023 1  time 13.4222 1811.03
Iteration 775  lb 307653 ub 4720997  cores 1170 1024 1  time 13.4281 1816.17
Iteration 776  lb 307653 ub 4720997  cores 1171 1025 1  time 13.4319 1822.28
Iteration 777  lb 307653 ub 4720997  cores 1172 1026 1  time 13.4425 1826.98
Iteration 778  lb 307653 ub 4720997  cores 1173 1027 1  time 13.447 1833.17
Iteration 779  lb 307653 ub 4720997  cores 1174 1028 1  time 13.4604 1838.99
Iteration 780  lb 307653 ub 4720997  cores 1175 1028 1  time 13.5147 1844.64
Iteration 781  lb 307653 ub 4720997  cores 1176 1029 1  time 13.5199 1850.25
Iteration 782  lb 307653 ub 4720997  cores 1177 1029 1  time 13.5309 1856.12
Iteration 783  lb 307653 ub 4720997  cores 1178 1029 1  time 13.5389 1860.98
Iteration 784  lb 307653 ub 4720997  cores 1179 1030 1  time 13.5426 1865.5
Iteration 785  lb 307653 ub 4720997  cores 1180 1031 1  time 13.5463 1871.28
Iteration 786  lb 307653 ub 4720997  cores 1181 1032 1  time 13.5514 1876.29
Iteration 787  lb 307653 ub 4720997  cores 1182 1033 1  time 13.5572 1881.9
Iteration 788  lb 307653 ub 4720997  cores 1183 1034 1  time 13.57 1886.8
Iteration 789  lb 307653 ub 4720997  cores 1184 1035 1  time 13.5854 1890.94
Iteration 790  lb 307653 ub 4720997  cores 1185 1036 1  time 13.6007 1895.48
Iteration 791  lb 307653 ub 4720997  cores 1186 1036 1  time 13.6066 1899.75
Iteration 792  lb 307653 ub 4720997  cores 1187 1037 1  time 13.6112 1904.03
Iteration 793  lb 307653 ub 4720997  cores 1188 1038 1  time 13.6239 1909.08
Iteration 794  lb 307653 ub 4720997  cores 1189 1038 1  time 13.628 1914.91
Iteration 795  lb 307653 ub 4720997  cores 1190 1039 1  time 13.6328 1919.89
Iteration 796  lb 307653 ub 4720997  cores 1191 1040 1  time 13.6418 1924.63
Iteration 797  lb 307653 ub 4720997  cores 1192 1041 1  time 13.6506 1930.34
Iteration 798  lb 307653 ub 4720997  cores 1193 1042 1  time 13.6582 1934.8
Iteration 799  lb 307653 ub 4720997  cores 1194 1043 1  time 13.6681 1939.25
Iteration 800  lb 307653 ub 4720997  cores 1195 1044 1  time 13.6808 1944.02
Iteration 801  lb 307653 ub 4720997  cores 1196 1045 1  time 13.7056 1949.06
Iteration 802  lb 307653 ub 4720997  cores 1197 1045 1  time 13.7173 1953.43
Iteration 803  lb 307653 ub 4720997  cores 1198 1046 1  time 13.7369 1959.01
Iteration 804  lb 307653 ub 4720997  cores 1199 1047 1  time 13.7443 1963.66
Iteration 805  lb 307653 ub 4720997  cores 1200 1048 1  time 13.7492 1968.26
Iteration 806  lb 307653 ub 4720997  cores 1201 1049 1  time 13.7719 1972.93
Iteration 807  lb 307653 ub 4720997  cores 1202 1050 1  time 13.7778 1978.68
Iteration 808  lb 307653 ub 4720997  cores 1203 1051 1  time 13.7834 1983.02
Iteration 809  lb 307653 ub 4720997  cores 1204 1052 1  time 13.7936 1988.47
Iteration 810  lb 307653 ub 4720997  cores 1205 1053 1  time 13.8047 1993.15
Iteration 811  lb 307653 ub 4720997  cores 1206 1054 1  time 13.8119 1997.76
Iteration 812  lb 307653 ub 4720997  cores 1207 1055 1  time 13.8798 2004.28
Iteration 813  lb 307653 ub 4720997  cores 1208 1056 1  time 13.8884 2010.73
Iteration 814  lb 307653 ub 4720997  cores 1209 1057 1  time 13.8973 2015.83
Iteration 815  lb 307653 ub 4720997  cores 1210 1058 1  time 13.9112 2021.05
Iteration 816  lb 307653 ub 4720997  cores 1211 1058 1  time 13.9242 2026.02
Iteration 817  lb 307653 ub 4720997  cores 1212 1059 1  time 13.9383 2030.83
Iteration 818  lb 307653 ub 4720997  cores 1213 1059 1  time 13.9495 2035.94
Iteration 819  lb 307653 ub 4720997  cores 1214 1060 1  time 13.9559 2041.64
Iteration 820  lb 307653 ub 4720997  cores 1215 1059 1  time 13.9644 2046.24
Iteration 821  lb 307653 ub 4720997  cores 1216 1059 1  time 13.9683 2051.45
Iteration 822  lb 307653 ub 4720997  cores 1217 1059 1  time 13.9806 2057.51
Iteration 823  lb 307653 ub 4720997  cores 1218 1060 1  time 14.0299 2065.29
Iteration 824  lb 307653 ub 4720997  cores 1219 1061 1  time 14.0398 2072.45
Iteration 825  lb 307653 ub 4720997  cores 1220 1062 1  time 14.0467 2078.79
Iteration 826  lb 307653 ub 4720997  cores 1221 1063 1  time 14.0539 2085.45
Iteration 827  lb 307653 ub 4720997  cores 1222 1064 1  time 14.0603 2090.28
Iteration 828  lb 307653 ub 4720997  cores 1223 1065 1  time 14.0642 2097.03
Iteration 829  lb 307653 ub 4720997  cores 1224 1066 1  time 14.0705 2102.93
Iteration 830  lb 307653 ub 4720997  cores 1225 1067 1  time 14.0755 2107.52
Iteration 831  lb 307653 ub 4720997  cores 1226 1067 1  time 14.0793 2114.3
Iteration 832  lb 307653 ub 4720997  cores 1227 1067 1  time 14.0833 2121.08
Iteration 833  lb 307653 ub 4720997  cores 1228 1068 1  time 14.0886 2127.19
Iteration 834  lb 307653 ub 4720997  cores 1229 1069 1  time 14.1394 2133.9
Iteration 835  lb 307653 ub 4720997  cores 1230 1070 1  time 14.1507 2140.6
Iteration 836  lb 307653 ub 4720997  cores 1231 1071 1  time 14.1606 2145.93
Iteration 837  lb 307653 ub 4720997  cores 1232 1072 1  time 14.1736 2152.64
Iteration 838  lb 307653 ub 4720997  cores 1233 1073 1  time 14.1863 2158.04
Iteration 839  lb 307653 ub 4720997  cores 1234 1074 1  time 14.1965 2164.42
Iteration 840  lb 307653 ub 4720997  cores 1235 1075 1  time 14.2155 2170.92
Iteration 841  lb 307653 ub 4720997  cores 1236 1076 1  time 14.2224 2176.1
Iteration 842  lb 307653 ub 4720997  cores 1237 1077 1  time 14.2267 2182.05
Iteration 843  lb 307653 ub 4720997  cores 1238 1078 1  time 14.2329 2188
Iteration 844  lb 307653 ub 4720997  cores 1239 1079 1  time 14.2433 2193.41
Iteration 845  lb 307653 ub 4720997  cores 1240 1080 1  time 14.2471 2198.73
Iteration 846  lb 307653 ub 4720997  cores 1241 1081 1  time 14.2532 2205.43
Iteration 847  lb 307653 ub 4720997  cores 1242 1082 1  time 14.2604 2210.81
Iteration 848  lb 307653 ub 4720997  cores 1243 1083 1  time 14.2666 2217.34
Iteration 849  lb 307653 ub 4720997  cores 1244 1084 1  time 14.278 2224.01
Iteration 850  lb 307653 ub 4720997  cores 1245 1085 1  time 14.2813 2230.31
Iteration 851  lb 307653 ub 4720997  cores 1246 1086 1  time 14.3782 2235.73
Iteration 852  lb 307653 ub 4720997  cores 1247 1087 1  time 14.3837 2242.46
Iteration 853  lb 307653 ub 4720997  cores 1248 1088 1  time 14.3954 2248.26
Iteration 854  lb 307653 ub 4720997  cores 1249 1089 1  time 14.3994 2255.33
Iteration 855  lb 307653 ub 4720997  cores 1250 1090 1  time 14.4114 2262.72
Iteration 856  lb 307653 ub 4720997  cores 1251 1091 1  time 14.4159 2267.59
Iteration 857  lb 307653 ub 4720997  cores 1252 1092 1  time 14.4324 2273.73
Iteration 858  lb 307653 ub 4720997  cores 1253 1093 1  time 14.4444 2281.31
Iteration 859  lb 307653 ub 4720997  cores 1254 1094 1  time 14.4487 2285.81
Iteration 860  lb 307653 ub 4720997  cores 1255 1095 1  time 14.4648 2290.8
Iteration 861  lb 307653 ub 4720997  cores 1256 1096 1  time 14.4803 2296.35
Iteration 862  lb 307653 ub 4720997  cores 1257 1097 1  time 14.4949 2302.26
Iteration 863  lb 307653 ub 4720997  cores 1258 1098 1  time 14.5058 2309.35
Iteration 864  lb 307653 ub 4720997  cores 1259 1099 1  time 14.5155 2315.47
Iteration 865  lb 307653 ub 4720997  cores 1260 1100 1  time 14.5267 2320.76
Iteration 866  lb 307653 ub 4720997  cores 1261 1101 1  time 14.5335 2325.55
Iteration 867  lb 307653 ub 4720997  cores 1262 1102 1  time 14.5372 2332.11
Iteration 868  lb 307653 ub 4720997  cores 1263 1103 1  time 14.5421 2339.31
Iteration 869  lb 307653 ub 4720997  cores 1264 1104 1  time 14.5468 2347.05
Iteration 870  lb 307653 ub 4720997  cores 1265 1105 1  time 14.5502 2353.53
Iteration 871  lb 307653 ub 4720997  cores 1266 1106 1  time 14.5543 2359.21
Iteration 872  lb 307653 ub 4720997  cores 1267 1107 1  time 14.568 2366.41
Iteration 873  lb 307653 ub 4720997  cores 1268 1107 1  time 14.5729 2373.66
Iteration 874  lb 307653 ub 4720997  cores 1269 1108 1  time 14.5785 2380.26
Iteration 875  lb 307653 ub 4720997  cores 1270 1108 1  time 14.5829 2387.39
Iteration 876  lb 307653 ub 4720997  cores 1271 1109 1  time 14.5924 2394.71
Iteration 877  lb 307653 ub 4720997  cores 1272 1110 1  time 14.5999 2401.69
Iteration 878  lb 307653 ub 4720997  cores 1273 1111 1  time 14.6077 2408.36
Iteration 879  lb 307653 ub 4720997  cores 1274 1112 1  time 14.6225 2415.39
Iteration 880  lb 307653 ub 4720997  cores 1275 1113 1  time 14.6289 2420.59
Iteration 881  lb 307653 ub 4720997  cores 1276 1114 1  time 14.635 2425.76
Iteration 882  lb 307653 ub 4720997  cores 1277 1115 1  time 14.6675 2431.96
Iteration 883  lb 307653 ub 4720997  cores 1278 1115 1  time 14.676 2439.11
Iteration 884  lb 307653 ub 4720997  cores 1279 1116 1  time 14.6856 2445.3
Iteration 885  lb 307653 ub 4720997  cores 1280 1116 1  time 14.6903 2449.37
Iteration 886  lb 307653 ub 4720997  cores 1281 1117 1  time 14.6949 2455.53
Iteration 887  lb 307653 ub 4720997  cores 1282 1118 1  time 14.7019 2462.32
Iteration 888  lb 307653 ub 4720997  cores 1283 1119 1  time 14.7079 2469.52
Iteration 889  lb 307653 ub 4720997  cores 1284 1120 1  time 14.713 2475.88
Iteration 890  lb 307653 ub 4720997  cores 1285 1121 1  time 14.7206 2482.18
Iteration 891  lb 307653 ub 4720997  cores 1286 1122 1  time 14.7328 2486.9
Iteration 892  lb 307653 ub 4720997  cores 1287 1123 1  time 14.7453 2493.7
Iteration 893  lb 307653 ub 4720997  cores 1288 1124 1  time 14.7568 2500.91
Iteration 894  lb 307653 ub 4720997  cores 1289 1125 1  time 14.7716 2506.12
Iteration 895  lb 307653 ub 4720997  cores 1290 1125 1  time 14.784 2513.65
Iteration 896  lb 307653 ub 4720997  cores 1291 1126 1  time 14.7915 2521.25
Iteration 897  lb 307653 ub 4720997  cores 1292 1127 1  time 14.8026 2528.05
Iteration 898  lb 307653 ub 4720997  cores 1293 1128 1  time 14.8173 2535.42
Iteration 899  lb 307653 ub 4720997  cores 1294 1129 1  time 14.8272 2542.12
Iteration 900  lb 307653 ub 4720997  cores 1295 1129 1  time 14.8325 2550.4
Iteration 901  lb 307653 ub 4720997  cores 1296 1130 1  time 14.8446 2557.12
Iteration 902  lb 307653 ub 4720997  cores 1297 1130 1  time 14.8496 2562.53
Iteration 903  lb 307653 ub 4720997  cores 1298 1131 1  time 14.8545 2571.39
Iteration 904  lb 307653 ub 4720997  cores 1299 1132 1  time 14.8731 2578.52
Iteration 905  lb 307653 ub 4720997  cores 1300 1133 1  time 14.8864 2586.27
Iteration 906  lb 307653 ub 4720997  cores 1301 1134 1  time 14.892 2594.18
Iteration 907  lb 307653 ub 4720997  cores 1302 1135 1  time 14.8961 2600.87
Iteration 908  lb 307653 ub 4720997  cores 1303 1136 1  time 14.9017 2607.18
Iteration 909  lb 307653 ub 4720997  cores 1304 1137 1  time 14.9054 2615.19
Iteration 910  lb 307653 ub 4720997  cores 1305 1138 1  time 14.9099 2623.96
Iteration 911  lb 307654 ub 4720997  cores 1306 1139 1  time 14.923 2632.31
Iteration 912  lb 307654 ub 4720997  cores 1307 1140 1  time 14.9438 2639.22
Iteration 913  lb 307654 ub 4720997  cores 1308 1141 1  time 14.9473 2646.81
Iteration 914  lb 307654 ub 4720997  cores 1309 1142 1  time 14.9637 2653.88
Iteration 915  lb 307654 ub 4720997  cores 1310 1143 1  time 14.9726 2660.77
Iteration 916  lb 307654 ub 4720997  cores 1311 1144 1  time 14.9892 2667.49
Iteration 917  lb 307654 ub 4720997  cores 1312 1145 1  time 14.9967 2675.38
Iteration 918  lb 307654 ub 4720997  cores 1313 1146 1  time 15.0043 2683.55
Iteration 919  lb 307654 ub 4720997  cores 1314 1147 1  time 15.0136 2690.46
Iteration 920  lb 307654 ub 4720997  cores 1315 1148 1  time 15.026 2696.46
Iteration 921  lb 307654 ub 4720997  cores 1316 1149 1  time 15.0403 2703.62
Iteration 922  lb 307654 ub 4720997  cores 1317 1150 1  time 15.0457 2710.93
Iteration 923  lb 307654 ub 4720997  cores 1318 1151 1  time 15.0491 2717.82
Iteration 924  lb 307654 ub 4720997  cores 1319 1152 1  time 15.053 2724.94
Iteration 925  lb 307654 ub 4720997  cores 1320 1153 1  time 15.0565 2732.99
Iteration 926  lb 307654 ub 4720997  cores 1321 1154 1  time 15.071 2740.62
Iteration 927  lb 307654 ub 4720997  cores 1322 1155 1  time 15.0799 2748.54
Iteration 928  lb 307654 ub 4720997  cores 1323 1156 1  time 15.0911 2756.57
Iteration 929  lb 307654 ub 4720997  cores 1324 1157 1  time 15.1064 2763.87
Iteration 930  lb 307654 ub 4720997  cores 1325 1158 1  time 15.1175 2771.56
Iteration 931  lb 307654 ub 4720997  cores 1326 1159 1  time 15.121 2779.29
Iteration 932  lb 307654 ub 4720997  cores 1327 1160 1  time 15.133 2787.09
Iteration 933  lb 307654 ub 4720997  cores 1328 1161 1  time 15.1386 2793.7
Iteration 934  lb 307654 ub 4720997  cores 1329 1162 1  time 15.1468 2800.61
Iteration 935  lb 307654 ub 4720997  cores 1330 1163 1  time 15.1568 2808.56
Iteration 936  lb 307654 ub 4720997  cores 1331 1164 1  time 15.1623 2816.32
Iteration 937  lb 307654 ub 4720997  cores 1332 1165 1  time 15.1683 2824.04
Iteration 938  lb 307654 ub 4720997  cores 1333 1166 1  time 15.1754 2830.89
Iteration 939  lb 307654 ub 4720997  cores 1334 1167 1  time 15.1798 2837.3
Iteration 940  lb 307654 ub 4720997  cores 1335 1167 1  time 15.1831 2844.74
Iteration 941  lb 307654 ub 4720997  cores 1336 1168 1  time 15.193 2852.41
Iteration 942  lb 307654 ub 4720997  cores 1337 1169 1  time 15.1974 2859.58
Iteration 943  lb 307654 ub 4720997  cores 1338 1170 1  time 15.2022 2866.59
Iteration 944  lb 307654 ub 4720997  cores 1339 1171 1  time 15.2079 2873.62
Iteration 945  lb 307654 ub 4720997  cores 1340 1171 1  time 15.2126 2881.3
Iteration 946  lb 307654 ub 4720997  cores 1341 1172 1  time 15.2173 2889.02
Iteration 947  lb 307654 ub 4720997  cores 1342 1173 1  time 15.2225 2897.85
Iteration 948  lb 307654 ub 4720997  cores 1344 1175 2  time 15.2501 2905.16
Iteration 949  lb 307654 ub 4720997  cores 1345 1174 1  time 15.2558 2911.51
Iteration 950  lb 307654 ub 4720997  cores 1346 1175 1  time 15.2605 2918.59
Iteration 951  lb 307654 ub 4720997  cores 1347 1176 1  time 15.2638 2925.7
Iteration 952  lb 307654 ub 4720997  cores 1348 1177 1  time 15.2716 2933.12
Iteration 953  lb 307654 ub 4720997  cores 1349 1178 1  time 15.2788 2939.34
Iteration 954  lb 307654 ub 4720997  cores 1350 1179 1  time 15.2847 2946.58
Iteration 955  lb 307654 ub 4720997  cores 1351 1180 1  time 15.3217 2954.07
Iteration 956  lb 307654 ub 4720997  cores 1352 1181 1  time 15.3332 2961.75
Iteration 957  lb 307654 ub 4720997  cores 1353 1182 1  time 15.3377 2969.39
Iteration 958  lb 307654 ub 4720997  cores 1354 1183 1  time 15.3438 2976.99
Iteration 959  lb 307654 ub 4720997  cores 1355 1184 1  time 15.3502 2984.97
Iteration 960  lb 307654 ub 4720997  cores 1356 1185 1  time 15.3568 2992.12
Iteration 961  lb 307654 ub 4720997  cores 1357 1186 1  time 15.3733 2997.52
Iteration 962  lb 307654 ub 4720997  cores 1358 1187 1  time 15.3881 3005.68
Iteration 963  lb 307654 ub 4720997  cores 1359 1188 1  time 15.3937 3013.03
Iteration 964  lb 307654 ub 4720997  cores 1360 1189 1  time 15.3983 3020.36
Iteration 965  lb 307654 ub 4720997  cores 1361 1190 1  time 15.4018 3028.17
Iteration 966  lb 307654 ub 4720997  cores 1362 1191 1  time 15.4072 3034.32
Iteration 967  lb 307654 ub 4720997  cores 1363 1192 1  time 15.411 3041.62
Iteration 968  lb 307654 ub 4720997  cores 1364 1193 1  time 15.4257 3048.54
Iteration 969  lb 307654 ub 4720997  cores 1365 1194 1  time 15.4313 3054.79
Iteration 970  lb 307654 ub 4720997  cores 1366 1195 1  time 15.4375 3061.66
Iteration 971  lb 307654 ub 4720997  cores 1367 1196 1  time 15.4471 3068.25
Iteration 972  lb 307654 ub 4720997  cores 1368 1197 1  time 15.454 3074.52
Iteration 973  lb 307654 ub 4720997  cores 1369 1198 1  time 15.4592 3081.07
Iteration 974  lb 307654 ub 4720997  cores 1370 1198 1  time 15.4644 3088.32
Iteration 975  lb 307654 ub 4720997  cores 1371 1199 1  time 15.4698 3094.32
Iteration 976  lb 307654 ub 4720997  cores 1372 1200 1  time 15.4783 3100.25
Iteration 977  lb 307654 ub 4720997  cores 1373 1201 1  time 15.4924 3107.22
Iteration 978  lb 307654 ub 4720997  cores 1374 1202 1  time 15.4966 3113.72
Iteration 979  lb 307654 ub 4720997  cores 1375 1203 1  time 15.5007 3120.51
Iteration 980  lb 307654 ub 4720997  cores 1376 1204 1  time 15.5042 3127.87
Iteration 981  lb 307654 ub 4720997  cores 1377 1205 1  time 15.5103 3134.63
Iteration 982  lb 307654 ub 4720997  cores 1378 1206 1  time 15.5225 3140.95
Iteration 983  lb 307654 ub 4720997  cores 1379 1207 1  time 15.5386 3148.82
Iteration 984  lb 307654 ub 4720997  cores 1380 1208 1  time 15.5436 3156.07
Iteration 985  lb 307654 ub 4720997  cores 1381 1209 1  time 15.5512 3164.17
Iteration 986  lb 307654 ub 4720997  cores 1382 1210 1  time 15.5561 3173.29
Iteration 987  lb 307654 ub 4720997  cores 1383 1211 1  time 15.5698 3180.67
Iteration 988  lb 307654 ub 4720997  cores 1384 1212 1  time 15.5768 3188.54
Iteration 989  lb 307654 ub 4720997  cores 1385 1213 1  time 15.5857 3196.22
Iteration 990  lb 307654 ub 4720997  cores 1386 1214 1  time 15.5939 3202.53
Iteration 991  lb 307654 ub 4720997  cores 1387 1215 1  time 15.5972 3208.67
Iteration 992  lb 307654 ub 4720997  cores 1388 1216 1  time 15.6018 3216.15
Iteration 993  lb 307654 ub 4720997  cores 1389 1217 1  time 15.6107 3222.98
Iteration 994  lb 307654 ub 4720997  cores 1390 1218 1  time 15.6218 3229.8
Iteration 995  lb 307654 ub 4720997  cores 1391 1219 1  time 15.6279 3236.52
Iteration 996  lb 307654 ub 4720997  cores 1392 1220 1  time 15.6353 3243.45
Iteration 997  lb 307654 ub 4720997  cores 1393 1221 1  time 15.6493 3249.52
Iteration 998  lb 307654 ub 4720997  cores 1394 1222 1  time 15.6617 3257.15
Iteration 999  lb 307654 ub 4720997  cores 1395 1223 1  time 15.6708 3263.95
Iteration 1000  lb 307654 ub 4720997  cores 1396 1224 1  time 15.6753 3272.44
Iteration 1001  lb 307654 ub 4720997  cores 1397 1225 1  time 15.6797 3278.86
Iteration 1002  lb 307654 ub 4720997  cores 1398 1225 1  time 15.6838 3285.74
Iteration 1003  lb 307654 ub 4720997  cores 1399 1226 1  time 15.6889 3292.1
Iteration 1004  lb 307654 ub 4720997  cores 1400 1225 1  time 15.6923 3298.34
Iteration 1005  lb 307654 ub 4720997  cores 1401 1225 1  time 15.6981 3305.43
Iteration 1006  lb 307654 ub 4720997  cores 1402 1225 1  time 15.7022 3314.08
Iteration 1007  lb 307654 ub 4720997  cores 1403 1226 1  time 15.7108 3320.19
Iteration 1008  lb 307654 ub 4720997  cores 1404 1227 1  time 15.7211 3327.02
Iteration 1009  lb 307654 ub 4720997  cores 1405 1228 1  time 15.7244 3334.95
Iteration 1010  lb 307654 ub 4720997  cores 1406 1229 1  time 15.7348 3341.5
Iteration 1011  lb 307654 ub 4720997  cores 1407 1230 1  time 15.739 3348.11
Iteration 1012  lb 307654 ub 4720997  cores 1408 1231 1  time 15.7454 3355.45
Iteration 1013  lb 307654 ub 4720997  cores 1409 1232 1  time 15.7505 3362.52
Iteration 1014  lb 307654 ub 4720997  cores 1410 1233 1  time 15.7546 3368.51
Iteration 1015  lb 307654 ub 4720997  cores 1411 1234 1  time 15.7594 3374.99
Iteration 1016  lb 307654 ub 4720997  cores 1412 1235 1  time 15.7647 3382.86
Iteration 1017  lb 307654 ub 4720997  cores 1413 1236 1  time 15.7715 3390.24
Iteration 1018  lb 307654 ub 4720997  cores 1414 1237 1  time 15.7755 3397.26
Iteration 1019  lb 307654 ub 4720997  cores 1415 1238 1  time 15.7874 3405.36
Iteration 1020  lb 307654 ub 4720997  cores 1416 1239 1  time 15.8005 3412.25
Iteration 1021  lb 307654 ub 4720997  cores 1417 1239 1  time 15.806 3418.57
Iteration 1022  lb 307654 ub 4720997  cores 1418 1240 1  time 15.8156 3426.18
Iteration 1023  lb 307654 ub 4720997  cores 1419 1240 1  time 15.8193 3433.2
Iteration 1024  lb 307654 ub 4720997  cores 1420 1241 1  time 15.8227 3441.86
Iteration 1025  lb 307654 ub 4720997  cores 1421 1242 1  time 15.8263 3450.82
Iteration 1026  lb 307654 ub 4720997  cores 1422 1243 1  time 15.8312 3457.57
Iteration 1027  lb 307654 ub 4720997  cores 1423 1244 1  time 15.8641 3465.73
Iteration 1028  lb 307654 ub 4720997  cores 1424 1245 1  time 15.8758 3473.18
Iteration 1029  lb 307654 ub 4720997  cores 1425 1246 1  time 15.8791 3481.83
Iteration 1030  lb 307654 ub 4720997  cores 1426 1247 1  time 15.8851 3489.05
Iteration 1031  lb 307654 ub 4720997  cores 1427 1248 1  time 15.8903 3496.46
Iteration 1032  lb 307654 ub 4720997  cores 1428 1249 1  time 15.9005 3504.32
Iteration 1033  lb 307654 ub 4720997  cores 1429 1250 1  time 15.9073 3512.33
Iteration 1034  lb 307654 ub 4720997  cores 1430 1251 1  time 15.9152 3519.85
Iteration 1035  lb 307654 ub 4720997  cores 1431 1252 1  time 15.9187 3526.64
Iteration 1036  lb 307654 ub 4720997  cores 1432 1253 1  time 15.9232 3533.89
Iteration 1037  lb 307654 ub 4720997  cores 1433 1254 1  time 15.9281 3541.31
Iteration 1038  lb 307654 ub 4720997  cores 1434 1255 1  time 15.9344 3549.66
Iteration 1039  lb 307654 ub 4720997  cores 1435 1256 1  time 15.9436 3558.15
Iteration 1040  lb 307654 ub 4720997  cores 1436 1257 1  time 15.9486 3564.88
Iteration 1041  lb 307654 ub 4720997  cores 1437 1258 1  time 15.9525 3572.25
Iteration 1042  lb 307654 ub 4720997  cores 1438 1259 1  time 15.9556 3579.24
