lb 2902974 ub 24064097 before adjustment
lb 0 ub 21161123 after adjustment
costs ready
34 variables 483 functions 2902974 lb, 21161123 ub
Iteration 0  HV  cores 8 8 8  time 3.06237 0 0.237107
Iteration 1  HV  cores 16 16 8  time 9.87509 0 0.526228
Iteration 2  HV  cores 23 23 7  time 15.1576 0 0.828336
Iteration 3  HV  cores 30 30 7  time 17.8576 0 1.13112
Iteration 4  HV  cores 37 37 7  time 27.9186 0 1.45069
Iteration 5  HV  cores 44 44 7  time 40.5904 0 1.77341
Iteration 6  HV  cores 51 51 7  time 48.8246 0 2.10072
Iteration 7  HV  cores 58 58 7  time 52.7134 0 2.43627
Iteration 8  HV  cores 63 63 5  time 57.7914 0 2.77278
Iteration 9  HV  cores 69 69 6  time 63.5735 0 3.12392
Iteration 10  HV  cores 75 75 6  time 67.2893 0 3.49306
Iteration 11  HV  cores 80 80 5  time 71.6587 0 3.87828
Iteration 12  HV  cores 85 85 5  time 76.7885 0 4.26672
Iteration 13  HV  cores 90 90 5  time 81.2118 0 4.66221
Iteration 14  HV  cores 96 96 6  time 88.0889 0 5.06623
Iteration 15  HV  cores 102 101 6  time 97.335 0 5.47447
Iteration 16  HV  cores 109 108 7  time 111.289 0 5.89334
Iteration 17  HV  cores 117 116 8  time 117.138 0 6.32523
Iteration 18  HV  cores 123 122 6  time 120.321 0 6.74653
Iteration 19  HV  cores 130 129 7  time 123.247 0 7.17617
Iteration 20  HV  cores 136 135 6  time 129.781 0 7.61313
Iteration 21  HV  cores 143 142 7  time 144.719 0 8.05856
Iteration 22  HV  cores 150 149 7  time 149.197 0 8.5097
Iteration 23  HV  cores 157 156 7  time 187.629 0 8.96962
Iteration 24  HV  cores 163 162 6  time 198.304 0 9.44569
Iteration 25  HV  cores 169 168 6  time 201.61 0 9.91998
Iteration 26  HV  cores 175 174 6  time 208.15 0 10.4078
Iteration 27  HV  cores 181 180 6  time 209.64 0 10.9017
Iteration 28  HV  cores 186 183 5  time 211.013 0 11.3886
Iteration 29  HV  cores 191 188 5  time 213.65 0 11.8758
Iteration 30  HV  cores 196 193 5  time 214.975 0 12.38
Iteration 31  HV  cores 201 198 5  time 217.306 0 12.8865
Iteration 32  HV  cores 207 204 6  time 220.067 0 13.4063
Iteration 33  HV  cores 213 209 6  time 224.011 0 13.924
Iteration 34  HV  cores 218 214 5  time 227.193 0 14.4502
Iteration 35  HV  cores 223 219 5  time 231.189 0 14.9722
Iteration 36  HV  cores 228 224 5  time 243.161 0 15.5067
Iteration 37  HV  cores 233 229 5  time 249.857 0 16.0638
Iteration 38  HV  cores 238 234 5  time 252.314 0 16.6059
Iteration 39  HV  cores 243 238 5  time 255.095 0 17.1854
Iteration 40  HV  cores 249 244 6  time 259.098 0 17.7643
Iteration 41  HV  cores 255 250 6  time 268.235 0 18.3361
Iteration 42  HV  cores 260 255 5  time 271.343 0 18.8981
Iteration 43  HV  cores 266 261 6  time 281.325 0 19.463
Iteration 44  HV  cores 271 266 5  time 286.534 0 20.0598
Iteration 45  HV  cores 278 273 7  time 291.536 0 20.661
Iteration 46  HV  cores 284 279 6  time 307.298 0 21.2616
Iteration 47  HV  cores 289 284 5  time 311.377 0 21.8857
Iteration 48  HV  cores 294 289 5  time 313.954 0 22.4892
Iteration 49  HV  cores 301 296 7  time 320.009 0 23.1267
Iteration 50  HV  cores 306 301 5  time 321.782 0 23.7829
Iteration 51  HV  cores 313 308 7  time 369.025 0 24.4368
Iteration 52  HV  cores 319 313 6  time 372.072 0 25.0989
Iteration 53  HV  cores 326 319 7  time 375.579 0 25.7884
Iteration 54  HV  cores 332 325 6  time 382.642 0 26.4503
Iteration 55  HV  cores 338 330 6  time 388.631 0 27.1335
Iteration 56  HV  cores 345 336 7  time 391.871 0 27.8042
Iteration 57  HV  cores 351 341 6  time 394.61 0 28.4726
Iteration 58  HV  cores 357 346 6  time 397.408 0 29.1611
Iteration 59  HV  cores 364 353 7  time 408.418 0 29.856
Iteration 60  HV  cores 371 360 7  time 412.337 0 30.4966
Iteration 61  HV  cores 378 366 7  time 417.218 0 31.1529
Iteration 62  HV  cores 384 372 6  time 429.069 0 31.8144
Iteration 63  HV  cores 390 378 6  time 432.416 0 32.4827
Iteration 64  HV  cores 396 384 6  time 436.089 0 33.1786
Iteration 65  HV  cores 403 389 7  time 442.94 0 33.8404
Iteration 66  HV  cores 410 395 7  time 449.517 0 34.5115
Iteration 67  HV  cores 417 401 7  time 468.491 0 35.1897
Iteration 68  HV  cores 425 409 8  time 479.091 0 35.9061
Iteration 69  HV  cores 432 415 7  time 485.794 0 36.5997
Iteration 70  HV  cores 438 420 6  time 489.708 0 37.312
Iteration 71  HV  cores 445 426 7  time 497.87 0 38.0321
Iteration 72  HV  cores 451 431 6  time 503.061 0 38.7833
Iteration 73  HV  cores 457 435 6  time 506.728 0 39.5194
Iteration 74  HV  cores 465 442 8  time 514.757 0 40.2797
Iteration 75  HV  cores 471 448 6  time 522.737 0 41.0382
Iteration 76  HV  cores 476 452 5  time 527.921 0 41.8024
Iteration 77  HV  cores 482 458 6  time 537.708 0 42.5873
Iteration 78  HV  cores 488 464 6  time 541.438 0 43.3863
Iteration 79  HV  cores 494 469 6  time 547.615 0 44.2071
Iteration 80  HV  cores 501 476 7  time 554.422 0 45.0406
Iteration 81  HV  cores 507 481 6  time 559.379 0 45.8436
Iteration 82  HV  cores 513 487 6  time 564.893 0 46.6775
Iteration 83  HV  cores 519 493 6  time 573.261 0 47.4908
Iteration 84  HV  cores 525 499 6  time 575.788 0 48.3249
Iteration 85  HV  cores 531 505 6  time 581.552 0 49.1761
Iteration 86  HV  cores 536 510 5  time 583.357 0 50.0018
Iteration 87  HV  cores 542 516 6  time 587.578 0 50.8705
Iteration 88  HV  cores 547 521 5  time 590.32 0 51.7161
Iteration 89  HV  cores 553 527 6  time 596.722 0 52.5688
Iteration 90  HV  cores 557 531 4  time 598.244 0 53.4334
Iteration 91  HV  cores 563 536 6  time 599.342 0 54.2989
Iteration 92  HV  cores 570 543 7  time 604.6 0 55.2245
Iteration 93  HV  cores 576 549 6  time 608.736 0 56.1474
Iteration 94  HV  cores 583 555 7  time 616.89 0 57.0464
Iteration 95  HV  cores 590 562 7  time 623.25 0 57.9375
Iteration 96  HV  cores 596 567 6  time 627.518 0 58.8571
Iteration 97  HV  cores 603 573 7  time 656.781 0 59.7495
Iteration 98  HV  cores 609 579 6  time 659.984 0 60.6277
Iteration 99  HV  cores 614 583 5  time 663.233 0 61.5652
Iteration 100  HV  cores 619 588 5  time 666.415 0 62.4824
Iteration 101  HV  cores 624 592 5  time 673.572 0 63.4113
Iteration 102  HV  cores 630 598 6  time 677.119 0 64.3407
Iteration 103  HV  cores 636 604 6  time 679.643 0 65.2683
Iteration 104  HV  cores 642 610 6  time 683.434 0 66.1674
Iteration 105  HV  cores 648 616 6  time 698.715 0 67.0965
Iteration 106  HV  cores 654 620 6  time 706.082 0 68.019
Iteration 107  HV  cores 659 625 5  time 708.878 0 68.9544
Iteration 108  HV  cores 664 629 5  time 714.94 0 69.936
Iteration 109  HV  cores 669 633 5  time 719.565 0 70.8965
Iteration 110  HV  cores 675 639 6  time 722.673 0 71.8453
Iteration 111  HV  cores 680 644 5  time 725.561 0 72.8153
Iteration 112  HV  cores 686 650 6  time 727.619 0 73.7919
Iteration 113  HV  cores 692 654 6  time 732.533 0 74.7822
Iteration 114  HV  cores 697 659 5  time 740.089 0 75.772
Iteration 115  HV  cores 703 665 6  time 748.629 0 76.8144
Iteration 116  HV  cores 708 670 5  time 753.293 0 77.8436
Iteration 117  HV  cores 714 676 6  time 756.55 0 78.9187
Iteration 118  HV  cores 721 683 7  time 760.361 0 80.0152
Iteration 119  HV  cores 727 688 6  time 763.836 0 81.0884
Iteration 120  HV  cores 733 694 6  time 765.428 0 82.1998
Iteration 121  HV  cores 739 700 6  time 766.912 0 83.3988
Iteration 122  HV  cores 745 705 6  time 768.444 0 84.5349
Iteration 123  HV  cores 750 710 5  time 780.332 0 85.6925
Iteration 124  HV  cores 756 715 6  time 787.041 0 86.8683
Iteration 125  HV  cores 762 721 6  time 791.149 0 87.999
Iteration 126  HV  cores 768 727 6  time 794.415 0 89.1626
Iteration 127  HV  cores 774 733 6  time 797.783 0 90.2745
Iteration 128  HV  cores 780 739 6  time 800.678 0 91.4362
Iteration 129  HV  cores 786 742 6  time 802.161 0 92.546
Iteration 130  HV  cores 792 748 6  time 817.059 0 93.7141
Iteration 131  HV  cores 798 753 6  time 823.905 0 94.8799
Iteration 132  HV  cores 804 758 6  time 828.065 0 96.0746
Iteration 133  HV  cores 810 764 6  time 831.377 0 97.2539
Iteration 134  HV  cores 816 769 6  time 834.31 0 98.3817
Iteration 135  HV  cores 822 774 6  time 836.26 0 99.6045
Iteration 136  HV  cores 828 780 6  time 841.443 0 100.788
Iteration 137  HV  cores 834 786 6  time 844.654 0 102.079
Iteration 138  HV  cores 841 792 7  time 852.83 0 103.353
Iteration 139  HV  cores 846 796 5  time 855.562 0 104.494
Iteration 140  HV  cores 852 802 6  time 857.354 0 105.74
Iteration 141  HV  cores 857 806 5  time 859.288 0 106.992
Iteration 142  HV  cores 862 811 5  time 866.887 0 108.233
Iteration 143  HV  cores 868 816 6  time 871.358 0 109.49
Iteration 144  HV  cores 874 822 6  time 885.277 0 110.757
Iteration 145  HV  cores 880 827 6  time 941.145 0 112.117
Iteration 146  HV  cores 886 833 6  time 944.289 0 113.392
Iteration 147  HV  cores 892 839 6  time 949.015 0 114.759
Iteration 148  HV  cores 898 845 6  time 955.467 0 116.053
Iteration 149  HV  cores 904 851 6  time 957.977 0 117.365
Iteration 150  HV  cores 909 856 5  time 963.406 0 118.724
Iteration 151  HV  cores 915 862 6  time 973.942 0 119.981
Iteration 152  HV  cores 919 866 4  time 983.372 0 121.404
Iteration 153  HV  cores 924 871 5  time 985.407 0 122.884
Iteration 154  HV  cores 930 877 6  time 1035.33 0 124.301
Iteration 155  HV  cores 936 883 6  time 1040.37 0 125.66
Iteration 156  HV  cores 941 888 5  time 1042.7 0 127.09
Iteration 157  HV  cores 947 893 6  time 1044.68 0 128.501
Iteration 158  HV  cores 952 898 5  time 1047.29 0 129.977
Iteration 159  HV  cores 958 904 6  time 1051.16 0 131.434
Iteration 160  HV  cores 964 909 6  time 1055.09 0 132.849
Iteration 161  HV  cores 969 914 5  time 1056.65 0 134.406
Iteration 162  HV  cores 975 920 6  time 1060.12 0 135.892
Iteration 163  HV  cores 980 925 5  time 1061.95 0 137.291
Iteration 164  HV  cores 986 931 6  time 1063.64 0 138.778
Iteration 165  HV  cores 991 936 5  time 1066.61 0 140.333
Iteration 166  HV  cores 996 941 5  time 1069.51 0 141.817
Iteration 167  HV  cores 1002 947 6  time 1072.45 0 143.235
Iteration 168  HV  cores 1008 953 6  time 1074.68 0 144.765
Iteration 169  HV  cores 1015 956 7  time 1076.66 0 146.342
Iteration 170  HV  cores 1021 962 6  time 1078.86 0 147.943
Iteration 171  HV  cores 1027 968 6  time 1081.35 0 149.549
Iteration 172  HV  cores 1032 973 5  time 1083.66 0 151.033
Iteration 173  HV  cores 1038 979 6  time 1090.14 0 152.612
Iteration 174  HV  cores 1044 985 6  time 1094.19 0 154.196
Iteration 175  HV  cores 1050 991 6  time 1097.13 0 155.721
Iteration 176  HV  cores 1057 998 7  time 1101.42 0 157.323
Iteration 177  HV  cores 1063 1004 6  time 1104.17 0 158.965
Iteration 178  HV  cores 1069 1010 6  time 1105.78 0 160.562
Iteration 179  HV  cores 1075 1016 6  time 1107.37 0 162.239
Iteration 180  HV  cores 1081 1022 6  time 1110.17 0 163.862
Iteration 181  HV  cores 1087 1028 6  time 1111.77 0 165.512
Iteration 182  HV  cores 1093 1034 6  time 1113.99 0 167.07
Iteration 183  HV  cores 1100 1041 7  time 1126.72 0 168.663
Iteration 184  HV  cores 1106 1046 6  time 1129.04 0 170.355
Iteration 185  HV  cores 1112 1052 6  time 1131.12 0 172.029
Iteration 186  HV  cores 1118 1058 6  time 1132.64 0 173.748
Iteration 187  HV  cores 1125 1064 7  time 1134.57 0 175.498
Iteration 188  HV  cores 1131 1070 6  time 1136.71 0 177.113
Iteration 189  HV  cores 1138 1077 7  time 1139.25 0 178.66
Iteration 190  HV  cores 1144 1083 6  time 1139.99 0 180.375
Iteration 191  HV  cores 1150 1088 6  time 1142.57 0 182.165
Iteration 192  HV  cores 1156 1094 6  time 1144.86 0 183.867
Iteration 193  HV  cores 1163 1099 7  time 1147.46 0 185.624
Iteration 194  HV  cores 1170 1106 7  time 1149.58 0 187.367
Iteration 195  HV  cores 1177 1113 7  time 1162.09 0 189.194
Iteration 196  HV  cores 1183 1119 6  time 1167.62 0 190.929
Iteration 197  HV  cores 1190 1123 7  time 1169.96 0 192.68
Iteration 198  HV  cores 1195 1127 5  time 1172.7 0 194.314
Iteration 199  HV  cores 1201 1133 6  time 1177.52 0 196.058
Iteration 200  HV  cores 1207 1137 6  time 1179.17 0 197.83
Iteration 201  HV  cores 1213 1143 6  time 1180.36 0 199.612
Iteration 202  HV  cores 1220 1148 7  time 1183.33 0 201.423
Iteration 203  HV  cores 1226 1154 6  time 1186.63 0 203.171
Iteration 204  HV  cores 1232 1158 6  time 1189.15 0 205.008
Iteration 205  HV  cores 1238 1164 6  time 1191.63 0 206.871
Iteration 206  HV  cores 1243 1168 5  time 1192.79 0 208.667
Iteration 207  HV  cores 1249 1174 6  time 1194.85 0 210.462
Iteration 208  HV  cores 1256 1181 7  time 1199.09 0 212.372
Iteration 209  HV  cores 1260 1185 4  time 1202.7 0 214.237
Iteration 210  HV  cores 1266 1189 6  time 1203.76 0 216.016
Iteration 211  HV  cores 1273 1196 7  time 1209.05 0 217.881
Iteration 212  HV  cores 1278 1201 5  time 1210.46 0 219.798
Iteration 213  HV  cores 1283 1206 5  time 1211.64 0 221.716
Iteration 214  HV  cores 1289 1211 6  time 1214.37 0 223.54
Iteration 215  HV  cores 1296 1218 7  time 1215.98 0 225.42
Iteration 216  HV  cores 1301 1223 5  time 1219.95 0 227.359
Iteration 217  HV  cores 1307 1229 6  time 1225.62 0 229.347
Iteration 218  HV  cores 1313 1235 6  time 1232.61 0 231.269
Iteration 219  HV  cores 1319 1241 6  time 1235 0 233.351
Iteration 220  HV  cores 1325 1246 6  time 1236.72 0 235.287
Iteration 221  HV  cores 1332 1252 7  time 1240.69 0 237.28
Iteration 222  HV  cores 1339 1258 7  time 1242.62 0 239.293
Iteration 223  HV  cores 1346 1264 7  time 1243.53 0 241.28
Iteration 224  HV  cores 1353 1269 7  time 1244.48 0 243.333
Iteration 225  HV  cores 1358 1274 5  time 1245.99 0 245.312
Iteration 226  HV  cores 1364 1280 6  time 1262.83 0 247.482
Iteration 227  HV  cores 1370 1286 6  time 1266.65 0 249.554
Iteration 228  HV  cores 1375 1291 5  time 1269.03 0 251.666
Iteration 229  HV  cores 1382 1298 7  time 1285.14 0 253.641
Iteration 230  HV  cores 1387 1303 5  time 1289.62 0 255.76
Iteration 231  HV  cores 1392 1307 5  time 1291.52 0 257.844
Iteration 232  HV  cores 1398 1313 6  time 1294.59 0 259.942
Iteration 233  HV  cores 1404 1318 6  time 1299.85 0 262.059
Iteration 234  HV  cores 1410 1324 6  time 1303.57 0 264.116
Iteration 235  HV  cores 1417 1331 7  time 1308.13 0 266.223
Iteration 236  HV  cores 1423 1336 6  time 1309.53 0 268.494
Iteration 237  HV  cores 1430 1343 7  time 1318.5 0 270.572
Iteration 238  HV  cores 1436 1349 6  time 1322.88 0 272.668
Iteration 239  HV  cores 1442 1355 6  time 1325.01 0 274.782
Iteration 240  HV  cores 1448 1361 6  time 1327.8 0 276.984
Iteration 241  HV  cores 1454 1366 6  time 1330.58 0 279.164
Iteration 242  HV  cores 1460 1371 6  time 1334.08 0 281.396
Iteration 243  HV  cores 1466 1377 6  time 1335.1 0 283.592
Iteration 244  HV  cores 1472 1382 6  time 1337.43 0 285.764
Iteration 245  HV  cores 1478 1388 6  time 1340.22 0 287.86
Iteration 246  HV  cores 1484 1394 6  time 1342.69 0 290.04
Iteration 247  HV  cores 1490 1400 6  time 1345.56 0 292.192
Iteration 248  HV  cores 1495 1405 5  time 1348.57 0 294.486
Iteration 249  HV  cores 1501 1410 6  time 1350.81 0 296.647
Iteration 250  HV  cores 1506 1415 5  time 1353.37 0 298.888
Iteration 251  HV  cores 1512 1421 6  time 1357.2 0 301.241
Iteration 252  HV  cores 1518 1427 6  time 1360.58 0 303.512
Iteration 253  HV  cores 1524 1433 6  time 1362.4 0 305.902
Iteration 254  HV  cores 1530 1439 6  time 1366.04 0 308.222
Iteration 255  HV  cores 1535 1440 5  time 1369.12 0 310.503
Iteration 256  HV  cores 1540 1444 5  time 1372.01 0 312.835
Iteration 257  HV  cores 1546 1450 6  time 1373.47 0 315.117
Iteration 258  HV  cores 1551 1454 5  time 1374.48 0 317.477
Iteration 259  HV  cores 1556 1459 5  time 1376.68 0 319.823
Iteration 260  HV  cores 1561 1463 5  time 1377.74 0 322.145
Iteration 261  HV  cores 1567 1468 6  time 1380.55 0 324.456
Iteration 262  HV  cores 1572 1472 5  time 1384.75 0 326.837
Iteration 263  HV  cores 1577 1477 5  time 1390.71 0 329.096
Iteration 264  HV  cores 1582 1482 5  time 1392.35 0 331.591
Iteration 265  HV  cores 1588 1488 6  time 1393.72 0 333.928
Iteration 266  HV  cores 1594 1494 6  time 1397.64 0 336.368
Iteration 267  HV  cores 1599 1499 5  time 1399.14 0 338.847
Iteration 268  HV  cores 1604 1504 5  time 1402.06 0 341.145
Iteration 269  HV  cores 1609 1509 5  time 1404.89 0 343.54
Iteration 270  HV  cores 1614 1514 5  time 1407.62 0 345.804
Iteration 271  HV  cores 1620 1520 6  time 1410.39 0 348.194
Iteration 272  HV  cores 1626 1526 6  time 1416.52 0 350.493
Iteration 273  HV  cores 1632 1532 6  time 1419.72 0 352.861
Iteration 274  HV  cores 1638 1538 6  time 1420.86 0 355.294
Iteration 275  HV  cores 1643 1543 5  time 1422.49 0 357.764
Iteration 276  HV  cores 1648 1548 5  time 1423.42 0 360.202
Iteration 277  HV  cores 1652 1552 4  time 1427.18 0 362.734
Iteration 278  HV  cores 1657 1557 5  time 1431.31 0 365.194
Iteration 279  HV  cores 1662 1561 5  time 1434.1 0 367.642
Iteration 280  HV  cores 1667 1566 5  time 1435.67 0 370.258
Iteration 281  HV  cores 1673 1571 6  time 1449.06 0 372.785
Iteration 282  HV  cores 1679 1577 6  time 1452.09 0 375.166
Iteration 283  HV  cores 1686 1584 7  time 1463.37 0 377.63
Iteration 284  HV  cores 1691 1588 5  time 1466.78 0 380.267
Iteration 285  HV  cores 1697 1593 6  time 1470.13 0 383.01
Iteration 286  HV  cores 1703 1598 6  time 1472.99 0 385.685
Iteration 287  HV  cores 1708 1603 5  time 1475.84 0 388.272
Iteration 288  HV  cores 1712 1607 4  time 1479.06 0 390.669
Iteration 289  HV  cores 1716 1611 4  time 1481.34 0 393.372
Iteration 290  HV  cores 1721 1616 5  time 1484.85 0 395.914
Iteration 291  HV  cores 1726 1619 5  time 1488.09 0 398.411
Iteration 292  HV  cores 1732 1625 6  time 1489.21 0 401.015
Iteration 293  HV  cores 1736 1629 4  time 1490.75 0 403.694
Iteration 294  HV  cores 1742 1635 6  time 1491.72 0 406.171
Iteration 295  HV  cores 1747 1639 5  time 1492.86 0 408.937
Iteration 296  HV  cores 1752 1643 5  time 1496.83 0 411.592
Iteration 297  HV  cores 1758 1649 6  time 1502.68 0 414.228
Iteration 298  HV  cores 1764 1655 6  time 1505.01 0 416.827
Iteration 299  HV  cores 1770 1661 6  time 1509.88 0 419.337
Iteration 300  HV  cores 1775 1666 5  time 1511.39 0 421.986
Iteration 301  HV  cores 1779 1670 4  time 1512.68 0 424.704
Iteration 302  HV  cores 1784 1674 5  time 1514.26 0 427.498
Iteration 303  HV  cores 1789 1679 5  time 1515.33 0 430.226
Iteration 304  HV  cores 1794 1684 5  time 1521.64 0 432.996
Iteration 305  HV  cores 1799 1689 5  time 1522.94 0 435.726
Iteration 306  HV  cores 1804 1694 5  time 1525.11 0 438.314
Iteration 307  HV  cores 1809 1699 5  time 1526.25 0 441.071
Iteration 308  HV  cores 1814 1703 5  time 1529.21 0 443.816
Iteration 309  HV  cores 1819 1707 5  time 1530.44 0 446.528
Iteration 310  HV  cores 1824 1712 5  time 1533.38 0 449.263
Iteration 311  HV  cores 1830 1718 6  time 1540.22 0 452.169
Iteration 312  HV  cores 1836 1724 6  time 1545.7 0 454.86
Iteration 313  HV  cores 1841 1728 5  time 1546.82 0 457.79
Iteration 314  HV  cores 1848 1734 7  time 1547.89 0 460.59
Iteration 315  HV  cores 1853 1739 5  time 1549.8 0 463.406
Iteration 316  HV  cores 1858 1744 5  time 1552.85 0 466.459
Iteration 317  HV  cores 1863 1749 5  time 1555.08 0 469.343
Iteration 318  HV  cores 1869 1755 6  time 1560.2 0 472.266
Iteration 319  HV  cores 1875 1760 6  time 1563.3 0 475.165
Iteration 320  HV  cores 1880 1765 5  time 1567.06 0 478.158
Iteration 321  HV  cores 1885 1770 5  time 1578.3 0 481.074
Iteration 322  HV  cores 1890 1775 5  time 1579.14 0 483.859
Iteration 323  HV  cores 1894 1778 4  time 1580.98 0 486.732
Iteration 324  HV  cores 1900 1784 6  time 1584.24 0 489.725
Iteration 325  HV  cores 1906 1790 6  time 1584.99 0 492.727
Iteration 326  HV  cores 1912 1796 6  time 1589.5 0 495.616
Iteration 327  HV  cores 1918 1802 6  time 1594.43 0 498.42
Iteration 328  HV  cores 1923 1806 5  time 1599.21 0 501.366
Iteration 329  HV  cores 1929 1811 6  time 1600.61 0 504.256
Iteration 330  HV  cores 1934 1816 5  time 1602 0 507.307
Iteration 331  HV  cores 1938 1818 4  time 1603.41 0 510.143
Iteration 332  HV  cores 1943 1823 5  time 1604.79 0 513.099
Iteration 333  HV  cores 1948 1827 5  time 1606.72 0 516.235
Iteration 334  HV  cores 1953 1832 5  time 1608.34 0 519.055
Iteration 335  HV  cores 1959 1838 6  time 1629.21 0 522.234
Iteration 336  HV  cores 1964 1843 5  time 1630.17 0 525.368
Iteration 337  HV  cores 1969 1848 5  time 1631.09 0 528.489
Iteration 338  HV  cores 1974 1853 5  time 1632.43 0 531.659
Iteration 339  HV  cores 1980 1859 6  time 1634.53 0 535.003
Iteration 340  HV  cores 1985 1864 5  time 1636.72 0 538.267
Iteration 341  HV  cores 1990 1868 5  time 1638.05 0 541.376
Iteration 342  HV  cores 1994 1871 4  time 1639.96 0 544.557
Iteration 343  HV  cores 1998 1875 4  time 1640.71 0 547.638
Iteration 344  HV  cores 2003 1879 5  time 1641.26 0 550.93
Iteration 345  HV  cores 2007 1882 4  time 1642.04 0 554.168
Iteration 346  HV  cores 2011 1885 4  time 1642.69 0 557.405
Iteration 347  HV  cores 2016 1890 5  time 1644.93 0 560.616
Iteration 348  HV  cores 2021 1895 5  time 1651.08 0 563.744
Iteration 349  HV  cores 2026 1900 5  time 1652.75 0 566.825
Iteration 350  HV  cores 2031 1905 5  time 1653.57 0 570.121
Iteration 351  HV  cores 2037 1911 6  time 1654.79 0 573.231
Iteration 352  HV  cores 2042 1915 5  time 1655.46 0 576.314
Iteration 353  HV  cores 2048 1921 6  time 1662.44 0 579.454
Iteration 354  HV  cores 2053 1925 5  time 1663.25 0 582.753
Iteration 355  HV  cores 2059 1930 6  time 1664.23 0 586.181
Iteration 356  HV  cores 2064 1934 5  time 1664.56 0 589.495
Iteration 357  HV  cores 2069 1939 5  time 1665.12 0 593.021
Iteration 358  HV  cores 2073 1943 4  time 1667.48 0 596.133
Iteration 359  HV  cores 2078 1948 5  time 1668.29 0 599.358
Iteration 360  HV  cores 2084 1954 6  time 1673.7 0 602.633
Iteration 361  HV  cores 2090 1960 6  time 1683.17 0 605.757
Iteration 362  HV  cores 2096 1966 6  time 1684.99 0 608.974
Iteration 363  HV  cores 2101 1971 5  time 1686.8 0 612.488
Iteration 364  HV  cores 2106 1975 5  time 1688.06 0 615.676
Iteration 365  HV  cores 2110 1979 4  time 1689.06 0 619.207
Iteration 366  HV  cores 2115 1983 5  time 1690.19 0 622.266
Iteration 367  HV  cores 2120 1987 5  time 1691.58 0 625.581
Iteration 368  HV  cores 2125 1992 5  time 1694.1 0 629.004
Iteration 369  HV  cores 2130 1997 5  time 1695.18 0 632.362
Iteration 370  HV  cores 2135 2001 5  time 1696.09 0 635.478
Iteration 371  HV  cores 2140 2006 5  time 1697.14 0 638.717
Iteration 372  HV  cores 2144 2010 4  time 1701.18 0 641.818
Iteration 373  HV  cores 2150 2015 6  time 1702.22 0 645.257
Iteration 374  HV  cores 2155 2019 5  time 1703.54 0 648.56
Iteration 375  HV  cores 2161 2025 6  time 1706.87 0 651.964
Iteration 376  HV  cores 2166 2030 5  time 1707.51 0 655.598
Iteration 377  HV  cores 2171 2035 5  time 1709.96 0 659.084
Iteration 378  HV  cores 2175 2039 4  time 1711.01 0 662.496
Iteration 379  HV  cores 2180 2044 5  time 1711.92 0 666.013
Iteration 380  HV  cores 2185 2048 5  time 1713.76 0 669.416
Iteration 381  HV  cores 2190 2053 5  time 1714.82 0 672.926
Iteration 382  HV  cores 2194 2057 4  time 1716.15 0 676.38
Iteration 383  HV  cores 2198 2061 4  time 1716.71 0 679.764
Iteration 384  HV  cores 2203 2066 5  time 1718.16 0 683.158
Iteration 385  HV  cores 2207 2070 4  time 1718.63 0 686.741
Iteration 386  HV  cores 2212 2075 5  time 1731.49 0 690.105
Iteration 387  HV  cores 2216 2079 4  time 1732.21 0 693.487
Iteration 388  HV  cores 2220 2083 4  time 1732.61 0 697.11
Iteration 389  HV  cores 2225 2088 5  time 1734.56 0 700.49
Iteration 390  HV  cores 2229 2092 4  time 1735.26 0 703.922
Iteration 391  HV  cores 2234 2097 5  time 1736.78 0 707.434
Iteration 392  HV  cores 2239 2102 5  time 1740.47 0 710.998
Iteration 393  HV  cores 2244 2107 5  time 1742.25 0 714.692
Iteration 394  HV  cores 2250 2112 6  time 1744.45 0 718.299
Iteration 395  HV  cores 2255 2117 5  time 1746.1 0 721.77
Iteration 396  HV  cores 2260 2121 5  time 1747.12 0 725.249
Iteration 397  HV  cores 2265 2126 5  time 1747.89 0 728.827
Iteration 398  HV  cores 2270 2131 5  time 1757.24 0 732.536
Iteration 399  HV  cores 2274 2135 4  time 1759.53 0 736.059
Iteration 400  HV  cores 2279 2140 5  time 1760.29 0 739.609
Iteration 401  HV  cores 2284 2144 5  time 1760.84 0 743.019
Iteration 402  HV  cores 2289 2149 5  time 1761.72 0 746.508
Iteration 403  HV  cores 2294 2153 5  time 1763.7 0 750.336
Iteration 404  HV  cores 2300 2159 6  time 1766.33 0 753.682
Iteration 405  HV  cores 2305 2164 5  time 1767.2 0 757.396
Iteration 406  HV  cores 2310 2169 5  time 1767.8 0 761.277
Iteration 407  HV  cores 2315 2173 5  time 1769.15 0 764.85
Iteration 408  HV  cores 2320 2177 5  time 1769.85 0 768.34
Iteration 409  HV  cores 2325 2182 5  time 1771.86 0 771.913
Iteration 410  HV  cores 2331 2188 6  time 1773.45 0 775.444
Iteration 411  HV  cores 2335 2192 4  time 1775.66 0 779.101
Iteration 412  HV  cores 2339 2196 4  time 1777.07 0 782.693
Iteration 413  HV  cores 2344 2201 5  time 1778.01 0 786.35
Iteration 414  HV  cores 2350 2207 6  time 1778.72 0 789.742
Iteration 415  HV  cores 2356 2213 6  time 1782.43 0 793.322
Iteration 416  HV  cores 2360 2217 4  time 1783.61 0 796.919
Iteration 417  HV  cores 2365 2222 5  time 1788.63 0 800.351
Iteration 418  HV  cores 2370 2227 5  time 1790.01 0 803.932
Iteration 419  HV  cores 2376 2233 6  time 1792.66 0 807.67
Iteration 420  HV  cores 2380 2237 4  time 1794.03 0 811.382
Iteration 421  HV  cores 2385 2240 5  time 1795.23 0 814.924
Iteration 422  HV  cores 2390 2245 5  time 1796.69 0 818.693
Iteration 423  HV  cores 2395 2249 5  time 1797.77 0 822.387
Iteration 424  HV  cores 2400 2254 5  time 1799.9 0 826.038
Iteration 425  HV  cores 2406 2260 6  time 1801.78 0 829.766
Iteration 426  HV  cores 2411 2265 5  time 1805.38 0 833.489
Iteration 427  HV  cores 2417 2271 6  time 1806.76 0 837.058
Iteration 428  HV  cores 2422 2276 5  time 1807.52 0 840.76
Iteration 429  HV  cores 2427 2281 5  time 1808.75 0 844.019
Iteration 430  HV  cores 2432 2285 5  time 1810.53 0 847.607
Iteration 431  HV  cores 2436 2289 4  time 1811.34 0 851.279
Iteration 432  HV  cores 2441 2294 5  time 1813.5 0 855.179
Iteration 433  HV  cores 2446 2299 5  time 1818.13 0 858.868
Iteration 434  HV  cores 2450 2303 4  time 1821.17 0 862.859
Iteration 435  HV  cores 2454 2307 4  time 1821.87 0 866.367
Iteration 436  HV  cores 2459 2312 5  time 1824.97 0 869.987
Iteration 437  HV  cores 2464 2317 5  time 1826.56 0 873.834
Iteration 438  HV  cores 2468 2321 4  time 1827.36 0 877.519
Iteration 439  HV  cores 2473 2326 5  time 1828.94 0 881.643
Iteration 440  HV  cores 2478 2331 5  time 1831.68 0 885.172
Iteration 441  HV  cores 2482 2335 4  time 1832.1 0 889.048
Iteration 442  HV  cores 2487 2340 5  time 1833 0 892.91
Iteration 443  HV  cores 2492 2345 5  time 1834.64 0 896.378
Iteration 444  HV  cores 2499 2352 7  time 1836.57 0 900.334
Iteration 445  HV  cores 2504 2357 5  time 1837.52 0 904.25
Iteration 446  HV  cores 2509 2362 5  time 1838.99 0 908.113
Iteration 447  HV  cores 2513 2366 4  time 1840.58 0 912.058
Iteration 448  HV  cores 2518 2371 5  time 1843.41 0 915.896
Iteration 449  HV  cores 2523 2376 5  time 1845.6 0 919.75
Iteration 450  HV  cores 2527 2380 4  time 1846.99 0 923.496
Iteration 451  HV  cores 2530 2383 3  time 1847.89 0 927.457
Iteration 452  HV  cores 2536 2389 6  time 1848.92 0 931.187
Iteration 453  HV  cores 2540 2393 4  time 1850.13 0 935.045
Iteration 454  HV  cores 2546 2399 6  time 1852.32 0 938.955
Iteration 455  HV  cores 2551 2404 5  time 1856.57 0 942.843
Iteration 456  HV  cores 2555 2406 4  time 1857.06 0 946.943
Iteration 457  HV  cores 2559 2410 4  time 1857.71 0 950.716
Iteration 458  HV  cores 2565 2414 6  time 1858.26 0 954.335
Iteration 459  HV  cores 2569 2418 4  time 1859.01 0 958.066
Iteration 460  HV  cores 2574 2423 5  time 1861.52 0 961.816
Iteration 461  HV  cores 2578 2427 4  time 1862.35 0 965.873
Iteration 462  HV  cores 2582 2431 4  time 1863.79 0 969.71
Iteration 463  HV  cores 2586 2435 4  time 1864.87 0 973.813
Iteration 464  HV  cores 2591 2440 5  time 1866.33 0 977.714
Iteration 465  HV  cores 2596 2445 5  time 1866.99 0 982.125
Iteration 466  HV  cores 2600 2448 4  time 1868.29 0 986.255
Iteration 467  HV  cores 2604 2452 4  time 1868.93 0 990.35
Iteration 468  HV  cores 2609 2457 5  time 1870.76 0 994.358
Iteration 469  HV  cores 2614 2462 5  time 1871.44 0 998.552
Iteration 470  HV  cores 2618 2464 4  time 1871.99 0 1002.31
Iteration 471  HV  cores 2622 2466 4  time 1872.43 0 1006.16
Iteration 472  HV  cores 2626 2469 4  time 1872.88 0 1010.27
Iteration 473  HV  cores 2630 2473 4  time 1873.88 0 1014.19
Iteration 474  HV  cores 2634 2475 4  time 1874.34 0 1018.21
Iteration 475  HV  cores 2639 2480 5  time 1878.05 0 1022.02
Iteration 476  HV  cores 2644 2485 5  time 1878.78 0 1026.02
Iteration 477  HV  cores 2648 2489 4  time 1879.78 0 1029.96
Iteration 478  HV  cores 2653 2494 5  time 1880.74 0 1033.59
Iteration 479  HV  cores 2657 2498 4  time 1881.37 0 1037.47
Iteration 480  HV  cores 2662 2503 5  time 1883.45 0 1041.37
Iteration 481  HV  cores 2666 2507 4  time 1883.97 0 1045.24
Iteration 482  HV  cores 2672 2513 6  time 1887.07 0 1049.25
Iteration 483  HV  cores 2676 2517 4  time 1888.01 0 1053.46
Iteration 484  HV  cores 2680 2521 4  time 1888.8 0 1057.47
Iteration 485  HV  cores 2684 2525 4  time 1891.19 0 1061.63
Iteration 486  HV  cores 2688 2528 4  time 1892.08 0 1065.75
Iteration 487  HV  cores 2693 2533 5  time 1893.2 0 1069.82
Iteration 488  HV  cores 2697 2537 4  time 1905.13 0 1073.62
Iteration 489  HV  cores 2701 2541 4  time 1905.92 0 1077.61
Iteration 490  HV  cores 2705 2545 4  time 1908.31 0 1081.62
Iteration 491  HV  cores 2711 2551 6  time 1910.14 0 1085.49
Iteration 492  HV  cores 2716 2556 5  time 1911.2 0 1089.69
Iteration 493  HV  cores 2720 2559 4  time 1912.1 0 1093.7
Iteration 494  HV  cores 2725 2564 5  time 1913.23 0 1097.96
Iteration 495  HV  cores 2730 2569 5  time 1914.51 0 1101.85
Iteration 496  HV  cores 2734 2572 4  time 1915.14 0 1105.91
Iteration 497  HV  cores 2738 2574 4  time 1916.92 0 1110.03
Iteration 498  HV  cores 2742 2578 4  time 1917.87 0 1114.24
Iteration 499  HV  cores 2746 2582 4  time 1918.46 0 1118.25
Iteration 500  HV  cores 2750 2586 4  time 1920.53 0 1122.71
Iteration 501  HV  cores 2754 2590 4  time 1921.35 0 1126.94
Iteration 502  HV  cores 2758 2593 4  time 1921.89 0 1131.12
Iteration 503  HV  cores 2763 2598 5  time 1924.85 0 1135.5
Iteration 504  HV  cores 2767 2602 4  time 1925.8 0 1139.31
Iteration 505  HV  cores 2773 2608 6  time 1927.64 0 1143.34
Iteration 506  HV  cores 2777 2611 4  time 1927.93 0 1147.59
Iteration 507  HV  cores 2781 2615 4  time 1928.54 0 1151.55
Iteration 508  HV  cores 2786 2619 5  time 1935.23 0 1155.7
Iteration 509  HV  cores 2790 2623 4  time 1935.69 0 1159.98
Iteration 510  HV  cores 2794 2627 4  time 1936.18 0 1164.05
Iteration 511  HV  cores 2798 2631 4  time 1938.51 0 1168.32
Iteration 512  HV  cores 2802 2635 4  time 1939.09 0 1172.87
Iteration 513  HV  cores 2806 2639 4  time 1939.56 0 1177.33
Iteration 514  HV  cores 2810 2643 4  time 1940.39 0 1181.45
Iteration 515  HV  cores 2814 2647 4  time 1940.92 0 1185.45
Iteration 516  HV  cores 2818 2651 4  time 1941.61 0 1189.66
Iteration 517  HV  cores 2822 2655 4  time 1941.98 0 1194.2
Iteration 518  HV  cores 2826 2659 4  time 1942.53 0 1198.41
Iteration 519  HV  cores 2830 2662 4  time 1943.49 0 1202.82
Iteration 520  HV  cores 2835 2667 5  time 1945.89 0 1206.77
Iteration 521  HV  cores 2841 2673 6  time 1947.56 0 1210.94
Iteration 522  HV  cores 2847 2679 6  time 1950.09 0 1215.03
Iteration 523  HV  cores 2851 2683 4  time 1950.64 0 1219.74
Iteration 524  HV  cores 2857 2689 6  time 1952.32 0 1223.73
Iteration 525  HV  cores 2861 2693 4  time 1952.96 0 1228.01
Iteration 526  HV  cores 2867 2699 6  time 1956.3 0 1232.63
Iteration 527  HV  cores 2872 2704 5  time 1977.3 0 1236.96
Iteration 528  HV  cores 2876 2708 4  time 1978.21 0 1241.36
Iteration 529  HV  cores 2880 2711 4  time 1979.01 0 1245.76
Iteration 530  HV  cores 2884 2715 4  time 1981.22 0 1250.09
Iteration 531  HV  cores 2888 2719 4  time 1982.9 0 1253.95
Iteration 532  HV  cores 2892 2723 4  time 1983.69 0 1258.22
Iteration 533  HV  cores 2898 2729 6  time 1986.72 0 1262.45
Iteration 534  HV  cores 2903 2734 5  time 1988.29 0 1266.36
Iteration 535  HV  cores 2907 2738 4  time 1989.74 0 1270.63
Iteration 536  HV  cores 2912 2743 5  time 1994.13 0 1275.16
Iteration 537  HV  cores 2916 2747 4  time 1994.94 0 1279.32
Iteration 538  HV  cores 2920 2750 4  time 1995.68 0 1283.41
Iteration 539  HV  cores 2927 2757 7  time 1997.47 0 1287.43
Iteration 540  HV  cores 2931 2760 4  time 1997.86 0 1291.65
Iteration 541  HV  cores 2935 2763 4  time 1998.45 0 1295.92
Iteration 542  HV  cores 2939 2767 4  time 1999.03 0 1300.3
Iteration 543  HV  cores 2944 2771 5  time 2001.08 0 1304.68
Iteration 544  HV  cores 2948 2775 4  time 2001.57 0 1309.02
Iteration 545  HV  cores 2954 2781 6  time 2003.74 0 1313.44
Iteration 546  HV  cores 2960 2787 6  time 2005.47 0 1317.86
Iteration 547  HV  cores 2965 2792 5  time 2006.52 0 1322.1
Iteration 548  HV  cores 2969 2796 4  time 2007.65 0 1326.17
Iteration 549  HV  cores 2974 2801 5  time 2008.4 0 1330.59
Iteration 550  HV  cores 2978 2805 4  time 2009.65 0 1334.57
Iteration 551  HV  cores 2982 2809 4  time 2010.86 0 1339.03
Iteration 552  HV  cores 2988 2815 6  time 2013.36 0 1343.46
Iteration 553  HV  cores 2992 2818 4  time 2014.37 0 1347.72
Iteration 554  HV  cores 2997 2823 5  time 2015.72 0 1352.28
Iteration 555  HV  cores 3001 2827 4  time 2019.59 0 1356.62
Iteration 556  HV  cores 3005 2831 4  time 2021.45 0 1361.5
Iteration 557  HV  cores 3010 2836 5  time 2024.41 0 1365.83
Iteration 558  HV  cores 3015 2841 5  time 2025.92 0 1370.21
Iteration 559  HV  cores 3019 2845 4  time 2027.05 0 1374.47
Iteration 560  HV  cores 3025 2851 6  time 2029.76 0 1378.83
Iteration 561  HV  cores 3029 2855 4  time 2030.17 0 1383.12
Iteration 562  HV  cores 3033 2859 4  time 2030.6 0 1387.91
Iteration 563  HV  cores 3037 2862 4  time 2030.89 0 1392.17
Iteration 564  HV  cores 3043 2868 6  time 2032.77 0 1396.6
Iteration 565  HV  cores 3048 2873 5  time 2033.88 0 1401.23
Iteration 566  HV  cores 3052 2877 4  time 2035.19 0 1405.97
Iteration 567  HV  cores 3057 2882 5  time 2046.7 0 1410.45
Iteration 568  HV  cores 3062 2887 5  time 2055.49 0 1415.19
Iteration 569  HV  cores 3067 2892 5  time 2092.08 0 1419.89
Iteration 570  HV  cores 3071 2896 4  time 2095.64 0 1424.91
Iteration 571  HV  cores 3076 2901 5  time 2098.03 0 1429.53
Iteration 572  HV  cores 3082 2907 6  time 2101.29 0 1434.11
Iteration 573  HV  cores 3087 2911 5  time 2102.43 0 1438.84
Iteration 574  HV  cores 3091 2915 4  time 2103.58 0 1443.67
Iteration 575  HV  cores 3095 2919 4  time 2111.17 0 1448.34
Iteration 576  HV  cores 3099 2922 4  time 2114.25 0 1452.7
Iteration 577  HV  cores 3103 2926 4  time 2115.28 0 1457.03
