lb 2426810 ub 25142792 before adjustment
lb 0 ub 22715982 after adjustment
costs ready
31 variables 495 functions 2426810 lb, 22715982 ub
Iteration 0  HV  cores 23 23 23  time 150.123 0 0.399795
Iteration 1  HV  cores 41 41 18  time 258.853 0 0.896597
Iteration 2  HV  cores 62 62 21  time 340.92 0 1.4247
Iteration 3  HV  cores 82 81 20  time 395.392 0 1.94726
Iteration 4  HV  cores 101 99 19  time 457.867 0 2.4908
Iteration 5  HV  cores 119 117 18  time 513.596 0 3.05677
Iteration 6  HV  cores 139 137 20  time 575.091 0 3.67422
Iteration 7  HV  cores 157 154 18  time 652.176 0 4.315
Iteration 8  HV  cores 176 173 19  time 724.331 0 5.01362
Iteration 9  HV  cores 196 193 20  time 758.464 0 5.76734
Iteration 10  HV  cores 216 213 20  time 831.438 0 6.54824
Iteration 11  HV  cores 237 234 21  time 908.471 0 7.30164
Iteration 12  HV  cores 255 252 18  time 969.339 0 8.08356
Iteration 13  HV  cores 273 269 18  time 1020.1 0 8.88548
Iteration 14  HV  cores 294 290 21  time 1113.18 0 9.71031
Iteration 15  HV  cores 310 305 16  time 1159.86 0 10.5536
Iteration 16  HV  cores 328 323 18  time 1225.56 0 11.4289
Iteration 17  HV  cores 349 343 21  time 1316.66 0 12.3098
Iteration 18  HV  cores 367 361 18  time 1369.36 0 13.1956
Iteration 19  HV  cores 384 378 17  time 1454.44 0 14.1509
Iteration 20  HV  cores 402 396 18  time 1527.03 0 15.1639
Iteration 21  HV  cores 419 412 17  time 1567.54 0 16.1414
Iteration 22  HV  cores 439 431 20  time 1631.72 0 17.1558
Iteration 23  HV  cores 456 448 17  time 1687.61 0 18.1671
Iteration 24  HV  cores 475 467 19  time 1760.94 0 19.2107
Iteration 25  HV  cores 493 485 18  time 1830.17 0 20.3403
Iteration 26  HV  cores 513 503 20  time 1910.41 0 21.496
Iteration 27  HV  cores 529 518 16  time 1948.94 0 22.7095
Iteration 28  HV  cores 547 536 18  time 2003.48 0 23.9589
Iteration 29  HV  cores 566 554 19  time 2067.75 0 25.2141
Iteration 30  HV  cores 583 571 17  time 2174.6 0 26.4801
Iteration 31  HV  cores 601 588 18  time 2250.01 0 27.7995
Iteration 32  HV  cores 618 603 17  time 2300.78 0 29.1061
Iteration 33  HV  cores 636 621 18  time 2355.28 0 30.4315
Iteration 34  HV  cores 657 642 21  time 2421.58 0 31.7945
Iteration 35  HV  cores 675 660 18  time 2473.9 0 33.2561
Iteration 36  HV  cores 694 679 19  time 2525.42 0 34.7204
Iteration 37  HV  cores 713 698 19  time 2574.58 0 36.2381
Iteration 38  HV  cores 731 716 18  time 2666.68 0 37.73
Iteration 39  HV  cores 750 735 19  time 2745.91 0 39.3615
Iteration 40  HV  cores 768 753 18  time 2810.29 0 40.9459
Iteration 41  HV  cores 788 773 20  time 2883.67 0 42.596
Iteration 42  HV  cores 806 789 18  time 2928.58 0 44.3313
Iteration 43  HV  cores 825 808 19  time 2993.17 0 46.0941
Iteration 44  HV  cores 842 824 17  time 3055.51 0 47.9068
Iteration 45  HV  cores 861 842 19  time 3174.96 0 49.753
Iteration 46  HV  cores 877 856 16  time 3225.81 0 51.609
Iteration 47  HV  cores 894 873 17  time 3329.66 0 53.5114
Iteration 48  HV  cores 914 893 20  time 3429.1 0 55.4958
