lb 3588511 ub 26279402 before adjustment
lb 0 ub 22690891 after adjustment
costs ready
ub 22690885 after 2nd adjustment
38 variables 713 functions 3588511 lb, 22690885 ub
Iteration 0  HV  cores 19 19 19  time 22.4604 0 0.340783
Iteration 1  HV  cores 34 34 15  time 31.4516 0 0.774461
Iteration 2  HV  cores 47 46 13  time 44.5278 0 1.21502
Iteration 3  HV  cores 63 62 16  time 60.3193 0 1.68482
Iteration 4  HV  cores 77 76 14  time 71.3601 0 2.15814
Iteration 5  HV  cores 91 90 14  time 92.2276 0 2.62958
Iteration 6  HV  cores 105 104 14  time 104.285 0 3.12652
Iteration 7  HV  cores 119 118 14  time 116.845 0 3.64445
Iteration 8  HV  cores 135 134 16  time 131.117 0 4.15977
Iteration 9  HV  cores 150 149 15  time 150.028 0 4.69488
Iteration 10  HV  cores 164 163 14  time 166.248 0 5.2579
Iteration 11  HV  cores 178 177 14  time 182.435 0 5.85907
Iteration 12  HV  cores 192 191 14  time 193.135 0 6.49401
Iteration 13  HV  cores 204 203 12  time 206.356 0 7.17361
Iteration 14  HV  cores 219 218 15  time 242.438 0 7.90358
Iteration 15  HV  cores 232 231 13  time 259.375 0 8.62341
Iteration 16  HV  cores 246 243 14  time 279.35 0 9.38107
Iteration 17  HV  cores 260 257 14  time 290.313 0 10.1429
Iteration 18  HV  cores 274 271 14  time 317.186 0 10.9266
Iteration 19  HV  cores 287 284 13  time 335.436 0 11.7291
Iteration 20  HV  cores 300 297 13  time 357.073 0 12.5538
Iteration 21  HV  cores 314 311 14  time 375.688 0 13.4022
Iteration 22  HV  cores 326 323 12  time 387.135 0 14.253
Iteration 23  HV  cores 341 338 15  time 465.409 0 15.1143
Iteration 24  HV  cores 354 351 13  time 486.621 0 16.0062
Iteration 25  HV  cores 371 368 17  time 503.974 0 16.8983
Iteration 26  HV  cores 387 383 16  time 530.381 0 17.8433
Iteration 27  HV  cores 401 397 14  time 551.299 0 18.7623
Iteration 28  HV  cores 413 409 12  time 559.314 0 19.7301
Iteration 29  HV  cores 427 423 14  time 573.882 0 20.6898
Iteration 30  HV  cores 441 437 14  time 594.663 0 21.7007
Iteration 31  HV  cores 457 453 16  time 616.034 0 22.7283
Iteration 32  HV  cores 472 467 15  time 626.414 0 23.7583
Iteration 33  HV  cores 484 478 12  time 640.857 0 24.8459
Iteration 34  HV  cores 497 491 13  time 660.202 0 26.0124
Iteration 35  HV  cores 512 506 15  time 673.091 0 27.1465
Iteration 36  HV  cores 528 522 16  time 703.559 0 28.333
Iteration 37  HV  cores 542 536 14  time 729.392 0 29.5108
Iteration 38  HV  cores 554 547 12  time 751.684 0 30.7304
Iteration 39  HV  cores 566 559 12  time 763.535 0 31.964
Iteration 40  HV  cores 577 570 11  time 778.732 0 33.2667
Iteration 41  HV  cores 589 582 12  time 791.61 0 34.5429
Iteration 42  HV  cores 604 597 15  time 812.35 0 35.8435
Iteration 43  HV  cores 618 610 14  time 836.796 0 37.1131
Iteration 44  HV  cores 631 623 13  time 850.335 0 38.4185
Iteration 45  HV  cores 644 636 13  time 860.025 0 39.7562
Iteration 46  HV  cores 656 648 12  time 871.471 0 41.1029
Iteration 47  HV  cores 668 660 12  time 887.483 0 42.5515
Iteration 48  HV  cores 683 675 15  time 900.85 0 44.0154
Iteration 49  HV  cores 695 687 12  time 923.441 0 45.493
Iteration 50  HV  cores 711 703 16  time 958.281 0 47.0026
Iteration 51  HV  cores 722 714 11  time 971.622 0 48.4749
Iteration 52  HV  cores 734 726 12  time 983.875 0 50.0322
Iteration 53  HV  cores 746 738 12  time 991.361 0 51.6472
Iteration 54  HV  cores 759 750 13  time 1002.72 0 53.276
Iteration 55  HV  cores 770 761 11  time 1008.22 0 54.9516
Iteration 56  HV  cores 783 774 13  time 1025.29 0 56.6447
Iteration 57  HV  cores 794 785 11  time 1037.71 0 58.3074
Iteration 58  HV  cores 805 796 11  time 1050.82 0 60.1411
Iteration 59  HV  cores 816 807 11  time 1064.27 0 61.9777
Iteration 60  HV  cores 826 817 10  time 1070.22 0 63.8121
Iteration 61  HV  cores 840 831 14  time 1082.3 0 65.5847
Iteration 62  HV  cores 853 844 13  time 1100.74 0 67.4386
Iteration 63  HV  cores 865 856 12  time 1134.24 0 69.2828
Iteration 64  HV  cores 878 869 13  time 1147.95 0 71.1886
Iteration 65  HV  cores 890 881 12  time 1182.94 0 73.1863
Iteration 66  HV  cores 903 894 13  time 1199.47 0 75.1144
Iteration 67  HV  cores 916 907 13  time 1214.83 0 77.1583
Iteration 68  HV  cores 929 920 13  time 1228.68 0 79.1647
Iteration 69  HV  cores 942 933 13  time 1248.1 0 81.2559
Iteration 70  HV  cores 954 945 12  time 1286.25 0 83.3365
Iteration 71  HV  cores 966 957 12  time 1300.1 0 85.4694
Iteration 72  HV  cores 977 968 11  time 1323.47 0 87.5202
Iteration 73  HV  cores 991 982 14  time 1353.42 0 89.758
Iteration 74  HV  cores 1004 995 13  time 1364.2 0 92.0559
Iteration 75  HV  cores 1018 1009 14  time 1380.04 0 94.3157
Iteration 76  HV  cores 1030 1021 12  time 1391.63 0 96.6026
Iteration 77  HV  cores 1041 1032 11  time 1405.15 0 98.9899
Iteration 78  HV  cores 1052 1043 11  time 1444.71 0 101.25
Iteration 79  HV  cores 1065 1056 13  time 1459.27 0 103.675
Iteration 80  HV  cores 1078 1069 13  time 1476.85 0 106.208
Iteration 81  HV  cores 1090 1081 12  time 1488.99 0 108.65
Iteration 82  HV  cores 1104 1094 14  time 1501.24 0 111.087
Iteration 83  HV  cores 1115 1105 11  time 1535.06 0 113.703
Iteration 84  HV  cores 1129 1119 14  time 1551.99 0 116.264
Iteration 85  HV  cores 1142 1132 13  time 1564.58 0 118.797
Iteration 86  HV  cores 1155 1145 13  time 1579.16 0 121.437
Iteration 87  HV  cores 1167 1157 12  time 1614.13 0 124.146
Iteration 88  HV  cores 1180 1170 13  time 1636.44 0 126.857
Iteration 89  HV  cores 1193 1183 13  time 1662.16 0 129.754
Iteration 90  HV  cores 1206 1196 13  time 1688.95 0 132.548
Iteration 91  HV  cores 1218 1208 12  time 1702.23 0 135.211
Iteration 92  HV  cores 1229 1219 11  time 1709.46 0 138.241
Iteration 93  HV  cores 1242 1232 13  time 1724.47 0 141.076
Iteration 94  HV  cores 1256 1246 14  time 1734.95 0 144.016
Iteration 95  HV  cores 1268 1258 12  time 1743.75 0 146.947
Iteration 96  HV  cores 1281 1269 13  time 1755.71 0 149.956
Iteration 97  HV  cores 1294 1282 13  time 1767.16 0 152.901
Iteration 98  HV  cores 1306 1293 12  time 1776.66 0 156.03
Iteration 99  HV  cores 1321 1308 15  time 1793.29 0 159.154
Iteration 100  HV  cores 1335 1321 14  time 1830.79 0 162.179
Iteration 101  HV  cores 1348 1334 13  time 1839.9 0 165.37
Iteration 102  HV  cores 1362 1348 14  time 1853.69 0 168.658
Iteration 103  HV  cores 1374 1360 12  time 1861.8 0 171.612
Iteration 104  HV  cores 1386 1372 12  time 1871.07 0 174.962
Iteration 105  HV  cores 1397 1383 11  time 1900.28 0 178.47
Iteration 106  HV  cores 1410 1395 13  time 1914.01 0 181.674
Iteration 107  HV  cores 1423 1408 13  time 1944.07 0 185.047
Iteration 108  HV  cores 1437 1422 14  time 1957.88 0 188.434
Iteration 109  HV  cores 1449 1434 12  time 1975.92 0 191.872
Iteration 110  HV  cores 1463 1448 14  time 1984.17 0 195.347
Iteration 111  HV  cores 1476 1461 13  time 1992.64 0 198.772
Iteration 112  HV  cores 1489 1473 13  time 2003.09 0 202.282
Iteration 113  HV  cores 1501 1480 12  time 2007.93 0 205.831
Iteration 114  HV  cores 1514 1491 13  time 2015.9 0 209.38
Iteration 115  HV  cores 1526 1503 12  time 2039.77 0 213.071
Iteration 116  HV  cores 1538 1515 12  time 2071.39 0 216.754
Iteration 117  HV  cores 1550 1527 12  time 2083.39 0 220.503
Iteration 118  HV  cores 1562 1539 12  time 2090.98 0 224.047
Iteration 119  HV  cores 1575 1552 13  time 2098.07 0 227.775
Iteration 120  HV  cores 1588 1565 13  time 2106.28 0 231.617
Iteration 121  HV  cores 1600 1577 12  time 2113.66 0 235.379
Iteration 122  HV  cores 1614 1591 14  time 2131.03 0 238.902
Iteration 123  HV  cores 1626 1603 12  time 2139.48 0 243
Iteration 124  HV  cores 1639 1616 13  time 2176.67 0 246.681
Iteration 125  HV  cores 1651 1628 12  time 2189.61 0 250.36
Iteration 126  HV  cores 1663 1640 12  time 2198.65 0 254.568
Iteration 127  HV  cores 1674 1651 11  time 2218.12 0 258.477
Iteration 128  HV  cores 1688 1665 14  time 2247.14 0 262.598
Iteration 129  HV  cores 1701 1678 13  time 2256.69 0 266.661
Iteration 130  HV  cores 1711 1687 10  time 2261.49 0 270.689
Iteration 131  HV  cores 1724 1700 13  time 2271.16 0 274.932
Iteration 132  HV  cores 1736 1712 12  time 2287.11 0 279.434
Iteration 133  HV  cores 1748 1724 12  time 2304.91 0 283.941
Iteration 134  HV  cores 1762 1738 14  time 2315.98 0 288.583
Iteration 135  HV  cores 1776 1752 14  time 2326.39 0 292.857
Iteration 136  HV  cores 1789 1765 13  time 2342.64 0 297.454
Iteration 137  HV  cores 1800 1776 11  time 2348.97 0 301.853
Iteration 138  HV  cores 1813 1789 13  time 2354.61 0 306.576
Iteration 139  HV  cores 1825 1801 12  time 2368.25 0 311.115
Iteration 140  HV  cores 1838 1814 13  time 2379.88 0 315.933
Iteration 141  HV  cores 1851 1827 13  time 2387.93 0 320.682
Iteration 142  HV  cores 1864 1840 13  time 2397.09 0 325.288
Iteration 143  HV  cores 1876 1852 12  time 2405.97 0 330.252
Iteration 144  HV  cores 1887 1863 11  time 2412.9 0 334.995
Iteration 145  HV  cores 1901 1877 14  time 2418.47 0 339.964
Iteration 146  HV  cores 1915 1890 14  time 2426.34 0 345.037
Iteration 147  HV  cores 1928 1902 13  time 2433.56 0 349.97
Iteration 148  HV  cores 1939 1913 11  time 2443.82 0 354.973
Iteration 149  HV  cores 1951 1925 12  time 2449.34 0 360.087
Iteration 150  HV  cores 1963 1937 12  time 2459.02 0 365.183
Iteration 151  HV  cores 1973 1947 10  time 2464.66 0 370.306
Iteration 152  HV  cores 1983 1957 10  time 2470.92 0 375.404
Iteration 153  HV  cores 1997 1971 14  time 2478.35 0 380.862
Iteration 154  HV  cores 2008 1982 11  time 2482.64 0 386.297
Iteration 155  HV  cores 2021 1995 13  time 2494.35 0 391.417
Iteration 156  HV  cores 2032 2006 11  time 2500.65 0 396.679
Iteration 157  HV  cores 2044 2017 12  time 2506.19 0 402.05
Iteration 158  HV  cores 2057 2030 13  time 2513.78 0 407.483
Iteration 159  HV  cores 2068 2040 11  time 2528.16 0 412.882
Iteration 160  HV  cores 2080 2052 12  time 2537.44 0 418.367
Iteration 161  HV  cores 2091 2062 11  time 2542.24 0 423.722
Iteration 162  HV  cores 2103 2074 12  time 2549.52 0 429.34
Iteration 163  HV  cores 2113 2084 10  time 2560.8 0 434.925
Iteration 164  HV  cores 2125 2096 12  time 2574.5 0 440.922
Iteration 165  HV  cores 2137 2108 12  time 2581.73 0 446.44
Iteration 166  HV  cores 2149 2120 12  time 2590.93 0 452.535
Iteration 167  HV  cores 2160 2131 11  time 2601.51 0 458.664
Iteration 168  HV  cores 2171 2140 11  time 2608.21 0 464.251
Iteration 169  HV  cores 2183 2152 12  time 2614.05 0 470.226
Iteration 170  HV  cores 2193 2162 10  time 2624.62 0 476.347
Iteration 171  HV  cores 2205 2174 12  time 2635.41 0 482.366
Iteration 172  HV  cores 2215 2184 10  time 2641.31 0 488.707
Iteration 173  HV  cores 2227 2196 12  time 2648.36 0 494.974
Iteration 174  HV  cores 2239 2208 12  time 2656.76 0 501.178
Iteration 175  HV  cores 2249 2218 10  time 2662.2 0 506.864
Iteration 176  HV  cores 2261 2230 12  time 2667.81 0 513.093
Iteration 177  HV  cores 2272 2241 11  time 2673.73 0 519.336
Iteration 178  HV  cores 2282 2251 10  time 2687.6 0 525.733
Iteration 179  HV  cores 2294 2263 12  time 2696.35 0 531.8
Iteration 180  HV  cores 2306 2274 12  time 2708.85 0 538.217
Iteration 181  HV  cores 2316 2284 10  time 2712.9 0 544.678
Iteration 182  HV  cores 2327 2295 11  time 2721.74 0 551.273
Iteration 183  HV  cores 2338 2306 11  time 2731.44 0 557.849
Iteration 184  HV  cores 2350 2317 12  time 2738.42 0 564.59
Iteration 185  HV  cores 2361 2328 11  time 2744.41 0 571.548
Iteration 186  HV  cores 2371 2338 10  time 2748.24 0 578.194
Iteration 187  HV  cores 2382 2349 11  time 2756.8 0 584.669
Iteration 188  HV  cores 2392 2359 10  time 2760.41 0 591.224
Iteration 189  HV  cores 2405 2372 13  time 2768.19 0 598.155
Iteration 190  HV  cores 2417 2384 12  time 2776.2 0 604.522
Iteration 191  HV  cores 2428 2395 11  time 2781.72 0 611.395
Iteration 192  HV  cores 2439 2406 11  time 2786.86 0 618.123
Iteration 193  HV  cores 2451 2418 12  time 2793.97 0 625.036
Iteration 194  HV  cores 2462 2429 11  time 2799.5 0 632.131
Iteration 195  HV  cores 2473 2440 11  time 2803.25 0 639.309
Iteration 196  HV  cores 2483 2450 10  time 2808.43 0 645.985
Iteration 197  HV  cores 2494 2461 11  time 2815.13 0 653
Iteration 198  HV  cores 2505 2472 11  time 2823.16 0 660.154
Iteration 199  HV  cores 2517 2483 12  time 2828.37 0 667.066
Iteration 200  HV  cores 2528 2494 11  time 2833.54 0 674.195
Iteration 201  HV  cores 2540 2505 12  time 2842.89 0 681.665
Iteration 202  HV  cores 2551 2516 11  time 2871.53 0 689.123
