lb 1570058 ub 15927022 before adjustment
lb 0 ub 14356964 after adjustment
costs ready
26 variables 319 functions 1570058 lb, 14356964 ub
Iteration 0  HV  cores 6 6 6  time 1.08758 0 0.012384
Iteration 1 MHV  lb 1570068 ub 15927021  time 1.09269 0.191169 0.012384
Iteration 2  HV  cores 11 11 5  time 2.05891 0.191169 0.122509
Iteration 3 MHV  lb 1570074 ub 10122127  time 2.06356 0.405444 0.122509
Iteration 4  HV  cores 15 15 4  time 2.85027 0.405444 0.873652
Iteration 5 MHV  lb 1570075 ub 7891563  time 2.85492 0.631621 0.873652
Iteration 6  HV  cores 20 20 5  time 3.36328 0.631621 1.8221
Iteration 7 MHV  lb 1570076 ub 4995064  time 3.36786 0.858307 1.8221
Iteration 8  HV  cores 25 25 5  time 4.16733 0.858307 2.83221
Iteration 9  HV  cores 29 29 4  time 7.23375 0.858307 3.8201
Iteration 10 MHV  lb 1570091 ub 3544405  time 7.23854 1.09078 3.8201
Iteration 11  HV  cores 32 32 3  time 9.27719 1.09078 4.85343
Iteration 12 MHV  lb 1570150 ub 2735782  time 9.28393 1.32188 4.85343
Iteration 13  HV  cores 36 35 4  time 10.2076 1.32188 5.89835
Iteration 14  HV  cores 39 38 3  time 11.2151 1.32188 6.95317
Iteration 15 MHV  lb 1570165 ub 2319858  time 11.2212 1.56262 6.95317
Iteration 16  HV  cores 44 43 5  time 12.6956 1.56262 8.0139
Iteration 17  HV  cores 46 45 2  time 13.1257 1.56262 9.08491
Iteration 18  HV  cores 47 46 1  time 13.2382 1.56262 10.1644
Iteration 19  HV  cores 48 47 1  time 13.3282 1.56262 11.2462
Iteration 20  HV  cores 49 48 1  time 13.4869 1.56262 12.3264
Iteration 21  HV  cores 50 49 1  time 13.7292 1.56262 13.4052
Iteration 22  HV  cores 51 50 1  time 13.8325 1.56262 14.4862
Iteration 23  HV  cores 52 51 1  time 13.9175 1.56262 15.5665
Iteration 24  HV  cores 53 52 1  time 14.1048 1.56262 16.6469
Iteration 25  HV  cores 54 53 1  time 14.2067 1.56262 17.7284
Iteration 26  HV  cores 55 54 1  time 14.3718 1.56262 18.7977
Iteration 27  HV  cores 56 55 1  time 14.527 1.56262 19.8632
Iteration 28  HV  cores 58 57 2  time 14.7705 1.56262 20.9288
Iteration 29  HV  cores 59 58 1  time 14.8403 1.56262 21.9936
Iteration 30  HV  cores 60 59 1  time 14.8648 1.56262 23.0595
Iteration 31  HV  cores 61 60 1  time 14.9135 1.56262 24.1275
Iteration 32 MHV  lb 1570187 ub 1985008  time 14.9188 1.82153 24.1275
Iteration 33  HV  cores 65 64 4  time 20.4602 1.82153 25.2275
Iteration 34  HV  cores 66 65 1  time 20.5082 1.82153 26.3384
Iteration 35  HV  cores 67 66 1  time 20.8851 1.82153 27.4336
Iteration 36  HV  cores 69 68 2  time 21.1742 1.82153 28.5324
Iteration 37  HV  cores 70 69 1  time 21.2948 1.82153 29.6602
Iteration 38  HV  cores 71 70 1  time 21.5599 1.82153 30.7915
Iteration 39  HV  cores 72 71 1  time 21.6543 1.82153 31.9191
Iteration 40  HV  cores 74 73 2  time 22.3197 1.82153 33.0551
Iteration 41  HV  cores 77 76 3  time 22.8911 1.82153 34.1687
Iteration 42  HV  cores 80 79 3  time 24.0772 1.82153 35.2855
Iteration 43  HV  cores 83 82 3  time 24.618 1.82153 36.4002
Iteration 44  HV  cores 85 84 2  time 25.1025 1.82153 37.5192
Iteration 45  HV  cores 87 86 2  time 25.4195 1.82153 38.6371
Iteration 46  HV  cores 89 88 2  time 25.6244 1.82153 39.7538
Iteration 47  HV  cores 91 90 2  time 25.8731 1.82153 40.875
Iteration 48  HV  cores 93 92 2  time 26.111 1.82153 42.0003
Iteration 49  HV  cores 95 94 2  time 26.3484 1.82153 43.1218
Iteration 50  HV  cores 97 96 2  time 26.5032 1.82153 44.2431
Iteration 51  HV  cores 98 97 1  time 26.5959 1.82153 45.3641
Iteration 52  HV  cores 99 98 1  time 26.7087 1.82153 46.4862
Iteration 53  HV  cores 100 99 1  time 26.8057 1.82153 47.6068
Iteration 54  HV  cores 101 100 1  time 26.9769 1.82153 48.7283
Iteration 55  HV  cores 102 101 1  time 27.1798 1.82153 49.8521
Iteration 56  HV  cores 103 101 1  time 27.3262 1.82153 50.9773
Iteration 57  HV  cores 104 102 1  time 27.465 1.82153 52.1032
Iteration 58  HV  cores 105 102 1  time 27.5708 1.82153 53.2287
Iteration 59  HV  cores 106 102 1  time 27.679 1.82153 54.3533
Iteration 60  HV  cores 108 104 2  time 28.1921 1.82153 55.4813
Iteration 61  HV  cores 109 105 1  time 28.325 1.82153 56.6091
Iteration 62  HV  cores 110 106 1  time 28.5324 1.82153 57.7371
Iteration 63  HV  cores 111 107 1  time 28.6533 1.82153 58.8673
Iteration 64  HV  cores 113 109 2  time 28.9239 1.82153 59.996
Iteration 65  HV  cores 114 110 1  time 29.057 1.82153 61.1258
Iteration 66  HV  cores 115 111 1  time 29.4203 1.82153 62.2556
Iteration 67  HV  cores 116 112 1  time 29.5217 1.82153 63.3866
Iteration 68  HV  cores 117 112 1  time 29.6244 1.82153 64.5216
Iteration 69  HV  cores 118 112 1  time 30.0765 1.82153 65.6533
Iteration 70  HV  cores 120 114 2  time 30.8258 1.82153 66.7829
Iteration 71  HV  cores 122 115 2  time 31.1302 1.82153 67.9149
Iteration 72  HV  cores 124 116 2  time 31.3653 1.82153 69.0493
Iteration 73  HV  cores 126 118 2  time 31.6046 1.82153 70.1807
Iteration 74  HV  cores 128 120 2  time 31.8398 1.82153 71.3131
Iteration 75  HV  cores 130 121 2  time 32.0245 1.82153 72.4476
Iteration 76  HV  cores 132 123 2  time 32.2469 1.82153 73.5836
Iteration 77  HV  cores 134 125 2  time 32.379 1.82153 74.7242
Iteration 78  HV  cores 137 127 3  time 34.7517 1.82153 75.8646
Iteration 79  HV  cores 139 129 2  time 35.1291 1.82153 77.0021
Iteration 80  HV  cores 141 130 2  time 35.3953 1.82153 78.1406
Iteration 81  HV  cores 143 132 2  time 35.6199 1.82153 79.2761
Iteration 82  HV  cores 144 133 1  time 35.813 1.82153 80.4145
Iteration 83  HV  cores 145 134 1  time 35.9999 1.82153 81.5529
Iteration 84  HV  cores 146 134 1  time 36.1666 1.82153 82.6948
Iteration 85  HV  cores 147 135 1  time 36.4132 1.82153 83.8401
Iteration 86  HV  cores 148 136 1  time 36.5657 1.82153 84.9826
Iteration 87  HV  cores 149 137 1  time 36.7618 1.82153 86.1254
Iteration 88  HV  cores 150 138 1  time 36.9091 1.82153 87.2735
Iteration 89  HV  cores 152 139 2  time 37.094 1.82153 88.4175
Iteration 90  HV  cores 154 141 2  time 37.3536 1.82153 89.5595
Iteration 91  HV  cores 156 142 2  time 37.5496 1.82153 90.7029
Iteration 92  HV  cores 158 144 2  time 37.8327 1.82153 91.8432
Iteration 93  HV  cores 160 146 2  time 38.0295 1.82153 92.9918
Iteration 94  HV  cores 162 147 2  time 38.2103 1.82153 94.1401
Iteration 95  HV  cores 164 149 2  time 38.5736 1.82153 95.2894
Iteration 96  HV  cores 166 150 2  time 39.1421 1.82153 96.4386
Iteration 97  HV  cores 169 153 3  time 40.4902 1.82153 97.5914
Iteration 98  HV  cores 171 155 2  time 40.9211 1.82153 98.7414
Iteration 99  HV  cores 173 157 2  time 41.3722 1.82153 99.8946
Iteration 100  HV  cores 175 159 2  time 42.205 1.82153 101.048
Iteration 101  HV  cores 178 162 3  time 43.6496 1.82153 102.204
Iteration 102  HV  cores 181 165 3  time 51.9557 1.82153 103.357
Iteration 103  HV  cores 184 168 3  time 52.5102 1.82153 104.519
Iteration 104  HV  cores 187 171 3  time 54.546 1.82153 105.68
Iteration 105  HV  cores 190 174 3  time 56.9484 1.82153 106.841
Iteration 106  HV  cores 193 177 3  time 58.5346 1.82153 108.011
Iteration 107  HV  cores 195 179 2  time 71.3748 1.82153 109.194
Iteration 108  HV  cores 198 182 3  time 73.5135 1.82153 110.361
Iteration 109  HV  cores 200 183 2  time 74.3442 1.82153 111.522
Iteration 110  HV  cores 202 185 2  time 75.1589 1.82153 112.687
Iteration 111  HV  cores 205 188 3  time 76.8368 1.82153 113.853
Iteration 112  HV  cores 208 191 3  time 77.949 1.82153 115.022
Iteration 113  HV  cores 210 191 2  time 78.2593 1.82153 116.192
Iteration 114  HV  cores 212 191 2  time 78.7263 1.82153 117.361
Iteration 115  HV  cores 214 192 2  time 79.418 1.82153 118.53
Iteration 116  HV  cores 216 193 2  time 79.8782 1.82153 119.695
Iteration 117  HV  cores 218 194 2  time 80.3292 1.82153 120.865
Iteration 118  HV  cores 220 195 2  time 80.5729 1.82153 122.032
Iteration 119  HV  cores 222 196 2  time 81.0122 1.82153 123.205
Iteration 120  HV  cores 224 197 2  time 81.4381 1.82153 124.38
Iteration 121  HV  cores 226 197 2  time 82.0087 1.82153 125.554
Iteration 122  HV  cores 228 199 2  time 82.9297 1.82153 126.73
Iteration 123  HV  cores 230 200 2  time 83.0677 1.82153 127.901
Iteration 124  HV  cores 232 201 2  time 83.5228 1.82153 129.075
Iteration 125  HV  cores 234 202 2  time 83.9381 1.82153 130.251
Iteration 126  HV  cores 236 204 2  time 84.3567 1.82153 131.425
Iteration 127  HV  cores 238 204 2  time 84.6603 1.82153 132.597
Iteration 128  HV  cores 240 206 2  time 85.4151 1.82153 133.772
Iteration 129  HV  cores 242 206 2  time 85.7418 1.82153 134.947
Iteration 130  HV  cores 244 207 2  time 86.0443 1.82153 136.122
Iteration 131  HV  cores 246 206 2  time 86.2754 1.82153 137.298
Iteration 132  HV  cores 248 208 2  time 86.7151 1.82153 138.476
Iteration 133  HV  cores 250 210 2  time 87.8101 1.82153 139.654
Iteration 134  HV  cores 252 211 2  time 88.2619 1.82153 140.841
Iteration 135  HV  cores 254 212 2  time 88.5963 1.82153 142.024
Iteration 136  HV  cores 256 213 2  time 89.0476 1.82153 143.21
Iteration 137  HV  cores 258 214 2  time 89.5964 1.82153 144.39
Iteration 138  HV  cores 260 215 2  time 89.8425 1.82153 145.576
Iteration 139  HV  cores 262 216 2  time 90.1696 1.82153 146.76
Iteration 140  HV  cores 265 218 3  time 90.5252 1.82153 147.942
Iteration 141  HV  cores 268 220 3  time 90.8406 1.82153 149.125
Iteration 142  HV  cores 270 221 2  time 91.1881 1.82153 150.304
Iteration 143  HV  cores 272 222 2  time 91.4986 1.82153 151.485
Iteration 144  HV  cores 274 224 2  time 92.0725 1.82153 152.664
Iteration 145  HV  cores 275 225 1  time 92.4586 1.82153 153.846
Iteration 146  HV  cores 276 225 1  time 92.7562 1.82153 155.026
Iteration 147  HV  cores 277 225 1  time 92.9451 1.82153 156.205
Iteration 148  HV  cores 278 225 1  time 93.1223 1.82153 157.385
Iteration 149  HV  cores 279 225 1  time 93.2358 1.82153 158.567
Iteration 150  HV  cores 280 224 1  time 93.613 1.82153 159.749
Iteration 151  HV  cores 281 225 1  time 93.8903 1.82153 160.93
Iteration 152  HV  cores 282 224 1  time 94.1133 1.82153 162.112
Iteration 153  HV  cores 283 224 1  time 94.207 1.82153 163.295
Iteration 154  HV  cores 284 224 1  time 94.3489 1.82153 164.481
Iteration 155  HV  cores 285 224 1  time 94.7549 1.82153 165.663
Iteration 156  HV  cores 286 224 1  time 95.0794 1.82153 166.844
Iteration 157  HV  cores 287 224 1  time 95.5083 1.82153 168.028
Iteration 158  HV  cores 288 224 1  time 95.7747 1.82153 169.212
Iteration 159  HV  cores 289 224 1  time 95.8686 1.82153 170.396
Iteration 160  HV  cores 290 225 1  time 96.0461 1.82153 171.58
Iteration 161  HV  cores 291 226 1  time 96.3844 1.82153 172.766
Iteration 162  HV  cores 292 225 1  time 96.5384 1.82153 173.953
Iteration 163  HV  cores 293 225 1  time 96.8792 1.82153 175.138
Iteration 164  HV  cores 294 225 1  time 97.041 1.82153 176.323
Iteration 165  HV  cores 295 225 1  time 97.1945 1.82153 177.508
Iteration 166  HV  cores 296 225 1  time 97.5366 1.82153 178.695
Iteration 167  HV  cores 297 225 1  time 97.7678 1.82153 179.883
Iteration 168  HV  cores 298 225 1  time 98.0377 1.82153 181.068
Iteration 169  HV  cores 299 225 1  time 98.5938 1.82153 182.254
Iteration 170  HV  cores 300 226 1  time 99.0779 1.82153 183.443
Iteration 171  HV  cores 301 226 1  time 99.1538 1.82153 184.629
Iteration 172  HV  cores 302 226 1  time 99.348 1.82153 185.818
Iteration 173  HV  cores 304 228 2  time 101.316 1.82153 187.007
Iteration 174  HV  cores 306 230 2  time 102.583 1.82153 188.192
Iteration 175  HV  cores 307 231 1  time 102.849 1.82153 189.382
Iteration 176  HV  cores 308 231 1  time 103.087 1.82153 190.568
Iteration 177  HV  cores 309 232 1  time 103.294 1.82153 191.754
Iteration 178  HV  cores 310 232 1  time 103.497 1.82153 192.94
Iteration 179  HV  cores 311 232 1  time 103.69 1.82153 194.126
Iteration 180  HV  cores 312 232 1  time 103.904 1.82153 195.318
Iteration 181  HV  cores 313 232 1  time 104.057 1.82153 196.506
Iteration 182  HV  cores 314 232 1  time 104.255 1.82153 197.694
Iteration 183  HV  cores 315 233 1  time 105.053 1.82153 198.881
Iteration 184  HV  cores 316 233 1  time 105.265 1.82153 200.069
Iteration 185  HV  cores 317 233 1  time 105.588 1.82153 201.259
Iteration 186  HV  cores 318 234 1  time 106.957 1.82153 202.451
Iteration 187  HV  cores 319 235 1  time 109.346 1.82153 203.666
Iteration 188 MHV  lb 1570221 ub 1985007  time 109.353 2.28539 203.666
Iteration 189  HV  cores 323 239 4  time 111.58 2.28539 204.904
Iteration 190 MHV  lb 1570222 ub 1984291  time 111.588 2.76266 204.904
Iteration 191  HV  cores 327 243 4  time 114.892 2.76266 206.153
Iteration 192  HV  cores 331 247 4  time 116.024 2.76266 207.387
Iteration 193 MHV  lb 1570224 ub 1984195  time 116.043 3.30109 207.387
Iteration 194  HV  cores 336 252 5  time 118.477 3.30109 208.611
Iteration 195  HV  cores 340 255 4  time 121.178 3.30109 209.829
Iteration 196  HV  cores 345 260 5  time 125.359 3.30109 211.044
Iteration 197 MHV  lb 1570230 ub 1984194  time 125.366 4.23147 211.044
Iteration 198  HV  cores 350 265 5  time 126.001 4.23147 212.288
Iteration 199 MHV  lb 1570231 ub 1983369  time 126.007 4.77759 212.288
Iteration 200  HV  cores 354 269 4  time 126.819 4.77759 213.515
Iteration 201 MHV  lb 1570232 ub 1982349  time 126.826 5.65761 213.515
Iteration 202  HV  cores 358 273 4  time 127.504 5.65761 214.747
Iteration 203  HV  cores 362 277 4  time 128.872 5.65761 215.972
Iteration 204  HV  cores 365 280 3  time 132.988 5.65761 217.19
Iteration 205 MHV  lb 1570236 ub 1982348  time 132.994 6.36433 217.19
Iteration 206  HV  cores 369 284 4  time 135.974 6.36433 218.449
Iteration 207 MHV  lb 1570238 ub 1981493  time 135.98 7.32344 218.449
Iteration 208  HV  cores 373 288 4  time 137.102 7.32344 219.706
Iteration 209  HV  cores 377 292 4  time 139.208 7.32344 220.944
Iteration 210 MHV  lb 1570242 ub 1980424  time 139.214 7.92898 220.944
Iteration 211  HV  cores 381 296 4  time 140.06 7.92898 222.193
Iteration 212  HV  cores 385 300 4  time 142.295 7.92898 223.419
Iteration 213 MHV  lb 1570245 ub 1980423  time 142.301 8.42762 223.419
Iteration 214  HV  cores 390 304 5  time 143.033 8.42762 224.666
Iteration 215 MHV  lb 1570246 ub 1973367  time 143.043 9.03983 224.666
Iteration 216  HV  cores 395 309 5  time 144.104 9.03983 225.917
Iteration 217  HV  cores 400 313 5  time 145.051 9.03983 227.153
Iteration 218 MHV  lb 1570247 ub 1973232  time 145.057 9.61068 227.153
Iteration 219  HV  cores 404 317 4  time 146.045 9.61068 228.38
Iteration 220  HV  cores 409 322 5  time 147.645 9.61068 229.599
Iteration 221 MHV  lb 1570249 ub 1971522  time 147.652 10.2152 229.599
Iteration 222  HV  cores 414 326 5  time 148.515 10.2152 230.849
Iteration 223 MHV  lb 1570254 ub 1964507  time 148.521 11.8608 230.849
Iteration 224  HV  cores 418 330 4  time 149.987 11.8608 232.114
Iteration 225  HV  cores 423 334 5  time 150.889 11.8608 233.387
Iteration 226 MHV  lb 1570255 ub 1963523  time 150.895 13.0791 233.387
Iteration 227  HV  cores 426 337 3  time 151.349 13.0791 234.652
Iteration 228  HV  cores 429 340 3  time 151.874 13.0791 235.9
Iteration 229 MHV  lb 1570255 ub 1963522  time 151.881 14.4309 235.9
Iteration 230  HV  cores 433 344 4  time 152.88 14.4309 237.198
Iteration 231 MHV  lb 1570256 ub 1963128  time 152.887 15.9523 237.198
Iteration 232  HV  cores 438 349 5  time 153.741 15.9523 238.499
Iteration 233  HV  cores 442 353 4  time 155.514 15.9523 239.795
Iteration 234 MHV  lb 1570257 ub 1962108  time 155.542 17.1277 239.795
Iteration 235  HV  cores 446 357 4  time 157.461 17.1277 241.076
Iteration 236  HV  cores 450 361 4  time 158.739 17.1277 242.35
Iteration 237  HV  cores 454 365 4  time 160.285 17.1277 243.611
Iteration 238 MHV  lb 1570258 ub 1962107  time 160.296 18.1289 243.611
Iteration 239  HV  cores 458 369 4  time 161.131 18.1289 244.917
Iteration 240 MHV  lb 1570259 ub 1962047  time 161.148 20.0417 244.917
Iteration 241  HV  cores 462 372 4  time 162.253 20.0417 246.22
Iteration 242  HV  cores 466 375 4  time 164.729 20.0417 247.504
Iteration 243  HV  cores 470 379 4  time 166.03 20.0417 248.781
Iteration 244 MHV  lb 1570262 ub 1961915  time 166.041 21.5499 248.781
Iteration 245  HV  cores 474 383 4  time 166.469 21.5499 250.054
Iteration 246  HV  cores 478 387 4  time 167.424 21.5499 251.322
Iteration 247  HV  cores 481 390 3  time 167.852 21.5499 252.579
Iteration 248 MHV  lb 1570262 ub 1961914  time 167.859 23.905 252.579
Iteration 249  HV  cores 484 393 3  time 168.228 23.905 253.879
Iteration 250 MHV  lb 1570262 ub 1961501  time 168.236 25.5547 253.879
Iteration 251  HV  cores 487 396 3  time 168.484 25.5547 255.173
Iteration 252  HV  cores 491 400 4  time 169.541 25.5547 256.452
Iteration 253  HV  cores 494 403 3  time 173.586 25.5547 257.723
Iteration 254  HV  cores 497 406 3  time 177.715 25.5547 258.986
Iteration 255 MHV  lb 1570262 ub 1961141  time 177.722 27.5556 258.986
Iteration 256  HV  cores 500 409 3  time 179.244 27.5556 260.284
Iteration 257 MHV  lb 1570264 ub 1954848  time 179.25 30.7801 260.284
Iteration 258  HV  cores 503 412 3  time 179.7 30.7801 261.596
Iteration 259  HV  cores 508 417 5  time 180.613 30.7801 262.898
Iteration 260  HV  cores 511 420 3  time 181.761 30.7801 264.196
Iteration 261  HV  cores 514 423 3  time 183.238 30.7801 265.476
Iteration 262 MHV  lb 1570265 ub 1952741  time 183.244 32.8493 265.476
Iteration 263  HV  cores 517 426 3  time 183.901 32.8493 266.756
Iteration 264  HV  cores 520 429 3  time 185.102 32.8493 268.032
Iteration 265 MHV  lb 1570266 ub 1952740  time 185.109 35.9323 268.032
Iteration 266  HV  cores 524 433 4  time 186.92 35.9323 269.362
Iteration 267  HV  cores 527 436 3  time 187.586 35.9323 270.673
Iteration 268 MHV  lb 1570266 ub 1951330  time 187.592 39.0227 270.673
Iteration 269  HV  cores 530 439 3  time 187.869 39.0227 271.99
Iteration 270  HV  cores 533 442 3  time 188.845 39.0227 273.298
Iteration 271  HV  cores 537 446 4  time 189.918 39.0227 274.589
Iteration 272  HV  cores 541 450 4  time 190.534 39.0227 275.87
Iteration 273  HV  cores 545 453 4  time 190.902 39.0227 277.153
Iteration 274  HV  cores 550 456 5  time 192.149 39.0227 278.425
Iteration 275 MHV  lb 1570268 ub 1951329  time 192.158 42.6992 278.425
Iteration 276  HV  cores 554 460 4  time 192.788 42.6992 279.758
Iteration 277  HV  cores 558 464 4  time 193.443 42.6992 281.084
Iteration 278  HV  cores 563 469 5  time 194.697 42.6992 282.402
Iteration 279  HV  cores 566 472 3  time 197.967 42.6992 283.715
Iteration 280 MHV  lb 1570268 ub 1951006  time 197.984 45.9042 283.715
Iteration 281  HV  cores 571 477 5  time 198.815 45.9042 285.023
Iteration 282  HV  cores 575 481 4  time 202.181 45.9042 286.321
Iteration 283  HV  cores 577 483 2  time 202.604 45.9042 287.603
Iteration 284 MHV  lb 1570289 ub 1951005  time 202.61 49.3933 287.603
Iteration 285  HV  cores 581 487 4  time 203.46 49.3933 288.935
Iteration 286  HV  cores 585 491 4  time 206.134 49.3933 290.261
Iteration 287  HV  cores 586 492 1  time 206.337 49.3933 291.579
Iteration 288 MHV  lb 1570291 ub 1944819  time 206.343 52.7338 291.579
Iteration 289  HV  cores 589 495 3  time 207.131 52.7338 292.903
Iteration 290  HV  cores 592 498 3  time 207.562 52.7338 294.227
Iteration 291  HV  cores 596 502 4  time 208.729 52.7338 295.535
Iteration 292  HV  cores 598 504 2  time 209.705 52.7338 296.833
Iteration 293  HV  cores 602 508 4  time 211.329 52.7338 298.143
Iteration 294 MHV  lb 1570302 ub 1944250  time 211.336 56.1242 298.143
Iteration 295  HV  cores 605 511 3  time 212.954 56.1242 299.474
Iteration 296  HV  cores 608 514 3  time 214.292 56.1242 300.791
Iteration 297  HV  cores 611 517 3  time 215.673 56.1242 302.09
Iteration 298  HV  cores 614 520 3  time 217.692 56.1242 303.383
Iteration 299  HV  cores 617 523 3  time 219.683 56.1242 304.665
Iteration 300 MHV  lb 1570303 ub 1944249  time 219.689 61.2 304.665
Iteration 301  HV  cores 621 527 4  time 221.083 61.2 305.996
Iteration 302  HV  cores 625 531 4  time 221.978 61.2 307.318
Iteration 303 MHV  lb 1570303 ub 1943971  time 221.986 64.9674 307.318
Iteration 304  HV  cores 628 534 3  time 222.673 64.9674 308.649
Iteration 305  HV  cores 632 538 4  time 223.976 64.9674 309.972
Iteration 306  HV  cores 635 541 3  time 225.106 64.9674 311.28
Iteration 307  HV  cores 638 544 3  time 226.978 64.9674 312.593
Iteration 308  HV  cores 641 547 3  time 230.38 64.9674 313.898
Iteration 309  HV  cores 645 551 4  time 230.935 64.9674 315.194
Iteration 310 MHV  lb 1570305 ub 1943970  time 230.941 69.538 315.194
Iteration 311  HV  cores 648 554 3  time 237.042 69.538 316.527
Iteration 312  HV  cores 652 558 4  time 237.872 69.538 317.856
Iteration 313 MHV  lb 1570307 ub 1943963  time 237.88 73.1151 317.856
Iteration 314  HV  cores 655 561 3  time 238.558 73.1151 319.195
Iteration 315  HV  cores 659 565 4  time 240.014 73.1151 320.523
Iteration 316  HV  cores 663 569 4  time 241.3 73.1151 321.833
Iteration 317 MHV  lb 1570307 ub 1937701  time 241.31 77.3044 321.833
Iteration 318  HV  cores 667 573 4  time 242.139 77.3044 323.15
Iteration 319  HV  cores 668 574 1  time 242.245 77.3044 324.459
Iteration 320  HV  cores 672 577 4  time 244.334 77.3044 325.77
Iteration 321 MHV  lb 1570308 ub 1937700  time 244.341 82.292 325.77
Iteration 322  HV  cores 675 580 3  time 245.071 82.292 327.138
Iteration 323  HV  cores 677 582 2  time 246.545 82.292 328.499
Iteration 324  HV  cores 681 586 4  time 247.575 82.292 329.854
Iteration 325 MHV  lb 1570309 ub 1937614  time 247.584 88.3369 329.854
Iteration 326  HV  cores 685 590 4  time 249.025 88.3369 331.199
Iteration 327  HV  cores 689 594 4  time 250.861 88.3369 332.52
Iteration 328  HV  cores 692 597 3  time 251.961 88.3369 333.825
Iteration 329 MHV  lb 1570309 ub 1937613  time 251.968 93.882 333.825
Iteration 330  HV  cores 695 600 3  time 252.802 93.882 335.153
Iteration 331  HV  cores 698 603 3  time 253.39 93.882 336.476
Iteration 332  HV  cores 702 607 4  time 255.259 93.882 337.795
Iteration 333 MHV  lb 1570311 ub 1937269  time 255.267 98.1742 337.795
Iteration 334  HV  cores 706 611 4  time 255.998 98.1742 339.131
Iteration 335  HV  cores 710 615 4  time 257.304 98.1742 340.461
Iteration 336  HV  cores 711 616 1  time 257.361 98.1742 341.776
Iteration 337 MHV  lb 1570312 ub 1930632  time 257.366 102.714 341.776
Iteration 338  HV  cores 715 620 4  time 257.807 102.714 343.082
Iteration 339  HV  cores 718 623 3  time 260.591 102.714 344.393
Iteration 340  HV  cores 721 626 3  time 261.668 102.714 345.696
Iteration 341  HV  cores 723 628 2  time 261.936 102.714 346.991
Iteration 342 MHV  lb 1570314 ub 1930631  time 261.942 108.036 346.991
Iteration 343  HV  cores 726 631 3  time 263.171 108.036 348.341
Iteration 344 MHV  lb 1570315 ub 1930296  time 263.178 116.155 348.341
Iteration 345  HV  cores 730 634 4  time 264.215 116.155 349.682
Iteration 346  HV  cores 734 638 4  time 264.851 116.155 351.01
Iteration 347  HV  cores 738 642 4  time 267.147 116.155 352.329
Iteration 348  HV  cores 741 645 3  time 270.747 116.155 353.639
Iteration 349  HV  cores 744 648 3  time 271.623 116.155 354.943
Iteration 350  HV  cores 747 651 3  time 272.243 116.155 356.238
Iteration 351 MHV  lb 1570315 ub 1923977  time 272.251 120.867 356.238
Iteration 352  HV  cores 750 654 3  time 273.499 120.867 357.554
Iteration 353 MHV  lb 1570316 ub 1923957  time 273.507 126.773 357.554
Iteration 354  HV  cores 753 657 3  time 275.049 126.773 358.859
Iteration 355  HV  cores 756 660 3  time 276.362 126.773 360.158
Iteration 356  HV  cores 757 661 1  time 276.444 126.773 361.443
Iteration 357 MHV  lb 1570317 ub 1923956  time 276.451 131.746 361.443
Iteration 358  HV  cores 759 663 2  time 277.767 131.746 362.784
Iteration 359 MHV  lb 1570318 ub 1923848  time 277.776 139.153 362.784
Iteration 360  HV  cores 761 665 2  time 279.761 139.153 364.124
Iteration 361  HV  cores 764 668 3  time 280.392 139.153 365.463
Iteration 362  HV  cores 767 671 3  time 281.158 139.153 366.79
Iteration 363  HV  cores 770 674 3  time 283.899 139.153 368.126
Iteration 364  HV  cores 773 677 3  time 284.27 139.153 369.447
Iteration 365 MHV  lb 1570319 ub 1923723  time 284.278 144.985 369.447
Iteration 366  HV  cores 776 680 3  time 285.168 144.985 370.766
Iteration 367  HV  cores 779 683 3  time 286.035 144.985 372.083
Iteration 368  HV  cores 783 687 4  time 288.504 144.985 373.384
Iteration 369 MHV  lb 1570320 ub 1923722  time 288.517 150.543 373.384
Iteration 370  HV  cores 785 689 2  time 289.41 150.543 374.74
Iteration 371 MHV  lb 1570320 ub 1923699  time 289.422 156.78 374.74
Iteration 372  HV  cores 787 691 2  time 291.625 156.78 376.098
Iteration 373  HV  cores 789 693 2  time 292.107 156.78 377.438
Iteration 374  HV  cores 792 696 3  time 293.051 156.78 378.771
Iteration 375  HV  cores 794 698 2  time 293.69 156.78 380.098
Iteration 376 MHV  lb 1570320 ub 1923665  time 293.699 162.647 380.098
Iteration 377  HV  cores 796 700 2  time 294.782 162.647 381.418
Iteration 378  HV  cores 798 702 2  time 295.36 162.647 382.732
Iteration 379  HV  cores 801 705 3  time 295.951 162.647 384.043
Iteration 380  HV  cores 804 708 3  time 298.115 162.647 385.343
Iteration 381 MHV  lb 1570320 ub 1923664  time 298.124 168.07 385.343
Iteration 382  HV  cores 806 709 2  time 298.683 168.07 386.696
Iteration 383 MHV  lb 1570320 ub 1923331  time 298.692 176.878 386.696
Iteration 384  HV  cores 808 711 2  time 298.895 176.878 388.052
Iteration 385  HV  cores 811 714 3  time 299.259 176.878 389.398
Iteration 386  HV  cores 814 717 3  time 299.862 176.878 390.737
Iteration 387  HV  cores 817 720 3  time 301.043 176.878 392.092
Iteration 388  HV  cores 820 723 3  time 303.845 176.878 393.432
Iteration 389 MHV  lb 1570320 ub 1923237  time 303.853 182.726 393.432
Iteration 390  HV  cores 822 725 2  time 305.563 182.726 394.764
Iteration 391  HV  cores 825 728 3  time 306.508 182.726 396.093
Iteration 392  HV  cores 828 731 3  time 306.996 182.726 397.419
Iteration 393  HV  cores 830 733 2  time 308.66 182.726 398.737
Iteration 394  HV  cores 833 736 3  time 309.296 182.726 400.046
Iteration 395 MHV  lb 1570320 ub 1923236  time 309.302 188.653 400.046
Iteration 396  HV  cores 835 738 2  time 310.383 188.653 401.407
Iteration 397 MHV  lb 1570320 ub 1923127  time 310.39 195.501 401.407
Iteration 398  HV  cores 837 740 2  time 311.036 195.501 402.756
Iteration 399  HV  cores 841 744 4  time 312.055 195.501 404.102
Iteration 400  HV  cores 844 747 3  time 312.866 195.501 405.441
Iteration 401  HV  cores 846 749 2  time 313.28 195.501 406.778
Iteration 402 MHV  lb 1570320 ub 1922608  time 313.289 203.32 406.778
Iteration 403  HV  cores 849 752 3  time 314.338 203.32 408.12
Iteration 404  HV  cores 851 754 2  time 314.634 203.32 409.453
Iteration 405  HV  cores 854 757 3  time 316.034 203.32 410.777
Iteration 406  HV  cores 856 759 2  time 316.716 203.32 412.09
Iteration 407 MHV  lb 1570321 ub 1922607  time 316.723 210.248 412.09
Iteration 408  HV  cores 858 761 2  time 317.623 210.248 413.448
Iteration 409 MHV  lb 1570321 ub 1922500  time 317.632 217.454 413.448
Iteration 410  HV  cores 861 764 3  time 318.624 217.454 414.8
Iteration 411  HV  cores 864 766 3  time 319.47 217.454 416.147
Iteration 412  HV  cores 867 769 3  time 320.463 217.454 417.488
Iteration 413  HV  cores 869 770 2  time 320.853 217.454 418.826
Iteration 414 MHV  lb 1570321 ub 1922126  time 320.861 225.273 418.826
Iteration 415  HV  cores 872 773 3  time 321.576 225.273 420.163
Iteration 416  HV  cores 875 776 3  time 322.554 225.273 421.519
Iteration 417  HV  cores 878 779 3  time 323.693 225.273 422.872
Iteration 418  HV  cores 881 782 3  time 324.682 225.273 424.219
Iteration 419  HV  cores 884 785 3  time 325.149 225.273 425.548
Iteration 420 MHV  lb 1570321 ub 1922125  time 325.156 231.694 425.548
Iteration 421  HV  cores 887 788 3  time 325.541 231.694 426.928
Iteration 422 MHV  lb 1570321 ub 1922016  time 325.548 239.713 426.928
Iteration 423  HV  cores 890 791 3  time 326.036 239.713 428.307
Iteration 424  HV  cores 894 795 4  time 327.302 239.713 429.664
Iteration 425  HV  cores 897 798 3  time 327.901 239.713 431.017
Iteration 426 MHV  lb 1570322 ub 1921642  time 327.908 247.315 431.017
Iteration 427  HV  cores 900 801 3  time 328.983 247.315 432.36
Iteration 428  HV  cores 904 805 4  time 330.3 247.315 433.702
Iteration 429  HV  cores 907 808 3  time 330.652 247.315 435.03
Iteration 430 MHV  lb 1570322 ub 1921641  time 330.661 255.849 435.03
Iteration 431  HV  cores 909 810 2  time 331.243 255.849 436.421
Iteration 432 MHV  lb 1570322 ub 1921519  time 331.252 264.216 436.421
Iteration 433  HV  cores 911 812 2  time 331.875 264.216 437.804
Iteration 434  HV  cores 914 815 3  time 333.047 264.216 439.173
Iteration 435  HV  cores 917 818 3  time 334.463 264.216 440.533
Iteration 436  HV  cores 919 820 2  time 334.682 264.216 441.89
Iteration 437  HV  cores 921 822 2  time 334.929 264.216 443.243
Iteration 438  HV  cores 924 825 3  time 335.335 264.216 444.593
Iteration 439  HV  cores 927 827 3  time 337.074 264.216 445.94
Iteration 440  HV  cores 930 830 3  time 337.752 264.216 447.285
Iteration 441 MHV  lb 1570322 ub 1921444  time 337.76 270.909 447.285
Iteration 442  HV  cores 933 833 3  time 338.565 270.909 448.668
Iteration 443  HV  cores 936 835 3  time 338.861 270.909 450.035
Iteration 444  HV  cores 939 838 3  time 339.649 270.909 451.396
Iteration 445  HV  cores 941 840 2  time 340.088 270.909 452.756
Iteration 446  HV  cores 943 842 2  time 340.334 270.909 454.112
Iteration 447  HV  cores 945 844 2  time 340.823 270.909 455.466
Iteration 448  HV  cores 947 846 2  time 341.135 270.909 456.815
Iteration 449  HV  cores 949 848 2  time 341.424 270.909 458.152
Iteration 450 MHV  lb 1570323 ub 1921443  time 341.432 279.792 458.152
Iteration 451  HV  cores 951 850 2  time 341.964 279.792 459.538
Iteration 452 MHV  lb 1570323 ub 1921433  time 341.971 288.081 459.538
Iteration 453  HV  cores 954 853 3  time 342.78 288.081 460.918
Iteration 454  HV  cores 956 855 2  time 344.329 288.081 462.287
Iteration 455  HV  cores 959 858 3  time 344.723 288.081 463.654
Iteration 456  HV  cores 961 860 2  time 345.69 288.081 465.011
Iteration 457 MHV  lb 1570323 ub 1921328  time 345.698 296.961 465.011
Iteration 458  HV  cores 963 862 2  time 346.428 296.961 466.381
Iteration 459  HV  cores 966 865 3  time 347.037 296.961 467.742
Iteration 460  HV  cores 969 868 3  time 347.495 296.961 469.098
Iteration 461  HV  cores 972 870 3  time 348.602 296.961 470.481
Iteration 462  HV  cores 975 873 3  time 348.974 296.961 471.851
Iteration 463  HV  cores 977 875 2  time 349.291 296.961 473.206
Iteration 464 MHV  lb 1570323 ub 1921327  time 349.299 304.074 473.206
Iteration 465  HV  cores 979 877 2  time 349.849 304.074 474.662
Iteration 466 MHV  lb 1570323 ub 1921205  time 349.856 311.562 474.662
Iteration 467  HV  cores 981 878 2  time 350.009 311.562 476.072
Iteration 468  HV  cores 984 881 3  time 350.897 311.562 477.463
Iteration 469  HV  cores 987 883 3  time 351.232 311.562 478.849
Iteration 470 MHV  lb 1570323 ub 1921018  time 351.239 320.838 478.849
Iteration 471  HV  cores 989 885 2  time 351.478 320.838 480.238
Iteration 472  HV  cores 992 888 3  time 351.973 320.838 481.615
Iteration 473  HV  cores 995 891 3  time 352.482 320.838 482.991
Iteration 474  HV  cores 997 893 2  time 352.737 320.838 484.36
Iteration 475  HV  cores 1000 896 3  time 355.034 320.838 485.711
Iteration 476 MHV  lb 1570323 ub 1921017  time 355.043 329.665 485.711
Iteration 477  HV  cores 1002 898 2  time 355.298 329.665 487.147
Iteration 478 MHV  lb 1570323 ub 1921016  time 355.308 338.467 487.147
Iteration 479  HV  cores 1004 900 2  time 355.649 338.467 488.578
Iteration 480  HV  cores 1006 902 2  time 357.685 338.467 489.997
Iteration 481  HV  cores 1009 905 3  time 359.643 338.467 491.409
Iteration 482  HV  cores 1012 907 3  time 360.224 338.467 492.818
Iteration 483  HV  cores 1015 910 3  time 361.246 338.467 494.221
Iteration 484  HV  cores 1018 913 3  time 362.224 338.467 495.609
Iteration 485  HV  cores 1020 915 2  time 362.481 338.467 496.992
Iteration 486  HV  cores 1023 918 3  time 363.072 338.467 498.375
Iteration 487  HV  cores 1027 922 4  time 364.294 338.467 499.787
Iteration 488 MHV  lb 1570323 ub 1920869  time 364.302 346.267 499.787
Iteration 489  HV  cores 1030 925 3  time 364.918 346.267 501.157
Iteration 490  HV  cores 1033 928 3  time 366.468 346.267 502.511
Iteration 491  HV  cores 1034 929 1  time 366.641 346.267 503.865
Iteration 492 MHV  lb 1570323 ub 1920868  time 366.647 354.032 503.865
Iteration 493  HV  cores 1036 930 2  time 367.58 354.032 505.283
Iteration 494 MHV  lb 1570324 ub 1920738  time 367.587 363.465 505.283
Iteration 495  HV  cores 1038 932 2  time 367.749 363.465 506.691
Iteration 496  HV  cores 1040 934 2  time 368.171 363.465 508.082
Iteration 497  HV  cores 1043 937 3  time 369.151 363.465 509.468
Iteration 498  HV  cores 1047 941 4  time 370.628 363.465 510.851
Iteration 499 MHV  lb 1570324 ub 1920420  time 370.638 372.37 510.851
Iteration 500  HV  cores 1049 942 2  time 371.021 372.37 512.238
Iteration 501  HV  cores 1052 945 3  time 371.908 372.37 513.623
Iteration 502  HV  cores 1055 948 3  time 372.413 372.37 514.998
Iteration 503  HV  cores 1058 951 3  time 373.129 372.37 516.36
Iteration 504 MHV  lb 1570324 ub 1920419  time 373.136 380.787 516.36
Iteration 505  HV  cores 1061 954 3  time 378.952 380.787 517.78
Iteration 506 MHV  lb 1570324 ub 1920153  time 378.965 388.963 517.78
Iteration 507  HV  cores 1064 956 3  time 379.239 388.963 519.2
Iteration 508  HV  cores 1068 960 4  time 379.734 388.963 520.599
Iteration 509  HV  cores 1071 963 3  time 381.41 388.963 521.994
Iteration 510 MHV  lb 1570324 ub 1919984  time 381.418 397.281 521.994
Iteration 511  HV  cores 1074 966 3  time 382.147 397.281 523.386
Iteration 512  HV  cores 1076 968 2  time 382.776 397.281 524.772
Iteration 513  HV  cores 1079 970 3  time 383.538 397.281 526.153
Iteration 514  HV  cores 1082 973 3  time 384.201 397.281 527.523
Iteration 515 MHV  lb 1570324 ub 1919983  time 384.208 405.097 527.523
Iteration 516  HV  cores 1084 975 2  time 385.194 405.097 528.952
Iteration 517 MHV  lb 1570324 ub 1919871  time 385.202 413.581 528.952
Iteration 518  HV  cores 1086 977 2  time 385.296 413.581 530.378
Iteration 519  HV  cores 1089 980 3  time 385.873 413.581 531.797
Iteration 520  HV  cores 1092 983 3  time 386.379 413.581 533.209
Iteration 521  HV  cores 1094 985 2  time 386.514 413.581 534.616
Iteration 522  HV  cores 1097 988 3  time 386.733 413.581 536.019
Iteration 523 MHV  lb 1570324 ub 1913809  time 386.74 422.681 536.019
Iteration 524  HV  cores 1099 990 2  time 386.84 422.681 537.42
Iteration 525  HV  cores 1102 993 3  time 387.344 422.681 538.818
Iteration 526  HV  cores 1104 995 2  time 387.396 422.681 540.211
Iteration 527  HV  cores 1106 997 2  time 387.603 422.681 541.59
Iteration 528 MHV  lb 1570324 ub 1913808  time 387.61 431.105 541.59
Iteration 529  HV  cores 1108 999 2  time 387.805 431.105 543.025
Iteration 530 MHV  lb 1570324 ub 1913771  time 387.812 439.839 543.025
Iteration 531  HV  cores 1110 1001 2  time 387.983 439.839 544.454
Iteration 532  HV  cores 1113 1004 3  time 389.046 439.839 545.877
Iteration 533  HV  cores 1116 1007 3  time 389.761 439.839 547.293
Iteration 534  HV  cores 1119 1010 3  time 390.292 439.839 548.705
Iteration 535  HV  cores 1122 1013 3  time 391.031 439.839 550.113
Iteration 536 MHV  lb 1570324 ub 1913613  time 391.039 447.954 550.113
Iteration 537  HV  cores 1124 1015 2  time 391.179 447.954 551.526
Iteration 538  HV  cores 1127 1018 3  time 392.436 447.954 552.934
Iteration 539  HV  cores 1129 1020 2  time 392.526 447.954 554.337
Iteration 540  HV  cores 1131 1022 2  time 392.742 447.954 555.732
Iteration 541  HV  cores 1134 1025 3  time 393.814 447.954 557.114
Iteration 542 MHV  lb 1570324 ub 1913612  time 393.822 458.018 557.114
Iteration 543  HV  cores 1137 1028 3  time 394.113 458.018 558.567
Iteration 544 MHV  lb 1570324 ub 1913356  time 394.121 466.542 558.567
Iteration 545  HV  cores 1140 1031 3  time 394.749 466.542 560.017
Iteration 546  HV  cores 1144 1035 4  time 396.019 466.542 561.454
Iteration 547  HV  cores 1147 1038 3  time 396.698 466.542 562.885
Iteration 548  HV  cores 1150 1041 3  time 397.829 466.542 564.31
Iteration 549  HV  cores 1153 1044 3  time 398.653 466.542 565.73
Iteration 550  HV  cores 1156 1047 3  time 399.276 466.542 567.145
Iteration 551 MHV  lb 1570324 ub 1913185  time 399.284 473.638 567.145
Iteration 552  HV  cores 1158 1049 2  time 399.466 473.638 568.563
Iteration 553  HV  cores 1160 1051 2  time 399.803 473.638 569.979
Iteration 554  HV  cores 1163 1054 3  time 400.232 473.638 571.386
Iteration 555  HV  cores 1166 1057 3  time 400.463 473.638 572.791
Iteration 556  HV  cores 1168 1059 2  time 400.528 473.638 574.183
Iteration 557 MHV  lb 1570324 ub 1913184  time 400.536 481.376 574.183
Iteration 558  HV  cores 1171 1062 3  time 401.302 481.376 575.636
Iteration 559 MHV  lb 1570324 ub 1913044  time 401.32 489.039 575.636
Iteration 560  HV  cores 1174 1065 3  time 401.716 489.039 577.115
Iteration 561  HV  cores 1178 1069 4  time 403.106 489.039 578.547
Iteration 562  HV  cores 1181 1072 3  time 403.614 489.039 579.971
Iteration 563  HV  cores 1183 1074 2  time 403.886 489.039 581.391
Iteration 564  HV  cores 1186 1077 3  time 404.134 489.039 582.804
Iteration 565  HV  cores 1189 1080 3  time 404.386 489.039 584.219
Iteration 566 MHV  lb 1570325 ub 1912860  time 404.437 497.644 584.219
Iteration 567  HV  cores 1193 1084 4  time 405.819 497.644 585.696
Iteration 568  HV  cores 1195 1086 2  time 405.899 497.644 587.169
Iteration 569  HV  cores 1198 1089 3  time 406.438 497.644 588.629
Iteration 570  HV  cores 1201 1092 3  time 407.583 497.644 590.078
Iteration 571  HV  cores 1204 1095 3  time 407.963 497.644 591.525
Iteration 572  HV  cores 1207 1098 3  time 408.297 497.644 592.966
Iteration 573  HV  cores 1209 1100 2  time 408.524 497.644 594.404
Iteration 574  HV  cores 1213 1104 4  time 409.04 497.644 595.838
Iteration 575  HV  cores 1215 1105 2  time 409.22 497.644 597.258
Iteration 576 MHV  lb 1570325 ub 1912859  time 409.227 506.137 597.258
Iteration 577  HV  cores 1218 1108 3  time 409.624 506.137 598.736
Iteration 578 MHV  lb 1570325 ub 1912559  time 409.63 516.012 598.736
Iteration 579  HV  cores 1220 1109 2  time 409.727 516.012 600.206
Iteration 580  HV  cores 1223 1112 3  time 410.228 516.012 601.661
Iteration 581  HV  cores 1226 1115 3  time 410.823 516.012 603.114
Iteration 582  HV  cores 1229 1118 3  time 411.241 516.012 604.563
Iteration 583  HV  cores 1231 1120 2  time 411.56 516.012 606.007
Iteration 584  HV  cores 1233 1122 2  time 411.974 516.012 607.447
Iteration 585  HV  cores 1236 1125 3  time 412.331 516.012 608.883
Iteration 586 MHV  lb 1570325 ub 1906264  time 412.338 526.216 608.883
Iteration 587  HV  cores 1239 1128 3  time 414.742 526.216 610.32
Iteration 588  HV  cores 1242 1131 3  time 416.078 526.216 611.754
Iteration 589  HV  cores 1245 1134 3  time 416.445 526.216 613.184
Iteration 590  HV  cores 1248 1137 3  time 416.767 526.216 614.601
Iteration 591 MHV  lb 1570325 ub 1906263  time 416.774 534.387 614.601
Iteration 592  HV  cores 1251 1140 3  time 417.234 534.387 616.075
Iteration 593 MHV  lb 1570325 ub 1906097  time 417.242 543.894 616.075
Iteration 594  HV  cores 1253 1142 2  time 417.806 543.894 617.548
Iteration 595  HV  cores 1256 1145 3  time 418.336 543.894 619.011
Iteration 596  HV  cores 1260 1149 4  time 418.986 543.894 620.477
Iteration 597  HV  cores 1263 1152 3  time 419.274 543.894 621.931
Iteration 598  HV  cores 1265 1154 2  time 419.518 543.894 623.383
Iteration 599 MHV  lb 1570325 ub 1905994  time 419.528 555.143 623.383
Iteration 600  HV  cores 1268 1156 3  time 419.794 555.143 624.837
Iteration 601  HV  cores 1270 1158 2  time 420.289 555.143 626.286
Iteration 602  HV  cores 1273 1161 3  time 420.495 555.143 627.731
Iteration 603  HV  cores 1276 1164 3  time 420.721 555.143 629.174
Iteration 604  HV  cores 1279 1167 3  time 420.919 555.143 630.614
Iteration 605  HV  cores 1282 1170 3  time 421.115 555.143 632.049
Iteration 606  HV  cores 1285 1173 3  time 421.294 555.143 633.473
Iteration 607 MHV  lb 1570325 ub 1905993  time 421.301 564.051 633.473
Iteration 608  HV  cores 1287 1175 2  time 421.476 564.051 634.946
Iteration 609 MHV  lb 1570325 ub 1905891  time 421.484 572.746 634.946
Iteration 610  HV  cores 1290 1178 3  time 421.756 572.746 636.441
Iteration 611  HV  cores 1294 1182 4  time 422.877 572.746 637.922
Iteration 612  HV  cores 1297 1185 3  time 423.169 572.746 639.388
Iteration 613 MHV  lb 1570326 ub 1899470  time 423.178 582.141 639.388
Iteration 614  HV  cores 1299 1187 2  time 423.33 582.141 640.867
Iteration 615  HV  cores 1302 1190 3  time 423.921 582.141 642.344
Iteration 616  HV  cores 1305 1193 3  time 424.643 582.141 643.811
Iteration 617  HV  cores 1308 1196 3  time 425.057 582.141 645.271
Iteration 618  HV  cores 1311 1199 3  time 425.268 582.141 646.725
Iteration 619  HV  cores 1314 1202 3  time 425.922 582.141 648.173
Iteration 620  HV  cores 1317 1205 3  time 426.297 582.141 649.61
Iteration 621 MHV  lb 1570326 ub 1899469  time 426.305 590.502 649.61
Iteration 622  HV  cores 1319 1207 2  time 427 590.502 651.091
Iteration 623 MHV  lb 1570326 ub 1899341  time 427.01 600.105 651.091
Iteration 624  HV  cores 1322 1210 3  time 427.331 600.105 652.566
Iteration 625  HV  cores 1326 1214 4  time 428.535 600.105 654.03
Iteration 626 MHV  lb 1570326 ub 1899065  time 428.544 609.032 654.03
Iteration 627  HV  cores 1328 1216 2  time 428.667 609.032 655.493
Iteration 628  HV  cores 1330 1218 2  time 428.829 609.032 656.95
Iteration 629  HV  cores 1333 1221 3  time 429.614 609.032 658.387
Iteration 630 MHV  lb 1570326 ub 1899064  time 429.623 617.183 658.387
Iteration 631  HV  cores 1335 1223 2  time 430.977 617.183 659.876
Iteration 632 MHV  lb 1570326 ub 1898974  time 430.987 627.376 659.876
Iteration 633  HV  cores 1337 1225 2  time 431.449 627.376 661.367
Iteration 634  HV  cores 1339 1227 2  time 433.343 627.376 662.861
Iteration 635  HV  cores 1342 1230 3  time 434.162 627.376 664.349
Iteration 636  HV  cores 1344 1232 2  time 434.632 627.376 665.832
Iteration 637 MHV  lb 1570327 ub 1898831  time 434.64 637.391 665.832
Iteration 638  HV  cores 1347 1235 3  time 436.042 637.391 667.303
Iteration 639  HV  cores 1350 1238 3  time 436.548 637.391 668.767
Iteration 640  HV  cores 1352 1240 2  time 436.78 637.391 670.227
Iteration 641  HV  cores 1355 1243 3  time 437.563 637.391 671.672
Iteration 642 MHV  lb 1570327 ub 1898830  time 437.571 647.82 671.672
Iteration 643  HV  cores 1357 1244 2  time 437.743 647.82 673.175
Iteration 644 MHV  lb 1570327 ub 1898604  time 437.751 657.364 673.175
Iteration 645  HV  cores 1360 1247 3  time 438.08 657.364 674.674
Iteration 646  HV  cores 1363 1250 3  time 438.998 657.364 676.163
Iteration 647  HV  cores 1365 1252 2  time 439.747 657.364 677.645
Iteration 648  HV  cores 1368 1255 3  time 440.002 657.364 679.121
Iteration 649  HV  cores 1371 1258 3  time 441.021 657.364 680.596
Iteration 650 MHV  lb 1570327 ub 1898442  time 441.029 667.163 680.596
Iteration 651  HV  cores 1374 1261 3  time 442.333 667.163 682.072
Iteration 652  HV  cores 1377 1264 3  time 443.268 667.163 683.539
Iteration 653  HV  cores 1380 1267 3  time 443.759 667.163 685.005
Iteration 654  HV  cores 1382 1269 2  time 443.905 667.163 686.467
Iteration 655  HV  cores 1385 1272 3  time 444.721 667.163 687.916
Iteration 656 MHV  lb 1570327 ub 1898441  time 444.729 676.962 687.916
Iteration 657  HV  cores 1388 1275 3  time 445.445 676.962 689.417
Iteration 658 MHV  lb 1570327 ub 1898146  time 445.452 686.659 689.417
Iteration 659  HV  cores 1391 1278 3  time 445.716 686.659 690.916
Iteration 660  HV  cores 1394 1281 3  time 446.189 686.659 692.401
Iteration 661  HV  cores 1397 1284 3  time 446.848 686.659 693.876
Iteration 662  HV  cores 1399 1286 2  time 447.299 686.659 695.349
Iteration 663  HV  cores 1401 1288 2  time 447.407 686.659 696.816
Iteration 664 MHV  lb 1570327 ub 1891783  time 447.414 696.5 696.816
Iteration 665  HV  cores 1404 1291 3  time 448.987 696.5 698.332
Iteration 666  HV  cores 1406 1293 2  time 449.095 696.5 699.833
Iteration 667  HV  cores 1408 1295 2  time 449.287 696.5 701.331
Iteration 668  HV  cores 1411 1298 3  time 449.7 696.5 702.822
Iteration 669  HV  cores 1414 1301 3  time 451.856 696.5 704.302
Iteration 670  HV  cores 1416 1303 2  time 454.056 696.5 705.772
Iteration 671  HV  cores 1420 1307 4  time 454.792 696.5 707.263
Iteration 672  HV  cores 1422 1309 2  time 454.962 696.5 708.732
Iteration 673 MHV  lb 1570327 ub 1891782  time 454.971 706.843 708.732
Iteration 674  HV  cores 1424 1311 2  time 455.98 706.843 710.268
Iteration 675 MHV  lb 1570328 ub 1891775  time 455.989 716.634 710.268
Iteration 676  HV  cores 1426 1313 2  time 456.288 716.634 711.796
Iteration 677  HV  cores 1429 1316 3  time 458.404 716.634 713.308
Iteration 678  HV  cores 1432 1319 3  time 459.077 716.634 714.818
Iteration 679  HV  cores 1435 1322 3  time 459.58 716.634 716.324
Iteration 680  HV  cores 1439 1326 4  time 460.383 716.634 717.822
Iteration 681  HV  cores 1442 1329 3  time 461.354 716.634 719.316
Iteration 682  HV  cores 1445 1332 3  time 461.496 716.634 720.806
Iteration 683  HV  cores 1448 1335 3  time 462.038 716.634 722.294
Iteration 684  HV  cores 1451 1338 3  time 462.468 716.634 723.777
Iteration 685 MHV  lb 1570328 ub 1891257  time 462.477 726.401 723.777
Iteration 686  HV  cores 1453 1340 2  time 462.814 726.401 725.311
Iteration 687  HV  cores 1456 1343 3  time 463.194 726.401 726.842
Iteration 688  HV  cores 1459 1346 3  time 463.639 726.401 728.361
Iteration 689  HV  cores 1463 1350 4  time 464.267 726.401 729.872
Iteration 690  HV  cores 1466 1353 3  time 465.529 726.401 731.376
Iteration 691  HV  cores 1469 1356 3  time 465.976 726.401 732.872
Iteration 692  HV  cores 1472 1359 3  time 466.552 726.401 734.359
Iteration 693  HV  cores 1475 1362 3  time 466.876 726.401 735.842
Iteration 694  HV  cores 1479 1366 4  time 467.829 726.401 737.306
Iteration 695 MHV  lb 1570328 ub 1891256  time 467.837 738.022 737.306
Iteration 696  HV  cores 1482 1369 3  time 468.802 738.022 738.839
Iteration 697 MHV  lb 1570328 ub 1891054  time 468.811 749.338 738.839
Iteration 698  HV  cores 1485 1372 3  time 469.821 749.338 740.367
Iteration 699  HV  cores 1488 1375 3  time 470.133 749.338 741.879
Iteration 700  HV  cores 1491 1378 3  time 470.723 749.338 743.383
Iteration 701  HV  cores 1494 1381 3  time 471.194 749.338 744.884
Iteration 702  HV  cores 1497 1384 3  time 471.743 749.338 746.379
Iteration 703 MHV  lb 1570328 ub 1890849  time 471.754 761.453 746.379
Iteration 704  HV  cores 1500 1387 3  time 472.202 761.453 747.874
Iteration 705  HV  cores 1503 1390 3  time 472.54 761.453 749.363
Iteration 706  HV  cores 1506 1392 3  time 472.872 761.453 750.845
Iteration 707  HV  cores 1508 1394 2  time 473.027 761.453 752.328
Iteration 708  HV  cores 1511 1397 3  time 474.305 761.453 753.791
Iteration 709 MHV  lb 1570329 ub 1890848  time 474.314 772.59 753.791
Iteration 710  HV  cores 1514 1400 3  time 474.615 772.59 755.326
Iteration 711 MHV  lb 1570329 ub 1890845  time 474.626 785.248 755.326
Iteration 712  HV  cores 1517 1403 3  time 475.194 785.248 756.857
Iteration 713  HV  cores 1519 1405 2  time 475.63 785.248 758.372
Iteration 714  HV  cores 1522 1408 3  time 475.834 785.248 759.88
Iteration 715  HV  cores 1525 1411 3  time 476.075 785.248 761.382
Iteration 716 MHV  lb 1570329 ub 1890796  time 476.086 797.435 761.382
Iteration 717  HV  cores 1528 1414 3  time 476.545 797.435 762.882
Iteration 718  HV  cores 1532 1418 4  time 477.094 797.435 764.372
Iteration 719  HV  cores 1534 1420 2  time 477.292 797.435 765.843
Iteration 720 MHV  lb 1570329 ub 1890795  time 477.3 808.517 765.843
Iteration 721  HV  cores 1536 1422 2  time 477.527 808.517 767.376
Iteration 722 MHV  lb 1570330 ub 1890587  time 477.536 819.208 767.376
Iteration 723  HV  cores 1540 1426 4  time 478.129 819.208 768.941
Iteration 724  HV  cores 1542 1428 2  time 478.465 819.208 770.49
Iteration 725  HV  cores 1545 1431 3  time 479.53 819.208 772.032
Iteration 726  HV  cores 1548 1434 3  time 481.602 819.208 773.585
Iteration 727  HV  cores 1550 1436 2  time 481.724 819.208 775.133
Iteration 728 MHV  lb 1570330 ub 1889931  time 481.732 830.519 775.133
Iteration 729  HV  cores 1553 1439 3  time 482.428 830.519 776.653
Iteration 730  HV  cores 1556 1442 3  time 483.227 830.519 778.173
Iteration 731  HV  cores 1558 1444 2  time 484.342 830.519 779.684
Iteration 732  HV  cores 1561 1447 3  time 485.348 830.519 781.193
Iteration 733  HV  cores 1563 1449 2  time 485.953 830.519 782.7
Iteration 734  HV  cores 1566 1452 3  time 486.559 830.519 784.185
Iteration 735 MHV  lb 1570331 ub 1889930  time 486.566 841.738 784.185
Iteration 736  HV  cores 1569 1455 3  time 486.975 841.738 785.731
Iteration 737 MHV  lb 1570331 ub 1889710  time 486.982 852.53 785.731
Iteration 738  HV  cores 1571 1457 2  time 487.205 852.53 787.277
Iteration 739  HV  cores 1575 1461 4  time 491.089 852.53 788.791
Iteration 740  HV  cores 1578 1464 3  time 492.552 852.53 790.301
Iteration 741  HV  cores 1580 1466 2  time 492.881 852.53 791.809
Iteration 742 MHV  lb 1570332 ub 1889152  time 492.887 863.849 791.809
Iteration 743  HV  cores 1582 1468 2  time 493.493 863.849 793.293
Iteration 744 MHV  lb 1570332 ub 1889151  time 493.502 874.145 793.293
Iteration 745  HV  cores 1585 1471 3  time 494.619 874.145 794.83
Iteration 746 MHV  lb 1570332 ub 1888943  time 494.627 886.119 794.83
Iteration 747  HV  cores 1587 1473 2  time 494.966 886.119 796.378
Iteration 748  HV  cores 1590 1476 3  time 497.252 886.119 797.914
Iteration 749  HV  cores 1593 1479 3  time 498.087 886.119 799.446
Iteration 750 MHV  lb 1570332 ub 1888858  time 498.097 898.446 799.446
Iteration 751  HV  cores 1595 1481 2  time 498.629 898.446 800.968
Iteration 752  HV  cores 1597 1483 2  time 499.206 898.446 802.485
Iteration 753  HV  cores 1599 1485 2  time 499.569 898.446 804.004
Iteration 754  HV  cores 1601 1487 2  time 499.676 898.446 805.516
Iteration 755  HV  cores 1603 1489 2  time 500.282 898.446 807.024
Iteration 756  HV  cores 1605 1491 2  time 500.414 898.446 808.529
Iteration 757  HV  cores 1607 1492 2  time 500.773 898.446 810.024
Iteration 758 MHV  lb 1570332 ub 1888857  time 500.782 910.541 810.024
Iteration 759  HV  cores 1610 1495 3  time 501.386 910.541 811.581
Iteration 760 MHV  lb 1570332 ub 1888853  time 501.393 922.338 811.581
Iteration 761  HV  cores 1613 1498 3  time 502.135 922.338 813.137
Iteration 762  HV  cores 1616 1501 3  time 504.477 922.338 814.698
Iteration 763  HV  cores 1619 1504 3  time 504.965 922.338 816.254
Iteration 764  HV  cores 1621 1506 2  time 505.443 922.338 817.804
Iteration 765 MHV  lb 1570332 ub 1888604  time 505.451 933.788 817.804
Iteration 766  HV  cores 1624 1509 3  time 506.592 933.788 819.346
Iteration 767  HV  cores 1626 1511 2  time 507.396 933.788 820.916
Iteration 768  HV  cores 1628 1513 2  time 507.789 933.788 822.452
Iteration 769  HV  cores 1630 1515 2  time 508.507 933.788 823.98
Iteration 770  HV  cores 1633 1518 3  time 508.989 933.788 825.49
Iteration 771 MHV  lb 1570332 ub 1888603  time 508.995 945.616 825.49
Iteration 772  HV  cores 1636 1521 3  time 509.789 945.616 827.07
Iteration 773 MHV  lb 1570333 ub 1888309  time 509.796 957.609 827.07
Iteration 774  HV  cores 1638 1523 2  time 510.752 957.609 828.648
Iteration 775  HV  cores 1641 1526 3  time 511.617 957.609 830.205
Iteration 776  HV  cores 1643 1528 2  time 512.526 957.609 831.747
Iteration 777  HV  cores 1645 1530 2  time 513.368 957.609 833.284
Iteration 778 MHV  lb 1570333 ub 1887947  time 513.376 971.751 833.284
Iteration 779  HV  cores 1647 1532 2  time 513.781 971.751 834.831
Iteration 780  HV  cores 1649 1534 2  time 513.897 971.751 836.372
Iteration 781  HV  cores 1652 1537 3  time 514.401 971.751 837.911
Iteration 782  HV  cores 1655 1540 3  time 514.68 971.751 839.443
Iteration 783  HV  cores 1658 1543 3  time 516.013 971.751 840.959
Iteration 784 MHV  lb 1570334 ub 1887946  time 516.021 988.581 840.959
Iteration 785  HV  cores 1661 1546 3  time 516.212 988.581 842.547
Iteration 786 MHV  lb 1570334 ub 1887868  time 516.22 1003.81 842.547
Iteration 787  HV  cores 1663 1548 2  time 517.203 1003.81 844.134
Iteration 788  HV  cores 1666 1551 3  time 517.747 1003.81 845.708
Iteration 789  HV  cores 1669 1554 3  time 518.568 1003.81 847.272
Iteration 790  HV  cores 1672 1557 3  time 519.1 1003.81 848.835
Iteration 791  HV  cores 1675 1560 3  time 519.871 1003.81 850.391
Iteration 792  HV  cores 1677 1562 2  time 520.335 1003.81 851.942
Iteration 793  HV  cores 1679 1564 2  time 520.44 1003.81 853.488
Iteration 794  HV  cores 1682 1567 3  time 522.047 1003.81 855.033
Iteration 795  HV  cores 1685 1570 3  time 522.494 1003.81 856.56
Iteration 796  HV  cores 1688 1573 3  time 522.876 1003.81 858.123
Iteration 797 MHV  lb 1570334 ub 1887782  time 522.885 1021.03 858.123
Iteration 798  HV  cores 1691 1576 3  time 523.127 1021.03 859.661
Iteration 799  HV  cores 1694 1579 3  time 523.376 1021.03 861.195
Iteration 800  HV  cores 1697 1582 3  time 524.058 1021.03 862.724
Iteration 801  HV  cores 1699 1584 2  time 524.488 1021.03 864.25
Iteration 802  HV  cores 1701 1586 2  time 525.024 1021.03 865.775
Iteration 803  HV  cores 1704 1589 3  time 525.364 1021.03 867.299
Iteration 804  HV  cores 1707 1592 3  time 526.047 1021.03 868.818
Iteration 805  HV  cores 1710 1595 3  time 526.578 1021.03 870.321
Iteration 806 MHV  lb 1570334 ub 1887781  time 526.592 1037.85 870.321
Iteration 807  HV  cores 1713 1598 3  time 527.123 1037.85 871.901
Iteration 808 MHV  lb 1570334 ub 1887568  time 527.133 1054.39 871.901
Iteration 809  HV  cores 1716 1601 3  time 527.466 1054.39 873.478
Iteration 810  HV  cores 1719 1604 3  time 527.93 1054.39 875.039
Iteration 811  HV  cores 1722 1607 3  time 528.756 1054.39 876.595
Iteration 812  HV  cores 1725 1610 3  time 530.029 1054.39 878.142
Iteration 813  HV  cores 1728 1613 3  time 530.331 1054.39 879.686
Iteration 814  HV  cores 1731 1616 3  time 530.734 1054.39 881.212
Iteration 815  HV  cores 1733 1618 2  time 530.836 1054.39 882.735
Iteration 816  HV  cores 1736 1621 3  time 531.723 1054.39 884.253
Iteration 817 MHV  lb 1570334 ub 1881393  time 531.734 1070.92 884.253
Iteration 818  HV  cores 1739 1624 3  time 532.178 1070.92 885.802
Iteration 819  HV  cores 1742 1627 3  time 532.474 1070.92 887.323
Iteration 820  HV  cores 1743 1628 1  time 532.534 1070.92 888.844
Iteration 821 MHV  lb 1570334 ub 1881392  time 532.562 1085.78 888.844
Iteration 822  HV  cores 1746 1631 3  time 534.505 1085.78 890.422
Iteration 823 MHV  lb 1570335 ub 1881306  time 534.516 1100.33 890.422
Iteration 824  HV  cores 1748 1633 2  time 534.621 1100.33 892
Iteration 825  HV  cores 1751 1636 3  time 534.919 1100.33 893.56
Iteration 826  HV  cores 1753 1638 2  time 535.517 1100.33 895.133
Iteration 827  HV  cores 1756 1641 3  time 536.005 1100.33 896.704
Iteration 828 MHV  lb 1570335 ub 1881280  time 536.016 1114.61 896.704
Iteration 829  HV  cores 1759 1643 3  time 536.354 1114.61 898.272
Iteration 830  HV  cores 1761 1645 2  time 536.412 1114.61 899.836
Iteration 831  HV  cores 1764 1648 3  time 546.217 1114.61 901.384
Iteration 832  HV  cores 1766 1650 2  time 546.527 1114.61 902.927
Iteration 833  HV  cores 1769 1653 3  time 547.56 1114.61 904.485
Iteration 834  HV  cores 1772 1656 3  time 549.175 1114.61 906.019
Iteration 835  HV  cores 1773 1657 1  time 549.238 1114.61 907.556
Iteration 836  HV  cores 1774 1658 1  time 549.261 1114.61 909.093
Iteration 837 MHV  lb 1570335 ub 1881279  time 549.266 1133.25 909.093
Iteration 838  HV  cores 1777 1661 3  time 549.369 1133.25 910.7
Iteration 839 MHV  lb 1570335 ub 1846359  time 549.378 1148.88 910.7
Iteration 840  HV  cores 1780 1664 3  time 550.934 1148.88 912.301
Iteration 841  HV  cores 1783 1667 3  time 551.664 1148.88 913.888
Iteration 842  HV  cores 1785 1669 2  time 552.54 1148.88 915.465
Iteration 843  HV  cores 1787 1671 2  time 553.017 1148.88 917.032
Iteration 844  HV  cores 1790 1674 3  time 553.946 1148.88 918.596
Iteration 845  HV  cores 1792 1676 2  time 554.096 1148.88 920.157
Iteration 846  HV  cores 1795 1679 3  time 555.135 1148.88 921.714
Iteration 847  HV  cores 1798 1682 3  time 555.425 1148.88 923.267
Iteration 848 MHV  lb 1570335 ub 1840333  time 555.434 1165.41 923.267
Iteration 849  HV  cores 1801 1685 3  time 555.67 1165.41 924.864
Iteration 850  HV  cores 1804 1688 3  time 555.842 1165.41 926.44
Iteration 851  HV  cores 1808 1692 4  time 557.163 1165.41 928.01
Iteration 852  HV  cores 1811 1695 3  time 558.067 1165.41 929.578
Iteration 853  HV  cores 1814 1698 3  time 558.331 1165.41 931.137
Iteration 854  HV  cores 1817 1701 3  time 558.963 1165.41 932.677
Iteration 855 MHV  lb 1570335 ub 1840332  time 559.012 1182.73 932.677
Iteration 856  HV  cores 1820 1704 3  time 559.578 1182.73 934.303
Iteration 857  HV  cores 1822 1706 2  time 560.448 1182.73 935.916
Iteration 858  HV  cores 1826 1710 4  time 561.295 1182.73 937.521
Iteration 859  HV  cores 1830 1714 4  time 563.616 1182.73 939.099
Iteration 860  HV  cores 1833 1717 3  time 564.692 1182.73 940.664
Iteration 861 MHV  lb 1570339 ub 1840153  time 564.702 1196.63 940.664
Iteration 862  HV  cores 1836 1720 3  time 564.967 1196.63 942.232
Iteration 863  HV  cores 1839 1723 3  time 565.352 1196.63 943.795
Iteration 864  HV  cores 1842 1726 3  time 570.696 1196.63 945.375
Iteration 865  HV  cores 1844 1728 2  time 570.963 1196.63 946.938
Iteration 866  HV  cores 1845 1729 1  time 571.058 1196.63 948.495
Iteration 867 MHV  lb 1570339 ub 1840152  time 571.064 1207.97 948.495
Iteration 868  HV  cores 1847 1731 2  time 571.209 1207.97 950.123
Iteration 869  HV  cores 1849 1733 2  time 571.481 1207.97 951.739
Iteration 870  HV  cores 1852 1736 3  time 572.329 1207.97 953.345
Iteration 871  HV  cores 1855 1739 3  time 576.173 1207.97 954.931
Iteration 872  HV  cores 1858 1742 3  time 583.091 1207.97 956.538
Iteration 873 MHV  lb 1570340 ub 1840106  time 583.106 1222.52 956.538
Iteration 874  HV  cores 1861 1745 3  time 583.624 1222.52 958.147
Iteration 875  HV  cores 1864 1748 3  time 586.154 1222.52 959.743
Iteration 876  HV  cores 1867 1751 3  time 586.555 1222.52 961.334
Iteration 877  HV  cores 1870 1754 3  time 586.99 1222.52 962.923
Iteration 878  HV  cores 1872 1756 2  time 587.692 1222.52 964.509
Iteration 879  HV  cores 1874 1758 2  time 588.163 1222.52 966.083
Iteration 880  HV  cores 1877 1761 3  time 589.192 1222.52 967.652
Iteration 881  HV  cores 1879 1763 2  time 590.487 1222.52 969.219
Iteration 882  HV  cores 1882 1766 3  time 590.775 1222.52 970.766
Iteration 883  HV  cores 1883 1767 1  time 590.821 1222.52 972.315
Iteration 884 MHV  lb 1570340 ub 1840105  time 590.828 1235.13 972.315
Iteration 885  HV  cores 1886 1770 3  time 591.061 1235.13 973.942
Iteration 886 MHV  lb 1570340 ub 1840044  time 591.07 1247.64 973.942
Iteration 887  HV  cores 1889 1773 3  time 591.152 1247.64 975.564
Iteration 888  HV  cores 1892 1776 3  time 593.946 1247.64 977.186
Iteration 889  HV  cores 1895 1779 3  time 596.024 1247.64 978.798
Iteration 890  HV  cores 1898 1782 3  time 597.6 1247.64 980.404
Iteration 891  HV  cores 1902 1786 4  time 598.544 1247.64 981.996
Iteration 892 MHV  lb 1570341 ub 1827392  time 598.552 1265.55 981.996
Iteration 893  HV  cores 1906 1789 4  time 599.102 1265.55 983.64
Iteration 894  HV  cores 1909 1792 3  time 599.925 1265.55 985.26
Iteration 895  HV  cores 1912 1795 3  time 601.58 1265.55 986.861
Iteration 896  HV  cores 1915 1798 3  time 602.342 1265.55 988.455
Iteration 897  HV  cores 1918 1801 3  time 603.403 1265.55 990.045
Iteration 898  HV  cores 1921 1804 3  time 604.501 1265.55 991.631
Iteration 899  HV  cores 1923 1806 2  time 604.701 1265.55 993.197
Iteration 900  HV  cores 1925 1808 2  time 604.927 1265.55 994.764
Iteration 901  HV  cores 1926 1809 1  time 605.081 1265.55 996.332
Iteration 902 MHV  lb 1570344 ub 1827391  time 605.088 1281.57 996.332
Iteration 903  HV  cores 1930 1813 4  time 605.968 1281.57 997.983
Iteration 904 MHV  lb 1570344 ub 1771101  time 605.978 1300.45 997.983
Iteration 905  HV  cores 1933 1816 3  time 606.753 1300.45 999.657
Iteration 906  HV  cores 1935 1818 2  time 606.869 1300.45 1001.3
Iteration 907  HV  cores 1938 1820 3  time 607.193 1300.45 1002.93
Iteration 908  HV  cores 1941 1823 3  time 608.43 1300.45 1004.55
Iteration 909  HV  cores 1944 1826 3  time 609.33 1300.45 1006.16
Iteration 910 MHV  lb 1570345 ub 1753937  time 609.339 1313.83 1006.16
Iteration 911  HV  cores 1947 1829 3  time 610.629 1313.83 1007.76
Iteration 912  HV  cores 1949 1831 2  time 611.449 1313.83 1009.36
Iteration 913  HV  cores 1951 1833 2  time 611.621 1313.83 1010.94
Iteration 914 MHV  lb 1570347 ub 1753936  time 611.638 1330.85 1010.94
Iteration 915  HV  cores 1954 1836 3  time 612.211 1330.85 1012.58
Iteration 916 MHV  lb 1570347 ub 1753768  time 612.219 1350.81 1012.58
Iteration 917  HV  cores 1957 1838 3  time 612.804 1350.81 1014.22
Iteration 918  HV  cores 1960 1841 3  time 613.616 1350.81 1015.85
Iteration 919  HV  cores 1963 1844 3  time 614.977 1350.81 1017.47
Iteration 920  HV  cores 1966 1847 3  time 626.888 1350.81 1019.1
Iteration 921 MHV  lb 1570347 ub 1753567  time 626.91 1371.31 1019.1
Iteration 922  HV  cores 1969 1850 3  time 627.506 1371.31 1020.73
Iteration 923  HV  cores 1972 1852 3  time 628.504 1371.31 1022.36
Iteration 924  HV  cores 1975 1855 3  time 628.943 1371.31 1023.98
Iteration 925  HV  cores 1978 1858 3  time 629.702 1371.31 1025.57
Iteration 926  HV  cores 1979 1859 1  time 629.798 1371.31 1027.16
Iteration 927  HV  cores 1980 1860 1  time 629.875 1371.31 1028.76
Iteration 928  HV  cores 1981 1861 1  time 629.919 1371.31 1030.35
Iteration 929  HV  cores 1983 1863 2  time 630.078 1371.31 1031.94
Iteration 930  HV  cores 1985 1865 2  time 630.571 1371.31 1033.53
Iteration 931 MHV  lb 1570347 ub 1753566  time 630.578 1388.36 1033.53
Iteration 932  HV  cores 1989 1869 4  time 631.365 1388.36 1035.2
Iteration 933 MHV  lb 1570348 ub 1753435  time 631.373 1411.38 1035.2
Iteration 934  HV  cores 1991 1871 2  time 634.001 1411.38 1036.85
Iteration 935  HV  cores 1994 1874 3  time 635.527 1411.38 1038.49
Iteration 936  HV  cores 1997 1877 3  time 636.763 1411.38 1040.11
Iteration 937 MHV  lb 1570348 ub 1753244  time 636.773 1428.78 1040.11
Iteration 938  HV  cores 2000 1880 3  time 638.074 1428.78 1041.77
Iteration 939  HV  cores 2002 1882 2  time 638.264 1428.78 1043.41
Iteration 940  HV  cores 2005 1885 3  time 639.007 1428.78 1045.05
Iteration 941  HV  cores 2008 1888 3  time 639.792 1428.78 1046.68
Iteration 942  HV  cores 2010 1890 2  time 642.373 1428.78 1048.29
Iteration 943  HV  cores 2012 1892 2  time 642.425 1428.78 1049.91
Iteration 944  HV  cores 2015 1895 3  time 643.479 1428.78 1051.5
Iteration 945  HV  cores 2017 1897 2  time 643.565 1428.78 1053.09
Iteration 946 MHV  lb 1570348 ub 1753243  time 643.574 1451.18 1053.09
Iteration 947  HV  cores 2020 1900 3  time 644.071 1451.18 1054.75
Iteration 948 MHV  lb 1570349 ub 1753099  time 644.079 1472.86 1054.75
Iteration 949  HV  cores 2022 1902 2  time 644.248 1472.86 1056.41
Iteration 950  HV  cores 2025 1905 3  time 645.124 1472.86 1058.06
Iteration 951  HV  cores 2029 1909 4  time 645.777 1472.86 1059.7
Iteration 952  HV  cores 2032 1912 3  time 646.019 1472.86 1061.35
Iteration 953  HV  cores 2034 1914 2  time 646.209 1472.86 1062.99
Iteration 954  HV  cores 2036 1916 2  time 646.841 1472.86 1064.62
Iteration 955 MHV  lb 1570349 ub 1747280  time 646.854 1494.73 1064.62
Iteration 956  HV  cores 2038 1918 2  time 647.383 1494.73 1066.25
Iteration 957  HV  cores 2041 1921 3  time 648.82 1494.73 1067.88
Iteration 958  HV  cores 2043 1923 2  time 649.288 1494.73 1069.5
Iteration 959  HV  cores 2046 1926 3  time 649.78 1494.73 1071.09
Iteration 960 MHV  lb 1570349 ub 1747279  time 649.794 1516.05 1071.09
Iteration 961  HV  cores 2050 1930 4  time 650.137 1516.05 1072.76
Iteration 962 MHV  lb 1570349 ub 1747274  time 650.147 1538.19 1072.76
Iteration 963  HV  cores 2053 1933 3  time 650.471 1538.19 1074.43
Iteration 964  HV  cores 2056 1936 3  time 650.678 1538.19 1076.07
Iteration 965  HV  cores 2059 1939 3  time 651.757 1538.19 1077.73
Iteration 966  HV  cores 2061 1941 2  time 653.536 1538.19 1079.39
Iteration 967  HV  cores 2063 1943 2  time 653.681 1538.19 1081.04
Iteration 968 MHV  lb 1570349 ub 1747102  time 653.689 1560.46 1081.04
Iteration 969  HV  cores 2066 1946 3  time 653.872 1560.46 1082.76
Iteration 970  HV  cores 2069 1949 3  time 654.943 1560.46 1084.47
Iteration 971  HV  cores 2072 1952 3  time 655.431 1560.46 1086.17
Iteration 972  HV  cores 2075 1955 3  time 655.819 1560.46 1087.87
Iteration 973  HV  cores 2078 1958 3  time 657.457 1560.46 1089.53
Iteration 974  HV  cores 2082 1962 4  time 657.751 1560.46 1091.18
Iteration 975  HV  cores 2085 1965 3  time 658.784 1560.46 1092.79
Iteration 976  HV  cores 2087 1967 2  time 658.867 1560.46 1094.4
Iteration 977 MHV  lb 1570349 ub 1747101  time 658.876 1584.33 1094.4
Iteration 978  HV  cores 2090 1970 3  time 659.223 1584.33 1096.1
Iteration 979  HV  cores 2092 1972 2  time 659.71 1584.33 1097.78
Iteration 980  HV  cores 2095 1975 3  time 660.707 1584.33 1099.46
Iteration 981  HV  cores 2098 1978 3  time 661.093 1584.33 1101.13
Iteration 982  HV  cores 2101 1981 3  time 661.695 1584.33 1102.79
Iteration 983  HV  cores 2105 1985 4  time 662.03 1584.33 1104.45
Iteration 984  HV  cores 2108 1988 3  time 662.285 1584.33 1106.11
Iteration 985  HV  cores 2112 1992 4  time 669.26 1584.33 1107.76
Iteration 986  HV  cores 2115 1995 3  time 671.253 1584.33 1109.41
Iteration 987  HV  cores 2118 1998 3  time 671.721 1584.33 1111.05
Iteration 988 MHV  lb 1570349 ub 1747023  time 671.732 1608.53 1111.05
Iteration 989  HV  cores 2121 2001 3  time 672.707 1608.53 1112.75
Iteration 990  HV  cores 2123 2003 2  time 673.204 1608.53 1114.45
Iteration 991  HV  cores 2126 2006 3  time 673.607 1608.53 1116.13
Iteration 992  HV  cores 2129 2009 3  time 674.196 1608.53 1117.81
Iteration 993  HV  cores 2132 2012 3  time 674.849 1608.53 1119.49
Iteration 994  HV  cores 2134 2014 2  time 675.042 1608.53 1121.16
Iteration 995  HV  cores 2137 2017 3  time 675.274 1608.53 1122.83
Iteration 996  HV  cores 2139 2019 2  time 675.412 1608.53 1124.49
Iteration 997  HV  cores 2142 2022 3  time 675.762 1608.53 1126.16
Iteration 998  HV  cores 2144 2024 2  time 676.06 1608.53 1127.82
Iteration 999  HV  cores 2148 2028 4  time 676.74 1608.53 1129.47
Iteration 1000  HV  cores 2151 2031 3  time 677.107 1608.53 1131.13
Iteration 1001  HV  cores 2154 2034 3  time 677.557 1608.53 1132.78
Iteration 1002  HV  cores 2157 2037 3  time 681.553 1608.53 1134.41
Iteration 1003  HV  cores 2159 2039 2  time 681.774 1608.53 1136.04
Iteration 1004  HV  cores 2160 2040 1  time 681.81 1608.53 1137.67
Iteration 1005  HV  cores 2161 2041 1  time 681.856 1608.53 1139.31
Iteration 1006  HV  cores 2164 2044 3  time 682.832 1608.53 1140.95
Iteration 1007  HV  cores 2165 2045 1  time 682.86 1608.53 1142.59
Iteration 1008  HV  cores 2166 2046 1  time 682.919 1608.53 1144.22
Iteration 1009  HV  cores 2167 2047 1  time 682.998 1608.53 1145.85
Iteration 1010 MHV  lb 1570349 ub 1747022  time 683.007 1638.67 1145.85
Iteration 1011  HV  cores 2170 2050 3  time 683.173 1638.67 1147.58
Iteration 1012  HV  cores 2172 2052 2  time 683.503 1638.67 1149.3
Iteration 1013  HV  cores 2175 2055 3  time 684.39 1638.67 1151
Iteration 1014  HV  cores 2178 2058 3  time 685.702 1638.67 1152.69
Iteration 1015  HV  cores 2181 2061 3  time 686.251 1638.67 1154.38
Iteration 1016  HV  cores 2184 2064 3  time 686.857 1638.67 1156.06
Iteration 1017  HV  cores 2187 2067 3  time 687.055 1638.67 1157.75
Iteration 1018 MHV  lb 1570350 ub 1746945  time 687.075 1672.41 1157.75
Iteration 1019  HV  cores 2190 2070 3  time 687.357 1672.41 1159.43
Iteration 1020  HV  cores 2193 2073 3  time 687.873 1672.41 1161.11
Iteration 1021  HV  cores 2196 2076 3  time 689.043 1672.41 1162.78
Iteration 1022  HV  cores 2199 2079 3  time 689.54 1672.41 1164.45
Iteration 1023  HV  cores 2202 2082 3  time 690.173 1672.41 1166.09
Iteration 1024  HV  cores 2203 2083 1  time 690.285 1672.41 1167.72
Iteration 1025  HV  cores 2205 2085 2  time 690.554 1672.41 1169.36
Iteration 1026  HV  cores 2206 2086 1  time 690.801 1672.41 1171
Iteration 1027  HV  cores 2208 2088 2  time 691.141 1672.41 1172.64
Iteration 1028  HV  cores 2210 2090 2  time 691.28 1672.41 1174.28
Iteration 1029  HV  cores 2211 2091 1  time 691.316 1672.41 1175.92
Iteration 1030  HV  cores 2212 2092 1  time 691.501 1672.41 1177.56
Iteration 1031  HV  cores 2214 2094 2  time 691.613 1672.41 1179.2
Iteration 1032  HV  cores 2216 2096 2  time 691.863 1672.41 1180.86
Iteration 1033  HV  cores 2217 2097 1  time 691.902 1672.41 1182.5
Iteration 1034  HV  cores 2219 2099 2  time 692.224 1672.41 1184.15
Iteration 1035 MHV  lb 1570350 ub 1746944  time 692.23 1702.22 1184.15
Iteration 1036  HV  cores 2222 2102 3  time 692.419 1702.22 1185.87
