lb 285127 ub 15524611 before adjustment
lb 0 ub 15239484 after adjustment
costs ready
11 variables 66 functions 285127 lb, 15239484 ub
Iteration 0  HV  cores 4 4 4  time 0.625005 0 0.013892
Iteration 1 MHV  lb 285132 ub 15524610  time 0.630503 0.215323 0.013892
Iteration 2  HV  cores 8 8 4  time 2.80165 0.215323 0.141849
Iteration 3 MHV  lb 285146 ub 10221477  time 2.80647 0.448918 0.141849
Iteration 4  HV  cores 11 11 3  time 5.65423 0.448918 1.03784
Iteration 5  HV  cores 15 15 4  time 10.7304 0.448918 1.92593
Iteration 6 MHV  lb 285258 ub 7459475  time 10.7357 0.690021 1.92593
Iteration 7  HV  cores 18 18 3  time 13.3714 0.690021 3.01588
Iteration 8 MHV  lb 285268 ub 7459023  time 13.3764 0.947302 3.01588
Iteration 9  HV  cores 21 21 3  time 14.876 0.947302 4.11902
Iteration 10 MHV  lb 285276 ub 5317342  time 14.8811 1.21511 4.11902
Iteration 11  HV  cores 24 24 3  time 15.7536 1.21511 5.28288
Iteration 12  HV  cores 26 26 2  time 16.8455 1.21511 6.43977
Iteration 13 MHV  lb 285288 ub 5315301  time 16.8505 1.46484 6.43977
Iteration 14  HV  cores 29 29 3  time 18.0443 1.46484 7.60595
Iteration 15 MHV  lb 285293 ub 3440493  time 18.05 1.75447 7.60595
Iteration 16  HV  cores 33 33 4  time 20.5194 1.75447 8.81371
Iteration 17  HV  cores 34 34 1  time 20.5472 1.75447 10.0082
Iteration 18  HV  cores 35 35 1  time 20.7334 1.75447 11.1953
Iteration 19 MHV  lb 285316 ub 2412054  time 20.7386 2.03906 11.1953
Iteration 20  HV  cores 37 37 2  time 21.3758 2.03906 12.4084
Iteration 21 MHV  lb 285317 ub 2389750  time 21.3812 2.32341 12.4084
Iteration 22  HV  cores 39 39 2  time 21.7351 2.32341 13.6298
Iteration 23 MHV  lb 285318 ub 297878  time 21.7498 2.61718 13.6298
Iteration 24  HV  cores 42 41 3  time 23.0643 2.61718 15.1156
Iteration 25 MHV  lb 285325 ub 291694  time 23.0752 2.962 15.1156
Iteration 26  HV  cores 45 44 3  time 23.6009 2.962 16.7293
Iteration 27  HV  cores 49 48 4  time 25.0136 2.962 18.3382
Iteration 28  HV  cores 50 49 1  time 27.1664 2.962 19.9484
Iteration 29  HV  cores 51 49 1  time 27.3774 2.962 21.5565
Iteration 30  HV  cores 53 51 2  time 27.9812 2.962 23.1665
Iteration 31  HV  cores 55 53 2  time 28.4488 2.962 24.7763
Iteration 32  HV  cores 57 55 2  time 28.8638 2.962 26.3859
Iteration 33  HV  cores 59 56 2  time 29.1653 2.962 27.9962
Iteration 34  HV  cores 61 57 2  time 29.5093 2.962 29.6078
Iteration 35  HV  cores 63 59 2  time 31.222 2.962 31.2197
Iteration 36  HV  cores 65 61 2  time 33.6411 2.962 32.8345
Iteration 37  HV  cores 66 62 1  time 34.3528 2.962 34.4024
Iteration 38  HV  cores 68 64 2  time 35.2509 2.962 35.9743
Iteration 39  HV  cores 70 66 2  time 35.7795 2.962 37.5442
Iteration 40  HV  cores 72 68 2  time 40.2725 2.962 39.1184
Iteration 41  HV  cores 74 69 2  time 41.3936 2.962 40.6962
Iteration 42  HV  cores 76 69 2  time 41.9559 2.962 42.273
Iteration 43  HV  cores 78 70 2  time 43.3822 2.962 43.8511
Iteration 44  HV  cores 80 71 2  time 44.1658 2.962 45.4258
Iteration 45  HV  cores 82 72 2  time 44.7938 2.962 47.0011
Iteration 46  HV  cores 84 73 2  time 45.3391 2.962 48.5734
Iteration 47  HV  cores 86 75 2  time 47.0246 2.962 50.0666
Iteration 48  HV  cores 88 77 2  time 47.8801 2.962 51.562
Iteration 49  HV  cores 91 80 3  time 51.6265 2.962 53.0573
Iteration 50  HV  cores 93 82 2  time 51.757 2.962 54.552
Iteration 51  HV  cores 96 84 3  time 52.455 2.962 56.0476
Iteration 52  HV  cores 98 85 2  time 52.7489 2.962 57.5441
Iteration 53  HV  cores 100 87 2  time 53.5028 2.962 59.0453
Iteration 54  HV  cores 103 90 3  time 54.3706 2.962 60.5471
Iteration 55  HV  cores 106 93 3  time 55.3607 2.962 62.0492
Iteration 56  HV  cores 109 94 3  time 56.9274 2.962 63.5532
Iteration 57  HV  cores 112 96 3  time 57.3301 2.962 65.0544
Iteration 58  HV  cores 115 97 3  time 59.4935 2.962 66.5565
Iteration 59  HV  cores 118 99 3  time 83.5607 2.962 68.0669
Iteration 60  HV  cores 121 102 3  time 85.3414 2.962 69.5771
Iteration 61  HV  cores 124 105 3  time 89.1753 2.962 71.0835
Iteration 62  HV  cores 127 107 3  time 93.3006 2.962 72.6738
Iteration 63  HV  cores 129 109 2  time 96.1682 2.962 74.2656
Iteration 64  HV  cores 131 111 2  time 103.783 2.962 75.8576
Iteration 65  HV  cores 132 112 1  time 104.43 2.962 77.4488
Iteration 66  HV  cores 135 115 3  time 113.818 2.962 79.0431
Iteration 67  HV  cores 138 118 3  time 115.644 2.962 80.6369
Iteration 68  HV  cores 140 120 2  time 119.877 2.962 82.2419
Iteration 69  HV  cores 142 122 2  time 121.376 2.962 83.8404
Iteration 70  HV  cores 145 124 3  time 122.836 2.962 85.4383
Iteration 71  HV  cores 147 126 2  time 125.797 2.962 87.0427
Iteration 72  HV  cores 149 128 2  time 135.474 2.962 88.6388
Iteration 73  HV  cores 151 130 2  time 136.322 2.962 90.2359
Iteration 74  HV  cores 153 131 2  time 137.152 2.962 91.8357
Iteration 75  HV  cores 156 133 3  time 139.585 2.962 93.4461
Iteration 76  HV  cores 158 134 2  time 141.259 2.962 95.0513
Iteration 77  HV  cores 160 136 2  time 141.635 2.962 96.6536
Iteration 78  HV  cores 162 138 2  time 142.028 2.962 98.2566
Iteration 79  HV  cores 164 139 2  time 142.403 2.962 99.8605
Iteration 80  HV  cores 166 139 2  time 142.771 2.962 101.463
Iteration 81  HV  cores 168 141 2  time 146.316 2.962 103.062
Iteration 82  HV  cores 170 143 2  time 147.073 2.962 104.663
Iteration 83  HV  cores 172 145 2  time 150.572 2.962 106.262
Iteration 84  HV  cores 174 147 2  time 155.024 2.962 107.869
Iteration 85  HV  cores 176 149 2  time 156.559 2.962 109.478
Iteration 86  HV  cores 178 151 2  time 162.097 2.962 111.087
Iteration 87  HV  cores 180 151 2  time 162.594 2.962 112.692
Iteration 88  HV  cores 182 153 2  time 183.062 2.962 114.222
Iteration 89  HV  cores 184 153 2  time 186.862 2.962 115.761
Iteration 90  HV  cores 186 154 2  time 187.824 2.962 117.286
Iteration 91  HV  cores 188 153 2  time 188.8 2.962 118.81
Iteration 92  HV  cores 190 154 2  time 192.232 2.962 120.339
Iteration 93  HV  cores 192 156 2  time 198.098 2.962 121.868
Iteration 94  HV  cores 194 156 2  time 198.616 2.962 123.397
Iteration 95  HV  cores 196 158 2  time 198.961 2.962 124.925
Iteration 96  HV  cores 199 160 3  time 199.339 2.962 126.451
Iteration 97  HV  cores 202 163 3  time 202.253 2.962 127.977
Iteration 98  HV  cores 205 166 3  time 206.082 2.962 129.511
Iteration 99  HV  cores 207 168 2  time 209.151 2.962 131.039
Iteration 100  HV  cores 209 170 2  time 211.951 2.962 132.568
Iteration 101  HV  cores 211 170 2  time 212.801 2.962 134.102
Iteration 102  HV  cores 212 171 1  time 214.478 2.962 135.601
Iteration 103  HV  cores 213 172 1  time 215.419 2.962 137.098
Iteration 104  HV  cores 215 174 2  time 217.385 2.962 138.595
Iteration 105  HV  cores 217 176 2  time 221.279 2.962 140.095
Iteration 106  HV  cores 218 177 1  time 222.686 2.962 141.598
Iteration 107  HV  cores 219 178 1  time 223.084 2.962 143.102
Iteration 108  HV  cores 220 179 1  time 223.116 2.962 144.602
Iteration 109  HV  cores 221 180 1  time 224.095 2.962 146.103
Iteration 110  HV  cores 222 181 1  time 224.229 2.962 147.613
Iteration 111  HV  cores 223 182 1  time 225.133 2.962 149.122
Iteration 112  HV  cores 224 183 1  time 226.012 2.962 150.633
Iteration 113  HV  cores 225 184 1  time 226.448 2.962 152.144
Iteration 114  HV  cores 226 185 1  time 226.553 2.962 153.654
Iteration 115  HV  cores 227 186 1  time 227.242 2.962 155.167
Iteration 116  HV  cores 228 187 1  time 227.379 2.962 156.682
Iteration 117  HV  cores 229 188 1  time 228.234 2.962 158.196
Iteration 118  HV  cores 230 189 1  time 228.921 2.962 159.713
Iteration 119  HV  cores 231 190 1  time 229.869 2.962 161.237
Iteration 120  HV  cores 232 191 1  time 230.76 2.962 162.767
Iteration 121  HV  cores 234 193 2  time 232.337 2.962 164.289
Iteration 122  HV  cores 235 194 1  time 232.422 2.962 165.815
Iteration 123  HV  cores 236 195 1  time 232.566 2.962 167.341
Iteration 124  HV  cores 237 196 1  time 232.974 2.962 168.867
Iteration 125  HV  cores 238 197 1  time 233.131 2.962 170.388
Iteration 126  HV  cores 239 198 1  time 233.748 2.962 171.91
Iteration 127  HV  cores 240 199 1  time 234.913 2.962 173.431
Iteration 128  HV  cores 242 201 2  time 236.234 2.962 174.954
Iteration 129  HV  cores 244 203 2  time 236.78 2.962 176.475
Iteration 130  HV  cores 245 204 1  time 237.023 2.962 177.996
Iteration 131  HV  cores 246 205 1  time 242.284 2.962 179.519
Iteration 132  HV  cores 247 206 1  time 243.557 2.962 181.04
Iteration 133  HV  cores 248 207 1  time 243.609 2.962 182.562
Iteration 134  HV  cores 249 208 1  time 244.332 2.962 184.085
Iteration 135  HV  cores 250 209 1  time 244.754 2.962 185.611
Iteration 136  HV  cores 251 210 1  time 244.828 2.962 187.133
Iteration 137  HV  cores 252 211 1  time 246.284 2.962 188.66
Iteration 138  HV  cores 254 213 2  time 247.768 2.962 190.189
Iteration 139  HV  cores 256 215 2  time 248.946 2.962 191.717
Iteration 140  HV  cores 257 216 1  time 249.5 2.962 193.243
Iteration 141  HV  cores 258 217 1  time 249.572 2.962 194.773
Iteration 142  HV  cores 260 219 2  time 252.019 2.962 196.299
Iteration 143  HV  cores 261 220 1  time 252.141 2.962 197.824
Iteration 144  HV  cores 262 221 1  time 252.848 2.962 199.357
Iteration 145  HV  cores 265 224 3  time 256.042 2.962 200.897
Iteration 146  HV  cores 266 225 1  time 256.522 2.962 202.437
Iteration 147  HV  cores 267 226 1  time 256.649 2.962 203.975
Iteration 148  HV  cores 268 227 1  time 257.159 2.962 205.519
Iteration 149  HV  cores 270 229 2  time 258.315 2.962 207.056
Iteration 150  HV  cores 272 231 2  time 259.213 2.962 208.594
Iteration 151  HV  cores 273 232 1  time 260.268 2.962 210.133
Iteration 152  HV  cores 275 234 2  time 261.948 2.962 211.675
Iteration 153  HV  cores 276 235 1  time 262.333 2.962 213.212
Iteration 154  HV  cores 278 237 2  time 262.471 2.962 214.751
Iteration 155  HV  cores 279 238 1  time 263.2 2.962 216.288
Iteration 156  HV  cores 281 240 2  time 264.313 2.962 217.828
Iteration 157  HV  cores 283 242 2  time 264.97 2.962 219.369
Iteration 158  HV  cores 285 244 2  time 265.574 2.962 220.91
Iteration 159  HV  cores 286 245 1  time 265.637 2.962 222.448
Iteration 160  HV  cores 288 247 2  time 266.116 2.962 223.987
Iteration 161  HV  cores 289 248 1  time 266.188 2.962 225.529
Iteration 162  HV  cores 290 249 1  time 267.85 2.962 227.076
Iteration 163  HV  cores 291 250 1  time 267.983 2.962 228.625
Iteration 164  HV  cores 292 251 1  time 268.366 2.962 230.169
Iteration 165  HV  cores 293 252 1  time 268.775 2.962 231.716
Iteration 166  HV  cores 294 253 1  time 268.858 2.962 233.263
Iteration 167  HV  cores 295 254 1  time 269.068 2.962 234.811
Iteration 168  HV  cores 296 255 1  time 269.941 2.962 236.361
Iteration 169  HV  cores 297 256 1  time 270.311 2.962 237.911
Iteration 170  HV  cores 298 257 1  time 270.653 2.962 239.459
Iteration 171  HV  cores 300 259 2  time 271.215 2.962 241.006
Iteration 172  HV  cores 301 260 1  time 271.414 2.962 242.554
Iteration 173  HV  cores 302 261 1  time 271.996 2.962 244.101
Iteration 174  HV  cores 304 263 2  time 272.721 2.962 245.648
Iteration 175  HV  cores 305 264 1  time 273.921 2.962 247.197
Iteration 176  HV  cores 306 265 1  time 274.759 2.962 248.744
Iteration 177  HV  cores 308 267 2  time 275.951 2.962 250.293
Iteration 178  HV  cores 309 268 1  time 276.703 2.962 251.842
Iteration 179  HV  cores 310 269 1  time 276.809 2.962 253.39
Iteration 180  HV  cores 311 270 1  time 277.283 2.962 254.94
Iteration 181  HV  cores 312 271 1  time 277.315 2.962 256.49
Iteration 182  HV  cores 313 272 1  time 278.25 2.962 258.045
Iteration 183  HV  cores 315 274 2  time 278.656 2.962 259.599
Iteration 184  HV  cores 316 275 1  time 278.895 2.962 261.151
Iteration 185  HV  cores 317 276 1  time 279.095 2.962 262.707
Iteration 186  HV  cores 319 278 2  time 281.471 2.962 264.27
Iteration 187  HV  cores 321 280 2  time 283.671 2.962 265.832
Iteration 188  HV  cores 322 281 1  time 283.903 2.962 267.392
Iteration 189  HV  cores 324 283 2  time 287.502 2.962 268.956
Iteration 190  HV  cores 326 285 2  time 287.884 2.962 270.514
Iteration 191  HV  cores 327 286 1  time 288.255 2.962 272.071
Iteration 192  HV  cores 329 288 2  time 288.902 2.962 273.634
Iteration 193  HV  cores 331 290 2  time 291.623 2.962 275.197
Iteration 194  HV  cores 332 291 1  time 293.581 2.962 276.772
Iteration 195  HV  cores 334 293 2  time 294.076 2.962 278.341
Iteration 196  HV  cores 335 294 1  time 294.656 2.962 279.908
Iteration 197  HV  cores 337 296 2  time 295.613 2.962 281.474
Iteration 198  HV  cores 338 297 1  time 296.074 2.962 283.041
Iteration 199  HV  cores 339 298 1  time 296.174 2.962 284.612
Iteration 200  HV  cores 341 300 2  time 296.397 2.962 286.183
Iteration 201  HV  cores 342 301 1  time 296.517 2.962 287.755
Iteration 202  HV  cores 343 302 1  time 296.955 2.962 289.328
Iteration 203  HV  cores 344 303 1  time 297.066 2.962 290.902
Iteration 204  HV  cores 345 304 1  time 297.098 2.962 292.474
Iteration 205  HV  cores 347 306 2  time 297.968 2.962 294.051
Iteration 206  HV  cores 348 307 1  time 298.428 2.962 295.625
Iteration 207  HV  cores 349 308 1  time 298.622 2.962 297.2
Iteration 208  HV  cores 350 309 1  time 299.144 2.962 298.776
Iteration 209  HV  cores 351 310 1  time 299.39 2.962 300.35
Iteration 210  HV  cores 352 311 1  time 299.45 2.962 301.93
Iteration 211  HV  cores 354 313 2  time 301.068 2.962 303.505
Iteration 212  HV  cores 355 314 1  time 301.349 2.962 305.08
Iteration 213  HV  cores 356 315 1  time 301.778 2.962 306.658
Iteration 214  HV  cores 357 316 1  time 302.061 2.962 308.234
Iteration 215  HV  cores 359 318 2  time 302.58 2.962 309.812
Iteration 216  HV  cores 361 320 2  time 303.953 2.962 311.387
Iteration 217  HV  cores 362 321 1  time 304.859 2.962 312.963
Iteration 218  HV  cores 364 323 2  time 305.882 2.962 314.542
Iteration 219  HV  cores 365 324 1  time 305.95 2.962 316.127
Iteration 220  HV  cores 367 326 2  time 306.74 2.962 317.701
Iteration 221  HV  cores 368 327 1  time 306.993 2.962 319.278
Iteration 222  HV  cores 369 328 1  time 307.224 2.962 320.853
Iteration 223  HV  cores 371 330 2  time 308.467 2.962 322.446
Iteration 224  HV  cores 373 332 2  time 308.893 2.962 324.036
Iteration 225  HV  cores 375 334 2  time 311.792 2.962 325.62
Iteration 226  HV  cores 377 336 2  time 312.457 2.962 327.205
Iteration 227  HV  cores 379 338 2  time 313.752 2.962 328.79
Iteration 228  HV  cores 380 339 1  time 313.807 2.962 330.374
Iteration 229  HV  cores 383 342 3  time 316.534 2.962 331.959
Iteration 230  HV  cores 386 345 3  time 318.819 2.962 333.542
Iteration 231  HV  cores 387 346 1  time 320.243 2.962 335.118
Iteration 232  HV  cores 388 347 1  time 320.48 2.962 336.696
Iteration 233  HV  cores 389 348 1  time 321.025 2.962 338.274
Iteration 234  HV  cores 391 350 2  time 321.757 2.962 339.869
Iteration 235  HV  cores 392 351 1  time 321.987 2.962 341.462
Iteration 236  HV  cores 393 352 1  time 322.363 2.962 343.057
Iteration 237  HV  cores 394 353 1  time 323.182 2.962 344.65
Iteration 238  HV  cores 395 354 1  time 323.618 2.962 346.238
Iteration 239  HV  cores 396 355 1  time 324.113 2.962 347.826
Iteration 240  HV  cores 397 356 1  time 324.481 2.962 349.414
Iteration 241  HV  cores 398 357 1  time 324.516 2.962 351.002
Iteration 242  HV  cores 400 359 2  time 324.956 2.962 352.591
Iteration 243  HV  cores 402 361 2  time 325.802 2.962 354.183
Iteration 244  HV  cores 403 362 1  time 326.689 2.962 355.776
Iteration 245  HV  cores 404 363 1  time 327.14 2.962 357.369
Iteration 246  HV  cores 405 364 1  time 327.242 2.962 358.961
Iteration 247  HV  cores 407 366 2  time 328.682 2.962 360.555
Iteration 248  HV  cores 409 368 2  time 330.97 2.962 362.146
Iteration 249  HV  cores 411 370 2  time 331.568 2.962 363.734
Iteration 250  HV  cores 413 372 2  time 332.361 2.962 365.326
Iteration 251  HV  cores 415 374 2  time 334.785 2.962 366.916
Iteration 252  HV  cores 416 375 1  time 339.173 2.962 368.507
Iteration 253  HV  cores 418 377 2  time 341.268 2.962 370.104
Iteration 254  HV  cores 419 378 1  time 341.332 2.962 371.7
Iteration 255  HV  cores 421 380 2  time 341.833 2.962 373.303
Iteration 256  HV  cores 422 381 1  time 342.071 2.962 374.9
Iteration 257  HV  cores 424 383 2  time 342.745 2.962 376.496
Iteration 258  HV  cores 426 385 2  time 343.156 2.962 378.093
Iteration 259  HV  cores 427 386 1  time 343.284 2.962 379.688
Iteration 260  HV  cores 429 388 2  time 344.025 2.962 381.286
Iteration 261  HV  cores 430 389 1  time 344.175 2.962 382.885
Iteration 262  HV  cores 431 390 1  time 344.404 2.962 384.482
Iteration 263  HV  cores 432 391 1  time 345.049 2.962 386.08
Iteration 264  HV  cores 434 393 2  time 345.769 2.962 387.681
Iteration 265  HV  cores 435 394 1  time 348.896 2.962 389.28
Iteration 266  HV  cores 436 395 1  time 348.946 2.962 390.881
Iteration 267  HV  cores 437 396 1  time 349.93 2.962 392.481
Iteration 268  HV  cores 439 398 2  time 360.208 2.962 394.082
Iteration 269  HV  cores 440 399 1  time 361.051 2.962 395.681
Iteration 270  HV  cores 441 400 1  time 361.138 2.962 397.284
Iteration 271  HV  cores 443 402 2  time 363.762 2.962 398.889
Iteration 272  HV  cores 444 403 1  time 363.931 2.962 400.491
Iteration 273  HV  cores 446 405 2  time 364.497 2.962 402.091
Iteration 274  HV  cores 447 406 1  time 365.652 2.962 403.691
Iteration 275  HV  cores 448 407 1  time 366.082 2.962 405.288
Iteration 276  HV  cores 449 408 1  time 366.228 2.962 406.889
Iteration 277  HV  cores 450 409 1  time 366.593 2.962 408.479
Iteration 278  HV  cores 452 411 2  time 367.822 2.962 410.071
Iteration 279  HV  cores 453 412 1  time 368.194 2.962 411.661
Iteration 280  HV  cores 454 413 1  time 368.508 2.962 413.232
Iteration 281  HV  cores 455 414 1  time 368.668 2.962 414.808
Iteration 282  HV  cores 456 415 1  time 369.31 2.962 416.38
Iteration 283  HV  cores 458 417 2  time 370.67 2.962 417.949
Iteration 284  HV  cores 459 418 1  time 371.514 2.962 419.521
Iteration 285  HV  cores 460 419 1  time 372.547 2.962 421.097
Iteration 286  HV  cores 462 421 2  time 374.475 2.962 422.686
Iteration 287  HV  cores 464 423 2  time 375.256 2.962 424.27
Iteration 288  HV  cores 466 425 2  time 375.933 2.962 425.852
Iteration 289  HV  cores 468 427 2  time 377.23 2.962 427.434
Iteration 290  HV  cores 470 429 2  time 377.925 2.962 429.016
Iteration 291  HV  cores 471 430 1  time 378.205 2.962 430.6
Iteration 292  HV  cores 473 432 2  time 378.487 2.962 432.191
Iteration 293  HV  cores 474 433 1  time 378.608 2.962 433.787
Iteration 294  HV  cores 475 434 1  time 379.979 2.962 435.369
Iteration 295  HV  cores 476 435 1  time 380.077 2.962 436.963
Iteration 296  HV  cores 478 437 2  time 380.513 2.962 438.55
Iteration 297  HV  cores 480 439 2  time 381.521 2.962 440.14
Iteration 298  HV  cores 482 441 2  time 383.079 2.962 441.729
Iteration 299  HV  cores 484 443 2  time 384.414 2.962 443.316
Iteration 300  HV  cores 485 444 1  time 384.885 2.962 444.904
Iteration 301  HV  cores 486 445 1  time 384.981 2.962 446.497
Iteration 302  HV  cores 487 446 1  time 385.358 2.962 448.085
Iteration 303  HV  cores 489 448 2  time 386.552 2.962 449.671
Iteration 304  HV  cores 490 449 1  time 387.165 2.962 451.263
Iteration 305  HV  cores 492 451 2  time 389.02 2.962 452.849
Iteration 306  HV  cores 493 452 1  time 389.638 2.962 454.433
Iteration 307  HV  cores 494 453 1  time 391.002 2.962 456.032
Iteration 308  HV  cores 495 454 1  time 391.234 2.962 457.634
Iteration 309  HV  cores 497 456 2  time 392.051 2.962 459.23
Iteration 310  HV  cores 498 457 1  time 392.599 2.962 460.825
Iteration 311  HV  cores 499 458 1  time 392.67 2.962 462.421
Iteration 312  HV  cores 501 460 2  time 393.38 2.962 464.017
Iteration 313  HV  cores 502 461 1  time 393.954 2.962 465.613
Iteration 314  HV  cores 504 463 2  time 394.426 2.962 467.209
Iteration 315  HV  cores 506 465 2  time 394.866 2.962 468.806
Iteration 316  HV  cores 508 467 2  time 395.242 2.962 470.401
Iteration 317  HV  cores 509 468 1  time 395.328 2.962 472
Iteration 318  HV  cores 510 469 1  time 396.26 2.962 473.595
Iteration 319  HV  cores 511 470 1  time 396.521 2.962 475.189
Iteration 320  HV  cores 512 471 1  time 397.468 2.962 476.781
Iteration 321  HV  cores 514 473 2  time 397.813 2.962 478.377
Iteration 322  HV  cores 515 474 1  time 398.054 2.962 479.973
Iteration 323  HV  cores 516 475 1  time 399.119 2.962 481.568
Iteration 324  HV  cores 517 476 1  time 399.758 2.962 483.162
Iteration 325  HV  cores 519 478 2  time 405.726 2.962 484.755
Iteration 326  HV  cores 521 480 2  time 406.34 2.962 486.35
Iteration 327  HV  cores 523 482 2  time 408.581 2.962 487.943
Iteration 328  HV  cores 524 483 1  time 409.093 2.962 489.535
Iteration 329  HV  cores 525 484 1  time 409.643 2.962 491.129
Iteration 330  HV  cores 526 485 1  time 409.912 2.962 492.723
Iteration 331  HV  cores 527 486 1  time 410.394 2.962 494.321
Iteration 332  HV  cores 528 487 1  time 411.599 2.962 495.924
Iteration 333  HV  cores 531 490 3  time 417.227 2.962 497.523
Iteration 334  HV  cores 533 492 2  time 417.734 2.962 499.124
Iteration 335  HV  cores 534 493 1  time 418.755 2.962 500.732
Iteration 336  HV  cores 535 494 1  time 418.972 2.962 502.326
Iteration 337  HV  cores 536 495 1  time 419.253 2.962 503.918
Iteration 338  HV  cores 537 496 1  time 419.673 2.962 505.511
Iteration 339  HV  cores 539 498 2  time 420.532 2.962 507.101
Iteration 340  HV  cores 541 500 2  time 423.037 2.962 508.693
Iteration 341  HV  cores 542 501 1  time 423.127 2.962 510.29
Iteration 342  HV  cores 543 502 1  time 423.676 2.962 511.88
Iteration 343  HV  cores 545 504 2  time 424.322 2.962 513.501
Iteration 344  HV  cores 546 505 1  time 424.397 2.962 515.139
Iteration 345  HV  cores 548 507 2  time 426.926 2.962 516.769
Iteration 346  HV  cores 550 509 2  time 427.45 2.962 518.574
Iteration 347  HV  cores 552 511 2  time 427.905 2.962 520.374
Iteration 348  HV  cores 554 513 2  time 429.228 2.962 522.173
Iteration 349  HV  cores 555 514 1  time 429.695 2.962 523.99
Iteration 350  HV  cores 556 515 1  time 429.853 2.962 525.805
Iteration 351  HV  cores 557 516 1  time 429.962 2.962 527.619
Iteration 352  HV  cores 558 517 1  time 430.795 2.962 529.435
Iteration 353  HV  cores 559 518 1  time 430.921 2.962 531.257
Iteration 354  HV  cores 561 520 2  time 431.839 2.962 533.069
Iteration 355  HV  cores 563 522 2  time 435.21 2.962 534.893
Iteration 356  HV  cores 565 524 2  time 436.303 2.962 536.706
Iteration 357  HV  cores 566 525 1  time 436.785 2.962 538.519
Iteration 358  HV  cores 567 526 1  time 437.183 2.962 540.335
Iteration 359  HV  cores 569 528 2  time 438.357 2.962 542.163
Iteration 360  HV  cores 571 530 2  time 439.2 2.962 543.975
Iteration 361  HV  cores 573 532 2  time 439.553 2.962 545.788
Iteration 362  HV  cores 575 534 2  time 439.93 2.962 547.614
Iteration 363  HV  cores 578 537 3  time 441.216 2.962 549.437
Iteration 364  HV  cores 580 539 2  time 442.089 2.962 551.25
Iteration 365  HV  cores 581 540 1  time 442.505 2.962 553.075
Iteration 366  HV  cores 583 542 2  time 443.141 2.962 554.892
Iteration 367  HV  cores 584 543 1  time 443.183 2.962 556.709
Iteration 368  HV  cores 586 545 2  time 443.886 2.962 558.528
Iteration 369  HV  cores 587 546 1  time 444.489 2.962 560.343
Iteration 370  HV  cores 588 547 1  time 444.82 2.962 562.157
Iteration 371  HV  cores 589 548 1  time 445.105 2.962 563.97
Iteration 372  HV  cores 590 549 1  time 445.206 2.962 565.78
Iteration 373  HV  cores 592 551 2  time 445.455 2.962 567.594
Iteration 374  HV  cores 594 553 2  time 445.734 2.962 569.404
Iteration 375  HV  cores 595 554 1  time 445.837 2.962 571.215
Iteration 376  HV  cores 596 555 1  time 448.494 2.962 573.032
Iteration 377  HV  cores 598 557 2  time 449.046 2.962 574.842
Iteration 378  HV  cores 599 558 1  time 449.14 2.962 576.655
Iteration 379  HV  cores 601 560 2  time 449.587 2.962 578.47
Iteration 380  HV  cores 603 562 2  time 453.418 2.962 580.298
Iteration 381  HV  cores 604 563 1  time 453.725 2.962 582.133
Iteration 382  HV  cores 606 565 2  time 454.5 2.962 583.959
Iteration 383  HV  cores 607 566 1  time 454.548 2.962 585.787
Iteration 384  HV  cores 609 568 2  time 455.001 2.962 587.617
Iteration 385  HV  cores 611 570 2  time 455.729 2.962 589.443
Iteration 386  HV  cores 613 572 2  time 456.261 2.962 591.28
Iteration 387  HV  cores 615 574 2  time 457.136 2.962 593.105
Iteration 388  HV  cores 617 576 2  time 457.551 2.962 594.932
Iteration 389  HV  cores 618 577 1  time 458.065 2.962 596.765
Iteration 390  HV  cores 619 578 1  time 459.055 2.962 598.589
Iteration 391  HV  cores 620 579 1  time 459.26 2.962 600.412
Iteration 392  HV  cores 621 580 1  time 459.71 2.962 602.237
Iteration 393  HV  cores 623 582 2  time 462.396 2.962 604.059
Iteration 394  HV  cores 625 584 2  time 462.934 2.962 605.883
Iteration 395  HV  cores 626 585 1  time 463.113 2.962 607.704
Iteration 396  HV  cores 627 586 1  time 463.409 2.962 609.54
Iteration 397  HV  cores 629 588 2  time 466.508 2.962 611.366
Iteration 398  HV  cores 630 589 1  time 467.81 2.962 613.189
Iteration 399  HV  cores 631 590 1  time 468.426 2.962 615.016
Iteration 400  HV  cores 633 592 2  time 468.704 2.962 616.837
Iteration 401  HV  cores 634 593 1  time 469.045 2.962 618.674
Iteration 402  HV  cores 637 596 3  time 489.854 2.962 620.498
Iteration 403  HV  cores 639 598 2  time 490.326 2.962 622.322
Iteration 404  HV  cores 641 600 2  time 490.774 2.962 624.144
Iteration 405  HV  cores 642 601 1  time 491.307 2.962 625.97
Iteration 406  HV  cores 644 603 2  time 492.032 2.962 627.797
Iteration 407  HV  cores 646 605 2  time 494.064 2.962 629.62
Iteration 408  HV  cores 648 607 2  time 495.333 2.962 631.464
Iteration 409  HV  cores 649 608 1  time 496.114 2.962 633.301
Iteration 410  HV  cores 651 610 2  time 496.846 2.962 635.139
Iteration 411  HV  cores 653 612 2  time 501.126 2.962 636.975
Iteration 412  HV  cores 654 613 1  time 501.238 2.962 638.807
Iteration 413  HV  cores 655 614 1  time 501.6 2.962 640.651
Iteration 414  HV  cores 657 616 2  time 502.361 2.962 642.483
Iteration 415  HV  cores 658 617 1  time 503.036 2.962 644.318
Iteration 416  HV  cores 659 618 1  time 503.328 2.962 646.153
Iteration 417  HV  cores 661 620 2  time 504.013 2.962 647.988
Iteration 418  HV  cores 662 621 1  time 506.685 2.962 649.825
Iteration 419  HV  cores 663 622 1  time 507.53 2.962 651.659
Iteration 420  HV  cores 664 623 1  time 507.621 2.962 653.494
Iteration 421  HV  cores 666 625 2  time 508.784 2.962 655.333
Iteration 422  HV  cores 668 627 2  time 510.032 2.962 657.171
Iteration 423  HV  cores 669 628 1  time 510.462 2.962 659.008
Iteration 424  HV  cores 670 629 1  time 512.587 2.962 660.851
Iteration 425  HV  cores 671 630 1  time 512.696 2.962 662.7
Iteration 426  HV  cores 673 632 2  time 513.483 2.962 664.535
Iteration 427  HV  cores 674 633 1  time 514.142 2.962 666.372
Iteration 428  HV  cores 675 634 1  time 517.036 2.962 668.203
Iteration 429  HV  cores 677 636 2  time 517.495 2.962 670.045
Iteration 430  HV  cores 678 637 1  time 518.968 2.962 671.878
Iteration 431  HV  cores 679 638 1  time 519.152 2.962 673.721
Iteration 432  HV  cores 681 640 2  time 520.848 2.962 675.566
Iteration 433  HV  cores 683 642 2  time 524.944 2.962 677.418
Iteration 434  HV  cores 685 644 2  time 526.077 2.962 679.258
Iteration 435  HV  cores 686 645 1  time 526.911 2.962 681.109
Iteration 436  HV  cores 688 647 2  time 529.208 2.962 682.951
Iteration 437  HV  cores 689 648 1  time 529.487 2.962 684.794
Iteration 438  HV  cores 690 649 1  time 530.335 2.962 686.623
Iteration 439  HV  cores 691 650 1  time 531.137 2.962 688.454
Iteration 440  HV  cores 693 652 2  time 531.283 2.962 690.299
Iteration 441  HV  cores 695 654 2  time 533.293 2.962 692.135
Iteration 442  HV  cores 696 655 1  time 533.424 2.962 693.98
Iteration 443  HV  cores 698 657 2  time 533.897 2.962 695.815
Iteration 444  HV  cores 699 658 1  time 534.174 2.962 697.651
Iteration 445  HV  cores 700 659 1  time 535.323 2.962 699.488
Iteration 446  HV  cores 701 660 1  time 535.888 2.962 701.325
Iteration 447  HV  cores 703 662 2  time 540.772 2.962 703.158
Iteration 448  HV  cores 704 663 1  time 541.058 2.962 704.995
Iteration 449  HV  cores 705 664 1  time 541.714 2.962 706.829
Iteration 450  HV  cores 706 665 1  time 542.843 2.962 708.674
Iteration 451  HV  cores 707 666 1  time 545.484 2.962 710.52
Iteration 452  HV  cores 709 668 2  time 547.56 2.962 712.359
Iteration 453  HV  cores 710 669 1  time 547.681 2.962 714.197
Iteration 454  HV  cores 711 670 1  time 547.865 2.962 716.043
Iteration 455  HV  cores 713 672 2  time 548.253 2.962 717.885
Iteration 456  HV  cores 714 673 1  time 548.685 2.962 719.731
Iteration 457  HV  cores 715 674 1  time 549.116 2.962 721.584
Iteration 458  HV  cores 717 676 2  time 550.889 2.962 723.422
Iteration 459  HV  cores 718 677 1  time 552.14 2.962 725.26
Iteration 460  HV  cores 720 679 2  time 553.949 2.962 727.113
Iteration 461  HV  cores 722 681 2  time 555.57 2.962 728.962
Iteration 462  HV  cores 723 682 1  time 556.309 2.962 730.798
Iteration 463  HV  cores 725 684 2  time 557.378 2.962 732.646
Iteration 464  HV  cores 727 686 2  time 559.122 2.962 734.484
Iteration 465  HV  cores 728 687 1  time 559.22 2.962 736.322
Iteration 466  HV  cores 729 688 1  time 561.868 2.962 738.161
Iteration 467  HV  cores 730 689 1  time 563.013 2.962 740.004
Iteration 468  HV  cores 731 690 1  time 563.643 2.962 741.86
Iteration 469  HV  cores 733 692 2  time 569.428 2.962 743.701
Iteration 470  HV  cores 735 694 2  time 571.627 2.962 745.547
Iteration 471  HV  cores 737 696 2  time 571.902 2.962 747.387
Iteration 472  HV  cores 739 698 2  time 572.013 2.962 749.229
Iteration 473  HV  cores 740 699 1  time 572.109 2.962 751.078
Iteration 474  HV  cores 741 700 1  time 572.22 2.962 752.933
Iteration 475  HV  cores 743 702 2  time 572.658 2.962 754.779
Iteration 476  HV  cores 745 704 2  time 572.971 2.962 756.628
Iteration 477  HV  cores 747 706 2  time 574.121 2.962 758.47
Iteration 478  HV  cores 748 707 1  time 574.981 2.962 760.338
Iteration 479  HV  cores 750 709 2  time 575.838 2.962 762.199
Iteration 480  HV  cores 752 711 2  time 576.41 2.962 764.056
Iteration 481  HV  cores 754 713 2  time 576.723 2.962 765.927
Iteration 482  HV  cores 756 715 2  time 583.59 2.962 767.774
Iteration 483  HV  cores 757 716 1  time 585.096 2.962 769.62
Iteration 484  HV  cores 758 717 1  time 586.081 2.962 771.471
Iteration 485  HV  cores 760 719 2  time 586.932 2.962 773.326
Iteration 486  HV  cores 761 720 1  time 587.113 2.962 775.174
Iteration 487  HV  cores 762 721 1  time 588.191 2.962 777.026
Iteration 488  HV  cores 763 722 1  time 588.27 2.962 778.887
Iteration 489  HV  cores 765 724 2  time 588.86 2.962 780.744
Iteration 490  HV  cores 766 725 1  time 589.974 2.962 782.593
Iteration 491  HV  cores 768 727 2  time 591.208 2.962 784.493
Iteration 492  HV  cores 769 728 1  time 591.424 2.962 786.391
Iteration 493  HV  cores 771 730 2  time 591.657 2.962 788.293
Iteration 494  HV  cores 772 731 1  time 594.892 2.962 790.199
Iteration 495  HV  cores 774 733 2  time 595.705 2.962 792.103
Iteration 496  HV  cores 775 734 1  time 596.37 2.962 794.001
Iteration 497  HV  cores 776 735 1  time 596.544 2.962 795.897
Iteration 498  HV  cores 777 736 1  time 596.736 2.962 797.79
Iteration 499  HV  cores 779 738 2  time 597.748 2.962 799.692
Iteration 500  HV  cores 781 740 2  time 601.276 2.962 801.55
Iteration 501  HV  cores 782 741 1  time 601.987 2.962 803.427
Iteration 502  HV  cores 783 742 1  time 602.086 2.962 805.304
Iteration 503  HV  cores 785 744 2  time 603.579 2.962 807.171
Iteration 504  HV  cores 787 746 2  time 603.839 2.962 809.044
Iteration 505  HV  cores 789 748 2  time 609.373 2.962 810.913
Iteration 506  HV  cores 791 749 2  time 611.277 2.962 812.78
Iteration 507  HV  cores 792 750 1  time 613.503 2.962 814.634
Iteration 508  HV  cores 794 752 2  time 614.379 2.962 816.505
Iteration 509  HV  cores 796 754 2  time 616.319 2.962 818.359
Iteration 510  HV  cores 797 755 1  time 616.613 2.962 820.219
Iteration 511  HV  cores 798 756 1  time 616.85 2.962 822.074
Iteration 512  HV  cores 800 758 2  time 616.968 2.962 823.934
Iteration 513  HV  cores 801 759 1  time 617.608 2.962 825.796
Iteration 514  HV  cores 802 760 1  time 618.41 2.962 827.653
Iteration 515  HV  cores 803 761 1  time 619.286 2.962 829.512
Iteration 516  HV  cores 805 763 2  time 619.812 2.962 831.385
Iteration 517  HV  cores 807 765 2  time 623.351 2.962 833.245
Iteration 518  HV  cores 808 766 1  time 623.392 2.962 835.098
Iteration 519  HV  cores 809 767 1  time 623.486 2.962 836.955
Iteration 520  HV  cores 811 769 2  time 624.433 2.962 838.821
Iteration 521  HV  cores 813 771 2  time 627.751 2.962 840.678
Iteration 522  HV  cores 814 772 1  time 627.974 2.962 842.54
Iteration 523  HV  cores 815 773 1  time 628.977 2.962 844.412
Iteration 524  HV  cores 817 775 2  time 632.434 2.962 846.297
Iteration 525  HV  cores 819 777 2  time 635.867 2.962 848.168
Iteration 526  HV  cores 820 778 1  time 635.931 2.962 850.029
Iteration 527  HV  cores 822 780 2  time 636.615 2.962 851.889
Iteration 528  HV  cores 824 782 2  time 638.628 2.962 853.773
Iteration 529  HV  cores 826 784 2  time 639.16 2.962 855.646
Iteration 530  HV  cores 827 785 1  time 639.203 2.962 857.531
Iteration 531  HV  cores 829 787 2  time 640.918 2.962 859.416
Iteration 532  HV  cores 831 789 2  time 642.558 2.962 861.302
Iteration 533  HV  cores 833 790 2  time 643.421 2.962 863.187
Iteration 534  HV  cores 835 792 2  time 645.227 2.962 865.066
Iteration 535  HV  cores 836 793 1  time 646.452 2.962 866.94
Iteration 536  HV  cores 837 794 1  time 646.636 2.962 868.813
Iteration 537  HV  cores 838 795 1  time 646.949 2.962 870.683
Iteration 538  HV  cores 839 796 1  time 647.135 2.962 872.554
Iteration 539  HV  cores 841 798 2  time 648.104 2.962 874.425
Iteration 540  HV  cores 843 800 2  time 648.727 2.962 876.301
Iteration 541  HV  cores 844 801 1  time 649.373 2.962 878.179
Iteration 542  HV  cores 846 803 2  time 656.417 2.962 880.049
Iteration 543  HV  cores 847 804 1  time 656.873 2.962 881.921
Iteration 544  HV  cores 848 805 1  time 657.094 2.962 883.788
Iteration 545  HV  cores 850 807 2  time 658.361 2.962 885.656
Iteration 546  HV  cores 851 808 1  time 658.579 2.962 887.544
Iteration 547  HV  cores 853 809 2  time 659.398 2.962 889.406
Iteration 548  HV  cores 854 810 1  time 659.735 2.962 891.28
Iteration 549  HV  cores 856 812 2  time 659.985 2.962 893.143
Iteration 550  HV  cores 857 813 1  time 667.127 2.962 895.025
Iteration 551  HV  cores 859 815 2  time 703.139 2.962 896.915
Iteration 552  HV  cores 861 817 2  time 703.991 2.962 898.785
Iteration 553  HV  cores 862 818 1  time 706.241 2.962 900.662
Iteration 554  HV  cores 864 820 2  time 707.084 2.962 902.552
Iteration 555  HV  cores 865 821 1  time 707.665 2.962 904.438
Iteration 556  HV  cores 866 822 1  time 707.847 2.962 906.321
Iteration 557  HV  cores 867 823 1  time 708.04 2.962 908.216
Iteration 558  HV  cores 870 826 3  time 717.876 2.962 910.087
Iteration 559  HV  cores 871 827 1  time 718.012 2.962 911.96
Iteration 560  HV  cores 872 828 1  time 718.707 2.962 913.839
Iteration 561  HV  cores 873 829 1  time 718.792 2.962 915.721
Iteration 562  HV  cores 875 831 2  time 720.246 2.962 917.575
Iteration 563  HV  cores 877 833 2  time 723.033 2.962 919.417
Iteration 564  HV  cores 878 834 1  time 723.13 2.962 921.263
Iteration 565  HV  cores 880 836 2  time 724.479 2.962 923.105
Iteration 566  HV  cores 881 837 1  time 725.782 2.962 924.958
Iteration 567  HV  cores 883 839 2  time 727.646 2.962 926.802
Iteration 568  HV  cores 884 840 1  time 730.434 2.962 928.645
Iteration 569  HV  cores 885 841 1  time 732.253 2.962 930.493
Iteration 570  HV  cores 887 843 2  time 732.876 2.962 932.334
Iteration 571  HV  cores 889 845 2  time 733.966 2.962 934.191
Iteration 572  HV  cores 891 847 2  time 739.945 2.962 936.036
Iteration 573  HV  cores 892 848 1  time 740.162 2.962 937.881
Iteration 574  HV  cores 894 850 2  time 740.357 2.962 939.73
Iteration 575  HV  cores 896 852 2  time 746.217 2.962 941.598
Iteration 576  HV  cores 898 854 2  time 746.492 2.962 943.459
Iteration 577  HV  cores 899 855 1  time 746.61 2.962 945.329
Iteration 578  HV  cores 901 857 2  time 763.215 2.962 947.186
Iteration 579  HV  cores 903 859 2  time 770.733 2.962 949.043
Iteration 580  HV  cores 905 859 2  time 771.753 2.962 950.903
Iteration 581  HV  cores 907 860 2  time 772.75 2.962 952.761
Iteration 582  HV  cores 909 862 2  time 774.145 2.962 954.623
Iteration 583  HV  cores 911 863 2  time 779.297 2.962 956.468
Iteration 584  HV  cores 912 864 1  time 779.492 2.962 958.316
Iteration 585  HV  cores 914 866 2  time 779.732 2.962 960.163
Iteration 586  HV  cores 915 867 1  time 780.199 2.962 962.012
Iteration 587  HV  cores 916 868 1  time 780.462 2.962 963.875
Iteration 588  HV  cores 918 870 2  time 785.077 2.962 965.723
Iteration 589  HV  cores 920 872 2  time 785.923 2.962 967.575
Iteration 590  HV  cores 921 873 1  time 786.057 2.962 969.438
Iteration 591  HV  cores 923 875 2  time 787.224 2.962 971.29
Iteration 592  HV  cores 924 876 1  time 787.476 2.962 973.134
Iteration 593  HV  cores 925 877 1  time 787.726 2.962 974.997
Iteration 594  HV  cores 927 879 2  time 788.803 2.962 976.848
Iteration 595  HV  cores 929 881 2  time 790.215 2.962 978.702
Iteration 596  HV  cores 930 882 1  time 790.854 2.962 980.589
Iteration 597  HV  cores 932 884 2  time 798.182 2.962 982.464
Iteration 598  HV  cores 934 886 2  time 800.052 2.962 984.322
Iteration 599  HV  cores 936 888 2  time 801.23 2.962 986.194
Iteration 600  HV  cores 938 890 2  time 809.662 2.962 988.064
Iteration 601  HV  cores 940 892 2  time 814.13 2.962 989.922
Iteration 602  HV  cores 941 893 1  time 814.328 2.962 991.78
Iteration 603  HV  cores 942 894 1  time 815.733 2.962 993.633
Iteration 604  HV  cores 944 896 2  time 816.462 2.962 995.484
Iteration 605  HV  cores 945 897 1  time 817.729 2.962 997.354
Iteration 606  HV  cores 947 899 2  time 825.14 2.962 999.222
Iteration 607  HV  cores 949 901 2  time 827.107 2.962 1001.08
Iteration 608  HV  cores 950 902 1  time 827.302 2.962 1002.93
Iteration 609  HV  cores 952 904 2  time 828.725 2.962 1004.78
Iteration 610  HV  cores 954 906 2  time 829.489 2.962 1006.64
Iteration 611  HV  cores 955 907 1  time 829.678 2.962 1008.5
Iteration 612  HV  cores 956 908 1  time 829.82 2.962 1010.35
Iteration 613  HV  cores 958 910 2  time 829.997 2.962 1012.21
Iteration 614  HV  cores 959 911 1  time 830.498 2.962 1014.08
Iteration 615  HV  cores 961 913 2  time 832.128 2.962 1015.93
Iteration 616  HV  cores 963 915 2  time 833.245 2.962 1017.79
Iteration 617  HV  cores 964 916 1  time 833.423 2.962 1019.65
Iteration 618  HV  cores 965 917 1  time 833.656 2.962 1021.51
Iteration 619  HV  cores 966 918 1  time 833.922 2.962 1023.37
Iteration 620  HV  cores 967 919 1  time 840.581 2.962 1025.25
Iteration 621  HV  cores 968 920 1  time 840.635 2.962 1027.13
Iteration 622  HV  cores 969 921 1  time 840.752 2.962 1029.02
Iteration 623  HV  cores 971 923 2  time 842.833 2.962 1030.91
Iteration 624  HV  cores 973 925 2  time 843.793 2.962 1032.8
Iteration 625  HV  cores 975 927 2  time 849.067 2.962 1034.68
Iteration 626  HV  cores 978 930 3  time 850.771 2.962 1036.54
Iteration 627  HV  cores 980 932 2  time 851.124 2.962 1038.4
Iteration 628  HV  cores 981 933 1  time 852.073 2.962 1040.28
Iteration 629  HV  cores 983 935 2  time 855.495 2.962 1042.15
Iteration 630  HV  cores 985 937 2  time 867.861 2.962 1044.01
Iteration 631  HV  cores 986 938 1  time 868.69 2.962 1045.89
Iteration 632  HV  cores 988 940 2  time 870.313 2.962 1047.76
Iteration 633  HV  cores 990 942 2  time 871.487 2.962 1049.64
Iteration 634  HV  cores 992 944 2  time 872.798 2.962 1051.5
Iteration 635  HV  cores 993 945 1  time 874.026 2.962 1053.37
Iteration 636  HV  cores 995 947 2  time 886.437 2.962 1055.26
Iteration 637  HV  cores 996 948 1  time 886.816 2.962 1057.12
Iteration 638  HV  cores 998 950 2  time 887.015 2.962 1059
Iteration 639  HV  cores 1000 952 2  time 890.29 2.962 1060.87
Iteration 640  HV  cores 1002 954 2  time 891.315 2.962 1062.74
Iteration 641  HV  cores 1003 955 1  time 891.423 2.962 1064.62
Iteration 642  HV  cores 1006 958 3  time 902.458 2.962 1066.49
Iteration 643  HV  cores 1007 959 1  time 902.565 2.962 1068.37
Iteration 644  HV  cores 1008 960 1  time 903.971 2.962 1070.24
Iteration 645  HV  cores 1009 961 1  time 905.723 2.962 1072.12
Iteration 646  HV  cores 1010 962 1  time 906.044 2.962 1073.99
Iteration 647  HV  cores 1012 964 2  time 908.103 2.962 1075.87
Iteration 648  HV  cores 1013 965 1  time 908.26 2.962 1077.75
Iteration 649  HV  cores 1014 966 1  time 908.357 2.962 1079.62
Iteration 650  HV  cores 1015 967 1  time 908.83 2.962 1081.5
Iteration 651  HV  cores 1016 968 1  time 909.914 2.962 1083.37
Iteration 652  HV  cores 1017 969 1  time 912.473 2.962 1085.28
Iteration 653  HV  cores 1019 971 2  time 912.78 2.962 1087.21
Iteration 654  HV  cores 1021 973 2  time 914.8 2.962 1089.15
Iteration 655  HV  cores 1023 975 2  time 915.938 2.962 1091.09
Iteration 656  HV  cores 1025 976 2  time 917.047 2.962 1093.03
Iteration 657  HV  cores 1027 977 2  time 917.978 2.962 1094.98
Iteration 658  HV  cores 1029 978 2  time 919.074 2.962 1096.92
Iteration 659  HV  cores 1031 979 2  time 920.301 2.962 1098.85
Iteration 660  HV  cores 1032 980 1  time 920.418 2.962 1100.78
Iteration 661  HV  cores 1034 982 2  time 921.88 2.962 1102.65
Iteration 662  HV  cores 1036 984 2  time 922.327 2.962 1104.52
Iteration 663  HV  cores 1037 985 1  time 922.41 2.962 1106.39
Iteration 664  HV  cores 1039 987 2  time 922.58 2.962 1108.26
Iteration 665  HV  cores 1041 989 2  time 923.162 2.962 1110.15
Iteration 666  HV  cores 1043 991 2  time 934.232 2.962 1112.03
Iteration 667  HV  cores 1044 992 1  time 935.673 2.962 1113.9
Iteration 668  HV  cores 1046 994 2  time 938.249 2.962 1115.78
Iteration 669  HV  cores 1047 995 1  time 938.385 2.962 1117.66
Iteration 670  HV  cores 1050 998 3  time 940.12 2.962 1119.57
Iteration 671  HV  cores 1052 1000 2  time 941.019 2.962 1121.45
Iteration 672  HV  cores 1054 1002 2  time 941.682 2.962 1123.35
Iteration 673  HV  cores 1056 1004 2  time 941.868 2.962 1125.24
Iteration 674  HV  cores 1057 1005 1  time 941.988 2.962 1127.14
Iteration 675  HV  cores 1059 1007 2  time 952.178 2.962 1129.02
Iteration 676  HV  cores 1061 1009 2  time 952.306 2.962 1130.9
Iteration 677  HV  cores 1062 1010 1  time 953.844 2.962 1132.78
Iteration 678  HV  cores 1063 1011 1  time 954.361 2.962 1134.66
Iteration 679  HV  cores 1065 1013 2  time 956.572 2.962 1136.54
Iteration 680  HV  cores 1066 1014 1  time 958.361 2.962 1138.43
Iteration 681  HV  cores 1068 1016 2  time 958.609 2.962 1140.31
Iteration 682  HV  cores 1069 1017 1  time 958.76 2.962 1142.19
Iteration 683  HV  cores 1070 1018 1  time 960.197 2.962 1144.07
Iteration 684  HV  cores 1071 1019 1  time 960.294 2.962 1145.96
Iteration 685  HV  cores 1072 1020 1  time 960.374 2.962 1147.84
Iteration 686  HV  cores 1073 1021 1  time 960.971 2.962 1149.74
Iteration 687  HV  cores 1075 1023 2  time 961.303 2.962 1151.62
Iteration 688  HV  cores 1076 1024 1  time 961.864 2.962 1153.49
Iteration 689  HV  cores 1078 1026 2  time 962.103 2.962 1155.38
Iteration 690  HV  cores 1080 1028 2  time 963.316 2.962 1157.26
Iteration 691  HV  cores 1081 1029 1  time 963.518 2.962 1159.15
Iteration 692  HV  cores 1083 1031 2  time 963.787 2.962 1161.04
Iteration 693  HV  cores 1085 1033 2  time 975.981 2.962 1162.93
Iteration 694  HV  cores 1086 1034 1  time 976.121 2.962 1164.83
Iteration 695  HV  cores 1088 1036 2  time 983.402 2.962 1166.73
Iteration 696  HV  cores 1090 1038 2  time 993.555 2.962 1168.62
Iteration 697  HV  cores 1092 1040 2  time 994.311 2.962 1170.51
Iteration 698  HV  cores 1094 1042 2  time 994.697 2.962 1172.41
Iteration 699  HV  cores 1095 1043 1  time 995.058 2.962 1174.3
Iteration 700  HV  cores 1096 1044 1  time 995.349 2.962 1176.2
Iteration 701  HV  cores 1098 1046 2  time 997.527 2.962 1178.11
Iteration 702  HV  cores 1100 1048 2  time 998.248 2.962 1180.02
Iteration 703  HV  cores 1102 1050 2  time 1001.71 2.962 1181.91
Iteration 704  HV  cores 1103 1051 1  time 1001.8 2.962 1183.79
Iteration 705  HV  cores 1105 1053 2  time 1003.34 2.962 1185.68
Iteration 706  HV  cores 1107 1055 2  time 1003.97 2.962 1187.57
Iteration 707  HV  cores 1109 1057 2  time 1004.9 2.962 1189.46
Iteration 708  HV  cores 1110 1058 1  time 1005.15 2.962 1191.36
Iteration 709  HV  cores 1111 1059 1  time 1005.2 2.962 1193.26
Iteration 710  HV  cores 1112 1060 1  time 1005.52 2.962 1195.14
Iteration 711  HV  cores 1113 1061 1  time 1005.72 2.962 1197.05
Iteration 712  HV  cores 1114 1062 1  time 1005.83 2.962 1198.94
Iteration 713  HV  cores 1115 1063 1  time 1006.51 2.962 1200.83
Iteration 714  HV  cores 1117 1065 2  time 1008.48 2.962 1202.73
Iteration 715  HV  cores 1118 1066 1  time 1008.53 2.962 1204.62
Iteration 716  HV  cores 1120 1068 2  time 1008.84 2.962 1206.52
Iteration 717  HV  cores 1122 1070 2  time 1009.9 2.962 1208.42
Iteration 718  HV  cores 1124 1072 2  time 1018.96 2.962 1210.33
Iteration 719  HV  cores 1126 1073 2  time 1020.11 2.962 1212.24
Iteration 720  HV  cores 1128 1075 2  time 1022.07 2.962 1214.14
Iteration 721  HV  cores 1130 1073 2  time 1023.38 2.962 1216.05
Iteration 722  HV  cores 1132 1075 2  time 1024.45 2.962 1217.95
Iteration 723  HV  cores 1133 1076 1  time 1024.77 2.962 1219.84
Iteration 724  HV  cores 1135 1078 2  time 1025.69 2.962 1221.72
Iteration 725  HV  cores 1137 1080 2  time 1026.63 2.962 1223.61
Iteration 726  HV  cores 1139 1082 2  time 1026.9 2.962 1225.51
Iteration 727  HV  cores 1141 1084 2  time 1034.05 2.962 1227.42
Iteration 728  HV  cores 1143 1086 2  time 1037.13 2.962 1229.33
Iteration 729  HV  cores 1145 1088 2  time 1037.85 2.962 1231.22
Iteration 730  HV  cores 1146 1089 1  time 1038.18 2.962 1233.13
Iteration 731  HV  cores 1147 1090 1  time 1038.72 2.962 1235.02
Iteration 732  HV  cores 1148 1091 1  time 1038.94 2.962 1236.91
Iteration 733  HV  cores 1149 1092 1  time 1039.46 2.962 1238.81
Iteration 734  HV  cores 1150 1093 1  time 1039.51 2.962 1240.7
Iteration 735  HV  cores 1151 1094 1  time 1039.7 2.962 1242.6
Iteration 736  HV  cores 1152 1095 1  time 1039.88 2.962 1244.5
Iteration 737  HV  cores 1153 1096 1  time 1040.62 2.962 1246.39
Iteration 738  HV  cores 1155 1098 2  time 1043.12 2.962 1248.31
Iteration 739  HV  cores 1157 1100 2  time 1043.87 2.962 1250.23
Iteration 740  HV  cores 1158 1101 1  time 1044.23 2.962 1252.13
Iteration 741  HV  cores 1160 1103 2  time 1046.23 2.962 1254.05
Iteration 742  HV  cores 1162 1105 2  time 1048.18 2.962 1255.95
Iteration 743  HV  cores 1164 1107 2  time 1050.11 2.962 1257.88
Iteration 744  HV  cores 1166 1109 2  time 1060.35 2.962 1259.78
Iteration 745  HV  cores 1168 1111 2  time 1061.96 2.962 1261.68
Iteration 746  HV  cores 1169 1112 1  time 1062.05 2.962 1263.6
Iteration 747  HV  cores 1171 1114 2  time 1070.95 2.962 1265.51
Iteration 748  HV  cores 1173 1116 2  time 1075.11 2.962 1267.41
Iteration 749  HV  cores 1175 1118 2  time 1075.43 2.962 1269.31
Iteration 750  HV  cores 1176 1119 1  time 1075.65 2.962 1271.2
Iteration 751  HV  cores 1178 1121 2  time 1076.16 2.962 1273.09
Iteration 752  HV  cores 1179 1122 1  time 1076.27 2.962 1275
Iteration 753  HV  cores 1181 1124 2  time 1076.96 2.962 1276.91
Iteration 754  HV  cores 1183 1126 2  time 1079.13 2.962 1278.82
Iteration 755  HV  cores 1184 1127 1  time 1087.35 2.962 1280.72
Iteration 756  HV  cores 1185 1128 1  time 1087.63 2.962 1282.62
Iteration 757  HV  cores 1186 1129 1  time 1087.89 2.962 1284.53
Iteration 758  HV  cores 1188 1131 2  time 1092.89 2.962 1286.46
Iteration 759  HV  cores 1191 1134 3  time 1095.69 2.962 1288.38
Iteration 760  HV  cores 1192 1135 1  time 1095.96 2.962 1290.31
Iteration 761  HV  cores 1194 1137 2  time 1099.8 2.962 1292.23
Iteration 762  HV  cores 1196 1139 2  time 1100.17 2.962 1294.16
Iteration 763  HV  cores 1199 1142 3  time 1109.56 2.962 1296.06
Iteration 764  HV  cores 1201 1144 2  time 1110.58 2.962 1297.97
Iteration 765  HV  cores 1202 1145 1  time 1110.86 2.962 1299.88
Iteration 766  HV  cores 1203 1146 1  time 1110.92 2.962 1301.79
Iteration 767  HV  cores 1204 1147 1  time 1110.96 2.962 1303.69
Iteration 768  HV  cores 1206 1149 2  time 1112.05 2.962 1305.59
Iteration 769  HV  cores 1207 1150 1  time 1112.25 2.962 1307.5
Iteration 770  HV  cores 1208 1151 1  time 1113.33 2.962 1309.42
Iteration 771  HV  cores 1210 1153 2  time 1118.78 2.962 1311.33
Iteration 772  HV  cores 1212 1154 2  time 1120.68 2.962 1313.25
Iteration 773  HV  cores 1214 1154 2  time 1122.51 2.962 1315.17
Iteration 774  HV  cores 1216 1156 2  time 1124.22 2.962 1317.09
Iteration 775  HV  cores 1218 1158 2  time 1127.27 2.962 1319
Iteration 776  HV  cores 1220 1160 2  time 1138.25 2.962 1320.9
Iteration 777  HV  cores 1221 1161 1  time 1138.9 2.962 1322.8
Iteration 778  HV  cores 1222 1162 1  time 1139.18 2.962 1324.7
Iteration 779  HV  cores 1224 1164 2  time 1139.58 2.962 1326.6
Iteration 780  HV  cores 1226 1166 2  time 1139.87 2.962 1328.51
Iteration 781  HV  cores 1227 1167 1  time 1140.54 2.962 1330.42
Iteration 782  HV  cores 1228 1168 1  time 1140.77 2.962 1332.32
Iteration 783  HV  cores 1230 1170 2  time 1141.3 2.962 1334.25
Iteration 784  HV  cores 1232 1172 2  time 1142.44 2.962 1336.16
Iteration 785  HV  cores 1233 1173 1  time 1142.75 2.962 1338.08
Iteration 786  HV  cores 1235 1175 2  time 1155.96 2.962 1340.01
Iteration 787  HV  cores 1237 1177 2  time 1157.73 2.962 1341.92
Iteration 788  HV  cores 1238 1178 1  time 1157.87 2.962 1343.84
Iteration 789  HV  cores 1240 1180 2  time 1158.04 2.962 1345.75
Iteration 790  HV  cores 1241 1181 1  time 1158.16 2.962 1347.67
Iteration 791  HV  cores 1243 1183 2  time 1159.27 2.962 1349.58
Iteration 792  HV  cores 1244 1184 1  time 1159.86 2.962 1351.49
Iteration 793  HV  cores 1245 1185 1  time 1161.33 2.962 1353.41
Iteration 794  HV  cores 1247 1187 2  time 1162 2.962 1355.33
Iteration 795  HV  cores 1248 1188 1  time 1163.06 2.962 1357.24
Iteration 796  HV  cores 1249 1189 1  time 1163.12 2.962 1359.16
Iteration 797  HV  cores 1250 1190 1  time 1163.15 2.962 1361.08
Iteration 798  HV  cores 1251 1191 1  time 1163.19 2.962 1362.99
Iteration 799  HV  cores 1253 1193 2  time 1164.46 2.962 1364.91
Iteration 800  HV  cores 1254 1194 1  time 1165.63 2.962 1366.84
Iteration 801  HV  cores 1256 1196 2  time 1169.01 2.962 1368.75
Iteration 802  HV  cores 1257 1197 1  time 1169.79 2.962 1370.67
Iteration 803  HV  cores 1258 1198 1  time 1169.89 2.962 1372.58
Iteration 804  HV  cores 1259 1199 1  time 1171.29 2.962 1374.5
Iteration 805  HV  cores 1261 1201 2  time 1174.23 2.962 1376.41
Iteration 806  HV  cores 1262 1202 1  time 1174.76 2.962 1378.31
Iteration 807  HV  cores 1263 1203 1  time 1174.84 2.962 1380.22
Iteration 808  HV  cores 1264 1204 1  time 1175.2 2.962 1382.13
Iteration 809  HV  cores 1266 1206 2  time 1175.83 2.962 1384.05
Iteration 810  HV  cores 1268 1208 2  time 1179.94 2.962 1385.97
Iteration 811  HV  cores 1270 1209 2  time 1182.44 2.962 1387.87
Iteration 812  HV  cores 1271 1210 1  time 1182.54 2.962 1389.77
Iteration 813  HV  cores 1273 1212 2  time 1183.68 2.962 1391.67
Iteration 814  HV  cores 1274 1213 1  time 1183.85 2.962 1393.58
Iteration 815  HV  cores 1275 1214 1  time 1186.15 2.962 1395.48
Iteration 816  HV  cores 1276 1215 1  time 1186.34 2.962 1397.38
Iteration 817  HV  cores 1277 1216 1  time 1186.61 2.962 1399.29
Iteration 818  HV  cores 1278 1217 1  time 1186.74 2.962 1401.21
Iteration 819  HV  cores 1279 1218 1  time 1187.44 2.962 1403.11
Iteration 820  HV  cores 1280 1219 1  time 1187.54 2.962 1405.02
Iteration 821  HV  cores 1281 1220 1  time 1188.5 2.962 1406.93
Iteration 822  HV  cores 1282 1221 1  time 1189.69 2.962 1408.84
Iteration 823  HV  cores 1283 1222 1  time 1201.28 2.962 1410.76
Iteration 824  HV  cores 1284 1223 1  time 1201.79 2.962 1412.69
Iteration 825  HV  cores 1286 1225 2  time 1203.33 2.962 1414.61
Iteration 826  HV  cores 1287 1226 1  time 1209.9 2.962 1416.57
Iteration 827  HV  cores 1289 1228 2  time 1212.37 2.962 1418.55
Iteration 828  HV  cores 1291 1230 2  time 1222.49 2.962 1420.47
Iteration 829  HV  cores 1293 1232 2  time 1226.76 2.962 1422.38
Iteration 830  HV  cores 1294 1233 1  time 1226.89 2.962 1424.3
Iteration 831  HV  cores 1297 1236 3  time 1230.66 2.962 1426.22
Iteration 832  HV  cores 1300 1238 3  time 1240.34 2.962 1428.14
Iteration 833  HV  cores 1303 1239 3  time 1241.79 2.962 1430.05
Iteration 834  HV  cores 1305 1241 2  time 1242.13 2.962 1431.97
Iteration 835  HV  cores 1306 1242 1  time 1242.43 2.962 1433.91
Iteration 836  HV  cores 1309 1245 3  time 1244.53 2.962 1435.84
Iteration 837  HV  cores 1312 1246 3  time 1246.2 2.962 1437.78
Iteration 838  HV  cores 1315 1247 3  time 1248.4 2.962 1439.72
Iteration 839  HV  cores 1318 1248 3  time 1250.77 2.962 1441.66
Iteration 840  HV  cores 1321 1250 3  time 1252.51 2.962 1443.58
Iteration 841  HV  cores 1322 1251 1  time 1253.71 2.962 1445.52
Iteration 842  HV  cores 1324 1253 2  time 1253.86 2.962 1447.44
Iteration 843  HV  cores 1326 1255 2  time 1254.08 2.962 1449.36
Iteration 844  HV  cores 1328 1257 2  time 1260.53 2.962 1451.31
Iteration 845  HV  cores 1330 1259 2  time 1261.06 2.962 1453.25
Iteration 846  HV  cores 1332 1261 2  time 1266.71 2.962 1455.2
Iteration 847  HV  cores 1333 1262 1  time 1267.37 2.962 1457.15
Iteration 848  HV  cores 1334 1263 1  time 1268.88 2.962 1459.1
Iteration 849  HV  cores 1336 1265 2  time 1276.81 2.962 1461.04
Iteration 850  HV  cores 1338 1267 2  time 1278.57 2.962 1462.99
Iteration 851  HV  cores 1340 1269 2  time 1286.73 2.962 1464.92
Iteration 852  HV  cores 1342 1271 2  time 1287.4 2.962 1466.86
Iteration 853  HV  cores 1343 1272 1  time 1288 2.962 1468.82
Iteration 854  HV  cores 1345 1274 2  time 1293.9 2.962 1470.75
Iteration 855  HV  cores 1346 1275 1  time 1294.1 2.962 1472.69
Iteration 856  HV  cores 1348 1277 2  time 1297.07 2.962 1474.63
Iteration 857  HV  cores 1349 1278 1  time 1297.48 2.962 1476.58
Iteration 858  HV  cores 1351 1280 2  time 1300.57 2.962 1478.52
Iteration 859  HV  cores 1352 1281 1  time 1300.83 2.962 1480.46
Iteration 860  HV  cores 1355 1284 3  time 1302.25 2.962 1482.41
Iteration 861  HV  cores 1358 1286 3  time 1304.7 2.962 1484.36
Iteration 862  HV  cores 1361 1287 3  time 1305.63 2.962 1486.3
Iteration 863  HV  cores 1363 1289 2  time 1308.02 2.962 1488.24
Iteration 864  HV  cores 1364 1290 1  time 1308.45 2.962 1490.18
Iteration 865  HV  cores 1366 1292 2  time 1312.47 2.962 1492.13
Iteration 866  HV  cores 1369 1295 3  time 1317.36 2.962 1494.08
Iteration 867  HV  cores 1372 1298 3  time 1320.33 2.962 1496.02
Iteration 868  HV  cores 1375 1299 3  time 1322.4 2.962 1497.97
Iteration 869  HV  cores 1378 1302 3  time 1324.85 2.962 1499.92
Iteration 870  HV  cores 1381 1305 3  time 1328.98 2.962 1501.89
Iteration 871  HV  cores 1383 1307 2  time 1330.86 2.962 1503.85
Iteration 872  HV  cores 1384 1308 1  time 1331.64 2.962 1505.82
Iteration 873  HV  cores 1386 1310 2  time 1333.53 2.962 1507.78
Iteration 874  HV  cores 1387 1311 1  time 1333.73 2.962 1509.74
Iteration 875  HV  cores 1388 1312 1  time 1333.89 2.962 1511.7
Iteration 876  HV  cores 1389 1313 1  time 1336.61 2.962 1513.65
Iteration 877  HV  cores 1391 1315 2  time 1336.77 2.962 1515.62
Iteration 878  HV  cores 1393 1317 2  time 1338.76 2.962 1517.58
Iteration 879  HV  cores 1394 1318 1  time 1339.35 2.962 1519.52
Iteration 880  HV  cores 1395 1319 1  time 1342.18 2.962 1521.49
Iteration 881  HV  cores 1397 1321 2  time 1343.8 2.962 1523.44
Iteration 882  HV  cores 1399 1323 2  time 1345.21 2.962 1525.41
Iteration 883  HV  cores 1402 1326 3  time 1346.04 2.962 1527.35
Iteration 884  HV  cores 1404 1328 2  time 1346.97 2.962 1529.3
Iteration 885  HV  cores 1406 1330 2  time 1349.99 2.962 1531.26
Iteration 886  HV  cores 1407 1331 1  time 1350.34 2.962 1533.21
Iteration 887  HV  cores 1408 1332 1  time 1350.59 2.962 1535.17
Iteration 888  HV  cores 1410 1334 2  time 1355.32 2.962 1537.14
Iteration 889  HV  cores 1412 1335 2  time 1357.45 2.962 1539.1
Iteration 890  HV  cores 1414 1337 2  time 1359.16 2.962 1541.06
Iteration 891  HV  cores 1416 1339 2  time 1360.93 2.962 1543.01
Iteration 892  HV  cores 1417 1340 1  time 1361.09 2.962 1544.96
Iteration 893  HV  cores 1418 1341 1  time 1361.9 2.962 1546.91
Iteration 894  HV  cores 1419 1342 1  time 1362.56 2.962 1548.87
Iteration 895  HV  cores 1421 1344 2  time 1365.18 2.962 1550.83
Iteration 896  HV  cores 1423 1345 2  time 1366.44 2.962 1552.78
Iteration 897  HV  cores 1425 1347 2  time 1367.12 2.962 1554.71
Iteration 898  HV  cores 1426 1348 1  time 1370.15 2.962 1556.65
Iteration 899  HV  cores 1427 1349 1  time 1370.92 2.962 1558.59
Iteration 900  HV  cores 1428 1350 1  time 1371.67 2.962 1560.54
Iteration 901  HV  cores 1430 1352 2  time 1374.84 2.962 1562.48
Iteration 902  HV  cores 1431 1353 1  time 1376.02 2.962 1564.44
Iteration 903  HV  cores 1433 1355 2  time 1377.09 2.962 1566.39
Iteration 904  HV  cores 1435 1357 2  time 1378.27 2.962 1568.35
Iteration 905  HV  cores 1437 1359 2  time 1379.64 2.962 1570.29
Iteration 906  HV  cores 1438 1360 1  time 1380.13 2.962 1572.24
Iteration 907  HV  cores 1440 1362 2  time 1385.73 2.962 1574.22
Iteration 908  HV  cores 1442 1364 2  time 1387.94 2.962 1576.18
Iteration 909  HV  cores 1444 1366 2  time 1389.33 2.962 1578.15
Iteration 910  HV  cores 1446 1368 2  time 1391.51 2.962 1580.12
Iteration 911  HV  cores 1448 1370 2  time 1392.56 2.962 1582.1
Iteration 912  HV  cores 1450 1371 2  time 1393.42 2.962 1584.07
Iteration 913  HV  cores 1452 1373 2  time 1394.43 2.962 1586.03
Iteration 914  HV  cores 1454 1375 2  time 1394.96 2.962 1587.99
Iteration 915  HV  cores 1455 1376 1  time 1395.59 2.962 1589.94
Iteration 916  HV  cores 1456 1377 1  time 1403.96 2.962 1591.9
Iteration 917  HV  cores 1457 1378 1  time 1404.09 2.962 1593.85
Iteration 918  HV  cores 1459 1380 2  time 1404.3 2.962 1595.8
Iteration 919  HV  cores 1461 1382 2  time 1411.63 2.962 1597.75
Iteration 920  HV  cores 1462 1383 1  time 1412.24 2.962 1599.69
Iteration 921  HV  cores 1464 1385 2  time 1416.97 2.962 1601.65
Iteration 922  HV  cores 1465 1386 1  time 1417.3 2.962 1603.59
Iteration 923  HV  cores 1466 1387 1  time 1417.41 2.962 1605.56
Iteration 924  HV  cores 1468 1389 2  time 1420.15 2.962 1607.52
Iteration 925  HV  cores 1471 1392 3  time 1436.77 2.962 1609.47
Iteration 926  HV  cores 1472 1393 1  time 1437.16 2.962 1611.43
Iteration 927  HV  cores 1474 1395 2  time 1441.03 2.962 1613.39
Iteration 928  HV  cores 1475 1396 1  time 1443.46 2.962 1615.36
Iteration 929  HV  cores 1477 1398 2  time 1448.15 2.962 1617.32
Iteration 930  HV  cores 1478 1399 1  time 1449.28 2.962 1619.29
Iteration 931  HV  cores 1479 1400 1  time 1449.64 2.962 1621.25
Iteration 932  HV  cores 1480 1401 1  time 1449.81 2.962 1623.21
Iteration 933  HV  cores 1481 1402 1  time 1450.63 2.962 1625.17
Iteration 934  HV  cores 1483 1404 2  time 1453.14 2.962 1627.15
Iteration 935  HV  cores 1485 1406 2  time 1459.3 2.962 1629.1
Iteration 936  HV  cores 1486 1407 1  time 1459.65 2.962 1631.05
Iteration 937  HV  cores 1488 1409 2  time 1468.08 2.962 1633.02
Iteration 938  HV  cores 1490 1411 2  time 1473.99 2.962 1634.98
Iteration 939  HV  cores 1491 1412 1  time 1474.13 2.962 1636.93
Iteration 940  HV  cores 1492 1413 1  time 1474.46 2.962 1638.9
Iteration 941  HV  cores 1494 1415 2  time 1481.72 2.962 1640.87
Iteration 942  HV  cores 1497 1418 3  time 1486.13 2.962 1642.83
Iteration 943  HV  cores 1500 1421 3  time 1488.31 2.962 1644.8
Iteration 944  HV  cores 1503 1424 3  time 1490.09 2.962 1646.77
Iteration 945  HV  cores 1506 1426 3  time 1491.29 2.962 1648.73
Iteration 946  HV  cores 1508 1427 2  time 1492.8 2.962 1650.7
Iteration 947  HV  cores 1510 1429 2  time 1494.12 2.962 1652.67
Iteration 948  HV  cores 1512 1429 2  time 1496.23 2.962 1654.64
Iteration 949  HV  cores 1514 1431 2  time 1497.41 2.962 1656.61
Iteration 950  HV  cores 1516 1433 2  time 1500.45 2.962 1658.57
Iteration 951  HV  cores 1518 1434 2  time 1503.49 2.962 1660.55
Iteration 952  HV  cores 1519 1435 1  time 1503.98 2.962 1662.52
Iteration 953  HV  cores 1520 1436 1  time 1504.32 2.962 1664.51
Iteration 954  HV  cores 1522 1438 2  time 1514.89 2.962 1666.49
Iteration 955  HV  cores 1524 1440 2  time 1515.99 2.962 1668.46
Iteration 956  HV  cores 1526 1442 2  time 1517.02 2.962 1670.43
Iteration 957  HV  cores 1528 1444 2  time 1522.51 2.962 1672.4
Iteration 958  HV  cores 1530 1445 2  time 1523.25 2.962 1674.36
Iteration 959  HV  cores 1532 1447 2  time 1525.16 2.962 1676.32
Iteration 960  HV  cores 1533 1448 1  time 1528.39 2.962 1678.3
Iteration 961  HV  cores 1535 1450 2  time 1530.76 2.962 1680.26
Iteration 962  HV  cores 1536 1451 1  time 1536.54 2.962 1682.24
Iteration 963  HV  cores 1539 1454 3  time 1539.25 2.962 1684.27
Iteration 964  HV  cores 1542 1457 3  time 1540.86 2.962 1686.29
Iteration 965  HV  cores 1544 1458 2  time 1542.69 2.962 1688.27
Iteration 966  HV  cores 1547 1459 3  time 1544.74 2.962 1690.24
Iteration 967  HV  cores 1550 1461 3  time 1546.1 2.962 1692.21
Iteration 968  HV  cores 1553 1460 3  time 1548.05 2.962 1694.19
Iteration 969  HV  cores 1555 1462 2  time 1549.84 2.962 1696.15
Iteration 970  HV  cores 1557 1464 2  time 1550.8 2.962 1698.12
Iteration 971  HV  cores 1558 1465 1  time 1550.9 2.962 1700.09
Iteration 972  HV  cores 1560 1467 2  time 1551.06 2.962 1702.05
Iteration 973  HV  cores 1562 1469 2  time 1551.64 2.962 1704.01
Iteration 974  HV  cores 1563 1470 1  time 1552.05 2.962 1705.97
Iteration 975  HV  cores 1564 1471 1  time 1555.07 2.962 1707.94
Iteration 976  HV  cores 1567 1474 3  time 1558.58 2.962 1709.91
Iteration 977  HV  cores 1569 1476 2  time 1570.82 2.962 1711.89
Iteration 978  HV  cores 1572 1479 3  time 1574.85 2.962 1713.88
Iteration 979  HV  cores 1574 1481 2  time 1580.48 2.962 1715.86
Iteration 980  HV  cores 1576 1483 2  time 1581.05 2.962 1717.82
Iteration 981  HV  cores 1578 1485 2  time 1581.65 2.962 1719.79
Iteration 982  HV  cores 1580 1487 2  time 1582.39 2.962 1721.76
Iteration 983  HV  cores 1581 1488 1  time 1583.54 2.962 1723.74
Iteration 984  HV  cores 1583 1490 2  time 1586.66 2.962 1725.71
Iteration 985  HV  cores 1585 1492 2  time 1588.07 2.962 1727.68
Iteration 986  HV  cores 1586 1493 1  time 1589.83 2.962 1729.66
Iteration 987  HV  cores 1589 1496 3  time 1594.17 2.962 1731.64
Iteration 988  HV  cores 1592 1498 3  time 1600.79 2.962 1733.6
Iteration 989  HV  cores 1593 1499 1  time 1604.02 2.962 1735.58
Iteration 990  HV  cores 1595 1501 2  time 1607 2.962 1737.54
Iteration 991  HV  cores 1597 1503 2  time 1607.46 2.962 1739.53
Iteration 992  HV  cores 1599 1505 2  time 1609.06 2.962 1741.52
Iteration 993  HV  cores 1602 1508 3  time 1610.4 2.962 1743.49
Iteration 994  HV  cores 1603 1509 1  time 1610.59 2.962 1745.48
Iteration 995  HV  cores 1604 1510 1  time 1610.81 2.962 1747.47
Iteration 996  HV  cores 1606 1512 2  time 1611.64 2.962 1749.44
Iteration 997  HV  cores 1607 1513 1  time 1611.94 2.962 1751.41
Iteration 998  HV  cores 1608 1514 1  time 1614.13 2.962 1753.39
Iteration 999  HV  cores 1610 1516 2  time 1617.14 2.962 1755.37
Iteration 1000  HV  cores 1612 1516 2  time 1617.68 2.962 1757.35
Iteration 1001  HV  cores 1613 1517 1  time 1620.52 2.962 1759.33
Iteration 1002  HV  cores 1615 1519 2  time 1624.87 2.962 1761.32
Iteration 1003  HV  cores 1616 1520 1  time 1625.41 2.962 1763.31
Iteration 1004  HV  cores 1618 1522 2  time 1629.05 2.962 1765.3
Iteration 1005  HV  cores 1619 1523 1  time 1629.18 2.962 1767.28
Iteration 1006  HV  cores 1620 1524 1  time 1631.26 2.962 1769.27
Iteration 1007  HV  cores 1622 1526 2  time 1633.46 2.962 1771.26
Iteration 1008  HV  cores 1623 1527 1  time 1634.14 2.962 1773.26
Iteration 1009  HV  cores 1625 1529 2  time 1636.45 2.962 1775.24
Iteration 1010  HV  cores 1627 1531 2  time 1637.14 2.962 1777.23
Iteration 1011  HV  cores 1628 1532 1  time 1637.31 2.962 1779.21
Iteration 1012  HV  cores 1630 1534 2  time 1638.07 2.962 1781.19
Iteration 1013  HV  cores 1632 1536 2  time 1642.27 2.962 1783.18
Iteration 1014  HV  cores 1634 1538 2  time 1646.08 2.962 1785.18
Iteration 1015  HV  cores 1636 1540 2  time 1647.74 2.962 1787.16
Iteration 1016  HV  cores 1638 1542 2  time 1647.91 2.962 1789.16
Iteration 1017  HV  cores 1639 1543 1  time 1652.51 2.962 1791.15
Iteration 1018  HV  cores 1640 1544 1  time 1652.7 2.962 1793.14
Iteration 1019  HV  cores 1643 1547 3  time 1655.68 2.962 1795.12
Iteration 1020  HV  cores 1645 1549 2  time 1656.03 2.962 1797.11
Iteration 1021  HV  cores 1647 1551 2  time 1658.88 2.962 1799.1
Iteration 1022  HV  cores 1649 1551 2  time 1659.72 2.962 1801.09
Iteration 1023  HV  cores 1651 1553 2  time 1661.38 2.962 1803.08
Iteration 1024  HV  cores 1653 1554 2  time 1663.03 2.962 1805.08
Iteration 1025  HV  cores 1655 1556 2  time 1664.92 2.962 1807.06
Iteration 1026  HV  cores 1657 1558 2  time 1666.05 2.962 1809.06
Iteration 1027  HV  cores 1659 1560 2  time 1666.9 2.962 1811.06
Iteration 1028  HV  cores 1661 1562 2  time 1667.23 2.962 1813.06
Iteration 1029  HV  cores 1663 1564 2  time 1668.24 2.962 1815.04
Iteration 1030  HV  cores 1665 1566 2  time 1669.11 2.962 1817.03
Iteration 1031  HV  cores 1667 1568 2  time 1670.77 2.962 1819.02
Iteration 1032  HV  cores 1670 1571 3  time 1673.2 2.962 1821.01
Iteration 1033  HV  cores 1671 1572 1  time 1681.06 2.962 1822.99
Iteration 1034  HV  cores 1672 1573 1  time 1681.16 2.962 1824.96
Iteration 1035  HV  cores 1673 1574 1  time 1683.17 2.962 1826.99
Iteration 1036  HV  cores 1675 1576 2  time 1688.96 2.962 1828.99
Iteration 1037  HV  cores 1677 1578 2  time 1689.51 2.962 1831.01
Iteration 1038  HV  cores 1679 1580 2  time 1690.18 2.962 1833.02
Iteration 1039  HV  cores 1680 1581 1  time 1690.24 2.962 1835.04
Iteration 1040  HV  cores 1683 1584 3  time 1693.67 2.962 1837.05
Iteration 1041  HV  cores 1685 1586 2  time 1695.89 2.962 1839.05
Iteration 1042  HV  cores 1686 1587 1  time 1698.2 2.962 1841.06
Iteration 1043  HV  cores 1688 1589 2  time 1703.55 2.962 1843.06
Iteration 1044  HV  cores 1690 1591 2  time 1705.65 2.962 1845.04
Iteration 1045  HV  cores 1691 1592 1  time 1706.99 2.962 1847.04
Iteration 1046  HV  cores 1693 1594 2  time 1713.26 2.962 1849.03
Iteration 1047  HV  cores 1694 1595 1  time 1714.04 2.962 1851.01
