lb 1408750 ub 24838093 before adjustment
lb 0 ub 23429343 after adjustment
costs ready
14 variables 105 functions 1408750 lb, 23429343 ub
Iteration 0  HV  cores 5 5 5  time 84.7478 0 0.023148
Iteration 1 MHV  lb 1408817 ub 24838092  time 84.7578 0.378156 0.023148
Iteration 2  HV  cores 10 10 5  time 150.605 0.378156 0.240192
Iteration 3 MHV  lb 1408887 ub 15659538  time 150.614 0.799028 0.240192
Iteration 4  HV  cores 15 15 5  time 189.122 0.799028 2.63957
Iteration 5  HV  cores 18 18 3  time 196.955 0.799028 5.04623
Iteration 6 MHV  lb 1408907 ub 12839854  time 196.964 1.22585 5.04623
Iteration 7  HV  cores 23 23 5  time 223.072 1.22585 8.00479
Iteration 8  HV  cores 25 25 2  time 224.305 1.22585 10.9583
Iteration 9 MHV  lb 1408965 ub 9176929  time 224.314 1.67845 10.9583
Iteration 10  HV  cores 29 29 4  time 228.123 1.67845 14.0756
Iteration 11 MHV  lb 1408969 ub 9059769  time 228.132 2.11802 14.0756
Iteration 12  HV  cores 33 33 4  time 242.356 2.11802 17.2094
Iteration 13 MHV  lb 1408982 ub 6700391  time 242.366 2.60233 17.2094
Iteration 14  HV  cores 37 37 4  time 255.146 2.60233 20.407
Iteration 15  HV  cores 38 38 1  time 255.287 2.60233 23.5814
Iteration 16  HV  cores 39 39 1  time 255.492 2.60233 26.7528
Iteration 17 MHV  lb 1408988 ub 4317305  time 255.501 3.13132 26.7528
Iteration 18  HV  cores 43 43 4  time 278.395 3.13132 29.9678
Iteration 19 MHV  lb 1409004 ub 4303703  time 278.405 3.62578 29.9678
Iteration 20  HV  cores 47 47 4  time 324.882 3.62578 33.1943
Iteration 21 MHV  lb 1409007 ub 1448989  time 324.912 4.1581 33.1943
Iteration 22  HV  cores 52 52 5  time 339.293 4.1581 36.8103
Iteration 23  HV  cores 56 56 4  time 360.731 4.1581 40.3928
Iteration 24 MHV  lb 1409028 ub 1448982  time 360.765 4.73158 40.3928
Iteration 25  HV  cores 60 60 4  time 378.918 4.73158 44.0056
Iteration 26  HV  cores 63 63 3  time 387.139 4.73158 47.6004
Iteration 27  HV  cores 64 64 1  time 388.897 4.73158 51.2044
Iteration 28  HV  cores 66 66 2  time 392.897 4.73158 54.807
Iteration 29  HV  cores 68 68 2  time 399.838 4.73158 58.4114
Iteration 30  HV  cores 71 71 3  time 408.53 4.73158 62.0016
Iteration 31  HV  cores 74 74 3  time 417.206 4.73158 65.6034
Iteration 32  HV  cores 76 76 2  time 421.012 4.73158 69.2105
Iteration 33  HV  cores 79 79 3  time 496.07 4.73158 72.8009
Iteration 34  HV  cores 82 82 3  time 510.349 4.73158 76.4085
Iteration 35  HV  cores 85 85 3  time 540.449 4.73158 80.005
Iteration 36  HV  cores 89 89 4  time 561.683 4.73158 83.6044
Iteration 37  HV  cores 94 94 5  time 578.858 4.73158 87.179
Iteration 38  HV  cores 98 98 4  time 584.664 4.73158 90.7702
Iteration 39  HV  cores 102 100 4  time 617.578 4.73158 94.3529
Iteration 40  HV  cores 105 102 3  time 626.165 4.73158 97.9241
Iteration 41  HV  cores 108 105 3  time 645.31 4.73158 101.504
Iteration 42  HV  cores 111 108 3  time 670.805 4.73158 105.099
Iteration 43  HV  cores 114 111 3  time 689.692 4.73158 108.674
Iteration 44  HV  cores 117 114 3  time 731.172 4.73158 112.257
Iteration 45  HV  cores 120 117 3  time 743.178 4.73158 115.878
Iteration 46  HV  cores 123 120 3  time 797.386 4.73158 119.47
Iteration 47  HV  cores 126 123 3  time 819.629 4.73158 123.093
Iteration 48  HV  cores 129 126 3  time 854.933 4.73158 126.731
Iteration 49  HV  cores 130 127 1  time 855.174 4.73158 130.366
Iteration 50  HV  cores 131 128 1  time 856.032 4.73158 134.002
Iteration 51 MHV  lb 1409178 ub 1448981  time 856.043 5.7168 134.002
Iteration 52  HV  cores 135 132 4  time 897.04 5.7168 137.664
Iteration 53  HV  cores 138 135 3  time 925.678 5.7168 141.294
Iteration 54  HV  cores 141 138 3  time 942.979 5.7168 144.936
Iteration 55  HV  cores 143 140 2  time 947.358 5.7168 148.576
Iteration 56  HV  cores 144 141 1  time 948.011 5.7168 152.218
Iteration 57  HV  cores 146 143 2  time 958.062 5.7168 155.856
Iteration 58 MHV  lb 1409191 ub 1448980  time 958.074 7.13766 155.856
Iteration 59  HV  cores 149 146 3  time 963.447 7.13766 159.533
Iteration 60  HV  cores 153 150 4  time 981.345 7.13766 163.218
Iteration 61  HV  cores 155 152 2  time 983.884 7.13766 166.89
Iteration 62  HV  cores 159 156 4  time 991.916 7.13766 170.546
Iteration 63  HV  cores 160 157 1  time 994.388 7.13766 174.2
Iteration 64  HV  cores 161 158 1  time 994.82 7.13766 177.85
Iteration 65  HV  cores 162 159 1  time 995.149 7.13766 181.519
Iteration 66  HV  cores 163 160 1  time 995.973 7.13766 185.171
Iteration 67 MHV  lb 1409208 ub 1448979  time 996.009 8.43516 185.171
Iteration 68  HV  cores 166 163 3  time 1002.12 8.43516 188.883
Iteration 69  HV  cores 170 167 4  time 1031.15 8.43516 192.571
Iteration 70 MHV  lb 1409218 ub 1448978  time 1031.17 10.553 192.571
Iteration 71  HV  cores 173 170 3  time 1041.02 10.553 196.27
Iteration 72  HV  cores 174 171 1  time 1051.67 10.553 199.948
Iteration 73  HV  cores 176 173 2  time 1056.66 10.553 203.617
Iteration 74  HV  cores 177 174 1  time 1056.91 10.553 207.284
Iteration 75  HV  cores 178 175 1  time 1058.25 10.553 210.952
Iteration 76  HV  cores 179 176 1  time 1058.38 10.553 214.581
Iteration 77 MHV  lb 1409254 ub 1448977  time 1058.4 13.3478 214.581
Iteration 78  HV  cores 183 180 4  time 1063.86 13.3478 218.235
Iteration 79  HV  cores 184 181 1  time 1066.38 13.3478 221.874
Iteration 80  HV  cores 188 185 4  time 1069.24 13.3478 225.558
Iteration 81  HV  cores 191 188 3  time 1082.54 13.3478 229.296
Iteration 82  HV  cores 192 189 1  time 1083.19 13.3478 233.032
Iteration 83  HV  cores 193 190 1  time 1084.46 13.3478 236.67
Iteration 84  HV  cores 194 191 1  time 1084.97 13.3478 240.31
Iteration 85  HV  cores 195 192 1  time 1085.46 13.3478 243.957
Iteration 86  HV  cores 196 193 1  time 1085.79 13.3478 247.601
Iteration 87  HV  cores 198 195 2  time 1098.17 13.3478 251.231
Iteration 88  HV  cores 199 196 1  time 1098.98 13.3478 254.874
Iteration 89  HV  cores 200 197 1  time 1100.09 13.3478 258.583
Iteration 90  HV  cores 201 198 1  time 1101.36 13.3478 262.283
Iteration 91  HV  cores 202 199 1  time 1101.6 13.3478 265.977
Iteration 92  HV  cores 203 200 1  time 1102.1 13.3478 269.667
Iteration 93  HV  cores 204 201 1  time 1102.74 13.3478 273.354
Iteration 94  HV  cores 205 202 1  time 1103.15 13.3478 277.045
Iteration 95  HV  cores 206 203 1  time 1103.72 13.3478 280.739
Iteration 96 MHV  lb 1409265 ub 1448976  time 1103.73 16.4889 280.739
Iteration 97  HV  cores 210 207 4  time 1121.31 16.4889 284.462
Iteration 98  HV  cores 213 210 3  time 1152.59 16.4889 288.174
Iteration 99  HV  cores 215 212 2  time 1157.22 16.4889 291.861
Iteration 100  HV  cores 218 215 3  time 1189.28 16.4889 295.557
Iteration 101  HV  cores 219 216 1  time 1190.69 16.4889 299.241
Iteration 102 MHV  lb 1409321 ub 1448975  time 1190.7 20.2414 299.241
Iteration 103  HV  cores 222 219 3  time 1195.58 20.2414 302.974
Iteration 104  HV  cores 225 222 3  time 1200.68 20.2414 306.672
Iteration 105  HV  cores 228 225 3  time 1248 20.2414 310.345
Iteration 106  HV  cores 229 226 1  time 1249.19 20.2414 314.018
Iteration 107  HV  cores 231 228 2  time 1249.86 20.2414 317.692
Iteration 108  HV  cores 233 230 2  time 1255.78 20.2414 321.365
Iteration 109 MHV  lb 1409329 ub 1448974  time 1255.81 25.1571 321.365
Iteration 110  HV  cores 236 233 3  time 1264.7 25.1571 325.087
Iteration 111  HV  cores 239 236 3  time 1275.87 25.1571 328.796
Iteration 112  HV  cores 243 240 4  time 1289.2 25.1571 332.484
Iteration 113 MHV  lb 1409332 ub 1448973  time 1289.28 29.8801 332.484
Iteration 114  HV  cores 246 243 3  time 1296.48 29.8801 336.245
Iteration 115  HV  cores 248 245 2  time 1300.3 29.8801 339.971
Iteration 116  HV  cores 252 249 4  time 1305.14 29.8801 343.674
Iteration 117  HV  cores 255 252 3  time 1311.91 29.8801 347.36
Iteration 118  HV  cores 257 254 2  time 1314.15 29.8801 351.073
Iteration 119 MHV  lb 1409348 ub 1448972  time 1314.18 35.1917 351.073
Iteration 120  HV  cores 261 258 4  time 1317.58 35.1917 354.838
Iteration 121  HV  cores 263 260 2  time 1327.42 35.1917 358.561
Iteration 122  HV  cores 267 264 4  time 1330.54 35.1917 362.261
Iteration 123 MHV  lb 1409363 ub 1448971  time 1330.56 41.1581 362.261
Iteration 124  HV  cores 271 268 4  time 1352.14 41.1581 366.018
Iteration 125  HV  cores 273 270 2  time 1355.33 41.1581 369.739
Iteration 126  HV  cores 276 273 3  time 1362.81 41.1581 373.447
Iteration 127  HV  cores 280 277 4  time 1381.5 41.1581 377.155
Iteration 128  HV  cores 284 281 4  time 1386.05 41.1581 380.851
Iteration 129  HV  cores 285 282 1  time 1386.3 41.1581 384.548
Iteration 130  HV  cores 286 283 1  time 1387.57 41.1581 388.244
Iteration 131  HV  cores 287 284 1  time 1388.11 41.1581 391.94
Iteration 132  HV  cores 288 285 1  time 1388.64 41.1581 395.636
Iteration 133  HV  cores 289 286 1  time 1389.7 41.1581 399.332
Iteration 134 MHV  lb 1409385 ub 1448970  time 1389.73 48.3207 399.332
Iteration 135  HV  cores 293 290 4  time 1402.08 48.3207 403.103
Iteration 136  HV  cores 295 292 2  time 1405.46 48.3207 406.833
Iteration 137  HV  cores 299 296 4  time 1418.76 48.3207 410.573
Iteration 138  HV  cores 303 300 4  time 1425.85 48.3207 414.302
Iteration 139  HV  cores 307 304 4  time 1431.93 48.3207 418.02
Iteration 140 MHV  lb 1409390 ub 1448969  time 1431.98 54.3951 418.02
Iteration 141  HV  cores 311 308 4  time 1451.57 54.3951 421.793
Iteration 142  HV  cores 313 310 2  time 1456.88 54.3951 425.659
Iteration 143  HV  cores 318 315 5  time 1464.66 54.3951 429.481
Iteration 144  HV  cores 319 316 1  time 1464.92 54.3951 433.297
Iteration 145  HV  cores 320 317 1  time 1465.91 54.3951 437.07
Iteration 146  HV  cores 321 318 1  time 1466.49 54.3951 440.785
Iteration 147  HV  cores 322 319 1  time 1466.96 54.3951 444.503
Iteration 148 MHV  lb 1409393 ub 1448968  time 1466.97 63.6111 444.503
Iteration 149  HV  cores 326 323 4  time 1492.73 63.6111 448.319
Iteration 150  HV  cores 328 325 2  time 1495.25 63.6111 452.084
Iteration 151  HV  cores 332 329 4  time 1518.96 63.6111 455.847
Iteration 152  HV  cores 335 332 3  time 1524.79 63.6111 459.59
Iteration 153  HV  cores 337 334 2  time 1527.02 63.6111 463.328
Iteration 154 MHV  lb 1409415 ub 1448967  time 1527.03 72.0051 463.328
Iteration 155  HV  cores 341 338 4  time 1545.3 72.0051 467.117
Iteration 156  HV  cores 343 340 2  time 1547.9 72.0051 470.857
Iteration 157  HV  cores 347 344 4  time 1577.13 72.0051 474.595
Iteration 158  HV  cores 350 347 3  time 1589.33 72.0051 478.314
Iteration 159  HV  cores 351 348 1  time 1590.15 72.0051 482.036
Iteration 160  HV  cores 352 349 1  time 1590.61 72.0051 485.752
Iteration 161  HV  cores 353 350 1  time 1591.41 72.0051 489.462
Iteration 162  HV  cores 355 352 2  time 1591.99 72.0051 493.183
Iteration 163  HV  cores 356 353 1  time 1592.71 72.0051 496.897
Iteration 164  HV  cores 357 354 1  time 1592.8 72.0051 500.606
Iteration 165  HV  cores 358 355 1  time 1593.13 72.0051 504.328
Iteration 166 MHV  lb 1409437 ub 1448966  time 1593.14 84.7382 504.328
Iteration 167  HV  cores 362 359 4  time 1603.6 84.7382 508.159
Iteration 168  HV  cores 364 361 2  time 1609.96 84.7382 511.954
Iteration 169  HV  cores 368 365 4  time 1633.48 84.7382 515.717
Iteration 170  HV  cores 371 368 3  time 1639.45 84.7382 519.457
Iteration 171  HV  cores 375 372 4  time 1696.65 84.7382 523.185
Iteration 172  HV  cores 378 375 3  time 1705.35 84.7382 526.912
Iteration 173 MHV  lb 1409441 ub 1448965  time 1705.41 102.565 526.912
Iteration 174  HV  cores 381 378 3  time 1720.95 102.565 530.733
Iteration 175  HV  cores 383 380 2  time 1727.11 102.565 534.538
Iteration 176  HV  cores 387 384 4  time 1733.72 102.565 538.316
Iteration 177  HV  cores 390 387 3  time 1743.79 102.565 542.064
Iteration 178  HV  cores 393 390 3  time 1748.15 102.565 545.799
Iteration 179  HV  cores 396 393 3  time 1752.97 102.565 549.529
Iteration 180  HV  cores 397 394 1  time 1753.06 102.565 553.252
Iteration 181  HV  cores 398 395 1  time 1754.2 102.565 556.982
Iteration 182  HV  cores 400 397 2  time 1758.84 102.565 560.704
Iteration 183 MHV  lb 1409445 ub 1448964  time 1758.85 117.493 560.704
Iteration 184  HV  cores 403 400 3  time 1776.66 117.493 564.5
Iteration 185  HV  cores 404 401 1  time 1777.59 117.493 568.255
Iteration 186  HV  cores 407 404 3  time 1781.56 117.493 571.994
Iteration 187 MHV  lb 1409449 ub 1448963  time 1781.58 134.274 571.994
Iteration 188  HV  cores 409 406 2  time 1788.98 134.274 575.835
Iteration 189  HV  cores 410 407 1  time 1789.99 134.274 579.658
Iteration 190  HV  cores 413 410 3  time 1793.75 134.274 583.459
Iteration 191  HV  cores 416 413 3  time 1798.55 134.274 587.241
Iteration 192  HV  cores 419 416 3  time 1806.11 134.274 591.038
Iteration 193  HV  cores 422 419 3  time 1810.35 134.274 594.807
Iteration 194  HV  cores 425 422 3  time 1815.21 134.274 598.563
Iteration 195  HV  cores 426 423 1  time 1815.62 134.274 602.32
Iteration 196  HV  cores 427 424 1  time 1817.53 134.274 606.134
Iteration 197  HV  cores 428 425 1  time 1817.63 134.274 609.983
Iteration 198  HV  cores 429 426 1  time 1818.22 134.274 613.799
Iteration 199 MHV  lb 1409452 ub 1448962  time 1818.32 150.076 613.799
Iteration 200  HV  cores 432 429 3  time 1824.66 150.076 617.576
Iteration 201  HV  cores 433 430 1  time 1825.34 150.076 621.309
Iteration 202  HV  cores 436 433 3  time 1829.83 150.076 625.026
Iteration 203  HV  cores 439 436 3  time 1835.28 150.076 628.733
Iteration 204  HV  cores 440 437 1  time 1836.26 150.076 632.44
Iteration 205  HV  cores 441 438 1  time 1836.89 150.076 636.156
Iteration 206  HV  cores 442 439 1  time 1837.96 150.076 639.864
Iteration 207  HV  cores 443 440 1  time 1840.45 150.076 643.568
Iteration 208  HV  cores 445 442 2  time 1841.44 150.076 647.272
Iteration 209 MHV  lb 1409453 ub 1448961  time 1841.46 165.874 647.272
Iteration 210  HV  cores 448 445 3  time 1843.74 165.874 651.092
Iteration 211  HV  cores 449 446 1  time 1844.31 165.874 654.878
Iteration 212  HV  cores 452 449 3  time 1846.53 165.874 658.647
Iteration 213  HV  cores 455 452 3  time 1851.79 165.874 662.372
Iteration 214  HV  cores 458 455 3  time 1855.68 165.874 666.077
Iteration 215  HV  cores 459 456 1  time 1856.2 165.874 669.781
Iteration 216 MHV  lb 1409455 ub 1448960  time 1856.22 180.513 669.781
Iteration 217  HV  cores 462 459 3  time 1858.23 180.513 673.555
Iteration 218  HV  cores 463 460 1  time 1858.91 180.513 677.291
Iteration 219  HV  cores 466 463 3  time 1861.09 180.513 681.019
Iteration 220  HV  cores 469 466 3  time 1866.62 180.513 684.735
Iteration 221  HV  cores 472 469 3  time 1869.89 180.513 688.443
Iteration 222 MHV  lb 1409458 ub 1448959  time 1869.92 202.353 688.443
Iteration 223  HV  cores 475 472 3  time 1873.91 202.353 692.263
Iteration 224  HV  cores 476 473 1  time 1875.04 202.353 696.069
Iteration 225  HV  cores 479 476 3  time 1877.04 202.353 699.864
Iteration 226  HV  cores 482 479 3  time 1880.69 202.353 703.612
Iteration 227  HV  cores 485 482 3  time 1883.99 202.353 707.337
Iteration 228  HV  cores 487 484 2  time 1888.86 202.353 711.063
Iteration 229  HV  cores 490 487 3  time 1894.43 202.353 714.78
Iteration 230  HV  cores 493 490 3  time 1905.21 202.353 718.484
Iteration 231 MHV  lb 1409458 ub 1448958  time 1905.22 225.85 718.484
Iteration 232  HV  cores 496 493 3  time 1909.26 225.85 722.353
Iteration 233  HV  cores 497 494 1  time 1909.99 225.85 726.197
Iteration 234  HV  cores 499 496 2  time 1913.4 225.85 730.017
Iteration 235  HV  cores 502 499 3  time 1916.14 225.85 733.825
Iteration 236  HV  cores 505 502 3  time 1919.22 225.85 737.616
Iteration 237  HV  cores 508 505 3  time 1924.12 225.85 741.403
Iteration 238  HV  cores 511 508 3  time 1927.86 225.85 745.169
Iteration 239  HV  cores 514 511 3  time 1931.01 225.85 748.927
Iteration 240  HV  cores 517 514 3  time 1935.14 225.85 752.676
Iteration 241  HV  cores 519 516 2  time 1939.1 225.85 756.406
Iteration 242  HV  cores 520 517 1  time 1939.53 225.85 760.133
Iteration 243  HV  cores 522 519 2  time 1940.61 225.85 763.881
Iteration 244  HV  cores 523 520 1  time 1942.36 225.85 767.625
Iteration 245 MHV  lb 1409461 ub 1448957  time 1942.42 249.965 767.625
Iteration 246  HV  cores 526 523 3  time 1945.26 249.965 771.479
Iteration 247  HV  cores 527 524 1  time 1945.77 249.965 775.304
Iteration 248  HV  cores 531 528 4  time 1959.36 249.965 779.104
Iteration 249  HV  cores 534 531 3  time 1965.49 249.965 782.882
Iteration 250  HV  cores 537 534 3  time 1968.3 249.965 786.651
Iteration 251  HV  cores 540 537 3  time 1971.42 249.965 790.409
Iteration 252  HV  cores 543 540 3  time 1979.54 249.965 794.16
Iteration 253  HV  cores 546 543 3  time 1984.34 249.965 797.9
Iteration 254  HV  cores 549 546 3  time 1988.96 249.965 801.623
Iteration 255  HV  cores 550 547 1  time 1989.07 249.965 805.35
Iteration 256  HV  cores 551 548 1  time 1989.26 249.965 809.079
Iteration 257  HV  cores 552 549 1  time 1989.36 249.965 812.811
Iteration 258 MHV  lb 1409464 ub 1448956  time 1989.39 273.345 812.811
Iteration 259  HV  cores 555 552 3  time 1992.82 273.345 816.696
Iteration 260  HV  cores 557 554 2  time 2046.34 273.345 820.555
Iteration 261  HV  cores 560 557 3  time 2052.88 273.345 824.399
Iteration 262  HV  cores 563 560 3  time 2056.71 273.345 828.227
Iteration 263  HV  cores 566 563 3  time 2062.17 273.345 832.033
Iteration 264  HV  cores 569 566 3  time 2066.22 273.345 835.829
Iteration 265  HV  cores 572 569 3  time 2069.35 273.345 839.594
Iteration 266  HV  cores 576 573 4  time 2078.52 273.345 843.335
Iteration 267  HV  cores 579 576 3  time 2081.97 273.345 847.075
Iteration 268  HV  cores 580 577 1  time 2083.28 273.345 850.816
Iteration 269 MHV  lb 1409466 ub 1448955  time 2083.32 295.021 850.816
Iteration 270  HV  cores 583 580 3  time 2090.09 295.021 854.679
Iteration 271  HV  cores 584 581 1  time 2091.37 295.021 858.522
Iteration 272  HV  cores 587 584 3  time 2096.92 295.021 862.348
Iteration 273  HV  cores 590 587 3  time 2099.36 295.021 866.154
Iteration 274  HV  cores 593 590 3  time 2104.41 295.021 869.931
Iteration 275  HV  cores 595 592 2  time 2106.66 295.021 873.699
Iteration 276  HV  cores 598 595 3  time 2113.17 295.021 877.448
Iteration 277  HV  cores 599 596 1  time 2113.42 295.021 881.193
Iteration 278  HV  cores 600 597 1  time 2115.09 295.021 884.94
Iteration 279  HV  cores 601 598 1  time 2115.2 295.021 888.687
Iteration 280 MHV  lb 1409472 ub 1448954  time 2115.21 327.257 888.687
Iteration 281  HV  cores 603 600 2  time 2117.02 327.257 892.536
Iteration 282  HV  cores 605 602 2  time 2117.65 327.257 896.353
Iteration 283  HV  cores 608 605 3  time 2121.33 327.257 900.154
Iteration 284  HV  cores 611 608 3  time 2128.82 327.257 903.949
Iteration 285  HV  cores 614 611 3  time 2131.96 327.257 907.724
Iteration 286  HV  cores 617 614 3  time 2134.77 327.257 911.488
Iteration 287  HV  cores 620 617 3  time 2138.56 327.257 915.233
Iteration 288  HV  cores 621 618 1  time 2139.22 327.257 918.983
Iteration 289  HV  cores 623 620 2  time 2147.79 327.257 922.728
Iteration 290 MHV  lb 1409475 ub 1448953  time 2147.82 361.7 922.728
Iteration 291  HV  cores 626 623 3  time 2150.71 361.7 926.641
Iteration 292  HV  cores 628 625 2  time 2151.15 361.7 930.507
Iteration 293  HV  cores 630 627 2  time 2154.92 361.7 934.373
Iteration 294  HV  cores 633 630 3  time 2160.44 361.7 938.216
Iteration 295  HV  cores 637 634 4  time 2165.96 361.7 942.039
Iteration 296  HV  cores 640 637 3  time 2170.58 361.7 945.887
Iteration 297  HV  cores 643 640 3  time 2179.07 361.7 949.694
Iteration 298  HV  cores 646 643 3  time 2185.82 361.7 953.478
Iteration 299  HV  cores 649 646 3  time 2188.5 361.7 957.246
Iteration 300  HV  cores 650 647 1  time 2189.05 361.7 961.017
Iteration 301  HV  cores 651 648 1  time 2189.42 361.7 964.797
Iteration 302  HV  cores 652 649 1  time 2191.97 361.7 968.57
Iteration 303 MHV  lb 1409476 ub 1448952  time 2192 399.882 968.57
