lb 3588511 ub 26279402 before adjustment
lb 0 ub 22690891 after adjustment
costs ready
ub 22690885 after 2nd adjustment
38 variables 713 functions 3588511 lb, 22690885 ub
Iteration 0  HV  cores 19 19 19  time 22.5556 0 0
Iteration 1  HV  cores 34 34 15  time 39.3225 0 0
Iteration 2  HV  cores 48 48 14  time 51.4788 0 0
Iteration 3  HV  cores 60 60 12  time 66.8735 0 0
Iteration 4  HV  cores 74 74 14  time 85.8387 0 0
Iteration 5  HV  cores 89 89 15  time 109.488 0 0
Iteration 6  HV  cores 103 103 14  time 122.821 0 0
Iteration 7  HV  cores 115 115 12  time 130.621 0 0
Iteration 8  HV  cores 128 127 13  time 231.419 0 0
Iteration 9  HV  cores 141 140 13  time 251.939 0 0
Iteration 10  HV  cores 155 152 14  time 272.537 0 0
Iteration 11  HV  cores 167 164 12  time 303.816 0 0
Iteration 12  HV  cores 179 176 12  time 315.862 0 0
Iteration 13  HV  cores 191 188 12  time 337.03 0 0
Iteration 14  HV  cores 204 201 13  time 354.875 0 0
Iteration 15  HV  cores 216 213 12  time 380.65 0 0
Iteration 16  HV  cores 230 227 14  time 393.155 0 0
Iteration 17  HV  cores 244 241 14  time 414.682 0 0
Iteration 18  HV  cores 256 253 12  time 435.694 0 0
Iteration 19  HV  cores 269 265 13  time 456.983 0 0
Iteration 20  HV  cores 283 279 14  time 480.257 0 0
Iteration 21  HV  cores 296 290 13  time 511.275 0 0
Iteration 22  HV  cores 307 301 11  time 531.216 0 0
Iteration 23  HV  cores 318 312 11  time 548.691 0 0
Iteration 24  HV  cores 330 323 12  time 619.881 0 0
Iteration 25  HV  cores 341 334 11  time 637.106 0 0
Iteration 26  HV  cores 353 346 12  time 660.576 0 0
Iteration 27  HV  cores 366 359 13  time 685.036 0 0
Iteration 28  HV  cores 376 369 10  time 697.15 0 0
Iteration 29  HV  cores 388 381 12  time 730.39 0 0
Iteration 30  HV  cores 399 392 11  time 767.353 0 0
Iteration 31  HV  cores 411 404 12  time 792.731 0 0
Iteration 32  HV  cores 421 414 10  time 822.212 0 0
Iteration 33  HV  cores 433 426 12  time 853.132 0 0
Iteration 34  HV  cores 443 436 10  time 875.079 0 0
Iteration 35  HV  cores 452 445 9  time 887.558 0 0
Iteration 36  HV  cores 462 455 10  time 923.781 0 0
Iteration 37  HV  cores 470 463 8  time 931.858 0 0
Iteration 38  HV  cores 480 473 10  time 953.936 0 0
Iteration 39  HV  cores 492 485 12  time 968.873 0 0
Iteration 40  HV  cores 502 495 10  time 980.734 0 0
Iteration 41  HV  cores 515 508 13  time 1011.06 0 0
Iteration 42  HV  cores 525 518 10  time 1024.88 0 0
Iteration 43  HV  cores 537 530 12  time 1036.1 0 0
Iteration 44  HV  cores 548 541 11  time 1045.78 0 0
Iteration 45  HV  cores 558 551 10  time 1058.19 0 0
Iteration 46  HV  cores 567 560 9  time 1070.24 0 0
Iteration 47  HV  cores 576 569 9  time 1084.31 0 0
Iteration 48  HV  cores 585 578 9  time 1109.73 0 0
Iteration 49  HV  cores 594 586 9  time 1128.21 0 0
Iteration 50  HV  cores 604 596 10  time 1158.24 0 0
Iteration 51  HV  cores 614 606 10  time 1175.41 0 0
Iteration 52  HV  cores 623 615 9  time 1195.38 0 0
Iteration 53  HV  cores 633 625 10  time 1231.04 0 0
Iteration 54  HV  cores 644 636 11  time 1255.03 0 0
Iteration 55  HV  cores 654 646 10  time 1264.08 0 0
Iteration 56  HV  cores 665 657 11  time 1296.1 0 0
Iteration 57  HV  cores 675 667 10  time 1306.13 0 0
Iteration 58  HV  cores 685 677 10  time 1316.85 0 0
Iteration 59  HV  cores 694 686 9  time 1325.48 0 0
Iteration 60  HV  cores 702 694 8  time 1331.58 0 0
Iteration 61  HV  cores 710 702 8  time 1343.2 0 0
Iteration 62  HV  cores 719 711 9  time 1354.38 0 0
Iteration 63  HV  cores 728 719 9  time 1361.95 0 0
Iteration 64  HV  cores 737 727 9  time 1367.61 0 0
Iteration 65  HV  cores 746 735 9  time 1375.18 0 0
Iteration 66  HV  cores 754 743 8  time 1380.62 0 0
Iteration 67  HV  cores 761 750 7  time 1416.16 0 0
Iteration 68  HV  cores 770 759 9  time 1425.31 0 0
Iteration 69  HV  cores 779 768 9  time 1439.83 0 0
Iteration 70  HV  cores 787 776 8  time 1446.95 0 0
Iteration 71  HV  cores 794 783 7  time 1454.24 0 0
Iteration 72  HV  cores 804 793 10  time 1467.97 0 0
Iteration 73  HV  cores 813 802 9  time 1480.19 0 0
Iteration 74  HV  cores 821 810 8  time 1489.13 0 0
Iteration 75  HV  cores 830 818 9  time 1494.72 0 0
Iteration 76  HV  cores 839 827 9  time 1502.15 0 0
Iteration 77  HV  cores 848 836 9  time 1512.67 0 0
Iteration 78  HV  cores 857 845 9  time 1527.28 0 0
Iteration 79  HV  cores 866 853 9  time 1539.15 0 0
Iteration 80  HV  cores 876 862 10  time 1554.78 0 0
Iteration 81  HV  cores 885 871 9  time 1577.55 0 0
Iteration 82  HV  cores 893 879 8  time 1589.66 0 0
Iteration 83  HV  cores 900 886 7  time 1599.38 0 0
Iteration 84  HV  cores 908 894 8  time 1605.82 0 0
Iteration 85  HV  cores 915 901 7  time 1615.08 0 0
Iteration 86  HV  cores 922 908 7  time 1618.74 0 0
Iteration 87  HV  cores 928 913 6  time 1626.72 0 0
Iteration 88  HV  cores 936 921 8  time 1633.05 0 0
Iteration 89  HV  cores 943 927 7  time 1639.62 0 0
Iteration 90  HV  cores 950 934 7  time 1641.71 0 0
Iteration 91  HV  cores 957 939 7  time 1644.15 0 0
Iteration 92  HV  cores 967 949 10  time 1666.36 0 0
Iteration 93  HV  cores 973 955 6  time 1674.13 0 0
Iteration 94  HV  cores 979 960 6  time 1679.05 0 0
Iteration 95  HV  cores 987 968 8  time 1690.5 0 0
Iteration 96  HV  cores 994 975 7  time 1698.45 0 0
Iteration 97  HV  cores 1001 982 7  time 1705.14 0 0
Iteration 98  HV  cores 1008 989 7  time 1719.51 0 0
Iteration 99  HV  cores 1014 995 6  time 1723.62 0 0
Iteration 100  HV  cores 1022 1002 8  time 1736.51 0 0
Iteration 101  HV  cores 1029 1009 7  time 1745.13 0 0
Iteration 102  HV  cores 1035 1015 6  time 1754.33 0 0
Iteration 103  HV  cores 1041 1021 6  time 1761.93 0 0
Iteration 104  HV  cores 1047 1027 6  time 1765.63 0 0
Iteration 105  HV  cores 1054 1034 7  time 1772.43 0 0
Iteration 106  HV  cores 1060 1040 6  time 1774.54 0 0
Iteration 107  HV  cores 1066 1046 6  time 1780.96 0 0
Iteration 108  HV  cores 1072 1052 6  time 1782.46 0 0
Iteration 109  HV  cores 1078 1057 6  time 1784.37 0 0
Iteration 110  HV  cores 1085 1063 7  time 1790.09 0 0
Iteration 111  HV  cores 1091 1068 6  time 1793.09 0 0
Iteration 112  HV  cores 1098 1074 7  time 1797.28 0 0
Iteration 113  HV  cores 1105 1081 7  time 1801.73 0 0
Iteration 114  HV  cores 1113 1089 8  time 1806.7 0 0
Iteration 115  HV  cores 1120 1096 7  time 1818.25 0 0
Iteration 116  HV  cores 1125 1101 5  time 1825.21 0 0
Iteration 117  HV  cores 1131 1107 6  time 1830.14 0 0
Iteration 118  HV  cores 1138 1113 7  time 1834.08 0 0
Iteration 119  HV  cores 1143 1118 5  time 1836.17 0 0
Iteration 120  HV  cores 1149 1124 6  time 1839.94 0 0
Iteration 121  HV  cores 1156 1131 7  time 1844.8 0 0
Iteration 122  HV  cores 1163 1138 7  time 1847.58 0 0
Iteration 123  HV  cores 1170 1144 7  time 1851.82 0 0
Iteration 124  HV  cores 1177 1150 7  time 1855.63 0 0
Iteration 125  HV  cores 1184 1156 7  time 1860.56 0 0
Iteration 126  HV  cores 1190 1162 6  time 1865.09 0 0
Iteration 127  HV  cores 1196 1168 6  time 1867.88 0 0
Iteration 128  HV  cores 1202 1173 6  time 1873.63 0 0
Iteration 129  HV  cores 1207 1177 5  time 1877.46 0 0
Iteration 130  HV  cores 1213 1183 6  time 1887.07 0 0
Iteration 131  HV  cores 1219 1189 6  time 1890 0 0
Iteration 132  HV  cores 1225 1195 6  time 1899.63 0 0
Iteration 133  HV  cores 1230 1200 5  time 1903.81 0 0
Iteration 134  HV  cores 1236 1206 6  time 1910.87 0 0
Iteration 135  HV  cores 1242 1212 6  time 1913.39 0 0
Iteration 136  HV  cores 1249 1219 7  time 1920.53 0 0
Iteration 137  HV  cores 1254 1224 5  time 1922.99 0 0
Iteration 138  HV  cores 1260 1230 6  time 1927.25 0 0
Iteration 139  HV  cores 1266 1236 6  time 1931.34 0 0
Iteration 140  HV  cores 1271 1241 5  time 1933.47 0 0
Iteration 141  HV  cores 1276 1244 5  time 1934.7 0 0
Iteration 142  HV  cores 1282 1248 6  time 1937.84 0 0
Iteration 143  HV  cores 1288 1252 6  time 1938.99 0 0
Iteration 144  HV  cores 1294 1257 6  time 1944.48 0 0
Iteration 145  HV  cores 1300 1262 6  time 1947.83 0 0
Iteration 146  HV  cores 1306 1268 6  time 1965.28 0 0
Iteration 147  HV  cores 1311 1273 5  time 1973.38 0 0
Iteration 148  HV  cores 1317 1279 6  time 1981.5 0 0
Iteration 149  HV  cores 1324 1286 7  time 2001.27 0 0
Iteration 150  HV  cores 1330 1292 6  time 2005.37 0 0
Iteration 151  HV  cores 1337 1299 7  time 2010.2 0 0
Iteration 152  HV  cores 1344 1306 7  time 2013.68 0 0
Iteration 153  HV  cores 1349 1311 5  time 2018.05 0 0
Iteration 154  HV  cores 1354 1316 5  time 2023.14 0 0
Iteration 155  HV  cores 1360 1322 6  time 2027.07 0 0
Iteration 156  HV  cores 1366 1328 6  time 2030.5 0 0
Iteration 157  HV  cores 1372 1334 6  time 2034.32 0 0
Iteration 158  HV  cores 1378 1338 6  time 2036.98 0 0
Iteration 159  HV  cores 1384 1344 6  time 2040 0 0
Iteration 160  HV  cores 1390 1350 6  time 2043.11 0 0
Iteration 161  HV  cores 1396 1355 6  time 2047.07 0 0
Iteration 162  HV  cores 1402 1361 6  time 2050.8 0 0
Iteration 163  HV  cores 1409 1367 7  time 2056.88 0 0
Iteration 164  HV  cores 1413 1371 4  time 2060.24 0 0
Iteration 165  HV  cores 1418 1376 5  time 2062.93 0 0
Iteration 166  HV  cores 1424 1381 6  time 2066.2 0 0
Iteration 167  HV  cores 1430 1387 6  time 2068.55 0 0
Iteration 168  HV  cores 1435 1392 5  time 2071.82 0 0
Iteration 169  HV  cores 1441 1398 6  time 2075.02 0 0
Iteration 170  HV  cores 1447 1404 6  time 2079.12 0 0
Iteration 171  HV  cores 1453 1406 6  time 2082.45 0 0
Iteration 172  HV  cores 1459 1409 6  time 2085.35 0 0
Iteration 173  HV  cores 1465 1414 6  time 2088.77 0 0
Iteration 174  HV  cores 1471 1418 6  time 2092.35 0 0
Iteration 175  HV  cores 1477 1424 6  time 2095.63 0 0
Iteration 176  HV  cores 1482 1429 5  time 2099.3 0 0
Iteration 177  HV  cores 1487 1434 5  time 2101.9 0 0
Iteration 178  HV  cores 1492 1438 5  time 2104.71 0 0
Iteration 179  HV  cores 1497 1442 5  time 2107.57 0 0
Iteration 180  HV  cores 1502 1446 5  time 2112.38 0 0
Iteration 181  HV  cores 1508 1452 6  time 2117.04 0 0
Iteration 182  HV  cores 1513 1457 5  time 2120.39 0 0
Iteration 183  HV  cores 1519 1463 6  time 2125.63 0 0
Iteration 184  HV  cores 1524 1467 5  time 2128.85 0 0
Iteration 185  HV  cores 1530 1473 6  time 2162.27 0 0
Iteration 186  HV  cores 1536 1479 6  time 2167.75 0 0
Iteration 187  HV  cores 1542 1485 6  time 2171.69 0 0
Iteration 188  HV  cores 1549 1492 7  time 2177.91 0 0
Iteration 189  HV  cores 1555 1498 6  time 2181.75 0 0
Iteration 190  HV  cores 1562 1505 7  time 2186.85 0 0
Iteration 191  HV  cores 1567 1509 5  time 2193.28 0 0
Iteration 192  HV  cores 1574 1515 7  time 2202.58 0 0
Iteration 193  HV  cores 1580 1521 6  time 2205.65 0 0
Iteration 194  HV  cores 1586 1526 6  time 2208.43 0 0
Iteration 195  HV  cores 1591 1530 5  time 2212.63 0 0
Iteration 196  HV  cores 1597 1536 6  time 2228.27 0 0
Iteration 197  HV  cores 1602 1541 5  time 2244.03 0 0
Iteration 198  HV  cores 1606 1545 4  time 2250.16 0 0
Iteration 199  HV  cores 1610 1549 4  time 2254.28 0 0
Iteration 200  HV  cores 1614 1553 4  time 2260.4 0 0
Iteration 201  HV  cores 1618 1557 4  time 2267.73 0 0
Iteration 202  HV  cores 1622 1561 4  time 2275.09 0 0
Iteration 203  HV  cores 1628 1567 6  time 2282.1 0 0
Iteration 204  HV  cores 1633 1572 5  time 2286.54 0 0
Iteration 205  HV  cores 1639 1577 6  time 2294.71 0 0
Iteration 206  HV  cores 1644 1581 5  time 2298.14 0 0
Iteration 207  HV  cores 1649 1584 5  time 2302.51 0 0
Iteration 208  HV  cores 1654 1589 5  time 2306.29 0 0
Iteration 209  HV  cores 1659 1594 5  time 2313.09 0 0
Iteration 210  HV  cores 1664 1599 5  time 2319.55 0 0
Iteration 211  HV  cores 1670 1605 6  time 2330.23 0 0
Iteration 212  HV  cores 1674 1609 4  time 2359.97 0 0
Iteration 213  HV  cores 1679 1614 5  time 2362.98 0 0
Iteration 214  HV  cores 1683 1618 4  time 2372.67 0 0
Iteration 215  HV  cores 1688 1623 5  time 2377.75 0 0
Iteration 216  HV  cores 1693 1628 5  time 2388.47 0 0
Iteration 217  HV  cores 1697 1632 4  time 2391.65 0 0
Iteration 218  HV  cores 1702 1637 5  time 2395.14 0 0
Iteration 219  HV  cores 1707 1642 5  time 2397.93 0 0
Iteration 220  HV  cores 1711 1646 4  time 2407.96 0 0
Iteration 221  HV  cores 1716 1651 5  time 2411.27 0 0
Iteration 222  HV  cores 1720 1655 4  time 2415.73 0 0
Iteration 223  HV  cores 1725 1660 5  time 2424.08 0 0
Iteration 224  HV  cores 1729 1664 4  time 2428.82 0 0
Iteration 225  HV  cores 1736 1671 7  time 2432.5 0 0
Iteration 226  HV  cores 1742 1677 6  time 2436.99 0 0
Iteration 227  HV  cores 1747 1682 5  time 2443.92 0 0
Iteration 228  HV  cores 1751 1685 4  time 2447.03 0 0
Iteration 229  HV  cores 1755 1689 4  time 2449.41 0 0
Iteration 230  HV  cores 1759 1693 4  time 2466.55 0 0
Iteration 231  HV  cores 1762 1696 3  time 2471.6 0 0
Iteration 232  HV  cores 1767 1701 5  time 2479.51 0 0
Iteration 233  HV  cores 1772 1706 5  time 2489.94 0 0
Iteration 234  HV  cores 1776 1710 4  time 2491.27 0 0
Iteration 235  HV  cores 1781 1714 5  time 2492.64 0 0
Iteration 236  HV  cores 1785 1718 4  time 2505.88 0 0
Iteration 237  HV  cores 1789 1722 4  time 2513.93 0 0
Iteration 238  HV  cores 1793 1724 4  time 2516.52 0 0
Iteration 239  HV  cores 1797 1728 4  time 2520 0 0
Iteration 240  HV  cores 1801 1732 4  time 2522.75 0 0
Iteration 241  HV  cores 1805 1736 4  time 2526.06 0 0
Iteration 242  HV  cores 1809 1740 4  time 2528.23 0 0
Iteration 243  HV  cores 1812 1743 3  time 2532.18 0 0
Iteration 244  HV  cores 1815 1746 3  time 2534.66 0 0
Iteration 245  HV  cores 1818 1749 3  time 2541.16 0 0
Iteration 246  HV  cores 1823 1753 5  time 2544.68 0 0
Iteration 247  HV  cores 1828 1758 5  time 2547.59 0 0
Iteration 248  HV  cores 1832 1762 4  time 2554.24 0 0
Iteration 249  HV  cores 1835 1765 3  time 2558.41 0 0
Iteration 250  HV  cores 1840 1770 5  time 2561.95 0 0
Iteration 251  HV  cores 1844 1774 4  time 2564.71 0 0
Iteration 252  HV  cores 1849 1779 5  time 2572.16 0 0
Iteration 253  HV  cores 1855 1785 6  time 2576.76 0 0
Iteration 254  HV  cores 1859 1789 4  time 2578.2 0 0
Iteration 255  HV  cores 1864 1794 5  time 2580.58 0 0
Iteration 256  HV  cores 1868 1798 4  time 2581.32 0 0
Iteration 257  HV  cores 1872 1802 4  time 2582.59 0 0
Iteration 258  HV  cores 1875 1805 3  time 2584.04 0 0
Iteration 259  HV  cores 1878 1808 3  time 2585 0 0
Iteration 260  HV  cores 1882 1812 4  time 2586.59 0 0
Iteration 261  HV  cores 1886 1816 4  time 2589.62 0 0
Iteration 262  HV  cores 1890 1820 4  time 2612.94 0 0
Iteration 263  HV  cores 1893 1823 3  time 2614 0 0
Iteration 264  HV  cores 1896 1826 3  time 2614.87 0 0
Iteration 265  HV  cores 1899 1829 3  time 2615.95 0 0
Iteration 266  HV  cores 1902 1832 3  time 2616.94 0 0
Iteration 267  HV  cores 1905 1835 3  time 2617.91 0 0
Iteration 268  HV  cores 1908 1838 3  time 2618.76 0 0
Iteration 269  HV  cores 1911 1839 3  time 2619.71 0 0
Iteration 270  HV  cores 1914 1842 3  time 2620.65 0 0
Iteration 271  HV  cores 1917 1845 3  time 2621.59 0 0
Iteration 272  HV  cores 1921 1848 4  time 2623.71 0 0
Iteration 273  HV  cores 1925 1851 4  time 2626.45 0 0
Iteration 274  HV  cores 1927 1853 2  time 2631.18 0 0
Iteration 275  HV  cores 1929 1855 2  time 2635.75 0 0
Iteration 276  HV  cores 1932 1858 3  time 2640.17 0 0
Iteration 277  HV  cores 1935 1861 3  time 2643.61 0 0
Iteration 278  HV  cores 1938 1864 3  time 2646.47 0 0
Iteration 279  HV  cores 1941 1867 3  time 2647.89 0 0
Iteration 280  HV  cores 1944 1870 3  time 2648.85 0 0
Iteration 281  HV  cores 1947 1873 3  time 2650.15 0 0
Iteration 282  HV  cores 1950 1876 3  time 2651.87 0 0
Iteration 283  HV  cores 1954 1880 4  time 2656.72 0 0
Iteration 284  HV  cores 1958 1884 4  time 2659.06 0 0
Iteration 285  HV  cores 1962 1888 4  time 2661.49 0 0
Iteration 286  HV  cores 1966 1892 4  time 2663.73 0 0
Iteration 287  HV  cores 1970 1894 4  time 2666.47 0 0
Iteration 288  HV  cores 1974 1898 4  time 2668.53 0 0
Iteration 289  HV  cores 1978 1900 4  time 2670.42 0 0
Iteration 290  HV  cores 1982 1904 4  time 2672.16 0 0
Iteration 291  HV  cores 1986 1907 4  time 2674 0 0
Iteration 292  HV  cores 1990 1911 4  time 2676.38 0 0
Iteration 293  HV  cores 1994 1914 4  time 2679.11 0 0
Iteration 294  HV  cores 1997 1917 3  time 2681.48 0 0
Iteration 295  HV  cores 2000 1920 3  time 2683.24 0 0
Iteration 296  HV  cores 2003 1923 3  time 2684.68 0 0
Iteration 297  HV  cores 2005 1925 2  time 2687.61 0 0
Iteration 298  HV  cores 2008 1928 3  time 2690.82 0 0
Iteration 299  HV  cores 2010 1930 2  time 2693.53 0 0
Iteration 300  HV  cores 2013 1933 3  time 2695.26 0 0
Iteration 301  HV  cores 2016 1936 3  time 2696.47 0 0
Iteration 302  HV  cores 2019 1939 3  time 2700.94 0 0
Iteration 303  HV  cores 2022 1942 3  time 2702.32 0 0
Iteration 304  HV  cores 2025 1945 3  time 2703.58 0 0
Iteration 305  HV  cores 2028 1948 3  time 2705.03 0 0
Iteration 306  HV  cores 2031 1951 3  time 2706.38 0 0
Iteration 307  HV  cores 2034 1954 3  time 2707.98 0 0
Iteration 308  HV  cores 2037 1957 3  time 2709.39 0 0
Iteration 309  HV  cores 2040 1960 3  time 2710.69 0 0
Iteration 310  HV  cores 2043 1961 3  time 2711.99 0 0
Iteration 311  HV  cores 2046 1964 3  time 2715.21 0 0
Iteration 312  HV  cores 2049 1967 3  time 2717.37 0 0
Iteration 313  HV  cores 2052 1970 3  time 2720.06 0 0
Iteration 314  HV  cores 2055 1973 3  time 2721.71 0 0
Iteration 315  HV  cores 2058 1974 3  time 2723.16 0 0
Iteration 316  HV  cores 2061 1975 3  time 2724.56 0 0
Iteration 317  HV  cores 2064 1978 3  time 2725.94 0 0
Iteration 318  HV  cores 2068 1982 4  time 2729.3 0 0
Iteration 319  HV  cores 2071 1985 3  time 2731.05 0 0
Iteration 320  HV  cores 2074 1988 3  time 2732.92 0 0
Iteration 321  HV  cores 2077 1991 3  time 2735.51 0 0
Iteration 322  HV  cores 2080 1994 3  time 2737.58 0 0
Iteration 323  HV  cores 2083 1997 3  time 2739.72 0 0
Iteration 324  HV  cores 2086 2000 3  time 2741.32 0 0
Iteration 325  HV  cores 2089 2003 3  time 2742.86 0 0
Iteration 326  HV  cores 2092 2003 3  time 2744.44 0 0
Iteration 327  HV  cores 2095 2006 3  time 2745.86 0 0
Iteration 328  HV  cores 2098 2008 3  time 2747.26 0 0
Iteration 329  HV  cores 2101 2010 3  time 2748.58 0 0
Iteration 330  HV  cores 2104 2012 3  time 2750.17 0 0
Iteration 331  HV  cores 2107 2015 3  time 2751.39 0 0
Iteration 332  HV  cores 2110 2018 3  time 2752.92 0 0
Iteration 333  HV  cores 2114 2022 4  time 2756.1 0 0
Iteration 334  HV  cores 2118 2026 4  time 2758.64 0 0
Iteration 335  HV  cores 2122 2030 4  time 2760.4 0 0
Iteration 336  HV  cores 2126 2030 4  time 2762.22 0 0
Iteration 337  HV  cores 2130 2033 4  time 2765.03 0 0
Iteration 338  HV  cores 2134 2037 4  time 2767.04 0 0
Iteration 339  HV  cores 2138 2040 4  time 2768.52 0 0
Iteration 340  HV  cores 2142 2044 4  time 2770.45 0 0
Iteration 341  HV  cores 2146 2048 4  time 2776.35 0 0
Iteration 342  HV  cores 2151 2053 5  time 2779.73 0 0
Iteration 343  HV  cores 2155 2057 4  time 2782.75 0 0
Iteration 344  HV  cores 2159 2061 4  time 2789.29 0 0
Iteration 345  HV  cores 2163 2065 4  time 2791.77 0 0
Iteration 346  HV  cores 2167 2068 4  time 2794.2 0 0
Iteration 347  HV  cores 2171 2071 4  time 2796.16 0 0
Iteration 348  HV  cores 2175 2075 4  time 2798.91 0 0
Iteration 349  HV  cores 2179 2078 4  time 2801.51 0 0
Iteration 350  HV  cores 2183 2081 4  time 2803.5 0 0
Iteration 351  HV  cores 2187 2085 4  time 2805.6 0 0
Iteration 352  HV  cores 2191 2089 4  time 2809.17 0 0
Iteration 353  HV  cores 2195 2093 4  time 2814.94 0 0
Iteration 354  HV  cores 2199 2097 4  time 2818.39 0 0
Iteration 355  HV  cores 2203 2101 4  time 2821.94 0 0
Iteration 356  HV  cores 2207 2105 4  time 2833.1 0 0
Iteration 357  HV  cores 2211 2109 4  time 2837.74 0 0
Iteration 358  HV  cores 2215 2112 4  time 2839.87 0 0
Iteration 359  HV  cores 2219 2114 4  time 2841.71 0 0
Iteration 360  HV  cores 2223 2118 4  time 2844.5 0 0
Iteration 361  HV  cores 2227 2122 4  time 2846.81 0 0
Iteration 362  HV  cores 2231 2126 4  time 2848.8 0 0
Iteration 363  HV  cores 2235 2130 4  time 2850.72 0 0
Iteration 364  HV  cores 2239 2133 4  time 2852.19 0 0
Iteration 365  HV  cores 2243 2137 4  time 2853.84 0 0
Iteration 366  HV  cores 2247 2140 4  time 2856.39 0 0
Iteration 367  HV  cores 2251 2142 4  time 2858.37 0 0
Iteration 368  HV  cores 2255 2145 4  time 2859.89 0 0
Iteration 369  HV  cores 2259 2148 4  time 2861.43 0 0
Iteration 370  HV  cores 2263 2150 4  time 2862.92 0 0
Iteration 371  HV  cores 2267 2153 4  time 2864.3 0 0
Iteration 372  HV  cores 2271 2153 4  time 2865.53 0 0
Iteration 373  HV  cores 2275 2157 4  time 2868.89 0 0
Iteration 374  HV  cores 2279 2161 4  time 2870.96 0 0
Iteration 375  HV  cores 2283 2165 4  time 2872.52 0 0
Iteration 376  HV  cores 2286 2167 3  time 2875.33 0 0
Iteration 377  HV  cores 2289 2170 3  time 2876.65 0 0
Iteration 378  HV  cores 2292 2173 3  time 2877.91 0 0
Iteration 379  HV  cores 2296 2177 4  time 2880.75 0 0
Iteration 380  HV  cores 2300 2181 4  time 2883.14 0 0
Iteration 381  HV  cores 2304 2185 4  time 2890.35 0 0
Iteration 382  HV  cores 2308 2189 4  time 2892.91 0 0
Iteration 383  HV  cores 2312 2193 4  time 2894.73 0 0
Iteration 384  HV  cores 2316 2197 4  time 2896.38 0 0
Iteration 385  HV  cores 2320 2200 4  time 2897.51 0 0
Iteration 386  HV  cores 2324 2202 4  time 2898.5 0 0
Iteration 387  HV  cores 2328 2205 4  time 2899.86 0 0
Iteration 388  HV  cores 2332 2209 4  time 2901.1 0 0
Iteration 389  HV  cores 2336 2212 4  time 2902.41 0 0
Iteration 390  HV  cores 2340 2214 4  time 2904.3 0 0
Iteration 391  HV  cores 2344 2216 4  time 2905.86 0 0
Iteration 392  HV  cores 2348 2218 4  time 2907.53 0 0
Iteration 393  HV  cores 2352 2222 4  time 2909.67 0 0
Iteration 394  HV  cores 2356 2224 4  time 2911.14 0 0
Iteration 395  HV  cores 2360 2226 4  time 2914.15 0 0
Iteration 396  HV  cores 2364 2230 4  time 2917.22 0 0
Iteration 397  HV  cores 2368 2233 4  time 2918.91 0 0
Iteration 398  HV  cores 2372 2236 4  time 2921.08 0 0
Iteration 399  HV  cores 2376 2240 4  time 2923.26 0 0
Iteration 400  HV  cores 2380 2244 4  time 2925.13 0 0
Iteration 401  HV  cores 2384 2248 4  time 2928.58 0 0
Iteration 402  HV  cores 2388 2250 4  time 2930.94 0 0
Iteration 403  HV  cores 2392 2253 4  time 2933.01 0 0
Iteration 404  HV  cores 2396 2254 4  time 2934.74 0 0
Iteration 405  HV  cores 2401 2258 5  time 2938.2 0 0
Iteration 406  HV  cores 2406 2262 5  time 2941.44 0 0
Iteration 407  HV  cores 2410 2263 4  time 2943.1 0 0
Iteration 408  HV  cores 2414 2264 4  time 2945.3 0 0
Iteration 409  HV  cores 2418 2265 4  time 2947.25 0 0
Iteration 410  HV  cores 2422 2265 4  time 2949.04 0 0
Iteration 411  HV  cores 2426 2267 4  time 2950.63 0 0
Iteration 412  HV  cores 2430 2271 4  time 2954.87 0 0
Iteration 413  HV  cores 2434 2273 4  time 2956.9 0 0
Iteration 414  HV  cores 2438 2274 4  time 2958.21 0 0
Iteration 415  HV  cores 2442 2276 4  time 2959.3 0 0
Iteration 416  HV  cores 2446 2279 4  time 2961.48 0 0
Iteration 417  HV  cores 2451 2282 5  time 2963.97 0 0
Iteration 418  HV  cores 2456 2285 5  time 2966.71 0 0
Iteration 419  HV  cores 2460 2289 4  time 2967.81 0 0
Iteration 420  HV  cores 2464 2293 4  time 2970.45 0 0
Iteration 421  HV  cores 2468 2297 4  time 2973.18 0 0
Iteration 422  HV  cores 2472 2301 4  time 2976.09 0 0
Iteration 423  HV  cores 2476 2304 4  time 2978.17 0 0
Iteration 424  HV  cores 2480 2305 4  time 2980.27 0 0
Iteration 425  HV  cores 2484 2308 4  time 2982.33 0 0
Iteration 426  HV  cores 2488 2310 4  time 2984.16 0 0
Iteration 427  HV  cores 2492 2313 4  time 2986.38 0 0
Iteration 428  HV  cores 2496 2316 4  time 2988.75 0 0
Iteration 429  HV  cores 2500 2317 4  time 2990.64 0 0
Iteration 430  HV  cores 2504 2319 4  time 2993.41 0 0
Iteration 431  HV  cores 2508 2323 4  time 2996.73 0 0
Iteration 432  HV  cores 2512 2326 4  time 2998.77 0 0
Iteration 433  HV  cores 2516 2330 4  time 3003.31 0 0
Iteration 434  HV  cores 2520 2334 4  time 3005.39 0 0
Iteration 435  HV  cores 2523 2335 3  time 3007.18 0 0
Iteration 436  HV  cores 2527 2338 4  time 3009.21 0 0
Iteration 437  HV  cores 2531 2342 4  time 3012.62 0 0
Iteration 438  HV  cores 2534 2345 3  time 3014.67 0 0
Iteration 439  HV  cores 2537 2348 3  time 3016.04 0 0
Iteration 440  HV  cores 2540 2351 3  time 3017.02 0 0
Iteration 441  HV  cores 2545 2355 5  time 3019.66 0 0
Iteration 442  HV  cores 2549 2359 4  time 3021.24 0 0
Iteration 443  HV  cores 2552 2362 3  time 3021.94 0 0
Iteration 444  HV  cores 2555 2365 3  time 3022.63 0 0
Iteration 445  HV  cores 2559 2369 4  time 3024.01 0 0
Iteration 446  HV  cores 2562 2371 3  time 3027.28 0 0
Iteration 447  HV  cores 2565 2372 3  time 3028.59 0 0
Iteration 448  HV  cores 2569 2375 4  time 3031.25 0 0
Iteration 449  HV  cores 2573 2379 4  time 3033.95 0 0
Iteration 450  HV  cores 2576 2382 3  time 3035.92 0 0
Iteration 451  HV  cores 2580 2386 4  time 3036.91 0 0
Iteration 452  HV  cores 2583 2389 3  time 3038.26 0 0
Iteration 453  HV  cores 2586 2392 3  time 3038.92 0 0
Iteration 454  HV  cores 2590 2396 4  time 3040.7 0 0
Iteration 455  HV  cores 2594 2400 4  time 3042.17 0 0
Iteration 456  HV  cores 2597 2403 3  time 3043.02 0 0
Iteration 457  HV  cores 2600 2405 3  time 3043.81 0 0
Iteration 458  HV  cores 2602 2407 2  time 3044.07 0 0
Iteration 459  HV  cores 2605 2408 3  time 3044.8 0 0
Iteration 460  HV  cores 2608 2411 3  time 3046.19 0 0
Iteration 461  HV  cores 2612 2415 4  time 3047.91 0 0
Iteration 462  HV  cores 2616 2418 4  time 3049.5 0 0
Iteration 463  HV  cores 2620 2421 4  time 3051.97 0 0
Iteration 464  HV  cores 2624 2425 4  time 3053.83 0 0
Iteration 465  HV  cores 2628 2429 4  time 3057.03 0 0
Iteration 466  HV  cores 2632 2432 4  time 3059.34 0 0
Iteration 467  HV  cores 2636 2436 4  time 3061.57 0 0
Iteration 468  HV  cores 2640 2440 4  time 3063.8 0 0
Iteration 469  HV  cores 2644 2444 4  time 3065.36 0 0
Iteration 470  HV  cores 2649 2449 5  time 3068.33 0 0
Iteration 471  HV  cores 2652 2451 3  time 3069.35 0 0
Iteration 472  HV  cores 2655 2454 3  time 3074.16 0 0
Iteration 473  HV  cores 2659 2458 4  time 3077.83 0 0
Iteration 474  HV  cores 2663 2462 4  time 3080.84 0 0
Iteration 475  HV  cores 2667 2466 4  time 3082.87 0 0
Iteration 476  HV  cores 2671 2469 4  time 3084.98 0 0
Iteration 477  HV  cores 2674 2472 3  time 3087.27 0 0
Iteration 478  HV  cores 2678 2476 4  time 3090.87 0 0
Iteration 479  HV  cores 2682 2479 4  time 3094.43 0 0
Iteration 480  HV  cores 2685 2481 3  time 3096.56 0 0
Iteration 481  HV  cores 2689 2485 4  time 3098.94 0 0
Iteration 482  HV  cores 2693 2489 4  time 3100.9 0 0
Iteration 483  HV  cores 2697 2493 4  time 3103.08 0 0
Iteration 484  HV  cores 2700 2496 3  time 3104.54 0 0
Iteration 485  HV  cores 2704 2500 4  time 3106.58 0 0
Iteration 486  HV  cores 2708 2504 4  time 3108.19 0 0
Iteration 487  HV  cores 2712 2508 4  time 3109.52 0 0
Iteration 488  HV  cores 2716 2510 4  time 3110.98 0 0
Iteration 489  HV  cores 2720 2513 4  time 3112.36 0 0
Iteration 490  HV  cores 2723 2514 3  time 3113.63 0 0
Iteration 491  HV  cores 2726 2517 3  time 3114.77 0 0
Iteration 492  HV  cores 2729 2519 3  time 3116.1 0 0
Iteration 493  HV  cores 2732 2521 3  time 3117.12 0 0
Iteration 494  HV  cores 2735 2523 3  time 3121.8 0 0
Iteration 495  HV  cores 2739 2527 4  time 3148.82 0 0
Iteration 496  HV  cores 2743 2531 4  time 3152.82 0 0
Iteration 497  HV  cores 2747 2535 4  time 3156.78 0 0
Iteration 498  HV  cores 2751 2539 4  time 3160.03 0 0
Iteration 499  HV  cores 2755 2543 4  time 3163.49 0 0
Iteration 500  HV  cores 2759 2547 4  time 3166.06 0 0
Iteration 501  HV  cores 2763 2551 4  time 3168.48 0 0
Iteration 502  HV  cores 2767 2555 4  time 3170.71 0 0
Iteration 503  HV  cores 2770 2558 3  time 3172.76 0 0
Iteration 504  HV  cores 2774 2562 4  time 3175.97 0 0
Iteration 505  HV  cores 2778 2566 4  time 3178.25 0 0
Iteration 506  HV  cores 2782 2570 4  time 3180.87 0 0
Iteration 507  HV  cores 2786 2574 4  time 3182.37 0 0
Iteration 508  HV  cores 2790 2578 4  time 3183.93 0 0
Iteration 509  HV  cores 2794 2581 4  time 3185.65 0 0
Iteration 510  HV  cores 2798 2584 4  time 3187.32 0 0
Iteration 511  HV  cores 2802 2588 4  time 3188.83 0 0
Iteration 512  HV  cores 2806 2591 4  time 3190.15 0 0
Iteration 513  HV  cores 2810 2594 4  time 3191.97 0 0
Iteration 514  HV  cores 2814 2596 4  time 3193.6 0 0
Iteration 515  HV  cores 2817 2599 3  time 3194.62 0 0
Iteration 516  HV  cores 2820 2601 3  time 3195.45 0 0
Iteration 517  HV  cores 2823 2604 3  time 3196.3 0 0
Iteration 518  HV  cores 2827 2608 4  time 3198.33 0 0
Iteration 519  HV  cores 2830 2611 3  time 3199.65 0 0
Iteration 520  HV  cores 2834 2615 4  time 3201.79 0 0
Iteration 521  HV  cores 2838 2618 4  time 3203.88 0 0
Iteration 522  HV  cores 2842 2622 4  time 3205.3 0 0
Iteration 523  HV  cores 2846 2624 4  time 3206.68 0 0
Iteration 524  HV  cores 2850 2628 4  time 3208.38 0 0
Iteration 525  HV  cores 2854 2632 4  time 3209.75 0 0
Iteration 526  HV  cores 2858 2636 4  time 3211.71 0 0
Iteration 527  HV  cores 2862 2639 4  time 3214.01 0 0
Iteration 528  HV  cores 2866 2643 4  time 3215.22 0 0
Iteration 529  HV  cores 2870 2647 4  time 3216.51 0 0
Iteration 530  HV  cores 2873 2650 3  time 3218.11 0 0
Iteration 531  HV  cores 2876 2653 3  time 3219.39 0 0
Iteration 532  HV  cores 2879 2656 3  time 3221.61 0 0
Iteration 533  HV  cores 2882 2658 3  time 3222.92 0 0
Iteration 534  HV  cores 2885 2660 3  time 3224.31 0 0
Iteration 535  HV  cores 2887 2662 2  time 3225.44 0 0
Iteration 536  HV  cores 2889 2663 2  time 3226.36 0 0
Iteration 537  HV  cores 2891 2665 2  time 3227.44 0 0
Iteration 538  HV  cores 2893 2664 2  time 3228.31 0 0
Iteration 539  HV  cores 2895 2665 2  time 3229.18 0 0
Iteration 540  HV  cores 2897 2665 2  time 3230.05 0 0
Iteration 541  HV  cores 2899 2666 2  time 3230.95 0 0
Iteration 542  HV  cores 2901 2668 2  time 3231.72 0 0
Iteration 543  HV  cores 2903 2669 2  time 3232.79 0 0
Iteration 544  HV  cores 2905 2670 2  time 3233.64 0 0
Iteration 545  HV  cores 2907 2668 2  time 3234.48 0 0
Iteration 546  HV  cores 2909 2669 2  time 3235.24 0 0
Iteration 547  HV  cores 2911 2669 2  time 3236.01 0 0
Iteration 548  HV  cores 2913 2669 2  time 3236.83 0 0
Iteration 549  HV  cores 2915 2670 2  time 3237.65 0 0
Iteration 550  HV  cores 2917 2671 2  time 3238.49 0 0
Iteration 551  HV  cores 2919 2673 2  time 3239.19 0 0
Iteration 552  HV  cores 2921 2675 2  time 3239.91 0 0
Iteration 553  HV  cores 2923 2677 2  time 3240.62 0 0
Iteration 554  HV  cores 2925 2679 2  time 3241.38 0 0
Iteration 555  HV  cores 2927 2681 2  time 3242.11 0 0
Iteration 556  HV  cores 2929 2683 2  time 3242.9 0 0
Iteration 557  HV  cores 2932 2686 3  time 3244.08 0 0
Iteration 558  HV  cores 2934 2688 2  time 3245.19 0 0
Iteration 559  HV  cores 2936 2690 2  time 3246.07 0 0
Iteration 560  HV  cores 2938 2692 2  time 3246.92 0 0
Iteration 561  HV  cores 2940 2693 2  time 3247.71 0 0
Iteration 562  HV  cores 2942 2695 2  time 3248.72 0 0
Iteration 563  HV  cores 2944 2697 2  time 3249.54 0 0
Iteration 564  HV  cores 2946 2698 2  time 3250.37 0 0
Iteration 565  HV  cores 2948 2700 2  time 3251.17 0 0
Iteration 566  HV  cores 2950 2702 2  time 3252.05 0 0
Iteration 567  HV  cores 2952 2704 2  time 3252.87 0 0
Iteration 568  HV  cores 2954 2706 2  time 3253.66 0 0
Iteration 569  HV  cores 2957 2709 3  time 3256.02 0 0
Iteration 570  HV  cores 2959 2711 2  time 3257.07 0 0
Iteration 571  HV  cores 2961 2713 2  time 3258.3 0 0
Iteration 572  HV  cores 2963 2714 2  time 3259.23 0 0
Iteration 573  HV  cores 2965 2715 2  time 3260.15 0 0
Iteration 574  HV  cores 2967 2716 2  time 3261.08 0 0
Iteration 575  HV  cores 2969 2717 2  time 3262 0 0
Iteration 576  HV  cores 2971 2718 2  time 3262.91 0 0
Iteration 577  HV  cores 2974 2721 3  time 3264.83 0 0
Iteration 578  HV  cores 2977 2724 3  time 3266.88 0 0
Iteration 579  HV  cores 2980 2727 3  time 3268.02 0 0
Iteration 580  HV  cores 2983 2730 3  time 3268.92 0 0
Iteration 581  HV  cores 2986 2733 3  time 3270.11 0 0
Iteration 582  HV  cores 2989 2736 3  time 3270.99 0 0
Iteration 583  HV  cores 2992 2738 3  time 3271.7 0 0
Iteration 584  HV  cores 2995 2740 3  time 3272.43 0 0
Iteration 585  HV  cores 2998 2742 3  time 3273.17 0 0
Iteration 586  HV  cores 3001 2744 3  time 3274.41 0 0
Iteration 587  HV  cores 3004 2747 3  time 3275.16 0 0
Iteration 588  HV  cores 3007 2749 3  time 3276.16 0 0
Iteration 589  HV  cores 3010 2752 3  time 3277.13 0 0
Iteration 590  HV  cores 3013 2752 3  time 3278.15 0 0
Iteration 591  HV  cores 3016 2755 3  time 3280.59 0 0
Iteration 592  HV  cores 3019 2758 3  time 3282.46 0 0
Iteration 593  HV  cores 3022 2761 3  time 3283.95 0 0
Iteration 594  HV  cores 3024 2763 2  time 3285.39 0 0
Iteration 595  HV  cores 3026 2765 2  time 3286.32 0 0
Iteration 596  HV  cores 3028 2767 2  time 3287.28 0 0
Iteration 597  HV  cores 3030 2769 2  time 3287.97 0 0
Iteration 598  HV  cores 3032 2771 2  time 3288.84 0 0
Iteration 599  HV  cores 3034 2773 2  time 3289.76 0 0
Iteration 600  HV  cores 3036 2775 2  time 3291.17 0 0
Iteration 601  HV  cores 3038 2777 2  time 3292.4 0 0
Iteration 602  HV  cores 3040 2777 2  time 3293.76 0 0
Iteration 603  HV  cores 3042 2779 2  time 3295.31 0 0
Iteration 604  HV  cores 3044 2781 2  time 3296.56 0 0
Iteration 605  HV  cores 3046 2783 2  time 3297.97 0 0
Iteration 606  HV  cores 3048 2785 2  time 3299.27 0 0
Iteration 607  HV  cores 3050 2787 2  time 3300.34 0 0
Iteration 608  HV  cores 3052 2789 2  time 3301.91 0 0
Iteration 609  HV  cores 3054 2790 2  time 3302.62 0 0
Iteration 610  HV  cores 3056 2792 2  time 3303.4 0 0
Iteration 611  HV  cores 3058 2794 2  time 3304.31 0 0
Iteration 612  HV  cores 3060 2795 2  time 3304.97 0 0
Iteration 613  HV  cores 3062 2795 2  time 3305.6 0 0
Iteration 614  HV  cores 3064 2796 2  time 3306.42 0 0
Iteration 615  HV  cores 3066 2797 2  time 3307.15 0 0
Iteration 616  HV  cores 3068 2798 2  time 3307.9 0 0
Iteration 617  HV  cores 3070 2799 2  time 3308.7 0 0
Iteration 618  HV  cores 3072 2800 2  time 3309.51 0 0
Iteration 619  HV  cores 3073 2801 1  time 3311.49 0 0
Iteration 620  HV  cores 3075 2803 2  time 3312.24 0 0
Iteration 621  HV  cores 3076 2804 1  time 3313.61 0 0
Iteration 622  HV  cores 3077 2805 1  time 3314.91 0 0
Iteration 623  HV  cores 3078 2805 1  time 3316.18 0 0
Iteration 624  HV  cores 3079 2806 1  time 3317.43 0 0
Iteration 625  HV  cores 3080 2807 1  time 3318.45 0 0
Iteration 626  HV  cores 3081 2808 1  time 3319.48 0 0
Iteration 627  HV  cores 3082 2809 1  time 3320.74 0 0
Iteration 628  HV  cores 3083 2810 1  time 3322.39 0 0
Iteration 629  HV  cores 3084 2811 1  time 3323.85 0 0
Iteration 630  HV  cores 3085 2812 1  time 3325.09 0 0
Iteration 631  HV  cores 3086 2813 1  time 3326.37 0 0
Iteration 632  HV  cores 3087 2814 1  time 3326.97 0 0
Iteration 633  HV  cores 3088 2815 1  time 3327.58 0 0
Iteration 634  HV  cores 3089 2816 1  time 3328.24 0 0
Iteration 635  HV  cores 3090 2816 1  time 3328.83 0 0
Iteration 636  HV  cores 3091 2816 1  time 3329.39 0 0
Iteration 637  HV  cores 3092 2816 1  time 3329.95 0 0
Iteration 638  HV  cores 3093 2816 1  time 3330.49 0 0
Iteration 639  HV  cores 3095 2818 2  time 3332.67 0 0
Iteration 640  HV  cores 3097 2820 2  time 3333.54 0 0
Iteration 641  HV  cores 3099 2822 2  time 3334.16 0 0
Iteration 642  HV  cores 3101 2824 2  time 3334.8 0 0
Iteration 643  HV  cores 3103 2825 2  time 3335.72 0 0
Iteration 644  HV  cores 3105 2826 2  time 3336.45 0 0
Iteration 645  HV  cores 3107 2828 2  time 3337.23 0 0
Iteration 646  HV  cores 3109 2830 2  time 3337.96 0 0
Iteration 647  HV  cores 3111 2832 2  time 3338.76 0 0
Iteration 648  HV  cores 3113 2833 2  time 3339.45 0 0
Iteration 649  HV  cores 3115 2835 2  time 3340.29 0 0
Iteration 650  HV  cores 3117 2837 2  time 3341.43 0 0
Iteration 651  HV  cores 3119 2839 2  time 3342.47 0 0
Iteration 652  HV  cores 3121 2840 2  time 3343.49 0 0
Iteration 653  HV  cores 3123 2842 2  time 3344.25 0 0
Iteration 654  HV  cores 3125 2842 2  time 3345 0 0
Iteration 655  HV  cores 3127 2843 2  time 3345.76 0 0
Iteration 656  HV  cores 3129 2845 2  time 3346.49 0 0
Iteration 657  HV  cores 3131 2847 2  time 3347.69 0 0
Iteration 658  HV  cores 3133 2849 2  time 3348.69 0 0
Iteration 659  HV  cores 3135 2851 2  time 3349.47 0 0
Iteration 660  HV  cores 3137 2853 2  time 3350.67 0 0
Iteration 661  HV  cores 3139 2854 2  time 3351.47 0 0
Iteration 662  HV  cores 3141 2856 2  time 3352.54 0 0
Iteration 663  HV  cores 3143 2858 2  time 3353.41 0 0
Iteration 664  HV  cores 3145 2860 2  time 3354.66 0 0
Iteration 665  HV  cores 3147 2862 2  time 3355.51 0 0
Iteration 666  HV  cores 3149 2864 2  time 3356.23 0 0
Iteration 667  HV  cores 3151 2865 2  time 3356.88 0 0
Iteration 668  HV  cores 3153 2867 2  time 3357.6 0 0
Iteration 669  HV  cores 3155 2869 2  time 3358.19 0 0
Iteration 670  HV  cores 3157 2870 2  time 3358.79 0 0
Iteration 671  HV  cores 3159 2871 2  time 3359.43 0 0
Iteration 672  HV  cores 3161 2872 2  time 3359.96 0 0
Iteration 673  HV  cores 3163 2873 2  time 3360.47 0 0
Iteration 674  HV  cores 3165 2873 2  time 3360.94 0 0
Iteration 675  HV  cores 3167 2875 2  time 3361.5 0 0
Iteration 676  HV  cores 3169 2875 2  time 3362.05 0 0
Iteration 677  HV  cores 3171 2877 2  time 3362.61 0 0
Iteration 678  HV  cores 3172 2878 1  time 3363.02 0 0
Iteration 679  HV  cores 3173 2879 1  time 3363.29 0 0
Iteration 680  HV  cores 3174 2880 1  time 3364.2 0 0
Iteration 681  HV  cores 3175 2881 1  time 3369.25 0 0
Iteration 682  HV  cores 3177 2883 2  time 3370.37 0 0
Iteration 683  HV  cores 3179 2885 2  time 3371.12 0 0
Iteration 684  HV  cores 3181 2887 2  time 3371.93 0 0
Iteration 685  HV  cores 3183 2889 2  time 3372.87 0 0
Iteration 686  HV  cores 3185 2891 2  time 3373.74 0 0
Iteration 687  HV  cores 3187 2893 2  time 3374.48 0 0
Iteration 688  HV  cores 3189 2894 2  time 3375.11 0 0
Iteration 689  HV  cores 3190 2895 1  time 3375.33 0 0
Iteration 690  HV  cores 3191 2896 1  time 3375.52 0 0
Iteration 691  HV  cores 3192 2897 1  time 3375.71 0 0
Iteration 692  HV  cores 3193 2898 1  time 3375.89 0 0
Iteration 693  HV  cores 3194 2898 1  time 3376.08 0 0
Iteration 694  HV  cores 3195 2898 1  time 3376.29 0 0
Iteration 695  HV  cores 3196 2899 1  time 3376.49 0 0
Iteration 696  HV  cores 3197 2899 1  time 3376.7 0 0
Iteration 697  HV  cores 3200 2902 3  time 3379.49 0 0
Iteration 698  HV  cores 3203 2905 3  time 3381.67 0 0
Iteration 699  HV  cores 3206 2908 3  time 3383.72 0 0
Iteration 700  HV  cores 3208 2910 2  time 3385.12 0 0
Iteration 701  HV  cores 3211 2913 3  time 3387.28 0 0
Iteration 702  HV  cores 3213 2915 2  time 3389.03 0 0
Iteration 703  HV  cores 3216 2918 3  time 3391.83 0 0
Iteration 704  HV  cores 3219 2920 3  time 3395.21 0 0
Iteration 705  HV  cores 3221 2922 2  time 3396.41 0 0
Iteration 706  HV  cores 3223 2924 2  time 3397.04 0 0
Iteration 707  HV  cores 3225 2926 2  time 3397.65 0 0
Iteration 708  HV  cores 3227 2928 2  time 3398.13 0 0
Iteration 709  HV  cores 3229 2930 2  time 3398.63 0 0
Iteration 710  HV  cores 3232 2933 3  time 3401.85 0 0
Iteration 711  HV  cores 3234 2935 2  time 3404.89 0 0
Iteration 712  HV  cores 3236 2937 2  time 3406.39 0 0
Iteration 713  HV  cores 3238 2939 2  time 3407.83 0 0
Iteration 714  HV  cores 3240 2941 2  time 3409.23 0 0
Iteration 715  HV  cores 3242 2943 2  time 3410.73 0 0
Iteration 716  HV  cores 3244 2945 2  time 3412.29 0 0
Iteration 717  HV  cores 3246 2947 2  time 3414.48 0 0
Iteration 718  HV  cores 3248 2949 2  time 3416.59 0 0
Iteration 719  HV  cores 3250 2951 2  time 3418.03 0 0
Iteration 720  HV  cores 3252 2952 2  time 3419.4 0 0
Iteration 721  HV  cores 3254 2954 2  time 3420.87 0 0
Iteration 722  HV  cores 3256 2956 2  time 3422.28 0 0
Iteration 723  HV  cores 3258 2956 2  time 3423.68 0 0
Iteration 724  HV  cores 3260 2958 2  time 3424.93 0 0
Iteration 725  HV  cores 3262 2959 2  time 3426.18 0 0
Iteration 726  HV  cores 3264 2960 2  time 3427.44 0 0
Iteration 727  HV  cores 3266 2962 2  time 3428.29 0 0
Iteration 728  HV  cores 3268 2962 2  time 3429.1 0 0
Iteration 729  HV  cores 3270 2964 2  time 3430 0 0
Iteration 730  HV  cores 3272 2965 2  time 3431.02 0 0
Iteration 731  HV  cores 3274 2966 2  time 3431.92 0 0
Iteration 732  HV  cores 3276 2967 2  time 3432.9 0 0
Iteration 733  HV  cores 3278 2968 2  time 3433.61 0 0
Iteration 734  HV  cores 3280 2968 2  time 3434.49 0 0
Iteration 735  HV  cores 3282 2968 2  time 3435.43 0 0
Iteration 736  HV  cores 3284 2969 2  time 3436.38 0 0
Iteration 737  HV  cores 3286 2969 2  time 3437.33 0 0
Iteration 738  HV  cores 3288 2969 2  time 3438.3 0 0
Iteration 739  HV  cores 3290 2969 2  time 3439.25 0 0
Iteration 740  HV  cores 3292 2970 2  time 3440.11 0 0
Iteration 741  HV  cores 3294 2971 2  time 3440.88 0 0
Iteration 742  HV  cores 3296 2971 2  time 3441.69 0 0
Iteration 743  HV  cores 3298 2971 2  time 3442.97 0 0
Iteration 744  HV  cores 3300 2972 2  time 3444.27 0 0
Iteration 745  HV  cores 3302 2974 2  time 3445.62 0 0
Iteration 746  HV  cores 3304 2976 2  time 3447.18 0 0
Iteration 747  HV  cores 3306 2978 2  time 3448.44 0 0
Iteration 748  HV  cores 3308 2980 2  time 3449.87 0 0
Iteration 749  HV  cores 3310 2982 2  time 3451.27 0 0
Iteration 750  HV  cores 3313 2985 3  time 3455.77 0 0
Iteration 751  HV  cores 3315 2986 2  time 3457.53 0 0
Iteration 752  HV  cores 3317 2988 2  time 3459.09 0 0
Iteration 753  HV  cores 3319 2989 2  time 3461.39 0 0
Iteration 754  HV  cores 3321 2991 2  time 3462.72 0 0
Iteration 755  HV  cores 3324 2994 3  time 3465.99 0 0
Iteration 756  HV  cores 3326 2996 2  time 3467.45 0 0
Iteration 757  HV  cores 3328 2998 2  time 3469.14 0 0
Iteration 758  HV  cores 3330 3000 2  time 3470.61 0 0
Iteration 759  HV  cores 3332 3002 2  time 3474.91 0 0
Iteration 760  HV  cores 3334 3004 2  time 3476.71 0 0
Iteration 761  HV  cores 3336 3005 2  time 3478.98 0 0
Iteration 762  HV  cores 3338 3007 2  time 3479.64 0 0
Iteration 763  HV  cores 3340 3009 2  time 3481.76 0 0
Iteration 764  HV  cores 3342 3011 2  time 3483.03 0 0
Iteration 765  HV  cores 3344 3013 2  time 3484.25 0 0
Iteration 766  HV  cores 3346 3015 2  time 3487.23 0 0
Iteration 767  HV  cores 3348 3016 2  time 3489.52 0 0
Iteration 768  HV  cores 3350 3018 2  time 3490.51 0 0
Iteration 769  HV  cores 3352 3020 2  time 3491.25 0 0
Iteration 770  HV  cores 3354 3022 2  time 3492.95 0 0
Iteration 771  HV  cores 3356 3024 2  time 3495.35 0 0
Iteration 772  HV  cores 3358 3026 2  time 3497.44 0 0
Iteration 773  HV  cores 3360 3028 2  time 3499.5 0 0
Iteration 774  HV  cores 3362 3029 2  time 3501.4 0 0
Iteration 775  HV  cores 3364 3030 2  time 3503.38 0 0
Iteration 776  HV  cores 3366 3030 2  time 3505.17 0 0
Iteration 777  HV  cores 3368 3031 2  time 3507.07 0 0
Iteration 778  HV  cores 3370 3031 2  time 3508.96 0 0
Iteration 779  HV  cores 3372 3032 2  time 3511.79 0 0
Iteration 780  HV  cores 3374 3032 2  time 3513.64 0 0
Iteration 781  HV  cores 3376 3034 2  time 3515.55 0 0
Iteration 782  HV  cores 3378 3036 2  time 3516.93 0 0
Iteration 783  HV  cores 3380 3037 2  time 3518.21 0 0
Iteration 784  HV  cores 3382 3039 2  time 3520.19 0 0
Iteration 785  HV  cores 3384 3041 2  time 3521.34 0 0
Iteration 786  HV  cores 3386 3043 2  time 3524.31 0 0
Iteration 787  HV  cores 3388 3044 2  time 3526.9 0 0
Iteration 788  HV  cores 3390 3046 2  time 3531.24 0 0
Iteration 789  HV  cores 3393 3049 3  time 3533.9 0 0
Iteration 790  HV  cores 3395 3050 2  time 3536.19 0 0
Iteration 791  HV  cores 3396 3051 1  time 3537.48 0 0
Iteration 792  HV  cores 3397 3052 1  time 3538.65 0 0
Iteration 793  HV  cores 3398 3053 1  time 3539.96 0 0
Iteration 794  HV  cores 3399 3054 1  time 3541.23 0 0
Iteration 795  HV  cores 3400 3054 1  time 3542.16 0 0
Iteration 796  HV  cores 3401 3054 1  time 3543.12 0 0
Iteration 797  HV  cores 3402 3055 1  time 3544.49 0 0
Iteration 798  HV  cores 3403 3056 1  time 3547.41 0 0
Iteration 799  HV  cores 3404 3057 1  time 3548.62 0 0
Iteration 800  HV  cores 3405 3058 1  time 3550.36 0 0
Iteration 801  HV  cores 3406 3059 1  time 3551.56 0 0
Iteration 802  HV  cores 3407 3060 1  time 3553.14 0 0
Iteration 803  HV  cores 3408 3061 1  time 3554.47 0 0
Iteration 804  HV  cores 3409 3062 1  time 3555.86 0 0
Iteration 805  HV  cores 3410 3063 1  time 3557.5 0 0
Iteration 806  HV  cores 3411 3063 1  time 3558.81 0 0
Iteration 807  HV  cores 3412 3063 1  time 3559.86 0 0
Iteration 808  HV  cores 3413 3064 1  time 3561.07 0 0
Iteration 809  HV  cores 3414 3065 1  time 3562.56 0 0
Iteration 810  HV  cores 3415 3065 1  time 3563.59 0 0
Iteration 811  HV  cores 3416 3066 1  time 3565.69 0 0
Iteration 812  HV  cores 3417 3067 1  time 3567.14 0 0
Iteration 813  HV  cores 3418 3067 1  time 3568.45 0 0
Iteration 814  HV  cores 3419 3068 1  time 3569.81 0 0
Iteration 815  HV  cores 3420 3069 1  time 3571.02 0 0
Iteration 816  HV  cores 3421 3070 1  time 3572.35 0 0
Iteration 817  HV  cores 3422 3071 1  time 3573.72 0 0
Iteration 818  HV  cores 3423 3071 1  time 3575.05 0 0
Iteration 819  HV  cores 3424 3072 1  time 3576.86 0 0
Iteration 820  HV  cores 3425 3072 1  time 3578.38 0 0
Iteration 821  HV  cores 3426 3072 1  time 3579.7 0 0
