lb 3895033 ub 26738806 before adjustment
lb 0 ub 22843773 after adjustment
costs ready
42 variables 822 functions 3895033 lb, 22843773 ub
Iteration 0  HV  cores 16 16 16  time 4.45681 0 0.017203
Iteration 1 MHV  lb 3895050 ub 26738805  time 4.46417 0.276821 0.017203
Iteration 2  HV  cores 28 28 12  time 12.178 0.276821 0.174135
Iteration 3 MHV  lb 3895050 ub 16334320  time 12.1849 0.595731 0.174135
Iteration 4  HV  cores 39 39 11  time 15.5301 0.595731 1.5179
Iteration 5  HV  cores 49 49 10  time 23.4357 0.595731 2.85563
Iteration 6 MHV  lb 3895054 ub 11411274  time 23.4434 0.946847 2.85563
Iteration 7  HV  cores 59 59 10  time 27.0328 0.946847 4.52374
Iteration 8  HV  cores 68 68 9  time 31.6255 0.946847 6.18541
Iteration 9 MHV  lb 3895059 ub 8009980  time 31.6354 1.34625 6.18541
Iteration 10  HV  cores 78 78 10  time 40.5606 1.34625 7.96326
Iteration 11  HV  cores 84 84 6  time 43.9605 1.34625 9.73504
Iteration 12  HV  cores 85 85 1  time 44.0398 1.34625 11.5554
Iteration 13 MHV  lb 3895070 ub 5913540  time 44.0472 1.80522 11.5554
Iteration 14  HV  cores 93 93 8  time 48.5632 1.80522 13.4377
Iteration 15 MHV  lb 3895070 ub 5912826  time 48.5721 2.30495 13.4377
Iteration 16  HV  cores 102 102 9  time 53.6034 2.30495 15.3708
Iteration 17  HV  cores 106 106 4  time 60.5817 2.30495 17.2686
Iteration 18  HV  cores 107 107 1  time 60.8138 2.30495 19.1565
Iteration 19  HV  cores 109 109 2  time 61.0425 2.30495 21.0361
Iteration 20  HV  cores 110 110 1  time 61.1194 2.30495 22.9127
Iteration 21  HV  cores 111 111 1  time 61.1521 2.30495 24.8179
Iteration 22  HV  cores 112 112 1  time 61.2887 2.30495 26.7288
Iteration 23  HV  cores 113 113 1  time 61.4023 2.30495 28.6389
Iteration 24  HV  cores 114 114 1  time 62.2414 2.30495 30.5482
Iteration 25  HV  cores 115 115 1  time 62.3817 2.30495 32.4566
Iteration 26  HV  cores 116 116 1  time 62.468 2.30495 34.3622
Iteration 27  HV  cores 117 117 1  time 62.7044 2.30495 36.2711
Iteration 28  HV  cores 118 118 1  time 62.8982 2.30495 38.1818
Iteration 29  HV  cores 119 119 1  time 63.0373 2.30495 40.0396
Iteration 30 MHV  lb 3895078 ub 4574503  time 63.0449 4.19976 40.0396
Iteration 31  HV  cores 128 128 9  time 66.358 4.19976 41.9714
Iteration 32  HV  cores 132 132 4  time 67.0397 4.19976 43.902
Iteration 33  HV  cores 134 134 2  time 68.9994 4.19976 45.8295
Iteration 34  HV  cores 135 135 1  time 69.1733 4.19976 47.7589
Iteration 35  HV  cores 136 136 1  time 69.6505 4.19976 49.6871
Iteration 36  HV  cores 137 137 1  time 70.0878 4.19976 51.6166
Iteration 37  HV  cores 138 138 1  time 70.6162 4.19976 53.5688
Iteration 38  HV  cores 139 139 1  time 70.7625 4.19976 55.523
Iteration 39  HV  cores 140 140 1  time 71.0681 4.19976 57.6069
Iteration 40  HV  cores 141 141 1  time 71.215 4.19976 59.688
Iteration 41  HV  cores 142 142 1  time 71.7257 4.19976 61.7665
Iteration 42 MHV  lb 3895084 ub 4369030  time 71.7336 6.36422 61.7665
Iteration 43  HV  cores 152 152 10  time 78.9696 6.36422 63.8628
Iteration 44  HV  cores 155 155 3  time 80.1978 6.36422 65.9355
Iteration 45 MHV  lb 3895086 ub 4364574  time 80.2158 9.14625 65.9355
Iteration 46  HV  cores 164 164 9  time 88.4747 9.14625 68.0446
Iteration 47  HV  cores 166 166 2  time 89.1031 9.14625 70.1309
Iteration 48 MHV  lb 3895088 ub 4362715  time 89.1119 11.6558 70.1309
Iteration 49  HV  cores 175 175 9  time 93.4297 11.6558 72.2417
Iteration 50  HV  cores 179 179 4  time 94.6428 11.6558 74.324
Iteration 51 MHV  lb 3895092 ub 4362714  time 94.67 13.5118 74.324
Iteration 52  HV  cores 189 189 10  time 102.302 13.5118 76.4115
Iteration 53  HV  cores 192 192 3  time 103.339 13.5118 78.4859
Iteration 54  HV  cores 201 201 9  time 109.479 13.5118 80.5381
Iteration 55  HV  cores 207 207 6  time 117.577 13.5118 82.5887
Iteration 56  HV  cores 212 212 5  time 122.047 13.5118 84.6519
Iteration 57  HV  cores 217 217 5  time 125.286 13.5118 86.7151
Iteration 58  HV  cores 222 222 5  time 127.957 13.5118 88.7781
Iteration 59  HV  cores 226 226 4  time 130.044 13.5118 90.8462
Iteration 60  HV  cores 232 232 6  time 135.621 13.5118 92.9089
Iteration 61  HV  cores 238 238 6  time 137.724 13.5118 94.9845
Iteration 62  HV  cores 243 242 5  time 139.036 13.5118 97.0529
Iteration 63  HV  cores 249 247 6  time 142.173 13.5118 99.1491
Iteration 64 MHV  lb 3895103 ub 4362713  time 142.183 17.4039 99.1491
Iteration 65  HV  cores 258 256 9  time 150.522 17.4039 101.298
Iteration 66  HV  cores 262 260 4  time 151.693 17.4039 103.439
Iteration 67 MHV  lb 3895109 ub 4360665  time 151.701 21.9278 103.439
Iteration 68  HV  cores 269 266 7  time 155.392 21.9278 105.576
Iteration 69 MHV  lb 3895111 ub 4360007  time 155.451 25.8791 105.576
Iteration 70  HV  cores 277 274 8  time 160.615 25.8791 107.727
Iteration 71  HV  cores 280 277 3  time 161.193 25.8791 109.844
Iteration 72  HV  cores 281 278 1  time 161.36 25.8791 111.963
Iteration 73  HV  cores 282 279 1  time 161.424 25.8791 114.091
Iteration 74 MHV  lb 3895121 ub 4355722  time 161.432 30.6137 114.091
Iteration 75  HV  cores 290 287 8  time 166.169 30.6137 116.269
Iteration 76  HV  cores 299 296 9  time 171.697 30.6137 118.429
Iteration 77 MHV  lb 3895123 ub 4341857  time 171.706 36.6371 118.429
Iteration 78  HV  cores 308 305 9  time 174.876 36.6371 120.601
Iteration 79  HV  cores 310 307 2  time 175.486 36.6371 122.733
Iteration 80 MHV  lb 3895138 ub 4341856  time 175.495 43.2871 122.733
Iteration 81  HV  cores 319 316 9  time 180.312 43.2871 124.932
Iteration 82  HV  cores 328 325 9  time 185.701 43.2871 127.102
Iteration 83  HV  cores 330 327 2  time 185.966 43.2871 129.261
Iteration 84 MHV  lb 3895141 ub 4321671  time 185.974 50.3168 129.261
Iteration 85  HV  cores 339 336 9  time 190.357 50.3168 131.465
Iteration 86  HV  cores 341 338 2  time 190.594 50.3168 133.643
Iteration 87 MHV  lb 3895142 ub 4320800  time 190.602 58.4771 133.643
Iteration 88  HV  cores 350 347 9  time 195.178 58.4771 135.834
Iteration 89 MHV  lb 3895143 ub 4320777  time 195.21 71.053 135.834
Iteration 90  HV  cores 360 357 10  time 198.985 71.053 138.018
Iteration 91  HV  cores 362 359 2  time 199.292 71.053 140.177
Iteration 92  HV  cores 372 369 10  time 203.429 71.053 142.331
Iteration 93 MHV  lb 3895144 ub 4320776  time 203.439 111.57 142.331
Iteration 94  HV  cores 382 379 10  time 207.29 111.57 144.532
Iteration 95  HV  cores 384 381 2  time 207.745 111.57 146.718
Iteration 96 MHV  lb 3895145 ub 4305669  time 207.753 125.042 146.718
Iteration 97  HV  cores 394 391 10  time 211.894 125.042 148.918
Iteration 98  HV  cores 397 394 3  time 212.363 125.042 151.105
Iteration 99  HV  cores 399 396 2  time 212.562 125.042 153.271
Iteration 100  HV  cores 402 399 3  time 213.174 125.042 155.423
Iteration 101  HV  cores 403 400 1  time 213.577 125.042 157.586
Iteration 102 MHV  lb 3895147 ub 4305668  time 213.586 185.872 157.586
Iteration 103  HV  cores 410 407 7  time 216.088 185.872 159.81
Iteration 104  HV  cores 419 416 9  time 221.9 185.872 162.017
Iteration 105  HV  cores 421 418 2  time 222.06 185.872 164.206
Iteration 106 MHV  lb 3895148 ub 4297127  time 222.071 282.285 164.206
Iteration 107  HV  cores 429 426 8  time 226.97 282.285 166.437
Iteration 108  HV  cores 437 434 8  time 231.516 282.285 168.651
Iteration 109  HV  cores 445 442 8  time 234.541 282.285 170.856
Iteration 110  HV  cores 447 444 2  time 234.797 282.285 173.052
Iteration 111 MHV  lb 3895148 ub 4295789  time 234.805 383.699 173.052
Iteration 112  HV  cores 456 453 9  time 240.439 383.699 175.303
Iteration 113  HV  cores 464 461 8  time 243.643 383.699 177.531
Iteration 114  HV  cores 466 463 2  time 243.993 383.699 179.741
Iteration 115 MHV  lb 3895149 ub 4295707  time 244.001 489.808 179.741
Iteration 116  HV  cores 475 472 9  time 247.478 489.808 181.991
Iteration 117  HV  cores 483 480 8  time 251.581 489.808 184.231
Iteration 118  HV  cores 485 482 2  time 251.795 489.808 186.457
Iteration 119  HV  cores 487 484 2  time 251.917 489.808 188.68
Iteration 120 MHV  lb 3895150 ub 4295676  time 251.925 602.981 188.68
Iteration 121  HV  cores 496 493 9  time 256.629 602.981 190.927
Iteration 122  HV  cores 505 502 9  time 260.699 602.981 193.158
Iteration 123  HV  cores 507 504 2  time 261.074 602.981 195.316
Iteration 124  HV  cores 514 511 7  time 266.062 602.981 197.519
Iteration 125 MHV  lb 3895151 ub 4295675  time 266.075 965.117 197.519
Iteration 126  HV  cores 523 520 9  time 272.368 965.117 199.795
Iteration 127  HV  cores 531 528 8  time 276.447 965.117 202.059
Iteration 128  HV  cores 533 530 2  time 276.764 965.117 204.295
Iteration 129 MHV  lb 3895152 ub 4293678  time 276.772 1795.9 204.295
Iteration 130  HV  cores 540 537 7  time 284.881 1795.9 206.578
Iteration 131  HV  cores 549 546 9  time 287.498 1795.9 208.819
Iteration 132  HV  cores 558 555 9  time 291.21 1795.9 211.05
Iteration 133 MHV  lb 3895153 ub 4293088  time 291.223 2356.1 211.05
Iteration 134  HV  cores 567 564 9  time 294.071 2356.1 213.302
Iteration 135  HV  cores 576 573 9  time 300.839 2356.1 215.54
