lb 4033878 ub 7076926 before adjustment
lb 0 ub 3043048 after adjustment
costs ready
31 variables 286 functions 4033878 lb, 3043048 ub
Iteration 0  HV  cores 1 1 1  time 0.004057 0 0
Iteration 1  HV  cores 2 2 1  time 0.005983 0 0
Iteration 2  HV  cores 3 3 1  time 0.008853 0 0
Iteration 3  HV  cores 4 4 1  time 0.010449 0 0
Iteration 4  HV  cores 5 5 1  time 0.015182 0 0
Iteration 5  HV  cores 6 5 1  time 0.019308 0 0
Iteration 6  HV  cores 7 6 1  time 0.021263 0 0
Iteration 7  HV  cores 8 7 1  time 0.025427 0 0
Iteration 8  HV  cores 9 7 1  time 0.029556 0 0
Iteration 9  HV  cores 10 7 1  time 0.033474 0 0
Iteration 10  HV  cores 11 7 1  time 0.037352 0 0
Iteration 11  HV  cores 12 7 1  time 0.041204 0 0
Iteration 12  HV  cores 13 8 1  time 0.050907 0 0
Iteration 13  HV  cores 14 9 1  time 0.058622 0 0
Iteration 14  HV  cores 15 10 1  time 0.066696 0 0
Iteration 15  HV  cores 16 11 1  time 0.068198 0 0
Iteration 16  HV  cores 17 12 1  time 0.077601 0 0
Iteration 17  HV  cores 18 12 1  time 0.084454 0 0
Iteration 18  HV  cores 19 13 1  time 0.092119 0 0
Iteration 19  HV  cores 20 13 1  time 0.098181 0 0
Iteration 20  HV  cores 21 14 1  time 0.099704 0 0
Iteration 21  HV  cores 22 15 1  time 0.103847 0 0
Iteration 22  HV  cores 23 16 1  time 0.105982 0 0
Iteration 23  HV  cores 24 16 1  time 0.108011 0 0
Iteration 24  HV  cores 25 17 1  time 0.112431 0 0
Iteration 25  HV  cores 26 18 1  time 0.113916 0 0
Iteration 26  HV  cores 27 19 1  time 0.115773 0 0
Iteration 27  HV  cores 28 20 1  time 0.123295 0 0
Iteration 28  HV  cores 29 20 1  time 0.130063 0 0
Iteration 29  HV  cores 30 21 1  time 0.135454 0 0
Iteration 30  HV  cores 31 20 1  time 0.141005 0 0
Iteration 31  HV  cores 32 20 1  time 0.14636 0 0
Iteration 32  HV  cores 33 20 1  time 0.151705 0 0
Iteration 33  HV  cores 34 20 1  time 0.157115 0 0
Iteration 34  HV  cores 35 20 1  time 0.162441 0 0
Iteration 35  HV  cores 36 20 1  time 0.167784 0 0
Iteration 36  HV  cores 37 20 1  time 0.173166 0 0
Iteration 37  HV  cores 38 21 1  time 0.199564 0 0
Iteration 38  HV  cores 39 22 1  time 0.209024 0 0
Iteration 39  HV  cores 40 23 1  time 0.218533 0 0
Iteration 40  HV  cores 41 24 1  time 0.228607 0 0
Iteration 41  HV  cores 42 25 1  time 0.237634 0 0
Iteration 42  HV  cores 43 26 1  time 0.247173 0 0
Iteration 43  HV  cores 44 26 1  time 0.254686 0 0
Iteration 44  HV  cores 45 26 1  time 0.26266 0 0
Iteration 45  HV  cores 46 26 1  time 0.270914 0 0
Iteration 46  HV  cores 47 26 1  time 0.278863 0 0
Iteration 47  HV  cores 48 27 1  time 0.28943 0 0
Iteration 48 MHV  lb 4033880 ub 4033926  time 0.290042 0.031225 0
Iteration 49  HV  cores 49 28 1  time 0.292181 0.031225 0
Iteration 50  HV  cores 50 29 1  time 0.29408 0.031225 0
Iteration 51  HV  cores 51 30 1  time 0.295894 0.031225 0
Iteration 52  HV  cores 52 31 1  time 0.29767 0.031225 0
Iteration 53  HV  cores 53 32 1  time 0.299013 0.031225 0
Iteration 54  HV  cores 54 33 1  time 0.300345 0.031225 0
Iteration 55  HV  cores 55 34 1  time 0.30298 0.031225 0
Iteration 56  HV  cores 56 35 1  time 0.311326 0.031225 0
Iteration 57  HV  cores 57 35 1  time 0.313112 0.031225 0
Iteration 58  HV  cores 58 36 1  time 0.314764 0.031225 0
Iteration 59  HV  cores 59 37 1  time 0.316502 0.031225 0
Iteration 60  HV  cores 60 37 1  time 0.318224 0.031225 0
Iteration 61  HV  cores 61 37 1  time 0.31996 0.031225 0
Iteration 62  HV  cores 62 37 1  time 0.321771 0.031225 0
Iteration 63  HV  cores 63 37 1  time 0.32345 0.031225 0
Iteration 64  HV  cores 64 37 1  time 0.32515 0.031225 0
Iteration 65  HV  cores 65 38 1  time 0.328028 0.031225 0
Iteration 66 MHV  lb 4033880 ub 4033897  time 0.328598 0.065857 0
Iteration 67  HV  cores 66 39 1  time 0.330173 0.065857 0
Iteration 68  HV  cores 67 40 1  time 0.341296 0.065857 0
Iteration 69  HV  cores 68 41 1  time 0.342692 0.065857 0
Iteration 70  HV  cores 69 42 1  time 0.344031 0.065857 0
Iteration 71  HV  cores 70 43 1  time 0.346768 0.065857 0
Iteration 72  HV  cores 71 43 1  time 0.348705 0.065857 0
Iteration 73  HV  cores 72 43 1  time 0.350467 0.065857 0
Iteration 74  HV  cores 73 44 1  time 0.352185 0.065857 0
Iteration 75  HV  cores 74 43 1  time 0.353891 0.065857 0
Iteration 76  HV  cores 75 43 1  time 0.355544 0.065857 0
Iteration 77  HV  cores 76 43 1  time 0.357198 0.065857 0
Iteration 78  HV  cores 77 43 1  time 0.358884 0.065857 0
Iteration 79  HV  cores 78 44 1  time 0.360546 0.065857 0
Iteration 80  HV  cores 79 44 1  time 0.36302 0.065857 0
Iteration 81 MHV  lb 4033880 ub 4033894  time 0.36356 0.101787 0
Iteration 82  HV  cores 80 45 1  time 0.364993 0.101787 0
Iteration 83  HV  cores 81 45 1  time 0.366933 0.101787 0
Iteration 84  HV  cores 82 45 1  time 0.368288 0.101787 0
Iteration 85  HV  cores 83 45 1  time 0.369652 0.101787 0
Iteration 86  HV  cores 84 46 1  time 0.371421 0.101787 0
Iteration 87  HV  cores 85 47 1  time 0.373312 0.101787 0
Iteration 88  HV  cores 86 46 1  time 0.375109 0.101787 0
Iteration 89  HV  cores 87 46 1  time 0.376788 0.101787 0
Iteration 90  HV  cores 88 47 1  time 0.37859 0.101787 0
Iteration 91  HV  cores 89 47 1  time 0.380257 0.101787 0
Iteration 92  HV  cores 90 47 1  time 0.381961 0.101787 0
Iteration 93  HV  cores 91 47 1  time 0.383726 0.101787 0
Iteration 94  HV  cores 92 47 1  time 0.385533 0.101787 0
Iteration 95  HV  cores 93 47 1  time 0.38721 0.101787 0
Iteration 96 MHV  lb 4033880 ub 4033894  time 0.387752 0.140931 0
Iteration 97  HV  cores 94 47 1  time 0.389211 0.140931 0
Iteration 98  HV  cores 95 47 1  time 0.39299 0.140931 0
Iteration 99  HV  cores 96 47 1  time 0.394387 0.140931 0
Iteration 100  HV  cores 97 47 1  time 0.395715 0.140931 0
Iteration 101  HV  cores 98 47 1  time 0.397502 0.140931 0
Iteration 102  HV  cores 99 48 1  time 0.399252 0.140931 0
Iteration 103  HV  cores 100 47 1  time 0.400969 0.140931 0
Iteration 104  HV  cores 101 47 1  time 0.402841 0.140931 0
Iteration 105  HV  cores 102 48 1  time 0.404529 0.140931 0
Iteration 106  HV  cores 103 48 1  time 0.406252 0.140931 0
Iteration 107  HV  cores 104 48 1  time 0.407929 0.140931 0
Iteration 108  HV  cores 105 48 1  time 0.409618 0.140931 0
Iteration 109  HV  cores 106 48 1  time 0.4113 0.140931 0
Iteration 110  HV  cores 107 47 1  time 0.412991 0.140931 0
Iteration 111  HV  cores 108 48 1  time 0.415643 0.140931 0
Iteration 112 MHV  lb 4033880 ub 4033894  time 0.41619 0.180826 0
Iteration 113  HV  cores 109 49 1  time 0.417614 0.180826 0
Iteration 114  HV  cores 110 50 1  time 0.419981 0.180826 0
Iteration 115  HV  cores 111 51 1  time 0.421333 0.180826 0
Iteration 116  HV  cores 112 52 1  time 0.422703 0.180826 0
Iteration 117  HV  cores 113 53 1  time 0.425076 0.180826 0
Iteration 118  HV  cores 114 53 1  time 0.426797 0.180826 0
Iteration 119  HV  cores 115 53 1  time 0.428471 0.180826 0
Iteration 120  HV  cores 116 53 1  time 0.430165 0.180826 0
Iteration 121  HV  cores 117 53 1  time 0.431844 0.180826 0
Iteration 122  HV  cores 118 52 1  time 0.433515 0.180826 0
Iteration 123  HV  cores 119 52 1  time 0.435213 0.180826 0
Iteration 124  HV  cores 120 51 1  time 0.436882 0.180826 0
Iteration 125  HV  cores 121 51 1  time 0.438572 0.180826 0
Iteration 126 MHV  lb 4033880 ub 4033893  time 0.439115 0.223889 0
Iteration 127 MHV  lb 4033880 ub 4033880  time 0.439699 0.22476 0
Optimal value: 4033880
Real time: 0.717678
CPU time: 0.705665
