lb 10460357 ub 24436312 before adjustment
lb 0 ub 13975955 after adjustment
costs ready
63 variables 1505 functions 10460357 lb, 13975955 ub
Iteration 0  HV  cores 11 11 11  time 0.804808 0 0.008358
Iteration 1 MHV  lb 10460368 ub 24436311  time 0.808337 0.109172 0.008358
Iteration 2  HV  cores 21 21 10  time 1.56906 0.109172 0.03407
Iteration 3  HV  cores 32 32 11  time 2.979 0.109172 0.105811
Iteration 4 MHV  lb 10460368 ub 16482720  time 2.98282 0.251214 0.105811
Iteration 5  HV  cores 42 42 10  time 4.29731 0.251214 0.435069
Iteration 6 MHV  lb 10460375 ub 13675286  time 4.30117 0.407824 0.435069
Iteration 7  HV  cores 51 51 9  time 5.10742 0.407824 0.839034
Iteration 8  HV  cores 59 59 8  time 6.15909 0.407824 1.24303
Iteration 9 MHV  lb 10460383 ub 12053102  time 6.16322 0.602244 1.24303
Iteration 10  HV  cores 68 68 9  time 6.80454 0.602244 1.68554
Iteration 11  HV  cores 75 75 7  time 8.81 0.602244 2.10753
Iteration 12  HV  cores 76 76 1  time 8.83516 0.602244 2.52672
Iteration 13 MHV  lb 10460390 ub 11185715  time 8.83888 0.837135 2.52672
Iteration 14  HV  cores 85 85 9  time 9.97487 0.837135 2.98588
Iteration 15  HV  cores 89 89 4  time 10.7151 0.837135 3.43794
Iteration 16  HV  cores 91 91 2  time 10.8302 0.837135 3.89127
Iteration 17  HV  cores 93 93 2  time 10.9258 0.837135 4.34521
Iteration 18  HV  cores 95 95 2  time 11.0191 0.837135 4.8004
Iteration 19  HV  cores 97 97 2  time 11.1552 0.837135 5.25546
Iteration 20  HV  cores 99 99 2  time 11.261 0.837135 5.71315
Iteration 21  HV  cores 100 100 1  time 11.3218 0.837135 6.17143
Iteration 22  HV  cores 101 101 1  time 11.3423 0.837135 6.63085
Iteration 23  HV  cores 102 102 1  time 11.396 0.837135 7.09006
Iteration 24  HV  cores 103 103 1  time 11.4183 0.837135 7.55081
Iteration 25  HV  cores 104 104 1  time 11.4461 0.837135 8.01188
Iteration 26  HV  cores 105 105 1  time 11.5735 0.837135 8.47902
Iteration 27 MHV  lb 10460400 ub 10787267  time 11.5794 1.13766 8.47902
Iteration 28  HV  cores 114 114 9  time 12.6806 1.13766 9.05563
Iteration 29  HV  cores 117 117 3  time 13.112 1.13766 9.62534
Iteration 30  HV  cores 119 119 2  time 13.377 1.13766 10.176
Iteration 31  HV  cores 126 126 7  time 14.1232 1.13766 10.7479
Iteration 32  HV  cores 129 129 3  time 14.2301 1.13766 11.316
Iteration 33  HV  cores 132 132 3  time 14.4742 1.13766 11.8926
Iteration 34  HV  cores 142 141 10  time 15.4374 1.13766 12.4661
Iteration 35  HV  cores 146 145 4  time 15.8782 1.13766 13.0553
Iteration 36  HV  cores 149 148 3  time 16.2371 1.13766 13.6444
Iteration 37  HV  cores 152 151 3  time 16.666 1.13766 14.2363
Iteration 38  HV  cores 154 153 2  time 16.7899 1.13766 14.8292
Iteration 39  HV  cores 160 159 6  time 17.8161 1.13766 15.4356
Iteration 40  HV  cores 169 168 9  time 18.8021 1.13766 16.0389
Iteration 41  HV  cores 172 171 3  time 18.9605 1.13766 16.6504
Iteration 42  HV  cores 181 180 9  time 20.3905 1.13766 17.2604
Iteration 43  HV  cores 184 183 3  time 20.6375 1.13766 17.8717
Iteration 44  HV  cores 188 187 4  time 20.8017 1.13766 18.4781
Iteration 45  HV  cores 191 190 3  time 21.118 1.13766 19.0955
Iteration 46  HV  cores 198 197 7  time 21.8179 1.13766 19.7165
Iteration 47  HV  cores 207 206 9  time 23.2707 1.13766 20.3326
Iteration 48  HV  cores 212 211 5  time 23.9424 1.13766 20.9604
Iteration 49  HV  cores 222 221 10  time 25.2862 1.13766 21.5838
Iteration 50  HV  cores 225 224 3  time 25.6811 1.13766 22.2178
Iteration 51  HV  cores 234 233 9  time 26.4665 1.13766 22.8466
Iteration 52  HV  cores 238 237 4  time 26.7832 1.13766 23.4645
Iteration 53  HV  cores 241 240 3  time 27.0355 1.13766 24.0857
Iteration 54  HV  cores 247 246 6  time 27.6716 1.13766 24.7115
Iteration 55  HV  cores 250 249 3  time 27.9208 1.13766 25.339
Iteration 56  HV  cores 253 252 3  time 28.0555 1.13766 25.9702
Iteration 57  HV  cores 254 253 1  time 28.1729 1.13766 26.6027
Iteration 58  HV  cores 258 257 4  time 28.4472 1.13766 27.2404
Iteration 59  HV  cores 260 259 2  time 28.5583 1.13766 27.88
Iteration 60  HV  cores 263 262 3  time 28.7363 1.13766 28.5219
Iteration 61  HV  cores 265 264 2  time 28.8878 1.13766 29.1643
Iteration 62  HV  cores 267 266 2  time 28.9673 1.13766 29.8117
Iteration 63  HV  cores 270 269 3  time 29.0908 1.13766 30.471
Iteration 64  HV  cores 279 278 9  time 30.0204 1.13766 31.1231
Iteration 65  HV  cores 282 281 3  time 30.1762 1.13766 31.7771
Iteration 66  HV  cores 286 285 4  time 30.3649 1.13766 32.4352
Iteration 67  HV  cores 288 287 2  time 30.6157 1.13766 33.0991
Iteration 68  HV  cores 291 290 3  time 31.0348 1.13766 33.7691
Iteration 69  HV  cores 294 293 3  time 31.5119 1.13766 34.4505
Iteration 70  HV  cores 303 302 9  time 32.5739 1.13766 35.1346
Iteration 71  HV  cores 313 312 10  time 33.5922 1.13766 35.8115
Iteration 72  HV  cores 316 315 3  time 33.825 1.13766 36.4897
Iteration 73  HV  cores 319 317 3  time 33.9859 1.13766 37.1705
Iteration 74  HV  cores 321 319 2  time 34.1023 1.13766 37.8662
Iteration 75  HV  cores 328 326 7  time 34.8481 1.13766 38.5553
Iteration 76  HV  cores 334 332 6  time 35.1239 1.13766 39.2505
Iteration 77  HV  cores 335 333 1  time 35.163 1.13766 39.9528
Iteration 78  HV  cores 339 337 4  time 35.32 1.13766 40.6515
Iteration 79  HV  cores 344 342 5  time 35.5765 1.13766 41.3632
Iteration 80  HV  cores 353 351 9  time 36.4035 1.13766 42.0675
Iteration 81  HV  cores 355 353 2  time 36.5422 1.13766 42.7739
Iteration 82  HV  cores 359 357 4  time 36.6689 1.13766 43.494
Iteration 83  HV  cores 369 367 10  time 38.0232 1.13766 44.2075
Iteration 84  HV  cores 372 370 3  time 38.2823 1.13766 44.9265
Iteration 85  HV  cores 374 372 2  time 38.3439 1.13766 45.6426
Iteration 86  HV  cores 376 374 2  time 38.4106 1.13766 46.362
Iteration 87  HV  cores 379 377 3  time 38.5479 1.13766 47.0874
Iteration 88  HV  cores 382 380 3  time 38.6277 1.13766 47.8138
Iteration 89  HV  cores 387 385 5  time 38.888 1.13766 48.5438
Iteration 90  HV  cores 390 388 3  time 39.0841 1.13766 49.2774
Iteration 91  HV  cores 393 391 3  time 39.288 1.13766 50.0112
Iteration 92  HV  cores 396 394 3  time 39.4343 1.13766 50.7454
Iteration 93  HV  cores 401 399 5  time 39.9031 1.13766 51.4827
Iteration 94  HV  cores 404 402 3  time 40.0025 1.13766 52.2242
Iteration 95  HV  cores 407 405 3  time 40.3369 1.13766 52.968
Iteration 96  HV  cores 410 408 3  time 40.5178 1.13766 53.7269
Iteration 97  HV  cores 420 418 10  time 41.4525 1.13766 54.4884
Iteration 98  HV  cores 430 428 10  time 42.498 1.13766 55.2415
Iteration 99  HV  cores 433 431 3  time 42.7131 1.13766 56.002
Iteration 100  HV  cores 436 434 3  time 42.8217 1.13766 56.763
Iteration 101  HV  cores 438 436 2  time 43.1256 1.13766 57.524
Iteration 102  HV  cores 441 439 3  time 43.193 1.13766 58.2883
Iteration 103  HV  cores 442 440 1  time 43.2248 1.13766 59.0536
Iteration 104  HV  cores 444 442 2  time 43.3005 1.13766 59.8204
Iteration 105  HV  cores 447 445 3  time 43.3808 1.13766 60.5921
Iteration 106  HV  cores 449 447 2  time 43.4471 1.13766 61.3623
Iteration 107  HV  cores 452 450 3  time 43.7258 1.13766 62.1399
Iteration 108  HV  cores 454 452 2  time 43.8004 1.13766 62.9146
Iteration 109  HV  cores 457 455 3  time 43.9427 1.13766 63.6925
Iteration 110  HV  cores 459 457 2  time 44.0162 1.13766 64.485
Iteration 111  HV  cores 468 466 9  time 44.8189 1.13766 65.2693
Iteration 112  HV  cores 470 468 2  time 44.8911 1.13766 66.0568
Iteration 113  HV  cores 472 470 2  time 45.0094 1.13766 66.8437
Iteration 114  HV  cores 474 472 2  time 45.1483 1.13766 67.6337
Iteration 115  HV  cores 478 474 4  time 45.5013 1.13766 68.4244
Iteration 116  HV  cores 482 478 4  time 45.7012 1.13766 69.22
Iteration 117  HV  cores 486 482 4  time 45.9041 1.13766 70.0183
Iteration 118  HV  cores 490 486 4  time 46.0462 1.13766 70.8187
Iteration 119  HV  cores 492 488 2  time 46.1627 1.13766 71.6335
Iteration 120  HV  cores 501 497 9  time 50.6585 1.13766 72.4395
Iteration 121  HV  cores 505 501 4  time 50.7545 1.13766 73.2498
Iteration 122  HV  cores 508 504 3  time 50.8129 1.13766 74.0732
Iteration 123  HV  cores 518 514 10  time 51.7211 1.13766 74.9022
Iteration 124  HV  cores 526 521 8  time 52.4296 1.13766 75.7305
Iteration 125  HV  cores 534 529 8  time 53.2474 1.13766 76.5633
Iteration 126  HV  cores 544 539 10  time 54.0364 1.13766 77.3857
Iteration 127  HV  cores 547 542 3  time 54.1225 1.13766 78.2121
Iteration 128  HV  cores 551 546 4  time 54.3214 1.13766 79.0531
Iteration 129  HV  cores 559 554 8  time 55.2517 1.13766 79.8972
Iteration 130  HV  cores 567 562 8  time 55.8747 1.13766 80.7442
Iteration 131  HV  cores 569 564 2  time 56.0032 1.13766 81.5979
Iteration 132  HV  cores 579 574 10  time 57.1583 1.13766 82.4396
Iteration 133  HV  cores 580 575 1  time 57.2118 1.13766 83.2938
Iteration 134  HV  cores 588 583 8  time 57.8469 1.13766 84.1551
Iteration 135  HV  cores 595 590 7  time 58.4306 1.13766 85.0173
Iteration 136  HV  cores 604 599 9  time 59.2505 1.13766 85.8699
Iteration 137  HV  cores 607 602 3  time 59.3427 1.13766 86.7349
Iteration 138  HV  cores 615 610 8  time 60.112 1.13766 87.5913
Iteration 139  HV  cores 619 614 4  time 60.4218 1.13766 88.4615
Iteration 140  HV  cores 628 623 9  time 61.6982 1.13766 89.3234
Iteration 141  HV  cores 633 628 5  time 61.9184 1.13766 90.204
Iteration 142  HV  cores 642 637 9  time 62.9696 1.13766 91.0855
Iteration 143  HV  cores 652 647 10  time 64.7879 1.13766 91.956
Iteration 144  HV  cores 655 650 3  time 64.9807 1.13766 92.8428
Iteration 145  HV  cores 666 661 11  time 66.379 1.13766 93.731
Iteration 146  HV  cores 675 670 9  time 67.5118 1.13766 94.5965
Iteration 147  HV  cores 678 673 3  time 67.6271 1.13766 95.4768
Iteration 148  HV  cores 688 683 10  time 68.4727 1.13766 96.346
Iteration 149  HV  cores 691 686 3  time 68.5448 1.13766 97.2189
Iteration 150  HV  cores 696 691 5  time 68.8373 1.13766 98.1065
Iteration 151  HV  cores 706 701 10  time 69.8714 1.13766 98.9832
Iteration 152  HV  cores 709 704 3  time 69.9976 1.13766 99.8633
Iteration 153  HV  cores 712 707 3  time 70.1745 1.13766 100.749
Iteration 154  HV  cores 716 711 4  time 70.4677 1.13766 101.636
Iteration 155  HV  cores 720 715 4  time 70.6831 1.13766 102.531
Iteration 156  HV  cores 724 719 4  time 70.8218 1.13766 103.423
Iteration 157  HV  cores 726 721 2  time 70.9023 1.13766 104.317
Iteration 158  HV  cores 731 726 5  time 71.1916 1.13766 105.215
Iteration 159  HV  cores 733 728 2  time 71.2379 1.13766 106.117
Iteration 160  HV  cores 736 731 3  time 71.3749 1.13766 107.018
Iteration 161  HV  cores 739 734 3  time 71.5148 1.13766 107.933
Iteration 162  HV  cores 749 743 10  time 72.2516 1.13766 108.854
Iteration 163  HV  cores 758 752 9  time 73.6256 1.13766 109.782
Iteration 164  HV  cores 766 760 8  time 74.3234 1.13766 110.712
Iteration 165  HV  cores 776 770 10  time 75.2338 1.13766 111.646
Iteration 166  HV  cores 787 781 11  time 76.2158 1.13766 112.583
Iteration 167  HV  cores 796 790 9  time 77.1413 1.13766 113.521
Iteration 168  HV  cores 804 798 8  time 77.6202 1.13766 114.444
Iteration 169  HV  cores 808 802 4  time 77.7203 1.13766 115.383
Iteration 170  HV  cores 816 810 8  time 78.5197 1.13766 116.308
Iteration 171  HV  cores 818 812 2  time 78.6154 1.13766 117.252
Iteration 172  HV  cores 829 823 11  time 79.9958 1.13766 118.183
Iteration 173  HV  cores 833 827 4  time 80.5807 1.13766 119.127
Iteration 174  HV  cores 840 834 7  time 81.0482 1.13766 120.06
Iteration 175  HV  cores 843 837 3  time 81.1902 1.13766 121.009
Iteration 176  HV  cores 852 846 9  time 82.0848 1.13766 121.963
Iteration 177  HV  cores 860 854 8  time 82.673 1.13766 122.906
Iteration 178  HV  cores 863 857 3  time 82.8147 1.13766 123.85
Iteration 179  HV  cores 866 860 3  time 82.9852 1.13766 124.812
Iteration 180  HV  cores 875 869 9  time 83.8668 1.13766 125.757
Iteration 181  HV  cores 879 873 4  time 84.0902 1.13766 126.707
Iteration 182  HV  cores 882 876 3  time 84.2046 1.13766 127.678
Iteration 183  HV  cores 893 887 11  time 85.2744 1.13766 128.651
Iteration 184  HV  cores 903 897 10  time 86.0745 1.13766 129.625
Iteration 185  HV  cores 912 906 9  time 86.7577 1.13766 130.592
Iteration 186  HV  cores 915 909 3  time 86.8644 1.13766 131.559
Iteration 187  HV  cores 919 913 4  time 87.0276 1.13766 132.545
Iteration 188  HV  cores 928 922 9  time 87.8189 1.13766 133.518
Iteration 189  HV  cores 932 926 4  time 87.9789 1.13766 134.491
Iteration 190  HV  cores 937 931 5  time 88.3232 1.13766 135.469
Iteration 191  HV  cores 940 934 3  time 88.3726 1.13766 136.461
Iteration 192  HV  cores 950 944 10  time 89.2996 1.13766 137.457
Iteration 193  HV  cores 961 955 11  time 90.1217 1.13766 138.447
Iteration 194  HV  cores 966 960 5  time 90.6177 1.13766 139.433
Iteration 195  HV  cores 969 963 3  time 90.9599 1.13766 140.422
Iteration 196  HV  cores 972 966 3  time 91.1013 1.13766 141.413
Iteration 197  HV  cores 976 970 4  time 91.4284 1.13766 142.407
Iteration 198  HV  cores 981 975 5  time 91.6187 1.13766 143.421
Iteration 199  HV  cores 990 984 9  time 92.3335 1.13766 144.432
Iteration 200  HV  cores 1000 993 10  time 93.134 1.13766 145.436
Iteration 201  HV  cores 1003 996 3  time 93.1939 1.13766 146.453
Iteration 202  HV  cores 1012 1005 9  time 93.9163 1.13766 147.462
Iteration 203  HV  cores 1014 1007 2  time 93.9715 1.13766 148.49
Iteration 204  HV  cores 1023 1016 9  time 94.5057 1.13766 149.524
Iteration 205  HV  cores 1034 1027 11  time 95.5245 1.13766 150.525
Iteration 206  HV  cores 1039 1032 5  time 95.8792 1.13766 151.533
Iteration 207  HV  cores 1043 1036 4  time 96.0428 1.13766 152.55
Iteration 208  HV  cores 1054 1047 11  time 96.8632 1.13766 153.568
Iteration 209  HV  cores 1063 1056 9  time 97.7786 1.13766 154.568
Iteration 210  HV  cores 1067 1060 4  time 98.0466 1.13766 155.591
Iteration 211  HV  cores 1075 1068 8  time 98.6941 1.13766 156.599
Iteration 212  HV  cores 1079 1072 4  time 98.8964 1.13766 157.61
Iteration 213  HV  cores 1081 1074 2  time 98.936 1.13766 158.639
Iteration 214  HV  cores 1089 1082 8  time 99.3064 1.13766 159.672
Iteration 215  HV  cores 1098 1091 9  time 99.8615 1.13766 160.704
Iteration 216  HV  cores 1106 1099 8  time 100.349 1.13766 161.741
Iteration 217  HV  cores 1116 1109 10  time 101.344 1.13766 162.763
Iteration 218  HV  cores 1120 1113 4  time 101.657 1.13766 163.79
Iteration 219  HV  cores 1126 1119 6  time 101.81 1.13766 164.819
Iteration 220  HV  cores 1130 1123 4  time 101.938 1.13766 165.86
Iteration 221  HV  cores 1139 1132 9  time 102.658 1.13766 166.904
Iteration 222  HV  cores 1148 1141 9  time 103.353 1.13766 167.934
Iteration 223  HV  cores 1151 1144 3  time 103.447 1.13766 168.967
Iteration 224  HV  cores 1154 1147 3  time 103.652 1.13766 170.021
Iteration 225  HV  cores 1164 1157 10  time 104.364 1.13766 171.056
Iteration 226  HV  cores 1167 1160 3  time 104.468 1.13766 172.113
Iteration 227  HV  cores 1175 1168 8  time 105.549 1.13766 173.17
Iteration 228  HV  cores 1184 1177 9  time 106.011 1.13766 174.214
Iteration 229  HV  cores 1188 1181 4  time 106.107 1.13766 175.252
Iteration 230  HV  cores 1192 1185 4  time 106.206 1.13766 176.308
Iteration 231  HV  cores 1203 1196 11  time 107.076 1.13766 177.352
Iteration 232  HV  cores 1206 1199 3  time 107.337 1.13766 178.412
Iteration 233  HV  cores 1216 1209 10  time 108.01 1.13766 179.439
Iteration 234  HV  cores 1220 1213 4  time 108.133 1.13766 180.483
Iteration 235  HV  cores 1230 1223 10  time 109.004 1.13766 181.534
Iteration 236  HV  cores 1238 1230 8  time 109.828 1.13766 182.582
Iteration 237  HV  cores 1249 1241 11  time 110.877 1.13766 183.635
Iteration 238  HV  cores 1258 1250 9  time 111.908 1.13766 184.69
Iteration 239  HV  cores 1267 1259 9  time 112.522 1.13766 185.774
Iteration 240  HV  cores 1274 1266 7  time 113.238 1.13766 186.86
Iteration 241  HV  cores 1282 1274 8  time 113.816 1.13766 187.908
Iteration 242  HV  cores 1285 1277 3  time 114.075 1.13766 188.972
Iteration 243  HV  cores 1295 1286 10  time 114.611 1.13766 190.065
Iteration 244  HV  cores 1305 1296 10  time 115.7 1.13766 191.16
Iteration 245  HV  cores 1315 1306 10  time 116.314 1.13766 192.242
Iteration 246  HV  cores 1318 1309 3  time 116.521 1.13766 193.326
Iteration 247  HV  cores 1321 1312 3  time 116.657 1.13766 194.409
Iteration 248  HV  cores 1325 1316 4  time 116.913 1.13766 195.5
Iteration 249  HV  cores 1330 1321 5  time 117.276 1.13766 196.607
Iteration 250  HV  cores 1339 1330 9  time 118.021 1.13766 197.72
Iteration 251  HV  cores 1348 1339 9  time 119.175 1.13766 198.822
Iteration 252  HV  cores 1351 1342 3  time 119.248 1.13766 199.939
Iteration 253  HV  cores 1361 1352 10  time 120.381 1.13766 201.042
Iteration 254  HV  cores 1365 1356 4  time 120.606 1.13766 202.156
Iteration 255  HV  cores 1371 1362 6  time 120.813 1.13766 203.284
Iteration 256  HV  cores 1378 1369 7  time 121.49 1.13766 204.407
Iteration 257  HV  cores 1387 1377 9  time 122.275 1.13766 205.491
Iteration 258  HV  cores 1389 1379 2  time 122.343 1.13766 206.594
Iteration 259  HV  cores 1400 1390 11  time 123.169 1.13766 207.724
Iteration 260  HV  cores 1409 1399 9  time 123.675 1.13766 208.841
Iteration 261  HV  cores 1413 1403 4  time 123.781 1.13766 209.952
Iteration 262  HV  cores 1424 1414 11  time 124.367 1.13766 211.063
Iteration 263  HV  cores 1433 1423 9  time 125.198 1.13766 212.183
Iteration 264  HV  cores 1443 1433 10  time 126.109 1.13766 213.304
Iteration 265  HV  cores 1453 1443 10  time 126.945 1.13766 214.429
Iteration 266  HV  cores 1461 1451 8  time 127.31 1.13766 215.532
Iteration 267  HV  cores 1465 1455 4  time 127.516 1.13766 216.642
Iteration 268  HV  cores 1468 1458 3  time 132.772 1.13766 217.771
Iteration 269  HV  cores 1476 1466 8  time 133.505 1.13766 218.908
Iteration 270  HV  cores 1485 1475 9  time 133.954 1.13766 220.047
Iteration 271  HV  cores 1494 1484 9  time 134.779 1.13766 221.186
Iteration 272  HV  cores 1504 1494 10  time 135.399 1.13766 222.323
Iteration 273  HV  cores 1511 1501 7  time 136.228 1.13766 223.442
Iteration 274  HV  cores 1514 1504 3  time 136.327 1.13766 224.58
Iteration 275  HV  cores 1523 1513 9  time 137.073 1.13766 225.724
Iteration 276  HV  cores 1531 1521 8  time 137.667 1.13766 226.855
Iteration 277  HV  cores 1535 1525 4  time 137.94 1.13766 228.002
Iteration 278  HV  cores 1543 1533 8  time 138.489 1.13766 229.152
Iteration 279  HV  cores 1553 1543 10  time 138.913 1.13766 230.289
Iteration 280  HV  cores 1557 1547 4  time 139.186 1.13766 231.448
Iteration 281  HV  cores 1566 1556 9  time 139.771 1.13766 232.588
Iteration 282  HV  cores 1569 1559 3  time 139.847 1.13766 233.746
Iteration 283  HV  cores 1577 1567 8  time 140.491 1.13766 234.91
Iteration 284  HV  cores 1585 1575 8  time 140.962 1.13766 236.056
Iteration 285  HV  cores 1587 1577 2  time 141.003 1.13766 237.223
Iteration 286  HV  cores 1597 1587 10  time 141.75 1.13766 238.39
Iteration 287  HV  cores 1605 1595 8  time 142.277 1.13766 239.54
Iteration 288  HV  cores 1609 1599 4  time 142.407 1.13766 240.713
Iteration 289  HV  cores 1617 1607 8  time 143.056 1.13766 241.892
Iteration 290  HV  cores 1627 1617 10  time 143.757 1.13766 243.072
Iteration 291  HV  cores 1637 1627 10  time 144.284 1.13766 244.253
Iteration 292  HV  cores 1646 1636 9  time 145.324 1.13766 245.418
Iteration 293  HV  cores 1649 1639 3  time 145.446 1.13766 246.613
Iteration 294  HV  cores 1659 1649 10  time 146.079 1.13766 247.804
Iteration 295  HV  cores 1668 1658 9  time 146.77 1.13766 248.978
Iteration 296  HV  cores 1673 1663 5  time 146.951 1.13766 250.157
Iteration 297  HV  cores 1676 1666 3  time 147.086 1.13766 251.356
Iteration 298  HV  cores 1686 1675 10  time 147.722 1.13766 252.543
Iteration 299  HV  cores 1691 1680 5  time 147.884 1.13766 253.728
Iteration 300  HV  cores 1695 1684 4  time 148.093 1.13766 254.932
Iteration 301  HV  cores 1704 1693 9  time 148.911 1.13766 256.119
Iteration 302  HV  cores 1708 1697 4  time 149.168 1.13766 257.317
Iteration 303  HV  cores 1712 1701 4  time 149.283 1.13766 258.524
Iteration 304  HV  cores 1719 1708 7  time 149.832 1.13766 259.757
Iteration 305  HV  cores 1727 1716 8  time 150.232 1.13766 260.993
Iteration 306  HV  cores 1735 1724 8  time 150.871 1.13766 262.236
Iteration 307  HV  cores 1746 1734 11  time 151.632 1.13766 263.485
Iteration 308  HV  cores 1755 1743 9  time 152.195 1.13766 264.736
Iteration 309  HV  cores 1763 1751 8  time 152.757 1.13766 265.987
Iteration 310  HV  cores 1772 1760 9  time 153.462 1.13766 267.247
Iteration 311  HV  cores 1781 1769 9  time 154.246 1.13766 268.507
Iteration 312  HV  cores 1789 1777 8  time 155.007 1.13766 269.738
Iteration 313  HV  cores 1799 1787 10  time 156.069 1.13766 270.98
Iteration 314  HV  cores 1803 1791 4  time 156.279 1.13766 272.247
Iteration 315  HV  cores 1813 1801 10  time 157.101 1.13766 273.493
Iteration 316  HV  cores 1817 1805 4  time 157.219 1.13766 274.762
Iteration 317  HV  cores 1825 1813 8  time 157.643 1.13766 276.031
Iteration 318  HV  cores 1833 1821 8  time 158.191 1.13766 277.308
Iteration 319  HV  cores 1841 1828 8  time 158.608 1.13766 278.573
Iteration 320  HV  cores 1844 1831 3  time 158.714 1.13766 279.849
Iteration 321  HV  cores 1852 1839 8  time 159.557 1.13766 281.125
Iteration 322  HV  cores 1859 1846 7  time 159.887 1.13766 282.401
Iteration 323  HV  cores 1869 1856 10  time 160.49 1.13766 283.669
Iteration 324  HV  cores 1873 1860 4  time 160.676 1.13766 284.952
Iteration 325  HV  cores 1882 1869 9  time 161.516 1.13766 286.235
Iteration 326  HV  cores 1891 1878 9  time 161.981 1.13766 287.523
Iteration 327  HV  cores 1899 1886 8  time 162.403 1.13766 288.814
Iteration 328  HV  cores 1911 1898 12  time 163.332 1.13766 290.083
Iteration 329  HV  cores 1915 1902 4  time 163.561 1.13766 291.375
Iteration 330  HV  cores 1923 1910 8  time 164.107 1.13766 292.673
Iteration 331  HV  cores 1931 1918 8  time 164.835 1.13766 293.974
Iteration 332  HV  cores 1940 1927 9  time 165.482 1.13766 295.258
Iteration 333  HV  cores 1945 1932 5  time 165.739 1.13766 296.567
Iteration 334  HV  cores 1954 1941 9  time 166.247 1.13766 297.86
Iteration 335  HV  cores 1958 1945 4  time 166.406 1.13766 299.168
Iteration 336  HV  cores 1968 1955 10  time 167.088 1.13766 300.479
Iteration 337  HV  cores 1976 1963 8  time 167.51 1.13766 301.791
Iteration 338  HV  cores 1985 1972 9  time 167.98 1.13766 303.117
Iteration 339  HV  cores 1994 1981 9  time 168.417 1.13766 304.481
Iteration 340  HV  cores 2002 1989 8  time 169.066 1.13766 305.842
Iteration 341  HV  cores 2010 1997 8  time 169.613 1.13766 307.2
Iteration 342  HV  cores 2019 2006 9  time 169.831 1.13766 308.567
Iteration 343  HV  cores 2026 2013 7  time 170.362 1.13766 309.936
Iteration 344  HV  cores 2035 2022 9  time 170.847 1.13766 311.295
Iteration 345  HV  cores 2044 2030 9  time 171.38 1.13766 312.662
Iteration 346  HV  cores 2054 2040 10  time 172.127 1.13766 314.019
Iteration 347  HV  cores 2058 2044 4  time 172.253 1.13766 315.401
Iteration 348  HV  cores 2067 2053 9  time 173.272 1.13766 316.781
Iteration 349  HV  cores 2076 2062 9  time 173.742 1.13766 318.156
Iteration 350  HV  cores 2084 2070 8  time 174.195 1.13766 319.534
Iteration 351  HV  cores 2092 2078 8  time 174.574 1.13766 320.916
Iteration 352  HV  cores 2099 2085 7  time 175.274 1.13766 322.31
Iteration 353  HV  cores 2108 2094 9  time 175.91 1.13766 323.696
Iteration 354  HV  cores 2116 2102 8  time 176.29 1.13766 325.087
Iteration 355  HV  cores 2125 2111 9  time 176.988 1.13766 326.483
Iteration 356  HV  cores 2137 2123 12  time 177.786 1.13766 327.86
Iteration 357  HV  cores 2141 2127 4  time 177.914 1.13766 329.269
Iteration 358  HV  cores 2150 2136 9  time 178.421 1.13766 330.679
Iteration 359  HV  cores 2158 2144 8  time 178.92 1.13766 332.065
Iteration 360  HV  cores 2162 2148 4  time 179.068 1.13766 333.478
Iteration 361  HV  cores 2170 2156 8  time 179.741 1.13766 334.9
Iteration 362  HV  cores 2179 2165 9  time 180.863 1.13766 336.318
Iteration 363  HV  cores 2187 2173 8  time 181.608 1.13766 337.737
Iteration 364  HV  cores 2197 2183 10  time 182.269 1.13766 339.153
Iteration 365  HV  cores 2206 2192 9  time 182.739 1.13766 340.574
Iteration 366  HV  cores 2215 2201 9  time 183.34 1.13766 341.997
Iteration 367  HV  cores 2223 2209 8  time 183.811 1.13766 343.434
Iteration 368  HV  cores 2232 2218 9  time 184.451 1.13766 344.855
Iteration 369  HV  cores 2236 2222 4  time 184.679 1.13766 346.298
Iteration 370  HV  cores 2245 2231 9  time 185.364 1.13766 347.698
Iteration 371  HV  cores 2252 2238 7  time 185.629 1.13766 349.142
Iteration 372  HV  cores 2261 2247 9  time 186.265 1.13766 350.585
Iteration 373  HV  cores 2270 2256 9  time 186.82 1.13766 352.034
Iteration 374  HV  cores 2278 2264 8  time 187.171 1.13766 353.48
Iteration 375  HV  cores 2286 2272 8  time 187.381 1.13766 354.924
Iteration 376  HV  cores 2295 2281 9  time 188.157 1.13766 356.335
Iteration 377  HV  cores 2303 2289 8  time 188.694 1.13766 357.727
Iteration 378  HV  cores 2307 2293 4  time 188.951 1.13766 359.154
Iteration 379  HV  cores 2316 2302 9  time 189.25 1.13766 360.572
Iteration 380  HV  cores 2324 2310 8  time 189.952 1.13766 362.005
Iteration 381  HV  cores 2334 2320 10  time 190.561 1.13766 363.44
Iteration 382  HV  cores 2343 2329 9  time 191 1.13766 364.882
Iteration 383  HV  cores 2353 2339 10  time 191.694 1.13766 366.314
Iteration 384  HV  cores 2361 2346 8  time 192.312 1.13766 367.73
Iteration 385  HV  cores 2365 2350 4  time 192.571 1.13766 369.163
Iteration 386  HV  cores 2374 2359 9  time 193.104 1.13766 370.605
Iteration 387  HV  cores 2382 2367 8  time 193.571 1.13766 372.049
Iteration 388  HV  cores 2390 2375 8  time 194.228 1.13766 373.49
Iteration 389  HV  cores 2400 2385 10  time 194.717 1.13766 374.913
Iteration 390  HV  cores 2404 2389 4  time 194.899 1.13766 376.332
Iteration 391  HV  cores 2407 2392 3  time 195.121 1.13766 377.784
Iteration 392  HV  cores 2414 2399 7  time 195.447 1.13766 379.231
Iteration 393  HV  cores 2424 2409 10  time 196.059 1.13766 380.663
Iteration 394  HV  cores 2428 2413 4  time 196.291 1.13766 382.118
Iteration 395  HV  cores 2437 2422 9  time 196.785 1.13766 383.579
Iteration 396  HV  cores 2445 2430 8  time 197.009 1.13766 385.046
Iteration 397  HV  cores 2455 2440 10  time 197.461 1.13766 386.521
Iteration 398  HV  cores 2462 2447 7  time 198.203 1.13766 387.984
Iteration 399  HV  cores 2470 2455 8  time 198.795 1.13766 389.447
Iteration 400  HV  cores 2480 2465 10  time 199.714 1.13766 390.917
Iteration 401  HV  cores 2489 2474 9  time 200.178 1.13766 392.397
Iteration 402  HV  cores 2498 2483 9  time 200.629 1.13766 393.851
Iteration 403  HV  cores 2502 2487 4  time 200.763 1.13766 395.307
Iteration 404  HV  cores 2506 2491 4  time 201.011 1.13766 396.762
Iteration 405  HV  cores 2510 2495 4  time 201.219 1.13766 398.224
Iteration 406  HV  cores 2514 2499 4  time 201.706 1.13766 399.718
Iteration 407  HV  cores 2521 2506 7  time 202.066 1.13766 401.217
Iteration 408  HV  cores 2529 2514 8  time 202.478 1.13766 402.718
Iteration 409  HV  cores 2537 2522 8  time 202.94 1.13766 404.19
Iteration 410  HV  cores 2541 2526 4  time 203.263 1.13766 405.668
Iteration 411  HV  cores 2544 2529 3  time 203.312 1.13766 407.144
Iteration 412  HV  cores 2548 2533 4  time 203.543 1.13766 408.65
Iteration 413  HV  cores 2555 2540 7  time 204.026 1.13766 410.152
Iteration 414  HV  cores 2563 2548 8  time 204.602 1.13766 411.658
Iteration 415  HV  cores 2571 2556 8  time 204.915 1.13766 413.162
Iteration 416  HV  cores 2580 2565 9  time 205.376 1.13766 414.67
Iteration 417  HV  cores 2589 2574 9  time 205.794 1.13766 416.182
Iteration 418  HV  cores 2599 2584 10  time 206.287 1.13766 417.694
Iteration 419  HV  cores 2606 2591 7  time 206.749 1.13766 419.212
Iteration 420  HV  cores 2616 2601 10  time 207.198 1.13766 420.73
Iteration 421  HV  cores 2625 2610 9  time 207.686 1.13766 422.251
Iteration 422  HV  cores 2635 2620 10  time 208.032 1.13766 423.78
Iteration 423  HV  cores 2644 2629 9  time 208.54 1.13766 425.31
Iteration 424  HV  cores 2654 2639 10  time 209.001 1.13766 426.836
Iteration 425  HV  cores 2663 2648 9  time 209.601 1.13766 428.363
Iteration 426  HV  cores 2670 2655 7  time 210.175 1.13766 429.898
Iteration 427  HV  cores 2679 2664 9  time 210.439 1.13766 431.435
Iteration 428  HV  cores 2689 2674 10  time 211.039 1.13766 432.981
Iteration 429  HV  cores 2698 2683 9  time 211.774 1.13766 434.502
Iteration 430  HV  cores 2702 2687 4  time 211.936 1.13766 436.05
Iteration 431  HV  cores 2712 2697 10  time 212.544 1.13766 437.6
Iteration 432  HV  cores 2720 2705 8  time 212.916 1.13766 439.154
Iteration 433  HV  cores 2727 2712 7  time 213.397 1.13766 440.705
Iteration 434  HV  cores 2737 2722 10  time 213.926 1.13766 442.239
Iteration 435  HV  cores 2741 2726 4  time 214.178 1.13766 443.789
Iteration 436  HV  cores 2749 2734 8  time 214.855 1.13766 445.36
Iteration 437  HV  cores 2757 2742 8  time 215.166 1.13766 446.913
Iteration 438  HV  cores 2764 2749 7  time 215.485 1.13766 448.45
Iteration 439  HV  cores 2769 2754 5  time 215.652 1.13766 450.026
Iteration 440  HV  cores 2778 2763 9  time 216.247 1.13766 451.59
Iteration 441  HV  cores 2786 2771 8  time 216.784 1.13766 453.156
Iteration 442  HV  cores 2797 2782 11  time 217.428 1.13766 454.727
Iteration 443  HV  cores 2804 2789 7  time 217.623 1.13766 456.282
Iteration 444  HV  cores 2808 2793 4  time 217.816 1.13766 457.863
Iteration 445  HV  cores 2817 2802 9  time 218.338 1.13766 459.445
Iteration 446  HV  cores 2825 2810 8  time 218.832 1.13766 461.013
Iteration 447  HV  cores 2830 2815 5  time 218.973 1.13766 462.607
Iteration 448  HV  cores 2839 2824 9  time 219.364 1.13766 464.206
Iteration 449  HV  cores 2847 2832 8  time 220.012 1.13766 465.804
Iteration 450  HV  cores 2855 2840 8  time 220.562 1.13766 467.396
Iteration 451  HV  cores 2865 2850 10  time 221.432 1.13766 468.999
Iteration 452  HV  cores 2873 2858 8  time 221.927 1.13766 470.604
Iteration 453  HV  cores 2880 2865 7  time 222.25 1.13766 472.204
Iteration 454  HV  cores 2887 2872 7  time 222.863 1.13766 473.823
Iteration 455  HV  cores 2896 2881 9  time 223.39 1.13766 475.411
Iteration 456  HV  cores 2900 2885 4  time 223.544 1.13766 477.023
Iteration 457  HV  cores 2909 2894 9  time 224.275 1.13766 478.635
Iteration 458  HV  cores 2917 2902 8  time 224.88 1.13766 480.252
Iteration 459  HV  cores 2926 2911 9  time 225.571 1.13766 481.841
Iteration 460  HV  cores 2929 2914 3  time 225.699 1.13766 483.458
Iteration 461  HV  cores 2937 2922 8  time 226.314 1.13766 485.048
Iteration 462  HV  cores 2940 2925 3  time 226.38 1.13766 486.665
Iteration 463  HV  cores 2947 2932 7  time 226.791 1.13766 488.296
Iteration 464  HV  cores 2954 2939 7  time 227.197 1.13766 489.919
Iteration 465  HV  cores 2961 2946 7  time 227.78 1.13766 491.547
Iteration 466  HV  cores 2970 2955 9  time 228.465 1.13766 493.152
Iteration 467  HV  cores 2975 2960 5  time 228.686 1.13766 494.774
Iteration 468  HV  cores 2979 2964 4  time 228.886 1.13766 496.394
Iteration 469  HV  cores 2983 2968 4  time 229.043 1.13766 498.035
Iteration 470  HV  cores 2992 2977 9  time 229.428 1.13766 499.683
Iteration 471  HV  cores 3001 2986 9  time 230.188 1.13766 501.344
Iteration 472  HV  cores 3008 2993 7  time 230.501 1.13766 502.989
Iteration 473  HV  cores 3016 3001 8  time 231.044 1.13766 504.617
Iteration 474  HV  cores 3020 3005 4  time 231.194 1.13766 506.243
Iteration 475  HV  cores 3023 3008 3  time 231.26 1.13766 507.866
Iteration 476  HV  cores 3027 3012 4  time 231.582 1.13766 509.489
Iteration 477  HV  cores 3030 3015 3  time 231.74 1.13766 511.158
Iteration 478  HV  cores 3038 3023 8  time 232.474 1.13766 512.819
Iteration 479  HV  cores 3047 3031 9  time 233 1.13766 514.48
Iteration 480  HV  cores 3056 3040 9  time 233.442 1.13766 516.15
Iteration 481  HV  cores 3065 3049 9  time 233.939 1.13766 517.827
Iteration 482  HV  cores 3074 3058 9  time 234.522 1.13766 519.498
Iteration 483  HV  cores 3082 3066 8  time 234.962 1.13766 521.17
Iteration 484  HV  cores 3090 3073 8  time 235.486 1.13766 522.847
Iteration 485  HV  cores 3099 3082 9  time 236.185 1.13766 524.567
Iteration 486  HV  cores 3109 3092 10  time 236.689 1.13766 526.293
Iteration 487  HV  cores 3117 3100 8  time 237.051 1.13766 528.033
Iteration 488  HV  cores 3126 3109 9  time 237.568 1.13766 529.779
Iteration 489  HV  cores 3134 3117 8  time 238.001 1.13766 531.508
Iteration 490  HV  cores 3142 3125 8  time 238.628 1.13766 533.249
Iteration 491  HV  cores 3151 3134 9  time 239.125 1.13766 534.981
Iteration 492  HV  cores 3160 3143 9  time 239.737 1.13766 536.692
Iteration 493  HV  cores 3163 3146 3  time 239.802 1.13766 538.432
Iteration 494  HV  cores 3170 3153 7  time 240.097 1.13766 540.136
Iteration 495  HV  cores 3180 3162 10  time 240.879 1.13766 541.83
Iteration 496  HV  cores 3188 3170 8  time 241.238 1.13766 543.538
Iteration 497  HV  cores 3196 3178 8  time 241.673 1.13766 545.222
Iteration 498  HV  cores 3200 3182 4  time 241.779 1.13766 546.929
Iteration 499  HV  cores 3208 3190 8  time 242.245 1.13766 548.612
Iteration 500  HV  cores 3212 3194 4  time 242.368 1.13766 550.322
Iteration 501  HV  cores 3220 3202 8  time 242.594 1.13766 552.039
Iteration 502  HV  cores 3229 3211 9  time 243.116 1.13766 553.762
Iteration 503  HV  cores 3237 3219 8  time 243.514 1.13766 555.488
Iteration 504  HV  cores 3246 3228 9  time 244.11 1.13766 557.229
Iteration 505  HV  cores 3254 3236 8  time 244.756 1.13766 558.929
Iteration 506  HV  cores 3258 3240 4  time 244.965 1.13766 560.66
Iteration 507  HV  cores 3268 3250 10  time 245.398 1.13766 562.391
Iteration 508  HV  cores 3275 3257 7  time 245.837 1.13766 564.126
Iteration 509  HV  cores 3283 3265 8  time 246.374 1.13766 565.83
Iteration 510  HV  cores 3287 3269 4  time 246.621 1.13766 567.57
Iteration 511  HV  cores 3294 3276 7  time 246.844 1.13766 569.309
Iteration 512  HV  cores 3301 3283 7  time 247.094 1.13766 571.049
Iteration 513  HV  cores 3311 3293 10  time 247.632 1.13766 572.805
Iteration 514  HV  cores 3320 3302 9  time 247.989 1.13766 574.551
Iteration 515  HV  cores 3327 3309 7  time 248.654 1.13766 576.305
Iteration 516  HV  cores 3335 3314 8  time 249.214 1.13766 578.033
Iteration 517  HV  cores 3337 3316 2  time 249.257 1.13766 579.789
Iteration 518  HV  cores 3345 3324 8  time 249.827 1.13766 581.557
Iteration 519  HV  cores 3352 3331 7  time 250.101 1.13766 583.315
Iteration 520  HV  cores 3361 3340 9  time 250.364 1.13766 585.066
Iteration 521  HV  cores 3365 3344 4  time 250.512 1.13766 586.831
Iteration 522  HV  cores 3373 3352 8  time 251.113 1.13766 588.608
Iteration 523  HV  cores 3381 3360 8  time 251.468 1.13766 590.391
Iteration 524  HV  cores 3390 3369 9  time 251.921 1.13766 592.186
Iteration 525  HV  cores 3398 3377 8  time 252.241 1.13766 593.958
Iteration 526  HV  cores 3406 3384 8  time 252.877 1.13766 595.71
Iteration 527  HV  cores 3409 3387 3  time 252.985 1.13766 597.491
Iteration 528  HV  cores 3416 3394 7  time 253.515 1.13766 599.268
Iteration 529  HV  cores 3424 3402 8  time 253.945 1.13766 601.065
Iteration 530  HV  cores 3433 3411 9  time 254.588 1.13766 602.863
Iteration 531  HV  cores 3443 3421 10  time 254.964 1.13766 604.657
Iteration 532  HV  cores 3452 3430 9  time 255.432 1.13766 606.442
Iteration 533  HV  cores 3461 3439 9  time 256.023 1.13766 608.228
Iteration 534  HV  cores 3469 3447 8  time 256.31 1.13766 610.022
Iteration 535  HV  cores 3478 3456 9  time 256.731 1.13766 611.814
Iteration 536  HV  cores 3488 3466 10  time 257.251 1.13766 613.616
Iteration 537  HV  cores 3498 3475 10  time 257.72 1.13766 615.413
Iteration 538  HV  cores 3506 3482 8  time 258.138 1.13766 617.212
Iteration 539  HV  cores 3514 3490 8  time 258.686 1.13766 619.008
Iteration 540  HV  cores 3524 3500 10  time 259.352 1.13766 620.812
Iteration 541  HV  cores 3532 3508 8  time 259.981 1.13766 622.614
Iteration 542  HV  cores 3539 3515 7  time 260.418 1.13766 624.421
Iteration 543  HV  cores 3548 3524 9  time 260.799 1.13766 626.252
Iteration 544  HV  cores 3557 3533 9  time 261.167 1.13766 628.073
Iteration 545  HV  cores 3563 3539 6  time 261.421 1.13766 629.891
Iteration 546  HV  cores 3571 3547 8  time 261.834 1.13766 631.723
Iteration 547  HV  cores 3580 3556 9  time 262.29 1.13766 633.557
Iteration 548  HV  cores 3587 3563 7  time 262.737 1.13766 635.354
Iteration 549  HV  cores 3592 3568 5  time 263.072 1.13766 637.154
Iteration 550  HV  cores 3595 3571 3  time 263.234 1.13766 638.964
Iteration 551  HV  cores 3599 3575 4  time 263.454 1.13766 640.802
Iteration 552  HV  cores 3606 3582 7  time 263.8 1.13766 642.637
Iteration 553  HV  cores 3612 3588 6  time 264.189 1.13766 644.447
Iteration 554  HV  cores 3616 3592 4  time 264.551 1.13766 646.297
Iteration 555  HV  cores 3623 3599 7  time 264.876 1.13766 648.14
Iteration 556  HV  cores 3630 3606 7  time 265.283 1.13766 649.98
Iteration 557  HV  cores 3639 3614 9  time 271.388 1.13766 651.83
Iteration 558  HV  cores 3647 3622 8  time 271.972 1.13766 653.659
Iteration 559  HV  cores 3652 3627 5  time 272.151 1.13766 655.498
Iteration 560  HV  cores 3656 3631 4  time 272.303 1.13766 657.362
Iteration 561  HV  cores 3664 3639 8  time 272.678 1.13766 659.2
Iteration 562  HV  cores 3668 3643 4  time 272.836 1.13766 661.063
Iteration 563  HV  cores 3678 3653 10  time 273.367 1.13766 662.925
Iteration 564  HV  cores 3687 3660 9  time 273.815 1.13766 664.79
Iteration 565  HV  cores 3695 3668 8  time 274.427 1.13766 666.645
Iteration 566  HV  cores 3700 3673 5  time 274.82 1.13766 668.526
Iteration 567  HV  cores 3708 3681 8  time 275.481 1.13766 670.375
Iteration 568  HV  cores 3713 3686 5  time 275.668 1.13766 672.248
Iteration 569  HV  cores 3721 3694 8  time 276.038 1.13766 674.124
Iteration 570  HV  cores 3729 3702 8  time 276.506 1.13766 676.005
Iteration 571  HV  cores 3738 3710 9  time 277.034 1.13766 677.887
Iteration 572  HV  cores 3745 3717 7  time 277.481 1.13766 679.781
Iteration 573  HV  cores 3754 3726 9  time 278.166 1.13766 681.674
Iteration 574  HV  cores 3762 3734 8  time 278.62 1.13766 683.562
Iteration 575  HV  cores 3769 3741 7  time 279.206 1.13766 685.452
Iteration 576  HV  cores 3777 3749 8  time 279.911 1.13766 687.314
Iteration 577  HV  cores 3781 3753 4  time 280.444 1.13766 689.219
Iteration 578  HV  cores 3788 3760 7  time 280.921 1.13766 691.119
Iteration 579  HV  cores 3797 3768 9  time 281.215 1.13766 692.998
Iteration 580  HV  cores 3801 3772 4  time 281.323 1.13766 694.873
Iteration 581  HV  cores 3806 3777 5  time 281.473 1.13766 696.786
Iteration 582  HV  cores 3812 3783 6  time 281.823 1.13766 698.692
Iteration 583  HV  cores 3819 3790 7  time 282.296 1.13766 700.586
Iteration 584  HV  cores 3822 3793 3  time 282.403 1.13766 702.507
Iteration 585  HV  cores 3830 3801 8  time 283.022 1.13766 704.42
Iteration 586  HV  cores 3839 3810 9  time 283.655 1.13766 706.336
Iteration 587  HV  cores 3846 3817 7  time 284.213 1.13766 708.265
Iteration 588  HV  cores 3855 3825 9  time 284.615 1.13766 710.184
Iteration 589  HV  cores 3865 3835 10  time 285.007 1.13766 712.118
Iteration 590  HV  cores 3872 3842 7  time 285.724 1.13766 714.045
Iteration 591  HV  cores 3880 3850 8  time 286.423 1.13766 715.976
Iteration 592  HV  cores 3886 3856 6  time 286.914 1.13766 717.908
Iteration 593  HV  cores 3894 3864 8  time 287.392 1.13766 719.851
Iteration 594  HV  cores 3901 3871 7  time 287.851 1.13766 721.779
Iteration 595  HV  cores 3910 3880 9  time 288.447 1.13766 723.691
Iteration 596  HV  cores 3914 3884 4  time 288.656 1.13766 725.637
Iteration 597  HV  cores 3923 3893 9  time 289.324 1.13766 727.522
Iteration 598  HV  cores 3930 3900 7  time 289.855 1.13766 729.409
Iteration 599  HV  cores 3938 3908 8  time 290.31 1.13766 731.291
Iteration 600  HV  cores 3945 3915 7  time 290.8 1.13766 733.175
Iteration 601  HV  cores 3951 3921 6  time 291.097 1.13766 735.069
Iteration 602  HV  cores 3960 3930 9  time 291.75 1.13766 736.966
Iteration 603  HV  cores 3969 3939 9  time 292.769 1.13766 738.848
Iteration 604  HV  cores 3976 3946 7  time 293.16 1.13766 740.73
Iteration 605  HV  cores 3983 3953 7  time 293.743 1.13766 742.623
Iteration 606  HV  cores 3990 3960 7  time 294.08 1.13766 744.521
Iteration 607  HV  cores 3999 3969 9  time 294.616 1.13766 746.418
Iteration 608  HV  cores 4007 3977 8  time 294.871 1.13766 748.316
Iteration 609  HV  cores 4016 3986 9  time 295.396 1.13766 750.187
Iteration 610  HV  cores 4019 3989 3  time 295.531 1.13766 752.055
Iteration 611  HV  cores 4022 3992 3  time 295.604 1.13766 753.969
Iteration 612  HV  cores 4031 4000 9  time 296.028 1.13766 755.881
Iteration 613  HV  cores 4038 4007 7  time 296.543 1.13766 757.807
Iteration 614  HV  cores 4046 4015 8  time 297.092 1.13766 759.732
Iteration 615  HV  cores 4053 4022 7  time 297.349 1.13766 761.64
Iteration 616  HV  cores 4057 4026 4  time 297.583 1.13766 763.575
Iteration 617  HV  cores 4064 4033 7  time 297.948 1.13766 765.504
Iteration 618  HV  cores 4071 4040 7  time 298.34 1.13766 767.401
Iteration 619  HV  cores 4074 4043 3  time 298.466 1.13766 769.286
Iteration 620  HV  cores 4080 4049 6  time 298.754 1.13766 771.176
Iteration 621  HV  cores 4085 4054 5  time 299.082 1.13766 773.104
Iteration 622  HV  cores 4093 4062 8  time 299.497 1.13766 775.046
Iteration 623  HV  cores 4101 4070 8  time 299.888 1.13766 776.976
Iteration 624  HV  cores 4108 4077 7  time 300.168 1.13766 778.91
Iteration 625  HV  cores 4114 4083 6  time 300.501 1.13766 780.854
Iteration 626  HV  cores 4122 4091 8  time 300.784 1.13766 782.798
Iteration 627  HV  cores 4130 4099 8  time 301.44 1.13766 784.755
Iteration 628  HV  cores 4137 4106 7  time 302.025 1.13766 786.712
Iteration 629  HV  cores 4145 4114 8  time 306.825 1.13766 788.661
Iteration 630  HV  cores 4152 4121 7  time 307.172 1.13766 790.606
Iteration 631  HV  cores 4160 4129 8  time 307.47 1.13766 792.562
Iteration 632  HV  cores 4166 4135 6  time 307.838 1.13766 794.507
Iteration 633  HV  cores 4173 4142 7  time 308.183 1.13766 796.46
Iteration 634  HV  cores 4181 4150 8  time 308.784 1.13766 798.422
Iteration 635  HV  cores 4190 4159 9  time 309.132 1.13766 800.381
Iteration 636  HV  cores 4196 4165 6  time 309.692 1.13766 802.349
Iteration 637  HV  cores 4205 4174 9  time 310.309 1.13766 804.276
Iteration 638  HV  cores 4209 4178 4  time 310.428 1.13766 806.249
Iteration 639  HV  cores 4216 4185 7  time 310.889 1.13766 808.225
Iteration 640  HV  cores 4224 4193 8  time 311.204 1.13766 810.208
Iteration 641  HV  cores 4231 4200 7  time 311.574 1.13766 812.193
Iteration 642  HV  cores 4239 4208 8  time 311.88 1.13766 814.169
Iteration 643  HV  cores 4247 4216 8  time 312.448 1.13766 816.121
Iteration 644  HV  cores 4250 4219 3  time 312.636 1.13766 818.113
Iteration 645  HV  cores 4259 4228 9  time 313.126 1.13766 820.088
Iteration 646  HV  cores 4267 4236 8  time 313.535 1.13766 822.069
Iteration 647  HV  cores 4275 4244 8  time 314.32 1.13766 824.071
Iteration 648  HV  cores 4282 4251 7  time 314.806 1.13766 826.077
Iteration 649  HV  cores 4291 4260 9  time 315.395 1.13766 828.078
Iteration 650  HV  cores 4297 4266 6  time 315.726 1.13766 830.07
Iteration 651  HV  cores 4303 4272 6  time 316.114 1.13766 832.064
Iteration 652  HV  cores 4309 4278 6  time 316.509 1.13766 834.053
Iteration 653  HV  cores 4317 4286 8  time 317.289 1.13766 836.071
Iteration 654  HV  cores 4325 4294 8  time 317.839 1.13766 838.038
Iteration 655  HV  cores 4329 4298 4  time 318.012 1.13766 839.999
Iteration 656  HV  cores 4333 4302 4  time 318.173 1.13766 842.019
Iteration 657  HV  cores 4341 4310 8  time 318.726 1.13766 844.035
Iteration 658  HV  cores 4347 4316 6  time 319.069 1.13766 846.037
Iteration 659  HV  cores 4354 4323 7  time 319.546 1.13766 848.044
Iteration 660  HV  cores 4362 4330 8  time 320.115 1.13766 850.05
Iteration 661  HV  cores 4368 4336 6  time 320.69 1.13766 852.061
Iteration 662  HV  cores 4375 4343 7  time 321.194 1.13766 854.076
Iteration 663  HV  cores 4381 4349 6  time 321.521 1.13766 856.085
Iteration 664  HV  cores 4388 4356 7  time 321.998 1.13766 858.096
Iteration 665  HV  cores 4395 4363 7  time 322.388 1.13766 860.121
Iteration 666  HV  cores 4402 4370 7  time 322.926 1.13766 862.144
Iteration 667  HV  cores 4411 4379 9  time 323.306 1.13766 864.138
Iteration 668  HV  cores 4416 4384 5  time 323.413 1.13766 866.13
Iteration 669  HV  cores 4420 4388 4  time 323.546 1.13766 868.161
Iteration 670  HV  cores 4427 4395 7  time 324.051 1.13766 870.187
Iteration 671  HV  cores 4436 4404 9  time 324.649 1.13766 872.216
Iteration 672  HV  cores 4443 4411 7  time 325.031 1.13766 874.255
Iteration 673  HV  cores 4450 4418 7  time 325.475 1.13766 876.302
Iteration 674  HV  cores 4457 4425 7  time 325.924 1.13766 878.335
Iteration 675  HV  cores 4465 4433 8  time 326.501 1.13766 880.37
Iteration 676  HV  cores 4473 4441 8  time 326.99 1.13766 882.364
Iteration 677  HV  cores 4478 4446 5  time 327.332 1.13766 884.42
Iteration 678  HV  cores 4484 4452 6  time 327.751 1.13766 886.455
Iteration 679  HV  cores 4492 4460 8  time 328.095 1.13766 888.464
Iteration 680  HV  cores 4497 4465 5  time 328.285 1.13766 890.517
Iteration 681  HV  cores 4503 4471 6  time 328.52 1.13766 892.555
Iteration 682  HV  cores 4510 4478 7  time 328.809 1.13766 894.605
Iteration 683  HV  cores 4517 4485 7  time 329.227 1.13766 896.656
Iteration 684  HV  cores 4524 4492 7  time 329.465 1.13766 898.672
Iteration 685  HV  cores 4529 4497 5  time 329.695 1.13766 900.724
Iteration 686  HV  cores 4537 4505 8  time 330.406 1.13766 902.791
Iteration 687  HV  cores 4546 4514 9  time 331.111 1.13766 904.864
Iteration 688  HV  cores 4552 4520 6  time 331.455 1.13766 906.904
Iteration 689  HV  cores 4556 4524 4  time 331.533 1.13766 908.973
Iteration 690  HV  cores 4564 4532 8  time 332.049 1.13766 911.063
Iteration 691  HV  cores 4570 4538 6  time 332.586 1.13766 913.139
Iteration 692  HV  cores 4577 4545 7  time 332.972 1.13766 915.173
Iteration 693  HV  cores 4582 4550 5  time 333.186 1.13766 917.262
Iteration 694  HV  cores 4589 4557 7  time 333.659 1.13766 919.378
Iteration 695  HV  cores 4597 4565 8  time 334.255 1.13766 921.465
Iteration 696  HV  cores 4604 4572 7  time 334.659 1.13766 923.543
Iteration 697  HV  cores 4611 4579 7  time 335.366 1.13766 925.628
Iteration 698  HV  cores 4617 4585 6  time 335.618 1.13766 927.712
Iteration 699  HV  cores 4624 4592 7  time 335.913 1.13766 929.798
Iteration 700  HV  cores 4631 4599 7  time 336.272 1.13766 931.884
Iteration 701  HV  cores 4638 4606 7  time 336.632 1.13766 933.98
Iteration 702  HV  cores 4646 4614 8  time 337.079 1.13766 936.088
Iteration 703  HV  cores 4653 4621 7  time 337.563 1.13766 938.185
Iteration 704  HV  cores 4660 4628 7  time 338.237 1.13766 940.284
Iteration 705  HV  cores 4668 4636 8  time 338.512 1.13766 942.406
Iteration 706  HV  cores 4675 4643 7  time 338.869 1.13766 944.531
Iteration 707  HV  cores 4682 4650 7  time 339.445 1.13766 946.644
Iteration 708  HV  cores 4689 4657 7  time 339.868 1.13766 948.767
Iteration 709  HV  cores 4695 4663 6  time 340.346 1.13766 950.895
Iteration 710  HV  cores 4702 4670 7  time 340.666 1.13766 952.993
Iteration 711  HV  cores 4705 4673 3  time 340.74 1.13766 955.125
Iteration 712  HV  cores 4713 4681 8  time 341.141 1.13766 957.257
Iteration 713  HV  cores 4719 4687 6  time 341.355 1.13766 959.398
Iteration 714  HV  cores 4727 4695 8  time 341.657 1.13766 961.544
Iteration 715  HV  cores 4734 4702 7  time 342.19 1.13766 963.698
Iteration 716  HV  cores 4741 4709 7  time 342.483 1.13766 965.845
Iteration 717  HV  cores 4749 4717 8  time 342.816 1.13766 967.988
Iteration 718  HV  cores 4755 4723 6  time 343.081 1.13766 970.147
Iteration 719  HV  cores 4764 4732 9  time 343.911 1.13766 972.308
Iteration 720  HV  cores 4771 4739 7  time 344.299 1.13766 974.439
Iteration 721  HV  cores 4778 4746 7  time 344.875 1.13766 976.546
Iteration 722  HV  cores 4782 4750 4  time 344.986 1.13766 978.699
Iteration 723  HV  cores 4788 4756 6  time 345.498 1.13766 980.857
Iteration 724  HV  cores 4795 4763 7  time 345.721 1.13766 982.975
Iteration 725  HV  cores 4799 4767 4  time 345.805 1.13766 985.152
Iteration 726  HV  cores 4807 4775 8  time 346.23 1.13766 987.33
Iteration 727  HV  cores 4814 4782 7  time 346.511 1.13766 989.455
Iteration 728  HV  cores 4818 4786 4  time 346.899 1.13766 991.61
Iteration 729  HV  cores 4825 4793 7  time 347.499 1.13766 993.759
Iteration 730  HV  cores 4832 4800 7  time 348.041 1.13766 995.928
Iteration 731  HV  cores 4840 4808 8  time 348.482 1.13766 998.068
Iteration 732  HV  cores 4844 4812 4  time 348.801 1.13766 1000.24
Iteration 733  HV  cores 4851 4819 7  time 349.189 1.13766 1002.41
Iteration 734  HV  cores 4858 4826 7  time 349.513 1.13766 1004.6
Iteration 735  HV  cores 4866 4834 8  time 350.056 1.13766 1006.79
Iteration 736  HV  cores 4873 4841 7  time 350.404 1.13766 1008.98
Iteration 737  HV  cores 4880 4847 7  time 350.828 1.13766 1011.17
Iteration 738  HV  cores 4888 4855 8  time 351.108 1.13766 1013.35
Iteration 739  HV  cores 4896 4863 8  time 351.633 1.13766 1015.54
Iteration 740  HV  cores 4902 4869 6  time 351.984 1.13766 1017.72
Iteration 741  HV  cores 4911 4878 9  time 352.489 1.13766 1019.91
Iteration 742  HV  cores 4918 4885 7  time 352.858 1.13766 1022.1
Iteration 743  HV  cores 4925 4892 7  time 353.129 1.13766 1024.3
Iteration 744  HV  cores 4932 4899 7  time 353.632 1.13766 1026.5
Iteration 745  HV  cores 4940 4907 8  time 354.179 1.13766 1028.72
Iteration 746  HV  cores 4948 4915 8  time 354.651 1.13766 1030.9
Iteration 747  HV  cores 4951 4918 3  time 354.747 1.13766 1033.07
Iteration 748  HV  cores 4954 4921 3  time 354.826 1.13766 1035.29
Iteration 749  HV  cores 4963 4930 9  time 355.485 1.13766 1037.52
Iteration 750  HV  cores 4969 4936 6  time 355.99 1.13766 1039.73
Iteration 751  HV  cores 4977 4944 8  time 356.644 1.13766 1041.97
Iteration 752  HV  cores 4985 4952 8  time 357.291 1.13766 1044.19
Iteration 753  HV  cores 4993 4960 8  time 357.863 1.13766 1046.42
Iteration 754  HV  cores 5002 4969 9  time 358.274 1.13766 1048.64
Iteration 755  HV  cores 5010 4977 8  time 358.569 1.13766 1050.84
Iteration 756  HV  cores 5013 4980 3  time 358.654 1.13766 1053.07
Iteration 757  HV  cores 5021 4988 8  time 359.026 1.13766 1055.28
Iteration 758  HV  cores 5029 4996 8  time 359.584 1.13766 1057.54
Iteration 759  HV  cores 5037 5004 8  time 360.232 1.13766 1059.78
Iteration 760  HV  cores 5044 5011 7  time 360.84 1.13766 1062
Iteration 761  HV  cores 5052 5019 8  time 361.607 1.13766 1064.22
Iteration 762  HV  cores 5060 5027 8  time 361.987 1.13766 1066.48
Iteration 763  HV  cores 5067 5034 7  time 362.22 1.13766 1068.73
Iteration 764  HV  cores 5075 5042 8  time 362.666 1.13766 1070.94
Iteration 765  HV  cores 5079 5046 4  time 362.743 1.13766 1073.14
Iteration 766  HV  cores 5083 5050 4  time 363.026 1.13766 1075.35
Iteration 767  HV  cores 5087 5054 4  time 363.134 1.13766 1077.61
Iteration 768  HV  cores 5093 5060 6  time 363.483 1.13766 1079.81
Iteration 769  HV  cores 5098 5065 5  time 363.585 1.13766 1082.07
Iteration 770  HV  cores 5107 5074 9  time 364.153 1.13766 1084.33
Iteration 771  HV  cores 5115 5081 8  time 364.622 1.13766 1086.55
Iteration 772  HV  cores 5120 5086 5  time 364.954 1.13766 1088.8
Iteration 773  HV  cores 5127 5093 7  time 365.33 1.13766 1091.07
Iteration 774  HV  cores 5136 5102 9  time 365.781 1.13766 1093.33
Iteration 775  HV  cores 5143 5109 7  time 366.209 1.13766 1095.6
Iteration 776  HV  cores 5151 5116 8  time 366.624 1.13766 1097.89
Iteration 777  HV  cores 5157 5122 6  time 366.942 1.13766 1100.17
Iteration 778  HV  cores 5165 5130 8  time 367.184 1.13766 1102.46
Iteration 779  HV  cores 5173 5138 8  time 367.459 1.13766 1104.75
Iteration 780  HV  cores 5181 5146 8  time 367.678 1.13766 1107.02
Iteration 781  HV  cores 5188 5153 7  time 368.261 1.13766 1109.3
Iteration 782  HV  cores 5195 5159 7  time 368.796 1.13766 1111.58
Iteration 783  HV  cores 5203 5167 8  time 369.209 1.13766 1113.89
Iteration 784  HV  cores 5211 5174 8  time 369.494 1.13766 1116.21
Iteration 785  HV  cores 5219 5182 8  time 369.779 1.13766 1118.53
Iteration 786  HV  cores 5225 5186 6  time 370.043 1.13766 1120.85
Iteration 787  HV  cores 5234 5195 9  time 370.447 1.13766 1123.16
Iteration 788  HV  cores 5244 5205 10  time 370.921 1.13766 1125.47
Iteration 789  HV  cores 5253 5213 9  time 371.327 1.13766 1127.78
Iteration 790  HV  cores 5261 5221 8  time 372.028 1.13766 1130.08
Iteration 791  HV  cores 5268 5228 7  time 372.374 1.13766 1132.42
Iteration 792  HV  cores 5275 5235 7  time 372.699 1.13766 1134.67
Iteration 793  HV  cores 5284 5244 9  time 373.404 1.13766 1136.93
Iteration 794  HV  cores 5293 5253 9  time 373.962 1.13766 1139.19
Iteration 795  HV  cores 5300 5260 7  time 374.488 1.13766 1141.45
Iteration 796  HV  cores 5308 5268 8  time 375.066 1.13766 1143.72
Iteration 797  HV  cores 5316 5276 8  time 375.614 1.13766 1145.97
Iteration 798  HV  cores 5324 5283 8  time 375.891 1.13766 1148.23
Iteration 799  HV  cores 5331 5289 7  time 376.153 1.13766 1150.49
Iteration 800  HV  cores 5338 5296 7  time 376.806 1.13766 1152.76
Iteration 801  HV  cores 5345 5303 7  time 377.128 1.13766 1155.03
Iteration 802  HV  cores 5353 5311 8  time 377.649 1.13766 1157.26
Iteration 803  HV  cores 5358 5316 5  time 377.996 1.13766 1159.52
Iteration 804  HV  cores 5365 5323 7  time 378.44 1.13766 1161.78
Iteration 805  HV  cores 5373 5331 8  time 378.792 1.13766 1164.07
Iteration 806  HV  cores 5381 5339 8  time 379.208 1.13766 1166.37
Iteration 807  HV  cores 5388 5346 7  time 379.654 1.13766 1168.67
Iteration 808  HV  cores 5395 5353 7  time 379.958 1.13766 1170.94
Iteration 809  HV  cores 5402 5360 7  time 380.202 1.13766 1173.23
Iteration 810  HV  cores 5410 5368 8  time 380.64 1.13766 1175.49
Iteration 811  HV  cores 5418 5376 8  time 381.029 1.13766 1177.78
Iteration 812  HV  cores 5426 5384 8  time 381.553 1.13766 1180.08
Iteration 813  HV  cores 5433 5391 7  time 381.985 1.13766 1182.38
Iteration 814  HV  cores 5441 5399 8  time 382.5 1.13766 1184.67
Iteration 815  HV  cores 5449 5407 8  time 382.856 1.13766 1186.96
Iteration 816  HV  cores 5456 5414 7  time 383.423 1.13766 1189.21
Iteration 817  HV  cores 5460 5418 4  time 383.645 1.13766 1191.51
Iteration 818  HV  cores 5467 5425 7  time 383.966 1.13766 1193.79
Iteration 819  HV  cores 5474 5432 7  time 384.491 1.13766 1196.08
Iteration 820  HV  cores 5481 5439 7  time 384.744 1.13766 1198.37
Iteration 821  HV  cores 5489 5447 8  time 385.243 1.13766 1200.68
Iteration 822  HV  cores 5497 5455 8  time 385.903 1.13766 1202.99
Iteration 823  HV  cores 5506 5464 9  time 386.354 1.13766 1205.29
Iteration 824  HV  cores 5511 5469 5  time 386.594 1.13766 1207.59
Iteration 825  HV  cores 5517 5475 6  time 386.819 1.13766 1209.91
Iteration 826  HV  cores 5524 5482 7  time 387.231 1.13766 1212.17
Iteration 827  HV  cores 5529 5487 5  time 387.431 1.13766 1214.45
Iteration 828  HV  cores 5533 5491 4  time 387.59 1.13766 1216.77
Iteration 829  HV  cores 5541 5499 8  time 387.879 1.13766 1219.11
Iteration 830  HV  cores 5548 5506 7  time 388.183 1.13766 1221.45
Iteration 831  HV  cores 5556 5514 8  time 388.634 1.13766 1223.78
Iteration 832  HV  cores 5565 5523 9  time 389.139 1.13766 1226.12
Iteration 833  HV  cores 5573 5531 8  time 389.606 1.13766 1228.47
Iteration 834  HV  cores 5581 5539 8  time 389.994 1.13766 1230.82
Iteration 835  HV  cores 5589 5547 8  time 390.405 1.13766 1233.15
Iteration 836  HV  cores 5599 5557 10  time 391.135 1.13766 1235.48
Iteration 837  HV  cores 5608 5566 9  time 391.729 1.13766 1237.82
Iteration 838  HV  cores 5614 5572 6  time 392.066 1.13766 1240.17
Iteration 839  HV  cores 5622 5580 8  time 392.4 1.13766 1242.54
Iteration 840  HV  cores 5631 5589 9  time 392.97 1.13766 1244.9
Iteration 841  HV  cores 5638 5596 7  time 393.299 1.13766 1247.27
Iteration 842  HV  cores 5645 5603 7  time 393.644 1.13766 1249.64
Iteration 843  HV  cores 5651 5608 6  time 393.984 1.13766 1252.02
Iteration 844  HV  cores 5658 5615 7  time 394.257 1.13766 1254.4
Iteration 845  HV  cores 5665 5621 7  time 394.57 1.13766 1256.78
Iteration 846  HV  cores 5672 5628 7  time 395.052 1.13766 1259.08
Iteration 847  HV  cores 5675 5631 3  time 395.27 1.13766 1261.44
Iteration 848  HV  cores 5682 5638 7  time 395.752 1.13766 1263.81
Iteration 849  HV  cores 5689 5645 7  time 396.09 1.13766 1266.18
Iteration 850  HV  cores 5696 5652 7  time 396.585 1.13766 1268.54
Iteration 851  HV  cores 5704 5660 8  time 396.955 1.13766 1270.94
Iteration 852  HV  cores 5710 5666 6  time 397.156 1.13766 1273.33
Iteration 853  HV  cores 5717 5673 7  time 397.453 1.13766 1275.73
Iteration 854  HV  cores 5724 5680 7  time 397.82 1.13766 1278.12
Iteration 855  HV  cores 5732 5688 8  time 398.267 1.13766 1280.51
Iteration 856  HV  cores 5741 5696 9  time 398.655 1.13766 1282.9
Iteration 857  HV  cores 5749 5704 8  time 399.141 1.13766 1285.28
Iteration 858  HV  cores 5755 5710 6  time 399.447 1.13766 1287.68
Iteration 859  HV  cores 5764 5719 9  time 399.909 1.13766 1290.06
Iteration 860  HV  cores 5772 5727 8  time 400.296 1.13766 1292.46
Iteration 861  HV  cores 5779 5734 7  time 400.783 1.13766 1294.85
Iteration 862  HV  cores 5787 5742 8  time 401.388 1.13766 1297.27
Iteration 863  HV  cores 5792 5747 5  time 401.55 1.13766 1299.62
Iteration 864  HV  cores 5796 5751 4  time 401.88 1.13766 1302.02
Iteration 865  HV  cores 5803 5758 7  time 402.318 1.13766 1304.42
Iteration 866  HV  cores 5811 5766 8  time 402.665 1.13766 1306.78
Iteration 867  HV  cores 5816 5771 5  time 402.873 1.13766 1309.18
Iteration 868  HV  cores 5824 5779 8  time 403.236 1.13766 1311.63
Iteration 869  HV  cores 5833 5788 9  time 403.763 1.13766 1314.08
Iteration 870  HV  cores 5842 5797 9  time 404.219 1.13766 1316.47
Iteration 871  HV  cores 5845 5800 3  time 404.42 1.13766 1318.93
Iteration 872  HV  cores 5852 5807 7  time 404.683 1.13766 1321.39
Iteration 873  HV  cores 5860 5815 8  time 405.046 1.13766 1323.77
Iteration 874  HV  cores 5862 5817 2  time 405.084 1.13766 1326.14
Iteration 875  HV  cores 5866 5821 4  time 405.27 1.13766 1328.57
Iteration 876  HV  cores 5873 5828 7  time 405.617 1.13766 1330.95
Iteration 877  HV  cores 5877 5832 4  time 405.778 1.13766 1333.4
Iteration 878  HV  cores 5884 5839 7  time 406.302 1.13766 1335.86
Iteration 879  HV  cores 5891 5846 7  time 406.984 1.13766 1338.31
Iteration 880  HV  cores 5898 5853 7  time 407.221 1.13766 1340.77
Iteration 881  HV  cores 5906 5861 8  time 407.653 1.13766 1343.22
Iteration 882  HV  cores 5912 5867 6  time 407.915 1.13766 1345.7
Iteration 883  HV  cores 5920 5875 8  time 408.308 1.13766 1348.17
Iteration 884  HV  cores 5926 5881 6  time 408.558 1.13766 1350.63
Iteration 885  HV  cores 5934 5889 8  time 408.854 1.13766 1353.07
Iteration 886  HV  cores 5941 5896 7  time 409.117 1.13766 1355.53
Iteration 887  HV  cores 5948 5903 7  time 409.396 1.13766 1357.99
Iteration 888  HV  cores 5956 5911 8  time 409.993 1.13766 1360.45
Iteration 889  HV  cores 5963 5918 7  time 410.36 1.13766 1362.91
Iteration 890  HV  cores 5970 5925 7  time 410.687 1.13766 1365.38
Iteration 891  HV  cores 5978 5933 8  time 411.144 1.13766 1367.85
Iteration 892  HV  cores 5985 5940 7  time 411.586 1.13766 1370.34
Iteration 893  HV  cores 5994 5948 9  time 412.045 1.13766 1372.75
Iteration 894  HV  cores 5999 5953 5  time 412.216 1.13766 1375.23
Iteration 895  HV  cores 6006 5960 7  time 412.545 1.13766 1377.71
Iteration 896  HV  cores 6013 5967 7  time 412.878 1.13766 1380.19
Iteration 897  HV  cores 6020 5974 7  time 413.126 1.13766 1382.66
Iteration 898  HV  cores 6027 5981 7  time 413.634 1.13766 1385.13
Iteration 899  HV  cores 6034 5988 7  time 414.059 1.13766 1387.59
Iteration 900  HV  cores 6041 5995 7  time 414.482 1.13766 1390.1
Iteration 901  HV  cores 6049 6003 8  time 415.229 1.13766 1392.59
Iteration 902  HV  cores 6057 6011 8  time 415.743 1.13766 1395.07
Iteration 903  HV  cores 6065 6019 8  time 416.041 1.13766 1397.53
Iteration 904  HV  cores 6070 6024 5  time 416.196 1.13766 1400.01
Iteration 905  HV  cores 6077 6031 7  time 416.629 1.13766 1402.52
Iteration 906  HV  cores 6084 6038 7  time 417.165 1.13766 1405.02
Iteration 907  HV  cores 6090 6044 6  time 417.536 1.13766 1407.51
Iteration 908  HV  cores 6098 6052 8  time 417.998 1.13766 1410.02
Iteration 909  HV  cores 6104 6058 6  time 418.414 1.13766 1412.55
Iteration 910  HV  cores 6113 6067 9  time 418.871 1.13766 1415.05
Iteration 911  HV  cores 6121 6075 8  time 419.352 1.13766 1417.55
Iteration 912  HV  cores 6129 6083 8  time 419.908 1.13766 1420.06
Iteration 913  HV  cores 6136 6090 7  time 420.42 1.13766 1422.57
Iteration 914  HV  cores 6143 6097 7  time 421.074 1.13766 1425.1
Iteration 915  HV  cores 6150 6104 7  time 422.028 1.13766 1427.61
Iteration 916  HV  cores 6159 6113 9  time 422.7 1.13766 1430.14
Iteration 917  HV  cores 6166 6120 7  time 423.127 1.13766 1432.68
Iteration 918  HV  cores 6173 6127 7  time 423.485 1.13766 1435.21
Iteration 919  HV  cores 6181 6135 8  time 423.893 1.13766 1437.76
Iteration 920  HV  cores 6187 6141 6  time 424.176 1.13766 1440.31
Iteration 921  HV  cores 6195 6149 8  time 424.615 1.13766 1442.85
Iteration 922  HV  cores 6201 6155 6  time 424.855 1.13766 1445.4
Iteration 923  HV  cores 6209 6162 8  time 425.301 1.13766 1447.94
Iteration 924  HV  cores 6216 6169 7  time 425.951 1.13766 1450.49
Iteration 925  HV  cores 6224 6177 8  time 426.387 1.13766 1452.97
Iteration 926  HV  cores 6229 6182 5  time 426.637 1.13766 1455.49
Iteration 927  HV  cores 6236 6189 7  time 427.053 1.13766 1458
Iteration 928  HV  cores 6240 6193 4  time 427.155 1.13766 1460.57
Iteration 929  HV  cores 6246 6199 6  time 427.492 1.13766 1463.13
Iteration 930  HV  cores 6254 6207 8  time 428.05 1.13766 1465.67
Iteration 931  HV  cores 6262 6215 8  time 428.447 1.13766 1468.22
Iteration 932  HV  cores 6269 6222 7  time 428.962 1.13766 1470.78
Iteration 933  HV  cores 6276 6229 7  time 429.241 1.13766 1473.34
Iteration 934  HV  cores 6282 6235 6  time 429.42 1.13766 1475.9
Iteration 935  HV  cores 6290 6243 8  time 429.705 1.13766 1478.46
Iteration 936  HV  cores 6298 6251 8  time 430.216 1.13766 1481.02
Iteration 937  HV  cores 6304 6257 6  time 430.42 1.13766 1483.58
Iteration 938  HV  cores 6311 6264 7  time 430.665 1.13766 1486.14
Iteration 939  HV  cores 6318 6270 7  time 431.057 1.13766 1488.7
Iteration 940  HV  cores 6324 6276 6  time 431.366 1.13766 1491.28
Iteration 941  HV  cores 6332 6284 8  time 431.799 1.13766 1493.87
Iteration 942  HV  cores 6340 6291 8  time 432.26 1.13766 1496.45
Iteration 943  HV  cores 6348 6299 8  time 432.522 1.13766 1499.02
Iteration 944  HV  cores 6356 6307 8  time 432.987 1.13766 1501.58
Iteration 945  HV  cores 6364 6315 8  time 433.494 1.13766 1504.15
Iteration 946  HV  cores 6373 6324 9  time 434.154 1.13766 1506.77
Iteration 947  HV  cores 6380 6331 7  time 434.54 1.13766 1509.34
Iteration 948  HV  cores 6386 6337 6  time 434.846 1.13766 1511.95
Iteration 949  HV  cores 6392 6343 6  time 435.489 1.13766 1514.55
Iteration 950  HV  cores 6399 6350 7  time 435.921 1.13766 1517.09
Iteration 951  HV  cores 6403 6354 4  time 436.217 1.13766 1519.69
Iteration 952  HV  cores 6410 6361 7  time 436.493 1.13766 1522.28
Iteration 953  HV  cores 6417 6368 7  time 436.68 1.13766 1524.85
Iteration 954  HV  cores 6425 6376 8  time 436.953 1.13766 1527.4
Iteration 955  HV  cores 6428 6379 3  time 437.211 1.13766 1530
Iteration 956  HV  cores 6435 6386 7  time 437.525 1.13766 1532.54
Iteration 957  HV  cores 6438 6389 3  time 437.747 1.13766 1535.08
Iteration 958  HV  cores 6442 6393 4  time 437.852 1.13766 1537.63
Iteration 959  HV  cores 6446 6397 4  time 438.016 1.13766 1540.25
Iteration 960  HV  cores 6454 6405 8  time 438.572 1.13766 1542.88
Iteration 961  HV  cores 6461 6412 7  time 438.872 1.13766 1545.47
Iteration 962  HV  cores 6469 6420 8  time 439.182 1.13766 1548.06
Iteration 963  HV  cores 6477 6427 8  time 439.574 1.13766 1550.66
Iteration 964  HV  cores 6486 6436 9  time 439.963 1.13766 1553.27
Iteration 965  HV  cores 6494 6444 8  time 440.567 1.13766 1555.87
Iteration 966  HV  cores 6501 6451 7  time 440.775 1.13766 1558.43
Iteration 967  HV  cores 6505 6455 4  time 441.033 1.13766 1561.04
Iteration 968  HV  cores 6513 6463 8  time 441.579 1.13766 1563.69
Iteration 969  HV  cores 6520 6470 7  time 442.047 1.13766 1566.26
Iteration 970  HV  cores 6525 6475 5  time 442.38 1.13766 1568.92
Iteration 971  HV  cores 6533 6483 8  time 442.796 1.13766 1571.55
Iteration 972  HV  cores 6540 6490 7  time 443.283 1.13766 1574.13
Iteration 973  HV  cores 6544 6494 4  time 443.43 1.13766 1576.75
Iteration 974  HV  cores 6552 6502 8  time 443.832 1.13766 1579.38
Iteration 975  HV  cores 6561 6511 9  time 444.251 1.13766 1582.04
Iteration 976  HV  cores 6569 6519 8  time 444.664 1.13766 1584.69
Iteration 977  HV  cores 6577 6527 8  time 445.094 1.13766 1587.35
Iteration 978  HV  cores 6584 6532 7  time 445.342 1.13766 1590.01
Iteration 979  HV  cores 6591 6539 7  time 445.744 1.13766 1592.66
Iteration 980  HV  cores 6597 6545 6  time 446.155 1.13766 1595.3
Iteration 981  HV  cores 6604 6552 7  time 446.629 1.13766 1597.95
Iteration 982  HV  cores 6612 6560 8  time 447.062 1.13766 1600.6
Iteration 983  HV  cores 6620 6568 8  time 447.475 1.13766 1603.27
Iteration 984  HV  cores 6628 6576 8  time 448.039 1.13766 1605.96
Iteration 985  HV  cores 6635 6583 7  time 448.434 1.13766 1608.66
Iteration 986  HV  cores 6643 6590 8  time 448.706 1.13766 1611.35
Iteration 987  HV  cores 6651 6598 8  time 449.269 1.13766 1613.97
Iteration 988  HV  cores 6656 6603 5  time 449.525 1.13766 1616.67
Iteration 989  HV  cores 6664 6611 8  time 450.089 1.13766 1619.37
Iteration 990  HV  cores 6671 6618 7  time 450.506 1.13766 1622.07
Iteration 991  HV  cores 6679 6626 8  time 450.954 1.13766 1624.74
Iteration 992  HV  cores 6686 6633 7  time 451.266 1.13766 1627.42
Iteration 993  HV  cores 6693 6640 7  time 451.619 1.13766 1630.09
Iteration 994  HV  cores 6697 6644 4  time 451.948 1.13766 1632.77
Iteration 995  HV  cores 6704 6651 7  time 452.308 1.13766 1635.47
Iteration 996  HV  cores 6710 6657 6  time 452.59 1.13766 1638.17
Iteration 997  HV  cores 6718 6665 8  time 452.93 1.13766 1640.87
Iteration 998  HV  cores 6726 6672 8  time 453.398 1.13766 1643.57
Iteration 999  HV  cores 6735 6681 9  time 453.938 1.13766 1646.24
Iteration 1000  HV  cores 6738 6684 3  time 454.029 1.13766 1648.96
Iteration 1001  HV  cores 6745 6691 7  time 454.594 1.13766 1651.68
Iteration 1002  HV  cores 6753 6699 8  time 454.902 1.13766 1654.4
Iteration 1003  HV  cores 6760 6706 7  time 455.216 1.13766 1657.12
Iteration 1004  HV  cores 6768 6714 8  time 455.683 1.13766 1659.85
Iteration 1005  HV  cores 6776 6722 8  time 456.346 1.13766 1662.57
Iteration 1006  HV  cores 6784 6730 8  time 456.643 1.13766 1665.23
Iteration 1007  HV  cores 6788 6734 4  time 456.786 1.13766 1667.97
Iteration 1008  HV  cores 6797 6743 9  time 457.006 1.13766 1670.72
Iteration 1009  HV  cores 6804 6750 7  time 457.358 1.13766 1673.45
Iteration 1010  HV  cores 6812 6758 8  time 457.655 1.13766 1676.18
Iteration 1011  HV  cores 6820 6766 8  time 458.057 1.13766 1678.91
Iteration 1012  HV  cores 6827 6773 7  time 458.421 1.13766 1681.65
Iteration 1013  HV  cores 6834 6780 7  time 458.749 1.13766 1684.38
Iteration 1014  HV  cores 6841 6787 7  time 459.341 1.13766 1687.13
Iteration 1015  HV  cores 6847 6793 6  time 459.63 1.13766 1689.91
Iteration 1016  HV  cores 6856 6802 9  time 460.293 1.13766 1692.67
Iteration 1017  HV  cores 6863 6809 7  time 460.782 1.13766 1695.41
Iteration 1018  HV  cores 6871 6817 8  time 461.06 1.13766 1698.1
Iteration 1019  HV  cores 6876 6822 5  time 461.235 1.13766 1700.84
Iteration 1020  HV  cores 6883 6829 7  time 461.795 1.13766 1703.58
Iteration 1021  HV  cores 6891 6837 8  time 462.209 1.13766 1706.35
Iteration 1022  HV  cores 6899 6845 8  time 462.556 1.13766 1709.12
Iteration 1023  HV  cores 6906 6852 7  time 462.969 1.13766 1711.91
Iteration 1024  HV  cores 6914 6859 8  time 463.478 1.13766 1714.71
Iteration 1025  HV  cores 6921 6866 7  time 463.83 1.13766 1717.5
Iteration 1026  HV  cores 6929 6874 8  time 464.209 1.13766 1720.27
Iteration 1027  HV  cores 6935 6880 6  time 464.551 1.13766 1723.02
Iteration 1028  HV  cores 6942 6887 7  time 464.837 1.13766 1725.78
Iteration 1029  HV  cores 6950 6895 8  time 465.634 1.13766 1728.56
Iteration 1030  HV  cores 6958 6903 8  time 466.304 1.13766 1731.33
Iteration 1031  HV  cores 6966 6911 8  time 466.727 1.13766 1734.1
Iteration 1032  HV  cores 6973 6918 7  time 466.955 1.13766 1736.87
Iteration 1033  HV  cores 6981 6926 8  time 467.606 1.13766 1739.64
Iteration 1034  HV  cores 6989 6934 8  time 467.954 1.13766 1742.42
Iteration 1035  HV  cores 6996 6941 7  time 468.375 1.13766 1745.19
Iteration 1036  HV  cores 7003 6948 7  time 468.599 1.13766 1747.97
Iteration 1037  HV  cores 7011 6956 8  time 469.281 1.13766 1750.77
Iteration 1038  HV  cores 7018 6963 7  time 469.696 1.13766 1753.58
Iteration 1039  HV  cores 7025 6970 7  time 470.368 1.13766 1756.38
Iteration 1040  HV  cores 7033 6978 8  time 470.7 1.13766 1759.17
Iteration 1041  HV  cores 7040 6985 7  time 471.041 1.13766 1761.95
Iteration 1042  HV  cores 7049 6994 9  time 471.376 1.13766 1764.75
Iteration 1043  HV  cores 7058 7003 9  time 471.643 1.13766 1767.57
Iteration 1044  HV  cores 7066 7011 8  time 471.935 1.13766 1770.39
Iteration 1045  HV  cores 7074 7019 8  time 472.354 1.13766 1773.22
Iteration 1046  HV  cores 7082 7027 8  time 472.716 1.13766 1776.05
Iteration 1047  HV  cores 7089 7034 7  time 473.229 1.13766 1778.87
Iteration 1048  HV  cores 7096 7041 7  time 473.655 1.13766 1781.64
Iteration 1049  HV  cores 7100 7045 4  time 473.791 1.13766 1784.47
Iteration 1050  HV  cores 7106 7051 6  time 474.146 1.13766 1787.25
Iteration 1051  HV  cores 7110 7055 4  time 474.312 1.13766 1790.09
Iteration 1052  HV  cores 7119 7064 9  time 474.953 1.13766 1792.93
Iteration 1053  HV  cores 7126 7071 7  time 475.493 1.13766 1795.8
Iteration 1054  HV  cores 7133 7078 7  time 476.065 1.13766 1798.62
Iteration 1055  HV  cores 7140 7085 7  time 476.312 1.13766 1801.47
Iteration 1056  HV  cores 7147 7092 7  time 476.591 1.13766 1804.32
Iteration 1057  HV  cores 7153 7097 6  time 476.829 1.13766 1807.17
Iteration 1058  HV  cores 7161 7105 8  time 477.214 1.13766 1810.04
Iteration 1059  HV  cores 7169 7113 8  time 477.609 1.13766 1812.92
Iteration 1060  HV  cores 7177 7121 8  time 477.938 1.13766 1815.75
Iteration 1061  HV  cores 7185 7129 8  time 478.348 1.13766 1818.62
Iteration 1062  HV  cores 7192 7136 7  time 478.783 1.13766 1821.47
Iteration 1063  HV  cores 7200 7144 8  time 479.028 1.13766 1824.32
Iteration 1064  HV  cores 7208 7150 8  time 479.506 1.13766 1827.17
Iteration 1065  HV  cores 7215 7157 7  time 479.782 1.13766 1830.03
Iteration 1066  HV  cores 7222 7164 7  time 480.199 1.13766 1832.89
Iteration 1067  HV  cores 7230 7172 8  time 480.727 1.13766 1835.69
Iteration 1068  HV  cores 7233 7175 3  time 480.827 1.13766 1838.52
Iteration 1069  HV  cores 7242 7184 9  time 481.261 1.13766 1841.37
Iteration 1070  HV  cores 7250 7189 8  time 481.71 1.13766 1844.21
Iteration 1071  HV  cores 7258 7197 8  time 481.977 1.13766 1847.06
Iteration 1072  HV  cores 7267 7206 9  time 482.477 1.13766 1849.92
Iteration 1073  HV  cores 7276 7215 9  time 482.872 1.13766 1852.78
Iteration 1074  HV  cores 7283 7222 7  time 483.098 1.13766 1855.64
Iteration 1075  HV  cores 7291 7230 8  time 483.376 1.13766 1858.52
Iteration 1076  HV  cores 7297 7236 6  time 483.68 1.13766 1861.41
Iteration 1077  HV  cores 7304 7243 7  time 484.024 1.13766 1864.29
Iteration 1078  HV  cores 7311 7250 7  time 484.515 1.13766 1867.18
Iteration 1079  HV  cores 7319 7258 8  time 484.836 1.13766 1870.06
Iteration 1080  HV  cores 7326 7265 7  time 485.245 1.13766 1872.93
Iteration 1081  HV  cores 7333 7272 7  time 485.507 1.13766 1875.85
Iteration 1082  HV  cores 7341 7280 8  time 485.854 1.13766 1878.72
Iteration 1083  HV  cores 7349 7288 8  time 486.299 1.13766 1881.61
Iteration 1084  HV  cores 7357 7296 8  time 486.941 1.13766 1884.51
Iteration 1085  HV  cores 7365 7304 8  time 487.188 1.13766 1887.41
Iteration 1086  HV  cores 7370 7309 5  time 487.655 1.13766 1890.33
Iteration 1087  HV  cores 7378 7317 8  time 488.162 1.13766 1893.22
Iteration 1088  HV  cores 7385 7324 7  time 488.609 1.13766 1896.11
Iteration 1089  HV  cores 7392 7331 7  time 489.09 1.13766 1898.99
Iteration 1090  HV  cores 7399 7338 7  time 489.406 1.13766 1901.91
Iteration 1091  HV  cores 7408 7347 9  time 489.914 1.13766 1904.83
Iteration 1092  HV  cores 7416 7355 8  time 490.5 1.13766 1907.77
Iteration 1093  HV  cores 7422 7361 6  time 491.096 1.13766 1910.7
Iteration 1094  HV  cores 7429 7368 7  time 491.422 1.13766 1913.63
Iteration 1095  HV  cores 7437 7376 8  time 491.87 1.13766 1916.57
Iteration 1096  HV  cores 7445 7384 8  time 492.169 1.13766 1919.45
Iteration 1097  HV  cores 7449 7388 4  time 492.281 1.13766 1922.39
Iteration 1098  HV  cores 7457 7396 8  time 492.753 1.13766 1925.28
Iteration 1099  HV  cores 7463 7402 6  time 493.043 1.13766 1928.22
Iteration 1100  HV  cores 7473 7412 10  time 493.503 1.13766 1931.15
Iteration 1101  HV  cores 7480 7419 7  time 493.977 1.13766 1934.09
Iteration 1102  HV  cores 7487 7426 7  time 494.574 1.13766 1937.03
Iteration 1103  HV  cores 7494 7433 7  time 495.016 1.13766 1939.98
Iteration 1104  HV  cores 7503 7442 9  time 495.39 1.13766 1942.92
Iteration 1105  HV  cores 7511 7450 8  time 495.735 1.13766 1945.86
Iteration 1106  HV  cores 7519 7458 8  time 496.208 1.13766 1948.81
Iteration 1107  HV  cores 7526 7465 7  time 496.475 1.13766 1951.72
Iteration 1108  HV  cores 7530 7469 4  time 496.57 1.13766 1954.66
Iteration 1109  HV  cores 7534 7473 4  time 496.705 1.13766 1957.65
Iteration 1110  HV  cores 7541 7480 7  time 496.9 1.13766 1960.65
Iteration 1111  HV  cores 7548 7487 7  time 497.168 1.13766 1963.65
Iteration 1112  HV  cores 7556 7493 8  time 497.514 1.13766 1966.62
Iteration 1113  HV  cores 7564 7501 8  time 498.08 1.13766 1969.6
Iteration 1114  HV  cores 7572 7509 8  time 498.468 1.13766 1972.59
Iteration 1115  HV  cores 7580 7517 8  time 498.744 1.13766 1975.57
Iteration 1116  HV  cores 7587 7523 7  time 499.062 1.13766 1978.56
Iteration 1117  HV  cores 7596 7532 9  time 499.562 1.13766 1981.57
Iteration 1118  HV  cores 7603 7539 7  time 499.847 1.13766 1984.58
Iteration 1119  HV  cores 7610 7546 7  time 500.179 1.13766 1987.57
Iteration 1120  HV  cores 7617 7553 7  time 500.448 1.13766 1990.55
Iteration 1121  HV  cores 7624 7560 7  time 501.047 1.13766 1993.56
Iteration 1122  HV  cores 7631 7567 7  time 501.722 1.13766 1996.55
Iteration 1123  HV  cores 7638 7574 7  time 502.288 1.13766 1999.57
Iteration 1124  HV  cores 7646 7581 8  time 502.671 1.13766 2002.59
Iteration 1125  HV  cores 7653 7588 7  time 503.003 1.13766 2005.61
Iteration 1126  HV  cores 7660 7595 7  time 503.372 1.13766 2008.64
Iteration 1127  HV  cores 7667 7602 7  time 503.882 1.13766 2011.66
Iteration 1128  HV  cores 7673 7608 6  time 504.259 1.13766 2014.69
Iteration 1129  HV  cores 7680 7614 7  time 504.446 1.13766 2017.66
Iteration 1130  HV  cores 7684 7618 4  time 504.612 1.13766 2020.68
Iteration 1131  HV  cores 7691 7625 7  time 504.849 1.13766 2023.74
Iteration 1132  HV  cores 7698 7632 7  time 505.289 1.13766 2026.79
Iteration 1133  HV  cores 7705 7639 7  time 505.867 1.13766 2029.83
Iteration 1134  HV  cores 7713 7647 8  time 506.427 1.13766 2032.88
Iteration 1135  HV  cores 7722 7656 9  time 507.061 1.13766 2035.94
Iteration 1136  HV  cores 7729 7663 7  time 507.447 1.13766 2038.97
Iteration 1137  HV  cores 7737 7671 8  time 507.925 1.13766 2042.04
Iteration 1138  HV  cores 7744 7678 7  time 508.557 1.13766 2045.12
Iteration 1139  HV  cores 7751 7685 7  time 508.802 1.13766 2048.17
Iteration 1140  HV  cores 7759 7693 8  time 509.274 1.13766 2051.23
Iteration 1141  HV  cores 7766 7700 7  time 509.702 1.13766 2054.29
Iteration 1142  HV  cores 7774 7708 8  time 510.007 1.13766 2057.3
Iteration 1143  HV  cores 7778 7712 4  time 510.249 1.13766 2060.32
Iteration 1144  HV  cores 7781 7715 3  time 510.33 1.13766 2063.38
Iteration 1145  HV  cores 7789 7723 8  time 510.608 1.13766 2066.45
Iteration 1146  HV  cores 7797 7731 8  time 511.083 1.13766 2069.52
Iteration 1147  HV  cores 7805 7739 8  time 511.351 1.13766 2072.61
Iteration 1148  HV  cores 7813 7747 8  time 512.063 1.13766 2075.6
Iteration 1149  HV  cores 7817 7751 4  time 512.252 1.13766 2078.67
Iteration 1150  HV  cores 7823 7757 6  time 512.52 1.13766 2081.68
Iteration 1151  HV  cores 7827 7761 4  time 512.712 1.13766 2084.7
Iteration 1152  HV  cores 7831 7765 4  time 512.922 1.13766 2087.79
Iteration 1153  HV  cores 7839 7773 8  time 513.275 1.13766 2090.9
Iteration 1154  HV  cores 7846 7780 7  time 513.636 1.13766 2093.98
Iteration 1155  HV  cores 7854 7788 8  time 514.169 1.13766 2097.11
Iteration 1156  HV  cores 7861 7795 7  time 514.442 1.13766 2100.25
Iteration 1157  HV  cores 7868 7802 7  time 514.688 1.13766 2103.38
Iteration 1158  HV  cores 7875 7809 7  time 515.167 1.13766 2106.47
Iteration 1159  HV  cores 7883 7817 8  time 515.604 1.13766 2109.58
Iteration 1160  HV  cores 7891 7825 8  time 516.012 1.13766 2112.63
Iteration 1161  HV  cores 7896 7830 5  time 516.188 1.13766 2115.74
Iteration 1162  HV  cores 7904 7838 8  time 516.57 1.13766 2118.85
Iteration 1163  HV  cores 7912 7846 8  time 517.178 1.13766 2121.95
Iteration 1164  HV  cores 7921 7855 9  time 517.467 1.13766 2125.05
Iteration 1165  HV  cores 7928 7862 7  time 517.838 1.13766 2128.16
Iteration 1166  HV  cores 7935 7869 7  time 518.324 1.13766 2131.27
Iteration 1167  HV  cores 7944 7878 9  time 518.62 1.13766 2134.37
Iteration 1168  HV  cores 7953 7887 9  time 519.072 1.13766 2137.49
Iteration 1169  HV  cores 7960 7894 7  time 519.373 1.13766 2140.62
Iteration 1170  HV  cores 7968 7902 8  time 519.589 1.13766 2143.74
Iteration 1171  HV  cores 7975 7909 7  time 519.973 1.13766 2146.86
Iteration 1172  HV  cores 7982 7916 7  time 520.406 1.13766 2149.91
Iteration 1173  HV  cores 7986 7920 4  time 520.535 1.13766 2153.06
Iteration 1174  HV  cores 7994 7927 8  time 520.873 1.13766 2156.21
Iteration 1175  HV  cores 8004 7936 10  time 521.185 1.13766 2159.36
Iteration 1176  HV  cores 8013 7945 9  time 521.613 1.13766 2162.5
Iteration 1177  HV  cores 8021 7953 8  time 521.959 1.13766 2165.64
Iteration 1178  HV  cores 8029 7961 8  time 522.327 1.13766 2168.8
Iteration 1179  HV  cores 8036 7968 7  time 522.644 1.13766 2171.91
Iteration 1180  HV  cores 8044 7976 8  time 523.016 1.13766 2175.05
Iteration 1181  HV  cores 8051 7983 7  time 523.429 1.13766 2178.23
Iteration 1182  HV  cores 8058 7990 7  time 523.98 1.13766 2181.41
Iteration 1183  HV  cores 8065 7997 7  time 524.397 1.13766 2184.61
Iteration 1184  HV  cores 8073 8005 8  time 524.681 1.13766 2187.81
Iteration 1185  HV  cores 8080 8012 7  time 524.891 1.13766 2190.99
Iteration 1186  HV  cores 8087 8019 7  time 525.196 1.13766 2194.07
Iteration 1187  HV  cores 8091 8023 4  time 525.459 1.13766 2197.2
Iteration 1188  HV  cores 8098 8030 7  time 525.863 1.13766 2200.34
Iteration 1189  HV  cores 8105 8037 7  time 526.259 1.13766 2203.52
Iteration 1190  HV  cores 8112 8044 7  time 526.483 1.13766 2206.64
Iteration 1191  HV  cores 8119 8051 7  time 526.872 1.13766 2209.78
Iteration 1192  HV  cores 8128 8060 9  time 527.351 1.13766 2212.9
Iteration 1193  HV  cores 8135 8067 7  time 527.756 1.13766 2216.03
Iteration 1194  HV  cores 8142 8074 7  time 528.055 1.13766 2219.16
Iteration 1195  HV  cores 8149 8081 7  time 528.535 1.13766 2222.3
Iteration 1196  HV  cores 8157 8089 8  time 528.934 1.13766 2225.44
Iteration 1197  HV  cores 8164 8096 7  time 529.3 1.13766 2228.6
Iteration 1198  HV  cores 8170 8102 6  time 529.588 1.13766 2231.77
Iteration 1199  HV  cores 8177 8109 7  time 529.905 1.13766 2234.94
Iteration 1200  HV  cores 8184 8115 7  time 530.242 1.13766 2238.1
Iteration 1201  HV  cores 8192 8123 8  time 530.721 1.13766 2241.28
Iteration 1202  HV  cores 8199 8130 7  time 531.008 1.13766 2244.37
Iteration 1203  HV  cores 8202 8133 3  time 531.21 1.13766 2247.56
Iteration 1204  HV  cores 8209 8140 7  time 531.629 1.13766 2250.71
Iteration 1205  HV  cores 8216 8147 7  time 531.948 1.13766 2253.89
Iteration 1206  HV  cores 8224 8155 8  time 532.486 1.13766 2257.06
Iteration 1207  HV  cores 8230 8161 6  time 532.748 1.13766 2260.18
Iteration 1208  HV  cores 8237 8168 7  time 533.039 1.13766 2263.26
Iteration 1209  HV  cores 8240 8171 3  time 533.152 1.13766 2266.33
Iteration 1210  HV  cores 8245 8176 5  time 533.34 1.13766 2269.51
Iteration 1211  HV  cores 8254 8185 9  time 534.079 1.13766 2272.66
Iteration 1212  HV  cores 8261 8192 7  time 534.421 1.13766 2275.81
Iteration 1213  HV  cores 8267 8198 6  time 534.638 1.13766 2278.93
Iteration 1214  HV  cores 8276 8207 9  time 534.921 1.13766 2282.05
Iteration 1215  HV  cores 8283 8213 7  time 535.257 1.13766 2285.18
Iteration 1216  HV  cores 8292 8222 9  time 535.736 1.13766 2288.31
Iteration 1217  HV  cores 8301 8229 9  time 536.008 1.13766 2291.44
Iteration 1218  HV  cores 8309 8237 8  time 536.36 1.13766 2294.56
Iteration 1219  HV  cores 8317 8245 8  time 536.776 1.13766 2297.68
Iteration 1220  HV  cores 8326 8254 9  time 537.377 1.13766 2300.81
Iteration 1221  HV  cores 8333 8261 7  time 537.759 1.13766 2303.94
Iteration 1222  HV  cores 8341 8269 8  time 538.173 1.13766 2307.06
Iteration 1223  HV  cores 8351 8279 10  time 538.708 1.13766 2310.18
Iteration 1224  HV  cores 8359 8287 8  time 539.187 1.13766 2313.29
Iteration 1225  HV  cores 8366 8294 7  time 539.472 1.13766 2316.4
Iteration 1226  HV  cores 8374 8302 8  time 539.782 1.13766 2319.51
Iteration 1227  HV  cores 8382 8310 8  time 540.14 1.13766 2322.67
Iteration 1228  HV  cores 8388 8316 6  time 540.55 1.13766 2325.83
Iteration 1229  HV  cores 8395 8323 7  time 540.95 1.13766 2329
Iteration 1230  HV  cores 8402 8329 7  time 541.438 1.13766 2332.14
Iteration 1231  HV  cores 8411 8338 9  time 541.865 1.13766 2335.35
Iteration 1232  HV  cores 8417 8344 6  time 542.189 1.13766 2338.56
Iteration 1233  HV  cores 8424 8351 7  time 542.496 1.13766 2341.69
Iteration 1234  HV  cores 8431 8358 7  time 542.808 1.13766 2344.8
Iteration 1235  HV  cores 8438 8365 7  time 543.146 1.13766 2347.91
Iteration 1236  HV  cores 8445 8372 7  time 543.528 1.13766 2351.06
Iteration 1237  HV  cores 8452 8379 7  time 543.984 1.13766 2354.21
Iteration 1238  HV  cores 8459 8386 7  time 544.332 1.13766 2357.37
Iteration 1239  HV  cores 8466 8393 7  time 544.6 1.13766 2360.5
Iteration 1240  HV  cores 8472 8399 6  time 544.785 1.13766 2363.62
Iteration 1241  HV  cores 8478 8405 6  time 545.06 1.13766 2366.75
Iteration 1242  HV  cores 8484 8411 6  time 545.381 1.13766 2369.88
Iteration 1243  HV  cores 8490 8417 6  time 545.59 1.13766 2373
Iteration 1244  HV  cores 8497 8424 7  time 545.83 1.13766 2376.14
Iteration 1245  HV  cores 8503 8430 6  time 546.049 1.13766 2379.27
Iteration 1246  HV  cores 8509 8436 6  time 546.344 1.13766 2382.35
Iteration 1247  HV  cores 8513 8440 4  time 546.474 1.13766 2385.48
Iteration 1248  HV  cores 8520 8447 7  time 546.835 1.13766 2388.59
Iteration 1249  HV  cores 8527 8454 7  time 547.171 1.13766 2391.7
Iteration 1250  HV  cores 8535 8462 8  time 547.423 1.13766 2394.81
Iteration 1251  HV  cores 8543 8469 8  time 547.597 1.13766 2397.93
Iteration 1252  HV  cores 8551 8476 8  time 547.932 1.13766 2401.11
Iteration 1253  HV  cores 8558 8483 7  time 548.467 1.13766 2404.23
Iteration 1254  HV  cores 8565 8490 7  time 548.669 1.13766 2407.29
Iteration 1255  HV  cores 8568 8493 3  time 548.864 1.13766 2410.43
Iteration 1256  HV  cores 8575 8500 7  time 549.146 1.13766 2413.61
Iteration 1257  HV  cores 8582 8507 7  time 549.412 1.13766 2416.67
Iteration 1258  HV  cores 8585 8510 3  time 549.551 1.13766 2419.8
Iteration 1259  HV  cores 8592 8517 7  time 549.857 1.13766 2422.97
Iteration 1260  HV  cores 8599 8524 7  time 550.202 1.13766 2426.14
Iteration 1261  HV  cores 8605 8530 6  time 550.403 1.13766 2429.31
Iteration 1262  HV  cores 8612 8537 7  time 550.694 1.13766 2432.38
Iteration 1263  HV  cores 8615 8540 3  time 550.773 1.13766 2435.53
Iteration 1264  HV  cores 8621 8546 6  time 551.177 1.13766 2438.69
Iteration 1265  HV  cores 8628 8553 7  time 551.413 1.13766 2441.84
Iteration 1266  HV  cores 8634 8559 6  time 551.882 1.13766 2444.97
Iteration 1267  HV  cores 8641 8566 7  time 552.355 1.13766 2448.14
Iteration 1268  HV  cores 8647 8572 6  time 552.582 1.13766 2451.29
Iteration 1269  HV  cores 8655 8580 8  time 552.934 1.13766 2454.47
Iteration 1270  HV  cores 8663 8588 8  time 553.195 1.13766 2457.63
Iteration 1271  HV  cores 8670 8595 7  time 553.464 1.13766 2460.78
Iteration 1272  HV  cores 8676 8601 6  time 553.772 1.13766 2463.93
Iteration 1273  HV  cores 8684 8609 8  time 554.151 1.13766 2467.09
Iteration 1274  HV  cores 8692 8617 8  time 554.407 1.13766 2470.27
Iteration 1275  HV  cores 8701 8626 9  time 555.031 1.13766 2473.45
Iteration 1276  HV  cores 8709 8634 8  time 555.585 1.13766 2476.61
Iteration 1277  HV  cores 8717 8642 8  time 556.081 1.13766 2479.74
Iteration 1278  HV  cores 8726 8651 9  time 556.536 1.13766 2482.87
Iteration 1279  HV  cores 8733 8658 7  time 556.926 1.13766 2485.97
Iteration 1280  HV  cores 8737 8662 4  time 556.994 1.13766 2489.13
Iteration 1281  HV  cores 8744 8669 7  time 557.309 1.13766 2492.29
Iteration 1282  HV  cores 8751 8676 7  time 557.862 1.13766 2495.48
Iteration 1283  HV  cores 8757 8682 6  time 558.059 1.13766 2498.67
Iteration 1284  HV  cores 8764 8689 7  time 558.46 1.13766 2501.82
Iteration 1285  HV  cores 8769 8694 5  time 558.655 1.13766 2504.9
Iteration 1286  HV  cores 8774 8699 5  time 558.817 1.13766 2508.07
Iteration 1287  HV  cores 8781 8706 7  time 559.234 1.13766 2511.23
Iteration 1288  HV  cores 8788 8712 7  time 559.556 1.13766 2514.3
Iteration 1289  HV  cores 8792 8716 4  time 559.885 1.13766 2517.5
Iteration 1290  HV  cores 8798 8722 6  time 560.152 1.13766 2520.72
Iteration 1291  HV  cores 8806 8730 8  time 560.77 1.13766 2523.92
Iteration 1292  HV  cores 8813 8737 7  time 561.144 1.13766 2527.13
Iteration 1293  HV  cores 8820 8744 7  time 561.614 1.13766 2530.36
Iteration 1294  HV  cores 8827 8751 7  time 561.814 1.13766 2533.59
Iteration 1295  HV  cores 8833 8757 6  time 562.085 1.13766 2536.7
Iteration 1296  HV  cores 8837 8761 4  time 562.27 1.13766 2539.85
Iteration 1297  HV  cores 8846 8770 9  time 562.733 1.13766 2542.94
Iteration 1298  HV  cores 8850 8774 4  time 562.81 1.13766 2546.14
Iteration 1299  HV  cores 8857 8781 7  time 563.304 1.13766 2549.33
Iteration 1300  HV  cores 8865 8789 8  time 563.608 1.13766 2552.51
Iteration 1301  HV  cores 8873 8797 8  time 569.749 1.13766 2555.7
Iteration 1302  HV  cores 8881 8805 8  time 570.05 1.13766 2558.88
Iteration 1303  HV  cores 8887 8811 6  time 570.269 1.13766 2562.07
Iteration 1304  HV  cores 8893 8817 6  time 570.433 1.13766 2565.19
Iteration 1305  HV  cores 8899 8823 6  time 570.709 1.13766 2568.38
Iteration 1306  HV  cores 8906 8830 7  time 570.999 1.13766 2571.52
Iteration 1307  HV  cores 8910 8834 4  time 571.126 1.13766 2574.65
Iteration 1308  HV  cores 8915 8839 5  time 571.221 1.13766 2577.83
Iteration 1309  HV  cores 8921 8845 6  time 571.388 1.13766 2581.02
Iteration 1310  HV  cores 8929 8853 8  time 571.739 1.13766 2584.2
Iteration 1311  HV  cores 8937 8861 8  time 572.145 1.13766 2587.4
Iteration 1312  HV  cores 8944 8868 7  time 572.346 1.13766 2590.59
Iteration 1313  HV  cores 8951 8875 7  time 572.679 1.13766 2593.82
Iteration 1314  HV  cores 8958 8882 7  time 572.875 1.13766 2597.06
Iteration 1315  HV  cores 8965 8889 7  time 573.188 1.13766 2600.29
Iteration 1316  HV  cores 8972 8896 7  time 573.647 1.13766 2603.53
Iteration 1317  HV  cores 8980 8904 8  time 574.145 1.13766 2606.75
Iteration 1318  HV  cores 8988 8912 8  time 574.549 1.13766 2609.97
Iteration 1319  HV  cores 8995 8919 7  time 575.002 1.13766 2613.2
Iteration 1320  HV  cores 9003 8927 8  time 575.312 1.13766 2616.45
Iteration 1321  HV  cores 9010 8934 7  time 575.81 1.13766 2619.71
Iteration 1322  HV  cores 9018 8942 8  time 576.116 1.13766 2622.95
Iteration 1323  HV  cores 9025 8949 7  time 576.476 1.13766 2626.1
Iteration 1324  HV  cores 9029 8953 4  time 576.722 1.13766 2629.33
Iteration 1325  HV  cores 9037 8961 8  time 577.274 1.13766 2632.56
Iteration 1326  HV  cores 9045 8968 8  time 577.511 1.13766 2635.81
Iteration 1327  HV  cores 9054 8977 9  time 577.997 1.13766 2638.97
Iteration 1328  HV  cores 9058 8981 4  time 578.094 1.13766 2642.13
Iteration 1329  HV  cores 9061 8984 3  time 578.176 1.13766 2645.36
Iteration 1330  HV  cores 9068 8991 7  time 578.579 1.13766 2648.6
Iteration 1331  HV  cores 9074 8997 6  time 578.915 1.13766 2651.79
Iteration 1332  HV  cores 9079 9002 5  time 579.188 1.13766 2655.06
Iteration 1333  HV  cores 9085 9008 6  time 579.573 1.13766 2658.33
Iteration 1334  HV  cores 9093 9015 8  time 579.975 1.13766 2661.6
Iteration 1335  HV  cores 9100 9022 7  time 580.403 1.13766 2664.86
Iteration 1336  HV  cores 9108 9029 8  time 580.983 1.13766 2668.1
Iteration 1337  HV  cores 9115 9036 7  time 581.438 1.13766 2671.34
Iteration 1338  HV  cores 9123 9044 8  time 581.834 1.13766 2674.62
Iteration 1339  HV  cores 9130 9051 7  time 582.067 1.13766 2677.83
Iteration 1340  HV  cores 9137 9058 7  time 582.378 1.13766 2681.08
Iteration 1341  HV  cores 9143 9064 6  time 582.668 1.13766 2684.37
Iteration 1342  HV  cores 9150 9071 7  time 583.023 1.13766 2687.59
Iteration 1343  HV  cores 9158 9079 8  time 583.37 1.13766 2690.82
Iteration 1344  HV  cores 9165 9086 7  time 583.839 1.13766 2694.08
Iteration 1345  HV  cores 9172 9093 7  time 584.328 1.13766 2697.32
Iteration 1346  HV  cores 9179 9100 7  time 584.707 1.13766 2700.57
Iteration 1347  HV  cores 9185 9106 6  time 584.924 1.13766 2703.82
Iteration 1348  HV  cores 9192 9113 7  time 585.303 1.13766 2707.05
Iteration 1349  HV  cores 9199 9120 7  time 585.943 1.13766 2710.32
Iteration 1350  HV  cores 9206 9127 7  time 586.232 1.13766 2713.6
Iteration 1351  HV  cores 9213 9134 7  time 586.626 1.13766 2716.88
Iteration 1352  HV  cores 9221 9141 8  time 586.926 1.13766 2720.16
Iteration 1353  HV  cores 9228 9147 7  time 587.368 1.13766 2723.36
Iteration 1354  HV  cores 9232 9151 4  time 587.443 1.13766 2726.62
Iteration 1355  HV  cores 9240 9159 8  time 587.968 1.13766 2729.89
Iteration 1356  HV  cores 9247 9166 7  time 588.235 1.13766 2733.17
Iteration 1357  HV  cores 9255 9174 8  time 588.523 1.13766 2736.46
Iteration 1358  HV  cores 9262 9181 7  time 588.739 1.13766 2739.75
Iteration 1359  HV  cores 9269 9188 7  time 589.047 1.13766 2743.03
Iteration 1360  HV  cores 9276 9195 7  time 589.271 1.13766 2746.31
Iteration 1361  HV  cores 9284 9203 8  time 589.61 1.13766 2749.51
Iteration 1362  HV  cores 9287 9206 3  time 589.709 1.13766 2752.77
Iteration 1363  HV  cores 9294 9213 7  time 590.03 1.13766 2756.04
Iteration 1364  HV  cores 9302 9220 8  time 590.274 1.13766 2759.31
Iteration 1365  HV  cores 9309 9227 7  time 590.518 1.13766 2762.61
Iteration 1366  HV  cores 9316 9234 7  time 590.767 1.13766 2765.92
Iteration 1367  HV  cores 9323 9241 7  time 591.317 1.13766 2769.23
Iteration 1368  HV  cores 9331 9249 8  time 591.758 1.13766 2772.52
Iteration 1369  HV  cores 9338 9256 7  time 592.082 1.13766 2775.83
Iteration 1370  HV  cores 9345 9263 7  time 592.336 1.13766 2779.13
Iteration 1371  HV  cores 9352 9270 7  time 592.555 1.13766 2782.5
Iteration 1372  HV  cores 9360 9278 8  time 592.852 1.13766 2785.82
Iteration 1373  HV  cores 9368 9286 8  time 593.223 1.13766 2789.13
Iteration 1374  HV  cores 9377 9295 9  time 593.644 1.13766 2792.43
Iteration 1375  HV  cores 9385 9302 8  time 593.957 1.13766 2795.78
Iteration 1376  HV  cores 9391 9308 6  time 594.243 1.13766 2799.12
Iteration 1377  HV  cores 9398 9315 7  time 594.61 1.13766 2802.41
Iteration 1378  HV  cores 9406 9323 8  time 595.129 1.13766 2805.7
Iteration 1379  HV  cores 9413 9330 7  time 595.46 1.13766 2809.03
Iteration 1380  HV  cores 9419 9336 6  time 595.721 1.13766 2812.37
Iteration 1381  HV  cores 9426 9343 7  time 595.977 1.13766 2815.7
Iteration 1382  HV  cores 9433 9350 7  time 596.391 1.13766 2819.04
Iteration 1383  HV  cores 9441 9358 8  time 596.708 1.13766 2822.38
Iteration 1384  HV  cores 9448 9365 7  time 597.082 1.13766 2825.72
Iteration 1385  HV  cores 9454 9371 6  time 597.389 1.13766 2829.06
Iteration 1386  HV  cores 9460 9377 6  time 597.695 1.13766 2832.4
Iteration 1387  HV  cores 9467 9384 7  time 598.035 1.13766 2835.74
Iteration 1388  HV  cores 9474 9391 7  time 598.284 1.13766 2839.06
Iteration 1389  HV  cores 9481 9398 7  time 598.615 1.13766 2842.38
Iteration 1390  HV  cores 9488 9405 7  time 598.866 1.13766 2845.72
Iteration 1391  HV  cores 9495 9411 7  time 599.072 1.13766 2849.08
Iteration 1392  HV  cores 9502 9418 7  time 599.375 1.13766 2852.47
Iteration 1393  HV  cores 9510 9426 8  time 599.731 1.13766 2855.88
Iteration 1394  HV  cores 9517 9433 7  time 600.041 1.13766 2859.27
Iteration 1395  HV  cores 9524 9440 7  time 600.24 1.13766 2862.66
Iteration 1396  HV  cores 9532 9448 8  time 600.785 1.13766 2866.06
Iteration 1397  HV  cores 9539 9454 7  time 601.129 1.13766 2869.42
Iteration 1398  HV  cores 9547 9462 8  time 601.46 1.13766 2872.8
Iteration 1399  HV  cores 9554 9469 7  time 601.841 1.13766 2876.23
Iteration 1400  HV  cores 9562 9477 8  time 602.398 1.13766 2879.65
Iteration 1401  HV  cores 9569 9483 7  time 602.647 1.13766 2883.1
Iteration 1402  HV  cores 9576 9490 7  time 603.089 1.13766 2886.53
Iteration 1403  HV  cores 9582 9496 6  time 603.4 1.13766 2889.88
Iteration 1404  HV  cores 9588 9501 6  time 603.602 1.13766 2893.24
Iteration 1405  HV  cores 9594 9506 6  time 603.927 1.13766 2896.61
Iteration 1406  HV  cores 9601 9512 7  time 604.218 1.13766 2899.96
Iteration 1407  HV  cores 9609 9520 8  time 604.685 1.13766 2903.36
Iteration 1408  HV  cores 9616 9527 7  time 605.051 1.13766 2906.72
Iteration 1409  HV  cores 9624 9535 8  time 605.493 1.13766 2910.1
Iteration 1410  HV  cores 9632 9542 8  time 605.965 1.13766 2913.5
Iteration 1411  HV  cores 9639 9549 7  time 606.152 1.13766 2916.88
Iteration 1412  HV  cores 9646 9556 7  time 606.47 1.13766 2920.26
Iteration 1413  HV  cores 9653 9563 7  time 606.814 1.13766 2923.63
Iteration 1414  HV  cores 9659 9569 6  time 607.089 1.13766 2927.03
Iteration 1415  HV  cores 9666 9576 7  time 607.607 1.13766 2930.43
Iteration 1416  HV  cores 9674 9584 8  time 607.905 1.13766 2933.84
Iteration 1417  HV  cores 9681 9591 7  time 608.104 1.13766 2937.24
Iteration 1418  HV  cores 9690 9600 9  time 608.544 1.13766 2940.64
Iteration 1419  HV  cores 9698 9608 8  time 608.906 1.13766 2944.05
Iteration 1420  HV  cores 9706 9616 8  time 609.176 1.13766 2947.46
Iteration 1421  HV  cores 9712 9622 6  time 609.533 1.13766 2950.86
Iteration 1422  HV  cores 9719 9629 7  time 609.793 1.13766 2954.27
Iteration 1423  HV  cores 9726 9636 7  time 610.301 1.13766 2957.69
Iteration 1424  HV  cores 9733 9643 7  time 610.724 1.13766 2961.12
Iteration 1425  HV  cores 9741 9651 8  time 611.159 1.13766 2964.54
Iteration 1426  HV  cores 9749 9659 8  time 611.447 1.13766 2967.97
Iteration 1427  HV  cores 9755 9665 6  time 611.668 1.13766 2971.4
Iteration 1428  HV  cores 9761 9669 6  time 611.944 1.13766 2974.83
Iteration 1429  HV  cores 9769 9677 8  time 612.287 1.13766 2978.26
