lb 307622 ub 4720997 before adjustment
lb 0 ub 4413375 after adjustment
costs ready
17 variables 131 functions 307622 lb, 4413375 ub
Iteration 0  HV  cores 3 3 3  time 0.031036 0 0
Iteration 1  HV  cores 5 5 2  time 0.049261 0 0
Iteration 2  HV  cores 7 7 2  time 0.062516 0 0
Iteration 3  HV  cores 9 9 2  time 0.074653 0 0
Iteration 4  HV  cores 11 11 2  time 0.088685 0 0
Iteration 5  HV  cores 13 12 2  time 0.102691 0 0
Iteration 6  HV  cores 15 13 2  time 0.11337 0 0
Iteration 7  HV  cores 17 15 2  time 0.131139 0 0
Iteration 8  HV  cores 19 17 2  time 0.139031 0 0
Iteration 9  HV  cores 21 19 2  time 0.162883 0 0
Iteration 10  HV  cores 22 20 1  time 0.186452 0 0
Iteration 11  HV  cores 23 21 1  time 0.196843 0 0
Iteration 12  HV  cores 24 22 1  time 0.204701 0 0
Iteration 13  HV  cores 25 22 1  time 0.214438 0 0
Iteration 14  HV  cores 26 22 1  time 0.222885 0 0
Iteration 15  HV  cores 27 23 1  time 0.234807 0 0
Iteration 16  HV  cores 28 24 1  time 0.248168 0 0
Iteration 17  HV  cores 29 25 1  time 0.316145 0 0
Iteration 18  HV  cores 30 26 1  time 0.362645 0 0
Iteration 19  HV  cores 31 27 1  time 0.443207 0 0
Iteration 20  HV  cores 32 27 1  time 0.479773 0 0
Iteration 21  HV  cores 33 28 1  time 0.507967 0 0
Iteration 22  HV  cores 34 29 1  time 0.534973 0 0
Iteration 23  HV  cores 35 29 1  time 0.547469 0 0
Iteration 24  HV  cores 36 29 1  time 0.568268 0 0
Iteration 25  HV  cores 37 30 1  time 0.601875 0 0
Iteration 26  HV  cores 38 31 1  time 0.618102 0 0
Iteration 27  HV  cores 39 31 1  time 0.646628 0 0
Iteration 28  HV  cores 40 31 1  time 0.662767 0 0
Iteration 29  HV  cores 41 31 1  time 0.678947 0 0
Iteration 30  HV  cores 42 32 1  time 0.70719 0 0
Iteration 31  HV  cores 43 32 1  time 0.732743 0 0
Iteration 32  HV  cores 44 32 1  time 0.753605 0 0
Iteration 33  HV  cores 45 33 1  time 0.880583 0 0
Iteration 34  HV  cores 46 34 1  time 1.00474 0 0
Iteration 35  HV  cores 47 35 1  time 1.01026 0 0
Iteration 36  HV  cores 48 36 1  time 1.01954 0 0
Iteration 37  HV  cores 49 37 1  time 1.02747 0 0
Iteration 38  HV  cores 50 38 1  time 1.03538 0 0
Iteration 39  HV  cores 51 39 1  time 1.04156 0 0
Iteration 40  HV  cores 52 40 1  time 1.10203 0 0
Iteration 41  HV  cores 53 41 1  time 1.15836 0 0
Iteration 42  HV  cores 54 42 1  time 1.20203 0 0
Iteration 43  HV  cores 55 43 1  time 1.27285 0 0
Iteration 44  HV  cores 56 44 1  time 1.83935 0 0
Iteration 45  HV  cores 57 45 1  time 1.95003 0 0
Iteration 46  HV  cores 58 45 1  time 2.04934 0 0
Iteration 47  HV  cores 59 46 1  time 2.12317 0 0
Iteration 48  HV  cores 60 46 1  time 2.18289 0 0
Iteration 49  HV  cores 61 44 1  time 2.26037 0 0
Iteration 50  HV  cores 62 45 1  time 2.34058 0 0
Iteration 51  HV  cores 63 45 1  time 2.44192 0 0
Iteration 52  HV  cores 64 45 1  time 2.48669 0 0
Iteration 53  HV  cores 65 45 1  time 2.52703 0 0
Iteration 54  HV  cores 66 45 1  time 2.58119 0 0
Iteration 55  HV  cores 67 45 1  time 2.63622 0 0
Iteration 56  HV  cores 68 45 1  time 2.67169 0 0
Iteration 57  HV  cores 69 46 1  time 2.75036 0 0
Iteration 58  HV  cores 70 47 1  time 2.76133 0 0
Iteration 59  HV  cores 71 48 1  time 2.81181 0 0
Iteration 60  HV  cores 72 49 1  time 2.84355 0 0
Iteration 61  HV  cores 73 50 1  time 2.84794 0 0
Iteration 62  HV  cores 74 51 1  time 2.86939 0 0
Iteration 63  HV  cores 75 52 1  time 2.87598 0 0
Iteration 64  HV  cores 76 53 1  time 2.90883 0 0
Iteration 65  HV  cores 77 54 1  time 2.91386 0 0
Iteration 66  HV  cores 78 55 1  time 2.92743 0 0
Iteration 67  HV  cores 79 56 1  time 2.94667 0 0
Iteration 68  HV  cores 80 57 1  time 2.96261 0 0
Iteration 69  HV  cores 81 57 1  time 2.97772 0 0
Iteration 70  HV  cores 82 58 1  time 2.99227 0 0
Iteration 71  HV  cores 83 59 1  time 3.03649 0 0
Iteration 72  HV  cores 84 60 1  time 3.0803 0 0
Iteration 73  HV  cores 85 60 1  time 3.10072 0 0
Iteration 74  HV  cores 86 61 1  time 3.14326 0 0
Iteration 75  HV  cores 87 62 1  time 3.16338 0 0
Iteration 76  HV  cores 88 62 1  time 3.17803 0 0
Iteration 77  HV  cores 89 62 1  time 3.19519 0 0
Iteration 78  HV  cores 90 63 1  time 3.22686 0 0
Iteration 79  HV  cores 91 63 1  time 3.24704 0 0
Iteration 80  HV  cores 92 64 1  time 3.26475 0 0
Iteration 81  HV  cores 93 64 1  time 3.28959 0 0
Iteration 82  HV  cores 94 64 1  time 3.30123 0 0
Iteration 83  HV  cores 95 65 1  time 3.35091 0 0
Iteration 84  HV  cores 96 66 1  time 3.37164 0 0
Iteration 85  HV  cores 97 66 1  time 3.389 0 0
Iteration 86  HV  cores 98 67 1  time 3.42968 0 0
Iteration 87  HV  cores 99 68 1  time 3.44308 0 0
Iteration 88  HV  cores 100 68 1  time 3.45149 0 0
Iteration 89  HV  cores 101 68 1  time 3.46202 0 0
Iteration 90  HV  cores 102 68 1  time 3.47038 0 0
Iteration 91  HV  cores 103 68 1  time 3.48116 0 0
Iteration 92  HV  cores 104 68 1  time 3.49308 0 0
Iteration 93  HV  cores 105 68 1  time 3.50344 0 0
Iteration 94  HV  cores 106 68 1  time 3.51608 0 0
Iteration 95  HV  cores 107 68 1  time 3.53376 0 0
Iteration 96  HV  cores 108 68 1  time 3.54656 0 0
Iteration 97  HV  cores 109 69 1  time 3.58991 0 0
Iteration 98  HV  cores 110 70 1  time 3.61335 0 0
Iteration 99  HV  cores 111 70 1  time 3.63094 0 0
Iteration 100  HV  cores 112 70 1  time 3.65532 0 0
Iteration 101  HV  cores 113 70 1  time 3.66905 0 0
Iteration 102  HV  cores 114 71 1  time 3.71434 0 0
Iteration 103  HV  cores 115 71 1  time 3.73956 0 0
Iteration 104  HV  cores 116 71 1  time 3.76603 0 0
Iteration 105  HV  cores 117 71 1  time 3.79323 0 0
Iteration 106  HV  cores 118 72 1  time 3.81352 0 0
Iteration 107  HV  cores 119 73 1  time 3.85215 0 0
Iteration 108  HV  cores 120 74 1  time 3.90131 0 0
Iteration 109  HV  cores 121 75 1  time 3.92459 0 0
Iteration 110  HV  cores 122 76 1  time 3.93682 0 0
Iteration 111  HV  cores 123 77 1  time 3.94234 0 0
Iteration 112  HV  cores 124 78 1  time 3.9523 0 0
Iteration 113  HV  cores 125 79 1  time 3.95898 0 0
Iteration 114  HV  cores 126 79 1  time 3.97702 0 0
Iteration 115  HV  cores 127 80 1  time 4.01037 0 0
Iteration 116  HV  cores 128 80 1  time 4.0182 0 0
Iteration 117  HV  cores 129 81 1  time 4.02778 0 0
Iteration 118  HV  cores 130 80 1  time 4.0427 0 0
Iteration 119  HV  cores 131 80 1  time 4.05755 0 0
Iteration 120  HV  cores 132 81 1  time 4.07046 0 0
Iteration 121  HV  cores 133 82 1  time 4.07985 0 0
Iteration 122  HV  cores 134 83 1  time 4.10944 0 0
Iteration 123  HV  cores 135 83 1  time 4.11607 0 0
Iteration 124  HV  cores 136 84 1  time 4.13853 0 0
Iteration 125  HV  cores 137 85 1  time 4.15191 0 0
Iteration 126  HV  cores 138 86 1  time 4.16137 0 0
Iteration 127  HV  cores 139 87 1  time 4.17439 0 0
Iteration 128  HV  cores 140 88 1  time 4.17815 0 0
Iteration 129  HV  cores 141 89 1  time 4.18195 0 0
Iteration 130  HV  cores 142 90 1  time 4.19777 0 0
Iteration 131  HV  cores 143 91 1  time 4.20904 0 0
Iteration 132  HV  cores 144 92 1  time 4.25863 0 0
Iteration 133  HV  cores 145 93 1  time 4.28624 0 0
Iteration 134  HV  cores 146 93 1  time 4.30918 0 0
Iteration 135  HV  cores 147 93 1  time 4.32765 0 0
Iteration 136  HV  cores 148 93 1  time 4.35029 0 0
Iteration 137  HV  cores 149 94 1  time 4.3715 0 0
Iteration 138  HV  cores 150 94 1  time 4.38815 0 0
Iteration 139  HV  cores 151 94 1  time 4.40465 0 0
Iteration 140  HV  cores 152 94 1  time 4.4239 0 0
Iteration 141  HV  cores 153 94 1  time 4.44305 0 0
Iteration 142  HV  cores 154 94 1  time 4.45975 0 0
Iteration 143  HV  cores 155 95 1  time 4.48107 0 0
Iteration 144  HV  cores 156 96 1  time 4.55079 0 0
Iteration 145  HV  cores 157 97 1  time 4.55593 0 0
Iteration 146  HV  cores 158 98 1  time 4.5951 0 0
Iteration 147  HV  cores 159 98 1  time 4.61473 0 0
Iteration 148  HV  cores 160 99 1  time 4.66889 0 0
Iteration 149  HV  cores 161 100 1  time 4.71064 0 0
Iteration 150  HV  cores 162 100 1  time 4.7576 0 0
Iteration 151  HV  cores 163 100 1  time 4.78378 0 0
Iteration 152  HV  cores 164 101 1  time 4.80029 0 0
Iteration 153  HV  cores 165 102 1  time 4.82118 0 0
Iteration 154  HV  cores 166 103 1  time 4.83695 0 0
Iteration 155  HV  cores 167 104 1  time 4.84548 0 0
Iteration 156  HV  cores 168 105 1  time 4.85286 0 0
Iteration 157  HV  cores 169 106 1  time 4.86928 0 0
Iteration 158  HV  cores 170 107 1  time 4.87899 0 0
Iteration 159  HV  cores 171 108 1  time 4.92678 0 0
Iteration 160  HV  cores 172 109 1  time 4.97223 0 0
Iteration 161  HV  cores 173 109 1  time 4.98867 0 0
Iteration 162  HV  cores 174 110 1  time 5.00962 0 0
Iteration 163  HV  cores 175 111 1  time 5.01847 0 0
Iteration 164  HV  cores 176 112 1  time 5.03622 0 0
Iteration 165  HV  cores 177 113 1  time 5.04465 0 0
Iteration 166  HV  cores 178 113 1  time 5.05504 0 0
Iteration 167  HV  cores 179 114 1  time 5.06042 0 0
Iteration 168  HV  cores 180 114 1  time 5.06548 0 0
Iteration 169  HV  cores 181 115 1  time 5.09661 0 0
Iteration 170  HV  cores 182 116 1  time 5.11942 0 0
Iteration 171  HV  cores 183 117 1  time 5.12715 0 0
Iteration 172  HV  cores 184 117 1  time 5.1362 0 0
Iteration 173  HV  cores 185 118 1  time 5.15862 0 0
Iteration 174  HV  cores 186 119 1  time 5.17804 0 0
Iteration 175  HV  cores 187 120 1  time 5.20463 0 0
Iteration 176  HV  cores 188 121 1  time 5.22006 0 0
Iteration 177  HV  cores 189 121 1  time 5.2328 0 0
Iteration 178  HV  cores 190 121 1  time 5.25659 0 0
Iteration 179  HV  cores 191 122 1  time 5.27429 0 0
Iteration 180  HV  cores 192 123 1  time 5.28693 0 0
Iteration 181  HV  cores 193 124 1  time 5.29982 0 0
Iteration 182  HV  cores 194 125 1  time 5.3163 0 0
Iteration 183  HV  cores 195 126 1  time 5.36973 0 0
Iteration 184  HV  cores 196 127 1  time 5.37715 0 0
Iteration 185  HV  cores 197 127 1  time 5.38177 0 0
Iteration 186  HV  cores 198 127 1  time 5.38743 0 0
Iteration 187  HV  cores 199 128 1  time 5.39233 0 0
Iteration 188  HV  cores 200 129 1  time 5.39588 0 0
Iteration 189  HV  cores 201 130 1  time 5.43521 0 0
Iteration 190  HV  cores 202 131 1  time 5.4708 0 0
Iteration 191  HV  cores 203 132 1  time 5.50347 0 0
Iteration 192  HV  cores 204 133 1  time 5.5609 0 0
Iteration 193  HV  cores 205 134 1  time 5.60691 0 0
Iteration 194  HV  cores 206 134 1  time 5.64546 0 0
Iteration 195  HV  cores 207 134 1  time 5.66193 0 0
Iteration 196  HV  cores 208 135 1  time 5.70522 0 0
Iteration 197  HV  cores 209 136 1  time 5.76253 0 0
Iteration 198  HV  cores 210 137 1  time 5.83933 0 0
Iteration 199  HV  cores 211 138 1  time 5.92279 0 0
Iteration 200  HV  cores 212 139 1  time 5.97938 0 0
Iteration 201  HV  cores 213 139 1  time 6.00737 0 0
Iteration 202  HV  cores 214 139 1  time 6.03274 0 0
Iteration 203  HV  cores 215 140 1  time 6.04828 0 0
Iteration 204  HV  cores 216 141 1  time 6.06273 0 0
Iteration 205  HV  cores 217 141 1  time 6.07381 0 0
Iteration 206  HV  cores 218 142 1  time 6.09722 0 0
Iteration 207  HV  cores 219 142 1  time 6.10889 0 0
Iteration 208  HV  cores 220 143 1  time 6.13026 0 0
Iteration 209  HV  cores 221 143 1  time 6.14918 0 0
Iteration 210  HV  cores 222 144 1  time 6.1697 0 0
Iteration 211  HV  cores 223 145 1  time 6.18722 0 0
Iteration 212  HV  cores 224 145 1  time 6.20008 0 0
Iteration 213  HV  cores 225 146 1  time 6.21545 0 0
Iteration 214  HV  cores 226 147 1  time 6.26606 0 0
Iteration 215  HV  cores 227 148 1  time 6.28276 0 0
Iteration 216  HV  cores 228 147 1  time 6.29679 0 0
Iteration 217  HV  cores 229 148 1  time 6.32335 0 0
Iteration 218  HV  cores 230 149 1  time 6.39235 0 0
Iteration 219  HV  cores 231 149 1  time 6.42433 0 0
Iteration 220  HV  cores 232 150 1  time 6.46052 0 0
Iteration 221  HV  cores 233 151 1  time 6.51626 0 0
Iteration 222  HV  cores 234 152 1  time 6.55732 0 0
Iteration 223  HV  cores 235 153 1  time 6.57163 0 0
Iteration 224  HV  cores 236 154 1  time 6.61199 0 0
Iteration 225  HV  cores 237 155 1  time 6.67371 0 0
Iteration 226  HV  cores 238 155 1  time 6.68285 0 0
Iteration 227  HV  cores 239 156 1  time 6.69803 0 0
Iteration 228  HV  cores 240 156 1  time 6.71259 0 0
Iteration 229  HV  cores 241 157 1  time 6.76412 0 0
Iteration 230  HV  cores 242 158 1  time 6.81962 0 0
Iteration 231  HV  cores 243 159 1  time 6.86467 0 0
Iteration 232  HV  cores 244 160 1  time 6.88746 0 0
Iteration 233  HV  cores 245 161 1  time 6.90723 0 0
Iteration 234  HV  cores 246 162 1  time 6.9317 0 0
Iteration 235  HV  cores 247 161 1  time 6.95631 0 0
Iteration 236  HV  cores 248 162 1  time 7.1359 0 0
Iteration 237  HV  cores 249 163 1  time 7.2018 0 0
Iteration 238  HV  cores 250 164 1  time 7.28386 0 0
Iteration 239  HV  cores 251 163 1  time 7.32339 0 0
Iteration 240  HV  cores 252 163 1  time 7.34292 0 0
Iteration 241  HV  cores 253 164 1  time 7.37877 0 0
Iteration 242  HV  cores 254 164 1  time 7.39884 0 0
Iteration 243  HV  cores 255 164 1  time 7.41219 0 0
Iteration 244  HV  cores 256 165 1  time 7.44626 0 0
Iteration 245  HV  cores 257 165 1  time 7.4658 0 0
Iteration 246  HV  cores 258 165 1  time 7.48897 0 0
Iteration 247  HV  cores 259 166 1  time 7.50949 0 0
Iteration 248  HV  cores 260 165 1  time 7.5258 0 0
Iteration 249  HV  cores 261 165 1  time 7.54142 0 0
Iteration 250  HV  cores 262 165 1  time 7.56066 0 0
Iteration 251  HV  cores 263 166 1  time 7.58042 0 0
Iteration 252  HV  cores 264 167 1  time 7.65049 0 0
Iteration 253  HV  cores 265 168 1  time 7.69828 0 0
Iteration 254  HV  cores 266 168 1  time 7.71713 0 0
Iteration 255  HV  cores 267 169 1  time 7.76161 0 0
Iteration 256  HV  cores 268 168 1  time 7.80147 0 0
Iteration 257  HV  cores 269 169 1  time 7.84333 0 0
Iteration 258  HV  cores 270 169 1  time 7.87436 0 0
Iteration 259  HV  cores 271 170 1  time 7.92421 0 0
Iteration 260  HV  cores 272 170 1  time 7.96672 0 0
Iteration 261  HV  cores 273 170 1  time 8.00614 0 0
Iteration 262  HV  cores 274 170 1  time 8.02677 0 0
Iteration 263  HV  cores 275 170 1  time 8.05038 0 0
Iteration 264  HV  cores 276 171 1  time 8.0752 0 0
Iteration 265  HV  cores 277 170 1  time 8.10818 0 0
Iteration 266  HV  cores 278 170 1  time 8.15271 0 0
Iteration 267  HV  cores 279 170 1  time 8.18088 0 0
Iteration 268  HV  cores 280 171 1  time 8.194 0 0
Iteration 269  HV  cores 281 170 1  time 8.21495 0 0
Iteration 270  HV  cores 282 171 1  time 8.3602 0 0
Iteration 271  HV  cores 283 172 1  time 8.47744 0 0
Iteration 272  HV  cores 284 173 1  time 8.51208 0 0
Iteration 273  HV  cores 285 174 1  time 8.59945 0 0
Iteration 274  HV  cores 286 175 1  time 8.64914 0 0
Iteration 275  HV  cores 287 175 1  time 8.71322 0 0
Iteration 276  HV  cores 288 176 1  time 8.75682 0 0
Iteration 277  HV  cores 289 176 1  time 8.80962 0 0
Iteration 278  HV  cores 290 177 1  time 8.88428 0 0
Iteration 279  HV  cores 291 178 1  time 8.92097 0 0
Iteration 280  HV  cores 292 178 1  time 8.94511 0 0
Iteration 281  HV  cores 293 179 1  time 8.9779 0 0
Iteration 282  HV  cores 294 179 1  time 9.00096 0 0
Iteration 283  HV  cores 295 179 1  time 9.02706 0 0
Iteration 284  HV  cores 296 179 1  time 9.0653 0 0
Iteration 285  HV  cores 297 178 1  time 9.15362 0 0
Iteration 286  HV  cores 298 179 1  time 9.1768 0 0
Iteration 287  HV  cores 299 179 1  time 9.19533 0 0
Iteration 288  HV  cores 300 179 1  time 9.23634 0 0
Iteration 289  HV  cores 301 179 1  time 9.27069 0 0
Iteration 290  HV  cores 302 180 1  time 9.34123 0 0
Iteration 291  HV  cores 303 181 1  time 9.38949 0 0
Iteration 292  HV  cores 304 181 1  time 9.42834 0 0
Iteration 293  HV  cores 305 181 1  time 9.4567 0 0
Iteration 294  HV  cores 306 182 1  time 9.4816 0 0
Iteration 295  HV  cores 307 181 1  time 9.50875 0 0
Iteration 296  HV  cores 308 182 1  time 9.65711 0 0
Iteration 297  HV  cores 309 183 1  time 9.74559 0 0
Iteration 298  HV  cores 310 184 1  time 9.77581 0 0
Iteration 299  HV  cores 311 184 1  time 9.8266 0 0
Iteration 300  HV  cores 312 185 1  time 9.90257 0 0
Iteration 301  HV  cores 313 186 1  time 9.91813 0 0
Iteration 302  HV  cores 314 187 1  time 9.92606 0 0
Iteration 303  HV  cores 315 188 1  time 9.97562 0 0
Iteration 304  HV  cores 316 189 1  time 9.98902 0 0
Iteration 305  HV  cores 317 190 1  time 10.0005 0 0
Iteration 306  HV  cores 318 191 1  time 10.007 0 0
Iteration 307  HV  cores 319 191 1  time 10.0185 0 0
Iteration 308  HV  cores 320 192 1  time 10.0449 0 0
Iteration 309  HV  cores 321 193 1  time 10.0633 0 0
Iteration 310  HV  cores 322 193 1  time 10.0771 0 0
Iteration 311  HV  cores 323 194 1  time 10.0997 0 0
Iteration 312  HV  cores 324 195 1  time 10.1343 0 0
Iteration 313  HV  cores 325 196 1  time 10.179 0 0
Iteration 314  HV  cores 326 197 1  time 10.2842 0 0
Iteration 315  HV  cores 327 198 1  time 10.3545 0 0
Iteration 316  HV  cores 328 199 1  time 10.421 0 0
Iteration 317  HV  cores 329 200 1  time 10.4355 0 0
Iteration 318  HV  cores 330 200 1  time 10.4473 0 0
Iteration 319  HV  cores 331 201 1  time 10.5829 0 0
Iteration 320  HV  cores 332 201 1  time 10.6223 0 0
Iteration 321  HV  cores 333 201 1  time 10.6414 0 0
Iteration 322  HV  cores 334 202 1  time 10.6592 0 0
Iteration 323  HV  cores 335 201 1  time 10.7563 0 0
Iteration 324  HV  cores 336 202 1  time 10.7898 0 0
Iteration 325  HV  cores 337 202 1  time 10.8148 0 0
Iteration 326  HV  cores 338 202 1  time 10.8453 0 0
Iteration 327  HV  cores 339 202 1  time 10.8927 0 0
Iteration 328  HV  cores 340 202 1  time 10.925 0 0
Iteration 329  HV  cores 341 202 1  time 10.952 0 0
Iteration 330  HV  cores 342 202 1  time 10.9797 0 0
Iteration 331  HV  cores 343 203 1  time 11.0289 0 0
Iteration 332  HV  cores 344 203 1  time 11.0585 0 0
Iteration 333  HV  cores 345 203 1  time 11.1198 0 0
Iteration 334  HV  cores 346 203 1  time 11.137 0 0
Iteration 335  HV  cores 347 204 1  time 11.1523 0 0
Iteration 336  HV  cores 348 205 1  time 11.1669 0 0
Iteration 337  HV  cores 349 206 1  time 11.1825 0 0
Iteration 338  HV  cores 350 206 1  time 11.1968 0 0
Iteration 339  HV  cores 351 207 1  time 11.2152 0 0
Iteration 340  HV  cores 352 208 1  time 11.3377 0 0
Iteration 341  HV  cores 353 209 1  time 11.3949 0 0
Iteration 342  HV  cores 354 210 1  time 11.4028 0 0
Iteration 343  HV  cores 355 210 1  time 11.4099 0 0
Iteration 344  HV  cores 356 211 1  time 11.4159 0 0
Iteration 345  HV  cores 357 211 1  time 11.4228 0 0
Iteration 346  HV  cores 358 211 1  time 11.4297 0 0
Iteration 347  HV  cores 359 212 1  time 11.438 0 0
Iteration 348  HV  cores 360 213 1  time 11.4432 0 0
Iteration 349  HV  cores 361 214 1  time 11.4507 0 0
Iteration 350  HV  cores 362 215 1  time 11.4833 0 0
Iteration 351  HV  cores 363 216 1  time 11.5082 0 0
Iteration 352  HV  cores 364 217 1  time 11.5157 0 0
Iteration 353  HV  cores 365 218 1  time 11.5276 0 0
Iteration 354  HV  cores 366 217 1  time 11.5349 0 0
Iteration 355  HV  cores 367 218 1  time 11.5775 0 0
Iteration 356  HV  cores 368 219 1  time 11.6049 0 0
Iteration 357  HV  cores 369 219 1  time 11.6338 0 0
Iteration 358  HV  cores 370 219 1  time 11.6656 0 0
Iteration 359  HV  cores 371 220 1  time 11.7 0 0
Iteration 360  HV  cores 372 220 1  time 11.7244 0 0
Iteration 361  HV  cores 373 220 1  time 11.7525 0 0
Iteration 362  HV  cores 374 220 1  time 11.7806 0 0
Iteration 363  HV  cores 375 221 1  time 11.8852 0 0
Iteration 364  HV  cores 376 222 1  time 11.9648 0 0
Iteration 365  HV  cores 377 223 1  time 11.9822 0 0
Iteration 366  HV  cores 378 224 1  time 12.0015 0 0
Iteration 367  HV  cores 379 224 1  time 12.0218 0 0
Iteration 368  HV  cores 380 225 1  time 12.046 0 0
Iteration 369  HV  cores 381 225 1  time 12.0679 0 0
Iteration 370  HV  cores 382 226 1  time 12.0974 0 0
Iteration 371  HV  cores 383 227 1  time 12.1316 0 0
Iteration 372  HV  cores 384 228 1  time 12.1627 0 0
Iteration 373  HV  cores 385 229 1  time 12.1961 0 0
Iteration 374  HV  cores 386 229 1  time 12.2258 0 0
Iteration 375  HV  cores 387 229 1  time 12.2551 0 0
Iteration 376  HV  cores 388 230 1  time 12.2834 0 0
Iteration 377  HV  cores 389 231 1  time 12.3588 0 0
Iteration 378  HV  cores 390 232 1  time 12.399 0 0
Iteration 379  HV  cores 391 233 1  time 12.4342 0 0
Iteration 380  HV  cores 392 234 1  time 12.4664 0 0
Iteration 381  HV  cores 393 235 1  time 12.484 0 0
Iteration 382  HV  cores 394 236 1  time 12.4997 0 0
Iteration 383  HV  cores 395 237 1  time 12.5256 0 0
Iteration 384  HV  cores 396 238 1  time 12.5552 0 0
Iteration 385  HV  cores 397 239 1  time 12.591 0 0
Iteration 386  HV  cores 398 240 1  time 12.6292 0 0
Iteration 387  HV  cores 399 241 1  time 12.6631 0 0
Iteration 388  HV  cores 400 240 1  time 12.6973 0 0
Iteration 389  HV  cores 401 241 1  time 12.7347 0 0
Iteration 390  HV  cores 402 241 1  time 12.7658 0 0
Iteration 391  HV  cores 403 242 1  time 12.7971 0 0
Iteration 392  HV  cores 404 243 1  time 12.8278 0 0
Iteration 393  HV  cores 405 244 1  time 12.8619 0 0
Iteration 394  HV  cores 406 243 1  time 12.8929 0 0
Iteration 395  HV  cores 407 244 1  time 12.9077 0 0
Iteration 396  HV  cores 408 245 1  time 12.9223 0 0
Iteration 397  HV  cores 409 244 1  time 12.9371 0 0
Iteration 398  HV  cores 410 245 1  time 12.9537 0 0
Iteration 399  HV  cores 411 245 1  time 12.9701 0 0
Iteration 400  HV  cores 412 246 1  time 12.9831 0 0
Iteration 401  HV  cores 413 247 1  time 12.9974 0 0
Iteration 402  HV  cores 414 247 1  time 13.0112 0 0
Iteration 403  HV  cores 415 247 1  time 13.0242 0 0
Iteration 404  HV  cores 416 247 1  time 13.0371 0 0
Iteration 405  HV  cores 417 247 1  time 13.0492 0 0
Iteration 406  HV  cores 418 248 1  time 13.0621 0 0
Iteration 407  HV  cores 419 249 1  time 13.0735 0 0
Iteration 408  HV  cores 420 250 1  time 13.0839 0 0
Iteration 409  HV  cores 421 250 1  time 13.0944 0 0
Iteration 410  HV  cores 422 245 1  time 13.1053 0 0
Iteration 411  HV  cores 423 245 1  time 13.1164 0 0
Iteration 412  HV  cores 424 245 1  time 13.1268 0 0
Iteration 413  HV  cores 425 246 1  time 13.1396 0 0
Iteration 414  HV  cores 426 247 1  time 13.1695 0 0
Iteration 415  HV  cores 427 248 1  time 13.178 0 0
Iteration 416  HV  cores 428 249 1  time 13.1853 0 0
Iteration 417  HV  cores 429 250 1  time 13.1919 0 0
Iteration 418  HV  cores 430 251 1  time 13.1992 0 0
Iteration 419  HV  cores 431 252 1  time 13.2047 0 0
Iteration 420  HV  cores 432 253 1  time 13.217 0 0
Iteration 421  HV  cores 433 253 1  time 13.2265 0 0
Iteration 422  HV  cores 434 253 1  time 13.236 0 0
Iteration 423  HV  cores 435 253 1  time 13.2467 0 0
Iteration 424  HV  cores 436 253 1  time 13.2581 0 0
Iteration 425  HV  cores 437 253 1  time 13.2695 0 0
Iteration 426  HV  cores 438 253 1  time 13.2819 0 0
Iteration 427  HV  cores 439 254 1  time 13.295 0 0
Iteration 428  HV  cores 440 255 1  time 13.3144 0 0
Iteration 429  HV  cores 441 256 1  time 13.3349 0 0
Iteration 430  HV  cores 442 257 1  time 13.3419 0 0
Iteration 431  HV  cores 443 258 1  time 13.3585 0 0
Iteration 432  HV  cores 444 259 1  time 13.3715 0 0
Iteration 433  HV  cores 445 260 1  time 13.3766 0 0
Iteration 434  HV  cores 446 261 1  time 13.4008 0 0
Iteration 435  HV  cores 447 262 1  time 13.4408 0 0
Iteration 436  HV  cores 448 262 1  time 13.4606 0 0
Iteration 437  HV  cores 449 262 1  time 13.4803 0 0
Iteration 438  HV  cores 450 263 1  time 13.4994 0 0
Iteration 439  HV  cores 451 262 1  time 13.5193 0 0
Iteration 440  HV  cores 452 263 1  time 13.5272 0 0
Iteration 441  HV  cores 453 264 1  time 13.5319 0 0
Iteration 442  HV  cores 454 264 1  time 13.5365 0 0
Iteration 443  HV  cores 455 265 1  time 13.5415 0 0
Iteration 444  HV  cores 456 265 1  time 13.5458 0 0
Iteration 445  HV  cores 457 266 1  time 13.5657 0 0
Iteration 446  HV  cores 458 267 1  time 13.5749 0 0
Iteration 447  HV  cores 459 267 1  time 13.5858 0 0
Iteration 448  HV  cores 460 267 1  time 13.5962 0 0
Iteration 449  HV  cores 461 267 1  time 13.6107 0 0
Iteration 450  HV  cores 462 268 1  time 13.6385 0 0
Iteration 451  HV  cores 463 269 1  time 13.6657 0 0
Iteration 452  HV  cores 464 269 1  time 13.6779 0 0
Iteration 453  HV  cores 465 269 1  time 13.6915 0 0
Iteration 454  HV  cores 466 270 1  time 13.7098 0 0
Iteration 455  HV  cores 467 270 1  time 13.7226 0 0
Iteration 456  HV  cores 468 271 1  time 13.7405 0 0
Iteration 457  HV  cores 469 272 1  time 13.7596 0 0
Iteration 458  HV  cores 470 273 1  time 13.7783 0 0
Iteration 459  HV  cores 471 274 1  time 13.7959 0 0
Iteration 460  HV  cores 472 275 1  time 13.8134 0 0
Iteration 461  HV  cores 473 276 1  time 13.8305 0 0
Iteration 462  HV  cores 474 277 1  time 13.8427 0 0
Iteration 463  HV  cores 475 278 1  time 13.853 0 0
Iteration 464  HV  cores 476 278 1  time 13.8619 0 0
Iteration 465  HV  cores 477 279 1  time 13.8737 0 0
Iteration 466  HV  cores 478 279 1  time 13.8834 0 0
Iteration 467  HV  cores 479 277 1  time 13.8928 0 0
Iteration 468 MHV  lb 307642 ub 308823  time 13.8939 0.131002 0
Iteration 469  HV  cores 481 279 2  time 13.9106 0.131002 0
Iteration 470  HV  cores 483 281 2  time 13.9608 0.131002 0
Iteration 471  HV  cores 484 282 1  time 13.974 0.131002 0
Iteration 472  HV  cores 485 283 1  time 13.9862 0.131002 0
Iteration 473  HV  cores 486 284 1  time 13.9914 0.131002 0
Iteration 474  HV  cores 487 285 1  time 14.0143 0.131002 0
Iteration 475  HV  cores 489 287 2  time 14.0539 0.131002 0
Iteration 476  HV  cores 491 289 2  time 14.0807 0.131002 0
Iteration 477  HV  cores 493 291 2  time 14.1151 0.131002 0
Iteration 478  HV  cores 494 292 1  time 14.1194 0.131002 0
Iteration 479  HV  cores 495 293 1  time 14.1259 0.131002 0
Iteration 480  HV  cores 496 294 1  time 14.1324 0.131002 0
Iteration 481  HV  cores 497 295 1  time 14.1388 0.131002 0
Iteration 482  HV  cores 499 297 2  time 14.1765 0.131002 0
Iteration 483  HV  cores 500 298 1  time 14.2018 0.131002 0
Iteration 484  HV  cores 501 299 1  time 14.2373 0.131002 0
Iteration 485  HV  cores 502 300 1  time 14.2576 0.131002 0
Iteration 486  HV  cores 503 301 1  time 14.2768 0.131002 0
Iteration 487  HV  cores 504 302 1  time 14.3387 0.131002 0
Iteration 488  HV  cores 505 303 1  time 14.3506 0.131002 0
Iteration 489  HV  cores 506 304 1  time 14.3767 0.131002 0
Iteration 490  HV  cores 507 304 1  time 14.3978 0.131002 0
Iteration 491  HV  cores 508 305 1  time 14.4349 0.131002 0
Iteration 492  HV  cores 509 306 1  time 14.4596 0.131002 0
Iteration 493  HV  cores 510 307 1  time 14.4914 0.131002 0
Iteration 494  HV  cores 511 307 1  time 14.5204 0.131002 0
Iteration 495  HV  cores 512 308 1  time 14.5528 0.131002 0
Iteration 496  HV  cores 513 309 1  time 14.6013 0.131002 0
Iteration 497  HV  cores 514 310 1  time 14.612 0.131002 0
Iteration 498  HV  cores 515 311 1  time 14.6191 0.131002 0
Iteration 499  HV  cores 516 312 1  time 14.6255 0.131002 0
Iteration 500  HV  cores 517 313 1  time 14.6291 0.131002 0
Iteration 501  HV  cores 518 314 1  time 14.6465 0.131002 0
Iteration 502  HV  cores 519 315 1  time 14.687 0.131002 0
Iteration 503  HV  cores 520 316 1  time 14.7202 0.131002 0
Iteration 504  HV  cores 521 317 1  time 14.7581 0.131002 0
Iteration 505  HV  cores 522 318 1  time 14.8009 0.131002 0
Iteration 506  HV  cores 523 319 1  time 14.8364 0.131002 0
Iteration 507  HV  cores 524 320 1  time 14.8728 0.131002 0
Iteration 508  HV  cores 525 321 1  time 14.9055 0.131002 0
Iteration 509  HV  cores 526 322 1  time 14.93 0.131002 0
Iteration 510  HV  cores 527 323 1  time 15.0742 0.131002 0
Iteration 511  HV  cores 528 324 1  time 15.1412 0.131002 0
Iteration 512  HV  cores 529 325 1  time 15.2236 0.131002 0
Iteration 513  HV  cores 530 326 1  time 15.2921 0.131002 0
Iteration 514 MHV  lb 307645 ub 307742  time 15.2932 0.285264 0
Iteration 515  HV  cores 532 328 2  time 15.3163 0.285264 0
Iteration 516  HV  cores 534 330 2  time 15.3255 0.285264 0
Iteration 517  HV  cores 536 332 2  time 15.3392 0.285264 0
Iteration 518  HV  cores 538 334 2  time 15.3507 0.285264 0
Iteration 519  HV  cores 540 335 2  time 15.3593 0.285264 0
Iteration 520  HV  cores 542 337 2  time 15.3748 0.285264 0
Iteration 521  HV  cores 544 339 2  time 15.3927 0.285264 0
Iteration 522  HV  cores 546 341 2  time 15.4369 0.285264 0
Iteration 523  HV  cores 548 342 2  time 15.4627 0.285264 0
Iteration 524  HV  cores 550 344 2  time 15.4892 0.285264 0
Iteration 525  HV  cores 551 345 1  time 15.5891 0.285264 0
Iteration 526  HV  cores 552 346 1  time 15.6474 0.285264 0
Iteration 527  HV  cores 553 346 1  time 15.6713 0.285264 0
Iteration 528  HV  cores 554 346 1  time 15.7103 0.285264 0
Iteration 529  HV  cores 555 346 1  time 15.7298 0.285264 0
Iteration 530  HV  cores 556 347 1  time 15.7813 0.285264 0
Iteration 531  HV  cores 557 348 1  time 15.8013 0.285264 0
Iteration 532  HV  cores 558 349 1  time 15.8153 0.285264 0
Iteration 533  HV  cores 559 349 1  time 15.8289 0.285264 0
Iteration 534  HV  cores 560 349 1  time 15.8437 0.285264 0
Iteration 535  HV  cores 561 350 1  time 15.9006 0.285264 0
Iteration 536  HV  cores 562 350 1  time 15.9432 0.285264 0
Iteration 537  HV  cores 563 351 1  time 16.0121 0.285264 0
Iteration 538  HV  cores 564 352 1  time 16.0158 0.285264 0
Iteration 539  HV  cores 565 353 1  time 16.0863 0.285264 0
Iteration 540  HV  cores 566 354 1  time 16.098 0.285264 0
Iteration 541  HV  cores 567 355 1  time 16.1319 0.285264 0
Iteration 542  HV  cores 568 356 1  time 16.2063 0.285264 0
Iteration 543  HV  cores 569 357 1  time 16.2754 0.285264 0
Iteration 544  HV  cores 570 358 1  time 16.3391 0.285264 0
Iteration 545  HV  cores 571 359 1  time 16.405 0.285264 0
Iteration 546  HV  cores 572 357 1  time 16.4711 0.285264 0
Iteration 547  HV  cores 573 357 1  time 16.5355 0.285264 0
Iteration 548  HV  cores 574 357 1  time 16.6014 0.285264 0
Iteration 549  HV  cores 575 358 1  time 16.6152 0.285264 0
Iteration 550  HV  cores 576 359 1  time 16.6671 0.285264 0
Iteration 551  HV  cores 577 359 1  time 16.7185 0.285264 0
Iteration 552  HV  cores 578 360 1  time 16.7815 0.285264 0
Iteration 553  HV  cores 579 361 1  time 16.8448 0.285264 0
Iteration 554  HV  cores 580 362 1  time 16.86 0.285264 0
Iteration 555  HV  cores 581 362 1  time 16.8748 0.285264 0
Iteration 556  HV  cores 582 362 1  time 16.8897 0.285264 0
Iteration 557  HV  cores 583 363 1  time 16.9219 0.285264 0
Iteration 558  HV  cores 584 364 1  time 16.9493 0.285264 0
Iteration 559  HV  cores 585 365 1  time 16.9983 0.285264 0
Iteration 560  HV  cores 586 366 1  time 17.0491 0.285264 0
Iteration 561  HV  cores 587 367 1  time 17.0759 0.285264 0
Iteration 562  HV  cores 588 368 1  time 17.1316 0.285264 0
Iteration 563  HV  cores 589 369 1  time 17.1927 0.285264 0
Iteration 564  HV  cores 590 370 1  time 17.2415 0.285264 0
Iteration 565  HV  cores 591 371 1  time 17.2728 0.285264 0
Iteration 566  HV  cores 592 372 1  time 17.3172 0.285264 0
Iteration 567  HV  cores 593 372 1  time 17.3587 0.285264 0
Iteration 568  HV  cores 594 373 1  time 17.3998 0.285264 0
Iteration 569  HV  cores 595 372 1  time 17.4438 0.285264 0
Iteration 570  HV  cores 596 373 1  time 17.4719 0.285264 0
Iteration 571  HV  cores 597 374 1  time 17.5034 0.285264 0
Iteration 572  HV  cores 598 375 1  time 17.5484 0.285264 0
Iteration 573  HV  cores 599 376 1  time 17.5907 0.285264 0
Iteration 574  HV  cores 600 377 1  time 17.6238 0.285264 0
Iteration 575  HV  cores 601 378 1  time 17.6299 0.285264 0
Iteration 576  HV  cores 602 379 1  time 17.6736 0.285264 0
Iteration 577  HV  cores 603 380 1  time 17.6802 0.285264 0
Iteration 578  HV  cores 604 381 1  time 17.6886 0.285264 0
Iteration 579  HV  cores 605 382 1  time 17.7097 0.285264 0
Iteration 580  HV  cores 606 383 1  time 17.732 0.285264 0
Iteration 581  HV  cores 607 383 1  time 17.7527 0.285264 0
Iteration 582  HV  cores 608 384 1  time 17.7744 0.285264 0
Iteration 583  HV  cores 609 385 1  time 17.7968 0.285264 0
Iteration 584  HV  cores 610 386 1  time 17.8194 0.285264 0
Iteration 585  HV  cores 611 387 1  time 17.8942 0.285264 0
Iteration 586  HV  cores 612 388 1  time 17.9125 0.285264 0
Iteration 587  HV  cores 613 389 1  time 17.9264 0.285264 0
Iteration 588  HV  cores 614 390 1  time 17.9711 0.285264 0
Iteration 589  HV  cores 615 391 1  time 17.9847 0.285264 0
Iteration 590  HV  cores 616 392 1  time 17.9944 0.285264 0
Iteration 591  HV  cores 617 393 1  time 18.0037 0.285264 0
Iteration 592  HV  cores 618 394 1  time 18.0221 0.285264 0
Iteration 593  HV  cores 619 394 1  time 18.0379 0.285264 0
Iteration 594  HV  cores 620 395 1  time 18.0546 0.285264 0
Iteration 595  HV  cores 621 394 1  time 18.0783 0.285264 0
Iteration 596  HV  cores 622 395 1  time 18.1053 0.285264 0
Iteration 597  HV  cores 623 396 1  time 18.1278 0.285264 0
Iteration 598  HV  cores 624 397 1  time 18.1379 0.285264 0
Iteration 599  HV  cores 625 398 1  time 18.1795 0.285264 0
Iteration 600  HV  cores 626 399 1  time 18.1905 0.285264 0
Iteration 601  HV  cores 627 400 1  time 18.3927 0.285264 0
Iteration 602  HV  cores 628 401 1  time 18.4098 0.285264 0
Iteration 603  HV  cores 629 402 1  time 18.4351 0.285264 0
Iteration 604  HV  cores 630 402 1  time 18.4595 0.285264 0
Iteration 605  HV  cores 631 403 1  time 18.4767 0.285264 0
Iteration 606  HV  cores 632 404 1  time 18.5673 0.285264 0
Iteration 607  HV  cores 633 405 1  time 18.6088 0.285264 0
Iteration 608  HV  cores 634 406 1  time 18.6294 0.285264 0
Iteration 609  HV  cores 635 407 1  time 18.6428 0.285264 0
Iteration 610  HV  cores 636 408 1  time 18.7151 0.285264 0
Iteration 611  HV  cores 637 409 1  time 18.7413 0.285264 0
Iteration 612  HV  cores 638 409 1  time 18.7547 0.285264 0
Iteration 613  HV  cores 639 410 1  time 18.7684 0.285264 0
Iteration 614  HV  cores 640 411 1  time 18.7984 0.285264 0
Iteration 615  HV  cores 641 412 1  time 18.8166 0.285264 0
Iteration 616  HV  cores 642 413 1  time 18.842 0.285264 0
Iteration 617  HV  cores 643 414 1  time 18.8642 0.285264 0
Iteration 618  HV  cores 644 415 1  time 18.874 0.285264 0
Iteration 619  HV  cores 645 415 1  time 18.8785 0.285264 0
Iteration 620  HV  cores 646 415 1  time 18.8838 0.285264 0
Iteration 621  HV  cores 647 416 1  time 18.8884 0.285264 0
Iteration 622  HV  cores 648 417 1  time 18.8982 0.285264 0
Iteration 623  HV  cores 649 417 1  time 18.9065 0.285264 0
Iteration 624  HV  cores 650 417 1  time 18.9132 0.285264 0
Iteration 625  HV  cores 651 418 1  time 18.922 0.285264 0
Iteration 626  HV  cores 652 419 1  time 18.9348 0.285264 0
Iteration 627  HV  cores 653 420 1  time 18.9534 0.285264 0
Iteration 628  HV  cores 654 421 1  time 18.9615 0.285264 0
Iteration 629  HV  cores 655 422 1  time 18.9722 0.285264 0
Iteration 630  HV  cores 656 423 1  time 18.9909 0.285264 0
Iteration 631  HV  cores 657 424 1  time 19.0451 0.285264 0
Iteration 632  HV  cores 658 425 1  time 19.0509 0.285264 0
Iteration 633  HV  cores 659 426 1  time 19.057 0.285264 0
Iteration 634  HV  cores 660 427 1  time 19.0934 0.285264 0
Iteration 635  HV  cores 661 428 1  time 19.1096 0.285264 0
Iteration 636  HV  cores 662 429 1  time 19.1216 0.285264 0
Iteration 637  HV  cores 663 430 1  time 19.1647 0.285264 0
Iteration 638  HV  cores 664 431 1  time 19.1906 0.285264 0
Iteration 639  HV  cores 665 432 1  time 19.2069 0.285264 0
Iteration 640  HV  cores 666 433 1  time 19.2282 0.285264 0
Iteration 641  HV  cores 667 434 1  time 19.2515 0.285264 0
Iteration 642  HV  cores 668 435 1  time 19.2744 0.285264 0
Iteration 643  HV  cores 669 435 1  time 19.2881 0.285264 0
Iteration 644  HV  cores 670 435 1  time 19.3078 0.285264 0
Iteration 645  HV  cores 671 436 1  time 19.3371 0.285264 0
Iteration 646  HV  cores 672 437 1  time 19.3583 0.285264 0
Iteration 647  HV  cores 673 437 1  time 19.3795 0.285264 0
Iteration 648  HV  cores 674 437 1  time 19.4026 0.285264 0
Iteration 649  HV  cores 675 438 1  time 19.4292 0.285264 0
Iteration 650  HV  cores 676 437 1  time 19.4542 0.285264 0
Iteration 651  HV  cores 677 437 1  time 19.4782 0.285264 0
Iteration 652  HV  cores 678 438 1  time 19.6391 0.285264 0
Iteration 653  HV  cores 679 439 1  time 19.6918 0.285264 0
Iteration 654  HV  cores 680 440 1  time 19.7067 0.285264 0
Iteration 655  HV  cores 681 441 1  time 19.7726 0.285264 0
Iteration 656  HV  cores 682 442 1  time 19.839 0.285264 0
Iteration 657  HV  cores 683 443 1  time 19.89 0.285264 0
Iteration 658  HV  cores 684 444 1  time 19.907 0.285264 0
Iteration 659  HV  cores 685 445 1  time 19.9231 0.285264 0
Iteration 660  HV  cores 686 446 1  time 19.9405 0.285264 0
Iteration 661  HV  cores 687 447 1  time 19.955 0.285264 0
Iteration 662  HV  cores 688 448 1  time 19.9698 0.285264 0
Iteration 663  HV  cores 689 449 1  time 20.0484 0.285264 0
Iteration 664  HV  cores 690 450 1  time 20.106 0.285264 0
Iteration 665  HV  cores 691 451 1  time 20.1508 0.285264 0
Iteration 666 MHV  lb 307653 ub 307742  time 20.1519 0.590799 0
Iteration 667  HV  cores 692 452 1  time 20.1769 0.590799 0
Iteration 668  HV  cores 693 453 1  time 20.1941 0.590799 0
Iteration 669  HV  cores 694 454 1  time 20.2122 0.590799 0
Iteration 670  HV  cores 695 455 1  time 20.2156 0.590799 0
Iteration 671  HV  cores 696 456 1  time 20.219 0.590799 0
Iteration 672  HV  cores 697 457 1  time 20.2367 0.590799 0
Iteration 673  HV  cores 699 459 2  time 20.2474 0.590799 0
Iteration 674  HV  cores 700 460 1  time 20.257 0.590799 0
Iteration 675  HV  cores 701 461 1  time 20.2652 0.590799 0
Iteration 676  HV  cores 702 462 1  time 20.2748 0.590799 0
Iteration 677  HV  cores 703 462 1  time 20.2843 0.590799 0
Iteration 678  HV  cores 704 463 1  time 20.2953 0.590799 0
Iteration 679  HV  cores 705 464 1  time 20.3078 0.590799 0
Iteration 680  HV  cores 706 465 1  time 20.5243 0.590799 0
Iteration 681  HV  cores 707 466 1  time 20.6393 0.590799 0
Iteration 682  HV  cores 708 467 1  time 20.6827 0.590799 0
Iteration 683  HV  cores 709 468 1  time 20.7185 0.590799 0
Iteration 684  HV  cores 710 469 1  time 20.754 0.590799 0
Iteration 685  HV  cores 711 470 1  time 20.7923 0.590799 0
Iteration 686  HV  cores 712 471 1  time 20.8309 0.590799 0
Iteration 687  HV  cores 713 472 1  time 20.8625 0.590799 0
Iteration 688  HV  cores 714 473 1  time 20.8784 0.590799 0
Iteration 689  HV  cores 715 474 1  time 20.9118 0.590799 0
Iteration 690  HV  cores 716 475 1  time 20.9503 0.590799 0
Iteration 691  HV  cores 717 476 1  time 20.9927 0.590799 0
Iteration 692 MHV  lb 307656 ub 307702  time 20.994 0.954257 0
Iteration 693  HV  cores 719 478 2  time 21.005 0.954257 0
Iteration 694  HV  cores 721 480 2  time 21.0157 0.954257 0
Iteration 695  HV  cores 723 482 2  time 21.0429 0.954257 0
Iteration 696  HV  cores 725 484 2  time 21.0769 0.954257 0
Iteration 697  HV  cores 727 486 2  time 21.1204 0.954257 0
Iteration 698  HV  cores 729 487 2  time 21.132 0.954257 0
Iteration 699  HV  cores 731 489 2  time 21.1456 0.954257 0
Iteration 700  HV  cores 733 491 2  time 21.1535 0.954257 0
Iteration 701  HV  cores 735 493 2  time 21.161 0.954257 0
Iteration 702  HV  cores 737 493 2  time 21.1681 0.954257 0
Iteration 703  HV  cores 739 494 2  time 21.1795 0.954257 0
Iteration 704  HV  cores 741 496 2  time 21.2128 0.954257 0
Iteration 705  HV  cores 742 497 1  time 21.2564 0.954257 0
Iteration 706  HV  cores 744 499 2  time 21.2959 0.954257 0
Iteration 707  HV  cores 746 501 2  time 21.309 0.954257 0
Iteration 708  HV  cores 748 502 2  time 21.3197 0.954257 0
Iteration 709  HV  cores 750 504 2  time 21.3608 0.954257 0
Iteration 710  HV  cores 752 505 2  time 21.394 0.954257 0
Iteration 711  HV  cores 753 505 1  time 21.4004 0.954257 0
Iteration 712  HV  cores 754 506 1  time 21.4061 0.954257 0
Iteration 713  HV  cores 755 507 1  time 21.4175 0.954257 0
Iteration 714  HV  cores 756 508 1  time 21.4789 0.954257 0
Iteration 715  HV  cores 757 509 1  time 21.5254 0.954257 0
Iteration 716  HV  cores 758 510 1  time 21.5447 0.954257 0
Iteration 717  HV  cores 759 511 1  time 21.5671 0.954257 0
Iteration 718  HV  cores 760 512 1  time 21.5856 0.954257 0
Iteration 719  HV  cores 761 513 1  time 21.5999 0.954257 0
Iteration 720  HV  cores 762 514 1  time 21.6045 0.954257 0
Iteration 721  HV  cores 763 515 1  time 21.6205 0.954257 0
Iteration 722  HV  cores 764 516 1  time 21.6608 0.954257 0
Iteration 723  HV  cores 765 517 1  time 21.6916 0.954257 0
Iteration 724  HV  cores 766 517 1  time 21.7271 0.954257 0
Iteration 725  HV  cores 767 517 1  time 21.7452 0.954257 0
Iteration 726  HV  cores 768 518 1  time 21.7793 0.954257 0
Iteration 727  HV  cores 769 519 1  time 21.7954 0.954257 0
Iteration 728  HV  cores 770 520 1  time 21.8267 0.954257 0
Iteration 729  HV  cores 771 520 1  time 21.8424 0.954257 0
Iteration 730  HV  cores 772 520 1  time 21.8616 0.954257 0
Iteration 731  HV  cores 773 520 1  time 21.8786 0.954257 0
Iteration 732  HV  cores 774 521 1  time 21.9119 0.954257 0
Iteration 733  HV  cores 775 522 1  time 21.9264 0.954257 0
Iteration 734  HV  cores 776 523 1  time 21.9509 0.954257 0
Iteration 735  HV  cores 777 524 1  time 21.9679 0.954257 0
Iteration 736  HV  cores 778 525 1  time 22.0142 0.954257 0
Iteration 737  HV  cores 779 525 1  time 22.0467 0.954257 0
Iteration 738  HV  cores 780 525 1  time 22.0912 0.954257 0
Iteration 739  HV  cores 781 526 1  time 22.1248 0.954257 0
Iteration 740  HV  cores 782 527 1  time 22.1616 0.954257 0
Iteration 741  HV  cores 783 528 1  time 22.2006 0.954257 0
Iteration 742  HV  cores 784 529 1  time 22.2331 0.954257 0
Iteration 743  HV  cores 785 528 1  time 22.2673 0.954257 0
Iteration 744  HV  cores 786 529 1  time 22.3025 0.954257 0
Iteration 745  HV  cores 787 529 1  time 22.3364 0.954257 0
Iteration 746  HV  cores 788 530 1  time 22.3582 0.954257 0
Iteration 747  HV  cores 789 531 1  time 22.3851 0.954257 0
Iteration 748  HV  cores 790 531 1  time 22.4008 0.954257 0
Iteration 749  HV  cores 791 532 1  time 22.4193 0.954257 0
Iteration 750  HV  cores 792 533 1  time 22.4755 0.954257 0
Iteration 751  HV  cores 793 534 1  time 22.4933 0.954257 0
Iteration 752  HV  cores 794 535 1  time 22.7165 0.954257 0
Iteration 753  HV  cores 795 536 1  time 22.8433 0.954257 0
Iteration 754  HV  cores 796 537 1  time 22.9189 0.954257 0
Iteration 755  HV  cores 797 538 1  time 22.9873 0.954257 0
Iteration 756  HV  cores 798 539 1  time 23.0492 0.954257 0
Iteration 757  HV  cores 799 540 1  time 23.1032 0.954257 0
Iteration 758  HV  cores 800 541 1  time 23.1569 0.954257 0
Iteration 759  HV  cores 801 542 1  time 23.22 0.954257 0
Iteration 760  HV  cores 802 543 1  time 23.2727 0.954257 0
Iteration 761  HV  cores 803 544 1  time 23.3243 0.954257 0
Iteration 762  HV  cores 804 545 1  time 23.3683 0.954257 0
Iteration 763  HV  cores 805 546 1  time 23.411 0.954257 0
Iteration 764 MHV  lb 307658 ub 307702  time 23.412 1.28601 0
Iteration 765  HV  cores 806 547 1  time 23.4386 1.28601 0
Iteration 766  HV  cores 807 548 1  time 23.462 1.28601 0
Iteration 767  HV  cores 808 549 1  time 23.4656 1.28601 0
Iteration 768  HV  cores 809 550 1  time 23.4879 1.28601 0
Iteration 769  HV  cores 810 551 1  time 23.5038 1.28601 0
Iteration 770  HV  cores 811 552 1  time 23.5138 1.28601 0
Iteration 771  HV  cores 812 553 1  time 23.5263 1.28601 0
Iteration 772  HV  cores 813 554 1  time 23.5348 1.28601 0
Iteration 773  HV  cores 814 555 1  time 23.5472 1.28601 0
Iteration 774  HV  cores 815 556 1  time 23.5506 1.28601 0
Iteration 775  HV  cores 816 557 1  time 23.5605 1.28601 0
Iteration 776  HV  cores 817 557 1  time 23.5716 1.28601 0
Iteration 777  HV  cores 818 558 1  time 23.5982 1.28601 0
Iteration 778  HV  cores 819 559 1  time 23.6248 1.28601 0
Iteration 779  HV  cores 820 560 1  time 23.6398 1.28601 0
Iteration 780  HV  cores 821 561 1  time 23.7089 1.28601 0
Iteration 781  HV  cores 822 562 1  time 23.7576 1.28601 0
Iteration 782  HV  cores 823 563 1  time 23.8026 1.28601 0
Iteration 783  HV  cores 824 564 1  time 23.8472 1.28601 0
Iteration 784  HV  cores 825 565 1  time 23.8848 1.28601 0
Iteration 785  HV  cores 826 566 1  time 23.9233 1.28601 0
Iteration 786  HV  cores 827 567 1  time 23.9624 1.28601 0
Iteration 787  HV  cores 828 568 1  time 23.995 1.28601 0
Iteration 788  HV  cores 829 569 1  time 24.0204 1.28601 0
Iteration 789  HV  cores 830 570 1  time 24.0752 1.28601 0
Iteration 790  HV  cores 831 571 1  time 24.1178 1.28601 0
Iteration 791 MHV  lb 307659 ub 307702  time 24.119 1.72939 0
Iteration 792  HV  cores 833 573 2  time 24.1305 1.72939 0
Iteration 793  HV  cores 834 574 1  time 24.1494 1.72939 0
Iteration 794  HV  cores 835 575 1  time 24.154 1.72939 0
Iteration 795  HV  cores 836 576 1  time 24.1661 1.72939 0
Iteration 796  HV  cores 837 577 1  time 24.1814 1.72939 0
Iteration 797  HV  cores 838 578 1  time 24.1945 1.72939 0
Iteration 798  HV  cores 839 579 1  time 24.2088 1.72939 0
Iteration 799  HV  cores 840 580 1  time 24.2267 1.72939 0
Iteration 800  HV  cores 841 581 1  time 24.2398 1.72939 0
Iteration 801  HV  cores 842 582 1  time 24.2508 1.72939 0
Iteration 802  HV  cores 843 583 1  time 24.2634 1.72939 0
Iteration 803  HV  cores 844 584 1  time 24.2716 1.72939 0
Iteration 804  HV  cores 845 585 1  time 24.2749 1.72939 0
Iteration 805  HV  cores 846 586 1  time 24.2992 1.72939 0
Iteration 806  HV  cores 847 587 1  time 24.3217 1.72939 0
Iteration 807  HV  cores 848 587 1  time 24.3457 1.72939 0
Iteration 808  HV  cores 849 588 1  time 24.3738 1.72939 0
Iteration 809  HV  cores 850 589 1  time 24.3885 1.72939 0
Iteration 810  HV  cores 851 590 1  time 24.3932 1.72939 0
Iteration 811  HV  cores 852 591 1  time 24.4082 1.72939 0
Iteration 812  HV  cores 853 592 1  time 24.4256 1.72939 0
Iteration 813  HV  cores 854 593 1  time 24.4821 1.72939 0
Iteration 814  HV  cores 855 594 1  time 24.5478 1.72939 0
Iteration 815  HV  cores 856 595 1  time 24.6038 1.72939 0
Iteration 816  HV  cores 857 596 1  time 24.6229 1.72939 0
Iteration 817  HV  cores 858 597 1  time 24.6753 1.72939 0
Iteration 818  HV  cores 859 598 1  time 24.6809 1.72939 0
Iteration 819  HV  cores 860 599 1  time 24.6927 1.72939 0
Iteration 820  HV  cores 861 600 1  time 24.6955 1.72939 0
Iteration 821  HV  cores 862 601 1  time 24.7464 1.72939 0
Iteration 822  HV  cores 863 602 1  time 24.7938 1.72939 0
Iteration 823 MHV  lb 307660 ub 307702  time 24.7949 2.15191 0
Iteration 824  HV  cores 864 603 1  time 24.8139 2.15191 0
Iteration 825  HV  cores 865 604 1  time 24.834 2.15191 0
Iteration 826  HV  cores 866 604 1  time 24.8536 2.15191 0
Iteration 827  HV  cores 867 605 1  time 24.8748 2.15191 0
Iteration 828  HV  cores 868 606 1  time 24.8931 2.15191 0
Iteration 829  HV  cores 869 607 1  time 24.9087 2.15191 0
Iteration 830  HV  cores 870 607 1  time 24.9244 2.15191 0
Iteration 831  HV  cores 871 608 1  time 24.9368 2.15191 0
Iteration 832  HV  cores 872 609 1  time 24.9443 2.15191 0
Iteration 833  HV  cores 873 610 1  time 24.9585 2.15191 0
Iteration 834  HV  cores 874 611 1  time 24.9687 2.15191 0
Iteration 835  HV  cores 875 612 1  time 24.9789 2.15191 0
Iteration 836  HV  cores 876 613 1  time 24.9865 2.15191 0
Iteration 837  HV  cores 877 614 1  time 24.9953 2.15191 0
Iteration 838  HV  cores 878 615 1  time 25.0081 2.15191 0
Iteration 839  HV  cores 879 616 1  time 25.0117 2.15191 0
Iteration 840  HV  cores 880 617 1  time 25.0231 2.15191 0
Iteration 841  HV  cores 881 618 1  time 25.0737 2.15191 0
Iteration 842  HV  cores 882 619 1  time 25.1154 2.15191 0
Iteration 843 MHV  lb 307660 ub 307702  time 25.1167 2.62727 0
Iteration 844  HV  cores 883 620 1  time 25.1341 2.62727 0
Iteration 845  HV  cores 884 621 1  time 25.1486 2.62727 0
Iteration 846  HV  cores 885 622 1  time 25.164 2.62727 0
Iteration 847  HV  cores 886 623 1  time 25.1791 2.62727 0
Iteration 848  HV  cores 887 624 1  time 25.1877 2.62727 0
Iteration 849  HV  cores 888 625 1  time 25.2069 2.62727 0
Iteration 850  HV  cores 889 626 1  time 25.2141 2.62727 0
Iteration 851  HV  cores 890 627 1  time 25.2188 2.62727 0
Iteration 852  HV  cores 891 628 1  time 25.2424 2.62727 0
Iteration 853  HV  cores 892 629 1  time 25.262 2.62727 0
Iteration 854  HV  cores 893 630 1  time 25.2746 2.62727 0
Iteration 855  HV  cores 894 631 1  time 25.2807 2.62727 0
Iteration 856  HV  cores 895 632 1  time 25.2879 2.62727 0
Iteration 857  HV  cores 896 633 1  time 25.3066 2.62727 0
Iteration 858  HV  cores 897 634 1  time 25.3252 2.62727 0
Iteration 859  HV  cores 898 635 1  time 25.3413 2.62727 0
Iteration 860  HV  cores 899 636 1  time 25.3473 2.62727 0
Iteration 861  HV  cores 900 637 1  time 25.3603 2.62727 0
Iteration 862  HV  cores 901 638 1  time 25.3638 2.62727 0
Iteration 863  HV  cores 902 639 1  time 25.3739 2.62727 0
Iteration 864  HV  cores 903 640 1  time 25.384 2.62727 0
Iteration 865  HV  cores 904 641 1  time 25.398 2.62727 0
Iteration 866  HV  cores 905 642 1  time 25.4619 2.62727 0
Iteration 867  HV  cores 906 643 1  time 25.5173 2.62727 0
Iteration 868  HV  cores 907 644 1  time 25.5922 2.62727 0
Iteration 869  HV  cores 908 644 1  time 25.6565 2.62727 0
Iteration 870  HV  cores 909 645 1  time 25.7163 2.62727 0
Iteration 871  HV  cores 910 646 1  time 25.7737 2.62727 0
Iteration 872  HV  cores 911 647 1  time 25.8338 2.62727 0
Iteration 873  HV  cores 912 648 1  time 25.8989 2.62727 0
Iteration 874  HV  cores 913 649 1  time 25.9572 2.62727 0
Iteration 875  HV  cores 914 650 1  time 25.9976 2.62727 0
Iteration 876  HV  cores 915 651 1  time 26.0317 2.62727 0
Iteration 877  HV  cores 916 652 1  time 26.0987 2.62727 0
Iteration 878  HV  cores 917 652 1  time 26.1619 2.62727 0
Iteration 879  HV  cores 918 653 1  time 26.2426 2.62727 0
Iteration 880  HV  cores 919 654 1  time 26.3096 2.62727 0
Iteration 881  HV  cores 920 655 1  time 26.3831 2.62727 0
Iteration 882  HV  cores 921 656 1  time 26.4439 2.62727 0
Iteration 883 MHV  lb 307660 ub 307702  time 26.4452 3.07568 0
Iteration 884  HV  cores 922 657 1  time 26.4517 3.07568 0
Iteration 885  HV  cores 924 659 2  time 26.469 3.07568 0
Iteration 886  HV  cores 925 660 1  time 26.4752 3.07568 0
Iteration 887  HV  cores 926 661 1  time 26.481 3.07568 0
Iteration 888  HV  cores 928 663 2  time 26.5113 3.07568 0
Iteration 889  HV  cores 929 664 1  time 26.5314 3.07568 0
Iteration 890  HV  cores 930 665 1  time 26.5517 3.07568 0
Iteration 891  HV  cores 931 666 1  time 26.5689 3.07568 0
Iteration 892  HV  cores 932 667 1  time 26.5847 3.07568 0
Iteration 893  HV  cores 933 668 1  time 26.6068 3.07568 0
Iteration 894  HV  cores 934 669 1  time 26.628 3.07568 0
Iteration 895  HV  cores 935 670 1  time 26.6492 3.07568 0
Iteration 896  HV  cores 936 670 1  time 26.6703 3.07568 0
Iteration 897  HV  cores 937 671 1  time 26.6932 3.07568 0
Iteration 898  HV  cores 938 672 1  time 26.7221 3.07568 0
Iteration 899  HV  cores 939 673 1  time 26.7309 3.07568 0
Iteration 900  HV  cores 940 674 1  time 26.7756 3.07568 0
Iteration 901  HV  cores 941 675 1  time 26.8151 3.07568 0
Iteration 902  HV  cores 942 675 1  time 26.8503 3.07568 0
Iteration 903  HV  cores 943 675 1  time 26.8912 3.07568 0
Iteration 904  HV  cores 944 676 1  time 26.9027 3.07568 0
Iteration 905  HV  cores 945 677 1  time 26.9461 3.07568 0
Iteration 906  HV  cores 946 678 1  time 26.9577 3.07568 0
Iteration 907  HV  cores 947 679 1  time 26.9972 3.07568 0
Iteration 908  HV  cores 948 679 1  time 27.0308 3.07568 0
Iteration 909  HV  cores 949 679 1  time 27.0707 3.07568 0
Iteration 910  HV  cores 950 679 1  time 27.1091 3.07568 0
Iteration 911  HV  cores 951 680 1  time 27.1698 3.07568 0
Iteration 912  HV  cores 952 681 1  time 27.1745 3.07568 0
Iteration 913  HV  cores 953 682 1  time 27.2119 3.07568 0
Iteration 914  HV  cores 954 682 1  time 27.2486 3.07568 0
Iteration 915  HV  cores 955 683 1  time 27.2842 3.07568 0
Iteration 916  HV  cores 956 684 1  time 27.3213 3.07568 0
Iteration 917  HV  cores 957 685 1  time 27.3543 3.07568 0
Iteration 918  HV  cores 958 686 1  time 27.3915 3.07568 0
Iteration 919  HV  cores 959 687 1  time 27.4386 3.07568 0
Iteration 920  HV  cores 960 688 1  time 27.4685 3.07568 0
Iteration 921  HV  cores 961 689 1  time 27.4974 3.07568 0
Iteration 922  HV  cores 962 690 1  time 27.5446 3.07568 0
Iteration 923  HV  cores 963 690 1  time 27.5604 3.07568 0
Iteration 924  HV  cores 964 690 1  time 27.5761 3.07568 0
Iteration 925  HV  cores 965 690 1  time 27.592 3.07568 0
Iteration 926  HV  cores 966 690 1  time 27.6092 3.07568 0
Iteration 927  HV  cores 967 691 1  time 27.6267 3.07568 0
Iteration 928  HV  cores 968 692 1  time 27.6608 3.07568 0
Iteration 929  HV  cores 969 692 1  time 27.6753 3.07568 0
Iteration 930  HV  cores 970 692 1  time 27.6897 3.07568 0
Iteration 931  HV  cores 971 692 1  time 27.7051 3.07568 0
Iteration 932  HV  cores 972 692 1  time 27.7209 3.07568 0
Iteration 933  HV  cores 973 693 1  time 27.7415 3.07568 0
Iteration 934  HV  cores 974 694 1  time 27.7618 3.07568 0
Iteration 935  HV  cores 975 694 1  time 27.7833 3.07568 0
Iteration 936  HV  cores 976 695 1  time 27.8143 3.07568 0
Iteration 937  HV  cores 977 696 1  time 27.8258 3.07568 0
Iteration 938  HV  cores 978 697 1  time 27.8385 3.07568 0
Iteration 939  HV  cores 979 698 1  time 27.8621 3.07568 0
Iteration 940  HV  cores 980 699 1  time 27.896 3.07568 0
Iteration 941  HV  cores 981 700 1  time 27.9485 3.07568 0
Iteration 942  HV  cores 982 700 1  time 27.9812 3.07568 0
Iteration 943  HV  cores 983 700 1  time 28.0119 3.07568 0
Iteration 944  HV  cores 984 701 1  time 28.0321 3.07568 0
Iteration 945  HV  cores 985 702 1  time 28.0529 3.07568 0
Iteration 946  HV  cores 986 703 1  time 28.0781 3.07568 0
Iteration 947  HV  cores 987 704 1  time 28.0908 3.07568 0
Iteration 948  HV  cores 988 705 1  time 28.153 3.07568 0
Iteration 949  HV  cores 989 706 1  time 28.2022 3.07568 0
Iteration 950  HV  cores 990 705 1  time 28.2535 3.07568 0
Iteration 951  HV  cores 991 706 1  time 28.3061 3.07568 0
Iteration 952  HV  cores 992 706 1  time 28.3507 3.07568 0
Iteration 953  HV  cores 993 707 1  time 28.3919 3.07568 0
Iteration 954  HV  cores 994 708 1  time 28.4406 3.07568 0
Iteration 955  HV  cores 995 709 1  time 28.479 3.07568 0
Iteration 956  HV  cores 996 710 1  time 28.4902 3.07568 0
Iteration 957  HV  cores 997 711 1  time 28.5254 3.07568 0
Iteration 958  HV  cores 998 712 1  time 28.5398 3.07568 0
Iteration 959  HV  cores 999 713 1  time 28.5771 3.07568 0
Iteration 960  HV  cores 1000 714 1  time 28.6097 3.07568 0
Iteration 961  HV  cores 1001 715 1  time 28.6868 3.07568 0
Iteration 962  HV  cores 1002 716 1  time 28.7456 3.07568 0
Iteration 963  HV  cores 1003 717 1  time 28.7786 3.07568 0
Iteration 964  HV  cores 1004 718 1  time 28.8279 3.07568 0
Iteration 965  HV  cores 1005 719 1  time 28.8646 3.07568 0
Iteration 966  HV  cores 1006 720 1  time 28.9102 3.07568 0
Iteration 967  HV  cores 1007 721 1  time 28.9402 3.07568 0
Iteration 968  HV  cores 1008 722 1  time 28.9746 3.07568 0
Iteration 969  HV  cores 1009 723 1  time 29.0067 3.07568 0
Iteration 970 MHV  lb 307662 ub 307702  time 29.0079 3.59932 0
Iteration 971  HV  cores 1010 724 1  time 29.0257 3.59932 0
Iteration 972  HV  cores 1011 725 1  time 29.0386 3.59932 0
Iteration 973  HV  cores 1013 727 2  time 29.0645 3.59932 0
Iteration 974  HV  cores 1015 729 2  time 29.0904 3.59932 0
Iteration 975  HV  cores 1016 730 1  time 29.0989 3.59932 0
Iteration 976  HV  cores 1017 731 1  time 29.1026 3.59932 0
Iteration 977  HV  cores 1019 733 2  time 29.1215 3.59932 0
Iteration 978  HV  cores 1020 734 1  time 29.1277 3.59932 0
Iteration 979  HV  cores 1021 735 1  time 29.1316 3.59932 0
Iteration 980  HV  cores 1022 736 1  time 29.1468 3.59932 0
Iteration 981  HV  cores 1023 737 1  time 29.162 3.59932 0
Iteration 982  HV  cores 1024 738 1  time 29.1773 3.59932 0
Iteration 983  HV  cores 1025 739 1  time 29.1864 3.59932 0
Iteration 984  HV  cores 1026 739 1  time 29.1954 3.59932 0
Iteration 985  HV  cores 1027 740 1  time 29.2969 3.59932 0
Iteration 986  HV  cores 1028 741 1  time 29.3743 3.59932 0
Iteration 987  HV  cores 1029 742 1  time 29.4084 3.59932 0
Iteration 988  HV  cores 1030 743 1  time 29.4481 3.59932 0
Iteration 989  HV  cores 1031 744 1  time 29.4863 3.59932 0
Iteration 990  HV  cores 1032 745 1  time 29.5319 3.59932 0
Iteration 991  HV  cores 1033 746 1  time 29.5758 3.59932 0
Iteration 992  HV  cores 1034 747 1  time 29.6231 3.59932 0
Iteration 993  HV  cores 1035 748 1  time 29.6344 3.59932 0
Iteration 994  HV  cores 1036 749 1  time 29.6793 3.59932 0
Iteration 995 MHV  lb 307662 ub 307702  time 29.6806 4.19811 0
Iteration 996  HV  cores 1038 751 2  time 29.6945 4.19811 0
Iteration 997  HV  cores 1039 752 1  time 29.7175 4.19811 0
Iteration 998  HV  cores 1040 753 1  time 29.7412 4.19811 0
Iteration 999  HV  cores 1042 755 2  time 29.7711 4.19811 0
Iteration 1000  HV  cores 1044 757 2  time 29.781 4.19811 0
Iteration 1001  HV  cores 1045 758 1  time 29.7942 4.19811 0
Iteration 1002  HV  cores 1046 758 1  time 29.7996 4.19811 0
Iteration 1003  HV  cores 1047 759 1  time 29.8082 4.19811 0
Iteration 1004  HV  cores 1048 760 1  time 29.8117 4.19811 0
Iteration 1005  HV  cores 1049 761 1  time 29.8203 4.19811 0
Iteration 1006  HV  cores 1050 762 1  time 29.8319 4.19811 0
Iteration 1007  HV  cores 1051 763 1  time 29.8354 4.19811 0
Iteration 1008  HV  cores 1052 764 1  time 29.845 4.19811 0
Iteration 1009  HV  cores 1053 764 1  time 29.8543 4.19811 0
Iteration 1010  HV  cores 1054 765 1  time 29.8937 4.19811 0
Iteration 1011  HV  cores 1055 766 1  time 29.9289 4.19811 0
Iteration 1012  HV  cores 1056 767 1  time 29.942 4.19811 0
Iteration 1013  HV  cores 1057 768 1  time 29.9875 4.19811 0
Iteration 1014  HV  cores 1058 769 1  time 30.0533 4.19811 0
Iteration 1015  HV  cores 1059 770 1  time 30.0965 4.19811 0
Iteration 1016  HV  cores 1060 771 1  time 30.1453 4.19811 0
Iteration 1017  HV  cores 1061 772 1  time 30.1916 4.19811 0
Iteration 1018  HV  cores 1062 773 1  time 30.2315 4.19811 0
Iteration 1019  HV  cores 1063 773 1  time 30.2701 4.19811 0
Iteration 1020  HV  cores 1064 774 1  time 30.3099 4.19811 0
Iteration 1021  HV  cores 1065 775 1  time 30.3497 4.19811 0
Iteration 1022  HV  cores 1066 776 1  time 30.3931 4.19811 0
Iteration 1023  HV  cores 1067 777 1  time 30.4355 4.19811 0
Iteration 1024  HV  cores 1068 778 1  time 30.4647 4.19811 0
Iteration 1025  HV  cores 1069 779 1  time 30.5099 4.19811 0
Iteration 1026  HV  cores 1070 780 1  time 30.5531 4.19811 0
Iteration 1027  HV  cores 1071 781 1  time 30.5992 4.19811 0
Iteration 1028  HV  cores 1072 782 1  time 30.6456 4.19811 0
Iteration 1029  HV  cores 1073 782 1  time 30.6908 4.19811 0
Iteration 1030 MHV  lb 307662 ub 307702  time 30.692 4.76676 0
Iteration 1031  HV  cores 1075 784 2  time 30.7295 4.76676 0
Iteration 1032  HV  cores 1076 785 1  time 30.7431 4.76676 0
Iteration 1033  HV  cores 1077 786 1  time 30.7543 4.76676 0
Iteration 1034  HV  cores 1078 787 1  time 30.7588 4.76676 0
Iteration 1035  HV  cores 1079 788 1  time 30.7622 4.76676 0
Iteration 1036  HV  cores 1080 789 1  time 30.7694 4.76676 0
Iteration 1037  HV  cores 1081 790 1  time 30.778 4.76676 0
Iteration 1038  HV  cores 1082 791 1  time 30.7814 4.76676 0
Iteration 1039  HV  cores 1083 792 1  time 30.7899 4.76676 0
Iteration 1040  HV  cores 1084 793 1  time 30.7985 4.76676 0
Iteration 1041  HV  cores 1085 794 1  time 30.802 4.76676 0
Iteration 1042  HV  cores 1086 795 1  time 30.8054 4.76676 0
Iteration 1043  HV  cores 1087 796 1  time 30.8087 4.76676 0
Iteration 1044  HV  cores 1088 797 1  time 30.8144 4.76676 0
Iteration 1045  HV  cores 1089 798 1  time 30.8371 4.76676 0
Iteration 1046  HV  cores 1090 799 1  time 30.8589 4.76676 0
Iteration 1047  HV  cores 1091 800 1  time 30.8808 4.76676 0
Iteration 1048  HV  cores 1092 801 1  time 30.8883 4.76676 0
Iteration 1049  HV  cores 1093 802 1  time 30.9205 4.76676 0
Iteration 1050  HV  cores 1094 802 1  time 30.9556 4.76676 0
Iteration 1051  HV  cores 1095 803 1  time 30.9934 4.76676 0
Iteration 1052  HV  cores 1096 804 1  time 31.0488 4.76676 0
Iteration 1053  HV  cores 1097 805 1  time 31.0965 4.76676 0
Iteration 1054  HV  cores 1098 806 1  time 31.1166 4.76676 0
Iteration 1055  HV  cores 1099 807 1  time 31.1492 4.76676 0
Iteration 1056  HV  cores 1100 808 1  time 31.1838 4.76676 0
Iteration 1057  HV  cores 1101 809 1  time 31.2109 4.76676 0
Iteration 1058  HV  cores 1102 810 1  time 31.2439 4.76676 0
Iteration 1059 MHV  lb 307662 ub 307702  time 31.2451 5.86314 0
Iteration 1060  HV  cores 1103 811 1  time 31.2561 5.86314 0
Iteration 1061  HV  cores 1104 812 1  time 31.2648 5.86314 0
Iteration 1062  HV  cores 1105 813 1  time 31.2711 5.86314 0
Iteration 1063  HV  cores 1106 814 1  time 31.2744 5.86314 0
Iteration 1064  HV  cores 1107 815 1  time 31.2824 5.86314 0
Iteration 1065  HV  cores 1109 817 2  time 31.2887 5.86314 0
Iteration 1066  HV  cores 1110 818 1  time 31.2985 5.86314 0
Iteration 1067  HV  cores 1111 819 1  time 31.3069 5.86314 0
Iteration 1068  HV  cores 1112 820 1  time 31.3146 5.86314 0
Iteration 1069  HV  cores 1113 821 1  time 31.3204 5.86314 0
Iteration 1070  HV  cores 1114 822 1  time 31.3318 5.86314 0
Iteration 1071  HV  cores 1115 823 1  time 31.3486 5.86314 0
Iteration 1072  HV  cores 1116 823 1  time 31.364 5.86314 0
Iteration 1073  HV  cores 1117 824 1  time 31.393 5.86314 0
Iteration 1074  HV  cores 1118 825 1  time 31.4268 5.86314 0
Iteration 1075 MHV  lb 307663 ub 307682  time 31.428 7.41369 0
Iteration 1076  HV  cores 1119 826 1  time 31.4492 7.41369 0
Iteration 1077  HV  cores 1120 827 1  time 31.4671 7.41369 0
Iteration 1078  HV  cores 1121 828 1  time 31.4847 7.41369 0
Iteration 1079  HV  cores 1123 830 2  time 31.4966 7.41369 0
Iteration 1080  HV  cores 1125 832 2  time 31.5116 7.41369 0
Iteration 1081  HV  cores 1127 834 2  time 31.5252 7.41369 0
Iteration 1082  HV  cores 1129 836 2  time 31.5422 7.41369 0
Iteration 1083  HV  cores 1131 838 2  time 31.5594 7.41369 0
Iteration 1084  HV  cores 1132 839 1  time 31.5722 7.41369 0
Iteration 1085  HV  cores 1133 840 1  time 31.5825 7.41369 0
Iteration 1086  HV  cores 1134 841 1  time 31.594 7.41369 0
Iteration 1087  HV  cores 1135 842 1  time 31.6056 7.41369 0
Iteration 1088  HV  cores 1136 843 1  time 31.6091 7.41369 0
Iteration 1089  HV  cores 1137 844 1  time 31.6193 7.41369 0
Iteration 1090  HV  cores 1138 845 1  time 31.6287 7.41369 0
Iteration 1091  HV  cores 1139 846 1  time 31.6573 7.41369 0
Iteration 1092  HV  cores 1140 847 1  time 31.6866 7.41369 0
Iteration 1093  HV  cores 1141 848 1  time 31.715 7.41369 0
Iteration 1094  HV  cores 1142 849 1  time 31.7439 7.41369 0
Iteration 1095  HV  cores 1143 850 1  time 31.7684 7.41369 0
Iteration 1096  HV  cores 1144 851 1  time 31.825 7.41369 0
Iteration 1097  HV  cores 1145 852 1  time 32.0065 7.41369 0
Iteration 1098  HV  cores 1146 853 1  time 32.0597 7.41369 0
Iteration 1099  HV  cores 1147 854 1  time 32.1519 7.41369 0
Iteration 1100  HV  cores 1148 854 1  time 32.1735 7.41369 0
Iteration 1101  HV  cores 1149 855 1  time 32.1948 7.41369 0
Iteration 1102  HV  cores 1150 855 1  time 32.2448 7.41369 0
Iteration 1103  HV  cores 1151 855 1  time 32.3002 7.41369 0
Iteration 1104  HV  cores 1152 855 1  time 32.3354 7.41369 0
Iteration 1105  HV  cores 1153 855 1  time 32.3727 7.41369 0
Iteration 1106  HV  cores 1154 855 1  time 32.4055 7.41369 0
Iteration 1107  HV  cores 1155 856 1  time 32.4536 7.41369 0
Iteration 1108  HV  cores 1156 857 1  time 32.507 7.41369 0
Iteration 1109  HV  cores 1157 858 1  time 32.542 7.41369 0
Iteration 1110  HV  cores 1158 859 1  time 32.5591 7.41369 0
Iteration 1111  HV  cores 1159 860 1  time 32.6134 7.41369 0
Iteration 1112  HV  cores 1160 861 1  time 32.6568 7.41369 0
Iteration 1113  HV  cores 1161 862 1  time 32.7644 7.41369 0
Iteration 1114  HV  cores 1162 863 1  time 32.9148 7.41369 0
Iteration 1115  HV  cores 1163 864 1  time 32.9655 7.41369 0
Iteration 1116  HV  cores 1164 865 1  time 33.0052 7.41369 0
Iteration 1117  HV  cores 1165 866 1  time 33.0438 7.41369 0
Iteration 1118  HV  cores 1166 867 1  time 33.0854 7.41369 0
Iteration 1119  HV  cores 1167 868 1  time 33.1137 7.41369 0
Iteration 1120  HV  cores 1168 868 1  time 33.1642 7.41369 0
Iteration 1121  HV  cores 1169 868 1  time 33.1944 7.41369 0
Iteration 1122  HV  cores 1170 869 1  time 33.2531 7.41369 0
Iteration 1123  HV  cores 1171 870 1  time 33.3054 7.41369 0
Iteration 1124  HV  cores 1172 871 1  time 33.362 7.41369 0
Iteration 1125  HV  cores 1173 872 1  time 33.4132 7.41369 0
Iteration 1126  HV  cores 1174 872 1  time 33.4619 7.41369 0
Iteration 1127  HV  cores 1175 872 1  time 33.5086 7.41369 0
Iteration 1128  HV  cores 1176 872 1  time 33.5568 7.41369 0
Iteration 1129  HV  cores 1177 872 1  time 33.6016 7.41369 0
Iteration 1130  HV  cores 1178 873 1  time 33.633 7.41369 0
Iteration 1131  HV  cores 1179 874 1  time 33.6876 7.41369 0
Iteration 1132  HV  cores 1180 875 1  time 33.727 7.41369 0
Iteration 1133  HV  cores 1181 876 1  time 33.7659 7.41369 0
Iteration 1134  HV  cores 1182 877 1  time 33.8006 7.41369 0
Iteration 1135  HV  cores 1183 877 1  time 33.868 7.41369 0
Iteration 1136  HV  cores 1184 878 1  time 33.902 7.41369 0
Iteration 1137  HV  cores 1185 879 1  time 33.9858 7.41369 0
Iteration 1138  HV  cores 1186 880 1  time 34.0409 7.41369 0
Iteration 1139  HV  cores 1187 881 1  time 34.1015 7.41369 0
Iteration 1140  HV  cores 1188 882 1  time 34.1377 7.41369 0
Iteration 1141  HV  cores 1189 880 1  time 34.182 7.41369 0
Iteration 1142  HV  cores 1190 881 1  time 34.2442 7.41369 0
Iteration 1143  HV  cores 1191 881 1  time 34.2691 7.41369 0
Iteration 1144  HV  cores 1192 882 1  time 34.2981 7.41369 0
Iteration 1145  HV  cores 1193 882 1  time 34.3221 7.41369 0
Iteration 1146  HV  cores 1194 882 1  time 34.3513 7.41369 0
Iteration 1147  HV  cores 1195 882 1  time 34.3747 7.41369 0
Iteration 1148  HV  cores 1196 882 1  time 34.4042 7.41369 0
Iteration 1149  HV  cores 1197 883 1  time 34.4236 7.41369 0
Iteration 1150  HV  cores 1198 884 1  time 34.65 7.41369 0
Iteration 1151  HV  cores 1199 884 1  time 34.6998 7.41369 0
Iteration 1152  HV  cores 1200 885 1  time 34.7512 7.41369 0
Iteration 1153  HV  cores 1201 886 1  time 34.859 7.41369 0
Iteration 1154  HV  cores 1202 887 1  time 34.9076 7.41369 0
Iteration 1155  HV  cores 1203 888 1  time 34.9347 7.41369 0
Iteration 1156  HV  cores 1204 889 1  time 34.9654 7.41369 0
Iteration 1157  HV  cores 1205 890 1  time 35.0218 7.41369 0
Iteration 1158  HV  cores 1206 891 1  time 35.057 7.41369 0
Iteration 1159  HV  cores 1207 892 1  time 35.0986 7.41369 0
Iteration 1160  HV  cores 1208 892 1  time 35.141 7.41369 0
Iteration 1161  HV  cores 1209 893 1  time 35.1573 7.41369 0
Iteration 1162  HV  cores 1210 894 1  time 35.1757 7.41369 0
Iteration 1163  HV  cores 1211 895 1  time 35.2041 7.41369 0
Iteration 1164  HV  cores 1212 896 1  time 35.245 7.41369 0
Iteration 1165  HV  cores 1213 897 1  time 35.2766 7.41369 0
Iteration 1166  HV  cores 1214 898 1  time 35.302 7.41369 0
Iteration 1167  HV  cores 1215 899 1  time 35.3541 7.41369 0
Iteration 1168  HV  cores 1216 900 1  time 35.3979 7.41369 0
Iteration 1169  HV  cores 1217 901 1  time 35.4506 7.41369 0
Iteration 1170  HV  cores 1218 902 1  time 35.4891 7.41369 0
Iteration 1171  HV  cores 1219 903 1  time 35.5668 7.41369 0
Iteration 1172  HV  cores 1220 904 1  time 35.626 7.41369 0
Iteration 1173  HV  cores 1221 905 1  time 35.6489 7.41369 0
Iteration 1174  HV  cores 1222 906 1  time 35.6839 7.41369 0
Iteration 1175  HV  cores 1223 907 1  time 35.7452 7.41369 0
Iteration 1176  HV  cores 1224 908 1  time 35.7861 7.41369 0
Iteration 1177  HV  cores 1225 908 1  time 35.8226 7.41369 0
Iteration 1178  HV  cores 1226 909 1  time 35.857 7.41369 0
Iteration 1179  HV  cores 1227 910 1  time 35.8877 7.41369 0
Iteration 1180  HV  cores 1228 911 1  time 35.9148 7.41369 0
Iteration 1181  HV  cores 1229 912 1  time 35.9214 7.41369 0
Iteration 1182  HV  cores 1230 913 1  time 35.9648 7.41369 0
Iteration 1183  HV  cores 1231 914 1  time 35.9818 7.41369 0
Iteration 1184  HV  cores 1232 915 1  time 35.9981 7.41369 0
Iteration 1185  HV  cores 1233 916 1  time 36.0404 7.41369 0
Iteration 1186  HV  cores 1234 917 1  time 36.0703 7.41369 0
Iteration 1187  HV  cores 1235 918 1  time 36.0742 7.41369 0
Iteration 1188  HV  cores 1236 919 1  time 36.1048 7.41369 0
Iteration 1189  HV  cores 1237 920 1  time 36.1249 7.41369 0
Iteration 1190  HV  cores 1238 921 1  time 36.1465 7.41369 0
Iteration 1191  HV  cores 1239 922 1  time 36.1708 7.41369 0
Iteration 1192  HV  cores 1240 923 1  time 36.1952 7.41369 0
Iteration 1193  HV  cores 1241 924 1  time 36.2214 7.41369 0
Iteration 1194  HV  cores 1242 925 1  time 36.252 7.41369 0
Iteration 1195  HV  cores 1243 926 1  time 36.2855 7.41369 0
Iteration 1196 MHV  lb 307663 ub 307682  time 36.2866 8.03691 0
Iteration 1197  HV  cores 1245 928 2  time 36.3182 8.03691 0
Iteration 1198  HV  cores 1246 929 1  time 36.327 8.03691 0
Iteration 1199  HV  cores 1247 930 1  time 36.3359 8.03691 0
Iteration 1200  HV  cores 1248 931 1  time 36.3484 8.03691 0
Iteration 1201  HV  cores 1249 932 1  time 36.3547 8.03691 0
Iteration 1202  HV  cores 1250 933 1  time 36.361 8.03691 0
Iteration 1203  HV  cores 1251 934 1  time 36.3648 8.03691 0
Iteration 1204  HV  cores 1252 935 1  time 36.3788 8.03691 0
Iteration 1205  HV  cores 1253 936 1  time 36.3852 8.03691 0
Iteration 1206  HV  cores 1254 937 1  time 36.3944 8.03691 0
Iteration 1207  HV  cores 1255 938 1  time 36.4024 8.03691 0
Iteration 1208  HV  cores 1256 939 1  time 36.4088 8.03691 0
Iteration 1209  HV  cores 1257 940 1  time 36.4126 8.03691 0
Iteration 1210  HV  cores 1258 941 1  time 36.4441 8.03691 0
Iteration 1211  HV  cores 1259 942 1  time 36.4699 8.03691 0
Iteration 1212  HV  cores 1260 943 1  time 36.4789 8.03691 0
Iteration 1213  HV  cores 1261 944 1  time 36.5155 8.03691 0
Iteration 1214  HV  cores 1262 945 1  time 36.5365 8.03691 0
Iteration 1215  HV  cores 1263 946 1  time 36.5698 8.03691 0
Iteration 1216  HV  cores 1264 947 1  time 36.604 8.03691 0
Iteration 1217  HV  cores 1265 948 1  time 36.6125 8.03691 0
Iteration 1218  HV  cores 1266 949 1  time 36.641 8.03691 0
Iteration 1219  HV  cores 1267 950 1  time 36.6611 8.03691 0
Iteration 1220  HV  cores 1268 951 1  time 36.681 8.03691 0
Iteration 1221  HV  cores 1269 952 1  time 36.7088 8.03691 0
Iteration 1222  HV  cores 1270 953 1  time 36.7335 8.03691 0
Iteration 1223  HV  cores 1271 954 1  time 36.7457 8.03691 0
Iteration 1224  HV  cores 1272 955 1  time 36.7622 8.03691 0
Iteration 1225  HV  cores 1273 956 1  time 36.7779 8.03691 0
Iteration 1226  HV  cores 1274 957 1  time 36.7935 8.03691 0
Iteration 1227  HV  cores 1275 958 1  time 36.8254 8.03691 0
Iteration 1228 MHV  lb 307664 ub 307682  time 36.8265 8.79628 0
Iteration 1229  HV  cores 1276 959 1  time 36.8332 8.79628 0
Iteration 1230  HV  cores 1278 961 2  time 36.859 8.79628 0
Iteration 1231  HV  cores 1280 963 2  time 36.8817 8.79628 0
Iteration 1232  HV  cores 1281 964 1  time 36.8876 8.79628 0
Iteration 1233  HV  cores 1282 965 1  time 36.8946 8.79628 0
Iteration 1234  HV  cores 1283 966 1  time 36.9057 8.79628 0
Iteration 1235  HV  cores 1284 967 1  time 36.9091 8.79628 0
Iteration 1236  HV  cores 1285 968 1  time 36.9204 8.79628 0
Iteration 1237  HV  cores 1286 969 1  time 36.9372 8.79628 0
Iteration 1238  HV  cores 1287 970 1  time 36.9434 8.79628 0
Iteration 1239  HV  cores 1288 971 1  time 36.9627 8.79628 0
Iteration 1240  HV  cores 1289 972 1  time 36.9878 8.79628 0
Iteration 1241  HV  cores 1290 973 1  time 37.0107 8.79628 0
Iteration 1242 MHV  lb 307664 ub 307682  time 37.0117 9.57856 0
Iteration 1243  HV  cores 1291 974 1  time 37.0199 9.57856 0
Iteration 1244  HV  cores 1292 975 1  time 37.0285 9.57856 0
Iteration 1245  HV  cores 1293 975 1  time 37.0354 9.57856 0
Iteration 1246  HV  cores 1294 976 1  time 37.0422 9.57856 0
Iteration 1247  HV  cores 1295 977 1  time 37.0483 9.57856 0
Iteration 1248  HV  cores 1296 978 1  time 37.0665 9.57856 0
Iteration 1249  HV  cores 1297 979 1  time 37.0782 9.57856 0
Iteration 1250  HV  cores 1298 980 1  time 37.0895 9.57856 0
Iteration 1251  HV  cores 1299 981 1  time 37.1066 9.57856 0
Iteration 1252  HV  cores 1300 982 1  time 37.1192 9.57856 0
Iteration 1253  HV  cores 1301 983 1  time 37.124 9.57856 0
Iteration 1254  HV  cores 1302 984 1  time 37.1371 9.57856 0
Iteration 1255  HV  cores 1303 985 1  time 37.1731 9.57856 0
Iteration 1256  HV  cores 1304 986 1  time 37.1917 9.57856 0
Iteration 1257  HV  cores 1305 987 1  time 37.2137 9.57856 0
Iteration 1258  HV  cores 1306 988 1  time 37.2486 9.57856 0
Iteration 1259  HV  cores 1307 989 1  time 37.2746 9.57856 0
Iteration 1260  HV  cores 1308 990 1  time 37.3092 9.57856 0
Iteration 1261  HV  cores 1309 991 1  time 37.3343 9.57856 0
Iteration 1262  HV  cores 1310 992 1  time 37.3725 9.57856 0
Iteration 1263  HV  cores 1311 993 1  time 37.4007 9.57856 0
Iteration 1264  HV  cores 1312 994 1  time 37.413 9.57856 0
Iteration 1265  HV  cores 1313 995 1  time 37.4233 9.57856 0
Iteration 1266  HV  cores 1314 996 1  time 37.4604 9.57856 0
Iteration 1267  HV  cores 1315 997 1  time 37.4711 9.57856 0
Iteration 1268  HV  cores 1316 998 1  time 37.4959 9.57856 0
Iteration 1269  HV  cores 1317 999 1  time 37.5162 9.57856 0
Iteration 1270  HV  cores 1318 1000 1  time 37.564 9.57856 0
Iteration 1271  HV  cores 1319 1001 1  time 37.5858 9.57856 0
Iteration 1272 MHV  lb 307664 ub 307682  time 37.5869 11.7831 0
Iteration 1273  HV  cores 1320 1002 1  time 37.5971 11.7831 0
Iteration 1274  HV  cores 1321 1003 1  time 37.6069 11.7831 0
Iteration 1275  HV  cores 1322 1004 1  time 37.6154 11.7831 0
Iteration 1276  HV  cores 1323 1005 1  time 37.6309 11.7831 0
Iteration 1277  HV  cores 1324 1006 1  time 37.6425 11.7831 0
Iteration 1278  HV  cores 1325 1007 1  time 37.6459 11.7831 0
Iteration 1279 MHV  lb 307665 ub 307670  time 37.6471 14.2183 0
Iteration 1280  HV  cores 1326 1008 1  time 37.6539 14.2183 0
Iteration 1281  HV  cores 1327 1009 1  time 37.6588 14.2183 0
Iteration 1282  HV  cores 1328 1010 1  time 37.6688 14.2183 0
Iteration 1283  HV  cores 1329 1011 1  time 37.6749 14.2183 0
Iteration 1284  HV  cores 1330 1012 1  time 37.6875 14.2183 0
Iteration 1285  HV  cores 1331 1013 1  time 37.6935 14.2183 0
Iteration 1286  HV  cores 1333 1015 2  time 37.7068 14.2183 0
Iteration 1287  HV  cores 1334 1016 1  time 37.7166 14.2183 0
Iteration 1288  HV  cores 1335 1017 1  time 37.7266 14.2183 0
Iteration 1289  HV  cores 1336 1018 1  time 37.7366 14.2183 0
Iteration 1290  HV  cores 1337 1019 1  time 37.74 14.2183 0
Iteration 1291  HV  cores 1338 1020 1  time 37.755 14.2183 0
Iteration 1292  HV  cores 1339 1021 1  time 37.7687 14.2183 0
Iteration 1293 MHV  lb 307665 ub 307670  time 37.7698 16.6017 0
Iteration 1294  HV  cores 1341 1023 2  time 37.7843 16.6017 0
Iteration 1295  HV  cores 1342 1024 1  time 37.7933 16.6017 0
Iteration 1296  HV  cores 1343 1025 1  time 37.7982 16.6017 0
Iteration 1297  HV  cores 1344 1026 1  time 37.8029 16.6017 0
Iteration 1298  HV  cores 1345 1027 1  time 37.8115 16.6017 0
Iteration 1299  HV  cores 1346 1027 1  time 37.8201 16.6017 0
Iteration 1300  HV  cores 1347 1027 1  time 37.8299 16.6017 0
Iteration 1301  HV  cores 1348 1028 1  time 37.849 16.6017 0
Iteration 1302  HV  cores 1349 1029 1  time 37.8654 16.6017 0
Iteration 1303  HV  cores 1350 1030 1  time 37.8876 16.6017 0
Iteration 1304  HV  cores 1351 1031 1  time 37.8994 16.6017 0
Iteration 1305  HV  cores 1352 1032 1  time 37.9177 16.6017 0
Iteration 1306  HV  cores 1353 1033 1  time 37.9324 16.6017 0
Iteration 1307  HV  cores 1354 1034 1  time 37.9517 16.6017 0
Iteration 1308  HV  cores 1355 1035 1  time 37.9775 16.6017 0
Iteration 1309  HV  cores 1356 1035 1  time 38.0009 16.6017 0
Iteration 1310  HV  cores 1357 1036 1  time 38.0044 16.6017 0
Iteration 1311  HV  cores 1358 1037 1  time 38.0411 16.6017 0
Iteration 1312  HV  cores 1359 1038 1  time 38.073 16.6017 0
Iteration 1313  HV  cores 1360 1039 1  time 38.1115 16.6017 0
Iteration 1314  HV  cores 1361 1040 1  time 38.1272 16.6017 0
Iteration 1315  HV  cores 1362 1041 1  time 38.1319 16.6017 0
Iteration 1316  HV  cores 1363 1042 1  time 38.1431 16.6017 0
Iteration 1317  HV  cores 1364 1043 1  time 38.1746 16.6017 0
Iteration 1318  HV  cores 1365 1044 1  time 38.2045 16.6017 0
Iteration 1319  HV  cores 1366 1045 1  time 38.2353 16.6017 0
Iteration 1320  HV  cores 1367 1046 1  time 38.2683 16.6017 0
Iteration 1321  HV  cores 1368 1047 1  time 38.2797 16.6017 0
Iteration 1322  HV  cores 1369 1048 1  time 38.3078 16.6017 0
Iteration 1323  HV  cores 1370 1049 1  time 38.3335 16.6017 0
Iteration 1324  HV  cores 1371 1050 1  time 38.36 16.6017 0
Iteration 1325  HV  cores 1372 1050 1  time 38.3855 16.6017 0
Iteration 1326  HV  cores 1373 1051 1  time 38.417 16.6017 0
Iteration 1327  HV  cores 1374 1052 1  time 38.4489 16.6017 0
Iteration 1328  HV  cores 1375 1053 1  time 38.4746 16.6017 0
Iteration 1329  HV  cores 1376 1054 1  time 38.5143 16.6017 0
Iteration 1330  HV  cores 1377 1055 1  time 38.5631 16.6017 0
Iteration 1331  HV  cores 1378 1056 1  time 38.5968 16.6017 0
Iteration 1332  HV  cores 1379 1057 1  time 38.6512 16.6017 0
Iteration 1333  HV  cores 1380 1058 1  time 38.6695 16.6017 0
Iteration 1334  HV  cores 1381 1059 1  time 38.7062 16.6017 0
Iteration 1335  HV  cores 1382 1060 1  time 38.7433 16.6017 0
Iteration 1336  HV  cores 1383 1061 1  time 38.7771 16.6017 0
Iteration 1337  HV  cores 1384 1062 1  time 38.8084 16.6017 0
Iteration 1338  HV  cores 1385 1063 1  time 38.8412 16.6017 0
Iteration 1339  HV  cores 1386 1064 1  time 38.8772 16.6017 0
Iteration 1340  HV  cores 1387 1064 1  time 38.9083 16.6017 0
Iteration 1341  HV  cores 1388 1064 1  time 38.941 16.6017 0
Iteration 1342  HV  cores 1389 1065 1  time 38.9715 16.6017 0
Iteration 1343  HV  cores 1390 1066 1  time 39.0061 16.6017 0
Iteration 1344  HV  cores 1391 1067 1  time 39.0373 16.6017 0
Iteration 1345  HV  cores 1392 1068 1  time 39.072 16.6017 0
Iteration 1346  HV  cores 1393 1068 1  time 39.1002 16.6017 0
Iteration 1347  HV  cores 1394 1069 1  time 39.1479 16.6017 0
Iteration 1348  HV  cores 1395 1070 1  time 39.1806 16.6017 0
Iteration 1349  HV  cores 1396 1071 1  time 39.1962 16.6017 0
Iteration 1350  HV  cores 1397 1072 1  time 39.2275 16.6017 0
Iteration 1351  HV  cores 1398 1073 1  time 39.2588 16.6017 0
Iteration 1352  HV  cores 1399 1074 1  time 39.2863 16.6017 0
Iteration 1353  HV  cores 1400 1075 1  time 39.3095 16.6017 0
Iteration 1354 MHV  lb 307665 ub 307670  time 39.3107 18.8967 0
Iteration 1355  HV  cores 1401 1076 1  time 39.3173 18.8967 0
Iteration 1356  HV  cores 1402 1077 1  time 39.3228 18.8967 0
Iteration 1357  HV  cores 1403 1078 1  time 39.3289 18.8967 0
Iteration 1358  HV  cores 1404 1079 1  time 39.3322 18.8967 0
Iteration 1359  HV  cores 1405 1080 1  time 39.3379 18.8967 0
Iteration 1360  HV  cores 1406 1081 1  time 39.3439 18.8967 0
Iteration 1361  HV  cores 1407 1082 1  time 39.3487 18.8967 0
Iteration 1362 MHV  lb 307666 ub 307670  time 39.35 20.9076 0
Iteration 1363  HV  cores 1408 1082 1  time 39.3539 20.9076 0
Iteration 1364  HV  cores 1410 1083 2  time 39.3821 20.9076 0
Iteration 1365  HV  cores 1411 1084 1  time 39.3904 20.9076 0
Iteration 1366  HV  cores 1412 1085 1  time 39.3976 20.9076 0
Iteration 1367  HV  cores 1413 1086 1  time 39.4061 20.9076 0
Iteration 1368  HV  cores 1414 1087 1  time 39.412 20.9076 0
Iteration 1369  HV  cores 1415 1088 1  time 39.4153 20.9076 0
Iteration 1370  HV  cores 1416 1089 1  time 39.4257 20.9076 0
Iteration 1371 MHV  lb 307667 ub 307670  time 39.4268 24.1188 0
Iteration 1372  HV  cores 1417 1090 1  time 39.4345 24.1188 0
Iteration 1373  HV  cores 1418 1091 1  time 39.4448 24.1188 0
Iteration 1374  HV  cores 1419 1092 1  time 39.4523 24.1188 0
Iteration 1375  HV  cores 1420 1093 1  time 39.464 24.1188 0
Iteration 1376  HV  cores 1421 1094 1  time 39.4673 24.1188 0
Iteration 1377 MHV  lb 307667 ub 307670  time 39.4684 26.9819 0
Iteration 1378  HV  cores 1422 1095 1  time 39.4769 26.9819 0
Iteration 1379  HV  cores 1423 1096 1  time 39.5116 26.9819 0
Iteration 1380  HV  cores 1424 1097 1  time 39.5235 26.9819 0
Iteration 1381  HV  cores 1425 1098 1  time 39.5296 26.9819 0
Iteration 1382  HV  cores 1426 1099 1  time 39.533 26.9819 0
Iteration 1383  HV  cores 1427 1100 1  time 39.5389 26.9819 0
Iteration 1384 MHV  lb 307667 ub 307670  time 39.54 29.8906 0
Iteration 1385  HV  cores 1428 1101 1  time 39.5438 29.8906 0
Iteration 1386  HV  cores 1429 1101 1  time 39.5495 29.8906 0
Iteration 1387  HV  cores 1430 1101 1  time 39.5539 29.8906 0
Iteration 1388  HV  cores 1431 1101 1  time 39.5608 29.8906 0
Iteration 1389  HV  cores 1432 1102 1  time 39.5641 29.8906 0
Iteration 1390  HV  cores 1433 1102 1  time 39.5674 29.8906 0
Iteration 1391  HV  cores 1434 1101 1  time 39.5706 29.8906 0
Iteration 1392 MHV  lb 307667 ub 307670  time 39.5718 33.0465 0
Iteration 1393  HV  cores 1435 1102 1  time 39.5758 33.0465 0
Iteration 1394 MHV  lb 307667 ub 307668  time 39.5769 36.132 0
Iteration 1395  HV  cores 1436 1103 1  time 39.581 36.132 0
Iteration 1396  HV  cores 1437 1104 1  time 39.5846 36.132 0
Iteration 1397  HV  cores 1438 1105 1  time 39.5879 36.132 0
Iteration 1398  HV  cores 1439 1106 1  time 39.6006 36.132 0
Iteration 1399  HV  cores 1440 1107 1  time 39.6132 36.132 0
Iteration 1400  HV  cores 1441 1108 1  time 39.6319 36.132 0
Iteration 1401  HV  cores 1442 1109 1  time 39.6523 36.132 0
Iteration 1402  HV  cores 1443 1110 1  time 39.6696 36.132 0
Iteration 1403  HV  cores 1444 1111 1  time 39.68 36.132 0
Iteration 1404  HV  cores 1445 1112 1  time 39.6861 36.132 0
Iteration 1405  HV  cores 1446 1113 1  time 39.6966 36.132 0
Iteration 1406 MHV  lb 307667 ub 307668  time 39.6977 39.0908 0
Iteration 1407 MHV  lb 307667 ub 307667  time 39.6993 39.0921 0
Optimal value: 307667
Real time: 78.913
CPU time: 123.145
