lb 2426810 ub 25142792 before adjustment
lb 0 ub 22715982 after adjustment
costs ready
31 variables 495 functions 2426810 lb, 22715982 ub
Iteration 0  HV  cores 23 23 23  time 150.371 0 0.024542
Iteration 1 MHV  lb 2426894 ub 25142791  time 150.381 0.41432 0.024542
Iteration 2  HV  cores 40 40 17  time 254.474 0.41432 0.263118
Iteration 3 MHV  lb 2426936 ub 15399847  time 254.488 0.922674 0.263118
Iteration 4  HV  cores 60 60 20  time 339.982 0.922674 2.96482
Iteration 5 MHV  lb 2427011 ub 12100629  time 339.995 1.42061 2.96482
Iteration 6  HV  cores 82 82 22  time 441.046 1.42061 6.30383
Iteration 7  HV  cores 95 95 13  time 501.816 1.42061 9.6307
Iteration 8 MHV  lb 2427076 ub 8803912  time 501.831 2.01123 9.6307
Iteration 9  HV  cores 112 112 17  time 547.309 2.01123 13.1687
Iteration 10  HV  cores 120 120 8  time 564.602 2.01123 16.6895
Iteration 11 MHV  lb 2427187 ub 6010301  time 564.653 3.15859 16.6895
Iteration 12  HV  cores 136 136 16  time 616.116 3.15859 20.3644
Iteration 13  HV  cores 144 144 8  time 634.065 3.15859 23.97
Iteration 14  HV  cores 146 146 2  time 636.07 3.15859 27.5822
Iteration 15  HV  cores 147 147 1  time 638.116 3.15859 31.1953
Iteration 16  HV  cores 148 148 1  time 638.281 3.15859 34.7967
Iteration 17  HV  cores 149 149 1  time 638.52 3.15859 38.4067
Iteration 18  HV  cores 150 150 1  time 638.858 3.15859 42.0139
Iteration 19  HV  cores 151 151 1  time 639.407 3.15859 45.62
Iteration 20  HV  cores 152 152 1  time 639.853 3.15859 49.2295
Iteration 21 MHV  lb 2427253 ub 4564318  time 639.923 5.50453 49.2295
Iteration 22  HV  cores 168 168 16  time 706.82 5.50453 52.9155
Iteration 23  HV  cores 178 178 10  time 753.695 5.50453 56.5943
Iteration 24  HV  cores 182 182 4  time 796.26 5.50453 60.2594
Iteration 25  HV  cores 185 185 3  time 800.824 5.50453 63.943
Iteration 26  HV  cores 187 187 2  time 802.112 5.50453 67.6138
Iteration 27  HV  cores 188 188 1  time 802.847 5.50453 71.2999
Iteration 28  HV  cores 189 189 1  time 803.186 5.50453 74.9895
Iteration 29 MHV  lb 2427363 ub 3594400  time 803.286 9.67865 74.9895
Iteration 30  HV  cores 206 206 17  time 859.636 9.67865 78.7088
Iteration 31  HV  cores 208 208 2  time 861.225 9.67865 82.4069
Iteration 32  HV  cores 209 209 1  time 861.995 9.67865 86.1031
Iteration 33  HV  cores 210 210 1  time 864.675 9.67865 89.8089
Iteration 34  HV  cores 211 211 1  time 865.219 9.67865 93.5144
Iteration 35  HV  cores 212 212 1  time 865.544 9.67865 97.2181
Iteration 36 MHV  lb 2427389 ub 2970268  time 865.555 16.6339 97.2181
Iteration 37  HV  cores 231 230 19  time 922.908 16.6339 100.958
Iteration 38  HV  cores 233 232 2  time 938.959 16.6339 104.823
Iteration 39  HV  cores 235 234 2  time 942.439 16.6339 108.589
Iteration 40  HV  cores 236 235 1  time 942.614 16.6339 112.343
Iteration 41  HV  cores 237 236 1  time 942.815 16.6339 116.101
Iteration 42  HV  cores 238 237 1  time 943.268 16.6339 119.859
Iteration 43  HV  cores 240 239 2  time 944.484 16.6339 123.612
Iteration 44  HV  cores 242 241 2  time 947.588 16.6339 127.365
Iteration 45  HV  cores 243 242 1  time 947.892 16.6339 131.124
Iteration 46  HV  cores 244 243 1  time 948.738 16.6339 134.876
Iteration 47 MHV  lb 2427433 ub 2622015  time 948.752 25.2332 134.876
Iteration 48  HV  cores 262 261 18  time 1043.92 25.2332 138.875
Iteration 49  HV  cores 263 262 1  time 1044.48 25.2332 142.845
Iteration 50  HV  cores 264 263 1  time 1044.52 25.2332 146.785
Iteration 51  HV  cores 278 277 14  time 1090.51 25.2332 150.753
Iteration 52 MHV  lb 2427463 ub 2614258  time 1090.56 44.9256 150.753
Iteration 53  HV  cores 296 295 18  time 1154.05 44.9256 154.77
Iteration 54 MHV  lb 2427476 ub 2614050  time 1154.08 67.9826 154.77
Iteration 55  HV  cores 314 311 18  time 1198.98 67.9826 158.76
Iteration 56  HV  cores 334 331 20  time 1282.8 67.9826 162.739
Iteration 57 MHV  lb 2427504 ub 2614049  time 1282.84 121.209 162.739
Iteration 58  HV  cores 352 349 18  time 1338.61 121.209 166.738
Iteration 59 MHV  lb 2427515 ub 2613817  time 1338.64 357.892 166.738
Iteration 60  HV  cores 370 367 18  time 1381.25 357.892 170.74
Iteration 61 MHV  lb 2427529 ub 2613816  time 1381.28 598.763 170.74
Iteration 62  HV  cores 387 384 17  time 1456.57 598.763 174.772
Iteration 63  HV  cores 391 388 4  time 1468.69 598.763 178.753
Iteration 64 MHV  lb 2427570 ub 2613735  time 1468.71 821.309 178.753
Iteration 65  HV  cores 410 407 19  time 1532.84 821.309 182.785
Iteration 66  HV  cores 411 408 1  time 1533.08 821.309 186.779
Iteration 67 MHV  lb 2427578 ub 2613734  time 1533.09 1327.99 186.779
Iteration 68  HV  cores 429 426 18  time 1585.69 1327.99 190.869
Iteration 69 MHV  lb 2427596 ub 2613001  time 1585.75 1760.04 190.869
