lb 2520349 ub 5920072 before adjustment
lb 0 ub 3399723 after adjustment
costs ready
14 variables 94 functions 2520349 lb, 3399723 ub
Iteration 0  lb 2520352 ub 5920072  cores 2 2 2  time 0.106793 0.041293
Iteration 1  lb 2520352 ub 5920072  cores 4 4 2  time 0.17075 0.090511
Iteration 2  lb 2520354 ub 5920072  cores 6 6 2  time 0.260507 0.14304
Iteration 3  lb 2520392 ub 5920072  cores 9 9 3  time 1.43517 0.190969
Iteration 4  lb 2520394 ub 5920072  cores 11 11 2  time 1.62901 0.240477
Iteration 5  lb 2520396 ub 5920072  cores 13 13 2  time 1.84332 0.291863
Iteration 6  lb 2520397 ub 5920072  cores 15 14 2  time 2.35014 0.343682
Iteration 7  lb 2520397 ub 5920072  cores 17 16 2  time 2.4974 0.396651
Iteration 8  lb 2520398 ub 5920072  cores 19 18 2  time 2.73915 0.452014
Iteration 9  lb 2520403 ub 5920072  cores 21 19 2  time 2.90948 0.511883
Iteration 10  lb 2520404 ub 5920072  cores 23 21 2  time 3.03931 0.581338
Iteration 11  lb 2520406 ub 5920072  cores 26 24 3  time 3.22021 0.646362
Iteration 12  lb 2520407 ub 5920072  cores 28 26 2  time 3.47592 0.722367
Iteration 13  lb 2520407 ub 5920072  cores 30 28 2  time 3.56803 0.80621
Iteration 14  lb 2520408 ub 5920072  cores 32 30 2  time 3.82916 0.87723
Iteration 15  lb 2520413 ub 5920072  cores 34 31 2  time 4.08177 0.949187
Iteration 16  lb 2520413 ub 5920072  cores 36 33 2  time 4.17679 1.03192
Iteration 17  lb 2520413 ub 5920072  cores 38 35 2  time 4.20847 1.13556
Iteration 18  lb 2520413 ub 5920072  cores 40 36 2  time 4.34586 1.22866
Iteration 19  lb 2520414 ub 5920072  cores 43 39 3  time 5.04439 1.29746
Iteration 20  lb 2520415 ub 5920072  cores 45 40 2  time 5.42194 1.36722
Iteration 21  lb 2520415 ub 5920072  cores 47 42 2  time 5.55322 1.45562
Iteration 22  lb 2520415 ub 5920072  cores 49 43 2  time 5.65256 1.56249
Iteration 23  lb 2520417 ub 5920072  cores 51 45 2  time 6.14419 1.64243
Iteration 24  lb 2520418 ub 5920072  cores 53 47 2  time 6.41767 1.71784
Iteration 25  lb 2520419 ub 5920072  cores 55 48 2  time 6.59118 1.78452
Iteration 26  lb 2520432 ub 5920072  cores 57 49 2  time 6.75033 1.91195
Iteration 27  lb 2520433 ub 5920072  cores 59 51 2  time 7.21637 1.97525
Iteration 28  lb 2520435 ub 5920072  cores 61 53 2  time 7.25279 2.05267
Iteration 29  lb 2520435 ub 5920072  cores 63 55 2  time 7.37882 2.13586
Iteration 30  lb 2520442 ub 5920072  cores 66 58 3  time 7.67635 2.2755
Iteration 31  lb 2520443 ub 5920072  cores 68 59 2  time 7.85131 2.41463
Iteration 32  lb 2520447 ub 5920072  cores 70 61 2  time 8.11288 2.54261
Iteration 33  lb 2520449 ub 5920072  cores 72 63 2  time 8.22135 2.66982
Iteration 34  lb 2520449 ub 5920072  cores 74 65 2  time 8.30959 2.84131
Iteration 35  lb 2520449 ub 5920072  cores 76 67 2  time 8.46554 3.01127
Iteration 36  lb 2520450 ub 5920072  cores 78 68 2  time 8.63059 3.20207
Iteration 37  lb 2520450 ub 5920072  cores 80 70 2  time 8.69204 3.39357
Iteration 38  lb 2520450 ub 5920072  cores 82 71 2  time 8.88182 3.62424
Iteration 39  lb 2520451 ub 5920072  cores 84 73 2  time 10.0026 3.82729
Iteration 40  lb 2520452 ub 5920072  cores 86 75 2  time 10.3351 4.04051
Iteration 41  lb 2520453 ub 5920072  cores 88 77 2  time 10.8421 4.24043
Iteration 42  lb 2520454 ub 5920072  cores 90 79 2  time 12.0559 4.33427
Iteration 43  lb 2520455 ub 5920072  cores 92 81 2  time 12.4534 4.55411
Iteration 44  lb 2520455 ub 5920072  cores 94 83 2  time 12.6358 4.77362
Iteration 45  lb 2520456 ub 5920072  cores 96 85 2  time 13.094 4.87214
Iteration 46  lb 2520456 ub 5920072  cores 98 85 2  time 13.419 5.08448
Iteration 47  lb 2520462 ub 5920072  cores 100 87 2  time 14.8132 5.20497
Iteration 48  lb 2520469 ub 5920072  cores 102 89 2  time 15.0718 5.42201
Iteration 49  lb 2520469 ub 5920072  cores 104 90 2  time 15.1827 5.54647
Iteration 50  lb 2520470 ub 5920072  cores 105 91 1  time 15.2715 5.67689
Iteration 51  lb 2520471 ub 5920072  cores 107 93 2  time 15.379 5.81036
Iteration 52  lb 2520472 ub 5920072  cores 109 95 2  time 15.8866 5.91082
Iteration 53  lb 2520475 ub 5920072  cores 111 97 2  time 16.3834 6.02341
Iteration 54  lb 2520476 ub 5920072  cores 112 98 1  time 16.4839 6.13012
Iteration 55  lb 2520479 ub 5920072  cores 114 100 2  time 17.1419 6.37802
Iteration 56  lb 2520479 ub 5920072  cores 115 101 1  time 17.3157 6.48998
Iteration 57  lb 2520481 ub 5920072  cores 117 103 2  time 17.3689 6.72053
Iteration 58  lb 2520481 ub 5920072  cores 119 104 2  time 17.49 6.91663
Iteration 59  lb 2520481 ub 5920072  cores 121 104 2  time 17.615 7.02843
Iteration 60  lb 2520482 ub 5920072  cores 122 105 1  time 17.6823 7.13519
Iteration 61  lb 2520483 ub 5920072  cores 124 107 2  time 17.8287 7.31248
Iteration 62  lb 2520484 ub 5920072  cores 126 109 2  time 17.9667 7.56311
Iteration 63  lb 2520484 ub 5920072  cores 128 111 2  time 18.1556 7.81229
Iteration 64  lb 2520486 ub 5920072  cores 130 113 2  time 18.2441 7.92255
Iteration 65  lb 2520486 ub 5920072  cores 132 115 2  time 18.3888 8.17095
Iteration 66  lb 2520486 ub 5920072  cores 134 117 2  time 18.5439 8.41246
Iteration 67  lb 2520487 ub 5920072  cores 136 119 2  time 18.6788 8.66533
Iteration 68  lb 2520487 ub 5920072  cores 138 120 2  time 18.7649 8.92045
Iteration 69  lb 2520487 ub 5920072  cores 140 122 2  time 18.8525 9.14473
Iteration 70  lb 2520487 ub 5920072  cores 142 124 2  time 19.0097 9.34561
Iteration 71  lb 2520488 ub 5920072  cores 144 126 2  time 19.164 9.71994
Iteration 72  lb 2520488 ub 5920072  cores 146 128 2  time 19.2412 9.93967
Iteration 73  lb 2520489 ub 5920072  cores 148 130 2  time 19.3613 10.2143
Iteration 74  lb 2520489 ub 5920072  cores 150 132 2  time 19.4981 10.4598
Iteration 75  lb 2520489 ub 5920072  cores 151 133 1  time 19.5966 10.7114
Iteration 76  lb 2520489 ub 5920072  cores 153 134 2  time 19.6752 10.9963
Iteration 77  lb 2520490 ub 5920072  cores 155 136 2  time 19.8098 11.2479
Iteration 78  lb 2520490 ub 5920072  cores 157 138 2  time 20.1023 11.5019
Iteration 79  lb 2520490 ub 5920072  cores 159 139 2  time 20.2522 11.9183
Iteration 80  lb 2520491 ub 5920072  cores 161 141 2  time 20.3522 12.346
Iteration 81  lb 2520492 ub 5920072  cores 163 143 2  time 20.4126 12.6198
Iteration 82  lb 2520493 ub 5920072  cores 165 144 2  time 20.5487 12.8887
Iteration 83  lb 2520493 ub 5920072  cores 167 146 2  time 20.7353 13.1411
Iteration 84  lb 2520493 ub 5920072  cores 169 147 2  time 20.9178 13.4149
Iteration 85  lb 2520493 ub 5920072  cores 171 148 2  time 20.9873 13.7838
Iteration 86  lb 2520494 ub 5920072  cores 173 150 2  time 21.1088 14.0627
Iteration 87  lb 2520494 ub 5920072  cores 175 152 2  time 21.279 14.3265
Iteration 88  lb 2520494 ub 5920072  cores 177 153 2  time 21.3346 14.5854
Iteration 89  lb 2520495 ub 5920072  cores 179 154 2  time 21.4766 14.8637
Iteration 90  lb 2520495 ub 5920072  cores 181 156 2  time 21.6308 15.127
Iteration 91  lb 2520496 ub 5920072  cores 182 157 1  time 21.7638 15.3804
Iteration 92  lb 2520497 ub 5920072  cores 183 157 1  time 21.8673 15.6362
Iteration 93  lb 2520498 ub 5920072  cores 185 159 2  time 22.438 15.883
Iteration 94  lb 2520498 ub 5920072  cores 187 161 2  time 22.9868 16.1379
Iteration 95  lb 2520499 ub 5920072  cores 189 163 2  time 23.2972 16.6142
Iteration 96  lb 2520500 ub 5920072  cores 191 165 2  time 23.641 16.8863
Iteration 97  lb 2520501 ub 5920072  cores 193 167 2  time 23.9631 17.0367
Iteration 98  lb 2520501 ub 5920072  cores 195 168 2  time 24.119 17.1816
Iteration 99  lb 2520502 ub 5920072  cores 197 169 2  time 24.3728 17.4497
Iteration 100  lb 2520504 ub 5920072  cores 199 171 2  time 24.5652 17.7452
Iteration 101  lb 2520504 ub 5920072  cores 201 173 2  time 24.6572 18.2221
Iteration 102  lb 2520504 ub 5920072  cores 203 175 2  time 25.6146 18.5077
Iteration 103  lb 2520504 ub 5920072  cores 205 176 2  time 25.7448 18.9009
Iteration 104  lb 2520505 ub 5920072  cores 206 177 1  time 25.8839 19.3729
Iteration 105  lb 2520505 ub 5920072  cores 208 179 2  time 26.1089 19.7614
Iteration 106  lb 2520505 ub 5920072  cores 210 180 2  time 26.2851 20.2156
Iteration 107  lb 2520505 ub 5920072  cores 212 182 2  time 26.5301 20.5036
Iteration 108  lb 2520506 ub 5920072  cores 213 182 1  time 26.5892 20.814
Iteration 109  lb 2520506 ub 5920072  cores 214 183 1  time 26.7092 21.1043
Iteration 110  lb 2520506 ub 5920072  cores 215 184 1  time 26.8248 21.4429
Iteration 111  lb 2520506 ub 5920072  cores 217 185 2  time 27.0925 21.7385
Iteration 112  lb 2520506 ub 5920072  cores 219 187 2  time 27.1587 22.0231
Iteration 113  lb 2520507 ub 5920072  cores 221 189 2  time 27.3085 22.3313
Iteration 114  lb 2520507 ub 5920072  cores 223 191 2  time 27.5252 22.6225
Iteration 115  lb 2520508 ub 5920072  cores 225 193 2  time 27.8683 23.0245
Iteration 116  lb 2520508 ub 5920072  cores 227 195 2  time 28.0918 23.3207
Iteration 117  lb 2520508 ub 5920072  cores 229 197 2  time 28.2486 23.8085
Iteration 118  lb 2520509 ub 5920072  cores 231 198 2  time 28.3992 24.1086
Iteration 119  lb 2520510 ub 5920072  cores 233 200 2  time 28.7978 24.528
Iteration 120  lb 2520510 ub 5920072  cores 235 201 2  time 28.8984 24.797
Iteration 121  lb 2520510 ub 5920072  cores 237 202 2  time 29.1274 25.065
Iteration 122  lb 2520510 ub 5920072  cores 239 204 2  time 29.2468 25.607
Iteration 123  lb 2520511 ub 5920072  cores 241 206 2  time 29.5304 26.0972
Iteration 124  lb 2520511 ub 5920072  cores 243 207 2  time 29.6658 26.5605
Iteration 125  lb 2520511 ub 5920072  cores 245 209 2  time 29.766 27.0688
Iteration 126  lb 2520512 ub 5920072  cores 247 210 2  time 29.8508 27.5945
Iteration 127  lb 2520512 ub 5920072  cores 249 211 2  time 30.0206 27.8941
Iteration 128  lb 2520512 ub 5920072  cores 250 212 1  time 30.2027 28.5202
Iteration 129  lb 2520513 ub 5920072  cores 252 214 2  time 30.3536 28.8295
Iteration 130  lb 2520513 ub 5920072  cores 254 215 2  time 30.4343 29.1657
Iteration 131  lb 2520513 ub 5920072  cores 256 217 2  time 30.5323 29.5151
Iteration 132  lb 2520513 ub 5920072  cores 258 219 2  time 30.718 30.0534
Iteration 133  lb 2520513 ub 5920072  cores 260 221 2  time 30.8167 30.552
Iteration 134  lb 2520513 ub 5920072  cores 262 223 2  time 31.038 30.9141
Iteration 135  lb 2520513 ub 5920072  cores 264 225 2  time 31.1359 31.4234
Iteration 136  lb 2520514 ub 5920072  cores 266 226 2  time 31.2456 31.9694
Iteration 137  lb 2520514 ub 5920072  cores 268 228 2  time 31.3394 32.3317
Iteration 138  lb 2520514 ub 5920072  cores 270 230 2  time 31.4482 32.8811
Iteration 139  lb 2520514 ub 5920072  cores 271 231 1  time 31.8378 33.2205
Iteration 140  lb 2520515 ub 5920072  cores 273 232 2  time 31.9534 33.7687
Iteration 141  lb 2520515 ub 5920072  cores 275 234 2  time 32.1954 34.3888
Iteration 142  lb 2520515 ub 5920072  cores 277 235 2  time 32.2735 34.9943
Iteration 143  lb 2520515 ub 5920072  cores 279 237 2  time 32.722 35.332
Iteration 144  lb 2520516 ub 5920072  cores 280 238 1  time 33.0359 35.8834
Iteration 145  lb 2520516 ub 5920072  cores 282 239 2  time 33.2158 36.2187
Iteration 146  lb 2520516 ub 5920072  cores 284 241 2  time 33.3736 36.5688
Iteration 147  lb 2520516 ub 5920072  cores 286 243 2  time 33.4921 37.025
Iteration 148  lb 2520516 ub 5920072  cores 288 244 2  time 33.6129 37.3813
Iteration 149  lb 2520516 ub 5920072  cores 289 245 1  time 33.7678 37.6888
Iteration 150  lb 2520516 ub 5920072  cores 290 246 1  time 34.1119 38.1502
Iteration 151  lb 2520517 ub 5920072  cores 291 247 1  time 34.3798 38.6254
Iteration 152  lb 2520517 ub 5920072  cores 293 249 2  time 34.5083 38.9604
Iteration 153  lb 2520517 ub 5920072  cores 295 250 2  time 34.6722 39.5235
Iteration 154  lb 2520517 ub 5920072  cores 297 251 2  time 34.7512 39.8536
Iteration 155  lb 2520517 ub 5920072  cores 299 253 2  time 34.9312 40.4745
Iteration 156  lb 2520517 ub 5920072  cores 301 254 2  time 35.0748 41.1347
Iteration 157  lb 2520517 ub 5920072  cores 303 256 2  time 35.7906 41.7886
Iteration 158  lb 2520517 ub 5920072  cores 305 258 2  time 36.0808 42.1487
Iteration 159  lb 2520517 ub 5920072  cores 307 260 2  time 36.3133 42.6116
Iteration 160  lb 2520518 ub 5920072  cores 309 262 2  time 36.7985 43.2516
Iteration 161  lb 2520518 ub 5920072  cores 311 264 2  time 37.0193 43.6747
Iteration 162  lb 2520518 ub 5920072  cores 313 266 2  time 37.249 44.2758
Iteration 163  lb 2520518 ub 5920072  cores 315 267 2  time 37.7976 45.1255
Iteration 164  lb 2520519 ub 5920072  cores 316 268 1  time 37.9476 45.5091
Iteration 165  lb 2520519 ub 5920072  cores 318 270 2  time 38.2142 46.1619
Iteration 166  lb 2520519 ub 5920072  cores 320 272 2  time 38.3372 46.6412
Iteration 167  lb 2520519 ub 5920072  cores 322 274 2  time 38.5824 47.1287
Iteration 168  lb 2520519 ub 5920072  cores 324 276 2  time 38.7232 47.7364
Iteration 169  lb 2520519 ub 5920072  cores 326 278 2  time 38.8496 48.4274
Iteration 170  lb 2520519 ub 5920072  cores 328 280 2  time 39.052 49.1314
Iteration 171  lb 2520519 ub 5920072  cores 330 282 2  time 39.2163 49.8054
Iteration 172  lb 2520519 ub 5920072  cores 331 282 1  time 39.3276 50.3104
Iteration 173  lb 2520519 ub 5920072  cores 332 283 1  time 39.7154 51.0078
Iteration 174  lb 2520519 ub 5920072  cores 334 285 2  time 39.9516 51.5464
Iteration 175  lb 2520519 ub 5920072  cores 336 287 2  time 40.085 52.2669
Iteration 176  lb 2520520 ub 5920072  cores 338 288 2  time 40.2013 52.9755
Iteration 177  lb 2520520 ub 5920072  cores 340 290 2  time 40.397 53.6744
Iteration 178  lb 2520520 ub 5920072  cores 342 290 2  time 40.5452 54.6571
Iteration 179  lb 2520520 ub 5920072  cores 344 292 2  time 40.6895 55.3539
Iteration 180  lb 2520520 ub 5920072  cores 345 293 1  time 40.8026 55.7296
Iteration 181  lb 2520521 ub 5920072  cores 347 295 2  time 40.8458 56.4194
Iteration 182  lb 2520521 ub 5920072  cores 349 297 2  time 40.9188 57.1356
Iteration 183  lb 2520521 ub 5920072  cores 351 299 2  time 41.0483 57.6459
Iteration 184  lb 2520521 ub 5920072  cores 352 299 1  time 41.2862 58.416
Iteration 185  lb 2520521 ub 5920072  cores 354 301 2  time 41.4331 58.9058
Iteration 186  lb 2520521 ub 5920072  cores 356 303 2  time 41.5465 59.4544
Iteration 187  lb 2520521 ub 5920072  cores 358 305 2  time 41.5886 60.1341
Iteration 188  lb 2520521 ub 5920072  cores 360 307 2  time 41.7101 60.8261
Iteration 189  lb 2520522 ub 5920072  cores 362 309 2  time 41.8822 61.5972
Iteration 190  lb 2520522 ub 5920072  cores 365 312 3  time 42.192 62.4375
Iteration 191  lb 2520522 ub 5920072  cores 367 313 2  time 42.3353 63.2204
Iteration 192  lb 2520522 ub 5920072  cores 369 315 2  time 42.5648 64.1374
Iteration 193  lb 2520522 ub 5920072  cores 371 317 2  time 42.7145 65.0983
Iteration 194  lb 2520522 ub 5920072  cores 373 318 2  time 42.8761 66.086
Iteration 195  lb 2520522 ub 5920072  cores 374 319 1  time 43.2443 66.632
Iteration 196  lb 2520523 ub 5920072  cores 376 320 2  time 43.3225 67.8962
Iteration 197  lb 2520523 ub 5920072  cores 378 321 2  time 43.413 68.8934
Iteration 198  lb 2520523 ub 5920072  cores 380 323 2  time 43.831 69.9775
Iteration 199  lb 2520523 ub 5920072  cores 382 325 2  time 43.9984 70.9407
Iteration 200  lb 2520523 ub 5920072  cores 384 327 2  time 44.0811 71.3995
Iteration 201  lb 2520523 ub 5920072  cores 385 328 1  time 44.2473 72.5464
Iteration 202  lb 2520523 ub 5920072  cores 386 329 1  time 44.395 73.1004
Iteration 203  lb 2520524 ub 5920072  cores 388 331 2  time 44.6752 73.8134
Iteration 204  lb 2520524 ub 5920072  cores 390 332 2  time 44.7346 74.5892
Iteration 205  lb 2520524 ub 5920072  cores 392 334 2  time 45.0404 75.3394
Iteration 206  lb 2520524 ub 5920072  cores 394 336 2  time 45.1098 75.8198
Iteration 207  lb 2520524 ub 5920072  cores 396 338 2  time 45.3681 76.3239
Iteration 208  lb 2520524 ub 5920072  cores 398 338 2  time 45.5292 77.3036
Iteration 209  lb 2520524 ub 5920072  cores 400 340 2  time 45.7144 78.082
Iteration 210  lb 2520525 ub 5920072  cores 402 342 2  time 45.9619 78.8604
Iteration 211  lb 2520525 ub 5920072  cores 404 344 2  time 46.2539 79.4019
Iteration 212  lb 2520525 ub 5920072  cores 406 346 2  time 46.3436 80.19
Iteration 213  lb 2520525 ub 5920072  cores 408 348 2  time 46.7585 80.7144
Iteration 214  lb 2520525 ub 5920072  cores 410 350 2  time 46.8108 81.2212
Iteration 215  lb 2520525 ub 5920072  cores 411 351 1  time 46.8849 82.3992
Iteration 216  lb 2520525 ub 5920072  cores 413 353 2  time 47.1046 83.2959
Iteration 217  lb 2520525 ub 5920072  cores 415 355 2  time 47.2538 84.2251
Iteration 218  lb 2520526 ub 5920072  cores 417 357 2  time 47.4064 84.7559
Iteration 219  lb 2520526 ub 5920072  cores 419 358 2  time 47.5309 85.6446
Iteration 220  lb 2520526 ub 5920072  cores 421 360 2  time 47.8423 86.4854
Iteration 221  lb 2520526 ub 5920072  cores 423 360 2  time 47.8902 87.1041
Iteration 222  lb 2520526 ub 5920072  cores 425 361 2  time 48.035 87.7227
Iteration 223  lb 2520526 ub 5920072  cores 427 363 2  time 48.1442 88.8419
Iteration 224  lb 2520526 ub 5920072  cores 429 364 2  time 48.2163 89.8962
Iteration 225  lb 2520527 ub 5920072  cores 431 366 2  time 48.4226 90.6749
Iteration 226  lb 2520527 ub 5920072  cores 433 367 2  time 48.5234 91.5516
Iteration 227  lb 2520527 ub 5920072  cores 435 368 2  time 48.6757 92.1154
Iteration 228  lb 2520527 ub 5920072  cores 437 369 2  time 48.7481 92.7183
Iteration 229  lb 2520527 ub 5920072  cores 439 370 2  time 49.2036 93.7089
Iteration 230  lb 2520528 ub 5920072  cores 441 370 2  time 49.2455 94.6238
Iteration 231  lb 2520528 ub 5920072  cores 443 371 2  time 49.53 95.5297
Iteration 232  lb 2520529 ub 5920072  cores 445 372 2  time 49.7072 96.1348
Iteration 233  lb 2520529 ub 5920072  cores 447 374 2  time 49.9592 97.0456
Iteration 234  lb 2520529 ub 5920072  cores 449 375 2  time 50.1337 97.9517
Iteration 235  lb 2520529 ub 5920072  cores 451 377 2  time 50.2897 98.4614
Iteration 236  lb 2520529 ub 5920072  cores 453 379 2  time 50.6719 99.2138
Iteration 237  lb 2520529 ub 5920072  cores 455 380 2  time 50.7563 100.235
Iteration 238  lb 2520529 ub 5920072  cores 457 382 2  time 51.0079 100.786
Iteration 239  lb 2520529 ub 5920072  cores 459 383 2  time 51.0758 101.332
Iteration 240  lb 2520529 ub 5920072  cores 461 384 2  time 51.1448 101.94
Iteration 241  lb 2520530 ub 5920072  cores 463 386 2  time 51.2651 102.949
Iteration 242  lb 2520530 ub 5920072  cores 465 388 2  time 51.4179 103.765
Iteration 243  lb 2520530 ub 5920072  cores 467 389 2  time 51.586 104.718
Iteration 244  lb 2520531 ub 5920072  cores 469 391 2  time 51.7051 105.351
Iteration 245  lb 2520531 ub 5920072  cores 471 393 2  time 51.9033 106.295
Iteration 246  lb 2520531 ub 5920072  cores 473 395 2  time 52.1422 107.355
Iteration 247  lb 2520531 ub 5920072  cores 475 397 2  time 52.3479 108.503
Iteration 248  lb 2520531 ub 5920072  cores 477 399 2  time 52.4379 109.395
Iteration 249  lb 2520532 ub 5920072  cores 479 401 2  time 52.6177 110.508
Iteration 250  lb 2520532 ub 5920072  cores 481 402 2  time 52.7232 111.182
Iteration 251  lb 2520532 ub 5920072  cores 483 404 2  time 52.8307 112.315
Iteration 252  lb 2520532 ub 5920072  cores 485 404 2  time 52.9175 112.959
Iteration 253  lb 2520532 ub 5920072  cores 487 406 2  time 53.0133 113.547
Iteration 254  lb 2520532 ub 5920072  cores 488 407 1  time 53.3077 114.131
Iteration 255  lb 2520532 ub 5920072  cores 490 409 2  time 53.4323 114.738
Iteration 256  lb 2520533 ub 5920072  cores 492 410 2  time 53.5315 115.372
Iteration 257  lb 2520533 ub 5920072  cores 494 412 2  time 53.5964 116.876
Iteration 258  lb 2520533 ub 5920072  cores 496 414 2  time 53.8845 117.491
Iteration 259  lb 2520533 ub 5920072  cores 498 416 2  time 54.2667 118.175
Iteration 260  lb 2520533 ub 5920072  cores 500 417 2  time 54.363 119.138
Iteration 261  lb 2520533 ub 5920072  cores 502 418 2  time 54.4704 119.821
Iteration 262  lb 2520533 ub 5920072  cores 504 420 2  time 54.5144 120.85
Iteration 263  lb 2520534 ub 5920072  cores 506 422 2  time 54.6029 121.49
Iteration 264  lb 2520534 ub 5920072  cores 508 423 2  time 54.6799 122.175
Iteration 265  lb 2520534 ub 5920072  cores 510 424 2  time 54.7801 122.819
Iteration 266  lb 2520534 ub 5920072  cores 511 425 1  time 54.8627 123.544
Iteration 267  lb 2520534 ub 5920072  cores 513 426 2  time 54.9515 124.179
Iteration 268  lb 2520534 ub 5920072  cores 515 428 2  time 54.9968 124.906
Iteration 269  lb 2520534 ub 5920072  cores 517 430 2  time 55.2761 125.554
Iteration 270  lb 2520534 ub 5920072  cores 519 432 2  time 55.3697 126.209
Iteration 271  lb 2520535 ub 5920072  cores 521 434 2  time 55.4474 127.21
Iteration 272  lb 2520535 ub 5920072  cores 523 436 2  time 55.5384 128.271
Iteration 273  lb 2520535 ub 5920072  cores 525 437 2  time 56.0049 129.291
Iteration 274  lb 2520535 ub 5920072  cores 527 439 2  time 56.2437 129.962
Iteration 275  lb 2520535 ub 5920072  cores 529 441 2  time 56.5947 130.952
Iteration 276  lb 2520536 ub 5920072  cores 531 443 2  time 56.6669 131.59
Iteration 277  lb 2520536 ub 5920072  cores 533 445 2  time 56.8579 132.588
Iteration 278  lb 2520536 ub 5920072  cores 535 447 2  time 57.0912 133.298
Iteration 279  lb 2520536 ub 5920072  cores 537 449 2  time 57.4246 134.308
Iteration 280  lb 2520536 ub 5920072  cores 540 450 3  time 57.6413 135.004
Iteration 281  lb 2520536 ub 5920072  cores 542 452 2  time 57.7176 136.292
Iteration 282  lb 2520537 ub 5920072  cores 544 454 2  time 57.7705 136.929
Iteration 283  lb 2520537 ub 5920072  cores 546 456 2  time 57.9508 138.091
Iteration 284  lb 2520537 ub 5920072  cores 548 458 2  time 58.075 139.317
Iteration 285  lb 2520537 ub 5920072  cores 550 460 2  time 58.382 139.992
Iteration 286  lb 2520537 ub 5920072  cores 552 461 2  time 58.5952 140.712
Iteration 287  lb 2520537 ub 5920072  cores 554 463 2  time 58.6926 141.75
Iteration 288  lb 2520537 ub 5920072  cores 556 465 2  time 58.8106 143.173
Iteration 289  lb 2520537 ub 5920072  cores 558 467 2  time 58.9286 143.786
Iteration 290  lb 2520537 ub 5920072  cores 560 469 2  time 59.1454 144.918
Iteration 291  lb 2520537 ub 5920072  cores 562 471 2  time 59.3844 146.023
Iteration 292  lb 2520537 ub 5920072  cores 564 473 2  time 59.4588 147.112
Iteration 293  lb 2520538 ub 5920072  cores 566 474 2  time 59.5721 148.319
Iteration 294  lb 2520538 ub 5920072  cores 568 476 2  time 59.8418 149.017
Iteration 295  lb 2520538 ub 5920072  cores 570 478 2  time 59.9 150.218
Iteration 296  lb 2520538 ub 5920072  cores 572 479 2  time 59.9429 151.65
Iteration 297  lb 2520538 ub 5920072  cores 574 481 2  time 60.1507 152.961
Iteration 298  lb 2520539 ub 5920072  cores 576 483 2  time 60.419 154.07
Iteration 299  lb 2520539 ub 5920072  cores 578 485 2  time 60.5849 155.231
Iteration 300  lb 2520539 ub 5920072  cores 580 487 2  time 60.7422 156.393
Iteration 301  lb 2520539 ub 5920072  cores 582 488 2  time 60.7977 157.45
Iteration 302  lb 2520539 ub 5920072  cores 584 489 2  time 60.922 158.904
Iteration 303  lb 2520539 ub 5920072  cores 586 490 2  time 61.1525 160.568
Iteration 304  lb 2520539 ub 5920072  cores 588 490 2  time 61.2431 161.257
Iteration 305  lb 2520539 ub 5920072  cores 590 491 2  time 61.5651 161.967
Iteration 306  lb 2520539 ub 5920072  cores 591 492 1  time 61.626 163.861
Iteration 307  lb 2520540 ub 5920072  cores 592 493 1  time 61.7607 165.162
Iteration 308  lb 2520540 ub 5920072  cores 594 495 2  time 61.8358 166.023
Iteration 309  lb 2520540 ub 5920072  cores 596 497 2  time 61.9685 167.5
Iteration 310  lb 2520540 ub 5920072  cores 598 499 2  time 62.9617 168.498
Iteration 311  lb 2520540 ub 5920072  cores 600 501 2  time 63.0207 169.733
Iteration 312  lb 2520540 ub 5920072  cores 601 502 1  time 63.1332 170.541
Iteration 313  lb 2520540 ub 5920072  cores 603 503 2  time 63.2064 172.063
Iteration 314  lb 2520541 ub 5920072  cores 605 505 2  time 63.301 173.013
Iteration 315  lb 2520541 ub 5920072  cores 606 506 1  time 63.377 174.994
Iteration 316  lb 2520541 ub 5920072  cores 608 508 2  time 63.4222 176.391
Iteration 317  lb 2520541 ub 5920072  cores 610 510 2  time 63.6277 177.346
Iteration 318  lb 2520541 ub 5920072  cores 612 511 2  time 63.7524 178.615
Iteration 319  lb 2520541 ub 5920072  cores 613 512 1  time 63.898 179.756
Iteration 320  lb 2520541 ub 5920072  cores 615 514 2  time 64.0266 181.481
Iteration 321  lb 2520541 ub 5920072  cores 616 515 1  time 64.1268 182.272
Iteration 322  lb 2520541 ub 5920072  cores 617 516 1  time 64.2106 183.409
Iteration 323  lb 2520541 ub 5920072  cores 619 518 2  time 64.3071 185.245
Iteration 324  lb 2520541 ub 5920072  cores 621 520 2  time 64.4452 186.24
Iteration 325  lb 2520542 ub 5920072  cores 623 520 2  time 64.5953 187.751
Iteration 326  lb 2520542 ub 5920072  cores 624 521 1  time 68.5433 189.231
Iteration 327  lb 2520542 ub 5920072  cores 626 523 2  time 68.7093 190.316
Iteration 328  lb 2520542 ub 5920072  cores 627 524 1  time 70.8071 191.24
Iteration 329  lb 2520542 ub 5920072  cores 628 525 1  time 75.744 192.327
Iteration 330  lb 2520542 ub 5920072  cores 630 525 2  time 77.8866 193.591
Iteration 331  lb 2520542 ub 5920072  cores 631 526 1  time 79.8759 194.795
Iteration 332  lb 2520542 ub 5920072  cores 633 528 2  time 80.6497 195.831
Iteration 333  lb 2520543 ub 5920072  cores 635 529 2  time 81.3248 196.909
Iteration 334  lb 2520543 ub 5920072  cores 636 530 1  time 81.3904 198.067
Iteration 335  lb 2520543 ub 5920072  cores 639 533 3  time 83.2243 199.135
Iteration 336  lb 2520543 ub 5920072  cores 641 535 2  time 83.8782 201.3
Iteration 337  lb 2520543 ub 5920072  cores 642 536 1  time 84.242 203.171
Iteration 338  lb 2520543 ub 5920072  cores 643 537 1  time 84.4396 204.488
Iteration 339  lb 2520543 ub 5920072  cores 645 539 2  time 84.6831 205.93
Iteration 340  lb 2520543 ub 5920072  cores 646 540 1  time 86.3618 207.612
Iteration 341  lb 2520544 ub 5920072  cores 647 541 1  time 88.0443 208.772
Iteration 342  lb 2520544 ub 5920072  cores 649 543 2  time 88.3738 210.695
Iteration 343  lb 2520544 ub 5920072  cores 651 544 2  time 88.5361 212.202
Iteration 344  lb 2520544 ub 5920072  cores 652 545 1  time 88.97 213.385
Iteration 345  lb 2520544 ub 5920072  cores 653 546 1  time 89.1654 214.931
Iteration 346  lb 2520544 ub 5920072  cores 655 548 2  time 89.7694 216.438
Iteration 347  lb 2520544 ub 5920072  cores 656 549 1  time 90.8046 218.632
Iteration 348  lb 2520544 ub 5920072  cores 657 550 1  time 90.9217 219.989
Iteration 349  lb 2520544 ub 5920072  cores 658 551 1  time 91.0806 221.838
Iteration 350  lb 2520544 ub 5920072  cores 659 552 1  time 91.1306 223.876
Iteration 351  lb 2520544 ub 5920072  cores 661 553 2  time 91.3576 225.018
Iteration 352  lb 2520544 ub 5920072  cores 662 554 1  time 91.6472 226.197
Iteration 353  lb 2520544 ub 5920072  cores 663 555 1  time 91.8121 227.928
Iteration 354  lb 2520544 ub 5920072  cores 665 557 2  time 92.5672 228.997
Iteration 355  lb 2520544 ub 5920072  cores 667 559 2  time 92.6895 230.788
Iteration 356  lb 2520544 ub 5920072  cores 668 560 1  time 92.9596 232.549
Iteration 357  lb 2520544 ub 5920072  cores 669 561 1  time 94.0496 234.392
Iteration 358  lb 2520545 ub 5920072  cores 670 562 1  time 94.1537 235.993
Iteration 359  lb 2520545 ub 5920072  cores 671 563 1  time 98.4307 238.091
Iteration 360  lb 2520545 ub 5920072  cores 673 565 2  time 100.226 239.532
Iteration 361  lb 2520545 ub 5920072  cores 674 566 1  time 101.268 240.943
Iteration 362  lb 2520545 ub 5920072  cores 676 568 2  time 102.045 243.409
Iteration 363  lb 2520545 ub 5920072  cores 677 569 1  time 102.314 245.13
Iteration 364  lb 2520545 ub 5920072  cores 678 570 1  time 102.474 246.722
Iteration 365  lb 2520545 ub 5920072  cores 679 571 1  time 102.622 248.562
Iteration 366  lb 2520545 ub 5920072  cores 681 573 2  time 104.597 250.541
Iteration 367  lb 2520545 ub 5920072  cores 683 575 2  time 104.734 251.856
Iteration 368  lb 2520545 ub 5920072  cores 684 576 1  time 104.841 253.524
Iteration 369  lb 2520545 ub 5920072  cores 685 577 1  time 104.931 255.737
Iteration 370  lb 2520545 ub 5920072  cores 686 578 1  time 105.002 258.187
Iteration 371  lb 2520545 ub 5920072  cores 687 579 1  time 105.165 259.883
Iteration 372  lb 2520545 ub 5920072  cores 688 580 1  time 105.429 261.479
Iteration 373  lb 2520545 ub 5920072  cores 689 581 1  time 105.582 263.055
Iteration 374  lb 2520545 ub 5920072  cores 690 582 1  time 105.756 264.712
Iteration 375  lb 2520545 ub 5920072  cores 691 583 1  time 105.859 266.377
Iteration 376  lb 2520545 ub 5920072  cores 692 584 1  time 106.244 267.822
Iteration 377  lb 2520545 ub 5920072  cores 693 585 1  time 106.486 269.158
Iteration 378  lb 2520545 ub 5920072  cores 694 586 1  time 106.642 270.513
Iteration 379  lb 2520545 ub 5920072  cores 695 587 1  time 106.912 271.902
Iteration 380  lb 2520545 ub 5920072  cores 696 588 1  time 107.036 273.469
Iteration 381  lb 2520545 ub 5920072  cores 697 588 1  time 107.1 274.917
Iteration 382  lb 2520545 ub 5920072  cores 698 589 1  time 107.361 276.591
Iteration 383  lb 2520545 ub 5920072  cores 699 590 1  time 107.705 277.764
Iteration 384  lb 2520545 ub 5920072  cores 700 591 1  time 107.881 279.353
Iteration 385  lb 2520545 ub 5920072  cores 702 593 2  time 110.147 281.993
Iteration 386  lb 2520545 ub 5920072  cores 703 594 1  time 110.29 283.475
Iteration 387  lb 2520545 ub 5920072  cores 704 595 1  time 110.467 285.128
Iteration 388  lb 2520545 ub 5920072  cores 705 596 1  time 110.596 286.73
Iteration 389  lb 2520545 ub 5920072  cores 706 597 1  time 111.212 288.704
Iteration 390  lb 2520545 ub 5920072  cores 707 598 1  time 111.329 290.535
Iteration 391  lb 2520545 ub 5920072  cores 708 599 1  time 111.559 292.054
Iteration 392  lb 2520546 ub 5920072  cores 710 601 2  time 114.859 293.387
Iteration 393  lb 2520546 ub 5920072  cores 711 602 1  time 115.744 294.928
Iteration 394  lb 2520546 ub 5920072  cores 712 603 1  time 115.965 296.304
Iteration 395  lb 2520546 ub 5920072  cores 713 604 1  time 116.053 297.774
Iteration 396  lb 2520546 ub 5920072  cores 714 605 1  time 116.276 301.404
Iteration 397  lb 2520546 ub 5920072  cores 715 606 1  time 116.444 303.32
Iteration 398  lb 2520546 ub 5920072  cores 716 607 1  time 118.922 305.076
Iteration 399  lb 2520546 ub 5920072  cores 718 609 2  time 118.997 307.122
Iteration 400  lb 2520546 ub 5920072  cores 720 611 2  time 119.086 309.014
Iteration 401  lb 2520546 ub 5920072  cores 721 612 1  time 119.563 311.1
Iteration 402  lb 2520546 ub 5920072  cores 722 613 1  time 119.595 313.059
Iteration 403  lb 2520546 ub 5920072  cores 723 614 1  time 119.969 315.517
Iteration 404  lb 2520546 ub 5920072  cores 724 615 1  time 120.103 317.555
Iteration 405  lb 2520546 ub 5920072  cores 726 617 2  time 120.327 319.184
Iteration 406  lb 2520546 ub 5920072  cores 727 618 1  time 121.113 320.84
Iteration 407  lb 2520546 ub 5920072  cores 728 619 1  time 121.243 322.13
Iteration 408  lb 2520546 ub 5920072  cores 730 620 2  time 121.53 324.127
Iteration 409  lb 2520546 ub 5920072  cores 731 620 1  time 123.099 325.791
Iteration 410  lb 2520546 ub 5920072  cores 732 620 1  time 123.288 327.653
Iteration 411  lb 2520546 ub 5920072  cores 733 621 1  time 123.398 330.207
Iteration 412  lb 2520546 ub 5920072  cores 734 622 1  time 123.576 332.763
Iteration 413  lb 2520546 ub 5920072  cores 735 623 1  time 124.523 334.515
Iteration 414  lb 2520546 ub 5920072  cores 737 625 2  time 124.673 336.061
Iteration 415  lb 2520546 ub 5920072  cores 738 626 1  time 124.748 337.802
Iteration 416  lb 2520546 ub 5920072  cores 739 627 1  time 125.228 340.93
Iteration 417  lb 2520546 ub 5920072  cores 740 628 1  time 125.747 342.223
Iteration 418  lb 2520546 ub 5920072  cores 741 629 1  time 125.954 344.404
Iteration 419  lb 2520546 ub 5920072  cores 742 630 1  time 126.085 345.917
Iteration 420  lb 2520546 ub 5920072  cores 743 631 1  time 126.321 347.074
Iteration 421  lb 2520546 ub 5920072  cores 744 632 1  time 126.541 348.893
Iteration 422  lb 2520546 ub 5920072  cores 745 633 1  time 126.767 350.504
Iteration 423  lb 2520547 ub 5920072  cores 746 634 1  time 128.481 353.679
Iteration 424  lb 2520547 ub 5920072  cores 747 635 1  time 128.517 356.228
Iteration 425  lb 2520547 ub 5920072  cores 748 636 1  time 129.039 357.942
Iteration 426  lb 2520547 ub 5920072  cores 749 637 1  time 129.099 359.715
Iteration 427  lb 2520547 ub 5920072  cores 751 638 2  time 129.397 361.619
Iteration 428  lb 2520547 ub 5920072  cores 752 639 1  time 129.593 363.149
Iteration 429  lb 2520547 ub 5920072  cores 753 640 1  time 129.694 365.028
Iteration 430  lb 2520547 ub 5920072  cores 755 640 2  time 129.855 367.083
Iteration 431  lb 2520547 ub 5920072  cores 756 641 1  time 129.959 368.908
Iteration 432  lb 2520547 ub 5920072  cores 757 642 1  time 130.044 371.692
Iteration 433  lb 2520547 ub 5920072  cores 759 643 2  time 130.153 373.126
Iteration 434  lb 2520547 ub 5920072  cores 760 644 1  time 130.188 375.254
Iteration 435  lb 2520547 ub 5920072  cores 761 645 1  time 130.363 377.127
Iteration 436  lb 2520547 ub 5920072  cores 762 646 1  time 132.785 378.625
Iteration 437  lb 2520547 ub 5920072  cores 763 647 1  time 132.858 381.125
Iteration 438  lb 2520547 ub 5920072  cores 764 648 1  time 133.058 383.035
Iteration 439  lb 2520547 ub 5920072  cores 765 649 1  time 133.233 385.2
Iteration 440  lb 2520547 ub 5920072  cores 766 649 1  time 133.328 387.038
Iteration 441  lb 2520547 ub 5920072  cores 767 650 1  time 133.686 390.217
Iteration 442  lb 2520547 ub 5920072  cores 768 651 1  time 133.825 391.993
Iteration 443  lb 2520547 ub 5920072  cores 769 652 1  time 133.942 393.935
Iteration 444  lb 2520547 ub 5920072  cores 771 654 2  time 134.096 395.45
Iteration 445  lb 2520547 ub 5920072  cores 772 655 1  time 134.296 397.454
Iteration 446  lb 2520547 ub 5920072  cores 773 656 1  time 134.503 399.253
Iteration 447  lb 2520547 ub 5920072  cores 774 657 1  time 134.709 400.855
Iteration 448  lb 2520547 ub 5920072  cores 775 658 1  time 134.835 402.426
Iteration 449  lb 2520547 ub 5920072  cores 776 659 1  time 136.142 404.273
Iteration 450  lb 2520547 ub 5920072  cores 778 659 2  time 136.205 406.398
Iteration 451  lb 2520547 ub 5920072  cores 780 661 2  time 136.391 409.285
Iteration 452  lb 2520547 ub 5920072  cores 781 662 1  time 136.551 411.502
Iteration 453  lb 2520547 ub 5920072  cores 782 663 1  time 136.746 413.763
Iteration 454  lb 2520547 ub 5920072  cores 783 664 1  time 136.869 415.872
Iteration 455  lb 2520547 ub 5920072  cores 784 665 1  time 137.041 417.811
Iteration 456  lb 2520547 ub 5920072  cores 785 666 1  time 137.079 420.354
Iteration 457  lb 2520547 ub 5920072  cores 787 667 2  time 137.235 422.153
Iteration 458  lb 2520547 ub 5920072  cores 788 668 1  time 137.395 423.939
Iteration 459  lb 2520547 ub 5920072  cores 789 669 1  time 137.604 425.577
Iteration 460  lb 2520547 ub 5920072  cores 791 671 2  time 137.779 427.293
Iteration 461  lb 2520547 ub 5920072  cores 792 672 1  time 138.206 429.812
Iteration 462  lb 2520547 ub 5920072  cores 794 674 2  time 141.329 431.657
Iteration 463  lb 2520547 ub 5920072  cores 795 675 1  time 141.557 433.22
Iteration 464  lb 2520547 ub 5920072  cores 796 676 1  time 141.717 434.731
Iteration 465  lb 2520547 ub 5920072  cores 797 676 1  time 141.756 436.67
Iteration 466  lb 2520547 ub 5920072  cores 798 677 1  time 143.354 440.503
Iteration 467  lb 2520547 ub 5920072  cores 799 678 1  time 143.419 442.355
Iteration 468  lb 2520547 ub 5920072  cores 800 679 1  time 143.562 444.216
Iteration 469  lb 2520547 ub 5920072  cores 801 680 1  time 143.595 445.939
Iteration 470  lb 2520547 ub 5920072  cores 802 681 1  time 143.623 447.996
Iteration 471  lb 2520547 ub 5920072  cores 803 682 1  time 143.796 451.453
Iteration 472  lb 2520547 ub 5920072  cores 804 682 1  time 144.373 455.727
Iteration 473  lb 2520547 ub 5920072  cores 806 684 2  time 144.673 458.098
Iteration 474  lb 2520547 ub 5920072  cores 807 685 1  time 144.808 460.657
Iteration 475  lb 2520548 ub 5920072  cores 808 686 1  time 145.075 462.879
Iteration 476  lb 2520548 ub 5920072  cores 809 687 1  time 145.184 466.283
Iteration 477  lb 2520548 ub 5920072  cores 810 688 1  time 145.306 469.655
Iteration 478  lb 2520548 ub 5920072  cores 811 689 1  time 146.37 472.858
Iteration 479  lb 2520548 ub 5920072  cores 812 690 1  time 146.404 474.641
Iteration 480  lb 2520548 ub 5920072  cores 813 691 1  time 146.421 476.668
Iteration 481  lb 2520548 ub 5920072  cores 814 692 1  time 146.486 478.652
Iteration 482  lb 2520548 ub 5920072  cores 815 692 1  time 146.507 482.375
Iteration 483  lb 2520548 ub 5920072  cores 816 693 1  time 146.664 484.907
Iteration 484  lb 2520548 ub 5920072  cores 817 694 1  time 146.761 487.512
Iteration 485  lb 2520548 ub 5920072  cores 818 695 1  time 147.244 489.345
Iteration 486  lb 2520548 ub 5920072  cores 819 696 1  time 147.344 491.561
Iteration 487  lb 2520548 ub 5920072  cores 820 697 1  time 148.821 494.058
Iteration 488  lb 2520548 ub 5920072  cores 821 698 1  time 148.907 496.336
Iteration 489  lb 2520548 ub 5920072  cores 822 699 1  time 148.924 498.652
Iteration 490  lb 2520548 ub 5920072  cores 823 700 1  time 149.046 500.621
Iteration 491  lb 2520548 ub 5920072  cores 824 701 1  time 149.297 502.54
Iteration 492  lb 2520548 ub 5920072  cores 825 702 1  time 149.327 505.361
Iteration 493  lb 2520548 ub 5920072  cores 826 703 1  time 149.525 508.568
Iteration 494  lb 2520548 ub 5920072  cores 828 704 2  time 149.675 512.697
Iteration 495  lb 2520548 ub 5920072  cores 829 705 1  time 149.86 514.602
Iteration 496  lb 2520548 ub 5920072  cores 830 706 1  time 149.889 516.659
Iteration 497  lb 2520548 ub 5920072  cores 831 707 1  time 150.004 519.737
Iteration 498  lb 2520548 ub 5920072  cores 832 708 1  time 150.185 522.001
Iteration 499  lb 2520548 ub 5920072  cores 834 710 2  time 150.39 524.705
Iteration 500  lb 2520548 ub 5920072  cores 835 711 1  time 150.469 527.28
Iteration 501  lb 2520548 ub 5920072  cores 836 711 1  time 150.519 529.728
Iteration 502  lb 2520548 ub 5920072  cores 837 712 1  time 150.672 532.009
Iteration 503  lb 2520548 ub 5920072  cores 838 713 1  time 150.827 533.961
Iteration 504  lb 2520548 ub 5920072  cores 840 715 2  time 150.965 537.297
Iteration 505  lb 2520548 ub 5920072  cores 841 716 1  time 150.982 539.324
Iteration 506  lb 2520548 ub 5920072  cores 842 717 1  time 151.016 541.661
Iteration 507  lb 2520548 ub 5920072  cores 843 718 1  time 151.181 543.617
Iteration 508  lb 2520548 ub 5920072  cores 845 717 2  time 151.222 545.948
Iteration 509  lb 2520548 ub 5920072  cores 846 718 1  time 151.401 547.652
Iteration 510  lb 2520548 ub 5920072  cores 847 719 1  time 151.745 549.311
Iteration 511  lb 2520548 ub 5920072  cores 848 720 1  time 151.761 552.145
Iteration 512  lb 2520548 ub 5920072  cores 849 721 1  time 151.777 556.019
Iteration 513  lb 2520548 ub 5920072  cores 850 722 1  time 152.075 557.687
Iteration 514  lb 2520548 ub 5920072  cores 851 723 1  time 152.106 559.363
Iteration 515  lb 2520548 ub 5920072  cores 852 724 1  time 153.262 561.772
Iteration 516  lb 2520548 ub 5920072  cores 853 725 1  time 153.431 563.954
Iteration 517  lb 2520548 ub 5920072  cores 854 726 1  time 153.517 566.461
Iteration 518  lb 2520548 ub 5920072  cores 855 727 1  time 153.616 568.3
Iteration 519  lb 2520548 ub 5920072  cores 857 729 2  time 153.896 570.789
Iteration 520  lb 2520548 ub 5920072  cores 858 730 1  time 153.978 573.236
Iteration 521  lb 2520548 ub 5920072  cores 859 731 1  time 154.007 575.532
Iteration 522  lb 2520548 ub 5920072  cores 860 732 1  time 154.55 578.977
Iteration 523  lb 2520548 ub 5920072  cores 861 733 1  time 154.645 582.336
Iteration 524  lb 2520548 ub 5920072  cores 862 734 1  time 155.013 583.982
Iteration 525  lb 2520548 ub 5920072  cores 863 735 1  time 155.147 586.031
Iteration 526  lb 2520548 ub 5920072  cores 864 736 1  time 155.195 588.774
Iteration 527  lb 2520548 ub 5920072  cores 865 737 1  time 155.315 590.95
Iteration 528  lb 2520548 ub 5920072  cores 866 738 1  time 155.701 594.126
Iteration 529  lb 2520548 ub 5920072  cores 867 739 1  time 155.881 597.778
Iteration 530  lb 2520548 ub 5920072  cores 868 740 1  time 155.959 599.517
Iteration 531  lb 2520548 ub 5920072  cores 870 741 2  time 157.139 601.569
Iteration 532  lb 2520548 ub 5920072  cores 871 742 1  time 157.397 603.827
Iteration 533  lb 2520548 ub 5920072  cores 872 743 1  time 157.506 606.482
Iteration 534  lb 2520548 ub 5920072  cores 873 744 1  time 157.781 610.144
Iteration 535  lb 2520548 ub 5920072  cores 874 745 1  time 157.897 612.471
Iteration 536  lb 2520548 ub 5920072  cores 875 745 1  time 158.484 614.614
Iteration 537  lb 2520548 ub 5920072  cores 876 746 1  time 158.634 617.93
Iteration 538  lb 2520548 ub 5920072  cores 877 747 1  time 158.801 620.369
Iteration 539  lb 2520548 ub 5920072  cores 878 748 1  time 158.931 622.657
Iteration 540  lb 2520548 ub 5920072  cores 879 749 1  time 159.43 626.195
Iteration 541  lb 2520548 ub 5920072  cores 881 751 2  time 159.613 628.444
Iteration 542  lb 2520548 ub 5920072  cores 882 752 1  time 159.787 630.414
Iteration 543  lb 2520548 ub 5920072  cores 883 753 1  time 160.008 632.7
Iteration 544  lb 2520548 ub 5920072  cores 884 754 1  time 160.659 636.164
Iteration 545  lb 2520548 ub 5920072  cores 885 755 1  time 160.964 638.064
Iteration 546  lb 2520548 ub 5920072  cores 886 755 1  time 161.476 640.117
Iteration 547  lb 2520548 ub 5920072  cores 887 756 1  time 161.631 642.48
Iteration 548  lb 2520548 ub 5920072  cores 888 757 1  time 162.012 645.339
Iteration 549  lb 2520548 ub 5920072  cores 889 758 1  time 162.14 648.22
Iteration 550  lb 2520548 ub 5920072  cores 890 759 1  time 162.181 651.163
Iteration 551  lb 2520548 ub 5920072  cores 891 760 1  time 162.353 654.031
Iteration 552  lb 2520548 ub 5920072  cores 892 761 1  time 162.448 655.912
Iteration 553  lb 2520548 ub 5920072  cores 893 762 1  time 162.553 658.814
Iteration 554  lb 2520548 ub 5920072  cores 895 764 2  time 162.596 660.883
Iteration 555  lb 2520548 ub 5920072  cores 896 765 1  time 162.741 662.879
Iteration 556  lb 2520548 ub 5920072  cores 897 766 1  time 162.772 665.855
Iteration 557  lb 2520548 ub 5920072  cores 898 767 1  time 163.01 667.902
Iteration 558  lb 2520548 ub 5920072  cores 899 768 1  time 163.199 671.228
Iteration 559  lb 2520548 ub 5920072  cores 900 769 1  time 163.295 673.9
Iteration 560  lb 2520548 ub 5920072  cores 901 770 1  time 163.315 675.791
Iteration 561  lb 2520548 ub 5920072  cores 903 772 2  time 163.506 678.332
Iteration 562  lb 2520548 ub 5920072  cores 904 772 1  time 163.668 681.215
Iteration 563  lb 2520548 ub 5920072  cores 905 773 1  time 163.877 683.982
Iteration 564  lb 2520548 ub 5920072  cores 906 774 1  time 164.057 687.578
Iteration 565  lb 2520548 ub 5920072  cores 907 775 1  time 164.119 689.694
Iteration 566  lb 2520548 ub 5920072  cores 908 776 1  time 164.305 692.146
Iteration 567  lb 2520548 ub 5920072  cores 909 776 1  time 164.465 694.478
Iteration 568  lb 2520548 ub 5920072  cores 911 777 2  time 164.673 696.812
Iteration 569  lb 2520548 ub 5920072  cores 912 778 1  time 164.83 699.375
Iteration 570  lb 2520548 ub 5920072  cores 913 779 1  time 164.874 701.089
Iteration 571  lb 2520548 ub 5920072  cores 914 780 1  time 165.109 703.758
Iteration 572  lb 2520548 ub 5920072  cores 915 781 1  time 165.144 705.986
Iteration 573  lb 2520548 ub 5920072  cores 916 782 1  time 165.292 708.267
Iteration 574  lb 2520549 ub 5920072  cores 917 783 1  time 165.582 710.229
Iteration 575  lb 2520549 ub 5920072  cores 918 784 1  time 165.937 712.217
Iteration 576  lb 2520549 ub 5920072  cores 920 786 2  time 166.632 715.208
Iteration 577  lb 2520549 ub 5920072  cores 922 788 2  time 166.792 717.821
Iteration 578  lb 2520549 ub 5920072  cores 923 789 1  time 166.825 720.323
Iteration 579  lb 2520549 ub 5920072  cores 924 790 1  time 167.005 722.798
Iteration 580  lb 2520549 ub 5920072  cores 925 791 1  time 167.156 725.523
Iteration 581  lb 2520549 ub 5920072  cores 926 792 1  time 167.317 728.315
Iteration 582  lb 2520549 ub 5920072  cores 927 793 1  time 167.403 731.582
Iteration 583  lb 2520549 ub 5920072  cores 928 794 1  time 167.528 734.274
Iteration 584  lb 2520549 ub 5920072  cores 929 795 1  time 167.639 736.504
Iteration 585  lb 2520549 ub 5920072  cores 930 796 1  time 167.659 740.129
Iteration 586  lb 2520549 ub 5920072  cores 931 797 1  time 167.791 743.279
Iteration 587  lb 2520549 ub 5920072  cores 932 798 1  time 167.919 745.672
Iteration 588  lb 2520549 ub 5920072  cores 933 799 1  time 167.995 749.395
Iteration 589  lb 2520549 ub 5920072  cores 934 799 1  time 168.175 752.444
Iteration 590  lb 2520549 ub 5920072  cores 935 800 1  time 168.384 754.794
Iteration 591  lb 2520549 ub 5920072  cores 936 801 1  time 168.445 757.973
Iteration 592  lb 2520549 ub 5920072  cores 937 802 1  time 168.648 760.617
Iteration 593  lb 2520549 ub 5920072  cores 938 803 1  time 168.716 763.772
Iteration 594  lb 2520549 ub 5920072  cores 939 804 1  time 168.879 765.89
Iteration 595  lb 2520549 ub 5920072  cores 940 804 1  time 169.076 768.508
Iteration 596  lb 2520549 ub 5920072  cores 941 805 1  time 169.343 771.71
Iteration 597  lb 2520549 ub 5920072  cores 942 806 1  time 169.391 775.233
Iteration 598  lb 2520549 ub 5920072  cores 943 807 1  time 169.433 777.737
Iteration 599  lb 2520549 ub 5920072  cores 944 808 1  time 169.521 780.274
Iteration 600  lb 2520549 ub 5920072  cores 945 809 1  time 169.703 782.715
Iteration 601  lb 2520549 ub 5920072  cores 946 810 1  time 169.917 785.554
Iteration 602  lb 2520549 ub 5920072  cores 947 811 1  time 169.936 787.43
Iteration 603  lb 2520549 ub 5920072  cores 948 811 1  time 169.98 789.918
Iteration 604  lb 2520549 ub 5920072  cores 949 812 1  time 170.249 792.47
Iteration 605  lb 2520549 ub 5920072  cores 950 813 1  time 170.327 796.056
Iteration 606  lb 2520549 ub 5920072  cores 951 814 1  time 170.36 798.156
Iteration 607  lb 2520549 ub 5920072  cores 952 815 1  time 170.386 800.33
Iteration 608  lb 2520549 ub 5920072  cores 953 816 1  time 170.412 802.909
Iteration 609  lb 2520549 ub 5920072  cores 954 817 1  time 171.066 805.645
Iteration 610  lb 2520549 ub 5920072  cores 955 818 1  time 171.475 808.992
Iteration 611  lb 2520549 ub 5920072  cores 956 819 1  time 171.659 811.6
Iteration 612  lb 2520549 ub 5920072  cores 957 820 1  time 171.716 815.535
Iteration 613  lb 2520549 ub 5920072  cores 959 822 2  time 173.825 819.77
Iteration 614  lb 2520549 ub 5920072  cores 960 823 1  time 173.967 822.527
Iteration 615  lb 2520549 ub 5920072  cores 961 824 1  time 173.985 825.459
Iteration 616  lb 2520549 ub 5920072  cores 962 825 1  time 174 828.107
Iteration 617  lb 2520549 ub 5920072  cores 963 826 1  time 174.332 830.304
Iteration 618  lb 2520549 ub 5920072  cores 964 827 1  time 174.453 834.275
Iteration 619  lb 2520549 ub 5920072  cores 966 829 2  time 174.718 838.41
Iteration 620  lb 2520549 ub 5920072  cores 968 831 2  time 174.962 841.933
Iteration 621  lb 2520549 ub 5920072  cores 969 832 1  time 175.033 844.691
Iteration 622  lb 2520549 ub 5920072  cores 970 833 1  time 175.07 847.027
Iteration 623  lb 2520549 ub 5920072  cores 971 834 1  time 175.299 849.543
Iteration 624  lb 2520549 ub 5920072  cores 972 835 1  time 175.477 853.075
Iteration 625  lb 2520549 ub 5920072  cores 973 836 1  time 175.528 855.72
Iteration 626  lb 2520549 ub 5920072  cores 974 837 1  time 175.612 857.863
Iteration 627  lb 2520549 ub 5920072  cores 976 839 2  time 175.668 861.335
Iteration 628  lb 2520549 ub 5920072  cores 977 840 1  time 175.733 863.649
Iteration 629  lb 2520549 ub 5920072  cores 978 841 1  time 175.751 866.295
Iteration 630  lb 2520549 ub 5920072  cores 979 841 1  time 175.951 868.956
Iteration 631  lb 2520549 ub 5920072  cores 980 842 1  time 176.1 871.286
Iteration 632  lb 2520549 ub 5920072  cores 981 843 1  time 176.176 873.886
Iteration 633  lb 2520549 ub 5920072  cores 982 844 1  time 177.562 876.313
Iteration 634  lb 2520549 ub 5920072  cores 983 845 1  time 177.618 878.6
Iteration 635  lb 2520549 ub 5920072  cores 984 846 1  time 177.704 880.728
Iteration 636  lb 2520549 ub 5920072  cores 986 848 2  time 177.771 883.534
Iteration 637  lb 2520549 ub 5920072  cores 987 849 1  time 177.86 886.847
Iteration 638  lb 2520549 ub 5920072  cores 989 850 2  time 178.22 889.651
Iteration 639  lb 2520549 ub 5920072  cores 990 851 1  time 178.288 893.517
Iteration 640  lb 2520549 ub 5920072  cores 991 852 1  time 178.701 895.832
Iteration 641  lb 2520549 ub 5920072  cores 993 853 2  time 178.893 897.729
Iteration 642  lb 2520549 ub 5920072  cores 995 855 2  time 179.011 902.098
Iteration 643  lb 2520549 ub 5920072  cores 996 856 1  time 179.656 904.966
Iteration 644  lb 2520549 ub 5920072  cores 998 857 2  time 179.921 907.49
Iteration 645  lb 2520549 ub 5920072  cores 999 858 1  time 180.054 910.894
Iteration 646  lb 2520549 ub 5920072  cores 1000 859 1  time 180.191 913.765
Iteration 647  lb 2520549 ub 5920072  cores 1001 860 1  time 181.16 916.523
Iteration 648  lb 2520549 ub 5920072  cores 1002 861 1  time 181.491 920.659
Iteration 649  lb 2520549 ub 5920072  cores 1003 862 1  time 181.732 923.954
Iteration 650  lb 2520549 ub 5920072  cores 1004 863 1  time 181.92 926.915
Iteration 651  lb 2520549 ub 5920072  cores 1005 863 1  time 182.121 929.704
Iteration 652  lb 2520549 ub 5920072  cores 1006 864 1  time 182.27 932.882
Iteration 653  lb 2520549 ub 5920072  cores 1007 865 1  time 182.34 935.469
Iteration 654  lb 2520549 ub 5920072  cores 1008 866 1  time 182.474 939.146
Iteration 655  lb 2520549 ub 5920072  cores 1009 867 1  time 182.571 942.226
Iteration 656  lb 2520549 ub 5920072  cores 1010 868 1  time 182.63 944.486
Iteration 657  lb 2520549 ub 5920072  cores 1011 869 1  time 182.696 946.902
Iteration 658  lb 2520549 ub 5920072  cores 1012 870 1  time 182.866 949.879
Iteration 659  lb 2520549 ub 5920072  cores 1013 871 1  time 183.016 953.975
Iteration 660  lb 2520549 ub 5920072  cores 1014 871 1  time 183.963 957.38
Iteration 661  lb 2520549 ub 5920072  cores 1015 872 1  time 184.316 960.023
Iteration 662  lb 2520549 ub 5920072  cores 1016 873 1  time 184.373 963.151
Iteration 663  lb 2520549 ub 5920072  cores 1017 874 1  time 184.552 965.359
Iteration 664  lb 2520549 ub 5920072  cores 1018 875 1  time 184.668 968.385
Iteration 665  lb 2520549 ub 5920072  cores 1019 876 1  time 184.727 970.723
Iteration 666  lb 2520549 ub 5920072  cores 1020 877 1  time 184.768 973.5
Iteration 667  lb 2520549 ub 5920072  cores 1021 878 1  time 184.84 977.165
Iteration 668  lb 2520549 ub 5920072  cores 1022 879 1  time 185.024 979.678
Iteration 669  lb 2520549 ub 5920072  cores 1023 880 1  time 185.257 982.984
Iteration 670  lb 2520549 ub 5920072  cores 1024 881 1  time 186.022 985.846
Iteration 671  lb 2520549 ub 5920072  cores 1025 882 1  time 186.197 988.17
Iteration 672  lb 2520549 ub 5920072  cores 1026 882 1  time 186.237 991.151
Iteration 673  lb 2520549 ub 5920072  cores 1027 883 1  time 186.406 995.585
Iteration 674  lb 2520549 ub 5920072  cores 1028 884 1  time 186.819 998.994
Iteration 675  lb 2520549 ub 5920072  cores 1029 885 1  time 186.885 1002.85
Iteration 676  lb 2520549 ub 5920072  cores 1030 886 1  time 186.937 1006.45
Iteration 677  lb 2520549 ub 5920072  cores 1031 887 1  time 187.19 1008.75
Iteration 678  lb 2520549 ub 5920072  cores 1032 888 1  time 187.457 1011.57
Iteration 679  lb 2520549 ub 5920072  cores 1033 889 1  time 187.722 1014.48
Iteration 680  lb 2520549 ub 5920072  cores 1034 890 1  time 187.906 1017.82
Iteration 681  lb 2520549 ub 5920072  cores 1035 891 1  time 188.096 1020.16
Iteration 682  lb 2520549 ub 5920072  cores 1036 892 1  time 188.161 1023.98
Iteration 683  lb 2520549 ub 5920072  cores 1037 893 1  time 188.312 1027.19
Iteration 684  lb 2520549 ub 5920072  cores 1038 894 1  time 188.47 1030.97
Iteration 685  lb 2520549 ub 5920072  cores 1039 895 1  time 188.602 1033.99
Iteration 686  lb 2520549 ub 5920072  cores 1040 896 1  time 188.734 1038.88
Iteration 687  lb 2520549 ub 5920072  cores 1041 897 1  time 188.755 1042.09
Iteration 688  lb 2520549 ub 5920072  cores 1042 898 1  time 188.885 1045.35
Iteration 689  lb 2520549 ub 5920072  cores 1043 899 1  time 189.039 1048.82
Iteration 690  lb 2520549 ub 5920072  cores 1044 900 1  time 189.247 1051.6
Iteration 691  lb 2520549 ub 5920072  cores 1045 901 1  time 189.332 1055.07
Iteration 692  lb 2520549 ub 5920072  cores 1046 902 1  time 189.347 1059.66
Iteration 693  lb 2520549 ub 5920072  cores 1047 903 1  time 189.436 1062.91
Iteration 694  lb 2520549 ub 5920072  cores 1048 904 1  time 189.772 1065.21
Iteration 695  lb 2520549 ub 5920072  cores 1049 905 1  time 190.076 1067.94
Iteration 696  lb 2520549 ub 5920072  cores 1050 906 1  time 190.179 1071.43
Iteration 697  lb 2520549 ub 5920072  cores 1051 905 1  time 190.721 1075.63
Iteration 698  lb 2520549 ub 5920072  cores 1052 906 1  time 190.788 1078.2
Iteration 699  lb 2520549 ub 5920072  cores 1053 907 1  time 190.874 1081.22
Iteration 700  lb 2520549 ub 5920072  cores 1054 908 1  time 191.127 1085.54
Iteration 701  lb 2520549 ub 5920072  cores 1055 909 1  time 191.216 1089.68
Iteration 702  lb 2520549 ub 5920072  cores 1056 910 1  time 191.365 1092.25
Iteration 703  lb 2520549 ub 5920072  cores 1057 911 1  time 191.716 1095.25
Iteration 704  lb 2520549 ub 5920072  cores 1058 912 1  time 192.118 1097.76
Iteration 705  lb 2520549 ub 5920072  cores 1059 912 1  time 192.258 1100.23
Iteration 706  lb 2520549 ub 5920072  cores 1060 913 1  time 192.313 1102.51
Iteration 707  lb 2520549 ub 5920072  cores 1061 914 1  time 192.361 1105.65
Iteration 708  lb 2520549 ub 5920072  cores 1063 916 2  time 193.826 1109.01
Iteration 709  lb 2520549 ub 5920072  cores 1064 917 1  time 194.667 1112.5
Iteration 710  lb 2520549 ub 5920072  cores 1066 919 2  time 195.419 1116.91
Iteration 711  lb 2520549 ub 5920072  cores 1067 920 1  time 195.545 1119.84
Iteration 712  lb 2520549 ub 5920072  cores 1068 921 1  time 195.585 1122.55
Iteration 713  lb 2520549 ub 5920072  cores 1069 922 1  time 196.341 1126.19
Iteration 714  lb 2520549 ub 5920072  cores 1070 923 1  time 196.478 1128.91
Iteration 715  lb 2520549 ub 5920072  cores 1071 924 1  time 196.57 1131.73
Iteration 716  lb 2520549 ub 5920072  cores 1072 924 1  time 196.611 1137.18
Iteration 717  lb 2520549 ub 5920072  cores 1073 925 1  time 196.757 1141.87
Iteration 718  lb 2520549 ub 5920072  cores 1074 926 1  time 196.806 1146.2
Iteration 719  lb 2520549 ub 5920072  cores 1075 927 1  time 196.985 1149.32
Iteration 720  lb 2520549 ub 5920072  cores 1076 928 1  time 197.201 1152.11
Iteration 721  lb 2520549 ub 5920072  cores 1077 929 1  time 197.256 1154.95
Iteration 722  lb 2520549 ub 5920072  cores 1078 930 1  time 197.353 1159.62
Iteration 723  lb 2520549 ub 5920072  cores 1079 931 1  time 197.631 1162.77
Iteration 724  lb 2520549 ub 5920072  cores 1080 932 1  time 198.086 1165.85
Iteration 725  lb 2520549 ub 5920072  cores 1081 933 1  time 198.324 1168.98
Iteration 726  lb 2520549 ub 5920072  cores 1082 934 1  time 198.533 1172.54
Iteration 727  lb 2520549 ub 5920072  cores 1083 935 1  time 198.675 1176.73
Iteration 728  lb 2520549 ub 5920072  cores 1084 936 1  time 198.831 1179.41
Iteration 729  lb 2520549 ub 5920072  cores 1085 937 1  time 199.412 1181.37
Iteration 730  lb 2520549 ub 5920072  cores 1086 938 1  time 199.548 1186.15
Iteration 731  lb 2520549 ub 5920072  cores 1087 939 1  time 199.578 1188.93
Iteration 732  lb 2520549 ub 5920072  cores 1088 940 1  time 199.781 1191.52
Iteration 733  lb 2520549 ub 5920072  cores 1089 941 1  time 199.829 1194.74
Iteration 734  lb 2520549 ub 5920072  cores 1090 942 1  time 200.023 1198.72
Iteration 735  lb 2520550 ub 5920072  cores 1091 943 1  time 200.222 1203.59
Iteration 736  lb 2520550 ub 5920072  cores 1092 944 1  time 200.37 1206.27
Iteration 737  lb 2520550 ub 5920072  cores 1093 945 1  time 200.435 1211.38
Iteration 738  lb 2520550 ub 5920072  cores 1095 947 2  time 200.682 1215.08
Iteration 739  lb 2520550 ub 5920072  cores 1097 948 2  time 200.82 1218.58
Iteration 740  lb 2520550 ub 5920072  cores 1098 949 1  time 201.099 1222.41
Iteration 741  lb 2520550 ub 5920072  cores 1099 950 1  time 201.202 1225
Iteration 742  lb 2520550 ub 5920072  cores 1100 951 1  time 201.219 1228.13
Iteration 743  lb 2520550 ub 5920072  cores 1101 952 1  time 201.413 1231.76
Iteration 744  lb 2520550 ub 5920072  cores 1102 953 1  time 201.456 1234.44
Iteration 745  lb 2520550 ub 5920072  cores 1103 954 1  time 201.48 1237.45
Iteration 746  lb 2520550 ub 5920072  cores 1104 955 1  time 201.526 1241.36
Iteration 747  lb 2520550 ub 5920072  cores 1105 956 1  time 201.537 1243.93
Iteration 748  lb 2520550 ub 5920072  cores 1106 957 1  time 201.567 1247.27
Iteration 749  lb 2520550 ub 5920072  cores 1107 958 1  time 201.58 1251.7
Iteration 750  lb 2520550 ub 5920072  cores 1108 959 1  time 201.593 1255.27
Iteration 751  lb 2520550 ub 5920072  cores 1109 960 1  time 201.747 1258.94
Iteration 752  lb 2520550 ub 5920072  cores 1110 961 1  time 201.833 1264.05
Iteration 753  lb 2520550 ub 5920072  cores 1111 962 1  time 201.856 1267.24
Iteration 754  lb 2520550 ub 5920072  cores 1112 963 1  time 201.879 1270.08
Iteration 755  lb 2520550 ub 5920072  cores 1113 964 1  time 202.024 1273.05
Iteration 756  lb 2520550 ub 5920072  cores 1114 965 1  time 202.149 1276.73
Iteration 757  lb 2520550 ub 5920072  cores 1115 966 1  time 202.317 1280.75
Iteration 758  lb 2520550 ub 5920072  cores 1116 967 1  time 202.493 1283.97
Iteration 759  lb 2520550 ub 5920072  cores 1117 968 1  time 202.67 1287.61
Iteration 760  lb 2520550 ub 5920072  cores 1118 969 1  time 202.722 1291.88
Iteration 761  lb 2520550 ub 5920072  cores 1119 970 1  time 202.783 1294.06
Iteration 762  lb 2520550 ub 5920072  cores 1120 971 1  time 202.813 1297.63
Iteration 763  lb 2520550 ub 5920072  cores 1121 972 1  time 202.905 1299.96
Iteration 764  lb 2520550 ub 5920072  cores 1122 973 1  time 202.929 1303.4
Iteration 765  lb 2520550 ub 5920072  cores 1123 974 1  time 202.973 1307.69
Iteration 766  lb 2520550 ub 5920072  cores 1124 974 1  time 203.059 1311.72
Iteration 767  lb 2520550 ub 5920072  cores 1125 975 1  time 203.184 1314.54
Iteration 768  lb 2520550 ub 5920072  cores 1126 976 1  time 203.209 1317.8
Iteration 769  lb 2520550 ub 5920072  cores 1127 977 1  time 203.279 1320.91
Iteration 770  lb 2520550 ub 5920072  cores 1128 978 1  time 203.565 1324.16
Iteration 771  lb 2520550 ub 5920072  cores 1129 979 1  time 204.259 1327.14
Iteration 772  lb 2520550 ub 5920072  cores 1130 980 1  time 205.227 1331.44
Iteration 773  lb 2520550 ub 5920072  cores 1132 982 2  time 206.058 1334.58
Iteration 774  lb 2520550 ub 5920072  cores 1133 983 1  time 206.091 1337.25
Iteration 775  lb 2520550 ub 5920072  cores 1134 984 1  time 206.132 1339.95
Iteration 776  lb 2520550 ub 5920072  cores 1135 985 1  time 206.161 1344.08
Iteration 777  lb 2520550 ub 5920072  cores 1136 986 1  time 206.397 1348.81
Iteration 778  lb 2520550 ub 5920072  cores 1137 987 1  time 206.599 1351.68
Iteration 779  lb 2520550 ub 5920072  cores 1138 988 1  time 206.783 1356.36
Iteration 780  lb 2520550 ub 5920072  cores 1139 987 1  time 209.126 1359.23
Iteration 781  lb 2520550 ub 5920072  cores 1140 987 1  time 209.169 1362.77
Iteration 782  lb 2520550 ub 5920072  cores 1141 988 1  time 209.331 1367.32
Iteration 783  lb 2520550 ub 5920072  cores 1142 989 1  time 209.373 1370.13
Iteration 784  lb 2520550 ub 5920072  cores 1143 990 1  time 209.657 1373.5
Iteration 785  lb 2520550 ub 5920072  cores 1144 991 1  time 209.866 1377.2
Iteration 786  lb 2520550 ub 5920072  cores 1145 992 1  time 209.988 1381.51
Iteration 787  lb 2520550 ub 5920072  cores 1146 993 1  time 210.049 1384.6
Iteration 788  lb 2520550 ub 5920072  cores 1147 994 1  time 210.08 1387.74
Iteration 789  lb 2520550 ub 5920072  cores 1148 995 1  time 210.185 1391.95
Iteration 790  lb 2520550 ub 5920072  cores 1149 996 1  time 210.198 1396.41
Iteration 791  lb 2520550 ub 5920072  cores 1150 997 1  time 210.211 1400.26
Iteration 792  lb 2520550 ub 5920072  cores 1151 998 1  time 210.286 1404
Iteration 793  lb 2520550 ub 5920072  cores 1152 999 1  time 210.482 1408
Iteration 794  lb 2520550 ub 5920072  cores 1153 1000 1  time 210.545 1411.86
Iteration 795  lb 2520550 ub 5920072  cores 1154 1001 1  time 210.597 1415.21
Iteration 796  lb 2520550 ub 5920072  cores 1155 1002 1  time 210.652 1417.91
Iteration 797  lb 2520550 ub 5920072  cores 1156 1003 1  time 210.783 1422.65
Iteration 798  lb 2520550 ub 5920072  cores 1158 1004 2  time 211.151 1427.17
Iteration 799  lb 2520550 ub 5920072  cores 1159 1005 1  time 211.252 1430.11
Iteration 800  lb 2520550 ub 5920072  cores 1160 1006 1  time 211.304 1433.54
Iteration 801  lb 2520550 ub 5920072  cores 1161 1007 1  time 211.456 1436.49
Iteration 802  lb 2520550 ub 5920072  cores 1162 1008 1  time 211.618 1440.72
Iteration 803  lb 2520550 ub 5920072  cores 1163 1009 1  time 211.734 1444.1
Iteration 804  lb 2520550 ub 5920072  cores 1164 1010 1  time 211.898 1448.68
Iteration 805  lb 2520550 ub 5920072  cores 1165 1011 1  time 212.065 1451.39
Iteration 806  lb 2520550 ub 5920072  cores 1166 1012 1  time 212.137 1456.08
Iteration 807  lb 2520550 ub 5920072  cores 1167 1013 1  time 212.192 1459.08
Iteration 808  lb 2520550 ub 5920072  cores 1168 1014 1  time 212.341 1463.25
Iteration 809  lb 2520550 ub 5920072  cores 1169 1015 1  time 212.431 1466.93
Iteration 810  lb 2520550 ub 5920072  cores 1170 1016 1  time 212.478 1471.75
Iteration 811  lb 2520550 ub 5920072  cores 1171 1017 1  time 212.53 1477.22
Iteration 812  lb 2520550 ub 5920072  cores 1172 1017 1  time 212.691 1481
Iteration 813  lb 2520550 ub 5920072  cores 1173 1018 1  time 212.852 1484.77
Iteration 814  lb 2520550 ub 5920072  cores 1174 1019 1  time 213.032 1489.29
Iteration 815  lb 2520550 ub 5920072  cores 1175 1020 1  time 213.298 1492.95
Iteration 816  lb 2520550 ub 5920072  cores 1176 1020 1  time 213.446 1495.66
Iteration 817  lb 2520550 ub 5920072  cores 1177 1021 1  time 213.584 1498.94
Iteration 818  lb 2520550 ub 5920072  cores 1178 1022 1  time 213.757 1501.73
Iteration 819  lb 2520550 ub 5920072  cores 1179 1022 1  time 213.797 1506.55
Iteration 820  lb 2520550 ub 5920072  cores 1180 1023 1  time 213.876 1510.94
Iteration 821  lb 2520550 ub 5920072  cores 1181 1024 1  time 213.912 1514.24
Iteration 822  lb 2520550 ub 5920072  cores 1182 1025 1  time 213.935 1518.11
Iteration 823  lb 2520550 ub 5920072  cores 1183 1026 1  time 214.074 1521.39
Iteration 824  lb 2520550 ub 5920072  cores 1184 1027 1  time 214.175 1525.07
Iteration 825  lb 2520550 ub 5920072  cores 1185 1028 1  time 214.343 1528.62
Iteration 826  lb 2520550 ub 5920072  cores 1186 1029 1  time 214.449 1532.95
Iteration 827  lb 2520550 ub 5920072  cores 1187 1030 1  time 214.581 1537.85
Iteration 828  lb 2520550 ub 5920072  cores 1188 1031 1  time 214.706 1541.68
Iteration 829  lb 2520550 ub 5920072  cores 1189 1031 1  time 214.752 1545.15
Iteration 830  lb 2520550 ub 5920072  cores 1190 1031 1  time 214.791 1550.77
Iteration 831  lb 2520550 ub 5920072  cores 1191 1032 1  time 214.911 1553.7
Iteration 832  lb 2520550 ub 5920072  cores 1192 1033 1  time 215.018 1556.84
Iteration 833  lb 2520550 ub 5920072  cores 1193 1034 1  time 215.192 1561.32
Iteration 834  lb 2520550 ub 5920072  cores 1195 1035 2  time 215.733 1565.09
Iteration 835  lb 2520550 ub 5920072  cores 1196 1036 1  time 215.77 1568.63
Iteration 836  lb 2520550 ub 5920072  cores 1197 1037 1  time 215.95 1573.11
Iteration 837  lb 2520550 ub 5920072  cores 1198 1037 1  time 216.102 1576.77
Iteration 838  lb 2520550 ub 5920072  cores 1199 1038 1  time 216.23 1581.98
Iteration 839  lb 2520550 ub 5920072  cores 1200 1039 1  time 216.382 1587.75
Iteration 840  lb 2520550 ub 5920072  cores 1201 1040 1  time 216.496 1590.99
Iteration 841  lb 2520550 ub 5920072  cores 1202 1041 1  time 216.74 1593.85
Iteration 842  lb 2520550 ub 5920072  cores 1203 1042 1  time 217.066 1597.74
Iteration 843  lb 2520550 ub 5920072  cores 1204 1043 1  time 217.488 1602.86
Iteration 844  lb 2520550 ub 5920072  cores 1205 1044 1  time 217.823 1607.55
Iteration 845  lb 2520550 ub 5920072  cores 1206 1045 1  time 218.03 1610.65
Iteration 846  lb 2520550 ub 5920072  cores 1207 1046 1  time 218.174 1614.17
Iteration 847  lb 2520550 ub 5920072  cores 1208 1047 1  time 218.229 1619.41
Iteration 848  lb 2520550 ub 5920072  cores 1209 1048 1  time 218.313 1622.78
Iteration 849  lb 2520550 ub 5920072  cores 1211 1050 2  time 218.389 1627.04
Iteration 850  lb 2520550 ub 5920072  cores 1212 1051 1  time 218.42 1629.98
Iteration 851  lb 2520550 ub 5920072  cores 1213 1052 1  time 218.572 1634.73
Iteration 852  lb 2520550 ub 5920072  cores 1214 1052 1  time 218.672 1639.35
Iteration 853  lb 2520550 ub 5920072  cores 1215 1053 1  time 218.713 1643.13
Iteration 854  lb 2520550 ub 5920072  cores 1216 1054 1  time 218.743 1647.36
Iteration 855  lb 2520550 ub 5920072  cores 1217 1055 1  time 219.274 1651.55
Iteration 856  lb 2520550 ub 5920072  cores 1218 1056 1  time 219.648 1655.55
Iteration 857  lb 2520550 ub 5920072  cores 1219 1057 1  time 220.387 1660.24
Iteration 858  lb 2520550 ub 5920072  cores 1220 1058 1  time 220.428 1665.37
Iteration 859  lb 2520550 ub 5920072  cores 1221 1059 1  time 220.525 1671.18
Iteration 860  lb 2520550 ub 5920072  cores 1222 1060 1  time 220.888 1673.96
Iteration 861  lb 2520550 ub 5920072  cores 1223 1061 1  time 221.213 1678.63
Iteration 862  lb 2520550 ub 5920072  cores 1224 1062 1  time 221.326 1682.12
Iteration 863  lb 2520550 ub 5920072  cores 1225 1062 1  time 221.448 1687.19
Iteration 864  lb 2520550 ub 5920072  cores 1226 1063 1  time 221.491 1690.71
Iteration 865  lb 2520550 ub 5920072  cores 1227 1064 1  time 221.543 1694.47
Iteration 866  lb 2520550 ub 5920072  cores 1228 1065 1  time 221.842 1698.13
Iteration 867  lb 2520550 ub 5920072  cores 1229 1066 1  time 221.919 1701.65
Iteration 868  lb 2520550 ub 5920072  cores 1230 1067 1  time 222.073 1705.71
Iteration 869  lb 2520550 ub 5920072  cores 1231 1068 1  time 222.194 1710.16
Iteration 870  lb 2520550 ub 5920072  cores 1232 1069 1  time 222.264 1712.99
Iteration 871  lb 2520550 ub 5920072  cores 1233 1070 1  time 222.324 1716.2
Iteration 872  lb 2520550 ub 5920072  cores 1234 1071 1  time 222.371 1719.19
Iteration 873  lb 2520550 ub 5920072  cores 1235 1072 1  time 222.44 1722.86
Iteration 874  lb 2520550 ub 5920072  cores 1236 1073 1  time 222.503 1727.74
Iteration 875  lb 2520550 ub 5920072  cores 1237 1073 1  time 223.031 1732
Iteration 876  lb 2520550 ub 5920072  cores 1238 1074 1  time 223.135 1735.08
Iteration 877  lb 2520550 ub 5920072  cores 1239 1075 1  time 223.333 1738.66
Iteration 878  lb 2520550 ub 5920072  cores 1240 1076 1  time 223.656 1742.87
Iteration 879  lb 2520550 ub 5920072  cores 1241 1077 1  time 224.154 1747.23
Iteration 880  lb 2520550 ub 5920072  cores 1242 1078 1  time 225.119 1751.95
Iteration 881  lb 2520550 ub 5920072  cores 1243 1079 1  time 225.177 1758.04
Iteration 882  lb 2520550 ub 5920072  cores 1244 1080 1  time 225.347 1763.3
Iteration 883  lb 2520550 ub 5920072  cores 1245 1080 1  time 225.473 1767.19
Iteration 884  lb 2520550 ub 5920072  cores 1246 1081 1  time 225.634 1770.04
Iteration 885  lb 2520550 ub 5920072  cores 1247 1081 1  time 225.736 1773.12
Iteration 886  lb 2520550 ub 5920072  cores 1248 1082 1  time 225.907 1776.35
Iteration 887  lb 2520550 ub 5920072  cores 1249 1083 1  time 225.966 1780.57
Iteration 888  lb 2520550 ub 5920072  cores 1250 1084 1  time 226.27 1784.29
Iteration 889  lb 2520550 ub 5920072  cores 1251 1085 1  time 226.302 1788.42
Iteration 890  lb 2520550 ub 5920072  cores 1252 1086 1  time 226.623 1791.22
Iteration 891  lb 2520550 ub 5920072  cores 1254 1088 2  time 227.247 1795.02
Iteration 892  lb 2520550 ub 5920072  cores 1255 1089 1  time 227.392 1798.55
Iteration 893  lb 2520550 ub 5920072  cores 1256 1090 1  time 227.528 1801.77
Iteration 894  lb 2520550 ub 5920072  cores 1257 1091 1  time 227.589 1804.52
Iteration 895  lb 2520550 ub 5920072  cores 1258 1092 1  time 227.826 1807.36
Iteration 896  lb 2520550 ub 5920072  cores 1259 1091 1  time 227.977 1813.24
Iteration 897  lb 2520550 ub 5920072  cores 1260 1092 1  time 228.058 1818.06
Iteration 898  lb 2520550 ub 5920072  cores 1261 1093 1  time 228.217 1821.7
Iteration 899  lb 2520550 ub 5920072  cores 1262 1094 1  time 228.981 1825.97
Iteration 900  lb 2520550 ub 5920072  cores 1263 1095 1  time 229.016 1829.09
Iteration 901  lb 2520550 ub 5920072  cores 1264 1096 1  time 229.051 1834.36
Iteration 902  lb 2520550 ub 5920072  cores 1265 1095 1  time 229.204 1837.87
Iteration 903  lb 2520550 ub 5920072  cores 1266 1096 1  time 229.307 1840.95
Iteration 904  lb 2520550 ub 5920072  cores 1267 1097 1  time 229.584 1846.12
Iteration 905  lb 2520550 ub 5920072  cores 1268 1098 1  time 229.899 1851.73
Iteration 906  lb 2520550 ub 5920072  cores 1269 1099 1  time 230.032 1855.11
Iteration 907  lb 2520550 ub 5920072  cores 1270 1100 1  time 230.063 1858.86
Iteration 908  lb 2520550 ub 5920072  cores 1271 1101 1  time 230.217 1862.94
Iteration 909  lb 2520550 ub 5920072  cores 1272 1102 1  time 230.524 1867.6
Iteration 910  lb 2520550 ub 5920072  cores 1273 1103 1  time 230.708 1872.33
Iteration 911  lb 2520550 ub 5920072  cores 1274 1104 1  time 230.732 1876.75
Iteration 912  lb 2520550 ub 5920072  cores 1275 1105 1  time 230.867 1879.37
Iteration 913  lb 2520550 ub 5920072  cores 1276 1106 1  time 230.937 1883.33
Iteration 914  lb 2520550 ub 5920072  cores 1277 1107 1  time 230.966 1886.27
Iteration 915  lb 2520550 ub 5920072  cores 1278 1108 1  time 231.04 1891.18
Iteration 916  lb 2520550 ub 5920072  cores 1279 1109 1  time 231.066 1894.25
Iteration 917  lb 2520550 ub 5920072  cores 1280 1110 1  time 231.106 1898.33
Iteration 918  lb 2520550 ub 5920072  cores 1281 1111 1  time 231.12 1903.13
Iteration 919  lb 2520550 ub 5920072  cores 1282 1112 1  time 231.264 1906.75
Iteration 920  lb 2520550 ub 5920072  cores 1283 1113 1  time 231.323 1909.7
Iteration 921  lb 2520550 ub 5920072  cores 1284 1114 1  time 231.365 1914.28
Iteration 922  lb 2520550 ub 5920072  cores 1285 1115 1  time 231.561 1917.74
Iteration 923  lb 2520550 ub 5920072  cores 1286 1115 1  time 231.784 1921.71
Iteration 924  lb 2520550 ub 5920072  cores 1287 1116 1  time 231.983 1925.85
Iteration 925  lb 2520550 ub 5920072  cores 1288 1117 1  time 232.162 1929.57
Iteration 926  lb 2520550 ub 5920072  cores 1290 1119 2  time 232.365 1934.26
Iteration 927  lb 2520550 ub 5920072  cores 1291 1120 1  time 232.581 1940.24
Iteration 928  lb 2520550 ub 5920072  cores 1293 1122 2  time 232.798 1945.19
Iteration 929  lb 2520550 ub 5920072  cores 1294 1123 1  time 232.972 1948.87
Iteration 930  lb 2520550 ub 5920072  cores 1295 1124 1  time 233.174 1952.93
Iteration 931  lb 2520550 ub 5920072  cores 1296 1125 1  time 233.365 1957.6
Iteration 932  lb 2520550 ub 5920072  cores 1297 1126 1  time 233.595 1962.19
Iteration 933  lb 2520550 ub 5920072  cores 1298 1127 1  time 233.718 1966.79
Iteration 934  lb 2520550 ub 5920072  cores 1299 1128 1  time 233.837 1972.39
Iteration 935  lb 2520550 ub 5920072  cores 1300 1129 1  time 234.234 1976.83
Iteration 936  lb 2520550 ub 5920072  cores 1301 1130 1  time 234.384 1981.57
Iteration 937  lb 2520550 ub 5920072  cores 1302 1131 1  time 234.449 1986.73
Iteration 938  lb 2520550 ub 5920072  cores 1303 1132 1  time 234.773 1992.64
Iteration 939  lb 2520550 ub 5920072  cores 1304 1133 1  time 234.905 1997.09
Iteration 940  lb 2520550 ub 5920072  cores 1305 1134 1  time 234.951 2001.05
Iteration 941  lb 2520550 ub 5920072  cores 1306 1135 1  time 235.106 2005.82
Iteration 942  lb 2520550 ub 5920072  cores 1308 1136 2  time 235.347 2010.97
Iteration 943  lb 2520551 ub 5920072  cores 1309 1136 1  time 235.418 2015.81
Iteration 944  lb 2520551 ub 5920072  cores 1310 1137 1  time 235.597 2020.29
Iteration 945  lb 2520551 ub 5920072  cores 1311 1137 1  time 235.653 2026
Iteration 946  lb 2520551 ub 5920072  cores 1312 1138 1  time 235.69 2029.02
Iteration 947  lb 2520551 ub 5920072  cores 1313 1139 1  time 235.839 2034.28
Iteration 948  lb 2520551 ub 5920072  cores 1314 1140 1  time 235.916 2038.71
Iteration 949  lb 2520551 ub 5920072  cores 1315 1140 1  time 236.058 2042.25
Iteration 950  lb 2520551 ub 5920072  cores 1316 1141 1  time 236.106 2045.75
Iteration 951  lb 2520551 ub 5920072  cores 1317 1142 1  time 236.272 2050.02
Iteration 952  lb 2520551 ub 5920072  cores 1318 1143 1  time 236.506 2053.24
Iteration 953  lb 2520551 ub 5920072  cores 1319 1144 1  time 236.597 2058.71
Iteration 954  lb 2520551 ub 5920072  cores 1320 1145 1  time 236.668 2063.89
Iteration 955  lb 2520551 ub 5920072  cores 1321 1146 1  time 236.72 2067.1
Iteration 956  lb 2520551 ub 5920072  cores 1322 1147 1  time 236.792 2072.12
Iteration 957  lb 2520551 ub 5920072  cores 1324 1149 2  time 236.98 2075.68
Iteration 958  lb 2520551 ub 5920072  cores 1325 1150 1  time 237.124 2079.71
Iteration 959  lb 2520551 ub 5920072  cores 1326 1151 1  time 237.363 2083.23
Iteration 960  lb 2520551 ub 5920072  cores 1327 1152 1  time 237.439 2086.94
Iteration 961  lb 2520551 ub 5920072  cores 1328 1153 1  time 237.627 2090.49
Iteration 962  lb 2520551 ub 5920072  cores 1329 1154 1  time 237.893 2096.15
Iteration 963  lb 2520551 ub 5920072  cores 1330 1155 1  time 237.932 2099.71
Iteration 964  lb 2520551 ub 5920072  cores 1332 1157 2  time 237.964 2103.85
Iteration 965  lb 2520551 ub 5920072  cores 1333 1158 1  time 238.185 2107.85
Iteration 966  lb 2520551 ub 5920072  cores 1334 1158 1  time 239.047 2113.38
Iteration 967  lb 2520551 ub 5920072  cores 1335 1159 1  time 239.067 2117.78
Iteration 968  lb 2520551 ub 5920072  cores 1336 1160 1  time 239.41 2122.91
Iteration 969  lb 2520551 ub 5920072  cores 1337 1161 1  time 239.576 2128.28
Iteration 970  lb 2520551 ub 5920072  cores 1338 1162 1  time 239.6 2131.49
Iteration 971  lb 2520551 ub 5920072  cores 1339 1163 1  time 239.643 2136.2
Iteration 972  lb 2520551 ub 5920072  cores 1340 1164 1  time 239.654 2140.39
Iteration 973  lb 2520551 ub 5920072  cores 1341 1165 1  time 239.663 2145.15
Iteration 974  lb 2520551 ub 5920072  cores 1343 1167 2  time 239.974 2150.63
Iteration 975  lb 2520551 ub 5920072  cores 1344 1168 1  time 240.129 2155.94
Iteration 976  lb 2520551 ub 5920072  cores 1346 1170 2  time 242.468 2160.46
Iteration 977  lb 2520551 ub 5920072  cores 1347 1171 1  time 243.501 2165.31
Iteration 978  lb 2520551 ub 5920072  cores 1348 1172 1  time 244.188 2169.85
Iteration 979  lb 2520551 ub 5920072  cores 1349 1173 1  time 244.26 2175.59
Iteration 980  lb 2520551 ub 5920072  cores 1350 1174 1  time 244.288 2179.99
Iteration 981  lb 2520551 ub 5920072  cores 1351 1175 1  time 244.3 2185.23
Iteration 982  lb 2520551 ub 5920072  cores 1352 1176 1  time 244.427 2189.26
Iteration 983  lb 2520551 ub 5920072  cores 1353 1177 1  time 244.921 2192.13
Iteration 984  lb 2520551 ub 5920072  cores 1354 1177 1  time 244.975 2196.2
Iteration 985  lb 2520551 ub 5920072  cores 1355 1178 1  time 245.539 2202.24
Iteration 986  lb 2520551 ub 5920072  cores 1356 1179 1  time 245.687 2206.76
Iteration 987  lb 2520551 ub 5920072  cores 1357 1180 1  time 245.812 2211.28
Iteration 988  lb 2520551 ub 5920072  cores 1358 1181 1  time 245.959 2215.34
Iteration 989  lb 2520551 ub 5920072  cores 1359 1182 1  time 246.071 2219.83
Iteration 990  lb 2520551 ub 5920072  cores 1360 1183 1  time 246.561 2224.65
Iteration 991  lb 2520551 ub 5920072  cores 1361 1184 1  time 247.147 2229.37
Iteration 992  lb 2520551 ub 5920072  cores 1362 1185 1  time 248.142 2232.86
Iteration 993  lb 2520551 ub 5920072  cores 1363 1186 1  time 248.216 2238.65
Iteration 994  lb 2520551 ub 5920072  cores 1364 1186 1  time 248.282 2244.49
Iteration 995  lb 2520551 ub 5920072  cores 1365 1187 1  time 248.328 2249.51
Iteration 996  lb 2520551 ub 5920072  cores 1366 1188 1  time 248.374 2254.52
Iteration 997  lb 2520551 ub 5920072  cores 1367 1189 1  time 248.43 2260.22
Iteration 998  lb 2520551 ub 5920072  cores 1368 1190 1  time 248.582 2264.67
Iteration 999  lb 2520551 ub 5920072  cores 1369 1191 1  time 248.737 2270.46
Iteration 1000  lb 2520551 ub 5920072  cores 1370 1192 1  time 248.782 2274.2
Iteration 1001  lb 2520551 ub 5920072  cores 1371 1193 1  time 248.889 2278.77
Iteration 1002  lb 2520551 ub 5920072  cores 1372 1194 1  time 248.911 2282.77
Iteration 1003  lb 2520551 ub 5920072  cores 1373 1195 1  time 248.984 2286.72
Iteration 1004  lb 2520551 ub 5920072  cores 1374 1196 1  time 249.006 2291.76
Iteration 1005  lb 2520551 ub 5920072  cores 1375 1197 1  time 249.042 2296.16
Iteration 1006  lb 2520551 ub 5920072  cores 1376 1198 1  time 249.09 2300.87
Iteration 1007  lb 2520551 ub 5920072  cores 1377 1199 1  time 249.174 2305.05
Iteration 1008  lb 2520551 ub 5920072  cores 1378 1200 1  time 249.244 2310.33
Iteration 1009  lb 2520551 ub 5920072  cores 1379 1201 1  time 249.393 2315.11
Iteration 1010  lb 2520551 ub 5920072  cores 1380 1202 1  time 249.474 2321.2
Iteration 1011  lb 2520551 ub 5920072  cores 1381 1203 1  time 249.515 2324.87
Iteration 1012  lb 2520551 ub 5920072  cores 1382 1204 1  time 249.557 2329.58
Iteration 1013  lb 2520551 ub 5920072  cores 1383 1205 1  time 249.602 2334.07
Iteration 1014  lb 2520551 ub 5920072  cores 1384 1206 1  time 249.624 2338.15
Iteration 1015  lb 2520551 ub 5920072  cores 1385 1207 1  time 249.665 2342.45
Iteration 1016  lb 2520551 ub 5920072  cores 1386 1208 1  time 249.715 2348.14
Iteration 1017  lb 2520551 ub 5920072  cores 1387 1208 1  time 249.737 2352.95
Iteration 1018  lb 2520551 ub 5920072  cores 1388 1209 1  time 249.776 2356.15
Iteration 1019  lb 2520551 ub 5920072  cores 1389 1210 1  time 249.9 2359.49
Iteration 1020  lb 2520551 ub 5920072  cores 1390 1211 1  time 249.987 2363.08
Iteration 1021  lb 2520551 ub 5920072  cores 1391 1212 1  time 250.118 2367.84
Iteration 1022  lb 2520551 ub 5920072  cores 1392 1213 1  time 250.194 2373.81
Iteration 1023  lb 2520551 ub 5920072  cores 1393 1214 1  time 250.266 2378.36
Iteration 1024  lb 2520551 ub 5920072  cores 1394 1215 1  time 250.342 2383.78
Iteration 1025  lb 2520551 ub 5920072  cores 1395 1216 1  time 250.532 2390.45
Iteration 1026  lb 2520551 ub 5920072  cores 1396 1217 1  time 251.012 2395.75
Iteration 1027  lb 2520551 ub 5920072  cores 1397 1218 1  time 251.288 2399.63
Iteration 1028  lb 2520551 ub 5920072  cores 1399 1220 2  time 251.473 2404.65
Iteration 1029  lb 2520551 ub 5920072  cores 1400 1221 1  time 251.536 2410.22
Iteration 1030  lb 2520551 ub 5920072  cores 1401 1222 1  time 251.56 2415.19
Iteration 1031  lb 2520551 ub 5920072  cores 1402 1223 1  time 251.635 2419.54
Iteration 1032  lb 2520551 ub 5920072  cores 1403 1224 1  time 251.778 2423.79
Iteration 1033  lb 2520551 ub 5920072  cores 1404 1225 1  time 251.974 2427.63
Iteration 1034  lb 2520551 ub 5920072  cores 1405 1226 1  time 252.128 2431.92
Iteration 1035  lb 2520551 ub 5920072  cores 1406 1227 1  time 252.193 2436.52
Iteration 1036  lb 2520551 ub 5920072  cores 1407 1228 1  time 252.338 2440.77
Iteration 1037  lb 2520551 ub 5920072  cores 1408 1229 1  time 252.469 2445.66
Iteration 1038  lb 2520551 ub 5920072  cores 1409 1229 1  time 252.625 2450.8
Iteration 1039  lb 2520551 ub 5920072  cores 1410 1230 1  time 252.79 2456.33
Iteration 1040  lb 2520551 ub 5920072  cores 1411 1231 1  time 253.641 2461.29
Iteration 1041  lb 2520551 ub 5920072  cores 1412 1232 1  time 253.79 2465.09
Iteration 1042  lb 2520551 ub 5920072  cores 1413 1233 1  time 253.807 2469.17
Iteration 1043  lb 2520551 ub 5920072  cores 1414 1234 1  time 253.933 2474.75
Iteration 1044  lb 2520551 ub 5920072  cores 1415 1235 1  time 254.08 2480.21
Iteration 1045  lb 2520551 ub 5920072  cores 1416 1236 1  time 254.318 2484.31
Iteration 1046  lb 2520551 ub 5920072  cores 1417 1237 1  time 254.438 2488.82
Iteration 1047  lb 2520551 ub 5920072  cores 1418 1238 1  time 254.648 2492.81
Iteration 1048  lb 2520551 ub 5920072  cores 1419 1237 1  time 254.782 2496.99
Iteration 1049  lb 2520551 ub 5920072  cores 1420 1238 1  time 254.933 2500.83
Iteration 1050  lb 2520551 ub 5920072  cores 1421 1238 1  time 255.05 2506.17
Iteration 1051  lb 2520551 ub 5920072  cores 1423 1240 2  time 255.176 2512.12
Iteration 1052  lb 2520551 ub 5920072  cores 1424 1241 1  time 255.235 2517.81
Iteration 1053  lb 2520551 ub 5920072  cores 1426 1243 2  time 255.455 2521.5
Iteration 1054  lb 2520551 ub 5920072  cores 1427 1244 1  time 255.593 2526.98
Iteration 1055  lb 2520551 ub 5920072  cores 1428 1245 1  time 255.651 2531.33
Iteration 1056  lb 2520551 ub 5920072  cores 1429 1246 1  time 255.716 2536.59
Iteration 1057  lb 2520551 ub 5920072  cores 1430 1247 1  time 255.756 2540.8
Iteration 1058  lb 2520551 ub 5920072  cores 1431 1248 1  time 255.85 2546.74
Iteration 1059  lb 2520551 ub 5920072  cores 1432 1249 1  time 255.963 2552.76
Iteration 1060  lb 2520551 ub 5920072  cores 1433 1250 1  time 256.108 2556.91
Iteration 1061  lb 2520551 ub 5920072  cores 1434 1251 1  time 256.283 2561.14
Iteration 1062  lb 2520551 ub 5920072  cores 1435 1252 1  time 256.444 2565.03
Iteration 1063  lb 2520551 ub 5920072  cores 1436 1253 1  time 256.575 2569.78
Iteration 1064  lb 2520551 ub 5920072  cores 1437 1254 1  time 256.609 2573.57
Iteration 1065  lb 2520551 ub 5920072  cores 1438 1255 1  time 256.663 2579.71
Iteration 1066  lb 2520551 ub 5920072  cores 1439 1256 1  time 256.708 2584.4
Iteration 1067  lb 2520551 ub 5920072  cores 1440 1257 1  time 257.813 2590.23
Iteration 1068  lb 2520551 ub 5920072  cores 1442 1259 2  time 258.034 2595.97
Iteration 1069  lb 2520551 ub 5920072  cores 1443 1259 1  time 259.098 2601.25
Iteration 1070  lb 2520551 ub 5920072  cores 1445 1260 2  time 259.459 2605
Iteration 1071  lb 2520551 ub 5920072  cores 1447 1262 2  time 259.512 2608.95
Iteration 1072  lb 2520551 ub 5920072  cores 1448 1263 1  time 259.739 2612.97
Iteration 1073  lb 2520551 ub 5920072  cores 1449 1264 1  time 259.843 2618.44
Iteration 1074  lb 2520551 ub 5920072  cores 1450 1265 1  time 260.101 2623.13
Iteration 1075  lb 2520551 ub 5920072  cores 1451 1266 1  time 260.165 2626.83
Iteration 1076  lb 2520551 ub 5920072  cores 1452 1267 1  time 260.333 2631
Iteration 1077  lb 2520551 ub 5920072  cores 1453 1268 1  time 260.464 2634.63
Iteration 1078  lb 2520551 ub 5920072  cores 1454 1269 1  time 260.685 2639.66
Iteration 1079  lb 2520551 ub 5920072  cores 1455 1270 1  time 260.861 2644.72
Iteration 1080  lb 2520551 ub 5920072  cores 1456 1271 1  time 261.117 2651.43
Iteration 1081  lb 2520551 ub 5920072  cores 1457 1272 1  time 261.248 2656.48
Iteration 1082  lb 2520551 ub 5920072  cores 1458 1273 1  time 261.419 2662.16
Iteration 1083  lb 2520551 ub 5920072  cores 1459 1274 1  time 261.821 2668.58
Iteration 1084  lb 2520551 ub 5920072  cores 1460 1275 1  time 262.242 2674.34
Iteration 1085  lb 2520551 ub 5920072  cores 1461 1276 1  time 262.325 2679.88
Iteration 1086  lb 2520551 ub 5920072  cores 1462 1277 1  time 262.419 2686.25
Iteration 1087  lb 2520551 ub 5920072  cores 1463 1278 1  time 263.552 2691.24
Iteration 1088  lb 2520551 ub 5920072  cores 1464 1279 1  time 263.577 2697.31
Iteration 1089  lb 2520551 ub 5920072  cores 1465 1280 1  time 263.593 2703.87
Iteration 1090  lb 2520551 ub 5920072  cores 1466 1281 1  time 264.147 2708.49
Iteration 1091  lb 2520551 ub 5920072  cores 1467 1282 1  time 264.277 2711.84
Iteration 1092  lb 2520551 ub 5920072  cores 1468 1283 1  time 264.325 2716.56
Iteration 1093  lb 2520551 ub 5920072  cores 1469 1284 1  time 264.874 2720.98
Iteration 1094  lb 2520551 ub 5920072  cores 1470 1285 1  time 264.974 2726.08
Iteration 1095  lb 2520551 ub 5920072  cores 1471 1286 1  time 265.128 2730.84
Iteration 1096  lb 2520551 ub 5920072  cores 1472 1287 1  time 265.216 2735.1
Iteration 1097  lb 2520551 ub 5920072  cores 1473 1288 1  time 265.356 2740.48
Iteration 1098  lb 2520551 ub 5920072  cores 1474 1288 1  time 265.931 2746.25
Iteration 1099  lb 2520551 ub 5920072  cores 1476 1290 2  time 266.273 2750.97
Iteration 1100  lb 2520551 ub 5920072  cores 1477 1291 1  time 266.475 2756.24
Iteration 1101  lb 2520551 ub 5920072  cores 1478 1292 1  time 266.57 2761.36
Iteration 1102  lb 2520551 ub 5920072  cores 1479 1293 1  time 266.619 2768.96
Iteration 1103  lb 2520551 ub 5920072  cores 1480 1294 1  time 266.759 2775.14
Iteration 1104  lb 2520551 ub 5920072  cores 1481 1295 1  time 266.897 2780.37
Iteration 1105  lb 2520551 ub 5920072  cores 1482 1296 1  time 267.015 2784.84
Iteration 1106  lb 2520551 ub 5920072  cores 1483 1297 1  time 267.218 2789.52
Iteration 1107  lb 2520551 ub 5920072  cores 1484 1298 1  time 267.44 2793.33
Iteration 1108  lb 2520551 ub 5920072  cores 1485 1299 1  time 267.874 2798.51
Iteration 1109  lb 2520551 ub 5920072  cores 1487 1300 2  time 268.075 2804.15
Iteration 1110  lb 2520551 ub 5920072  cores 1488 1301 1  time 268.189 2809.09
Iteration 1111  lb 2520551 ub 5920072  cores 1490 1303 2  time 268.343 2812.97
Iteration 1112  lb 2520551 ub 5920072  cores 1491 1304 1  time 268.478 2817.4
Iteration 1113  lb 2520551 ub 5920072  cores 1492 1304 1  time 268.576 2822.49
Iteration 1114  lb 2520551 ub 5920072  cores 1494 1306 2  time 268.805 2827.53
Iteration 1115  lb 2520551 ub 5920072  cores 1495 1307 1  time 268.991 2834.75
Iteration 1116  lb 2520551 ub 5920072  cores 1496 1308 1  time 269.1 2840.27
Iteration 1117  lb 2520551 ub 5920072  cores 1497 1309 1  time 269.27 2846.02
Iteration 1118  lb 2520551 ub 5920072  cores 1498 1310 1  time 269.395 2850
Iteration 1119  lb 2520551 ub 5920072  cores 1500 1312 2  time 269.618 2854.47
Iteration 1120  lb 2520551 ub 5920072  cores 1501 1313 1  time 269.892 2859.39
Iteration 1121  lb 2520551 ub 5920072  cores 1502 1314 1  time 270.181 2865.17
Iteration 1122  lb 2520551 ub 5920072  cores 1503 1315 1  time 270.325 2869.29
Iteration 1123  lb 2520551 ub 5920072  cores 1504 1316 1  time 270.486 2874.52
Iteration 1124  lb 2520551 ub 5920072  cores 1505 1317 1  time 270.722 2879.23
Iteration 1125  lb 2520551 ub 5920072  cores 1506 1318 1  time 270.884 2883.46
Iteration 1126  lb 2520551 ub 5920072  cores 1507 1319 1  time 271.244 2888.64
Iteration 1127  lb 2520551 ub 5920072  cores 1508 1320 1  time 271.414 2893.67
Iteration 1128  lb 2520551 ub 5920072  cores 1509 1321 1  time 271.549 2898.06
Iteration 1129  lb 2520551 ub 5920072  cores 1510 1322 1  time 271.658 2902.87
Iteration 1130  lb 2520551 ub 5920072  cores 1511 1322 1  time 271.783 2906.46
Iteration 1131  lb 2520551 ub 5920072  cores 1512 1323 1  time 271.928 2910.54
Iteration 1132  lb 2520551 ub 5920072  cores 1513 1324 1  time 272.058 2914.42
Iteration 1133  lb 2520551 ub 5920072  cores 1514 1324 1  time 272.137 2918.72
Iteration 1134  lb 2520551 ub 5920072  cores 1516 1326 2  time 272.266 2922.9
Iteration 1135  lb 2520551 ub 5920072  cores 1517 1327 1  time 272.394 2927.56
Iteration 1136  lb 2520551 ub 5920072  cores 1518 1328 1  time 272.522 2931.82
Iteration 1137  lb 2520551 ub 5920072  cores 1519 1329 1  time 272.591 2936.97
Iteration 1138  lb 2520551 ub 5920072  cores 1520 1329 1  time 272.625 2941.19
Iteration 1139  lb 2520551 ub 5920072  cores 1521 1329 1  time 272.655 2946.14
Iteration 1140  lb 2520551 ub 5920072  cores 1522 1330 1  time 272.856 2950.63
Iteration 1141  lb 2520551 ub 5920072  cores 1523 1331 1  time 273.325 2956.04
Iteration 1142  lb 2520551 ub 5920072  cores 1524 1332 1  time 273.357 2959.7
Iteration 1143  lb 2520551 ub 5920072  cores 1525 1333 1  time 273.582 2964.69
Iteration 1144  lb 2520551 ub 5920072  cores 1526 1334 1  time 273.795 2968.06
Iteration 1145  lb 2520551 ub 5920072  cores 1527 1335 1  time 274.372 2972.11
Iteration 1146  lb 2520551 ub 5920072  cores 1528 1336 1  time 274.773 2977.88
Iteration 1147  lb 2520551 ub 5920072  cores 1529 1337 1  time 274.901 2983.04
Iteration 1148  lb 2520551 ub 5920072  cores 1530 1338 1  time 274.979 2989.56
Iteration 1149  lb 2520551 ub 5920072  cores 1531 1339 1  time 275.121 2994.82
Iteration 1150  lb 2520551 ub 5920072  cores 1532 1340 1  time 275.311 2997.92
Iteration 1151  lb 2520551 ub 5920072  cores 1533 1341 1  time 275.429 3001.35
Iteration 1152  lb 2520551 ub 5920072  cores 1534 1342 1  time 275.679 3006.47
Iteration 1153  lb 2520551 ub 5920072  cores 1535 1343 1  time 275.807 3011.08
Iteration 1154  lb 2520551 ub 5920072  cores 1536 1343 1  time 275.894 3015.37
Iteration 1155  lb 2520551 ub 5920072  cores 1537 1344 1  time 275.967 3021.11
Iteration 1156  lb 2520551 ub 5920072  cores 1538 1345 1  time 276.006 3025.47
Iteration 1157  lb 2520551 ub 5920072  cores 1539 1346 1  time 276.113 3031.09
Iteration 1158  lb 2520551 ub 5920072  cores 1540 1347 1  time 276.135 3035.27
Iteration 1159  lb 2520551 ub 5920072  cores 1541 1348 1  time 276.207 3041.26
Iteration 1160  lb 2520551 ub 5920072  cores 1542 1349 1  time 276.307 3046.53
Iteration 1161  lb 2520551 ub 5920072  cores 1543 1350 1  time 276.445 3052.34
Iteration 1162  lb 2520551 ub 5920072  cores 1544 1351 1  time 276.561 3057.01
Iteration 1163  lb 2520551 ub 5920072  cores 1545 1352 1  time 276.796 3062.13
Iteration 1164  lb 2520551 ub 5920072  cores 1546 1353 1  time 277.041 3066.32
Iteration 1165  lb 2520551 ub 5920072  cores 1547 1354 1  time 277.176 3073.72
Iteration 1166  lb 2520551 ub 5920072  cores 1548 1355 1  time 277.285 3080.02
Iteration 1167  lb 2520551 ub 5920072  cores 1549 1356 1  time 277.326 3084.91
Iteration 1168  lb 2520551 ub 5920072  cores 1550 1357 1  time 277.491 3089.72
Iteration 1169  lb 2520551 ub 5920072  cores 1551 1358 1  time 277.62 3093.39
Iteration 1170  lb 2520551 ub 5920072  cores 1552 1359 1  time 277.8 3098.96
Iteration 1171  lb 2520551 ub 5920072  cores 1553 1360 1  time 278.072 3104.59
Iteration 1172  lb 2520551 ub 5920072  cores 1554 1360 1  time 278.342 3110.81
Iteration 1173  lb 2520551 ub 5920072  cores 1555 1361 1  time 278.546 3116.29
Iteration 1174  lb 2520551 ub 5920072  cores 1556 1362 1  time 278.827 3122.05
Iteration 1175  lb 2520551 ub 5920072  cores 1557 1363 1  time 279.004 3126.71
Iteration 1176  lb 2520551 ub 5920072  cores 1559 1365 2  time 279.277 3132.85
Iteration 1177  lb 2520551 ub 5920072  cores 1560 1366 1  time 279.306 3138.13
Iteration 1178  lb 2520551 ub 5920072  cores 1561 1367 1  time 279.345 3143.1
Iteration 1179  lb 2520551 ub 5920072  cores 1562 1368 1  time 279.437 3148.36
Iteration 1180  lb 2520551 ub 5920072  cores 1563 1369 1  time 279.563 3154.25
Iteration 1181  lb 2520551 ub 5920072  cores 1564 1370 1  time 279.701 3159.35
Iteration 1182  lb 2520551 ub 5920072  cores 1565 1371 1  time 279.766 3164.81
Iteration 1183  lb 2520551 ub 5920072  cores 1566 1372 1  time 280.021 3168.76
Iteration 1184  lb 2520551 ub 5920072  cores 1567 1373 1  time 280.054 3173.58
Iteration 1185  lb 2520551 ub 5920072  cores 1568 1373 1  time 280.084 3179.2
Iteration 1186  lb 2520551 ub 5920072  cores 1570 1375 2  time 280.183 3183.31
Iteration 1187  lb 2520551 ub 5920072  cores 1571 1376 1  time 280.218 3189.04
Iteration 1188  lb 2520551 ub 5920072  cores 1572 1376 1  time 280.233 3195.69
Iteration 1189  lb 2520551 ub 5920072  cores 1573 1377 1  time 280.295 3200.56
Iteration 1190  lb 2520551 ub 5920072  cores 1574 1378 1  time 280.331 3206.45
Iteration 1191  lb 2520551 ub 5920072  cores 1575 1379 1  time 280.438 3212.34
Iteration 1192  lb 2520551 ub 5920072  cores 1576 1380 1  time 280.505 3217.15
Iteration 1193  lb 2520551 ub 5920072  cores 1577 1381 1  time 280.594 3221.78
Iteration 1194  lb 2520551 ub 5920072  cores 1579 1383 2  time 280.687 3226.78
Iteration 1195  lb 2520551 ub 5920072  cores 1580 1384 1  time 280.79 3232.03
Iteration 1196  lb 2520551 ub 5920072  cores 1581 1383 1  time 280.882 3237.79
Iteration 1197  lb 2520551 ub 5920072  cores 1582 1384 1  time 280.923 3244.62
Iteration 1198  lb 2520551 ub 5920072  cores 1583 1385 1  time 281.457 3251.38
Iteration 1199  lb 2520551 ub 5920072  cores 1584 1386 1  time 281.847 3257.67
Iteration 1200  lb 2520551 ub 5920072  cores 1585 1387 1  time 281.871 3264.54
Iteration 1201  lb 2520552 ub 5920072  cores 1587 1389 2  time 283.779 3270.54
Iteration 1202  lb 2520552 ub 5920072  cores 1589 1391 2  time 284.009 3277.13
Iteration 1203  lb 2520552 ub 5920072  cores 1591 1393 2  time 286.233 3282.63
Iteration 1204  lb 2520552 ub 5920072  cores 1593 1395 2  time 286.614 3289.72
Iteration 1205  lb 2520552 ub 5920072  cores 1594 1396 1  time 286.849 3295.25
Iteration 1206  lb 2520552 ub 5920072  cores 1595 1397 1  time 287.013 3301.84
Iteration 1207  lb 2520552 ub 5920072  cores 1596 1398 1  time 287.34 3307.06
