lb 3750102 ub 8645139 before adjustment
lb 0 ub 4895037 after adjustment
costs ready
29 variables 349 functions 3750102 lb, 4895037 ub
Iteration 0  lb 3750107 ub 8645139  cores 4 4 4  time 0.110186 0.040869
Iteration 1  lb 3750113 ub 8645139  cores 9 9 5  time 0.299945 0.089572
Iteration 2  lb 3750114 ub 8645139  cores 13 13 4  time 0.352015 0.140965
Iteration 3  lb 3750115 ub 8645139  cores 17 16 4  time 0.397348 0.195034
Iteration 4  lb 3750119 ub 8645139  cores 21 20 4  time 0.541842 0.250117
Iteration 5  lb 3750119 ub 8645139  cores 24 23 3  time 0.583129 0.307448
Iteration 6  lb 3750120 ub 8645139  cores 27 26 3  time 0.636713 0.375831
Iteration 7  lb 3750120 ub 8645139  cores 30 29 3  time 0.763949 0.436923
Iteration 8  lb 3750122 ub 8645139  cores 34 33 4  time 0.877511 0.514024
Iteration 9  lb 3750122 ub 8645139  cores 37 36 3  time 1.16219 0.581922
Iteration 10  lb 3750124 ub 8645139  cores 40 39 3  time 1.28085 0.671725
Iteration 11  lb 3750125 ub 8645139  cores 43 41 3  time 1.35018 0.777911
Iteration 12  lb 3750125 ub 8645139  cores 46 44 3  time 1.39348 0.875974
Iteration 13  lb 3750125 ub 8645139  cores 49 47 3  time 1.46246 0.976065
Iteration 14  lb 3750125 ub 8645139  cores 52 50 3  time 1.52937 1.10132
Iteration 15  lb 3750126 ub 8645139  cores 55 53 3  time 1.55002 1.25651
Iteration 16  lb 3750126 ub 8645139  cores 57 55 2  time 1.57731 1.4171
Iteration 17  lb 3750126 ub 8645139  cores 60 58 3  time 1.60534 1.58144
Iteration 18  lb 3750126 ub 8645139  cores 63 61 3  time 1.62701 1.74179
Iteration 19  lb 3750126 ub 8645139  cores 66 64 3  time 1.65131 1.89393
Iteration 20  lb 3750126 ub 8645139  cores 69 67 3  time 1.67316 2.04691
Iteration 21  lb 3750127 ub 8645139  cores 72 70 3  time 1.70268 2.19048
Iteration 22  lb 3750127 ub 8645139  cores 75 73 3  time 1.77186 2.38391
Iteration 23  lb 3750127 ub 8645139  cores 78 76 3  time 1.81211 2.51905
Iteration 24  lb 3750127 ub 8645139  cores 81 79 3  time 1.92213 2.71051
Iteration 25  lb 3750127 ub 8645139  cores 84 82 3  time 2.01586 2.88055
Iteration 26  lb 3750127 ub 8645139  cores 87 85 3  time 2.10343 3.08475
Iteration 27  lb 3750127 ub 8645139  cores 90 88 3  time 2.18014 3.27745
Iteration 28  lb 3750128 ub 8645139  cores 93 91 3  time 2.24857 3.47251
Iteration 29  lb 3750128 ub 8645139  cores 96 94 3  time 2.33749 3.77274
Iteration 30  lb 3750128 ub 8645139  cores 99 97 3  time 2.41223 4.0974
Iteration 31  lb 3750128 ub 8645139  cores 103 100 4  time 2.49767 4.2894
Iteration 32  lb 3750128 ub 8645139  cores 106 103 3  time 2.53296 4.607
Iteration 33  lb 3750128 ub 8645139  cores 109 106 3  time 2.58291 4.92222
Iteration 34  lb 3750128 ub 8645139  cores 112 109 3  time 2.62589 5.2594
Iteration 35  lb 3750128 ub 8645139  cores 115 112 3  time 2.68415 5.5793
Iteration 36  lb 3750128 ub 8645139  cores 118 114 3  time 2.7306 6.05648
Iteration 37  lb 3750129 ub 8645139  cores 121 117 3  time 2.78697 6.67095
Iteration 38  lb 3750129 ub 8645139  cores 124 119 3  time 2.83448 7.22051
Iteration 39  lb 3750129 ub 8645139  cores 127 121 3  time 2.85584 7.78849
Iteration 40  lb 3750129 ub 8645139  cores 130 124 3  time 2.89909 8.36476
Iteration 41  lb 3750129 ub 8645139  cores 133 126 3  time 2.93126 8.97164
Iteration 42  lb 3750129 ub 8645139  cores 137 130 4  time 2.98128 9.5788
Iteration 43  lb 3750129 ub 8645139  cores 140 133 3  time 3.02517 9.95252
Iteration 44  lb 3750129 ub 8645139  cores 143 136 3  time 3.04432 10.3196
Iteration 45  lb 3750129 ub 8645139  cores 146 139 3  time 3.0897 10.8334
Iteration 46  lb 3750129 ub 8645139  cores 149 141 3  time 3.10786 11.3219
Iteration 47  lb 3750129 ub 8645139  cores 152 144 3  time 3.14145 12.0545
Iteration 48  lb 3750129 ub 8645139  cores 155 147 3  time 3.18247 12.722
Iteration 49  lb 3750129 ub 8645139  cores 158 150 3  time 3.22758 13.4639
Iteration 50  lb 3750129 ub 8645139  cores 161 153 3  time 3.26229 14.0432
Iteration 51  lb 3750129 ub 8645139  cores 164 156 3  time 3.49147 14.5763
Iteration 52  lb 3750130 ub 8645139  cores 167 159 3  time 3.64963 15.034
Iteration 53  lb 3750130 ub 8645139  cores 170 162 3  time 3.70715 15.6015
Iteration 54  lb 3750130 ub 8645139  cores 173 165 3  time 3.78999 16.1745
Iteration 55  lb 3750130 ub 8645139  cores 176 168 3  time 3.88852 16.641
Iteration 56  lb 3750131 ub 8645139  cores 179 171 3  time 3.96176 17.2129
Iteration 57  lb 3750131 ub 8645139  cores 182 174 3  time 4.0698 17.8119
Iteration 58  lb 3750131 ub 8645139  cores 185 177 3  time 4.11723 18.4954
Iteration 59  lb 3750131 ub 8645139  cores 189 181 4  time 4.28349 18.896
Iteration 60  lb 3750131 ub 8645139  cores 192 184 3  time 4.4266 19.4275
Iteration 61  lb 3750132 ub 8645139  cores 194 186 2  time 4.53328 20.1675
Iteration 62  lb 3750132 ub 8645139  cores 197 189 3  time 4.63472 21.0272
Iteration 63  lb 3750132 ub 8645139  cores 200 192 3  time 4.78031 21.9968
Iteration 64  lb 3750133 ub 8645139  cores 203 195 3  time 4.9911 22.8317
Iteration 65  lb 3750133 ub 8645139  cores 207 199 4  time 5.04247 23.6736
Iteration 66  lb 3750133 ub 8645139  cores 210 202 3  time 5.15022 24.444
Iteration 67  lb 3750133 ub 8645139  cores 213 205 3  time 5.21809 25.6577
Iteration 68  lb 3750133 ub 8645139  cores 216 208 3  time 5.41328 26.3977
Iteration 69  lb 3750133 ub 8645139  cores 219 211 3  time 5.57418 27.3171
Iteration 70  lb 3750134 ub 8645139  cores 223 215 4  time 5.73611 28.2337
Iteration 71  lb 3750134 ub 8645139  cores 226 218 3  time 5.84549 29.6837
Iteration 72  lb 3750134 ub 8645139  cores 229 221 3  time 5.92883 30.6714
Iteration 73  lb 3750134 ub 8645139  cores 232 224 3  time 5.99373 31.7018
Iteration 74  lb 3750134 ub 8645139  cores 235 227 3  time 6.09321 32.6659
Iteration 75  lb 3750134 ub 8645139  cores 238 230 3  time 6.16236 33.6683
Iteration 76  lb 3750135 ub 8645139  cores 241 233 3  time 6.21187 35.6245
Iteration 77  lb 3750135 ub 8645139  cores 244 236 3  time 6.35524 36.8503
Iteration 78  lb 3750135 ub 8645139  cores 247 239 3  time 6.4245 39.4419
Iteration 79  lb 3750136 ub 8645139  cores 250 242 3  time 6.46083 42.1843
Iteration 80  lb 3750136 ub 8645139  cores 253 245 3  time 6.53555 44.3073
Iteration 81  lb 3750136 ub 8645139  cores 256 248 3  time 6.67309 46.5318
Iteration 82  lb 3750136 ub 8645139  cores 259 250 3  time 6.69924 48.0063
Iteration 83  lb 3750136 ub 8645139  cores 262 253 3  time 6.72339 50.5346
Iteration 84  lb 3750136 ub 8645139  cores 265 256 3  time 6.75325 53.0759
Iteration 85  lb 3750136 ub 8645139  cores 268 259 3  time 6.86357 55.6785
Iteration 86  lb 3750136 ub 8645139  cores 271 262 3  time 6.91513 57.9262
Iteration 87  lb 3750136 ub 8645139  cores 275 266 4  time 6.95745 60.5436
Iteration 88  lb 3750136 ub 8645139  cores 277 268 2  time 6.96828 62.9382
Iteration 89  lb 3750136 ub 8645139  cores 281 271 4  time 7.0693 65.3855
Iteration 90  lb 3750136 ub 8645139  cores 284 274 3  time 7.19642 67.683
Iteration 91  lb 3750136 ub 8645139  cores 287 277 3  time 7.32612 70.31
Iteration 92  lb 3750136 ub 8645139  cores 290 280 3  time 7.37505 72.7729
Iteration 93  lb 3750136 ub 8645139  cores 293 283 3  time 7.41692 76.2348
Iteration 94  lb 3750136 ub 8645139  cores 296 286 3  time 7.50229 79.9923
Iteration 95  lb 3750137 ub 8645139  cores 299 289 3  time 7.52773 83.7166
Iteration 96  lb 3750137 ub 8645139  cores 302 292 3  time 7.65345 86.8554
Iteration 97  lb 3750137 ub 8645139  cores 306 296 4  time 7.73111 89.98
Iteration 98  lb 3750137 ub 8645139  cores 309 299 3  time 7.86861 93.5429
Iteration 99  lb 3750137 ub 8645139  cores 312 302 3  time 7.9895 96.3442
Iteration 100  lb 3750137 ub 8645139  cores 315 305 3  time 8.06407 99.1998
Iteration 101  lb 3750137 ub 8645139  cores 318 308 3  time 8.45456 102.356
Iteration 102  lb 3750137 ub 8645139  cores 321 311 3  time 8.53196 103.897
Iteration 103  lb 3750137 ub 8645139  cores 323 313 2  time 8.54913 106.632
Iteration 104  lb 3750137 ub 8645139  cores 326 316 3  time 8.58788 108.499
Iteration 105  lb 3750137 ub 8645139  cores 329 318 3  time 8.6386 109.894
Iteration 106  lb 3750137 ub 8645139  cores 332 321 3  time 8.68966 112.508
Iteration 107  lb 3750137 ub 8645139  cores 335 324 3  time 8.76255 114.108
Iteration 108  lb 3750137 ub 8645139  cores 338 327 3  time 8.79275 115.812
Iteration 109  lb 3750137 ub 8645139  cores 341 330 3  time 8.83644 118.415
Iteration 110  lb 3750137 ub 8645139  cores 344 333 3  time 8.93849 119.984
Iteration 111  lb 3750138 ub 8645139  cores 347 334 3  time 9.03275 122.069
Iteration 112  lb 3750138 ub 8645139  cores 350 337 3  time 9.11194 124.043
Iteration 113  lb 3750138 ub 8645139  cores 353 340 3  time 9.14478 126.6
Iteration 114  lb 3750138 ub 8645139  cores 356 343 3  time 9.19546 129.563
Iteration 115  lb 3750138 ub 8645139  cores 359 346 3  time 9.26935 132.7
Iteration 116  lb 3750138 ub 8645139  cores 362 349 3  time 9.29961 135.048
Iteration 117  lb 3750138 ub 8645139  cores 365 352 3  time 9.36997 138.589
Iteration 118  lb 3750138 ub 8645139  cores 368 355 3  time 9.4741 141.108
Iteration 119  lb 3750138 ub 8645139  cores 371 358 3  time 9.53604 143.941
Iteration 120  lb 3750138 ub 8645139  cores 374 361 3  time 9.74354 147.928
Iteration 121  lb 3750139 ub 8645139  cores 377 364 3  time 9.77593 152.557
Iteration 122  lb 3750139 ub 8645139  cores 380 367 3  time 9.83693 156.573
Iteration 123  lb 3750139 ub 8645139  cores 383 370 3  time 9.88629 160.553
Iteration 124  lb 3750139 ub 8645139  cores 386 372 3  time 9.95136 163.764
Iteration 125  lb 3750139 ub 8645139  cores 389 375 3  time 9.96784 167.88
Iteration 126  lb 3750139 ub 8645139  cores 392 378 3  time 10.0239 171.912
Iteration 127  lb 3750139 ub 8645139  cores 395 381 3  time 10.1287 174.993
Iteration 128  lb 3750139 ub 8645139  cores 398 384 3  time 10.226 178.609
Iteration 129  lb 3750139 ub 8645139  cores 400 386 2  time 10.2852 182.361
Iteration 130  lb 3750139 ub 8645139  cores 404 390 4  time 10.3562 185.445
Iteration 131  lb 3750139 ub 8645139  cores 406 392 2  time 10.3889 188.202
Iteration 132  lb 3750139 ub 8645139  cores 408 394 2  time 10.4213 191.874
Iteration 133  lb 3750139 ub 8645139  cores 412 397 4  time 10.4834 195.405
Iteration 134  lb 3750139 ub 8645139  cores 415 400 3  time 10.5412 199.228
Iteration 135  lb 3750139 ub 8645139  cores 417 402 2  time 10.5921 202.03
Iteration 136  lb 3750139 ub 8645139  cores 420 405 3  time 10.6813 205.757
Iteration 137  lb 3750139 ub 8645139  cores 422 407 2  time 10.7052 209.455
Iteration 138  lb 3750140 ub 8645139  cores 424 409 2  time 10.7456 212.133
Iteration 139  lb 3750140 ub 8645139  cores 427 412 3  time 10.8106 214.165
Iteration 140  lb 3750140 ub 8645139  cores 429 414 2  time 10.8451 216.155
Iteration 141  lb 3750141 ub 8645139  cores 432 417 3  time 10.8856 219.338
Iteration 142  lb 3750141 ub 8645139  cores 435 420 3  time 10.985 222.681
Iteration 143  lb 3750141 ub 8645139  cores 438 423 3  time 11.0544 224.723
Iteration 144  lb 3750142 ub 8645139  cores 441 426 3  time 11.1215 228.351
Iteration 145  lb 3750142 ub 8645139  cores 444 429 3  time 11.1786 231.79
Iteration 146  lb 3750142 ub 8645139  cores 447 432 3  time 11.2737 234.955
Iteration 147  lb 3750143 ub 8645139  cores 450 435 3  time 11.3497 238.609
Iteration 148  lb 3750143 ub 8645139  cores 453 437 3  time 11.4616 242.539
Iteration 149  lb 3750143 ub 8645139  cores 456 440 3  time 11.5364 246.122
Iteration 150  lb 3750143 ub 8645139  cores 459 443 3  time 11.5939 249.907
Iteration 151  lb 3750143 ub 8645139  cores 462 446 3  time 11.6877 253.656
Iteration 152  lb 3750143 ub 8645139  cores 465 449 3  time 11.7019 257.298
Iteration 153  lb 3750143 ub 8645139  cores 468 452 3  time 11.7863 261.883
Iteration 154  lb 3750143 ub 8645139  cores 471 455 3  time 11.8781 266.155
Iteration 155  lb 3750143 ub 8645139  cores 474 458 3  time 12.0087 271.148
Iteration 156  lb 3750144 ub 8645139  cores 477 460 3  time 12.1236 275.363
Iteration 157  lb 3750144 ub 8645139  cores 480 463 3  time 12.1611 279.605
Iteration 158  lb 3750144 ub 8645139  cores 483 466 3  time 12.2084 284.081
Iteration 159  lb 3750144 ub 8645139  cores 486 469 3  time 12.2923 288.269
Iteration 160  lb 3750144 ub 8645139  cores 489 472 3  time 12.3288 292.437
Iteration 161  lb 3750144 ub 8645139  cores 492 475 3  time 12.4408 296.409
Iteration 162  lb 3750144 ub 8645139  cores 494 477 2  time 12.4765 300.182
Iteration 163  lb 3750144 ub 8645139  cores 498 481 4  time 12.5863 304.113
Iteration 164  lb 3750144 ub 8645139  cores 501 484 3  time 12.7049 308.823
Iteration 165  lb 3750144 ub 8645139  cores 504 487 3  time 12.7664 313.625
Iteration 166  lb 3750144 ub 8645139  cores 507 490 3  time 12.819 318.277
Iteration 167  lb 3750144 ub 8645139  cores 510 493 3  time 12.8726 322.115
Iteration 168  lb 3750145 ub 8645139  cores 513 496 3  time 12.9214 327.228
Iteration 169  lb 3750145 ub 8645139  cores 516 499 3  time 13.0267 331.626
Iteration 170  lb 3750145 ub 8645139  cores 519 502 3  time 13.1009 336.81
Iteration 171  lb 3750145 ub 8645139  cores 522 505 3  time 13.1547 341.32
Iteration 172  lb 3750145 ub 8645139  cores 525 508 3  time 13.197 345.85
Iteration 173  lb 3750145 ub 8645139  cores 528 511 3  time 13.2452 350.501
Iteration 174  lb 3750145 ub 8645139  cores 530 513 2  time 13.2867 354.83
Iteration 175  lb 3750145 ub 8645139  cores 533 516 3  time 13.3123 359.399
Iteration 176  lb 3750145 ub 8645139  cores 536 519 3  time 13.3517 364.215
Iteration 177  lb 3750145 ub 8645139  cores 539 522 3  time 13.406 368.654
Iteration 178  lb 3750145 ub 8645139  cores 542 525 3  time 13.5788 373.816
Iteration 179  lb 3750145 ub 8645139  cores 545 528 3  time 13.6151 378.218
Iteration 180  lb 3750145 ub 8645139  cores 548 531 3  time 13.6924 383.439
Iteration 181  lb 3750145 ub 8645139  cores 551 534 3  time 13.7305 388.409
Iteration 182  lb 3750145 ub 8645139  cores 554 536 3  time 13.8039 392.964
Iteration 183  lb 3750145 ub 8645139  cores 556 538 2  time 13.8268 398.018
Iteration 184  lb 3750145 ub 8645139  cores 558 540 2  time 13.8563 402.32
Iteration 185  lb 3750145 ub 8645139  cores 561 543 3  time 13.8796 406.606
Iteration 186  lb 3750145 ub 8645139  cores 563 545 2  time 13.9097 411.821
Iteration 187  lb 3750145 ub 8645139  cores 566 548 3  time 13.9837 417.081
Iteration 188  lb 3750145 ub 8645139  cores 569 551 3  time 14.0204 421.772
Iteration 189  lb 3750145 ub 8645139  cores 572 554 3  time 14.0653 427.275
Iteration 190  lb 3750145 ub 8645139  cores 575 557 3  time 14.1094 432.184
Iteration 191  lb 3750145 ub 8645139  cores 578 560 3  time 14.1666 436.592
Iteration 192  lb 3750145 ub 8645139  cores 581 563 3  time 14.2967 441.234
Iteration 193  lb 3750145 ub 8645139  cores 584 566 3  time 14.3698 446.484
Iteration 194  lb 3750145 ub 8645139  cores 586 568 2  time 14.4053 452.344
Iteration 195  lb 3750146 ub 8645139  cores 588 570 2  time 14.5433 458.241
Iteration 196  lb 3750146 ub 8645139  cores 590 572 2  time 14.6047 463.466
Iteration 197  lb 3750146 ub 8645139  cores 592 574 2  time 14.6309 468.535
Iteration 198  lb 3750146 ub 8645139  cores 594 576 2  time 14.6832 474.463
Iteration 199  lb 3750146 ub 8645139  cores 596 578 2  time 14.8357 479.95
Iteration 200  lb 3750146 ub 8645139  cores 598 580 2  time 14.8947 485.292
Iteration 201  lb 3750146 ub 8645139  cores 600 582 2  time 14.9312 490.795
Iteration 202  lb 3750146 ub 8645139  cores 603 585 3  time 14.9756 495.756
Iteration 203  lb 3750146 ub 8645139  cores 606 588 3  time 15.0473 501.915
Iteration 204  lb 3750146 ub 8645139  cores 609 591 3  time 15.0694 507.48
Iteration 205  lb 3750146 ub 8645139  cores 612 594 3  time 15.1024 512.474
Iteration 206  lb 3750146 ub 8645139  cores 614 596 2  time 15.1903 517.805
Iteration 207  lb 3750146 ub 8645139  cores 617 599 3  time 15.2166 521.008
Iteration 208  lb 3750146 ub 8645139  cores 620 602 3  time 15.2439 526.476
Iteration 209  lb 3750146 ub 8645139  cores 623 605 3  time 15.3176 532.419
Iteration 210  lb 3750146 ub 8645139  cores 625 606 2  time 15.333 537.999
Iteration 211  lb 3750146 ub 8645139  cores 628 609 3  time 15.388 543.353
Iteration 212  lb 3750146 ub 8645139  cores 631 612 3  time 15.471 549.451
Iteration 213  lb 3750146 ub 8645139  cores 633 614 2  time 15.4831 555.781
Iteration 214  lb 3750146 ub 8645139  cores 635 616 2  time 15.5098 561.883
Iteration 215  lb 3750146 ub 8645139  cores 638 619 3  time 15.5342 567.957
Iteration 216  lb 3750146 ub 8645139  cores 640 621 2  time 15.5607 573.175
Iteration 217  lb 3750146 ub 8645139  cores 643 624 3  time 15.6183 579.141
Iteration 218  lb 3750146 ub 8645139  cores 646 627 3  time 15.6893 585.258
Iteration 219  lb 3750146 ub 8645139  cores 648 629 2  time 15.7631 591.923
Iteration 220  lb 3750146 ub 8645139  cores 650 631 2  time 15.8075 598.26
Iteration 221  lb 3750146 ub 8645139  cores 653 634 3  time 15.8959 605.278
Iteration 222  lb 3750146 ub 8645139  cores 656 637 3  time 15.9257 610.881
Iteration 223  lb 3750147 ub 8645139  cores 658 639 2  time 15.9628 617.164
Iteration 224  lb 3750147 ub 8645139  cores 661 642 3  time 16.0313 622.102
Iteration 225  lb 3750147 ub 8645139  cores 664 645 3  time 16.0998 628.236
Iteration 226  lb 3750147 ub 8645139  cores 667 648 3  time 16.1241 633.39
Iteration 227  lb 3750147 ub 8645139  cores 670 651 3  time 16.1744 639.295
Iteration 228  lb 3750147 ub 8645139  cores 673 654 3  time 16.2646 645.549
Iteration 229  lb 3750147 ub 8645139  cores 676 657 3  time 16.3291 650.798
Iteration 230  lb 3750147 ub 8645139  cores 679 660 3  time 16.4477 655.902
Iteration 231  lb 3750147 ub 8645139  cores 682 663 3  time 16.512 661.45
Iteration 232  lb 3750147 ub 8645139  cores 685 666 3  time 16.6938 666.212
Iteration 233  lb 3750147 ub 8645139  cores 687 668 2  time 16.7871 671.556
Iteration 234  lb 3750147 ub 8645139  cores 689 670 2  time 16.8158 676.076
Iteration 235  lb 3750147 ub 8645139  cores 692 673 3  time 16.9044 681.902
Iteration 236  lb 3750147 ub 8645139  cores 694 675 2  time 16.9651 686.277
Iteration 237  lb 3750147 ub 8645139  cores 697 678 3  time 17.0187 692.133
Iteration 238  lb 3750147 ub 8645139  cores 700 681 3  time 17.0809 697.551
Iteration 239  lb 3750147 ub 8645139  cores 703 684 3  time 17.1202 703.303
Iteration 240  lb 3750147 ub 8645139  cores 706 687 3  time 17.2237 709.54
Iteration 241  lb 3750147 ub 8645139  cores 709 690 3  time 17.2793 715.168
Iteration 242  lb 3750147 ub 8645139  cores 712 693 3  time 17.3384 720.222
Iteration 243  lb 3750147 ub 8645139  cores 715 696 3  time 17.3907 725.762
Iteration 244  lb 3750147 ub 8645139  cores 718 699 3  time 17.4443 731.708
Iteration 245  lb 3750148 ub 8645139  cores 721 702 3  time 17.4898 738.556
Iteration 246  lb 3750148 ub 8645139  cores 724 705 3  time 17.5329 744.23
Iteration 247  lb 3750148 ub 8645139  cores 726 707 2  time 17.5693 749.714
Iteration 248  lb 3750148 ub 8645139  cores 728 709 2  time 17.5923 755.636
Iteration 249  lb 3750148 ub 8645139  cores 731 712 3  time 17.6415 761.39
Iteration 250  lb 3750148 ub 8645139  cores 734 715 3  time 17.6994 767.097
Iteration 251  lb 3750148 ub 8645139  cores 736 717 2  time 17.7206 772.828
Iteration 252  lb 3750148 ub 8645139  cores 739 720 3  time 17.8178 778.663
Iteration 253  lb 3750148 ub 8645139  cores 741 722 2  time 17.8437 785.055
Iteration 254  lb 3750148 ub 8645139  cores 744 725 3  time 17.8758 791.931
Iteration 255  lb 3750148 ub 8645139  cores 748 728 4  time 17.9256 798.545
Iteration 256  lb 3750148 ub 8645139  cores 751 731 3  time 17.9852 804.799
Iteration 257  lb 3750148 ub 8645139  cores 754 734 3  time 18.1212 811.786
Iteration 258  lb 3750148 ub 8645139  cores 757 737 3  time 18.1597 817.772
Iteration 259  lb 3750148 ub 8645139  cores 759 739 2  time 18.1846 823.195
Iteration 260  lb 3750148 ub 8645139  cores 762 742 3  time 18.2441 829.146
Iteration 261  lb 3750148 ub 8645139  cores 765 745 3  time 18.311 834.798
Iteration 262  lb 3750148 ub 8645139  cores 768 748 3  time 18.3854 840.031
Iteration 263  lb 3750148 ub 8645139  cores 771 751 3  time 18.4339 845.675
Iteration 264  lb 3750148 ub 8645139  cores 774 754 3  time 18.499 851.309
Iteration 265  lb 3750148 ub 8645139  cores 777 757 3  time 18.5461 856.652
Iteration 266  lb 3750148 ub 8645139  cores 780 760 3  time 18.6368 861.59
Iteration 267  lb 3750148 ub 8645139  cores 783 763 3  time 18.6857 866.696
Iteration 268  lb 3750148 ub 8645139  cores 786 766 3  time 18.7222 872.828
Iteration 269  lb 3750148 ub 8645139  cores 788 768 2  time 18.7526 878.513
Iteration 270  lb 3750148 ub 8645139  cores 790 770 2  time 18.8048 883.817
Iteration 271  lb 3750148 ub 8645139  cores 793 773 3  time 18.8578 888.837
Iteration 272  lb 3750149 ub 8645139  cores 796 776 3  time 18.8805 895.294
Iteration 273  lb 3750149 ub 8645139  cores 798 778 2  time 18.9557 900.901
Iteration 274  lb 3750149 ub 8645139  cores 801 781 3  time 19.0293 906.063
Iteration 275  lb 3750149 ub 8645139  cores 803 783 2  time 19.0495 911.487
Iteration 276  lb 3750149 ub 8645139  cores 806 786 3  time 19.0734 916.4
Iteration 277  lb 3750149 ub 8645139  cores 808 788 2  time 19.0999 921.767
Iteration 278  lb 3750149 ub 8645139  cores 811 791 3  time 19.125 927.149
Iteration 279  lb 3750149 ub 8645139  cores 814 794 3  time 19.2124 932.557
Iteration 280  lb 3750149 ub 8645139  cores 816 796 2  time 19.2282 938.039
Iteration 281  lb 3750149 ub 8645139  cores 818 798 2  time 19.2588 944.219
Iteration 282  lb 3750149 ub 8645139  cores 821 801 3  time 19.3315 950.102
Iteration 283  lb 3750149 ub 8645139  cores 824 804 3  time 19.4302 956.718
Iteration 284  lb 3750149 ub 8645139  cores 827 807 3  time 19.4788 963.291
Iteration 285  lb 3750149 ub 8645139  cores 830 809 3  time 19.5442 968.824
Iteration 286  lb 3750149 ub 8645139  cores 832 811 2  time 19.5698 975.539
Iteration 287  lb 3750149 ub 8645139  cores 835 814 3  time 19.6011 982.375
Iteration 288  lb 3750149 ub 8645139  cores 838 817 3  time 19.6581 987.776
Iteration 289  lb 3750149 ub 8645139  cores 840 819 2  time 19.677 994.219
Iteration 290  lb 3750149 ub 8645139  cores 843 822 3  time 19.7579 999.346
Iteration 291  lb 3750149 ub 8645139  cores 845 824 2  time 19.7923 1005.65
Iteration 292  lb 3750149 ub 8645139  cores 847 826 2  time 19.8133 1011.03
Iteration 293  lb 3750149 ub 8645139  cores 850 828 3  time 19.858 1017.27
Iteration 294  lb 3750149 ub 8645139  cores 852 830 2  time 19.908 1021.89
Iteration 295  lb 3750149 ub 8645139  cores 854 832 2  time 19.9281 1027.23
Iteration 296  lb 3750149 ub 8645139  cores 858 835 4  time 19.9557 1033.77
Iteration 297  lb 3750149 ub 8645139  cores 861 838 3  time 20.0196 1040.41
Iteration 298  lb 3750149 ub 8645139  cores 864 841 3  time 20.0584 1045.74
Iteration 299  lb 3750149 ub 8645139  cores 867 844 3  time 20.0921 1051.63
Iteration 300  lb 3750149 ub 8645139  cores 869 846 2  time 20.1083 1058.25
Iteration 301  lb 3750149 ub 8645139  cores 871 847 2  time 20.1489 1065.49
Iteration 302  lb 3750149 ub 8645139  cores 874 850 3  time 20.1965 1071.89
Iteration 303  lb 3750149 ub 8645139  cores 877 853 3  time 20.2371 1077.97
Iteration 304  lb 3750149 ub 8645139  cores 879 855 2  time 20.2801 1084.13
Iteration 305  lb 3750150 ub 8645139  cores 882 858 3  time 20.3234 1091.44
Iteration 306  lb 3750150 ub 8645139  cores 885 859 3  time 20.3864 1097.98
Iteration 307  lb 3750150 ub 8645139  cores 888 862 3  time 20.4135 1105.37
Iteration 308  lb 3750150 ub 8645139  cores 891 865 3  time 20.4642 1112.1
Iteration 309  lb 3750150 ub 8645139  cores 894 868 3  time 20.5173 1118.86
Iteration 310  lb 3750150 ub 8645139  cores 897 871 3  time 20.5872 1125.43
Iteration 311  lb 3750150 ub 8645139  cores 900 874 3  time 20.6314 1132.42
Iteration 312  lb 3750150 ub 8645139  cores 903 877 3  time 20.6768 1141.29
Iteration 313  lb 3750150 ub 8645139  cores 905 879 2  time 20.7068 1147.34
Iteration 314  lb 3750150 ub 8645139  cores 908 882 3  time 20.7896 1153.07
Iteration 315  lb 3750150 ub 8645139  cores 911 884 3  time 20.8443 1159.97
Iteration 316  lb 3750150 ub 8645139  cores 914 887 3  time 20.8968 1166.78
Iteration 317  lb 3750150 ub 8645139  cores 917 890 3  time 20.9317 1173.93
Iteration 318  lb 3750150 ub 8645139  cores 919 892 2  time 20.9595 1181.08
Iteration 319  lb 3750150 ub 8645139  cores 921 894 2  time 20.9961 1187.22
Iteration 320  lb 3750150 ub 8645139  cores 924 897 3  time 21.0433 1193.68
Iteration 321  lb 3750150 ub 8645139  cores 927 900 3  time 21.1079 1200.69
Iteration 322  lb 3750150 ub 8645139  cores 930 903 3  time 21.1453 1208.48
Iteration 323  lb 3750150 ub 8645139  cores 932 905 2  time 21.1815 1215.47
Iteration 324  lb 3750150 ub 8645139  cores 935 908 3  time 21.2279 1223.57
Iteration 325  lb 3750150 ub 8645139  cores 938 911 3  time 21.2855 1230.58
Iteration 326  lb 3750150 ub 8645139  cores 940 913 2  time 21.3119 1238.53
Iteration 327  lb 3750150 ub 8645139  cores 942 914 2  time 21.3282 1245.52
Iteration 328  lb 3750150 ub 8645139  cores 945 916 3  time 21.3726 1253.02
Iteration 329  lb 3750150 ub 8645139  cores 947 918 2  time 21.4012 1260.12
Iteration 330  lb 3750150 ub 8645139  cores 950 921 3  time 21.4417 1268.46
Iteration 331  lb 3750150 ub 8645139  cores 953 924 3  time 21.5 1277.23
Iteration 332  lb 3750150 ub 8645139  cores 956 927 3  time 21.5273 1286.21
Iteration 333  lb 3750150 ub 8645139  cores 959 930 3  time 21.5512 1293.74
Iteration 334  lb 3750150 ub 8645139  cores 961 932 2  time 21.5822 1300
Iteration 335  lb 3750150 ub 8645139  cores 964 935 3  time 21.6419 1315.89
Iteration 336  lb 3750150 ub 8645139  cores 967 937 3  time 21.6827 1323.87
Iteration 337  lb 3750150 ub 8645139  cores 970 939 3  time 21.7239 1339.88
Iteration 338  lb 3750150 ub 8645139  cores 972 941 2  time 21.7542 1366.24
Iteration 339  lb 3750150 ub 8645139  cores 974 943 2  time 21.776 1387.98
Iteration 340  lb 3750150 ub 8645139  cores 977 946 3  time 21.7984 1404.59
Iteration 341  lb 3750150 ub 8645139  cores 980 949 3  time 21.8448 1432.97
Iteration 342  lb 3750150 ub 8645139  cores 983 952 3  time 21.9341 1460.24
Iteration 343  lb 3750151 ub 8645139  cores 986 955 3  time 21.9815 1487.16
Iteration 344  lb 3750151 ub 8645139  cores 988 957 2  time 22.0006 1512.02
Iteration 345  lb 3750151 ub 8645139  cores 990 959 2  time 22.0323 1537.44
Iteration 346  lb 3750151 ub 8645139  cores 992 960 2  time 22.0518 1562.79
Iteration 347  lb 3750151 ub 8645139  cores 995 963 3  time 22.0816 1590.23
Iteration 348  lb 3750151 ub 8645139  cores 998 966 3  time 22.1376 1616.12
Iteration 349  lb 3750151 ub 8645139  cores 1001 969 3  time 22.1734 1641
Iteration 350  lb 3750151 ub 8645139  cores 1003 971 2  time 22.2095 1667.77
Iteration 351  lb 3750151 ub 8645139  cores 1006 974 3  time 22.2468 1692.91
Iteration 352  lb 3750151 ub 8645139  cores 1008 976 2  time 22.3088 1717.75
Iteration 353  lb 3750151 ub 8645139  cores 1011 978 3  time 22.3547 1743.89
Iteration 354  lb 3750151 ub 8645139  cores 1014 981 3  time 22.4002 1768.7
Iteration 355  lb 3750151 ub 8645139  cores 1016 983 2  time 22.425 1794.01
Iteration 356  lb 3750151 ub 8645139  cores 1018 985 2  time 22.4632 1818.66
Iteration 357  lb 3750151 ub 8645139  cores 1021 987 3  time 22.4922 1844.11
Iteration 358  lb 3750151 ub 8645139  cores 1024 990 3  time 23.0075 1870.28
Iteration 359  lb 3750151 ub 8645139  cores 1027 993 3  time 23.0567 1894.86
Iteration 360  lb 3750151 ub 8645139  cores 1030 996 3  time 23.1103 1917.97
Iteration 361  lb 3750151 ub 8645139  cores 1033 999 3  time 23.1663 1942.26
Iteration 362  lb 3750151 ub 8645139  cores 1036 1002 3  time 23.2101 1962.72
Iteration 363  lb 3750151 ub 8645139  cores 1039 1005 3  time 23.2494 1991.02
Iteration 364  lb 3750151 ub 8645139  cores 1042 1006 3  time 23.281 2014.26
Iteration 365  lb 3750151 ub 8645139  cores 1045 1009 3  time 23.3076 2036.04
Iteration 366  lb 3750151 ub 8645139  cores 1048 1012 3  time 23.3562 2063.57
Iteration 367  lb 3750151 ub 8645139  cores 1051 1015 3  time 23.3889 2084.31
Iteration 368  lb 3750151 ub 8645139  cores 1054 1018 3  time 23.4351 2104.96
Iteration 369  lb 3750151 ub 8645139  cores 1057 1021 3  time 23.4766 2126.84
Iteration 370  lb 3750151 ub 8645139  cores 1060 1024 3  time 23.5389 2151.66
Iteration 371  lb 3750151 ub 8645139  cores 1063 1027 3  time 23.5876 2161.63
Iteration 372  lb 3750151 ub 8645139  cores 1066 1029 3  time 23.6328 2174.22
Iteration 373  lb 3750151 ub 8645139  cores 1069 1032 3  time 23.6824 2195.93
Iteration 374  lb 3750151 ub 8645139  cores 1072 1035 3  time 23.7765 2207.12
Iteration 375  lb 3750151 ub 8645139  cores 1074 1037 2  time 23.7957 2217.61
Iteration 376  lb 3750151 ub 8645139  cores 1076 1039 2  time 23.8104 2230.05
Iteration 377  lb 3750151 ub 8645139  cores 1079 1042 3  time 23.8545 2241.63
Iteration 378  lb 3750151 ub 8645139  cores 1082 1045 3  time 23.8816 2253.64
Iteration 379  lb 3750151 ub 8645139  cores 1085 1048 3  time 23.93 2265.07
Iteration 380  lb 3750151 ub 8645139  cores 1088 1051 3  time 24.0404 2277.23
Iteration 381  lb 3750151 ub 8645139  cores 1090 1053 2  time 24.0752 2288.72
Iteration 382  lb 3750151 ub 8645139  cores 1092 1055 2  time 24.1136 2300.72
Iteration 383  lb 3750151 ub 8645139  cores 1095 1058 3  time 24.1577 2311.85
Iteration 384  lb 3750151 ub 8645139  cores 1098 1061 3  time 24.1927 2324.14
Iteration 385  lb 3750151 ub 8645139  cores 1101 1064 3  time 24.2652 2335.8
Iteration 386  lb 3750151 ub 8645139  cores 1104 1066 3  time 24.3122 2347.23
Iteration 387  lb 3750151 ub 8645139  cores 1106 1068 2  time 24.3342 2358.72
Iteration 388  lb 3750151 ub 8645139  cores 1109 1071 3  time 24.4126 2368.85
Iteration 389  lb 3750151 ub 8645139  cores 1112 1074 3  time 24.4405 2380.42
Iteration 390  lb 3750151 ub 8645139  cores 1115 1077 3  time 24.4773 2391.8
Iteration 391  lb 3750151 ub 8645139  cores 1117 1079 2  time 24.4903 2402.14
Iteration 392  lb 3750151 ub 8645139  cores 1120 1082 3  time 24.5794 2412.07
Iteration 393  lb 3750151 ub 8645139  cores 1123 1085 3  time 24.6219 2423
Iteration 394  lb 3750151 ub 8645139  cores 1126 1088 3  time 24.7129 2433.36
Iteration 395  lb 3750151 ub 8645139  cores 1129 1091 3  time 24.7659 2445.9
Iteration 396  lb 3750151 ub 8645139  cores 1132 1094 3  time 24.8008 2459.32
Iteration 397  lb 3750151 ub 8645139  cores 1135 1097 3  time 24.8506 2471.39
Iteration 398  lb 3750151 ub 8645139  cores 1138 1100 3  time 24.9262 2482.5
Iteration 399  lb 3750151 ub 8645139  cores 1140 1102 2  time 24.9489 2493.81
Iteration 400  lb 3750151 ub 8645139  cores 1143 1105 3  time 25.0847 2519.39
Iteration 401  lb 3750151 ub 8645139  cores 1146 1108 3  time 25.1467 2531.45
Iteration 402  lb 3750151 ub 8645139  cores 1148 1110 2  time 25.1787 2543.47
Iteration 403  lb 3750151 ub 8645139  cores 1151 1113 3  time 25.2316 2554.6
Iteration 404  lb 3750151 ub 8645139  cores 1154 1116 3  time 25.3137 2565.58
Iteration 405  lb 3750151 ub 8645139  cores 1157 1119 3  time 25.3576 2577.05
Iteration 406  lb 3750151 ub 8645139  cores 1159 1121 2  time 25.3897 2589.04
Iteration 407  lb 3750151 ub 8645139  cores 1162 1124 3  time 25.4277 2600.7
Iteration 408  lb 3750151 ub 8645139  cores 1165 1127 3  time 25.4673 2613.05
Iteration 409  lb 3750151 ub 8645139  cores 1168 1130 3  time 25.5028 2624.81
Iteration 410  lb 3750151 ub 8645139  cores 1171 1133 3  time 25.5318 2635.91
Iteration 411  lb 3750151 ub 8645139  cores 1174 1136 3  time 25.582 2665.75
Iteration 412  lb 3750151 ub 8645139  cores 1176 1138 2  time 25.6027 2677.44
Iteration 413  lb 3750151 ub 8645139  cores 1179 1141 3  time 25.6364 2690.47
Iteration 414  lb 3750151 ub 8645139  cores 1182 1144 3  time 25.6941 2702.52
Iteration 415  lb 3750151 ub 8645139  cores 1185 1147 3  time 25.7336 2728.73
Iteration 416  lb 3750151 ub 8645139  cores 1188 1150 3  time 25.7773 2760.34
Iteration 417  lb 3750151 ub 8645139  cores 1191 1152 3  time 25.9034 2771.83
Iteration 418  lb 3750151 ub 8645139  cores 1194 1155 3  time 25.9461 2803.71
Iteration 419  lb 3750151 ub 8645139  cores 1196 1157 2  time 25.997 2815.71
Iteration 420  lb 3750152 ub 8645139  cores 1200 1160 4  time 26.1607 2827.21
Iteration 421  lb 3750152 ub 8645139  cores 1203 1163 3  time 26.2111 2839.74
Iteration 422  lb 3750152 ub 8645139  cores 1206 1166 3  time 26.2418 2852.56
Iteration 423  lb 3750152 ub 8645139  cores 1209 1169 3  time 26.3008 2864.01
Iteration 424  lb 3750152 ub 8645139  cores 1212 1172 3  time 26.3272 2875.98
Iteration 425  lb 3750152 ub 8645139  cores 1216 1176 4  time 26.3738 2888.13
Iteration 426  lb 3750152 ub 8645139  cores 1219 1179 3  time 26.4184 2899.43
Iteration 427  lb 3750152 ub 8645139  cores 1222 1182 3  time 26.4912 2911.92
Iteration 428  lb 3750152 ub 8645139  cores 1224 1184 2  time 26.5443 2923.98
Iteration 429  lb 3750152 ub 8645139  cores 1227 1187 3  time 26.5792 2935.13
Iteration 430  lb 3750152 ub 8645139  cores 1230 1190 3  time 26.6227 2947.37
Iteration 431  lb 3750152 ub 8645139  cores 1232 1192 2  time 26.6391 2958.14
Iteration 432  lb 3750152 ub 8645139  cores 1235 1195 3  time 26.672 2970.85
Iteration 433  lb 3750152 ub 8645139  cores 1238 1198 3  time 26.7032 2982.09
Iteration 434  lb 3750152 ub 8645139  cores 1241 1201 3  time 26.7364 2993.08
Iteration 435  lb 3750152 ub 8645139  cores 1244 1204 3  time 26.7955 3005.58
Iteration 436  lb 3750152 ub 8645139  cores 1247 1207 3  time 26.8383 3016.81
Iteration 437  lb 3750152 ub 8645139  cores 1249 1209 2  time 26.8608 3028.85
Iteration 438  lb 3750152 ub 8645139  cores 1252 1212 3  time 26.8915 3040.63
Iteration 439  lb 3750152 ub 8645139  cores 1255 1215 3  time 26.9187 3051.88
Iteration 440  lb 3750152 ub 8645139  cores 1258 1218 3  time 26.9717 3065.79
Iteration 441  lb 3750152 ub 8645139  cores 1261 1220 3  time 27.0096 3077.04
Iteration 442  lb 3750152 ub 8645139  cores 1264 1223 3  time 27.0357 3088.83
Iteration 443  lb 3750152 ub 8645139  cores 1267 1226 3  time 27.1071 3100.38
Iteration 444  lb 3750152 ub 8645139  cores 1270 1229 3  time 27.1344 3112.17
Iteration 445  lb 3750152 ub 8645139  cores 1273 1232 3  time 27.203 3124.79
Iteration 446  lb 3750152 ub 8645139  cores 1275 1234 2  time 27.2378 3136.92
Iteration 447  lb 3750152 ub 8645139  cores 1278 1237 3  time 27.2902 3148.48
Iteration 448  lb 3750152 ub 8645139  cores 1281 1240 3  time 27.3566 3160.66
Iteration 449  lb 3750152 ub 8645139  cores 1284 1242 3  time 27.384 3172.26
Iteration 450  lb 3750152 ub 8645139  cores 1287 1245 3  time 27.4315 3183.74
Iteration 451  lb 3750152 ub 8645139  cores 1290 1248 3  time 27.4575 3195.62
Iteration 452  lb 3750152 ub 8645139  cores 1292 1250 2  time 27.4711 3208.66
Iteration 453  lb 3750152 ub 8645139  cores 1295 1253 3  time 27.4995 3219.13
Iteration 454  lb 3750152 ub 8645139  cores 1299 1257 4  time 27.534 3231.44
Iteration 455  lb 3750152 ub 8645139  cores 1302 1260 3  time 27.5737 3244.58
Iteration 456  lb 3750153 ub 8645139  cores 1305 1263 3  time 27.6418 3283.75
Iteration 457  lb 3750153 ub 8645139  cores 1307 1265 2  time 27.7032 3321.35
Iteration 458  lb 3750153 ub 8645139  cores 1310 1268 3  time 27.7296 3359.58
Iteration 459  lb 3750153 ub 8645139  cores 1312 1270 2  time 27.777 3399.05
Iteration 460  lb 3750153 ub 8645139  cores 1315 1273 3  time 27.8206 3433.87
Iteration 461  lb 3750153 ub 8645139  cores 1318 1275 3  time 27.8516 3475.09
Iteration 462  lb 3750153 ub 8645139  cores 1320 1277 2  time 27.8771 3515.54
Iteration 463  lb 3750153 ub 8645139  cores 1322 1279 2  time 27.9494 3558.14
