lb 4006066 ub 20191168 before adjustment
lb 0 ub 16185102 after adjustment
costs ready
38 variables 672 functions 4006066 lb, 16185102 ub
Iteration 0  HV  cores 14 14 14  time 11.7322 0 0.014787
Iteration 1 MHV  lb 4006085 ub 20191167  time 11.7385 0.233442 0.014787
Iteration 2  HV  cores 27 26 13  time 21.2519 0.233442 0.154998
Iteration 3 MHV  lb 4006090 ub 11609061  time 21.2594 0.505777 0.154998
Iteration 4  HV  cores 40 39 13  time 44.0222 0.505777 1.21702
Iteration 5 MHV  lb 4006120 ub 9094534  time 44.0323 0.800567 1.21702
Iteration 6  HV  cores 53 52 13  time 50.589 0.800567 2.54447
Iteration 7 MHV  lb 4006151 ub 7166210  time 50.5971 1.09843 2.54447
Iteration 8  HV  cores 66 65 13  time 61.9667 1.09843 3.94276
Iteration 9  HV  cores 76 75 10  time 77.9697 1.09843 5.33845
Iteration 10 MHV  lb 4006181 ub 5705385  time 77.9811 1.41278 5.33845
Iteration 11  HV  cores 90 89 14  time 105.501 1.41278 6.80731
Iteration 12  HV  cores 96 95 6  time 121.047 1.41278 8.25106
Iteration 13  HV  cores 99 98 3  time 122.669 1.41278 9.70057
Iteration 14  HV  cores 101 100 2  time 123.005 1.41278 11.1497
Iteration 15  HV  cores 103 102 2  time 123.51 1.41278 12.5983
Iteration 16  HV  cores 104 103 1  time 123.742 1.41278 14.046
Iteration 17  HV  cores 105 104 1  time 123.906 1.41278 15.4944
Iteration 18  HV  cores 106 105 1  time 124.155 1.41278 16.9426
Iteration 19  HV  cores 107 106 1  time 124.397 1.41278 18.3924
Iteration 20  HV  cores 108 107 1  time 124.719 1.41278 19.8423
Iteration 21  HV  cores 109 108 1  time 124.83 1.41278 21.2935
Iteration 22  HV  cores 110 109 1  time 124.918 1.41278 22.7444
Iteration 23 MHV  lb 4006212 ub 4914700  time 124.929 1.84647 22.7444
Iteration 24  HV  cores 121 120 11  time 141.131 1.84647 24.2475
Iteration 25  HV  cores 125 124 4  time 147.024 1.84647 25.7791
Iteration 26  HV  cores 131 130 6  time 159.463 1.84647 27.2996
Iteration 27  HV  cores 135 134 4  time 199.865 1.84647 28.9486
Iteration 28  HV  cores 139 138 4  time 208.168 1.84647 30.5576
Iteration 29  HV  cores 141 140 2  time 208.88 1.84647 32.1389
Iteration 30  HV  cores 142 141 1  time 209.089 1.84647 33.7253
Iteration 31  HV  cores 143 142 1  time 209.542 1.84647 35.3152
Iteration 32  HV  cores 144 143 1  time 209.934 1.84647 36.9048
Iteration 33  HV  cores 145 144 1  time 210.529 1.84647 38.4952
Iteration 34  HV  cores 147 146 2  time 211.421 1.84647 40.0871
Iteration 35  HV  cores 148 147 1  time 211.87 1.84647 41.6798
Iteration 36  HV  cores 149 148 1  time 212.082 1.84647 43.2729
Iteration 37  HV  cores 150 149 1  time 212.542 1.84647 44.8661
Iteration 38  HV  cores 151 150 1  time 212.615 1.84647 46.453
Iteration 39  HV  cores 152 151 1  time 212.658 1.84647 48.039
Iteration 40  HV  cores 153 152 1  time 212.701 1.84647 49.6274
Iteration 41  HV  cores 154 153 1  time 212.736 1.84647 51.2219
Iteration 42  HV  cores 155 154 1  time 213.202 1.84647 52.8112
Iteration 43  HV  cores 156 155 1  time 213.293 1.84647 54.4035
Iteration 44  HV  cores 158 157 2  time 214.357 1.84647 56.0022
Iteration 45  HV  cores 159 158 1  time 215.06 1.84647 57.608
Iteration 46  HV  cores 161 160 2  time 215.241 1.84647 59.2138
Iteration 47  HV  cores 162 161 1  time 215.624 1.84647 60.8189
Iteration 48  HV  cores 163 162 1  time 215.945 1.84647 62.4257
Iteration 49  HV  cores 164 163 1  time 215.992 1.84647 64.0347
Iteration 50  HV  cores 165 164 1  time 216.057 1.84647 65.6439
Iteration 51  HV  cores 167 165 2  time 216.275 1.84647 67.2539
Iteration 52  HV  cores 168 166 1  time 216.299 1.84647 68.8638
Iteration 53  HV  cores 169 167 1  time 216.377 1.84647 70.4751
Iteration 54  HV  cores 170 168 1  time 216.515 1.84647 72.0866
Iteration 55  HV  cores 171 169 1  time 216.552 1.84647 73.699
Iteration 56  HV  cores 172 170 1  time 216.601 1.84647 75.3108
Iteration 57  HV  cores 173 171 1  time 216.63 1.84647 76.9242
Iteration 58  HV  cores 174 172 1  time 216.678 1.84647 78.538
Iteration 59  HV  cores 175 173 1  time 216.723 1.84647 80.153
Iteration 60  HV  cores 176 174 1  time 216.754 1.84647 81.769
Iteration 61  HV  cores 177 173 1  time 216.796 1.84647 83.3835
Iteration 62  HV  cores 178 174 1  time 216.83 1.84647 85
Iteration 63  HV  cores 179 175 1  time 216.863 1.84647 86.6159
Iteration 64  HV  cores 180 176 1  time 216.903 1.84647 88.2324
Iteration 65  HV  cores 181 176 1  time 216.938 1.84647 89.8484
Iteration 66  HV  cores 182 176 1  time 216.976 1.84647 91.4661
Iteration 67  HV  cores 183 177 1  time 217.004 1.84647 93.0828
Iteration 68  HV  cores 184 178 1  time 217.033 1.84647 94.7026
Iteration 69  HV  cores 185 179 1  time 217.061 1.84647 96.3236
Iteration 70  HV  cores 186 180 1  time 217.093 1.84647 97.9444
Iteration 71  HV  cores 187 180 1  time 217.126 1.84647 99.5651
Iteration 72  HV  cores 188 180 1  time 217.159 1.84647 101.187
Iteration 73  HV  cores 189 180 1  time 217.191 1.84647 102.817
Iteration 74 MHV  lb 4006280 ub 4325518  time 217.198 3.00408 102.817
Iteration 75  HV  cores 199 190 10  time 226.328 3.00408 104.494
Iteration 76  HV  cores 206 197 7  time 243.851 3.00408 106.163
Iteration 77 MHV  lb 4006303 ub 4323499  time 243.885 6.29182 106.163
Iteration 78  HV  cores 216 207 10  time 259.201 6.29182 107.844
Iteration 79  HV  cores 220 211 4  time 263.729 6.29182 109.506
Iteration 80 MHV  lb 4006307 ub 4322862  time 263.754 9.70118 109.506
Iteration 81  HV  cores 230 221 10  time 285.896 9.70118 111.221
Iteration 82  HV  cores 235 226 5  time 317.258 9.70118 112.904
Iteration 83 MHV  lb 4006325 ub 4322857  time 317.292 15.2342 112.904
Iteration 84  HV  cores 245 236 10  time 331.31 15.2342 114.595
Iteration 85  HV  cores 249 240 4  time 335.316 15.2342 116.253
Iteration 86  HV  cores 251 242 2  time 335.823 15.2342 117.95
Iteration 87  HV  cores 253 244 2  time 336.219 15.2342 119.625
Iteration 88 MHV  lb 4006343 ub 4322856  time 336.228 20.1503 119.625
Iteration 89  HV  cores 265 256 12  time 347.091 20.1503 121.343
Iteration 90  HV  cores 268 259 3  time 350.728 20.1503 123.041
Iteration 91  HV  cores 269 260 1  time 350.834 20.1503 124.727
Iteration 92 MHV  lb 4006347 ub 4322855  time 350.841 25.1542 124.727
Iteration 93  HV  cores 279 270 10  time 363.656 25.1542 126.446
Iteration 94 MHV  lb 4006351 ub 4314048  time 363.682 29.9418 126.446
Iteration 95  HV  cores 292 283 13  time 382.33 29.9418 128.181
Iteration 96 MHV  lb 4006360 ub 4313810  time 382.345 36.6541 128.181
Iteration 97  HV  cores 304 294 12  time 392.279 36.6541 129.907
Iteration 98 MHV  lb 4006366 ub 4313242  time 392.291 44.3639 129.907
Iteration 99  HV  cores 316 306 12  time 425.964 44.3639 131.612
Iteration 100 MHV  lb 4006374 ub 4313241  time 425.977 54.7756 131.612
Iteration 101  HV  cores 328 318 12  time 445.599 54.7756 133.362
Iteration 102 MHV  lb 4006385 ub 4307620  time 445.631 63.4917 133.362
Iteration 103  HV  cores 339 329 11  time 456.216 63.4917 135.095
Iteration 104 MHV  lb 4006393 ub 4305983  time 456.227 81.2436 135.095
Iteration 105  HV  cores 351 341 12  time 467.567 81.2436 136.819
Iteration 106  HV  cores 354 344 3  time 468.133 81.2436 138.534
Iteration 107  HV  cores 355 345 1  time 468.414 81.2436 140.255
Iteration 108 MHV  lb 4006409 ub 4305982  time 468.421 104.348 140.255
Iteration 109  HV  cores 366 356 11  time 475.938 104.348 141.998
Iteration 110 MHV  lb 4006412 ub 4292396  time 475.953 127.759 141.998
Iteration 111  HV  cores 376 366 10  time 486.722 127.759 143.743
Iteration 112 MHV  lb 4006413 ub 4290705  time 486.734 145.925 143.743
Iteration 113  HV  cores 386 376 10  time 504.43 145.925 145.497
Iteration 114  HV  cores 398 388 12  time 520.807 145.925 147.247
Iteration 115  HV  cores 408 398 10  time 533.838 145.925 148.987
Iteration 116 MHV  lb 4006419 ub 4290704  time 533.85 288.883 148.987
Iteration 117  HV  cores 420 410 12  time 550.275 288.883 150.772
Iteration 118  HV  cores 422 412 2  time 550.602 288.883 152.531
Iteration 119 MHV  lb 4006425 ub 4280032  time 550.612 445.155 152.531
Iteration 120  HV  cores 432 422 10  time 562.964 445.155 154.315
Iteration 121  HV  cores 433 423 1  time 563.263 445.155 156.081
Iteration 122 MHV  lb 4006430 ub 4278425  time 563.271 617.354 156.081
Iteration 123  HV  cores 446 436 13  time 585.105 617.354 157.85
Iteration 124 MHV  lb 4006436 ub 4278421  time 585.123 824.265 157.85
Iteration 125  HV  cores 458 448 12  time 597.607 824.265 159.621
Iteration 126  HV  cores 459 449 1  time 597.702 824.265 161.377
Iteration 127  HV  cores 460 450 1  time 597.785 824.265 163.111
Iteration 128  HV  cores 462 452 2  time 598.302 824.265 164.846
Iteration 129 MHV  lb 4006440 ub 4278420  time 598.313 1100.3 164.846
Iteration 130  HV  cores 474 464 12  time 620.771 1100.3 166.627
Iteration 131 MHV  lb 4006446 ub 4277075  time 620.792 1420.56 166.627
Iteration 132  HV  cores 486 476 12  time 640.902 1420.56 168.413
Iteration 133  HV  cores 496 486 10  time 652.327 1420.56 170.162
Iteration 134 MHV  lb 4006454 ub 4277074  time 652.338 1714.79 170.162
Iteration 135  HV  cores 508 498 12  time 683.209 1714.79 171.958
Iteration 136  HV  cores 520 510 12  time 698.736 1714.79 173.73
Iteration 137 MHV  lb 4006463 ub 4273272  time 698.748 1996.48 173.73
Iteration 138  HV  cores 531 521 11  time 731.535 1996.48 175.515
Iteration 139  HV  cores 543 533 12  time 776.523 1996.48 177.278
