lb 2902974 ub 24064097 before adjustment
lb 0 ub 21161123 after adjustment
costs ready
34 variables 483 functions 2902974 lb, 21161123 ub
Iteration 0  HV  cores 8 8 8  time 3.06682 0 0.121898
Iteration 1 MHV  lb 2902986 ub 15191670  time 3.07347 0.246273 0.121898
Iteration 2  HV  cores 16 16 8  time 11.3619 0.246273 1.25778
Iteration 3 MHV  lb 2902994 ub 10502014  time 11.3683 0.523151 1.25778
Iteration 4  HV  cores 24 23 8  time 30.0363 0.523151 2.683
Iteration 5  HV  cores 30 29 6  time 34.6891 0.523151 4.10392
Iteration 6 MHV  lb 2903033 ub 7375512  time 34.6951 0.823473 4.10392
Iteration 7  HV  cores 37 36 7  time 39.079 0.823473 5.63078
Iteration 8  HV  cores 41 40 4  time 53.9325 0.823473 7.13302
Iteration 9 MHV  lb 2903055 ub 5606856  time 53.9411 1.13455 7.13302
Iteration 10  HV  cores 48 47 7  time 62.6534 1.13455 8.67973
Iteration 11  HV  cores 52 51 4  time 77.5199 1.13455 10.2112
Iteration 12 MHV  lb 2903170 ub 4691639  time 77.5304 1.52119 10.2112
Iteration 13  HV  cores 59 58 7  time 109.331 1.52119 11.7911
Iteration 14  HV  cores 61 60 2  time 114.417 1.52119 13.368
Iteration 15 MHV  lb 2903173 ub 3967075  time 114.425 1.88002 13.368
Iteration 16  HV  cores 68 67 7  time 123.958 1.88002 14.9644
Iteration 17  HV  cores 70 69 2  time 126.321 1.88002 16.554
Iteration 18  HV  cores 71 70 1  time 126.389 1.88002 18.1444
Iteration 19  HV  cores 72 71 1  time 126.452 1.88002 19.7209
Iteration 20  HV  cores 73 72 1  time 126.596 1.88002 21.3121
Iteration 21  HV  cores 74 73 1  time 126.663 1.88002 22.9032
Iteration 22  HV  cores 75 74 1  time 126.773 1.88002 24.4932
Iteration 23  HV  cores 76 75 1  time 126.889 1.88002 26.0862
Iteration 24  HV  cores 77 76 1  time 126.94 1.88002 27.6748
Iteration 25  HV  cores 78 77 1  time 127.075 1.88002 29.2649
Iteration 26  HV  cores 79 78 1  time 127.302 1.88002 30.8572
Iteration 27  HV  cores 80 79 1  time 127.406 1.88002 32.4524
Iteration 28  HV  cores 81 80 1  time 127.543 1.88002 34.0492
Iteration 29 MHV  lb 2903227 ub 3389549  time 127.549 2.26548 34.0492
Iteration 30  HV  cores 88 87 7  time 134.072 2.26548 35.688
Iteration 31  HV  cores 89 88 1  time 135.217 2.26548 37.3821
Iteration 32  HV  cores 91 90 2  time 138.461 2.26548 39.0689
Iteration 33  HV  cores 92 91 1  time 139.268 2.26548 40.7487
Iteration 34  HV  cores 94 93 2  time 141.182 2.26548 42.4304
Iteration 35  HV  cores 96 95 2  time 142.479 2.26548 44.1093
Iteration 36  HV  cores 97 96 1  time 142.923 2.26548 45.7903
Iteration 37  HV  cores 98 97 1  time 143.381 2.26548 47.4723
Iteration 38  HV  cores 100 99 2  time 144.029 2.26548 49.1634
Iteration 39  HV  cores 101 100 1  time 144.055 2.26548 50.8532
Iteration 40  HV  cores 102 101 1  time 144.135 2.26548 52.5441
Iteration 41  HV  cores 103 101 1  time 144.201 2.26548 54.2369
Iteration 42  HV  cores 104 101 1  time 144.324 2.26548 55.9295
Iteration 43  HV  cores 105 102 1  time 144.386 2.26548 57.6239
Iteration 44  HV  cores 106 103 1  time 144.411 2.26548 59.3193
Iteration 45  HV  cores 107 103 1  time 144.439 2.26548 61.0119
Iteration 46  HV  cores 108 104 1  time 144.461 2.26548 62.7086
Iteration 47  HV  cores 109 104 1  time 144.488 2.26548 64.4011
Iteration 48  HV  cores 110 105 1  time 144.558 2.26548 66.0953
Iteration 49  HV  cores 111 105 1  time 144.624 2.26548 67.7916
Iteration 50  HV  cores 112 105 1  time 144.69 2.26548 69.4872
Iteration 51  HV  cores 113 106 1  time 144.761 2.26548 71.1838
Iteration 52  HV  cores 114 107 1  time 144.814 2.26548 72.8818
Iteration 53  HV  cores 115 108 1  time 144.876 2.26548 74.5788
Iteration 54  HV  cores 116 107 1  time 144.942 2.26548 76.2762
Iteration 55  HV  cores 117 107 1  time 145.003 2.26548 77.9741
Iteration 56  HV  cores 118 108 1  time 145.083 2.26548 79.6727
Iteration 57  HV  cores 119 109 1  time 145.149 2.26548 81.3721
Iteration 58  HV  cores 120 109 1  time 145.193 2.26548 83.075
Iteration 59  HV  cores 121 109 1  time 145.261 2.26548 84.7739
Iteration 60  HV  cores 122 110 1  time 145.342 2.26548 86.4716
Iteration 61  HV  cores 123 110 1  time 145.414 2.26548 88.1704
Iteration 62  HV  cores 124 110 1  time 145.482 2.26548 89.8691
Iteration 63  HV  cores 125 109 1  time 145.524 2.26548 91.567
Iteration 64  HV  cores 126 110 1  time 145.548 2.26548 93.2672
Iteration 65  HV  cores 127 109 1  time 145.57 2.26548 94.967
Iteration 66  HV  cores 128 110 1  time 145.627 2.26548 96.6673
Iteration 67  HV  cores 129 110 1  time 145.689 2.26548 98.3683
Iteration 68  HV  cores 130 111 1  time 145.73 2.26548 100.071
Iteration 69  HV  cores 131 112 1  time 145.794 2.26548 101.773
Iteration 70  HV  cores 132 112 1  time 145.839 2.26548 103.478
Iteration 71  HV  cores 133 112 1  time 145.901 2.26548 105.182
Iteration 72  HV  cores 134 113 1  time 145.944 2.26548 106.887
Iteration 73  HV  cores 135 113 1  time 146.12 2.26548 108.592
Iteration 74  HV  cores 136 113 1  time 146.226 2.26548 110.3
Iteration 75  HV  cores 137 112 1  time 146.335 2.26548 112.01
Iteration 76  HV  cores 138 113 1  time 146.379 2.26548 113.721
Iteration 77  HV  cores 139 114 1  time 146.552 2.26548 115.433
Iteration 78  HV  cores 141 116 2  time 147.205 2.26548 117.155
Iteration 79  HV  cores 143 118 2  time 148.248 2.26548 118.877
Iteration 80  HV  cores 145 120 2  time 148.511 2.26548 120.603
Iteration 81  HV  cores 147 122 2  time 148.758 2.26548 122.318
Iteration 82  HV  cores 149 124 2  time 149.139 2.26548 124.037
Iteration 83  HV  cores 151 126 2  time 149.723 2.26548 125.758
Iteration 84  HV  cores 153 128 2  time 150.189 2.26548 127.48
Iteration 85  HV  cores 155 130 2  time 151.216 2.26548 129.199
Iteration 86  HV  cores 157 132 2  time 151.857 2.26548 130.922
Iteration 87  HV  cores 159 134 2  time 152.109 2.26548 132.647
Iteration 88  HV  cores 161 135 2  time 152.336 2.26548 134.372
Iteration 89  HV  cores 163 137 2  time 153.452 2.26548 136.095
Iteration 90  HV  cores 165 139 2  time 155.54 2.26548 137.818
Iteration 91  HV  cores 167 141 2  time 155.781 2.26548 139.537
Iteration 92  HV  cores 169 143 2  time 156.221 2.26548 141.255
Iteration 93  HV  cores 171 145 2  time 156.557 2.26548 142.978
Iteration 94  HV  cores 173 147 2  time 156.9 2.26548 144.704
Iteration 95  HV  cores 175 149 2  time 157.184 2.26548 146.425
Iteration 96  HV  cores 177 150 2  time 157.457 2.26548 148.146
Iteration 97  HV  cores 179 152 2  time 157.766 2.26548 149.869
Iteration 98  HV  cores 181 153 2  time 158.203 2.26548 151.594
Iteration 99  HV  cores 183 155 2  time 158.931 2.26548 153.318
Iteration 100  HV  cores 185 156 2  time 159.665 2.26548 155.045
Iteration 101  HV  cores 187 157 2  time 160.507 2.26548 156.781
Iteration 102  HV  cores 189 159 2  time 161.329 2.26548 158.516
Iteration 103  HV  cores 191 158 2  time 162.08 2.26548 160.251
Iteration 104  HV  cores 193 159 2  time 162.746 2.26548 161.985
Iteration 105  HV  cores 195 160 2  time 163.336 2.26548 163.718
Iteration 106  HV  cores 197 161 2  time 163.883 2.26548 165.451
Iteration 107  HV  cores 199 162 2  time 164.441 2.26548 167.184
Iteration 108  HV  cores 201 163 2  time 165.146 2.26548 168.92
Iteration 109  HV  cores 203 165 2  time 165.674 2.26548 170.652
Iteration 110  HV  cores 205 165 2  time 166.172 2.26548 172.385
Iteration 111  HV  cores 207 166 2  time 166.802 2.26548 174.118
Iteration 112  HV  cores 209 168 2  time 167.996 2.26548 175.851
Iteration 113  HV  cores 211 169 2  time 168.769 2.26548 177.579
Iteration 114  HV  cores 213 171 2  time 169.476 2.26548 179.313
Iteration 115  HV  cores 215 172 2  time 170.154 2.26548 181.041
Iteration 116  HV  cores 217 173 2  time 170.656 2.26548 182.773
Iteration 117  HV  cores 219 173 2  time 171.159 2.26548 184.504
Iteration 118  HV  cores 221 175 2  time 171.684 2.26548 186.238
Iteration 119  HV  cores 223 176 2  time 172.121 2.26548 187.971
Iteration 120  HV  cores 225 177 2  time 172.524 2.26548 189.704
Iteration 121  HV  cores 227 178 2  time 172.918 2.26548 191.44
Iteration 122  HV  cores 229 179 2  time 173.275 2.26548 193.173
Iteration 123  HV  cores 231 179 2  time 173.59 2.26548 194.906
Iteration 124  HV  cores 233 180 2  time 173.96 2.26548 196.643
Iteration 125  HV  cores 235 180 2  time 174.367 2.26548 198.379
Iteration 126  HV  cores 237 181 2  time 174.617 2.26548 200.109
Iteration 127  HV  cores 238 182 1  time 174.971 2.26548 201.859
Iteration 128  HV  cores 239 182 1  time 175.339 2.26548 203.593
Iteration 129  HV  cores 240 182 1  time 175.854 2.26548 205.332
Iteration 130  HV  cores 241 183 1  time 176.279 2.26548 207.067
Iteration 131  HV  cores 242 183 1  time 176.566 2.26548 208.806
Iteration 132  HV  cores 243 183 1  time 176.969 2.26548 210.55
Iteration 133  HV  cores 244 183 1  time 177.223 2.26548 212.285
Iteration 134  HV  cores 245 183 1  time 177.527 2.26548 214.02
Iteration 135  HV  cores 246 183 1  time 177.843 2.26548 215.755
Iteration 136  HV  cores 247 183 1  time 178.108 2.26548 217.492
Iteration 137  HV  cores 248 184 1  time 178.434 2.26548 219.23
Iteration 138  HV  cores 249 184 1  time 178.745 2.26548 220.967
Iteration 139  HV  cores 250 184 1  time 179.11 2.26548 222.714
Iteration 140  HV  cores 251 185 1  time 179.417 2.26548 224.463
Iteration 141  HV  cores 252 185 1  time 179.763 2.26548 226.211
Iteration 142  HV  cores 253 185 1  time 180.035 2.26548 227.959
Iteration 143  HV  cores 254 185 1  time 180.348 2.26548 229.707
Iteration 144  HV  cores 255 185 1  time 180.609 2.26548 231.454
Iteration 145  HV  cores 256 185 1  time 180.931 2.26548 233.202
Iteration 146  HV  cores 257 186 1  time 181.346 2.26548 234.955
Iteration 147  HV  cores 258 187 1  time 181.737 2.26548 236.714
Iteration 148  HV  cores 259 186 1  time 182.192 2.26548 238.464
Iteration 149  HV  cores 260 186 1  time 182.462 2.26548 240.221
Iteration 150  HV  cores 261 186 1  time 182.846 2.26548 241.971
Iteration 151  HV  cores 262 186 1  time 183.158 2.26548 243.734
Iteration 152  HV  cores 263 186 1  time 183.56 2.26548 245.498
Iteration 153  HV  cores 264 186 1  time 184.014 2.26548 247.262
Iteration 154  HV  cores 265 187 1  time 185.083 2.26548 249.014
Iteration 155  HV  cores 266 188 1  time 185.483 2.26548 250.766
Iteration 156  HV  cores 268 188 2  time 185.933 2.26548 252.521
Iteration 157  HV  cores 270 190 2  time 186.406 2.26548 254.276
Iteration 158  HV  cores 272 192 2  time 186.838 2.26548 256.038
Iteration 159  HV  cores 274 193 2  time 187.14 2.26548 257.797
Iteration 160  HV  cores 276 195 2  time 187.415 2.26548 259.556
Iteration 161  HV  cores 278 197 2  time 187.643 2.26548 261.316
Iteration 162  HV  cores 280 199 2  time 188.474 2.26548 263.074
Iteration 163  HV  cores 283 202 3  time 193.257 2.26548 264.829
Iteration 164  HV  cores 286 205 3  time 194.345 2.26548 266.592
Iteration 165  HV  cores 289 208 3  time 196.573 2.26548 268.424
Iteration 166  HV  cores 292 211 3  time 202.178 2.26548 270.209
Iteration 167  HV  cores 294 213 2  time 202.934 2.26548 271.994
Iteration 168  HV  cores 296 215 2  time 203.484 2.26548 273.779
Iteration 169  HV  cores 298 216 2  time 204.052 2.26548 275.569
Iteration 170  HV  cores 301 218 3  time 206.488 2.26548 277.325
Iteration 171  HV  cores 303 219 2  time 207.236 2.26548 279.078
Iteration 172  HV  cores 305 221 2  time 207.852 2.26548 280.831
Iteration 173  HV  cores 307 222 2  time 208.221 2.26548 282.587
Iteration 174  HV  cores 309 224 2  time 208.674 2.26548 284.343
Iteration 175  HV  cores 311 223 2  time 208.998 2.26548 286.098
Iteration 176  HV  cores 313 224 2  time 209.4 2.26548 287.855
Iteration 177  HV  cores 315 226 2  time 219.849 2.26548 289.609
Iteration 178  HV  cores 317 228 2  time 224.158 2.26548 291.363
Iteration 179  HV  cores 320 231 3  time 253.062 2.26548 293.123
Iteration 180  HV  cores 322 233 2  time 254.44 2.26548 294.881
Iteration 181  HV  cores 324 235 2  time 256.328 2.26548 296.644
Iteration 182  HV  cores 326 237 2  time 257.357 2.26548 298.404
Iteration 183  HV  cores 329 239 3  time 261.595 2.26548 300.178
Iteration 184  HV  cores 331 241 2  time 266.242 2.26548 301.959
Iteration 185 MHV  lb 2903284 ub 3389548  time 266.281 3.36126 301.959
Iteration 186  HV  cores 337 247 6  time 278.582 3.36126 303.761
Iteration 187 MHV  lb 2903292 ub 3386274  time 278.598 4.33361 303.761
Iteration 188  HV  cores 344 254 7  time 287.558 4.33361 305.561
Iteration 189 MHV  lb 2903334 ub 3385810  time 287.575 5.10161 305.561
Iteration 190  HV  cores 350 260 6  time 291.606 5.10161 307.361
Iteration 191  HV  cores 356 266 6  time 296.326 5.10161 309.142
Iteration 192  HV  cores 357 267 1  time 296.514 5.10161 310.921
Iteration 193 MHV  lb 2903338 ub 3385809  time 296.521 5.87734 310.921
Iteration 194  HV  cores 362 272 5  time 311.353 5.87734 312.724
Iteration 195 MHV  lb 2903355 ub 3381820  time 311.361 7.62666 312.724
Iteration 196  HV  cores 368 278 6  time 319.272 7.62666 314.529
Iteration 197 MHV  lb 2903357 ub 3381513  time 319.281 9.02109 314.529
Iteration 198  HV  cores 374 284 6  time 323.5 9.02109 316.346
Iteration 199  HV  cores 379 289 5  time 330.465 9.02109 318.136
Iteration 200 MHV  lb 2903359 ub 3381512  time 330.473 10.7051 318.136
Iteration 201  HV  cores 385 295 6  time 339.74 10.7051 319.949
Iteration 202 MHV  lb 2903369 ub 3374236  time 339.751 13.8221 319.949
Iteration 203  HV  cores 390 300 5  time 342.251 13.8221 321.798
Iteration 204 MHV  lb 2903371 ub 3373754  time 342.259 17.2386 321.798
Iteration 205  HV  cores 396 306 6  time 350.659 17.2386 323.608
Iteration 206  HV  cores 401 311 5  time 355.072 17.2386 325.407
Iteration 207 MHV  lb 2903375 ub 3373753  time 355.08 20.3984 325.407
Iteration 208  HV  cores 407 317 6  time 359.59 20.3984 327.242
Iteration 209 MHV  lb 2903377 ub 3328546  time 359.601 22.2476 327.242
Iteration 210  HV  cores 413 323 6  time 365.379 22.2476 329.052
Iteration 211  HV  cores 418 328 5  time 368.314 22.2476 330.856
Iteration 212  HV  cores 419 329 1  time 368.359 22.2476 332.66
Iteration 213 MHV  lb 2903386 ub 3328545  time 368.366 25.7421 332.66
Iteration 214  HV  cores 425 335 6  time 373.952 25.7421 334.494
Iteration 215 MHV  lb 2903391 ub 3306819  time 373.967 29.7886 334.494
Iteration 216  HV  cores 431 341 6  time 378.551 29.7886 336.335
Iteration 217  HV  cores 436 346 5  time 384.281 29.7886 338.166
Iteration 218  HV  cores 442 352 6  time 388.341 29.7886 339.979
Iteration 219  HV  cores 444 354 2  time 395.873 29.7886 341.834
Iteration 220 MHV  lb 2903406 ub 3306818  time 395.885 33.6935 341.834
Iteration 221  HV  cores 451 361 7  time 403.012 33.6935 343.732
Iteration 222  HV  cores 458 368 7  time 408.4 33.6935 345.586
Iteration 223  HV  cores 460 370 2  time 409.59 33.6935 347.416
Iteration 224 MHV  lb 2903430 ub 3304083  time 409.598 36.9708 347.416
Iteration 225  HV  cores 466 376 6  time 413.06 36.9708 349.273
Iteration 226 MHV  lb 2903432 ub 3303968  time 413.079 39.8212 349.273
Iteration 227  HV  cores 471 381 5  time 418.058 39.8212 351.113
Iteration 228  HV  cores 477 387 6  time 433.383 39.8212 352.937
Iteration 229  HV  cores 483 393 6  time 443.49 39.8212 354.745
Iteration 230 MHV  lb 2903441 ub 3303967  time 443.499 43.8045 354.745
Iteration 231  HV  cores 489 397 6  time 446.725 43.8045 356.603
Iteration 232 MHV  lb 2903444 ub 3285289  time 446.735 48.7676 356.603
Iteration 233  HV  cores 496 404 7  time 451.523 48.7676 358.475
Iteration 234  HV  cores 500 408 4  time 455.138 48.7676 360.316
Iteration 235 MHV  lb 2903451 ub 3283807  time 455.147 53.9224 360.316
Iteration 236  HV  cores 506 414 6  time 468.557 53.9224 362.164
Iteration 237  HV  cores 511 419 5  time 473.363 53.9224 363.987
Iteration 238  HV  cores 517 425 6  time 478.071 53.9224 365.808
Iteration 239 MHV  lb 2903454 ub 3283806  time 478.088 58.8878 365.808
Iteration 240  HV  cores 522 430 5  time 484.773 58.8878 367.707
Iteration 241 MHV  lb 2903454 ub 3265850  time 484.784 64.6465 367.707
Iteration 242  HV  cores 528 436 6  time 490.687 64.6465 369.567
Iteration 243  HV  cores 534 442 6  time 494.448 64.6465 371.423
Iteration 244  HV  cores 540 448 6  time 497.674 64.6465 373.269
Iteration 245  HV  cores 546 454 6  time 502.583 64.6465 375.108
Iteration 246 MHV  lb 2903464 ub 3245596  time 502.592 69.392 375.108
Iteration 247  HV  cores 552 460 6  time 506.282 69.392 376.973
Iteration 248  HV  cores 556 464 4  time 508.448 69.392 378.819
Iteration 249  HV  cores 562 470 6  time 512.462 69.392 380.668
Iteration 250  HV  cores 568 476 6  time 518.14 69.392 382.497
Iteration 251  HV  cores 569 477 1  time 518.302 69.392 384.328
Iteration 252  HV  cores 570 478 1  time 518.891 69.392 386.158
Iteration 253  HV  cores 571 479 1  time 518.926 69.392 387.989
Iteration 254  HV  cores 572 480 1  time 518.973 69.392 389.82
Iteration 255  HV  cores 573 481 1  time 519.078 69.392 391.651
Iteration 256 MHV  lb 2903475 ub 3245595  time 519.086 75.5524 391.651
Iteration 257  HV  cores 578 486 5  time 523.259 75.5524 393.532
Iteration 258 MHV  lb 2903480 ub 3245465  time 523.271 81.5096 393.532
Iteration 259  HV  cores 584 492 6  time 526.469 81.5096 395.402
Iteration 260  HV  cores 589 497 5  time 531.763 81.5096 397.278
Iteration 261  HV  cores 594 502 5  time 534.408 81.5096 399.147
Iteration 262  HV  cores 599 507 5  time 536.897 81.5096 401.007
Iteration 263 MHV  lb 2903483 ub 3245318  time 536.914 88.563 401.007
Iteration 264  HV  cores 605 513 6  time 542.02 88.563 402.903
Iteration 265  HV  cores 609 517 4  time 543.101 88.563 404.769
Iteration 266  HV  cores 615 523 6  time 545.645 88.563 406.629
Iteration 267 MHV  lb 2903489 ub 3245310  time 545.661 95.8838 406.629
Iteration 268  HV  cores 620 528 5  time 547.466 95.8838 408.513
Iteration 269  HV  cores 626 534 6  time 553.073 95.8838 410.355
Iteration 270 MHV  lb 2903489 ub 3245309  time 553.084 103.615 410.355
Iteration 271  HV  cores 631 538 5  time 555.548 103.615 412.299
Iteration 272 MHV  lb 2903491 ub 3227339  time 555.556 111.235 412.299
Iteration 273  HV  cores 637 544 6  time 558.679 111.235 414.211
Iteration 274  HV  cores 643 550 6  time 560.975 111.235 416.09
Iteration 275 MHV  lb 2903492 ub 3225557  time 560.984 117.857 416.09
Iteration 276  HV  cores 648 555 5  time 563.412 117.857 418.007
Iteration 277  HV  cores 654 561 6  time 564.994 117.857 419.894
Iteration 278  HV  cores 660 567 6  time 566.96 117.857 421.771
Iteration 279  HV  cores 666 573 6  time 569.582 117.857 423.641
Iteration 280  HV  cores 670 577 4  time 570.804 117.857 425.499
Iteration 281  HV  cores 672 579 2  time 571.026 117.857 427.357
Iteration 282 MHV  lb 2903495 ub 3225556  time 571.033 124.693 427.357
Iteration 283  HV  cores 677 584 5  time 572.984 124.693 429.269
Iteration 284 MHV  lb 2903496 ub 3221392  time 572.993 133.199 429.269
Iteration 285  HV  cores 683 590 6  time 574.049 133.199 431.194
Iteration 286  HV  cores 689 596 6  time 575.499 133.199 433.107
Iteration 287  HV  cores 695 602 6  time 576.702 133.199 435.009
Iteration 288  HV  cores 700 607 5  time 579.311 133.199 436.906
Iteration 289 MHV  lb 2903506 ub 3221054  time 579.32 139.956 436.906
Iteration 290  HV  cores 705 612 5  time 582.213 139.956 438.817
Iteration 291  HV  cores 710 617 5  time 583.758 139.956 440.695
Iteration 292  HV  cores 716 623 6  time 585.76 139.956 442.559
Iteration 293  HV  cores 719 626 3  time 587.716 139.956 444.422
Iteration 294  HV  cores 720 627 1  time 587.89 139.956 446.292
Iteration 295  HV  cores 721 628 1  time 588.107 139.956 448.161
Iteration 296  HV  cores 722 629 1  time 588.139 139.956 450.032
Iteration 297  HV  cores 723 630 1  time 588.311 139.956 451.9
Iteration 298 MHV  lb 2903510 ub 3221053  time 588.318 145.003 451.9
Iteration 299  HV  cores 729 636 6  time 594.077 145.003 453.832
Iteration 300 MHV  lb 2903513 ub 3217373  time 594.088 151.676 453.832
Iteration 301  HV  cores 735 642 6  time 595.459 151.676 455.777
Iteration 302  HV  cores 740 647 5  time 596.979 151.676 457.698
Iteration 303  HV  cores 746 653 6  time 598.479 151.676 459.6
Iteration 304  HV  cores 751 658 5  time 599.624 151.676 461.491
Iteration 305 MHV  lb 2903514 ub 3214744  time 599.633 159.326 461.491
Iteration 306  HV  cores 756 663 5  time 601.139 159.326 463.41
Iteration 307  HV  cores 761 668 5  time 613.705 159.326 465.304
Iteration 308  HV  cores 767 674 6  time 618.724 159.326 467.181
Iteration 309  HV  cores 769 676 2  time 618.831 159.326 469.072
Iteration 310  HV  cores 770 677 1  time 618.91 159.326 470.964
Iteration 311  HV  cores 772 679 2  time 619.309 159.326 472.856
Iteration 312  HV  cores 773 680 1  time 619.518 159.326 474.75
Iteration 313  HV  cores 775 682 2  time 620.196 159.326 476.645
Iteration 314  HV  cores 776 683 1  time 620.42 159.326 478.536
Iteration 315  HV  cores 777 684 1  time 620.544 159.326 480.427
Iteration 316  HV  cores 779 686 2  time 620.839 159.326 482.318
Iteration 317 MHV  lb 2903516 ub 3214743  time 620.846 166.828 482.318
Iteration 318  HV  cores 783 690 4  time 621.942 166.828 484.273
Iteration 319 MHV  lb 2903517 ub 3211066  time 621.952 176.601 484.273
Iteration 320  HV  cores 787 693 4  time 624.409 176.601 486.23
Iteration 321  HV  cores 792 698 5  time 626.008 176.601 488.172
Iteration 322  HV  cores 798 703 6  time 627.758 176.601 490.111
Iteration 323  HV  cores 804 709 6  time 629.787 176.601 492.028
Iteration 324  HV  cores 808 713 4  time 630.931 176.601 493.939
Iteration 325 MHV  lb 2903517 ub 3209410  time 630.941 186.338 493.939
Iteration 326  HV  cores 814 719 6  time 632.79 186.338 495.831
Iteration 327 MHV  lb 2903519 ub 3209409  time 632.804 195.762 495.831
Iteration 328  HV  cores 820 725 6  time 634.254 195.762 497.818
Iteration 329 MHV  lb 2903519 ub 3195361  time 634.266 203.638 497.818
Iteration 330  HV  cores 824 729 4  time 636.168 203.638 499.814
Iteration 331  HV  cores 829 734 5  time 638.868 203.638 501.788
Iteration 332  HV  cores 836 741 7  time 642.415 203.638 503.74
Iteration 333  HV  cores 841 746 5  time 643.421 203.638 505.667
Iteration 334  HV  cores 847 752 6  time 645.574 203.638 507.58
Iteration 335 MHV  lb 2903521 ub 3187741  time 645.585 214.838 507.58
Iteration 336  HV  cores 854 759 7  time 649.273 214.838 509.531
Iteration 337  HV  cores 860 765 6  time 651.354 214.838 511.459
Iteration 338  HV  cores 866 770 6  time 653.458 214.838 513.378
Iteration 339  HV  cores 871 775 5  time 654.964 214.838 515.349
Iteration 340  HV  cores 876 780 5  time 657.007 214.838 517.322
Iteration 341  HV  cores 880 784 4  time 662.223 214.838 519.278
Iteration 342  HV  cores 885 789 5  time 663.875 214.838 521.217
Iteration 343  HV  cores 886 790 1  time 664.065 214.838 523.157
Iteration 344 MHV  lb 2903522 ub 3187740  time 664.073 227.082 523.157
Iteration 345  HV  cores 890 794 4  time 666.528 227.082 525.142
Iteration 346 MHV  lb 2903523 ub 3187713  time 666.542 239.774 525.142
Iteration 347  HV  cores 895 799 5  time 668.423 239.774 527.103
Iteration 348  HV  cores 900 804 5  time 669.645 239.774 529.036
Iteration 349  HV  cores 904 808 4  time 673.235 239.774 530.958
Iteration 350  HV  cores 908 812 4  time 676.381 239.774 532.872
Iteration 351 MHV  lb 2903524 ub 3187587  time 676.395 254.065 532.872
Iteration 352  HV  cores 915 819 7  time 678.31 254.065 534.793
Iteration 353  HV  cores 919 823 4  time 679.315 254.065 536.709
Iteration 354  HV  cores 924 828 5  time 683.261 254.065 538.634
Iteration 355  HV  cores 930 834 6  time 685.232 254.065 540.538
Iteration 356  HV  cores 931 835 1  time 685.385 254.065 542.442
Iteration 357  HV  cores 932 836 1  time 685.419 254.065 544.351
Iteration 358  HV  cores 934 838 2  time 685.821 254.065 546.258
Iteration 359 MHV  lb 2903525 ub 3187586  time 685.829 271.358 546.258
Iteration 360  HV  cores 939 843 5  time 686.909 271.358 548.247
Iteration 361 MHV  lb 2903526 ub 3187571  time 686.918 289.185 548.247
Iteration 362  HV  cores 944 848 5  time 688.736 289.185 550.223
Iteration 363  HV  cores 949 853 5  time 690.193 289.185 552.175
Iteration 364  HV  cores 953 857 4  time 691.721 289.185 554.118
Iteration 365  HV  cores 959 863 6  time 692.668 289.185 556.058
Iteration 366 MHV  lb 2903526 ub 3182680  time 692.679 309.436 556.058
Iteration 367  HV  cores 964 868 5  time 696.141 309.436 557.994
Iteration 368  HV  cores 969 873 5  time 697.092 309.436 559.922
Iteration 369  HV  cores 974 877 5  time 699.246 309.436 561.845
Iteration 370  HV  cores 980 883 6  time 703.197 309.436 563.752
Iteration 371  HV  cores 981 884 1  time 703.294 309.436 565.661
Iteration 372 MHV  lb 2903526 ub 3182679  time 703.304 322.46 565.661
Iteration 373  HV  cores 986 889 5  time 706.991 322.46 567.636
Iteration 374 MHV  lb 2903527 ub 3182673  time 707.004 338.228 567.636
Iteration 375  HV  cores 991 894 5  time 709.999 338.228 569.658
Iteration 376  HV  cores 995 898 4  time 711.152 338.228 571.667
Iteration 377  HV  cores 1000 903 5  time 724.106 338.228 573.638
Iteration 378 MHV  lb 2903528 ub 3181529  time 724.117 359.87 573.638
Iteration 379  HV  cores 1006 909 6  time 728.799 359.87 575.614
Iteration 380  HV  cores 1012 915 6  time 731.538 359.87 577.556
Iteration 381  HV  cores 1016 919 4  time 734.289 359.87 579.491
Iteration 382  HV  cores 1017 920 1  time 734.353 359.87 581.429
Iteration 383  HV  cores 1018 921 1  time 734.409 359.87 583.364
Iteration 384  HV  cores 1019 922 1  time 734.448 359.87 585.301
Iteration 385 MHV  lb 2903529 ub 3181528  time 734.456 388.889 585.301
Iteration 386  HV  cores 1024 927 5  time 737.229 388.889 587.293
Iteration 387 MHV  lb 2903531 ub 3167581  time 737.24 424.225 587.293
Iteration 388  HV  cores 1029 931 5  time 739.093 424.225 589.271
Iteration 389  HV  cores 1035 937 6  time 741.212 424.225 591.228
Iteration 390 MHV  lb 2903531 ub 3158428  time 741.222 449.76 591.228
Iteration 391  HV  cores 1041 942 6  time 744.706 449.76 593.197
Iteration 392  HV  cores 1046 946 5  time 746.084 449.76 595.148
Iteration 393  HV  cores 1051 951 5  time 746.633 449.76 597.096
Iteration 394  HV  cores 1057 957 6  time 748.783 449.76 599.029
Iteration 395  HV  cores 1058 958 1  time 748.882 449.76 600.962
Iteration 396  HV  cores 1059 959 1  time 748.916 449.76 602.898
Iteration 397 MHV  lb 2903531 ub 3158427  time 748.924 467.092 602.898
Iteration 398  HV  cores 1065 965 6  time 752.76 467.092 604.892
Iteration 399 MHV  lb 2903532 ub 3158199  time 752.77 499.52 604.892
Iteration 400  HV  cores 1071 971 6  time 758.004 499.52 606.882
Iteration 401  HV  cores 1077 976 6  time 759.532 499.52 608.876
Iteration 402 MHV  lb 2903532 ub 3156779  time 759.542 553.691 608.876
Iteration 403  HV  cores 1082 981 5  time 761.361 553.691 610.868
Iteration 404  HV  cores 1087 986 5  time 763.523 553.691 612.841
Iteration 405  HV  cores 1090 989 3  time 763.83 553.691 614.806
Iteration 406  HV  cores 1096 995 6  time 767.466 553.691 616.753
Iteration 407 MHV  lb 2903533 ub 3156778  time 767.476 636.508 616.753
Iteration 408  HV  cores 1102 1001 6  time 769.399 636.508 618.784
Iteration 409  HV  cores 1107 1006 5  time 772.474 636.508 620.798
Iteration 410  HV  cores 1112 1011 5  time 776.444 636.508 622.805
Iteration 411 MHV  lb 2903533 ub 3155504  time 776.455 669.137 622.805
Iteration 412  HV  cores 1117 1016 5  time 780.452 669.137 624.845
Iteration 413  HV  cores 1121 1020 4  time 781.603 669.137 626.875
Iteration 414  HV  cores 1126 1025 5  time 786.177 669.137 628.9
Iteration 415  HV  cores 1127 1026 1  time 786.514 669.137 630.902
Iteration 416  HV  cores 1133 1032 6  time 791.388 669.137 632.89
Iteration 417  HV  cores 1138 1037 5  time 795.448 669.137 634.871
Iteration 418  HV  cores 1143 1042 5  time 797.96 669.137 636.837
Iteration 419  HV  cores 1145 1044 2  time 798.219 669.137 638.801
Iteration 420  HV  cores 1146 1045 1  time 798.281 669.137 640.769
Iteration 421  HV  cores 1148 1047 2  time 798.47 669.137 642.736
Iteration 422  HV  cores 1150 1049 2  time 798.775 669.137 644.711
Iteration 423  HV  cores 1153 1052 3  time 799.308 669.137 646.682
Iteration 424  HV  cores 1155 1054 2  time 799.552 669.137 648.652
Iteration 425  HV  cores 1157 1056 2  time 799.787 669.137 650.625
Iteration 426  HV  cores 1159 1058 2  time 800.138 669.137 652.6
Iteration 427  HV  cores 1161 1060 2  time 800.255 669.137 654.587
Iteration 428  HV  cores 1162 1061 1  time 800.302 669.137 656.575
Iteration 429  HV  cores 1164 1063 2  time 800.439 669.137 658.562
Iteration 430  HV  cores 1166 1065 2  time 800.764 669.137 660.551
Iteration 431  HV  cores 1167 1066 1  time 800.864 669.137 662.54
Iteration 432  HV  cores 1168 1067 1  time 800.907 669.137 664.531
Iteration 433  HV  cores 1169 1068 1  time 801.08 669.137 666.523
Iteration 434 MHV  lb 2903535 ub 3155503  time 801.087 786.912 666.523
Iteration 435  HV  cores 1175 1073 6  time 803.554 786.912 668.638
Iteration 436  HV  cores 1180 1078 5  time 807.394 786.912 670.721
Iteration 437  HV  cores 1186 1084 6  time 810.719 786.912 672.781
Iteration 438  HV  cores 1187 1085 1  time 810.839 786.912 674.825
Iteration 439 MHV  lb 2903535 ub 3155421  time 810.847 823.934 674.825
Iteration 440  HV  cores 1192 1089 5  time 813.133 823.934 676.868
Iteration 441  HV  cores 1198 1095 6  time 815.317 823.934 678.905
Iteration 442 MHV  lb 2903535 ub 3154237  time 815.327 867.116 678.905
Iteration 443  HV  cores 1204 1101 6  time 817.91 867.116 680.958
Iteration 444  HV  cores 1209 1106 5  time 819.195 867.116 682.99
Iteration 445  HV  cores 1214 1111 5  time 821.339 867.116 685.012
Iteration 446  HV  cores 1218 1115 4  time 821.977 867.116 687.027
Iteration 447  HV  cores 1223 1120 5  time 824.399 867.116 689.028
Iteration 448  HV  cores 1224 1121 1  time 824.435 867.116 691.028
Iteration 449 MHV  lb 2903536 ub 3154236  time 824.444 907.166 691.028
Iteration 450  HV  cores 1230 1127 6  time 826.837 907.166 693.103
Iteration 451 MHV  lb 2903542 ub 3154180  time 826.849 955.631 693.103
Iteration 452  HV  cores 1235 1131 5  time 829.097 955.631 695.193
Iteration 453  HV  cores 1240 1136 5  time 830.388 955.631 697.263
Iteration 454  HV  cores 1246 1142 6  time 833.615 955.631 699.316
Iteration 455 MHV  lb 2903542 ub 3144014  time 833.628 987.52 699.316
Iteration 456  HV  cores 1251 1147 5  time 835.303 987.52 701.361
Iteration 457  HV  cores 1256 1152 5  time 836.622 987.52 703.397
Iteration 458  HV  cores 1260 1156 4  time 839.396 987.52 705.424
Iteration 459  HV  cores 1263 1159 3  time 839.591 987.52 707.446
Iteration 460  HV  cores 1269 1165 6  time 841.459 987.52 709.465
Iteration 461  HV  cores 1274 1169 5  time 842.3 987.52 711.47
Iteration 462  HV  cores 1275 1170 1  time 842.412 987.52 713.475
Iteration 463  HV  cores 1278 1173 3  time 843.068 987.52 715.477
Iteration 464  HV  cores 1279 1174 1  time 843.121 987.52 717.481
Iteration 465  HV  cores 1281 1176 2  time 843.342 987.52 719.487
Iteration 466 MHV  lb 2903543 ub 3144013  time 843.352 1019.86 719.487
Iteration 467  HV  cores 1287 1182 6  time 856.169 1019.86 721.603
Iteration 468 MHV  lb 2903544 ub 3143995  time 856.187 1063.65 721.603
Iteration 469  HV  cores 1293 1187 6  time 857.867 1063.65 723.721
Iteration 470  HV  cores 1298 1192 5  time 859.697 1063.65 725.826
Iteration 471  HV  cores 1304 1197 6  time 862.765 1063.65 727.893
Iteration 472  HV  cores 1310 1203 6  time 865.502 1063.65 729.941
Iteration 473  HV  cores 1314 1207 4  time 866.453 1063.65 731.982
Iteration 474 MHV  lb 2903545 ub 3143466  time 866.462 1184.97 731.982
Iteration 475  HV  cores 1320 1213 6  time 870.335 1184.97 734.08
Iteration 476  HV  cores 1322 1215 2  time 870.749 1184.97 736.135
Iteration 477  HV  cores 1326 1219 4  time 872.892 1184.97 738.178
Iteration 478  HV  cores 1329 1222 3  time 873.265 1184.97 740.211
Iteration 479  HV  cores 1332 1225 3  time 873.715 1184.97 742.256
Iteration 480  HV  cores 1333 1226 1  time 873.821 1184.97 744.301
Iteration 481  HV  cores 1334 1227 1  time 873.877 1184.97 746.343
Iteration 482  HV  cores 1335 1228 1  time 874.122 1184.97 748.386
Iteration 483  HV  cores 1337 1230 2  time 874.393 1184.97 750.428
Iteration 484  HV  cores 1340 1233 3  time 874.871 1184.97 752.461
Iteration 485  HV  cores 1342 1235 2  time 875.183 1184.97 754.494
Iteration 486  HV  cores 1344 1237 2  time 875.432 1184.97 756.526
Iteration 487  HV  cores 1345 1238 1  time 875.536 1184.97 758.576
Iteration 488  HV  cores 1350 1243 5  time 879.963 1184.97 760.606
Iteration 489  HV  cores 1351 1244 1  time 879.999 1184.97 762.638
Iteration 490  HV  cores 1353 1246 2  time 880.343 1184.97 764.672
Iteration 491 MHV  lb 2903546 ub 3143465  time 880.358 1213.11 764.672
Iteration 492  HV  cores 1359 1252 6  time 882.646 1213.11 766.824
Iteration 493 MHV  lb 2903546 ub 3143238  time 882.669 1244.11 766.824
Iteration 494  HV  cores 1365 1258 6  time 886.24 1244.11 768.954
Iteration 495  HV  cores 1370 1263 5  time 887.547 1244.11 771.057
Iteration 496  HV  cores 1375 1268 5  time 889.868 1244.11 773.206
Iteration 497  HV  cores 1381 1274 6  time 904.769 1244.11 775.325
Iteration 498 MHV  lb 2903546 ub 3142272  time 904.79 1273.08 775.325
Iteration 499  HV  cores 1387 1280 6  time 911.288 1273.08 777.461
Iteration 500  HV  cores 1392 1285 5  time 912.324 1273.08 779.564
Iteration 501  HV  cores 1398 1291 6  time 923.765 1273.08 781.652
Iteration 502  HV  cores 1403 1296 5  time 925.285 1273.08 783.725
Iteration 503  HV  cores 1407 1300 4  time 926.048 1273.08 785.78
Iteration 504 MHV  lb 2903554 ub 3142271  time 926.057 1322.38 785.78
Iteration 505  HV  cores 1413 1306 6  time 930.46 1322.38 787.905
Iteration 506 MHV  lb 2903555 ub 3142245  time 930.472 1357.41 787.905
Iteration 507  HV  cores 1418 1311 5  time 932.124 1357.41 790.037
Iteration 508  HV  cores 1423 1316 5  time 934.373 1357.41 792.153
Iteration 509  HV  cores 1429 1322 6  time 943.121 1357.41 794.261
Iteration 510 MHV  lb 2903557 ub 3140677  time 943.133 1401.95 794.261
Iteration 511  HV  cores 1435 1328 6  time 951.27 1401.95 796.396
Iteration 512  HV  cores 1440 1333 5  time 953.714 1401.95 798.51
Iteration 513  HV  cores 1445 1338 5  time 956.895 1401.95 800.6
Iteration 514  HV  cores 1449 1342 4  time 957.828 1401.95 802.685
Iteration 515  HV  cores 1453 1346 4  time 959.264 1401.95 804.752
Iteration 516  HV  cores 1457 1350 4  time 964.154 1401.95 806.819
Iteration 517  HV  cores 1459 1352 2  time 964.398 1401.95 808.888
Iteration 518  HV  cores 1461 1354 2  time 964.465 1401.95 810.958
Iteration 519  HV  cores 1463 1356 2  time 964.713 1401.95 813.03
Iteration 520  HV  cores 1465 1358 2  time 964.842 1401.95 815.101
Iteration 521  HV  cores 1466 1359 1  time 965.004 1401.95 817.177
Iteration 522  HV  cores 1468 1361 2  time 965.354 1401.95 819.251
Iteration 523  HV  cores 1470 1363 2  time 965.44 1401.95 821.32
Iteration 524 MHV  lb 2903557 ub 3140676  time 965.447 1428.05 821.32
Iteration 525  HV  cores 1476 1369 6  time 967.849 1428.05 823.469
Iteration 526 MHV  lb 2903559 ub 3140433  time 967.86 1468.71 823.469
Iteration 527  HV  cores 1481 1374 5  time 969.165 1468.71 825.646
Iteration 528  HV  cores 1486 1379 5  time 970.504 1468.71 827.792
Iteration 529  HV  cores 1491 1384 5  time 994.789 1468.71 829.92
Iteration 530  HV  cores 1495 1388 4  time 995.268 1468.71 832.039
Iteration 531  HV  cores 1501 1394 6  time 1004.85 1468.71 834.14
Iteration 532  HV  cores 1507 1400 6  time 1006.12 1468.71 836.228
Iteration 533  HV  cores 1511 1404 4  time 1006.92 1468.71 838.311
Iteration 534 MHV  lb 2903559 ub 3139933  time 1006.93 1505.17 838.311
Iteration 535  HV  cores 1516 1409 5  time 1008.09 1505.17 840.46
Iteration 536  HV  cores 1520 1413 4  time 1008.51 1505.17 842.589
Iteration 537  HV  cores 1526 1419 6  time 1009.6 1505.17 844.71
Iteration 538  HV  cores 1532 1425 6  time 1035 1505.17 846.835
Iteration 539  HV  cores 1537 1430 5  time 1036.85 1505.17 848.945
Iteration 540  HV  cores 1542 1435 5  time 1037.98 1505.17 851.05
Iteration 541 MHV  lb 2903561 ub 3139931  time 1037.99 1562.74 851.05
Iteration 542  HV  cores 1548 1441 6  time 1041.21 1562.74 853.202
Iteration 543  HV  cores 1552 1444 4  time 1041.85 1562.74 855.33
Iteration 544  HV  cores 1558 1450 6  time 1043.66 1562.74 857.451
Iteration 545  HV  cores 1564 1456 6  time 1048.17 1562.74 859.537
Iteration 546  HV  cores 1565 1457 1  time 1048.29 1562.74 861.622
Iteration 547  HV  cores 1567 1459 2  time 1048.38 1562.74 863.704
Iteration 548  HV  cores 1569 1461 2  time 1048.54 1562.74 865.789
Iteration 549  HV  cores 1570 1462 1  time 1048.64 1562.74 867.872
Iteration 550  HV  cores 1572 1464 2  time 1048.92 1562.74 869.941
Iteration 551  HV  cores 1574 1466 2  time 1049.21 1562.74 872.013
Iteration 552  HV  cores 1575 1467 1  time 1049.24 1562.74 874.087
Iteration 553  HV  cores 1576 1468 1  time 1049.45 1562.74 876.161
Iteration 554  HV  cores 1578 1470 2  time 1049.57 1562.74 878.237
Iteration 555  HV  cores 1580 1472 2  time 1049.85 1562.74 880.308
Iteration 556 MHV  lb 2903562 ub 3139930  time 1049.85 1609.11 880.308
Iteration 557  HV  cores 1586 1478 6  time 1051.62 1609.11 882.475
