lb 372923 ub 27238818 before adjustment
lb 0 ub 26865895 after adjustment
costs ready
13 variables 91 functions 372923 lb, 26865895 ub
Iteration 0  HV  cores 6 6 6  time 10.6629 0 0.025826
Iteration 1 MHV  lb 373053 ub 27238817  time 10.6736 0.427276 0.025826
Iteration 2  HV  cores 11 11 5  time 16.4893 0.427276 0.282884
Iteration 3 MHV  lb 373094 ub 17604854  time 16.4986 0.914848 0.282884
Iteration 4  HV  cores 16 16 5  time 41.1007 0.914848 3.26295
Iteration 5  HV  cores 21 21 5  time 67.4556 0.914848 6.22907
Iteration 6 MHV  lb 373240 ub 13762515  time 67.4658 1.41662 6.22907
Iteration 7  HV  cores 25 25 4  time 84.9709 1.41662 9.92857
Iteration 8 MHV  lb 373259 ub 13599302  time 84.9808 1.92602 9.92857
Iteration 9  HV  cores 29 29 4  time 158.627 1.92602 13.6216
Iteration 10 MHV  lb 373358 ub 10213032  time 158.637 2.48001 13.6216
Iteration 11  HV  cores 34 34 5  time 182.695 2.48001 17.5403
Iteration 12  HV  cores 36 36 2  time 187.457 2.48001 21.4244
Iteration 13  HV  cores 39 39 3  time 203.099 2.48001 25.3057
Iteration 14 MHV  lb 373545 ub 10145072  time 203.109 3.02256 25.3057
Iteration 15  HV  cores 44 44 5  time 247.887 3.02256 29.2027
Iteration 16 MHV  lb 373557 ub 7034921  time 247.898 3.61262 29.2027
Iteration 17  HV  cores 50 49 6  time 288.126 3.61262 33.1801
Iteration 18 MHV  lb 373597 ub 7011809  time 288.137 4.29816 33.1801
Iteration 19  HV  cores 55 54 5  time 375.538 4.29816 37.1866
Iteration 20  HV  cores 57 56 2  time 377.44 4.29816 41.1746
Iteration 21  HV  cores 58 57 1  time 378.779 4.29816 45.1484
Iteration 22 MHV  lb 373662 ub 4787006  time 378.79 4.92396 45.1484
Iteration 23  HV  cores 63 62 5  time 423.8 4.92396 49.1577
Iteration 24 MHV  lb 373690 ub 4775264  time 423.812 5.56663 49.1577
Iteration 25  HV  cores 68 67 5  time 461.494 5.56663 53.1952
Iteration 26  HV  cores 69 68 1  time 462.81 5.56663 57.215
Iteration 27  HV  cores 70 69 1  time 463.908 5.56663 61.2315
Iteration 28 MHV  lb 373747 ub 3089966  time 463.918 6.37584 61.2315
Iteration 29  HV  cores 75 74 5  time 578.918 6.37584 65.3387
Iteration 30  HV  cores 76 75 1  time 580.54 6.37584 69.4306
Iteration 31 MHV  lb 373752 ub 3064222  time 580.55 7.36659 69.4306
Iteration 32  HV  cores 80 79 4  time 735.291 7.36659 73.4924
Iteration 33 MHV  lb 373771 ub 2970400  time 735.303 8.30187 73.4924
Iteration 34  HV  cores 84 83 4  time 828.527 8.30187 77.5496
Iteration 35  HV  cores 85 84 1  time 830.137 8.30187 81.6215
Iteration 36 MHV  lb 373787 ub 429427  time 830.2 9.28543 81.6215
Iteration 37  HV  cores 90 88 5  time 886.947 9.28543 86.0879
Iteration 38  HV  cores 91 89 1  time 887.135 9.28543 90.5279
Iteration 39 MHV  lb 373810 ub 429351  time 887.238 10.3393 90.5279
Iteration 40  HV  cores 97 95 6  time 927.623 10.3393 94.9775
Iteration 41 MHV  lb 373828 ub 415617  time 927.653 11.4301 94.9775
Iteration 42  HV  cores 103 101 6  time 997.264 11.4301 99.5271
Iteration 43 MHV  lb 373868 ub 415519  time 997.287 12.4518 99.5271
Iteration 44  HV  cores 109 106 6  time 1057.08 12.4518 104.091
Iteration 45  HV  cores 114 111 5  time 1094.26 12.4518 108.643
Iteration 46 MHV  lb 373912 ub 414116  time 1094.29 13.8836 108.643
Iteration 47  HV  cores 118 115 4  time 1134.99 13.8836 113.219
Iteration 48  HV  cores 122 119 4  time 1155.49 13.8836 117.779
Iteration 49 MHV  lb 373931 ub 413789  time 1155.52 15.2846 117.779
Iteration 50  HV  cores 126 123 4  time 1306.35 15.2846 122.331
Iteration 51  HV  cores 130 127 4  time 1349.06 15.2846 126.873
Iteration 52 MHV  lb 373968 ub 413526  time 1349.13 16.9895 126.873
Iteration 53  HV  cores 135 132 5  time 1400.78 16.9895 131.462
Iteration 54  HV  cores 139 136 4  time 1508.07 16.9895 136.012
Iteration 55 MHV  lb 373990 ub 413199  time 1508.1 18.7905 136.012
Iteration 56  HV  cores 145 142 6  time 1580.53 18.7905 140.585
Iteration 57  HV  cores 148 145 3  time 1617.75 18.7905 145.116
Iteration 58 MHV  lb 374026 ub 413198  time 1617.78 21.5047 145.116
Iteration 59  HV  cores 153 150 5  time 1717.04 21.5047 149.69
Iteration 60  HV  cores 156 153 3  time 1757.32 21.5047 154.238
Iteration 61  HV  cores 161 158 5  time 1875.18 21.5047 158.787
Iteration 62  HV  cores 162 159 1  time 1877.42 21.5047 163.326
Iteration 63 MHV  lb 374045 ub 413197  time 1877.44 24.4302 163.326
Iteration 64  HV  cores 167 164 5  time 1918.6 24.4302 167.907
Iteration 65  HV  cores 170 167 3  time 1940.05 24.4302 172.499
Iteration 66  HV  cores 175 172 5  time 1977.05 24.4302 177.052
Iteration 67 MHV  lb 374084 ub 412108  time 1977.09 28.4042 177.052
Iteration 68  HV  cores 179 175 4  time 2264.55 28.4042 181.636
Iteration 69  HV  cores 183 179 4  time 2350.87 28.4042 186.191
Iteration 70 MHV  lb 374102 ub 412107  time 2350.9 31.5907 186.191
Iteration 71  HV  cores 188 184 5  time 2448.35 31.5907 190.78
Iteration 72  HV  cores 191 187 3  time 2494.85 31.5907 195.339
Iteration 73  HV  cores 195 191 4  time 2535.25 31.5907 199.897
Iteration 74  HV  cores 196 192 1  time 2539.84 31.5907 204.454
Iteration 75  HV  cores 197 193 1  time 2543.92 31.5907 209.041
Iteration 76 MHV  lb 374125 ub 412106  time 2543.93 35.9957 209.041
Iteration 77  HV  cores 201 197 4  time 2592.4 35.9957 213.66
Iteration 78  HV  cores 205 201 4  time 2696.11 35.9957 218.244
Iteration 79 MHV  lb 374160 ub 411733  time 2696.14 42.7749 218.244
Iteration 80  HV  cores 210 206 5  time 2842.73 42.7749 222.886
Iteration 81  HV  cores 212 208 2  time 2858.06 42.7749 227.476
Iteration 82  HV  cores 216 212 4  time 2953.53 42.7749 232.068
Iteration 83 MHV  lb 374182 ub 411731  time 2953.57 49.6603 232.068
Iteration 84  HV  cores 221 217 5  time 3032.07 49.6603 236.698
Iteration 85  HV  cores 224 220 3  time 3061.81 49.6603 241.27
Iteration 86 MHV  lb 374225 ub 411730  time 3061.95 60.086 241.27
Iteration 87  HV  cores 228 224 4  time 3098.68 60.086 245.89
Iteration 88  HV  cores 231 227 3  time 3107.85 60.086 250.501
Iteration 89  HV  cores 235 231 4  time 3140.92 60.086 255.102
Iteration 90  HV  cores 239 235 4  time 3176 60.086 259.687
Iteration 91 MHV  lb 374236 ub 411728  time 3176.02 71.0354 259.687
