lb 12891000 ub 25779885 before adjustment
lb 0 ub 12888885 after adjustment
costs ready
73 variables 1679 functions 12891000 lb, 12888885 ub
Iteration 0  lb 12891006 ub 25779885  cores 5 5 5  time 0.440745 0.082907
Iteration 1  lb 12891006 ub 25779885  cores 8 8 3  time 1.23836 0.186333
Iteration 2  lb 12891006 ub 25779885  cores 13 13 5  time 1.51638 0.298875
Iteration 3  lb 12891006 ub 25779885  cores 17 17 4  time 2.55585 0.412809
Iteration 4  lb 12891007 ub 25779885  cores 21 21 4  time 3.08029 0.528137
Iteration 5  lb 12891007 ub 25779885  cores 25 25 4  time 3.55571 0.651271
Iteration 6  lb 12891007 ub 25779885  cores 28 28 3  time 3.80609 0.789088
Iteration 7  lb 12891007 ub 25779885  cores 31 31 3  time 4.22212 0.932199
Iteration 8  lb 12891007 ub 25779885  cores 35 35 4  time 4.45598 1.09036
Iteration 9  lb 12891008 ub 25779885  cores 39 39 4  time 4.65472 1.26584
Iteration 10  lb 12891008 ub 25779885  cores 43 43 4  time 4.92622 1.44329
Iteration 11  lb 12891008 ub 25779885  cores 47 47 4  time 5.10135 1.63167
Iteration 12  lb 12891008 ub 25779885  cores 52 52 5  time 5.62405 1.83306
Iteration 13  lb 12891008 ub 25779885  cores 56 56 4  time 5.95099 2.03638
Iteration 14  lb 12891008 ub 25779885  cores 60 60 4  time 6.89671 2.25275
Iteration 15  lb 12891008 ub 25779885  cores 63 63 3  time 7.04594 2.51287
Iteration 16  lb 12891008 ub 25779885  cores 67 67 4  time 7.48914 2.78991
Iteration 17  lb 12891009 ub 25779885  cores 70 70 3  time 8.03011 3.22532
Iteration 18  lb 12891009 ub 25779885  cores 74 74 4  time 8.46852 3.4648
Iteration 19  lb 12891009 ub 25779885  cores 77 77 3  time 8.82054 3.78443
Iteration 20  lb 12891009 ub 25779885  cores 81 81 4  time 8.98005 4.10483
Iteration 21  lb 12891009 ub 25779885  cores 84 84 3  time 9.2122 4.49922
Iteration 22  lb 12891009 ub 25779885  cores 87 87 3  time 9.35013 4.81414
Iteration 23  lb 12891009 ub 25779885  cores 90 90 3  time 9.59596 5.27228
Iteration 24  lb 12891009 ub 25779885  cores 93 93 3  time 9.79854 5.88878
Iteration 25  lb 12891009 ub 25779885  cores 97 97 4  time 10.4568 6.24364
Iteration 26  lb 12891009 ub 25779885  cores 101 101 4  time 10.7105 6.68223
Iteration 27  lb 12891009 ub 25779885  cores 104 104 3  time 10.9562 7.30314
Iteration 28  lb 12891010 ub 25779885  cores 108 108 4  time 11.3284 8.56311
Iteration 29  lb 12891010 ub 25779885  cores 112 112 4  time 11.6135 9.24546
Iteration 30  lb 12891010 ub 25779885  cores 116 116 4  time 11.9102 9.94591
Iteration 31  lb 12891010 ub 25779885  cores 120 120 4  time 12.1685 10.6009
Iteration 32  lb 12891010 ub 25779885  cores 124 124 4  time 12.4959 11.2677
Iteration 33  lb 12891010 ub 25779885  cores 128 128 4  time 12.8547 12.0187
Iteration 34  lb 12891010 ub 25779885  cores 131 131 3  time 13.2031 12.6672
Iteration 35  lb 12891010 ub 25779885  cores 134 134 3  time 13.3144 13.6473
Iteration 36  lb 12891010 ub 25779885  cores 138 138 4  time 13.6552 14.6293
Iteration 37  lb 12891010 ub 25779885  cores 141 141 3  time 13.752 16.6085
Iteration 38  lb 12891010 ub 25779885  cores 145 145 4  time 14.087 17.386
Iteration 39  lb 12891010 ub 25779885  cores 149 149 4  time 14.2078 19.1853
Iteration 40  lb 12891010 ub 25779885  cores 152 152 3  time 14.3411 21.7249
Iteration 41  lb 12891010 ub 25779885  cores 155 155 3  time 14.5831 24.0161
Iteration 42  lb 12891011 ub 25779885  cores 158 158 3  time 14.8666 29.459
Iteration 43  lb 12891011 ub 25779885  cores 162 162 4  time 15.1064 32.3619
Iteration 44  lb 12891011 ub 25779885  cores 165 165 3  time 15.5046 34.2842
Iteration 45  lb 12891011 ub 25779885  cores 169 169 4  time 16.5967 35.3474
Iteration 46  lb 12891011 ub 25779885  cores 173 173 4  time 16.8766 36.2659
Iteration 47  lb 12891011 ub 25779885  cores 176 176 3  time 17.0058 37.1967
Iteration 48  lb 12891011 ub 25779885  cores 179 179 3  time 17.1876 38.1546
Iteration 49  lb 12891011 ub 25779885  cores 182 182 3  time 17.3261 39.5996
Iteration 50  lb 12891011 ub 25779885  cores 185 185 3  time 17.4799 40.6335
Iteration 51  lb 12891011 ub 25779885  cores 188 188 3  time 17.783 41.7034
Iteration 52  lb 12891011 ub 25779885  cores 191 191 3  time 17.917 43.7012
Iteration 53  lb 12891011 ub 25779885  cores 195 195 4  time 18.1445 44.8115
Iteration 54  lb 12891011 ub 25779885  cores 198 198 3  time 18.3833 45.5701
Iteration 55  lb 12891011 ub 25779885  cores 202 202 4  time 18.7899 47.6934
Iteration 56  lb 12891011 ub 25779885  cores 206 206 4  time 19.0059 50.2903
Iteration 57  lb 12891011 ub 25779885  cores 210 210 4  time 19.1808 56.4388
Iteration 58  lb 12891012 ub 25779885  cores 213 213 3  time 19.2737 62.3166
Iteration 59  lb 12891012 ub 25779885  cores 216 216 3  time 19.3636 67.9016
Iteration 60  lb 12891012 ub 25779885  cores 219 219 3  time 19.5183 70.8979
Iteration 61  lb 12891012 ub 25779885  cores 222 222 3  time 19.6424 73.7124
Iteration 62  lb 12891012 ub 25779885  cores 225 225 3  time 19.7374 76.7589
Iteration 63  lb 12891012 ub 25779885  cores 229 229 4  time 19.9588 79.799
Iteration 64  lb 12891012 ub 25779885  cores 232 232 3  time 20.3984 82.6261
Iteration 65  lb 12891012 ub 25779885  cores 236 236 4  time 20.6141 85.1115
Iteration 66  lb 12891012 ub 25779885  cores 240 240 4  time 20.7919 87.574
Iteration 67  lb 12891012 ub 25779885  cores 244 244 4  time 21.0089 90.3384
Iteration 68  lb 12891012 ub 25779885  cores 248 248 4  time 21.2215 92.957
Iteration 69  lb 12891012 ub 25779885  cores 251 251 3  time 21.4059 95.8805
Iteration 70  lb 12891012 ub 25779885  cores 254 254 3  time 21.5682 98.5722
Iteration 71  lb 12891012 ub 25779885  cores 257 257 3  time 21.8055 101.419
Iteration 72  lb 12891012 ub 25779885  cores 260 260 3  time 21.9698 103.896
Iteration 73  lb 12891012 ub 25779885  cores 263 263 3  time 22.2292 106.566
Iteration 74  lb 12891012 ub 25779885  cores 267 267 4  time 22.3879 109.692
Iteration 75  lb 12891012 ub 25779885  cores 271 271 4  time 22.7221 112.501
Iteration 76  lb 12891012 ub 25779885  cores 274 274 3  time 22.9826 115.284
Iteration 77  lb 12891012 ub 25779885  cores 277 277 3  time 23.1376 118.023
Iteration 78  lb 12891012 ub 25779885  cores 281 281 4  time 23.3929 120.891
Iteration 79  lb 12891012 ub 25779885  cores 284 284 3  time 23.6373 123.741
Iteration 80  lb 12891012 ub 25779885  cores 287 287 3  time 23.7817 126.868
Iteration 81  lb 12891012 ub 25779885  cores 290 290 3  time 23.9769 130.431
Iteration 82  lb 12891012 ub 25779885  cores 293 293 3  time 24.148 134.063
Iteration 83  lb 12891012 ub 25779885  cores 296 296 3  time 24.3813 137.755
Iteration 84  lb 12891012 ub 25779885  cores 299 299 3  time 24.5684 141.423
Iteration 85  lb 12891012 ub 25779885  cores 302 302 3  time 24.6946 144.675
Iteration 86  lb 12891012 ub 25779885  cores 306 306 4  time 24.848 147.995
Iteration 87  lb 12891012 ub 25779885  cores 309 309 3  time 24.9999 158.3
Iteration 88  lb 12891012 ub 25779885  cores 312 312 3  time 25.1785 162.026
Iteration 89  lb 12891012 ub 25779885  cores 315 315 3  time 25.3436 172.659
Iteration 90  lb 12891012 ub 25779885  cores 318 318 3  time 25.508 175.917
Iteration 91  lb 12891013 ub 25779885  cores 321 321 3  time 25.862 190.331
Iteration 92  lb 12891013 ub 25779885  cores 324 324 3  time 26.4815 203.114
Iteration 93  lb 12891013 ub 25779885  cores 327 327 3  time 26.6717 218.562
Iteration 94  lb 12891013 ub 25779885  cores 330 330 3  time 26.769 232.796
Iteration 95  lb 12891013 ub 25779885  cores 333 333 3  time 27.0036 245.088
Iteration 96  lb 12891013 ub 25779885  cores 336 336 3  time 27.1226 257.12
Iteration 97  lb 12891013 ub 25779885  cores 339 339 3  time 27.2615 268.705
Iteration 98  lb 12891013 ub 25779885  cores 342 342 3  time 27.3594 282.381
Iteration 99  lb 12891013 ub 25779885  cores 345 345 3  time 27.5121 296.829
Iteration 100  lb 12891013 ub 25779885  cores 348 348 3  time 27.6642 308.535
Iteration 101  lb 12891013 ub 25779885  cores 351 351 3  time 27.8021 321.934
Iteration 102  lb 12891013 ub 25779885  cores 354 354 3  time 28.3044 335.679
Iteration 103  lb 12891013 ub 25779885  cores 357 357 3  time 28.6593 349.179
Iteration 104  lb 12891013 ub 25779885  cores 360 360 3  time 28.8554 362.646
Iteration 105  lb 12891013 ub 25779885  cores 363 363 3  time 29.6061 374.645
Iteration 106  lb 12891013 ub 25779885  cores 366 366 3  time 29.7624 386.454
Iteration 107  lb 12891013 ub 25779885  cores 369 369 3  time 29.8422 398.296
Iteration 108  lb 12891013 ub 25779885  cores 372 372 3  time 30.2689 410.06
Iteration 109  lb 12891013 ub 25779885  cores 375 375 3  time 30.6279 422.075
Iteration 110  lb 12891013 ub 25779885  cores 378 378 3  time 30.7294 432.707
Iteration 111  lb 12891013 ub 25779885  cores 381 381 3  time 30.9382 443.873
Iteration 112  lb 12891013 ub 25779885  cores 384 384 3  time 31.1222 456.44
Iteration 113  lb 12891013 ub 25779885  cores 387 387 3  time 31.3793 468.332
Iteration 114  lb 12891013 ub 25779885  cores 389 389 2  time 31.4099 479.231
Iteration 115  lb 12891013 ub 25779885  cores 392 392 3  time 31.5867 491.269
Iteration 116  lb 12891013 ub 25779885  cores 395 395 3  time 31.695 502.331
Iteration 117  lb 12891013 ub 25779885  cores 398 398 3  time 31.7596 514.189
Iteration 118  lb 12891013 ub 25779885  cores 401 401 3  time 31.9567 526.167
Iteration 119  lb 12891013 ub 25779885  cores 404 404 3  time 32.337 537.244
Iteration 120  lb 12891013 ub 25779885  cores 407 407 3  time 32.5896 546.941
Iteration 121  lb 12891013 ub 25779885  cores 410 410 3  time 33.0115 557.077
Iteration 122  lb 12891013 ub 25779885  cores 413 413 3  time 33.1437 566.951
Iteration 123  lb 12891013 ub 25779885  cores 416 416 3  time 33.406 578.48
Iteration 124  lb 12891013 ub 25779885  cores 419 419 3  time 33.5258 589.222
Iteration 125  lb 12891013 ub 25779885  cores 423 423 4  time 33.6802 599.474
Iteration 126  lb 12891013 ub 25779885  cores 426 426 3  time 33.8843 609.457
Iteration 127  lb 12891013 ub 25779885  cores 429 429 3  time 33.9988 620.292
Iteration 128  lb 12891013 ub 25779885  cores 432 432 3  time 34.2122 630.725
Iteration 129  lb 12891013 ub 25779885  cores 435 435 3  time 34.4644 640.197
Iteration 130  lb 12891013 ub 25779885  cores 438 438 3  time 34.5472 650.915
Iteration 131  lb 12891013 ub 25779885  cores 441 441 3  time 34.8485 660.766
Iteration 132  lb 12891013 ub 25779885  cores 444 444 3  time 34.9945 671.03
Iteration 133  lb 12891013 ub 25779885  cores 447 447 3  time 35.3265 681.962
Iteration 134  lb 12891013 ub 25779885  cores 450 450 3  time 35.4879 692.883
Iteration 135  lb 12891013 ub 25779885  cores 453 453 3  time 35.6541 699.403
Iteration 136  lb 12891013 ub 25779885  cores 456 456 3  time 35.8396 710.164
Iteration 137  lb 12891013 ub 25779885  cores 459 459 3  time 35.9538 720.473
Iteration 138  lb 12891013 ub 25779885  cores 462 462 3  time 36.0836 731.736
Iteration 139  lb 12891013 ub 25779885  cores 466 466 4  time 36.234 738.419
Iteration 140  lb 12891013 ub 25779885  cores 468 468 2  time 36.2756 748.38
Iteration 141  lb 12891013 ub 25779885  cores 471 471 3  time 36.4621 754.147
Iteration 142  lb 12891013 ub 25779885  cores 474 474 3  time 36.6525 764.63
Iteration 143  lb 12891013 ub 25779885  cores 477 477 3  time 36.9328 776.648
Iteration 144  lb 12891013 ub 25779885  cores 480 480 3  time 36.998 783.573
Iteration 145  lb 12891013 ub 25779885  cores 483 483 3  time 37.0735 789.663
Iteration 146  lb 12891013 ub 25779885  cores 486 486 3  time 37.295 803.493
Iteration 147  lb 12891013 ub 25779885  cores 489 489 3  time 37.624 815.135
Iteration 148  lb 12891013 ub 25779885  cores 493 493 4  time 37.9806 820.998
Iteration 149  lb 12891013 ub 25779885  cores 496 496 3  time 38.2087 832.34
Iteration 150  lb 12891013 ub 25779885  cores 499 499 3  time 38.4375 838.984
Iteration 151  lb 12891013 ub 25779885  cores 501 501 2  time 38.5097 852.974
Iteration 152  lb 12891013 ub 25779885  cores 504 504 3  time 38.8067 864.144
Iteration 153  lb 12891013 ub 25779885  cores 507 507 3  time 38.9069 875.791
Iteration 154  lb 12891013 ub 25779885  cores 510 510 3  time 39.1083 904.855
Iteration 155  lb 12891013 ub 25779885  cores 513 513 3  time 39.1967 932.827
Iteration 156  lb 12891013 ub 25779885  cores 516 516 3  time 39.5927 961.551
Iteration 157  lb 12891013 ub 25779885  cores 519 519 3  time 39.9926 985.93
Iteration 158  lb 12891013 ub 25779885  cores 522 522 3  time 40.1671 1035.42
Iteration 159  lb 12891014 ub 25779885  cores 525 525 3  time 40.3204 1153.52
Iteration 160  lb 12891014 ub 25779885  cores 528 528 3  time 40.6142 1240.76
Iteration 161  lb 12891014 ub 25779885  cores 530 530 2  time 40.7265 1306.43
Iteration 162  lb 12891014 ub 25779885  cores 532 532 2  time 40.892 1409.21
Iteration 163  lb 12891014 ub 25779885  cores 535 535 3  time 41.0268 1498.64
Iteration 164  lb 12891014 ub 25779885  cores 538 538 3  time 41.16 1560.95
Iteration 165  lb 12891014 ub 25779885  cores 541 541 3  time 41.3006 1654.5
Iteration 166  lb 12891014 ub 25779885  cores 544 544 3  time 41.5212 1749.23
Iteration 167  lb 12891014 ub 25779885  cores 547 547 3  time 41.6106 1833.97
Iteration 168  lb 12891014 ub 25779885  cores 550 550 3  time 41.8054 1925.3
Iteration 169  lb 12891014 ub 25779885  cores 553 553 3  time 41.9477 1983.76
Iteration 170  lb 12891014 ub 25779885  cores 556 555 3  time 42.1996 2044.24
Iteration 171  lb 12891014 ub 25779885  cores 560 559 4  time 42.3937 2105.38
Iteration 172  lb 12891014 ub 25779885  cores 564 563 4  time 42.7193 2155.16
Iteration 173  lb 12891014 ub 25779885  cores 567 566 3  time 42.8955 2200.89
Iteration 174  lb 12891014 ub 25779885  cores 571 570 4  time 43.3187 2249.27
Iteration 175  lb 12891014 ub 25779885  cores 574 573 3  time 43.5745 2298.21
Iteration 176  lb 12891014 ub 25779885  cores 577 576 3  time 43.7857 2351.67
Iteration 177  lb 12891014 ub 25779885  cores 580 579 3  time 43.9326 2397.92
Iteration 178  lb 12891014 ub 25779885  cores 583 582 3  time 44.084 2449.32
Iteration 179  lb 12891014 ub 25779885  cores 586 585 3  time 44.3716 2498.39
Iteration 180  lb 12891014 ub 25779885  cores 589 588 3  time 44.7118 2550.03
Iteration 181  lb 12891014 ub 25779885  cores 592 591 3  time 44.961 2594.88
Iteration 182  lb 12891014 ub 25779885  cores 594 593 2  time 45.0663 2643.81
Iteration 183  lb 12891014 ub 25779885  cores 597 596 3  time 45.2319 2690.44
Iteration 184  lb 12891014 ub 25779885  cores 600 599 3  time 45.35 2733.02
Iteration 185  lb 12891014 ub 25779885  cores 603 602 3  time 45.6615 2782.18
Iteration 186  lb 12891014 ub 25779885  cores 606 605 3  time 45.8245 2830.57
Iteration 187  lb 12891014 ub 25779885  cores 609 608 3  time 45.8988 2878.6
Iteration 188  lb 12891014 ub 25779885  cores 612 611 3  time 45.9721 2921.44
Iteration 189  lb 12891014 ub 25779885  cores 615 614 3  time 46.0683 2965.84
Iteration 190  lb 12891014 ub 25779885  cores 619 618 4  time 46.2918 3024
Iteration 191  lb 12891014 ub 25779885  cores 622 621 3  time 46.3456 3069.64
Iteration 192  lb 12891014 ub 25779885  cores 625 624 3  time 46.4114 3111.69
Iteration 193  lb 12891014 ub 25779885  cores 627 626 2  time 46.5846 3156.4
Iteration 194  lb 12891014 ub 25779885  cores 630 629 3  time 46.7006 3203.03
Iteration 195  lb 12891014 ub 25779885  cores 633 632 3  time 46.8876 3250.69
Iteration 196  lb 12891014 ub 25779885  cores 636 635 3  time 47.0407 3295.23
Iteration 197  lb 12891014 ub 25779885  cores 639 638 3  time 47.1875 3342.27
Iteration 198  lb 12891014 ub 25779885  cores 642 641 3  time 47.2514 3390.14
Iteration 199  lb 12891014 ub 25779885  cores 645 644 3  time 47.3453 3435.03
Iteration 200  lb 12891014 ub 25779885  cores 648 647 3  time 47.4519 3481.88
Iteration 201  lb 12891014 ub 25779885  cores 651 650 3  time 47.5729 3526.05
