lb 342288 ub 20639848 before adjustment
lb 0 ub 20297560 after adjustment
costs ready
12 variables 78 functions 342288 lb, 20297560 ub
Iteration 0  HV  cores 3 3 3  time 25.6708 0 0.013278
Iteration 1 MHV  lb 342311 ub 20639847  time 25.6766 0.203732 0.013278
Iteration 2  HV  cores 6 6 3  time 38.6328 0.203732 0.13629
Iteration 3 MHV  lb 342325 ub 13877474  time 38.6379 0.43032 0.13629
Iteration 4  HV  cores 9 9 3  time 41.0907 0.43032 0.994324
Iteration 5  HV  cores 11 11 2  time 42.5429 0.43032 1.84996
Iteration 6 MHV  lb 342329 ub 9735338  time 42.5481 0.662327 1.84996
Iteration 7  HV  cores 13 13 2  time 44.2693 0.662327 2.90044
Iteration 8 MHV  lb 342338 ub 9727914  time 44.2745 0.898533 2.90044
Iteration 9  HV  cores 15 15 2  time 45.5001 0.898533 3.9569
Iteration 10 MHV  lb 342340 ub 6664782  time 45.5054 1.16044 3.9569
Iteration 11  HV  cores 18 18 3  time 47.2617 1.16044 5.109
Iteration 12  HV  cores 19 19 1  time 47.4878 1.16044 6.25632
Iteration 13  HV  cores 20 20 1  time 47.6261 1.16044 7.39921
Iteration 14 MHV  lb 342342 ub 4953347  time 47.6313 1.40521 7.39921
Iteration 15  HV  cores 23 23 3  time 50.2667 1.40521 8.5781
Iteration 16 MHV  lb 342345 ub 346661  time 50.2814 1.69457 8.5781
Iteration 17  HV  cores 26 25 3  time 51.3688 1.69457 10.1218
Iteration 18 MHV  lb 342348 ub 346577  time 51.3867 1.9523 10.1218
Iteration 19  HV  cores 28 27 2  time 51.7755 1.9523 11.6548
Iteration 20  HV  cores 30 29 2  time 52.9031 1.9523 13.1815
Iteration 21 MHV  lb 342351 ub 346556  time 52.9107 2.25949 13.1815
Iteration 22  HV  cores 32 31 2  time 53.5891 2.25949 14.7178
Iteration 23  HV  cores 35 34 3  time 56.6756 2.25949 16.2526
Iteration 24 MHV  lb 342352 ub 346540  time 56.6878 2.58132 16.2526
Iteration 25  HV  cores 37 36 2  time 57.0527 2.58132 17.7815
Iteration 26  HV  cores 39 38 2  time 57.5272 2.58132 19.3147
Iteration 27  HV  cores 42 41 3  time 58.3837 2.58132 20.8425
Iteration 28  HV  cores 44 43 2  time 59.8298 2.58132 22.1621
Iteration 29  HV  cores 45 44 1  time 60.1505 2.58132 23.4788
Iteration 30  HV  cores 46 45 1  time 60.395 2.58132 24.7959
Iteration 31  HV  cores 47 46 1  time 60.6112 2.58132 26.1149
Iteration 32  HV  cores 48 47 1  time 60.8471 2.58132 27.4287
Iteration 33  HV  cores 49 48 1  time 61.1935 2.58132 28.7417
Iteration 34  HV  cores 50 49 1  time 61.4681 2.58132 30.0564
Iteration 35  HV  cores 51 50 1  time 62.0335 2.58132 31.5882
Iteration 36  HV  cores 52 51 1  time 62.3352 2.58132 33.1194
Iteration 37  HV  cores 53 51 1  time 62.608 2.58132 34.6476
Iteration 38  HV  cores 54 52 1  time 62.8074 2.58132 36.1829
Iteration 39  HV  cores 55 51 1  time 62.993 2.58132 37.7165
Iteration 40  HV  cores 56 52 1  time 63.1723 2.58132 39.2504
Iteration 41  HV  cores 57 51 1  time 63.3382 2.58132 40.7845
Iteration 42  HV  cores 58 52 1  time 63.6621 2.58132 42.3214
Iteration 43  HV  cores 60 54 2  time 68.2021 2.58132 43.8518
Iteration 44  HV  cores 62 56 2  time 74.264 2.58132 45.3864
Iteration 45  HV  cores 64 58 2  time 76.0892 2.58132 46.9209
Iteration 46  HV  cores 66 60 2  time 78.5153 2.58132 48.4571
Iteration 47  HV  cores 68 62 2  time 82.6487 2.58132 49.9935
Iteration 48  HV  cores 70 64 2  time 86.4055 2.58132 51.5378
Iteration 49  HV  cores 71 65 1  time 86.6815 2.58132 53.0784
Iteration 50  HV  cores 72 66 1  time 86.9708 2.58132 54.6719
Iteration 51  HV  cores 73 67 1  time 87.1338 2.58132 56.2658
Iteration 52  HV  cores 75 69 2  time 88.5422 2.58132 57.8651
Iteration 53  HV  cores 76 70 1  time 88.6729 2.58132 59.4661
Iteration 54  HV  cores 77 71 1  time 89.2346 2.58132 61.0652
Iteration 55  HV  cores 79 73 2  time 92.8807 2.58132 62.6783
Iteration 56  HV  cores 81 75 2  time 101.936 2.58132 64.279
Iteration 57  HV  cores 83 77 2  time 104.011 2.58132 65.881
Iteration 58  HV  cores 85 78 2  time 104.546 2.58132 67.4903
Iteration 59  HV  cores 86 79 1  time 104.892 2.58132 69.0984
Iteration 60  HV  cores 87 80 1  time 105.108 2.58132 70.706
Iteration 61  HV  cores 88 81 1  time 105.611 2.58132 72.3251
Iteration 62  HV  cores 89 82 1  time 105.963 2.58132 73.9375
Iteration 63  HV  cores 91 84 2  time 107.954 2.58132 75.5495
Iteration 64  HV  cores 92 85 1  time 108.182 2.58132 77.169
Iteration 65  HV  cores 94 87 2  time 109.104 2.58132 78.7882
Iteration 66  HV  cores 95 88 1  time 110.12 2.58132 80.4079
Iteration 67  HV  cores 96 89 1  time 110.419 2.58132 82.0287
Iteration 68  HV  cores 98 91 2  time 112.862 2.58132 83.6536
Iteration 69  HV  cores 99 92 1  time 113.662 2.58132 85.2787
Iteration 70  HV  cores 100 93 1  time 114.065 2.58132 86.9062
Iteration 71  HV  cores 101 94 1  time 114.585 2.58132 88.5334
Iteration 72  HV  cores 102 95 1  time 115.295 2.58132 90.1604
Iteration 73  HV  cores 103 96 1  time 116.996 2.58132 91.7849
Iteration 74  HV  cores 104 97 1  time 117.676 2.58132 93.4069
Iteration 75  HV  cores 105 98 1  time 118.708 2.58132 95.0258
Iteration 76  HV  cores 106 99 1  time 118.922 2.58132 96.6444
Iteration 77  HV  cores 107 100 1  time 119.476 2.58132 98.2645
Iteration 78  HV  cores 108 101 1  time 119.659 2.58132 99.8836
Iteration 79  HV  cores 109 102 1  time 119.891 2.58132 101.503
Iteration 80  HV  cores 110 103 1  time 120.216 2.58132 102.884
Iteration 81  HV  cores 111 104 1  time 120.506 2.58132 104.271
Iteration 82  HV  cores 112 105 1  time 120.613 2.58132 105.662
Iteration 83  HV  cores 113 106 1  time 121.03 2.58132 107.056
Iteration 84  HV  cores 114 107 1  time 121.686 2.58132 108.447
Iteration 85  HV  cores 115 108 1  time 122.106 2.58132 109.835
Iteration 86  HV  cores 116 109 1  time 122.298 2.58132 111.221
Iteration 87  HV  cores 117 110 1  time 122.846 2.58132 112.613
Iteration 88  HV  cores 119 112 2  time 124.163 2.58132 113.999
Iteration 89  HV  cores 121 114 2  time 127.559 2.58132 115.391
Iteration 90  HV  cores 122 115 1  time 127.653 2.58132 116.781
Iteration 91  HV  cores 123 116 1  time 127.91 2.58132 118.172
Iteration 92  HV  cores 124 117 1  time 128.147 2.58132 119.562
Iteration 93  HV  cores 125 118 1  time 128.201 2.58132 120.957
Iteration 94  HV  cores 127 120 2  time 130.818 2.58132 122.348
Iteration 95  HV  cores 128 121 1  time 131.071 2.58132 123.738
Iteration 96  HV  cores 130 123 2  time 132.312 2.58132 125.135
Iteration 97  HV  cores 132 125 2  time 133.906 2.58132 126.533
Iteration 98  HV  cores 133 126 1  time 134.756 2.58132 127.925
Iteration 99 MHV  lb 342384 ub 346539  time 134.766 2.98763 127.925
Iteration 100  HV  cores 135 128 2  time 135.652 2.98763 129.341
Iteration 101  HV  cores 137 130 2  time 136.587 2.98763 130.743
Iteration 102  HV  cores 138 131 1  time 137.489 2.98763 132.139
Iteration 103  HV  cores 140 133 2  time 137.9 2.98763 133.54
Iteration 104  HV  cores 142 135 2  time 138.893 2.98763 134.938
Iteration 105  HV  cores 144 137 2  time 139.676 2.98763 136.339
Iteration 106  HV  cores 145 138 1  time 139.792 2.98763 137.741
Iteration 107  HV  cores 146 139 1  time 140.007 2.98763 139.144
Iteration 108  HV  cores 147 140 1  time 140.138 2.98763 140.548
Iteration 109  HV  cores 148 141 1  time 140.482 2.98763 141.952
Iteration 110  HV  cores 149 142 1  time 141.122 2.98763 143.59
Iteration 111  HV  cores 150 143 1  time 141.412 2.98763 145.225
Iteration 112  HV  cores 151 144 1  time 141.724 2.98763 146.861
Iteration 113  HV  cores 152 145 1  time 142.508 2.98763 148.498
Iteration 114  HV  cores 154 147 2  time 143.088 2.98763 150.134
Iteration 115  HV  cores 156 149 2  time 143.92 2.98763 151.772
Iteration 116  HV  cores 157 150 1  time 144.462 2.98763 153.408
Iteration 117  HV  cores 158 151 1  time 144.672 2.98763 155.045
Iteration 118  HV  cores 160 153 2  time 145.257 2.98763 156.682
Iteration 119  HV  cores 161 154 1  time 145.763 2.98763 158.32
Iteration 120  HV  cores 163 156 2  time 146.011 2.98763 159.959
Iteration 121  HV  cores 164 157 1  time 146.595 2.98763 161.598
Iteration 122  HV  cores 165 158 1  time 147.262 2.98763 163.253
Iteration 123  HV  cores 166 159 1  time 147.488 2.98763 164.904
Iteration 124  HV  cores 168 161 2  time 148.526 2.98763 166.552
Iteration 125  HV  cores 170 163 2  time 149.309 2.98763 168.197
Iteration 126  HV  cores 171 164 1  time 149.549 2.98763 169.84
Iteration 127  HV  cores 172 165 1  time 149.717 2.98763 171.485
Iteration 128  HV  cores 173 166 1  time 149.923 2.98763 173.136
Iteration 129  HV  cores 174 167 1  time 150.365 2.98763 174.783
Iteration 130  HV  cores 175 168 1  time 151.039 2.98763 176.431
Iteration 131  HV  cores 176 169 1  time 151.254 2.98763 178.079
Iteration 132  HV  cores 178 171 2  time 151.927 2.98763 179.732
Iteration 133  HV  cores 179 172 1  time 152.021 2.98763 181.384
Iteration 134  HV  cores 180 173 1  time 152.398 2.98763 183.035
Iteration 135  HV  cores 181 174 1  time 153.745 2.98763 184.691
Iteration 136  HV  cores 182 175 1  time 153.951 2.98763 186.34
Iteration 137  HV  cores 183 176 1  time 154.125 2.98763 187.988
Iteration 138  HV  cores 184 177 1  time 154.521 2.98763 189.642
Iteration 139  HV  cores 185 178 1  time 154.972 2.98763 191.293
Iteration 140  HV  cores 186 179 1  time 155.208 2.98763 192.948
Iteration 141  HV  cores 188 181 2  time 156.141 2.98763 194.602
Iteration 142  HV  cores 189 182 1  time 157.022 2.98763 196.256
Iteration 143  HV  cores 190 183 1  time 157.107 2.98763 197.909
Iteration 144  HV  cores 191 184 1  time 157.702 2.98763 199.561
Iteration 145  HV  cores 192 185 1  time 158.169 2.98763 201.223
Iteration 146  HV  cores 194 187 2  time 159.34 2.98763 202.887
Iteration 147  HV  cores 196 189 2  time 160.283 2.98763 204.553
Iteration 148  HV  cores 197 190 1  time 160.494 2.98763 206.217
Iteration 149  HV  cores 199 192 2  time 160.905 2.98763 207.881
Iteration 150  HV  cores 201 194 2  time 162.177 2.98763 209.547
Iteration 151  HV  cores 203 196 2  time 163.183 2.98763 211.21
Iteration 152  HV  cores 204 197 1  time 163.751 2.98763 212.639
Iteration 153  HV  cores 206 199 2  time 164.284 2.98763 214.068
Iteration 154  HV  cores 207 200 1  time 164.676 2.98763 215.498
Iteration 155  HV  cores 209 202 2  time 169.892 2.98763 216.938
Iteration 156  HV  cores 210 203 1  time 170.179 2.98763 218.376
Iteration 157  HV  cores 211 204 1  time 170.432 2.98763 219.815
Iteration 158  HV  cores 213 206 2  time 171.005 2.98763 221.256
Iteration 159  HV  cores 214 207 1  time 171.204 2.98763 222.695
Iteration 160  HV  cores 216 209 2  time 172.19 2.98763 224.135
Iteration 161  HV  cores 217 210 1  time 172.951 2.98763 225.573
Iteration 162  HV  cores 218 211 1  time 173.297 2.98763 227.011
Iteration 163  HV  cores 219 212 1  time 173.494 2.98763 228.443
Iteration 164  HV  cores 221 214 2  time 175.425 2.98763 229.903
Iteration 165  HV  cores 222 215 1  time 175.726 2.98763 231.364
Iteration 166  HV  cores 224 217 2  time 176.38 2.98763 232.825
Iteration 167  HV  cores 225 218 1  time 176.736 2.98763 234.286
Iteration 168  HV  cores 226 219 1  time 177.317 2.98763 235.752
Iteration 169  HV  cores 227 220 1  time 177.445 2.98763 237.219
Iteration 170  HV  cores 229 222 2  time 177.997 2.98763 238.692
Iteration 171  HV  cores 231 224 2  time 178.607 2.98763 240.159
Iteration 172  HV  cores 233 226 2  time 179.899 2.98763 241.62
Iteration 173  HV  cores 235 227 2  time 180.417 2.98763 243.084
Iteration 174  HV  cores 236 228 1  time 180.988 2.98763 244.554
Iteration 175  HV  cores 237 229 1  time 181.516 2.98763 246.025
Iteration 176  HV  cores 238 230 1  time 182.434 2.98763 247.498
Iteration 177  HV  cores 240 232 2  time 183.898 2.98763 248.964
Iteration 178  HV  cores 242 234 2  time 183.972 2.98763 250.434
Iteration 179  HV  cores 243 235 1  time 184.293 2.98763 251.902
Iteration 180  HV  cores 244 236 1  time 184.586 2.98763 253.372
Iteration 181  HV  cores 246 238 2  time 185.109 2.98763 254.841
Iteration 182  HV  cores 247 239 1  time 186.409 2.98763 256.311
Iteration 183  HV  cores 249 241 2  time 187.385 2.98763 257.783
Iteration 184  HV  cores 251 243 2  time 188.078 2.98763 259.254
Iteration 185  HV  cores 253 245 2  time 188.674 2.98763 260.731
Iteration 186  HV  cores 255 247 2  time 189.114 2.98763 262.203
Iteration 187  HV  cores 256 248 1  time 189.614 2.98763 263.676
Iteration 188  HV  cores 258 250 2  time 190.031 2.98763 265.15
Iteration 189  HV  cores 260 252 2  time 191.175 2.98763 266.628
Iteration 190  HV  cores 263 255 3  time 191.902 2.98763 268.096
Iteration 191  HV  cores 265 257 2  time 192.5 2.98763 269.565
Iteration 192  HV  cores 267 259 2  time 194.987 2.98763 271.04
Iteration 193  HV  cores 268 260 1  time 195.133 2.98763 272.524
Iteration 194  HV  cores 269 261 1  time 195.501 2.98763 274.002
Iteration 195  HV  cores 271 263 2  time 197.156 2.98763 275.481
Iteration 196  HV  cores 273 265 2  time 197.776 2.98763 276.958
Iteration 197  HV  cores 274 266 1  time 198.26 2.98763 278.439
Iteration 198  HV  cores 275 267 1  time 199.203 2.98763 279.918
Iteration 199  HV  cores 277 269 2  time 199.79 2.98763 281.394
Iteration 200  HV  cores 278 270 1  time 200.496 2.98763 282.873
Iteration 201  HV  cores 280 272 2  time 201.529 2.98763 284.351
Iteration 202  HV  cores 281 273 1  time 202.301 2.98763 285.831
Iteration 203  HV  cores 282 274 1  time 202.48 2.98763 287.309
Iteration 204  HV  cores 284 276 2  time 202.715 2.98763 288.793
Iteration 205  HV  cores 286 278 2  time 203.336 2.98763 290.274
Iteration 206  HV  cores 287 279 1  time 203.403 2.98763 291.753
Iteration 207  HV  cores 288 280 1  time 204.254 2.98763 293.241
Iteration 208  HV  cores 290 282 2  time 204.799 2.98763 294.72
Iteration 209  HV  cores 292 284 2  time 205.532 2.98763 296.21
Iteration 210  HV  cores 294 286 2  time 206.496 2.98763 297.698
Iteration 211  HV  cores 295 287 1  time 206.907 2.98763 299.184
Iteration 212  HV  cores 297 289 2  time 207.593 2.98763 300.671
Iteration 213  HV  cores 299 291 2  time 208.673 2.98763 302.16
Iteration 214  HV  cores 302 294 3  time 210.653 2.98763 303.639
Iteration 215  HV  cores 303 295 1  time 210.812 2.98763 305.119
Iteration 216  HV  cores 305 297 2  time 215.508 2.98763 306.597
Iteration 217  HV  cores 306 298 1  time 216.653 2.98763 308.079
Iteration 218  HV  cores 308 300 2  time 217.194 2.98763 309.557
Iteration 219  HV  cores 309 301 1  time 217.462 2.98763 311.036
Iteration 220  HV  cores 310 302 1  time 217.726 2.98763 312.516
Iteration 221  HV  cores 312 304 2  time 218.702 2.98763 314.004
Iteration 222  HV  cores 314 306 2  time 219.732 2.98763 315.496
Iteration 223  HV  cores 315 307 1  time 219.998 2.98763 316.98
Iteration 224  HV  cores 317 309 2  time 220.738 2.98763 318.465
Iteration 225  HV  cores 319 311 2  time 221.251 2.98763 319.961
Iteration 226  HV  cores 320 312 1  time 221.464 2.98763 321.455
Iteration 227  HV  cores 322 314 2  time 221.856 2.98763 322.948
Iteration 228  HV  cores 324 316 2  time 222.756 2.98763 324.448
Iteration 229  HV  cores 326 318 2  time 224.048 2.98763 325.944
Iteration 230  HV  cores 328 320 2  time 224.502 2.98763 327.439
Iteration 231  HV  cores 329 321 1  time 224.657 2.98763 328.939
Iteration 232  HV  cores 331 323 2  time 225.318 2.98763 330.438
Iteration 233  HV  cores 332 324 1  time 226.305 2.98763 331.94
Iteration 234  HV  cores 334 326 2  time 226.882 2.98763 333.434
Iteration 235  HV  cores 335 327 1  time 226.99 2.98763 334.933
Iteration 236  HV  cores 336 328 1  time 227.999 2.98763 336.429
Iteration 237  HV  cores 337 329 1  time 228.322 2.98763 337.928
Iteration 238  HV  cores 338 330 1  time 229.058 2.98763 339.423
Iteration 239  HV  cores 339 331 1  time 229.408 2.98763 340.917
Iteration 240  HV  cores 340 332 1  time 229.551 2.98763 342.417
Iteration 241  HV  cores 342 334 2  time 230.121 2.98763 343.91
Iteration 242  HV  cores 343 335 1  time 230.711 2.98763 345.41
Iteration 243  HV  cores 345 337 2  time 231.075 2.98763 346.912
Iteration 244  HV  cores 347 339 2  time 232.577 2.98763 348.429
Iteration 245  HV  cores 348 340 1  time 233.029 2.98763 349.94
Iteration 246  HV  cores 349 341 1  time 233.479 2.98763 351.449
Iteration 247  HV  cores 350 342 1  time 233.94 2.98763 352.955
Iteration 248  HV  cores 352 344 2  time 234.555 2.98763 354.459
Iteration 249  HV  cores 354 346 2  time 234.799 2.98763 355.971
Iteration 250  HV  cores 356 348 2  time 235.186 2.98763 357.476
Iteration 251  HV  cores 357 349 1  time 237.592 2.98763 359.005
Iteration 252  HV  cores 358 350 1  time 238.037 2.98763 360.534
Iteration 253  HV  cores 360 352 2  time 239.354 2.98763 362.068
Iteration 254  HV  cores 362 354 2  time 239.929 2.98763 363.592
Iteration 255  HV  cores 363 355 1  time 241.063 2.98763 365.118
Iteration 256  HV  cores 364 356 1  time 241.673 2.98763 366.642
Iteration 257  HV  cores 366 358 2  time 242.305 2.98763 368.162
Iteration 258  HV  cores 368 360 2  time 242.869 2.98763 369.679
Iteration 259  HV  cores 369 361 1  time 243.258 2.98763 371.197
Iteration 260  HV  cores 371 363 2  time 244.742 2.98763 372.721
Iteration 261  HV  cores 372 364 1  time 245.038 2.98763 374.243
Iteration 262  HV  cores 374 366 2  time 245.729 2.98763 375.76
Iteration 263  HV  cores 375 367 1  time 246.154 2.98763 377.275
Iteration 264  HV  cores 376 368 1  time 246.272 2.98763 378.802
Iteration 265  HV  cores 379 371 3  time 249.867 2.98763 380.317
Iteration 266  HV  cores 380 372 1  time 250.116 2.98763 381.839
Iteration 267  HV  cores 381 373 1  time 250.601 2.98763 383.357
Iteration 268  HV  cores 383 375 2  time 252.099 2.98763 384.886
Iteration 269  HV  cores 384 376 1  time 252.912 2.98763 386.413
Iteration 270  HV  cores 385 377 1  time 253.362 2.98763 387.937
Iteration 271  HV  cores 386 378 1  time 253.634 2.98763 389.461
Iteration 272  HV  cores 387 379 1  time 253.973 2.98763 390.982
Iteration 273  HV  cores 388 380 1  time 254.262 2.98763 392.506
Iteration 274  HV  cores 390 382 2  time 254.853 2.98763 394.036
Iteration 275  HV  cores 392 384 2  time 255.436 2.98763 395.564
Iteration 276  HV  cores 394 386 2  time 256.247 2.98763 397.101
Iteration 277  HV  cores 396 388 2  time 258.059 2.98763 398.626
Iteration 278  HV  cores 398 390 2  time 258.568 2.98763 400.156
Iteration 279  HV  cores 399 391 1  time 258.842 2.98763 401.681
Iteration 280  HV  cores 400 392 1  time 259.736 2.98763 403.208
Iteration 281  HV  cores 401 393 1  time 260.321 2.98763 404.74
Iteration 282  HV  cores 403 395 2  time 260.762 2.98763 406.276
Iteration 283  HV  cores 405 397 2  time 261.129 2.98763 407.802
Iteration 284  HV  cores 407 399 2  time 261.698 2.98763 409.331
Iteration 285  HV  cores 408 400 1  time 262.276 2.98763 410.859
Iteration 286  HV  cores 410 402 2  time 262.619 2.98763 412.397
Iteration 287  HV  cores 411 403 1  time 262.915 2.98763 413.928
Iteration 288  HV  cores 412 404 1  time 262.992 2.98763 415.456
Iteration 289  HV  cores 414 406 2  time 263.791 2.98763 416.985
Iteration 290  HV  cores 415 407 1  time 264.096 2.98763 418.516
Iteration 291  HV  cores 417 409 2  time 266.53 2.98763 420.046
Iteration 292  HV  cores 419 411 2  time 267.075 2.98763 421.587
Iteration 293  HV  cores 421 413 2  time 267.573 2.98763 423.122
Iteration 294  HV  cores 422 414 1  time 267.897 2.98763 424.658
Iteration 295  HV  cores 424 416 2  time 268.146 2.98763 426.189
Iteration 296  HV  cores 426 418 2  time 268.941 2.98763 427.725
Iteration 297  HV  cores 428 420 2  time 269.814 2.98763 429.263
Iteration 298  HV  cores 430 422 2  time 276.223 2.98763 430.798
Iteration 299  HV  cores 432 424 2  time 278.561 2.98763 432.333
Iteration 300  HV  cores 434 426 2  time 279.233 2.98763 433.87
Iteration 301  HV  cores 436 428 2  time 280.058 2.98763 435.407
Iteration 302  HV  cores 438 430 2  time 280.512 2.98763 436.942
Iteration 303  HV  cores 440 432 2  time 280.791 2.98763 438.48
Iteration 304  HV  cores 442 434 2  time 281.863 2.98763 440.026
Iteration 305  HV  cores 444 436 2  time 282.674 2.98763 441.563
Iteration 306  HV  cores 446 438 2  time 283.108 2.98763 443.106
Iteration 307  HV  cores 448 440 2  time 284.002 2.98763 444.639
Iteration 308  HV  cores 450 442 2  time 285.152 2.98763 446.177
Iteration 309  HV  cores 452 444 2  time 286.918 2.98763 447.711
Iteration 310  HV  cores 454 446 2  time 287.255 2.98763 449.252
Iteration 311  HV  cores 456 448 2  time 288.019 2.98763 450.793
Iteration 312  HV  cores 457 449 1  time 289.071 2.98763 452.336
Iteration 313  HV  cores 458 450 1  time 289.617 2.98763 453.884
Iteration 314  HV  cores 460 452 2  time 290.409 2.98763 455.427
Iteration 315  HV  cores 462 454 2  time 291.028 2.98763 456.973
Iteration 316  HV  cores 464 456 2  time 291.718 2.98763 458.524
Iteration 317  HV  cores 466 458 2  time 292.328 2.98763 460.071
Iteration 318  HV  cores 467 459 1  time 292.664 2.98763 461.622
Iteration 319  HV  cores 469 461 2  time 293.236 2.98763 463.176
Iteration 320  HV  cores 471 463 2  time 293.941 2.98763 464.729
Iteration 321  HV  cores 473 465 2  time 294.439 2.98763 466.283
Iteration 322  HV  cores 475 467 2  time 294.898 2.98763 467.839
Iteration 323  HV  cores 477 469 2  time 295.471 2.98763 469.397
Iteration 324  HV  cores 479 471 2  time 296.24 2.98763 470.953
Iteration 325  HV  cores 480 472 1  time 296.95 2.98763 472.515
Iteration 326  HV  cores 482 474 2  time 297.9 2.98763 474.072
Iteration 327  HV  cores 484 476 2  time 298.405 2.98763 475.637
Iteration 328  HV  cores 486 478 2  time 299.188 2.98763 477.201
Iteration 329  HV  cores 487 479 1  time 299.431 2.98763 478.759
Iteration 330  HV  cores 488 480 1  time 299.583 2.98763 480.319
Iteration 331  HV  cores 490 482 2  time 300.344 2.98763 481.885
Iteration 332  HV  cores 491 483 1  time 300.947 2.98763 483.449
Iteration 333  HV  cores 492 484 1  time 301.126 2.98763 485.012
Iteration 334  HV  cores 494 486 2  time 301.385 2.98763 486.541
Iteration 335  HV  cores 496 488 2  time 302.504 2.98763 488.073
Iteration 336  HV  cores 497 489 1  time 302.853 2.98763 489.601
Iteration 337  HV  cores 499 491 2  time 303.514 2.98763 491.135
Iteration 338  HV  cores 500 492 1  time 303.754 2.98763 492.672
Iteration 339  HV  cores 501 493 1  time 304.671 2.98763 494.201
Iteration 340  HV  cores 503 495 2  time 305.78 2.98763 495.742
Iteration 341  HV  cores 505 497 2  time 306.439 2.98763 497.282
Iteration 342  HV  cores 507 499 2  time 306.974 2.98763 498.813
Iteration 343  HV  cores 509 501 2  time 307.5 2.98763 500.349
Iteration 344  HV  cores 511 503 2  time 309.207 2.98763 501.898
Iteration 345  HV  cores 512 504 1  time 309.497 2.98763 503.451
Iteration 346  HV  cores 514 506 2  time 310.054 2.98763 505
Iteration 347  HV  cores 516 508 2  time 310.912 2.98763 506.545
Iteration 348  HV  cores 518 510 2  time 311.239 2.98763 508.089
Iteration 349  HV  cores 519 511 1  time 312.007 2.98763 509.643
Iteration 350  HV  cores 522 514 3  time 314.108 2.98763 511.184
Iteration 351  HV  cores 524 516 2  time 314.735 2.98763 512.735
Iteration 352  HV  cores 526 518 2  time 315.437 2.98763 514.275
Iteration 353  HV  cores 528 520 2  time 316.468 2.98763 515.822
Iteration 354  HV  cores 529 521 1  time 316.648 2.98763 517.365
Iteration 355  HV  cores 531 523 2  time 317.514 2.98763 518.92
Iteration 356  HV  cores 534 526 3  time 318.708 2.98763 520.465
Iteration 357  HV  cores 536 528 2  time 319.078 2.98763 522.011
Iteration 358  HV  cores 538 530 2  time 319.341 2.98763 523.56
Iteration 359  HV  cores 540 532 2  time 320.028 2.98763 525.1
Iteration 360  HV  cores 541 533 1  time 320.245 2.98763 526.637
Iteration 361  HV  cores 543 535 2  time 320.725 2.98763 528.175
Iteration 362  HV  cores 545 537 2  time 321.733 2.98763 529.71
Iteration 363  HV  cores 547 539 2  time 322.862 2.98763 531.249
Iteration 364  HV  cores 549 541 2  time 323.847 2.98763 532.788
Iteration 365  HV  cores 550 542 1  time 324.016 2.98763 534.327
Iteration 366  HV  cores 552 544 2  time 325.538 2.98763 535.863
Iteration 367  HV  cores 554 546 2  time 325.855 2.98763 537.405
Iteration 368  HV  cores 556 548 2  time 327.002 2.98763 538.95
Iteration 369  HV  cores 558 550 2  time 327.477 2.98763 540.491
Iteration 370  HV  cores 560 552 2  time 327.623 2.98763 542.038
Iteration 371  HV  cores 562 554 2  time 328.167 2.98763 543.604
Iteration 372  HV  cores 563 555 1  time 330.526 2.98763 545.161
Iteration 373  HV  cores 565 557 2  time 330.724 2.98763 546.722
Iteration 374  HV  cores 567 559 2  time 330.957 2.98763 548.28
Iteration 375  HV  cores 569 561 2  time 331.698 2.98763 549.835
Iteration 376  HV  cores 571 563 2  time 332.795 2.98763 551.396
Iteration 377  HV  cores 572 564 1  time 333.056 2.98763 552.955
Iteration 378  HV  cores 574 566 2  time 333.353 2.98763 554.512
Iteration 379  HV  cores 576 568 2  time 334.005 2.98763 556.068
Iteration 380  HV  cores 577 569 1  time 334.164 2.98763 557.633
Iteration 381  HV  cores 579 571 2  time 335.397 2.98763 559.187
Iteration 382  HV  cores 581 573 2  time 336.316 2.98763 560.744
Iteration 383  HV  cores 583 575 2  time 336.948 2.98763 562.298
Iteration 384  HV  cores 584 576 1  time 337.363 2.98763 563.856
Iteration 385  HV  cores 586 578 2  time 338.068 2.98763 565.41
Iteration 386  HV  cores 588 580 2  time 338.419 2.98763 566.976
Iteration 387  HV  cores 590 582 2  time 339.351 2.98763 568.542
Iteration 388  HV  cores 592 584 2  time 340.318 2.98763 570.101
Iteration 389  HV  cores 594 586 2  time 340.552 2.98763 571.657
Iteration 390  HV  cores 596 588 2  time 341.424 2.98763 573.217
Iteration 391  HV  cores 598 590 2  time 342.243 2.98763 574.776
Iteration 392  HV  cores 600 592 2  time 348.369 2.98763 576.332
Iteration 393  HV  cores 602 594 2  time 348.714 2.98763 577.898
Iteration 394  HV  cores 604 596 2  time 349.65 2.98763 579.455
Iteration 395  HV  cores 606 598 2  time 350.342 2.98763 581.013
Iteration 396  HV  cores 608 600 2  time 351.07 2.98763 582.586
Iteration 397  HV  cores 609 601 1  time 351.384 2.98763 584.155
Iteration 398  HV  cores 611 603 2  time 351.796 2.98763 585.717
Iteration 399  HV  cores 613 605 2  time 352.226 2.98763 587.273
Iteration 400  HV  cores 615 607 2  time 352.58 2.98763 588.831
Iteration 401  HV  cores 617 609 2  time 353.627 2.98763 590.383
Iteration 402  HV  cores 619 611 2  time 355.158 2.98763 591.948
Iteration 403  HV  cores 621 613 2  time 355.871 2.98763 593.505
Iteration 404  HV  cores 623 615 2  time 356.863 2.98763 595.062
Iteration 405  HV  cores 625 617 2  time 357.613 2.98763 596.623
Iteration 406  HV  cores 627 619 2  time 358.447 2.98763 598.179
Iteration 407  HV  cores 628 620 1  time 358.501 2.98763 599.733
Iteration 408  HV  cores 630 622 2  time 358.97 2.98763 601.299
Iteration 409  HV  cores 632 624 2  time 359.411 2.98763 602.858
Iteration 410  HV  cores 634 626 2  time 359.85 2.98763 604.413
Iteration 411  HV  cores 635 627 1  time 360.176 2.98763 605.979
Iteration 412  HV  cores 637 629 2  time 361.528 2.98763 607.545
Iteration 413  HV  cores 639 631 2  time 362.512 2.98763 609.099
Iteration 414  HV  cores 641 633 2  time 362.941 2.98763 610.657
Iteration 415  HV  cores 642 634 1  time 364.083 2.98763 612.21
Iteration 416  HV  cores 644 636 2  time 365.463 2.98763 613.763
Iteration 417  HV  cores 646 638 2  time 365.992 2.98763 615.314
Iteration 418  HV  cores 648 640 2  time 366.992 2.98763 616.868
Iteration 419  HV  cores 650 642 2  time 367.359 2.98763 618.433
Iteration 420  HV  cores 652 644 2  time 367.889 2.98763 619.999
Iteration 421  HV  cores 654 646 2  time 368.394 2.98763 621.563
Iteration 422  HV  cores 656 646 2  time 368.662 2.98763 623.127
Iteration 423  HV  cores 658 647 2  time 369.031 2.98763 624.695
Iteration 424  HV  cores 660 647 2  time 369.324 2.98763 626.26
Iteration 425  HV  cores 663 650 3  time 370.673 2.98763 627.817
Iteration 426  HV  cores 664 651 1  time 371.109 2.98763 629.373
Iteration 427  HV  cores 665 652 1  time 371.519 2.98763 630.935
Iteration 428  HV  cores 667 654 2  time 372.109 2.98763 632.498
Iteration 429  HV  cores 669 656 2  time 372.516 2.98763 634.054
Iteration 430  HV  cores 671 658 2  time 374.005 2.98763 635.62
Iteration 431  HV  cores 673 660 2  time 375.037 2.98763 637.176
Iteration 432  HV  cores 674 661 1  time 375.77 2.98763 638.736
Iteration 433  HV  cores 675 662 1  time 376.118 2.98763 640.296
Iteration 434  HV  cores 676 663 1  time 376.529 2.98763 641.867
Iteration 435  HV  cores 677 664 1  time 376.812 2.98763 643.429
Iteration 436  HV  cores 678 665 1  time 377.167 2.98763 644.989
Iteration 437  HV  cores 680 667 2  time 378.174 2.98763 646.563
Iteration 438  HV  cores 682 669 2  time 378.343 2.98763 648.165
Iteration 439  HV  cores 683 670 1  time 378.975 2.98763 649.746
Iteration 440  HV  cores 686 673 3  time 380.177 2.98763 651.316
Iteration 441  HV  cores 688 675 2  time 381.355 2.98763 652.897
Iteration 442  HV  cores 690 677 2  time 382.346 2.98763 654.464
Iteration 443  HV  cores 691 678 1  time 382.677 2.98763 656.038
Iteration 444  HV  cores 692 679 1  time 382.941 2.98763 657.608
Iteration 445  HV  cores 694 681 2  time 384.438 2.98763 659.181
Iteration 446  HV  cores 696 683 2  time 384.963 2.98763 660.755
Iteration 447  HV  cores 697 684 1  time 385.91 2.98763 662.331
Iteration 448  HV  cores 699 686 2  time 386.498 2.98763 663.899
Iteration 449  HV  cores 701 688 2  time 386.954 2.98763 665.472
Iteration 450  HV  cores 703 690 2  time 387.363 2.98763 667.04
Iteration 451  HV  cores 705 692 2  time 387.788 2.98763 668.605
Iteration 452  HV  cores 706 693 1  time 388.031 2.98763 670.179
Iteration 453  HV  cores 708 695 2  time 388.676 2.98763 671.758
Iteration 454  HV  cores 710 697 2  time 389.829 2.98763 673.322
Iteration 455  HV  cores 712 699 2  time 390.111 2.98763 674.891
Iteration 456  HV  cores 713 700 1  time 390.668 2.98763 676.46
Iteration 457  HV  cores 715 702 2  time 391.006 2.98763 678.089
Iteration 458  HV  cores 717 704 2  time 391.636 2.98763 679.725
Iteration 459  HV  cores 718 705 1  time 392.024 2.98763 681.37
Iteration 460  HV  cores 720 707 2  time 392.868 2.98763 683.015
Iteration 461  HV  cores 722 708 2  time 393.33 2.98763 684.66
Iteration 462  HV  cores 724 710 2  time 393.971 2.98763 686.297
Iteration 463  HV  cores 725 711 1  time 394.353 2.98763 687.942
Iteration 464  HV  cores 727 713 2  time 395.458 2.98763 689.576
Iteration 465  HV  cores 728 714 1  time 395.599 2.98763 691.21
Iteration 466  HV  cores 729 715 1  time 396.158 2.98763 692.846
Iteration 467  HV  cores 730 716 1  time 396.369 2.98763 694.491
Iteration 468  HV  cores 732 718 2  time 397.307 2.98763 696.124
Iteration 469  HV  cores 733 719 1  time 397.947 2.98763 697.77
Iteration 470  HV  cores 735 721 2  time 399.095 2.98763 699.42
Iteration 471  HV  cores 738 724 3  time 399.837 2.98763 701.063
Iteration 472  HV  cores 741 727 3  time 400.377 2.98763 702.712
Iteration 473  HV  cores 744 729 3  time 401.054 2.98763 704.351
Iteration 474  HV  cores 746 731 2  time 401.748 2.98763 705.994
Iteration 475  HV  cores 748 733 2  time 402.996 2.98763 707.652
Iteration 476  HV  cores 750 735 2  time 403.366 2.98763 709.312
Iteration 477  HV  cores 752 737 2  time 404.307 2.98763 710.958
Iteration 478  HV  cores 754 739 2  time 404.633 2.98763 712.609
Iteration 479  HV  cores 756 741 2  time 405.206 2.98763 714.269
Iteration 480  HV  cores 759 744 3  time 405.919 2.98763 715.917
Iteration 481  HV  cores 762 747 3  time 406.349 2.98763 717.564
Iteration 482  HV  cores 763 748 1  time 406.394 2.98763 719.217
Iteration 483  HV  cores 765 750 2  time 407.033 2.98763 720.88
Iteration 484  HV  cores 767 752 2  time 407.664 2.98763 722.546
Iteration 485  HV  cores 769 754 2  time 408.107 2.98763 724.205
Iteration 486  HV  cores 771 756 2  time 409.803 2.98763 725.875
Iteration 487  HV  cores 773 758 2  time 410.615 2.98763 727.529
Iteration 488  HV  cores 774 759 1  time 411.275 2.98763 729.189
Iteration 489  HV  cores 775 760 1  time 412.01 2.98763 730.843
Iteration 490  HV  cores 777 762 2  time 412.569 2.98763 732.503
Iteration 491  HV  cores 778 763 1  time 413.231 2.98763 734.162
Iteration 492  HV  cores 779 764 1  time 414.259 2.98763 735.824
Iteration 493  HV  cores 781 766 2  time 414.92 2.98763 737.493
Iteration 494  HV  cores 784 769 3  time 415.711 2.98763 739.155
Iteration 495  HV  cores 786 771 2  time 416.759 2.98763 740.815
Iteration 496  HV  cores 788 773 2  time 417.424 2.98763 742.473
Iteration 497  HV  cores 790 775 2  time 417.899 2.98763 744.131
Iteration 498  HV  cores 792 777 2  time 418.443 2.98763 745.793
Iteration 499  HV  cores 794 779 2  time 419.009 2.98763 747.464
Iteration 500  HV  cores 796 781 2  time 419.706 2.98763 749.126
Iteration 501  HV  cores 798 783 2  time 420.164 2.98763 750.797
Iteration 502  HV  cores 801 786 3  time 421.048 2.98763 752.467
Iteration 503  HV  cores 804 789 3  time 422.21 2.98763 754.125
Iteration 504  HV  cores 805 790 1  time 423.044 2.98763 755.788
Iteration 505  HV  cores 807 792 2  time 423.867 2.98763 757.447
Iteration 506  HV  cores 809 794 2  time 424.709 2.98763 759.117
Iteration 507  HV  cores 812 797 3  time 425.354 2.98763 760.772
Iteration 508  HV  cores 814 799 2  time 426.208 2.98763 762.432
Iteration 509  HV  cores 816 801 2  time 426.719 2.98763 764.093
Iteration 510  HV  cores 818 803 2  time 427.662 2.98763 765.755
Iteration 511  HV  cores 820 805 2  time 428.9 2.98763 767.437
Iteration 512  HV  cores 823 808 3  time 429.882 2.98763 769.115
Iteration 513  HV  cores 825 810 2  time 430.387 2.98763 770.797
Iteration 514  HV  cores 828 813 3  time 431.043 2.98763 772.483
Iteration 515  HV  cores 831 815 3  time 431.51 2.98763 774.162
Iteration 516  HV  cores 834 816 3  time 432.008 2.98763 775.846
Iteration 517  HV  cores 837 818 3  time 432.43 2.98763 777.529
Iteration 518  HV  cores 840 821 3  time 433.498 2.98763 779.204
Iteration 519  HV  cores 841 822 1  time 433.732 2.98763 780.885
Iteration 520  HV  cores 844 825 3  time 434.519 2.98763 782.554
Iteration 521  HV  cores 845 826 1  time 434.783 2.98763 784.226
Iteration 522  HV  cores 847 828 2  time 435.206 2.98763 785.91
Iteration 523  HV  cores 849 830 2  time 437.058 2.98763 787.594
Iteration 524  HV  cores 851 832 2  time 437.97 2.98763 789.268
Iteration 525  HV  cores 853 834 2  time 438.327 2.98763 790.937
Iteration 526  HV  cores 855 836 2  time 445.254 2.98763 792.612
Iteration 527  HV  cores 857 838 2  time 446.238 2.98763 794.287
Iteration 528  HV  cores 858 839 1  time 446.671 2.98763 795.958
Iteration 529  HV  cores 859 840 1  time 446.991 2.98763 797.629
Iteration 530  HV  cores 860 841 1  time 447.774 2.98763 799.313
Iteration 531  HV  cores 862 843 2  time 448.647 2.98763 801
Iteration 532  HV  cores 865 846 3  time 449.213 2.98763 802.67
Iteration 533  HV  cores 866 847 1  time 449.579 2.98763 804.345
Iteration 534  HV  cores 868 849 2  time 449.994 2.98763 806.032
Iteration 535  HV  cores 871 852 3  time 451.301 2.98763 807.704
Iteration 536  HV  cores 873 854 2  time 451.428 2.98763 809.38
Iteration 537  HV  cores 875 856 2  time 452.023 2.98763 811.059
Iteration 538  HV  cores 877 858 2  time 452.287 2.98763 812.744
Iteration 539  HV  cores 880 861 3  time 452.839 2.98763 814.426
Iteration 540  HV  cores 882 863 2  time 453.7 2.98763 816.113
Iteration 541  HV  cores 885 866 3  time 454.209 2.98763 817.797
Iteration 542  HV  cores 887 868 2  time 454.576 2.98763 819.483
Iteration 543  HV  cores 890 871 3  time 455.184 2.98763 821.16
Iteration 544  HV  cores 891 872 1  time 457.527 2.98763 822.842
Iteration 545  HV  cores 894 875 3  time 458.182 2.98763 824.529
Iteration 546  HV  cores 897 878 3  time 458.783 2.98763 826.215
Iteration 547  HV  cores 900 881 3  time 459.717 2.98763 827.898
Iteration 548  HV  cores 903 883 3  time 460.328 2.98763 829.581
Iteration 549  HV  cores 906 886 3  time 460.949 2.98763 831.27
Iteration 550  HV  cores 909 889 3  time 461.757 2.98763 832.96
Iteration 551  HV  cores 912 892 3  time 462.6 2.98763 834.64
Iteration 552  HV  cores 914 894 2  time 463.713 2.98763 836.329
Iteration 553  HV  cores 917 897 3  time 464.695 2.98763 838.019
Iteration 554  HV  cores 920 900 3  time 465.203 2.98763 839.704
Iteration 555  HV  cores 921 901 1  time 466.178 2.98763 841.384
Iteration 556  HV  cores 923 903 2  time 468.131 2.98763 843.083
Iteration 557  HV  cores 925 905 2  time 469.099 2.98763 844.776
Iteration 558  HV  cores 927 907 2  time 469.521 2.98763 846.478
Iteration 559  HV  cores 928 908 1  time 470.763 2.98763 848.162
Iteration 560  HV  cores 929 909 1  time 470.987 2.98763 849.856
Iteration 561  HV  cores 931 911 2  time 472.165 2.98763 851.556
Iteration 562  HV  cores 934 914 3  time 473.219 2.98763 853.257
Iteration 563  HV  cores 937 917 3  time 473.847 2.98763 854.955
Iteration 564  HV  cores 940 920 3  time 474.455 2.98763 856.64
Iteration 565  HV  cores 941 921 1  time 474.607 2.98763 858.327
Iteration 566  HV  cores 943 923 2  time 476.212 2.98763 860.018
Iteration 567  HV  cores 946 926 3  time 476.744 2.98763 861.704
Iteration 568  HV  cores 947 927 1  time 476.771 2.98763 863.403
Iteration 569  HV  cores 950 930 3  time 477.655 2.98763 865.106
Iteration 570  HV  cores 953 933 3  time 479.133 2.98763 866.806
Iteration 571  HV  cores 956 936 3  time 479.993 2.98763 868.505
Iteration 572  HV  cores 959 939 3  time 480.795 2.98763 870.194
Iteration 573  HV  cores 960 940 1  time 481.106 2.98763 871.88
Iteration 574  HV  cores 962 942 2  time 481.748 2.98763 873.565
Iteration 575  HV  cores 964 944 2  time 482.857 2.98763 875.263
Iteration 576  HV  cores 967 947 3  time 484.059 2.98763 876.951
Iteration 577  HV  cores 969 949 2  time 484.53 2.98763 878.651
Iteration 578  HV  cores 971 951 2  time 485.229 2.98763 880.337
Iteration 579  HV  cores 973 953 2  time 485.934 2.98763 882.023
Iteration 580  HV  cores 975 955 2  time 486.642 2.98763 883.721
Iteration 581  HV  cores 977 957 2  time 487.351 2.98763 885.423
Iteration 582  HV  cores 980 960 3  time 487.882 2.98763 887.123
Iteration 583  HV  cores 983 962 3  time 488.425 2.98763 888.813
Iteration 584  HV  cores 985 964 2  time 488.645 2.98763 890.501
Iteration 585  HV  cores 986 965 1  time 489.799 2.98763 892.199
Iteration 586  HV  cores 987 966 1  time 490.782 2.98763 893.902
Iteration 587  HV  cores 990 969 3  time 491.204 2.98763 895.603
Iteration 588  HV  cores 993 970 3  time 491.563 2.98763 897.307
Iteration 589  HV  cores 996 973 3  time 491.883 2.98763 899.011
Iteration 590  HV  cores 999 975 3  time 492.211 2.98763 900.714
Iteration 591  HV  cores 1001 977 2  time 494.062 2.98763 902.418
Iteration 592  HV  cores 1003 978 2  time 495.036 2.98763 904.123
Iteration 593  HV  cores 1005 979 2  time 496.018 2.98763 905.821
Iteration 594  HV  cores 1006 980 1  time 496.383 2.98763 907.513
Iteration 595  HV  cores 1007 981 1  time 496.974 2.98763 909.22
Iteration 596  HV  cores 1010 984 3  time 497.603 2.98763 910.924
Iteration 597  HV  cores 1013 986 3  time 498.235 2.98763 912.631
Iteration 598  HV  cores 1016 989 3  time 499.605 2.98763 914.338
Iteration 599  HV  cores 1019 992 3  time 500.655 2.98763 916.058
Iteration 600  HV  cores 1022 995 3  time 501.694 2.98763 917.765
Iteration 601  HV  cores 1023 996 1  time 502.731 2.98763 919.474
Iteration 602  HV  cores 1025 998 2  time 503.257 2.98763 921.177
Iteration 603  HV  cores 1027 1000 2  time 504.78 2.98763 922.88
Iteration 604  HV  cores 1029 1002 2  time 505.745 2.98763 924.579
Iteration 605  HV  cores 1031 1004 2  time 507.009 2.98763 926.296
Iteration 606  HV  cores 1034 1007 3  time 508.135 2.98763 928.011
Iteration 607  HV  cores 1036 1009 2  time 509.83 2.98763 929.724
Iteration 608  HV  cores 1039 1012 3  time 510.508 2.98763 931.436
Iteration 609  HV  cores 1041 1014 2  time 511.41 2.98763 933.148
Iteration 610  HV  cores 1043 1014 2  time 511.996 2.98763 934.861
Iteration 611  HV  cores 1045 1015 2  time 512.412 2.98763 936.572
Iteration 612  HV  cores 1047 1017 2  time 512.873 2.98763 938.284
Iteration 613  HV  cores 1049 1018 2  time 513.285 2.98763 939.996
Iteration 614  HV  cores 1051 1020 2  time 513.589 2.98763 941.71
Iteration 615  HV  cores 1054 1023 3  time 514.214 2.98763 943.426
Iteration 616  HV  cores 1057 1026 3  time 514.765 2.98763 945.147
Iteration 617  HV  cores 1059 1028 2  time 515.844 2.98763 946.863
Iteration 618  HV  cores 1061 1030 2  time 516.845 2.98763 948.572
Iteration 619  HV  cores 1062 1031 1  time 516.976 2.98763 950.277
Iteration 620  HV  cores 1064 1033 2  time 517.217 2.98763 951.996
Iteration 621  HV  cores 1067 1036 3  time 517.66 2.98763 953.714
Iteration 622  HV  cores 1069 1038 2  time 517.893 2.98763 955.431
Iteration 623  HV  cores 1071 1038 2  time 518.1 2.98763 957.149
Iteration 624  HV  cores 1073 1038 2  time 518.294 2.98763 958.852
Iteration 625  HV  cores 1074 1039 1  time 519.412 2.98763 960.562
Iteration 626  HV  cores 1076 1041 2  time 519.678 2.98763 962.277
Iteration 627  HV  cores 1078 1043 2  time 520.252 2.98763 963.995
Iteration 628  HV  cores 1081 1046 3  time 520.748 2.98763 965.699
Iteration 629  HV  cores 1083 1048 2  time 521.205 2.98763 967.408
Iteration 630  HV  cores 1085 1050 2  time 522.136 2.98763 969.125
Iteration 631  HV  cores 1088 1053 3  time 522.754 2.98763 970.842
Iteration 632  HV  cores 1090 1055 2  time 523.084 2.98763 972.561
Iteration 633  HV  cores 1092 1057 2  time 523.31 2.98763 974.27
Iteration 634  HV  cores 1093 1058 1  time 523.76 2.98763 975.982
Iteration 635  HV  cores 1095 1060 2  time 525.258 2.98763 977.741
Iteration 636  HV  cores 1096 1061 1  time 525.834 2.98763 979.495
Iteration 637  HV  cores 1097 1062 1  time 527.67 2.98763 981.252
Iteration 638  HV  cores 1099 1064 2  time 528.258 2.98763 983.011
Iteration 639  HV  cores 1101 1066 2  time 530.475 2.98763 984.78
Iteration 640  HV  cores 1103 1068 2  time 531.217 2.98763 986.53
Iteration 641  HV  cores 1105 1070 2  time 531.991 2.98763 988.294
Iteration 642  HV  cores 1107 1072 2  time 534.107 2.98763 990.017
Iteration 643  HV  cores 1110 1075 3  time 534.712 2.98763 991.714
Iteration 644  HV  cores 1112 1077 2  time 535.193 2.98763 993.421
Iteration 645  HV  cores 1113 1078 1  time 535.299 2.98763 995.127
Iteration 646  HV  cores 1116 1081 3  time 535.697 2.98763 996.83
Iteration 647  HV  cores 1118 1083 2  time 536.672 2.98763 998.541
Iteration 648  HV  cores 1120 1085 2  time 537.723 2.98763 1000.25
Iteration 649  HV  cores 1122 1087 2  time 539.905 2.98763 1001.95
Iteration 650  HV  cores 1123 1088 1  time 541.146 2.98763 1003.66
Iteration 651  HV  cores 1124 1089 1  time 541.291 2.98763 1005.38
Iteration 652  HV  cores 1125 1090 1  time 542.198 2.98763 1007.08
Iteration 653  HV  cores 1127 1092 2  time 543.11 2.98763 1008.79
Iteration 654  HV  cores 1128 1093 1  time 543.392 2.98763 1010.5
Iteration 655  HV  cores 1131 1096 3  time 543.881 2.98763 1012.21
Iteration 656  HV  cores 1134 1099 3  time 544.447 2.98763 1013.92
Iteration 657  HV  cores 1135 1100 1  time 544.94 2.98763 1015.62
Iteration 658  HV  cores 1137 1102 2  time 545.709 2.98763 1017.34
Iteration 659  HV  cores 1139 1104 2  time 546.2 2.98763 1019.04
Iteration 660  HV  cores 1141 1106 2  time 546.447 2.98763 1020.76
Iteration 661  HV  cores 1143 1108 2  time 546.587 2.98763 1022.48
Iteration 662  HV  cores 1146 1111 3  time 547.142 2.98763 1024.2
Iteration 663  HV  cores 1149 1114 3  time 547.952 2.98763 1025.92
Iteration 664  HV  cores 1151 1116 2  time 548.162 2.98763 1027.64
Iteration 665  HV  cores 1153 1117 2  time 548.34 2.98763 1029.35
Iteration 666  HV  cores 1155 1119 2  time 548.524 2.98763 1031.08
Iteration 667  HV  cores 1157 1121 2  time 549.451 2.98763 1032.78
Iteration 668  HV  cores 1159 1123 2  time 550.304 2.98763 1034.49
Iteration 669  HV  cores 1161 1125 2  time 550.842 2.98763 1036.21
Iteration 670  HV  cores 1163 1127 2  time 551.145 2.98763 1037.93
Iteration 671  HV  cores 1165 1129 2  time 552.396 2.98763 1039.64
Iteration 672  HV  cores 1166 1130 1  time 552.948 2.98763 1041.34
Iteration 673  HV  cores 1168 1132 2  time 553.543 2.98763 1043.05
Iteration 674  HV  cores 1170 1134 2  time 554.202 2.98763 1044.76
Iteration 675  HV  cores 1173 1137 3  time 555.021 2.98763 1046.46
Iteration 676  HV  cores 1175 1139 2  time 555.783 2.98763 1048.16
Iteration 677  HV  cores 1177 1141 2  time 556.49 2.98763 1049.88
Iteration 678  HV  cores 1179 1143 2  time 556.713 2.98763 1051.6
Iteration 679  HV  cores 1181 1144 2  time 556.916 2.98763 1053.32
Iteration 680  HV  cores 1184 1147 3  time 557.517 2.98763 1055.03
Iteration 681  HV  cores 1186 1149 2  time 558.239 2.98763 1056.75
Iteration 682  HV  cores 1189 1151 3  time 558.75 2.98763 1058.46
Iteration 683  HV  cores 1192 1154 3  time 559.282 2.98763 1060.18
Iteration 684  HV  cores 1195 1154 3  time 559.756 2.98763 1061.9
Iteration 685  HV  cores 1197 1155 2  time 560.044 2.98763 1063.62
Iteration 686  HV  cores 1199 1156 2  time 560.33 2.98763 1065.34
Iteration 687  HV  cores 1201 1157 2  time 560.572 2.98763 1067.06
Iteration 688  HV  cores 1204 1160 3  time 561.289 2.98763 1068.78
Iteration 689  HV  cores 1206 1162 2  time 561.538 2.98763 1070.5
Iteration 690  HV  cores 1208 1164 2  time 562.087 2.98763 1072.21
Iteration 691  HV  cores 1209 1165 1  time 563.031 2.98763 1073.92
Iteration 692  HV  cores 1211 1167 2  time 564.113 2.98763 1075.64
Iteration 693  HV  cores 1213 1169 2  time 565.092 2.98763 1077.36
Iteration 694  HV  cores 1215 1171 2  time 565.792 2.98763 1079.01
Iteration 695  HV  cores 1217 1173 2  time 566.173 2.98763 1080.66
Iteration 696  HV  cores 1218 1174 1  time 572.665 2.98763 1082.32
Iteration 697  HV  cores 1220 1176 2  time 573.064 2.98763 1083.98
Iteration 698  HV  cores 1222 1178 2  time 573.432 2.98763 1085.63
Iteration 699  HV  cores 1224 1180 2  time 573.813 2.98763 1087.29
Iteration 700  HV  cores 1226 1181 2  time 574.035 2.98763 1088.94
Iteration 701  HV  cores 1228 1183 2  time 575.661 2.98763 1090.6
Iteration 702  HV  cores 1230 1185 2  time 575.912 2.98763 1092.26
Iteration 703  HV  cores 1232 1187 2  time 576.128 2.98763 1093.92
Iteration 704  HV  cores 1234 1189 2  time 576.378 2.98763 1095.58
Iteration 705  HV  cores 1236 1190 2  time 576.596 2.98763 1097.25
Iteration 706  HV  cores 1238 1192 2  time 577.56 2.98763 1098.93
Iteration 707  HV  cores 1240 1194 2  time 579.15 2.98763 1100.6
Iteration 708  HV  cores 1242 1196 2  time 580.603 2.98763 1102.26
Iteration 709  HV  cores 1243 1197 1  time 580.78 2.98763 1103.93
Iteration 710  HV  cores 1244 1198 1  time 580.899 2.98763 1105.6
Iteration 711  HV  cores 1246 1200 2  time 581.687 2.98763 1107.27
Iteration 712  HV  cores 1249 1203 3  time 582.219 2.98763 1108.94
Iteration 713  HV  cores 1250 1204 1  time 583.824 2.98763 1110.61
Iteration 714  HV  cores 1252 1206 2  time 584.194 2.98763 1112.26
Iteration 715  HV  cores 1254 1208 2  time 585.931 2.98763 1113.93
Iteration 716  HV  cores 1256 1210 2  time 586.753 2.98763 1115.59
Iteration 717  HV  cores 1257 1211 1  time 587.206 2.98763 1117.27
Iteration 718  HV  cores 1260 1214 3  time 587.528 2.98763 1118.94
Iteration 719  HV  cores 1262 1216 2  time 587.927 2.98763 1120.6
Iteration 720  HV  cores 1263 1217 1  time 588.278 2.98763 1122.27
Iteration 721  HV  cores 1265 1219 2  time 588.914 2.98763 1123.94
Iteration 722  HV  cores 1268 1222 3  time 589.254 2.98763 1125.6
Iteration 723  HV  cores 1270 1224 2  time 589.709 2.98763 1127.27
Iteration 724  HV  cores 1272 1226 2  time 591.398 2.98763 1128.94
Iteration 725  HV  cores 1274 1228 2  time 592.079 2.98763 1130.61
Iteration 726  HV  cores 1276 1230 2  time 593.438 2.98763 1132.28
Iteration 727  HV  cores 1278 1232 2  time 594.577 2.98763 1133.95
Iteration 728  HV  cores 1280 1233 2  time 595.303 2.98763 1135.62
Iteration 729  HV  cores 1282 1235 2  time 595.834 2.98763 1137.28
Iteration 730  HV  cores 1284 1237 2  time 596.389 2.98763 1138.94
Iteration 731  HV  cores 1286 1239 2  time 597.287 2.98763 1140.61
Iteration 732  HV  cores 1288 1241 2  time 597.988 2.98763 1142.26
Iteration 733  HV  cores 1290 1243 2  time 598.296 2.98763 1143.93
Iteration 734  HV  cores 1292 1245 2  time 600.269 2.98763 1145.6
Iteration 735  HV  cores 1294 1247 2  time 602.353 2.98763 1147.26
Iteration 736  HV  cores 1296 1249 2  time 602.77 2.98763 1148.91
Iteration 737  HV  cores 1298 1251 2  time 604.034 2.98763 1150.58
Iteration 738  HV  cores 1299 1252 1  time 604.429 2.98763 1152.25
Iteration 739  HV  cores 1301 1254 2  time 604.93 2.98763 1153.92
Iteration 740  HV  cores 1303 1256 2  time 605.252 2.98763 1155.57
Iteration 741  HV  cores 1304 1257 1  time 605.426 2.98763 1157.23
Iteration 742  HV  cores 1306 1259 2  time 606.115 2.98763 1158.89
Iteration 743  HV  cores 1307 1260 1  time 606.583 2.98763 1160.57
Iteration 744  HV  cores 1309 1262 2  time 606.992 2.98763 1162.26
Iteration 745  HV  cores 1311 1264 2  time 607.58 2.98763 1163.94
Iteration 746  HV  cores 1313 1266 2  time 607.975 2.98763 1165.62
Iteration 747  HV  cores 1315 1268 2  time 608.385 2.98763 1167.31
Iteration 748  HV  cores 1317 1269 2  time 609.018 2.98763 1169
Iteration 749  HV  cores 1319 1269 2  time 609.548 2.98763 1170.68
Iteration 750  HV  cores 1321 1271 2  time 610.279 2.98763 1172.36
Iteration 751  HV  cores 1323 1273 2  time 611.059 2.98763 1174.05
Iteration 752  HV  cores 1325 1274 2  time 611.757 2.98763 1175.73
Iteration 753  HV  cores 1327 1275 2  time 612.348 2.98763 1177.42
Iteration 754  HV  cores 1329 1277 2  time 613.202 2.98763 1179.11
Iteration 755  HV  cores 1331 1279 2  time 613.834 2.98763 1180.79
Iteration 756  HV  cores 1333 1281 2  time 614.563 2.98763 1182.48
Iteration 757  HV  cores 1335 1282 2  time 615.125 2.98763 1184.16
Iteration 758  HV  cores 1337 1284 2  time 615.665 2.98763 1185.85
Iteration 759  HV  cores 1339 1286 2  time 616.422 2.98763 1187.54
Iteration 760  HV  cores 1341 1288 2  time 617.053 2.98763 1189.21
Iteration 761  HV  cores 1342 1289 1  time 617.548 2.98763 1190.88
Iteration 762  HV  cores 1344 1291 2  time 617.848 2.98763 1192.57
Iteration 763  HV  cores 1347 1294 3  time 618.521 2.98763 1194.25
Iteration 764  HV  cores 1350 1297 3  time 618.959 2.98763 1195.94
Iteration 765  HV  cores 1353 1300 3  time 619.401 2.98763 1197.62
Iteration 766  HV  cores 1354 1301 1  time 621.123 2.98763 1199.31
Iteration 767  HV  cores 1356 1303 2  time 622.936 2.98763 1201
Iteration 768  HV  cores 1358 1305 2  time 623.668 2.98763 1202.69
Iteration 769  HV  cores 1360 1307 2  time 624.637 2.98763 1204.39
Iteration 770  HV  cores 1362 1309 2  time 625.712 2.98763 1206.09
Iteration 771  HV  cores 1364 1311 2  time 626.366 2.98763 1207.78
Iteration 772  HV  cores 1366 1313 2  time 626.983 2.98763 1209.46
Iteration 773  HV  cores 1368 1315 2  time 629.013 2.98763 1211.15
Iteration 774  HV  cores 1370 1317 2  time 629.394 2.98763 1212.85
Iteration 775  HV  cores 1371 1318 1  time 629.746 2.98763 1214.53
Iteration 776  HV  cores 1373 1320 2  time 630.804 2.98763 1216.22
Iteration 777  HV  cores 1375 1322 2  time 631.326 2.98763 1217.91
Iteration 778  HV  cores 1377 1324 2  time 631.951 2.98763 1219.61
Iteration 779  HV  cores 1378 1325 1  time 632.634 2.98763 1221.3
Iteration 780  HV  cores 1380 1327 2  time 633.124 2.98763 1222.99
Iteration 781  HV  cores 1382 1329 2  time 634.237 2.98763 1224.69
Iteration 782  HV  cores 1383 1330 1  time 634.945 2.98763 1226.38
Iteration 783  HV  cores 1385 1332 2  time 635.528 2.98763 1228.06
Iteration 784  HV  cores 1387 1334 2  time 636.871 2.98763 1229.76
Iteration 785  HV  cores 1389 1336 2  time 638.266 2.98763 1231.46
Iteration 786  HV  cores 1391 1338 2  time 640.562 2.98763 1233.15
Iteration 787  HV  cores 1393 1340 2  time 641.293 2.98763 1234.84
Iteration 788  HV  cores 1394 1341 1  time 641.968 2.98763 1236.53
Iteration 789  HV  cores 1396 1343 2  time 643.55 2.98763 1238.22
Iteration 790  HV  cores 1398 1345 2  time 644.471 2.98763 1239.9
Iteration 791  HV  cores 1400 1347 2  time 644.806 2.98763 1241.59
Iteration 792  HV  cores 1402 1349 2  time 645.231 2.98763 1243.28
Iteration 793  HV  cores 1404 1351 2  time 646.796 2.98763 1244.97
Iteration 794  HV  cores 1406 1352 2  time 647.955 2.98763 1246.66
Iteration 795  HV  cores 1408 1354 2  time 649.005 2.98763 1248.37
Iteration 796  HV  cores 1410 1356 2  time 650.172 2.98763 1250.07
Iteration 797  HV  cores 1412 1358 2  time 651.029 2.98763 1251.76
Iteration 798  HV  cores 1414 1360 2  time 652.321 2.98763 1253.48
Iteration 799  HV  cores 1416 1362 2  time 654.636 2.98763 1255.17
Iteration 800  HV  cores 1418 1364 2  time 655.208 2.98763 1256.87
Iteration 801  HV  cores 1420 1366 2  time 657.082 2.98763 1258.57
Iteration 802  HV  cores 1422 1368 2  time 657.5 2.98763 1260.27
Iteration 803  HV  cores 1425 1371 3  time 658.148 2.98763 1261.96
Iteration 804  HV  cores 1426 1372 1  time 659.104 2.98763 1263.66
Iteration 805  HV  cores 1427 1373 1  time 660.882 2.98763 1265.36
Iteration 806  HV  cores 1429 1375 2  time 662.583 2.98763 1267.06
Iteration 807  HV  cores 1431 1377 2  time 664.453 2.98763 1268.76
Iteration 808  HV  cores 1433 1378 2  time 665.331 2.98763 1270.46
Iteration 809  HV  cores 1435 1379 2  time 666.431 2.98763 1272.16
Iteration 810  HV  cores 1437 1380 2  time 668.397 2.98763 1273.85
Iteration 811  HV  cores 1439 1382 2  time 669.311 2.98763 1275.54
Iteration 812  HV  cores 1441 1384 2  time 669.571 2.98763 1277.24
Iteration 813  HV  cores 1442 1385 1  time 670.026 2.98763 1278.94
Iteration 814  HV  cores 1444 1387 2  time 670.527 2.98763 1280.64
Iteration 815  HV  cores 1446 1389 2  time 671.256 2.98763 1282.34
Iteration 816  HV  cores 1448 1391 2  time 672.281 2.98763 1284.05
Iteration 817  HV  cores 1450 1393 2  time 673.591 2.98763 1285.75
Iteration 818  HV  cores 1452 1395 2  time 674.384 2.98763 1287.44
Iteration 819  HV  cores 1453 1396 1  time 674.728 2.98763 1289.14
Iteration 820  HV  cores 1455 1398 2  time 676.77 2.98763 1290.83
Iteration 821  HV  cores 1457 1400 2  time 677.311 2.98763 1292.54
Iteration 822  HV  cores 1459 1402 2  time 677.483 2.98763 1294.23
Iteration 823  HV  cores 1460 1403 1  time 677.603 2.98763 1295.94
Iteration 824  HV  cores 1462 1405 2  time 678.678 2.98763 1297.63
Iteration 825  HV  cores 1464 1407 2  time 679.018 2.98763 1299.33
Iteration 826  HV  cores 1466 1409 2  time 681.198 2.98763 1301.03
Iteration 827  HV  cores 1468 1411 2  time 682.353 2.98763 1302.74
Iteration 828  HV  cores 1470 1413 2  time 683.592 2.98763 1304.44
Iteration 829  HV  cores 1472 1415 2  time 684.913 2.98763 1306.17
Iteration 830  HV  cores 1475 1418 3  time 685.93 2.98763 1307.88
Iteration 831  HV  cores 1477 1420 2  time 686.759 2.98763 1309.58
Iteration 832  HV  cores 1479 1422 2  time 687.26 2.98763 1311.28
Iteration 833  HV  cores 1481 1424 2  time 688.199 2.98763 1312.99
Iteration 834  HV  cores 1483 1426 2  time 690.322 2.98763 1314.69
Iteration 835  HV  cores 1485 1428 2  time 692.299 2.98763 1316.38
Iteration 836  HV  cores 1487 1430 2  time 693.017 2.98763 1318.09
Iteration 837  HV  cores 1489 1432 2  time 693.644 2.98763 1319.8
Iteration 838  HV  cores 1491 1434 2  time 694.712 2.98763 1321.5
Iteration 839  HV  cores 1492 1435 1  time 695.478 2.98763 1323.21
Iteration 840  HV  cores 1494 1437 2  time 696.208 2.98763 1324.91
Iteration 841  HV  cores 1496 1439 2  time 696.379 2.98763 1326.62
Iteration 842  HV  cores 1498 1441 2  time 697.486 2.98763 1328.33
Iteration 843  HV  cores 1500 1442 2  time 698.066 2.98763 1330.04
Iteration 844  HV  cores 1502 1444 2  time 698.739 2.98763 1331.75
Iteration 845  HV  cores 1504 1446 2  time 699.487 2.98763 1333.47
Iteration 846  HV  cores 1506 1448 2  time 700.54 2.98763 1335.17
Iteration 847  HV  cores 1508 1450 2  time 705.882 2.98763 1336.89
Iteration 848  HV  cores 1510 1452 2  time 706.213 2.98763 1338.59
Iteration 849  HV  cores 1512 1454 2  time 706.604 2.98763 1340.29
Iteration 850  HV  cores 1514 1456 2  time 707.675 2.98763 1342.01
Iteration 851  HV  cores 1516 1458 2  time 708.119 2.98763 1343.71
Iteration 852  HV  cores 1518 1460 2  time 709.108 2.98763 1345.41
Iteration 853  HV  cores 1520 1462 2  time 709.783 2.98763 1347.13
Iteration 854  HV  cores 1522 1464 2  time 710.582 2.98763 1348.83
Iteration 855  HV  cores 1524 1466 2  time 712.326 2.98763 1350.55
Iteration 856  HV  cores 1526 1468 2  time 713.709 2.98763 1352.26
Iteration 857  HV  cores 1528 1470 2  time 714.364 2.98763 1353.98
Iteration 858  HV  cores 1531 1472 3  time 715.293 2.98763 1355.7
Iteration 859  HV  cores 1533 1474 2  time 716.008 2.98763 1357.42
Iteration 860  HV  cores 1535 1475 2  time 716.882 2.98763 1359.13
Iteration 861  HV  cores 1537 1477 2  time 717.508 2.98763 1360.84
Iteration 862  HV  cores 1539 1479 2  time 718.124 2.98763 1362.56
Iteration 863  HV  cores 1541 1481 2  time 719.055 2.98763 1364.26
Iteration 864  HV  cores 1543 1483 2  time 719.484 2.98763 1365.97
Iteration 865  HV  cores 1546 1485 3  time 720.422 2.98763 1367.69
Iteration 866  HV  cores 1549 1487 3  time 721.499 2.98763 1369.4
Iteration 867  HV  cores 1551 1489 2  time 724.084 2.98763 1371.11
Iteration 868  HV  cores 1553 1491 2  time 724.333 2.98763 1372.83
Iteration 869  HV  cores 1554 1492 1  time 725.006 2.98763 1374.57
Iteration 870  HV  cores 1556 1494 2  time 725.703 2.98763 1376.3
Iteration 871  HV  cores 1558 1496 2  time 726.362 2.98763 1378.04
Iteration 872  HV  cores 1560 1498 2  time 727.376 2.98763 1379.77
Iteration 873  HV  cores 1562 1500 2  time 728.798 2.98763 1381.51
Iteration 874  HV  cores 1564 1502 2  time 729.865 2.98763 1383.24
Iteration 875  HV  cores 1566 1504 2  time 731.038 2.98763 1384.97
Iteration 876  HV  cores 1568 1506 2  time 731.85 2.98763 1386.7
Iteration 877  HV  cores 1570 1508 2  time 733.075 2.98763 1388.44
Iteration 878  HV  cores 1572 1510 2  time 735.075 2.98763 1390.17
Iteration 879  HV  cores 1573 1511 1  time 735.83 2.98763 1391.89
Iteration 880  HV  cores 1575 1513 2  time 736.191 2.98763 1393.62
Iteration 881  HV  cores 1577 1515 2  time 737.268 2.98763 1395.35
Iteration 882  HV  cores 1579 1516 2  time 737.896 2.98763 1397.09
Iteration 883  HV  cores 1581 1518 2  time 738.781 2.98763 1398.82
Iteration 884  HV  cores 1583 1520 2  time 739.309 2.98763 1400.56
Iteration 885  HV  cores 1585 1520 2  time 739.825 2.98763 1402.29
Iteration 886  HV  cores 1587 1522 2  time 740.314 2.98763 1404.02
Iteration 887  HV  cores 1590 1525 3  time 741.607 2.98763 1405.76
Iteration 888  HV  cores 1592 1527 2  time 742.45 2.98763 1407.49
Iteration 889  HV  cores 1594 1529 2  time 743.774 2.98763 1409.21
Iteration 890  HV  cores 1596 1531 2  time 745.104 2.98763 1410.93
Iteration 891  HV  cores 1598 1533 2  time 746.929 2.98763 1412.66
Iteration 892  HV  cores 1600 1535 2  time 747.598 2.98763 1414.39
Iteration 893  HV  cores 1602 1537 2  time 748.201 2.98763 1416.12
Iteration 894  HV  cores 1604 1537 2  time 748.457 2.98763 1417.85
Iteration 895  HV  cores 1606 1539 2  time 748.924 2.98763 1419.57
Iteration 896  HV  cores 1608 1541 2  time 749.357 2.98763 1421.3
Iteration 897  HV  cores 1609 1542 1  time 749.58 2.98763 1423.03
Iteration 898  HV  cores 1611 1544 2  time 749.969 2.98763 1424.76
Iteration 899  HV  cores 1613 1545 2  time 750.275 2.98763 1426.49
Iteration 900  HV  cores 1615 1547 2  time 750.701 2.98763 1428.2
Iteration 901  HV  cores 1617 1549 2  time 751.696 2.98763 1429.93
Iteration 902  HV  cores 1619 1551 2  time 752.82 2.98763 1431.64
Iteration 903  HV  cores 1621 1553 2  time 753.154 2.98763 1433.36
Iteration 904  HV  cores 1623 1555 2  time 753.726 2.98763 1435.08
Iteration 905  HV  cores 1625 1556 2  time 754.151 2.98763 1436.8
Iteration 906  HV  cores 1628 1559 3  time 754.696 2.98763 1438.52
Iteration 907  HV  cores 1630 1560 2  time 755.394 2.98763 1440.23
Iteration 908  HV  cores 1632 1562 2  time 755.61 2.98763 1441.95
Iteration 909  HV  cores 1633 1563 1  time 756.001 2.98763 1443.66
Iteration 910  HV  cores 1634 1564 1  time 756.216 2.98763 1445.38
Iteration 911  HV  cores 1636 1566 2  time 756.67 2.98763 1447.1
Iteration 912  HV  cores 1638 1568 2  time 757.052 2.98763 1448.81
Iteration 913  HV  cores 1639 1569 1  time 757.259 2.98763 1450.52
Iteration 914  HV  cores 1640 1570 1  time 758.158 2.98763 1452.25
Iteration 915  HV  cores 1642 1572 2  time 758.569 2.98763 1453.96
Iteration 916  HV  cores 1644 1574 2  time 758.828 2.98763 1455.68
Iteration 917  HV  cores 1646 1576 2  time 759.236 2.98763 1457.4
Iteration 918  HV  cores 1648 1576 2  time 759.532 2.98763 1459.13
Iteration 919  HV  cores 1650 1577 2  time 760.554 2.98763 1460.86
Iteration 920  HV  cores 1653 1580 3  time 761.798 2.98763 1462.58
Iteration 921  HV  cores 1656 1582 3  time 762.655 2.98763 1464.3
Iteration 922  HV  cores 1658 1584 2  time 763.244 2.98763 1466.01
Iteration 923  HV  cores 1659 1585 1  time 763.711 2.98763 1467.74
Iteration 924  HV  cores 1661 1587 2  time 764.997 2.98763 1469.46
Iteration 925  HV  cores 1663 1589 2  time 765.138 2.98763 1471.18
Iteration 926  HV  cores 1665 1591 2  time 765.246 2.98763 1472.91
Iteration 927  HV  cores 1667 1593 2  time 768.147 2.98763 1474.64
Iteration 928  HV  cores 1669 1595 2  time 768.807 2.98763 1476.37
Iteration 929  HV  cores 1671 1597 2  time 769.866 2.98763 1478.11
Iteration 930  HV  cores 1673 1599 2  time 770.807 2.98763 1479.83
Iteration 931  HV  cores 1675 1601 2  time 771.463 2.98763 1481.56
Iteration 932  HV  cores 1677 1603 2  time 771.952 2.98763 1483.29
Iteration 933  HV  cores 1679 1603 2  time 772.351 2.98763 1485.01
Iteration 934  HV  cores 1682 1606 3  time 772.99 2.98763 1486.74
Iteration 935  HV  cores 1684 1608 2  time 773.514 2.98763 1488.47
Iteration 936  HV  cores 1686 1609 2  time 773.893 2.98763 1490.2
Iteration 937  HV  cores 1688 1611 2  time 774.53 2.98763 1491.92
Iteration 938  HV  cores 1689 1612 1  time 775.246 2.98763 1493.68
Iteration 939  HV  cores 1691 1614 2  time 775.702 2.98763 1495.44
Iteration 940  HV  cores 1693 1616 2  time 776.214 2.98763 1497.18
Iteration 941  HV  cores 1695 1618 2  time 776.665 2.98763 1498.94
Iteration 942  HV  cores 1698 1621 3  time 777.443 2.98763 1500.68
Iteration 943  HV  cores 1700 1623 2  time 778.457 2.98763 1502.41
Iteration 944  HV  cores 1702 1625 2  time 779.173 2.98763 1504.15
Iteration 945  HV  cores 1705 1627 3  time 779.919 2.98763 1505.9
Iteration 946  HV  cores 1707 1629 2  time 780.749 2.98763 1507.64
Iteration 947  HV  cores 1709 1631 2  time 781.779 2.98763 1509.38
Iteration 948  HV  cores 1710 1632 1  time 781.872 2.98763 1511.12
Iteration 949  HV  cores 1711 1633 1  time 781.929 2.98763 1512.85
Iteration 950  HV  cores 1713 1635 2  time 782.918 2.98763 1514.59
Iteration 951  HV  cores 1715 1637 2  time 783.775 2.98763 1516.32
Iteration 952  HV  cores 1717 1639 2  time 784.124 2.98763 1518.08
Iteration 953  HV  cores 1719 1641 2  time 785.033 2.98763 1519.83
Iteration 954  HV  cores 1722 1644 3  time 785.424 2.98763 1521.57
Iteration 955  HV  cores 1724 1646 2  time 785.859 2.98763 1523.32
Iteration 956  HV  cores 1726 1648 2  time 786.114 2.98763 1525.06
Iteration 957  HV  cores 1729 1651 3  time 786.723 2.98763 1526.81
Iteration 958  HV  cores 1731 1653 2  time 786.944 2.98763 1528.56
Iteration 959  HV  cores 1734 1655 3  time 787.193 2.98763 1530.31
Iteration 960  HV  cores 1736 1656 2  time 787.494 2.98763 1532.06
Iteration 961  HV  cores 1738 1656 2  time 787.672 2.98763 1533.8
Iteration 962  HV  cores 1740 1658 2  time 788.846 2.98763 1535.54
Iteration 963  HV  cores 1742 1660 2  time 789.273 2.98763 1537.28
Iteration 964  HV  cores 1744 1662 2  time 789.535 2.98763 1539.02
Iteration 965  HV  cores 1746 1664 2  time 789.771 2.98763 1540.76
Iteration 966  HV  cores 1747 1665 1  time 790.029 2.98763 1542.5
Iteration 967  HV  cores 1749 1667 2  time 790.649 2.98763 1544.25
Iteration 968  HV  cores 1751 1669 2  time 791.168 2.98763 1546.01
Iteration 969  HV  cores 1753 1671 2  time 792.718 2.98763 1547.75
Iteration 970  HV  cores 1756 1674 3  time 793.372 2.98763 1549.51
Iteration 971  HV  cores 1758 1676 2  time 793.769 2.98763 1551.26
Iteration 972  HV  cores 1760 1678 2  time 794.154 2.98763 1553
Iteration 973  HV  cores 1763 1681 3  time 794.401 2.98763 1554.75
Iteration 974  HV  cores 1765 1681 2  time 794.666 2.98763 1556.5
Iteration 975  HV  cores 1767 1683 2  time 795.199 2.98763 1558.24
Iteration 976  HV  cores 1770 1686 3  time 795.508 2.98763 1559.99
Iteration 977  HV  cores 1773 1688 3  time 795.888 2.98763 1561.73
Iteration 978  HV  cores 1776 1691 3  time 796.261 2.98763 1563.48
Iteration 979  HV  cores 1779 1693 3  time 796.525 2.98763 1565.23
Iteration 980  HV  cores 1782 1694 3  time 796.877 2.98763 1566.97
Iteration 981  HV  cores 1785 1695 3  time 797.184 2.98763 1568.72
Iteration 982  HV  cores 1786 1696 1  time 799.186 2.98763 1570.47
Iteration 983  HV  cores 1789 1699 3  time 799.846 2.98763 1572.22
Iteration 984  HV  cores 1791 1701 2  time 801.272 2.98763 1573.97
Iteration 985  HV  cores 1793 1703 2  time 801.802 2.98763 1575.71
Iteration 986  HV  cores 1796 1704 3  time 802.394 2.98763 1577.46
Iteration 987  HV  cores 1798 1705 2  time 802.669 2.98763 1579.2
Iteration 988  HV  cores 1800 1706 2  time 804.502 2.98763 1580.95
Iteration 989  HV  cores 1803 1709 3  time 805.2 2.98763 1582.68
Iteration 990  HV  cores 1805 1711 2  time 805.646 2.98763 1584.43
Iteration 991  HV  cores 1808 1714 3  time 806.105 2.98763 1586.18
Iteration 992  HV  cores 1811 1717 3  time 806.428 2.98763 1587.93
Iteration 993  HV  cores 1814 1718 3  time 806.693 2.98763 1589.68
Iteration 994  HV  cores 1816 1720 2  time 807.237 2.98763 1591.42
Iteration 995  HV  cores 1817 1721 1  time 807.991 2.98763 1593.17
Iteration 996  HV  cores 1819 1723 2  time 808.228 2.98763 1594.92
Iteration 997  HV  cores 1821 1723 2  time 808.422 2.98763 1596.66
Iteration 998  HV  cores 1823 1725 2  time 808.717 2.98763 1598.41
Iteration 999  HV  cores 1826 1728 3  time 809.145 2.98763 1600.16
Iteration 1000  HV  cores 1828 1728 2  time 809.447 2.98763 1601.91
Iteration 1001  HV  cores 1830 1730 2  time 809.774 2.98763 1603.65
Iteration 1002  HV  cores 1833 1733 3  time 810.72 2.98763 1605.39
Iteration 1003  HV  cores 1834 1734 1  time 811.307 2.98763 1607.12
Iteration 1004  HV  cores 1836 1736 2  time 811.476 2.98763 1608.86
Iteration 1005  HV  cores 1837 1737 1  time 811.855 2.98763 1610.61
Iteration 1006  HV  cores 1839 1739 2  time 812.545 2.98763 1612.36
Iteration 1007  HV  cores 1841 1741 2  time 812.868 2.98763 1614.12
Iteration 1008  HV  cores 1843 1741 2  time 813.175 2.98763 1615.87
Iteration 1009  HV  cores 1845 1743 2  time 813.591 2.98763 1617.63
Iteration 1010  HV  cores 1847 1744 2  time 813.937 2.98763 1619.38
Iteration 1011  HV  cores 1850 1746 3  time 814.423 2.98763 1621.13
Iteration 1012  HV  cores 1853 1746 3  time 814.854 2.98763 1622.89
Iteration 1013  HV  cores 1855 1748 2  time 815.252 2.98763 1624.64
Iteration 1014  HV  cores 1857 1750 2  time 815.648 2.98763 1626.39
Iteration 1015  HV  cores 1859 1752 2  time 816.031 2.98763 1628.15
Iteration 1016  HV  cores 1861 1752 2  time 816.374 2.98763 1629.9
Iteration 1017  HV  cores 1863 1753 2  time 816.752 2.98763 1631.66
Iteration 1018  HV  cores 1865 1755 2  time 817.116 2.98763 1633.41
Iteration 1019  HV  cores 1867 1757 2  time 817.575 2.98763 1635.17
Iteration 1020  HV  cores 1869 1759 2  time 817.974 2.98763 1636.93
Iteration 1021  HV  cores 1872 1762 3  time 818.314 2.98763 1638.68
Iteration 1022  HV  cores 1874 1764 2  time 818.56 2.98763 1640.43
Iteration 1023  HV  cores 1876 1765 2  time 818.815 2.98763 1642.19
Iteration 1024  HV  cores 1879 1768 3  time 819.172 2.98763 1643.94
Iteration 1025  HV  cores 1881 1769 2  time 819.47 2.98763 1645.7
Iteration 1026  HV  cores 1883 1770 2  time 819.831 2.98763 1647.45
Iteration 1027  HV  cores 1886 1771 3  time 820.254 2.98763 1649.2
Iteration 1028  HV  cores 1888 1772 2  time 820.639 2.98763 1650.96
Iteration 1029  HV  cores 1889 1773 1  time 821.056 2.98763 1652.71
Iteration 1030  HV  cores 1892 1776 3  time 821.448 2.98763 1654.46
Iteration 1031  HV  cores 1894 1778 2  time 822.536 2.98763 1656.22
Iteration 1032  HV  cores 1896 1780 2  time 822.943 2.98763 1657.97
Iteration 1033  HV  cores 1899 1783 3  time 823.584 2.98763 1659.72
Iteration 1034  HV  cores 1902 1786 3  time 824.832 2.98763 1661.48
Iteration 1035  HV  cores 1905 1789 3  time 825.583 2.98763 1663.23
Iteration 1036  HV  cores 1907 1791 2  time 826.058 2.98763 1664.99
Iteration 1037  HV  cores 1910 1794 3  time 826.717 2.98763 1666.75
Iteration 1038  HV  cores 1913 1794 3  time 827.253 2.98763 1668.51
Iteration 1039  HV  cores 1916 1795 3  time 827.681 2.98763 1670.27
Iteration 1040  HV  cores 1918 1797 2  time 830.888 2.98763 1672.03
Iteration 1041  HV  cores 1920 1799 2  time 831.289 2.98763 1673.8
Iteration 1042  HV  cores 1922 1801 2  time 831.866 2.98763 1675.57
Iteration 1043  HV  cores 1924 1802 2  time 832.186 2.98763 1677.33
Iteration 1044  HV  cores 1926 1804 2  time 832.697 2.98763 1679.08
Iteration 1045  HV  cores 1928 1806 2  time 834.12 2.98763 1680.87
Iteration 1046  HV  cores 1930 1808 2  time 834.925 2.98763 1682.64
Iteration 1047  HV  cores 1932 1810 2  time 835.527 2.98763 1684.42
Iteration 1048  HV  cores 1934 1811 2  time 835.856 2.98763 1686.2
Iteration 1049  HV  cores 1936 1813 2  time 836.159 2.98763 1687.97
Iteration 1050  HV  cores 1938 1815 2  time 836.392 2.98763 1689.75
Iteration 1051  HV  cores 1940 1814 2  time 836.733 2.98763 1691.53
Iteration 1052  HV  cores 1942 1816 2  time 837.127 2.98763 1693.31
Iteration 1053  HV  cores 1944 1816 2  time 837.372 2.98763 1695.09
Iteration 1054  HV  cores 1946 1818 2  time 837.524 2.98763 1696.86
Iteration 1055  HV  cores 1949 1819 3  time 837.768 2.98763 1698.64
Iteration 1056  HV  cores 1951 1821 2  time 839.246 2.98763 1700.42
Iteration 1057  HV  cores 1953 1823 2  time 840.419 2.98763 1702.2
Iteration 1058  HV  cores 1955 1824 2  time 841.772 2.98763 1703.98
Iteration 1059  HV  cores 1957 1826 2  time 842.101 2.98763 1705.76
Iteration 1060  HV  cores 1960 1829 3  time 843.15 2.98763 1707.53
Iteration 1061  HV  cores 1962 1831 2  time 843.955 2.98763 1709.31
Iteration 1062  HV  cores 1964 1833 2  time 844.597 2.98763 1711.09
Iteration 1063  HV  cores 1967 1836 3  time 845.181 2.98763 1712.87
Iteration 1064  HV  cores 1969 1838 2  time 846.522 2.98763 1714.63
Iteration 1065  HV  cores 1971 1840 2  time 847.138 2.98763 1716.39
Iteration 1066  HV  cores 1973 1842 2  time 848.161 2.98763 1718.17
Iteration 1067  HV  cores 1976 1844 3  time 849.001 2.98763 1719.95
Iteration 1068  HV  cores 1979 1847 3  time 849.379 2.98763 1721.73
Iteration 1069  HV  cores 1982 1850 3  time 849.728 2.98763 1723.52
Iteration 1070  HV  cores 1984 1851 2  time 849.988 2.98763 1725.3
Iteration 1071  HV  cores 1986 1853 2  time 850.328 2.98763 1727.08
Iteration 1072  HV  cores 1988 1853 2  time 850.964 2.98763 1728.86
Iteration 1073  HV  cores 1991 1856 3  time 851.572 2.98763 1730.63
Iteration 1074  HV  cores 1994 1859 3  time 852.318 2.98763 1732.41
Iteration 1075  HV  cores 1997 1862 3  time 853.05 2.98763 1734.19
Iteration 1076  HV  cores 2000 1865 3  time 854.025 2.98763 1735.97
Iteration 1077  HV  cores 2003 1868 3  time 854.47 2.98763 1737.75
Iteration 1078  HV  cores 2006 1871 3  time 855.076 2.98763 1739.53
Iteration 1079  HV  cores 2009 1873 3  time 855.366 2.98763 1741.32
Iteration 1080  HV  cores 2012 1876 3  time 855.773 2.98763 1743.1
Iteration 1081  HV  cores 2015 1878 3  time 856.077 2.98763 1744.88
Iteration 1082  HV  cores 2018 1881 3  time 856.625 2.98763 1746.66
Iteration 1083  HV  cores 2020 1883 2  time 856.728 2.98763 1748.45
Iteration 1084  HV  cores 2023 1885 3  time 856.977 2.98763 1750.23
Iteration 1085  HV  cores 2026 1888 3  time 857.451 2.98763 1752.02
Iteration 1086  HV  cores 2027 1889 1  time 857.696 2.98763 1753.79
Iteration 1087  HV  cores 2028 1890 1  time 857.794 2.98763 1755.57
Iteration 1088  HV  cores 2030 1892 2  time 859.265 2.98763 1757.36
Iteration 1089  HV  cores 2032 1894 2  time 859.522 2.98763 1759.15
Iteration 1090  HV  cores 2034 1896 2  time 859.715 2.98763 1760.93
Iteration 1091  HV  cores 2037 1899 3  time 860.545 2.98763 1762.71
Iteration 1092  HV  cores 2040 1901 3  time 861.165 2.98763 1764.5
Iteration 1093  HV  cores 2042 1903 2  time 861.821 2.98763 1766.29
Iteration 1094  HV  cores 2044 1905 2  time 862.432 2.98763 1768.07
Iteration 1095  HV  cores 2047 1908 3  time 862.838 2.98763 1769.86
Iteration 1096  HV  cores 2050 1911 3  time 863.41 2.98763 1771.64
Iteration 1097  HV  cores 2053 1914 3  time 863.755 2.98763 1773.43
Iteration 1098  HV  cores 2055 1915 2  time 864.074 2.98763 1775.22
Iteration 1099  HV  cores 2057 1915 2  time 864.307 2.98763 1777
Iteration 1100  HV  cores 2059 1917 2  time 864.567 2.98763 1778.79
Iteration 1101  HV  cores 2062 1918 3  time 864.79 2.98763 1780.58
Iteration 1102  HV  cores 2065 1921 3  time 865.516 2.98763 1782.35
Iteration 1103  HV  cores 2066 1922 1  time 865.817 2.98763 1784.14
Iteration 1104  HV  cores 2068 1924 2  time 867.231 2.98763 1785.92
Iteration 1105  HV  cores 2071 1927 3  time 868.223 2.98763 1787.71
Iteration 1106  HV  cores 2074 1929 3  time 869.314 2.98763 1789.49
Iteration 1107  HV  cores 2077 1930 3  time 869.863 2.98763 1791.27
Iteration 1108  HV  cores 2078 1931 1  time 870.519 2.98763 1793.06
Iteration 1109  HV  cores 2080 1933 2  time 870.835 2.98763 1794.84
Iteration 1110  HV  cores 2083 1935 3  time 871.556 2.98763 1796.63
Iteration 1111  HV  cores 2085 1937 2  time 871.794 2.98763 1798.42
Iteration 1112  HV  cores 2088 1939 3  time 872.068 2.98763 1800.21
Iteration 1113  HV  cores 2090 1941 2  time 872.287 2.98763 1802
Iteration 1114  HV  cores 2092 1942 2  time 872.535 2.98763 1803.79
Iteration 1115  HV  cores 2094 1943 2  time 872.719 2.98763 1805.58
Iteration 1116  HV  cores 2096 1945 2  time 873.294 2.98763 1807.38
Iteration 1117  HV  cores 2098 1947 2  time 873.617 2.98763 1809.17
Iteration 1118  HV  cores 2100 1949 2  time 873.933 2.98763 1810.96
Iteration 1119  HV  cores 2102 1951 2  time 874.188 2.98763 1812.75
Iteration 1120  HV  cores 2104 1953 2  time 874.386 2.98763 1814.54
Iteration 1121  HV  cores 2106 1954 2  time 874.696 2.98763 1816.33
Iteration 1122  HV  cores 2108 1956 2  time 875.18 2.98763 1818.11
Iteration 1123  HV  cores 2110 1958 2  time 876.244 2.98763 1819.88
Iteration 1124  HV  cores 2112 1960 2  time 876.659 2.98763 1821.67
Iteration 1125  HV  cores 2114 1962 2  time 877.587 2.98763 1823.46
Iteration 1126  HV  cores 2116 1964 2  time 877.841 2.98763 1825.25
Iteration 1127  HV  cores 2118 1966 2  time 878.288 2.98763 1827.04
Iteration 1128  HV  cores 2120 1968 2  time 878.622 2.98763 1828.83
Iteration 1129  HV  cores 2122 1970 2  time 878.892 2.98763 1830.62
Iteration 1130  HV  cores 2124 1972 2  time 879.101 2.98763 1832.41
Iteration 1131  HV  cores 2126 1974 2  time 879.546 2.98763 1834.21
Iteration 1132  HV  cores 2128 1976 2  time 879.865 2.98763 1836
Iteration 1133  HV  cores 2130 1978 2  time 880.166 2.98763 1837.79
Iteration 1134  HV  cores 2132 1980 2  time 881.21 2.98763 1839.58
Iteration 1135  HV  cores 2134 1982 2  time 882.456 2.98763 1841.38
Iteration 1136  HV  cores 2136 1984 2  time 883.309 2.98763 1843.17
Iteration 1137  HV  cores 2139 1987 3  time 885.602 2.98763 1844.96
Iteration 1138  HV  cores 2142 1990 3  time 887.218 2.98763 1846.75
Iteration 1139  HV  cores 2145 1993 3  time 888.066 2.98763 1848.54
Iteration 1140  HV  cores 2147 1995 2  time 888.629 2.98763 1850.33
Iteration 1141  HV  cores 2149 1997 2  time 888.959 2.98763 1852.13
Iteration 1142  HV  cores 2152 2000 3  time 891.347 2.98763 1853.91
Iteration 1143  HV  cores 2154 2002 2  time 891.83 2.98763 1855.7
Iteration 1144  HV  cores 2156 2004 2  time 892.178 2.98763 1857.5
Iteration 1145  HV  cores 2159 2007 3  time 893.194 2.98763 1859.3
Iteration 1146  HV  cores 2162 2008 3  time 893.974 2.98763 1861.1
Iteration 1147  HV  cores 2165 2011 3  time 894.781 2.98763 1862.89
Iteration 1148  HV  cores 2167 2013 2  time 895.289 2.98763 1864.69
Iteration 1149  HV  cores 2170 2016 3  time 896.375 2.98763 1866.52
Iteration 1150  HV  cores 2172 2018 2  time 896.737 2.98763 1868.35
Iteration 1151  HV  cores 2174 2019 2  time 896.982 2.98763 1870.17
Iteration 1152  HV  cores 2176 2021 2  time 898.792 2.98763 1872
Iteration 1153  HV  cores 2178 2023 2  time 899.564 2.98763 1873.82
Iteration 1154  HV  cores 2180 2023 2  time 899.893 2.98763 1875.64
Iteration 1155  HV  cores 2182 2025 2  time 901.229 2.98763 1877.46
Iteration 1156  HV  cores 2185 2027 3  time 902.116 2.98763 1879.27
Iteration 1157  HV  cores 2186 2028 1  time 902.937 2.98763 1881.08
Iteration 1158  HV  cores 2187 2028 1  time 903.328 2.98763 1882.9
Iteration 1159  HV  cores 2188 2029 1  time 903.757 2.98763 1884.71
Iteration 1160  HV  cores 2190 2031 2  time 908.625 2.98763 1886.51
Iteration 1161  HV  cores 2191 2032 1  time 908.965 2.98763 1888.32
Iteration 1162  HV  cores 2193 2034 2  time 909.8 2.98763 1890.13
Iteration 1163  HV  cores 2195 2036 2  time 910.442 2.98763 1891.92
Iteration 1164  HV  cores 2197 2038 2  time 910.69 2.98763 1893.73
Iteration 1165  HV  cores 2199 2040 2  time 911.473 2.98763 1895.55
Iteration 1166  HV  cores 2201 2042 2  time 912.564 2.98763 1897.34
Iteration 1167  HV  cores 2202 2043 1  time 913.458 2.98763 1899.14
Iteration 1168  HV  cores 2204 2045 2  time 914.216 2.98763 1900.96
Iteration 1169  HV  cores 2206 2047 2  time 915.1 2.98763 1902.77
Iteration 1170  HV  cores 2208 2049 2  time 915.795 2.98763 1904.58
Iteration 1171  HV  cores 2210 2051 2  time 916.256 2.98763 1906.4
Iteration 1172  HV  cores 2212 2053 2  time 916.678 2.98763 1908.22
Iteration 1173  HV  cores 2214 2055 2  time 917.041 2.98763 1910.03
Iteration 1174  HV  cores 2216 2056 2  time 917.507 2.98763 1911.85
Iteration 1175  HV  cores 2218 2058 2  time 919.002 2.98763 1913.66
Iteration 1176  HV  cores 2220 2060 2  time 919.627 2.98763 1915.48
Iteration 1177  HV  cores 2222 2061 2  time 920.109 2.98763 1917.3
Iteration 1178  HV  cores 2224 2063 2  time 920.534 2.98763 1919.11
Iteration 1179  HV  cores 2226 2065 2  time 920.88 2.98763 1920.93
Iteration 1180  HV  cores 2228 2066 2  time 922.752 2.98763 1922.75
Iteration 1181  HV  cores 2230 2068 2  time 923.359 2.98763 1924.57
Iteration 1182  HV  cores 2232 2068 2  time 923.686 2.98763 1926.36
Iteration 1183  HV  cores 2234 2070 2  time 924.353 2.98763 1928.17
Iteration 1184  HV  cores 2236 2072 2  time 924.618 2.98763 1929.98
Iteration 1185  HV  cores 2238 2074 2  time 924.999 2.98763 1931.79
Iteration 1186  HV  cores 2240 2076 2  time 925.436 2.98763 1933.61
Iteration 1187  HV  cores 2242 2078 2  time 926.315 2.98763 1935.42
Iteration 1188  HV  cores 2243 2079 1  time 926.868 2.98763 1937.22
Iteration 1189  HV  cores 2245 2081 2  time 927.036 2.98763 1939.02
Iteration 1190  HV  cores 2246 2082 1  time 927.51 2.98763 1940.83
Iteration 1191  HV  cores 2248 2084 2  time 927.684 2.98763 1942.63
Iteration 1192  HV  cores 2249 2085 1  time 927.752 2.98763 1944.45
Iteration 1193  HV  cores 2251 2087 2  time 928.248 2.98763 1946.26
Iteration 1194  HV  cores 2253 2087 2  time 928.592 2.98763 1948.07
Iteration 1195  HV  cores 2255 2089 2  time 929.471 2.98763 1949.87
Iteration 1196  HV  cores 2256 2090 1  time 929.889 2.98763 1951.68
Iteration 1197  HV  cores 2258 2092 2  time 930.35 2.98763 1953.5
Iteration 1198  HV  cores 2260 2094 2  time 931.496 2.98763 1955.3
Iteration 1199  HV  cores 2262 2096 2  time 932.005 2.98763 1957.12
Iteration 1200  HV  cores 2265 2099 3  time 932.828 2.98763 1958.93
Iteration 1201  HV  cores 2267 2101 2  time 933.264 2.98763 1960.75
Iteration 1202  HV  cores 2269 2102 2  time 933.755 2.98763 1962.56
Iteration 1203  HV  cores 2271 2104 2  time 936.521 2.98763 1964.36
Iteration 1204  HV  cores 2273 2106 2  time 937.051 2.98763 1966.17
Iteration 1205  HV  cores 2275 2108 2  time 937.603 2.98763 1967.99
Iteration 1206  HV  cores 2278 2111 3  time 940.533 2.98763 1969.8
Iteration 1207  HV  cores 2280 2113 2  time 941.521 2.98763 1971.61
Iteration 1208  HV  cores 2283 2116 3  time 942.028 2.98763 1973.43
Iteration 1209  HV  cores 2286 2119 3  time 944.041 2.98763 1975.25
Iteration 1210  HV  cores 2288 2121 2  time 944.965 2.98763 1977.07
Iteration 1211  HV  cores 2290 2123 2  time 945.535 2.98763 1978.89
Iteration 1212  HV  cores 2292 2124 2  time 946.114 2.98763 1980.71
Iteration 1213  HV  cores 2294 2125 2  time 946.837 2.98763 1982.53
Iteration 1214  HV  cores 2296 2127 2  time 947.383 2.98763 1984.35
Iteration 1215  HV  cores 2298 2128 2  time 948.158 2.98763 1986.17
Iteration 1216  HV  cores 2301 2131 3  time 949.013 2.98763 1987.97
Iteration 1217  HV  cores 2303 2133 2  time 951.012 2.98763 1989.79
Iteration 1218  HV  cores 2305 2135 2  time 952.512 2.98763 1991.62
Iteration 1219  HV  cores 2307 2136 2  time 953.669 2.98763 1993.43
Iteration 1220  HV  cores 2309 2138 2  time 954.975 2.98763 1995.25
Iteration 1221  HV  cores 2311 2140 2  time 956.214 2.98763 1997.1
Iteration 1222  HV  cores 2313 2142 2  time 956.821 2.98763 1998.95
Iteration 1223  HV  cores 2316 2145 3  time 958.142 2.98763 2000.79
Iteration 1224  HV  cores 2318 2147 2  time 958.664 2.98763 2002.62
Iteration 1225  HV  cores 2320 2149 2  time 961.666 2.98763 2004.46
Iteration 1226  HV  cores 2323 2152 3  time 962.553 2.98763 2006.27
Iteration 1227  HV  cores 2325 2154 2  time 962.851 2.98763 2008.09
Iteration 1228  HV  cores 2327 2156 2  time 963.174 2.98763 2009.93
Iteration 1229  HV  cores 2329 2158 2  time 964.453 2.98763 2011.75
Iteration 1230  HV  cores 2331 2160 2  time 964.959 2.98763 2013.58
Iteration 1231  HV  cores 2333 2162 2  time 965.813 2.98763 2015.42
Iteration 1232  HV  cores 2335 2164 2  time 967.562 2.98763 2017.25
Iteration 1233  HV  cores 2336 2165 1  time 969.867 2.98763 2019.07
Iteration 1234  HV  cores 2338 2167 2  time 970.183 2.98763 2020.9
Iteration 1235  HV  cores 2340 2169 2  time 970.712 2.98763 2022.74
Iteration 1236  HV  cores 2343 2172 3  time 971.341 2.98763 2024.57
Iteration 1237  HV  cores 2345 2173 2  time 971.64 2.98763 2026.4
Iteration 1238  HV  cores 2347 2175 2  time 971.908 2.98763 2028.24
Iteration 1239  HV  cores 2349 2175 2  time 972.114 2.98763 2030.07
Iteration 1240  HV  cores 2352 2177 3  time 972.436 2.98763 2031.9
Iteration 1241  HV  cores 2355 2179 3  time 972.882 2.98763 2033.74
Iteration 1242  HV  cores 2358 2181 3  time 973.261 2.98763 2035.57
Iteration 1243  HV  cores 2360 2183 2  time 973.837 2.98763 2037.4
Iteration 1244  HV  cores 2363 2184 3  time 974.533 2.98763 2039.24
Iteration 1245  HV  cores 2366 2187 3  time 974.918 2.98763 2041.07
Iteration 1246  HV  cores 2369 2190 3  time 975.235 2.98763 2042.9
Iteration 1247  HV  cores 2372 2192 3  time 975.623 2.98763 2044.74
Iteration 1248  HV  cores 2375 2195 3  time 976.298 2.98763 2046.62
Iteration 1249  HV  cores 2377 2197 2  time 976.72 2.98763 2048.51
Iteration 1250  HV  cores 2379 2198 2  time 977.734 2.98763 2050.39
Iteration 1251  HV  cores 2381 2200 2  time 978.977 2.98763 2052.27
Iteration 1252  HV  cores 2384 2203 3  time 980.078 2.98763 2054.16
Iteration 1253  HV  cores 2386 2205 2  time 981.948 2.98763 2056.03
Iteration 1254  HV  cores 2387 2206 1  time 982.478 2.98763 2057.92
Iteration 1255  HV  cores 2389 2208 2  time 983.748 2.98763 2059.76
Iteration 1256  HV  cores 2391 2210 2  time 986.043 2.98763 2061.6
Iteration 1257  HV  cores 2393 2212 2  time 988.249 2.98763 2063.43
Iteration 1258  HV  cores 2395 2214 2  time 988.699 2.98763 2065.27
Iteration 1259  HV  cores 2397 2214 2  time 989.509 2.98763 2067.1
Iteration 1260  HV  cores 2399 2216 2  time 989.789 2.98763 2068.95
Iteration 1261  HV  cores 2401 2216 2  time 989.95 2.98763 2070.79
Iteration 1262  HV  cores 2403 2218 2  time 990.662 2.98763 2072.61
Iteration 1263  HV  cores 2404 2219 1  time 991.586 2.98763 2074.44
Iteration 1264  HV  cores 2407 2222 3  time 992.057 2.98763 2076.28
Iteration 1265  HV  cores 2410 2224 3  time 992.355 2.98763 2078.12
Iteration 1266  HV  cores 2413 2226 3  time 992.686 2.98763 2079.95
Iteration 1267  HV  cores 2415 2228 2  time 993.111 2.98763 2081.78
Iteration 1268  HV  cores 2416 2229 1  time 993.836 2.98763 2083.62
Iteration 1269  HV  cores 2418 2231 2  time 994.531 2.98763 2085.46
Iteration 1270  HV  cores 2420 2233 2  time 995.116 2.98763 2087.3
Iteration 1271  HV  cores 2422 2235 2  time 995.536 2.98763 2089.14
Iteration 1272  HV  cores 2424 2236 2  time 995.853 2.98763 2090.98
Iteration 1273  HV  cores 2426 2238 2  time 997.793 2.98763 2092.81
Iteration 1274  HV  cores 2427 2239 1  time 999.212 2.98763 2094.65
Iteration 1275  HV  cores 2429 2241 2  time 999.759 2.98763 2096.5
Iteration 1276  HV  cores 2431 2243 2  time 1000.45 2.98763 2098.34
Iteration 1277  HV  cores 2433 2245 2  time 1001.59 2.98763 2100.18
Iteration 1278  HV  cores 2435 2247 2  time 1002.5 2.98763 2102.02
Iteration 1279  HV  cores 2437 2249 2  time 1003.12 2.98763 2103.86
Iteration 1280  HV  cores 2439 2251 2  time 1005.02 2.98763 2105.7
Iteration 1281  HV  cores 2441 2253 2  time 1008.27 2.98763 2107.54
Iteration 1282  HV  cores 2444 2256 3  time 1008.86 2.98763 2109.39
Iteration 1283  HV  cores 2447 2259 3  time 1009.28 2.98763 2111.23
Iteration 1284  HV  cores 2450 2261 3  time 1009.74 2.98763 2113.08
Iteration 1285  HV  cores 2453 2263 3  time 1010.59 2.98763 2114.93
Iteration 1286  HV  cores 2456 2266 3  time 1011.57 2.98763 2116.78
Iteration 1287  HV  cores 2458 2268 2  time 1012.58 2.98763 2118.63
Iteration 1288  HV  cores 2460 2270 2  time 1013.42 2.98763 2120.48
Iteration 1289  HV  cores 2462 2271 2  time 1013.9 2.98763 2122.33
Iteration 1290  HV  cores 2464 2271 2  time 1014.53 2.98763 2124.18
Iteration 1291  HV  cores 2466 2272 2  time 1015.11 2.98763 2126.03
Iteration 1292  HV  cores 2468 2274 2  time 1015.76 2.98763 2127.88
Iteration 1293  HV  cores 2470 2276 2  time 1016.96 2.98763 2129.75
Iteration 1294  HV  cores 2472 2278 2  time 1017.82 2.98763 2131.62
Iteration 1295  HV  cores 2474 2278 2  time 1018.2 2.98763 2133.5
Iteration 1296  HV  cores 2476 2279 2  time 1018.71 2.98763 2135.37
Iteration 1297  HV  cores 2478 2280 2  time 1019.24 2.98763 2137.24
Iteration 1298  HV  cores 2480 2281 2  time 1019.8 2.98763 2139.11
Iteration 1299  HV  cores 2482 2282 2  time 1020.16 2.98763 2140.98
Iteration 1300  HV  cores 2484 2284 2  time 1020.66 2.98763 2142.86
Iteration 1301  HV  cores 2486 2286 2  time 1021.38 2.98763 2144.73
Iteration 1302  HV  cores 2488 2288 2  time 1022.11 2.98763 2146.6
Iteration 1303  HV  cores 2490 2290 2  time 1022.63 2.98763 2148.47
Iteration 1304  HV  cores 2492 2291 2  time 1023.21 2.98763 2150.34
Iteration 1305  HV  cores 2494 2292 2  time 1023.75 2.98763 2152.21
Iteration 1306  HV  cores 2496 2294 2  time 1024.64 2.98763 2154.08
Iteration 1307  HV  cores 2498 2296 2  time 1025.43 2.98763 2155.95
Iteration 1308  HV  cores 2500 2297 2  time 1025.92 2.98763 2157.82
Iteration 1309  HV  cores 2502 2298 2  time 1026.51 2.98763 2159.69
Iteration 1310  HV  cores 2504 2299 2  time 1027.11 2.98763 2161.56
Iteration 1311  HV  cores 2506 2301 2  time 1027.69 2.98763 2163.43
Iteration 1312  HV  cores 2508 2303 2  time 1028.02 2.98763 2165.3
Iteration 1313  HV  cores 2510 2301 2  time 1028.49 2.98763 2167.18
Iteration 1314  HV  cores 2512 2303 2  time 1029.08 2.98763 2169.05
Iteration 1315  HV  cores 2514 2305 2  time 1029.59 2.98763 2170.92
Iteration 1316  HV  cores 2516 2307 2  time 1030.71 2.98763 2172.79
Iteration 1317  HV  cores 2519 2308 3  time 1031.59 2.98763 2174.66
Iteration 1318  HV  cores 2521 2310 2  time 1032.28 2.98763 2176.53
Iteration 1319  HV  cores 2523 2311 2  time 1032.9 2.98763 2178.4
Iteration 1320  HV  cores 2525 2312 2  time 1033.67 2.98763 2180.27
Iteration 1321  HV  cores 2527 2314 2  time 1034.37 2.98763 2182.14
Iteration 1322  HV  cores 2529 2316 2  time 1035.13 2.98763 2184.01
Iteration 1323  HV  cores 2531 2318 2  time 1036.04 2.98763 2185.88
Iteration 1324  HV  cores 2533 2319 2  time 1036.61 2.98763 2187.75
Iteration 1325  HV  cores 2535 2319 2  time 1037.21 2.98763 2189.62
Iteration 1326  HV  cores 2537 2320 2  time 1037.92 2.98763 2191.49
Iteration 1327  HV  cores 2539 2322 2  time 1038.87 2.98763 2193.35
Iteration 1328  HV  cores 2541 2323 2  time 1039.42 2.98763 2195.22
Iteration 1329  HV  cores 2543 2323 2  time 1040.1 2.98763 2197.09
Iteration 1330  HV  cores 2545 2325 2  time 1040.99 2.98763 2198.96
Iteration 1331  HV  cores 2547 2327 2  time 1041.49 2.98763 2200.82
Iteration 1332  HV  cores 2549 2329 2  time 1043.29 2.98763 2202.68
Iteration 1333  HV  cores 2551 2331 2  time 1044.45 2.98763 2204.54
Iteration 1334  HV  cores 2553 2333 2  time 1045.39 2.98763 2206.4
Iteration 1335  HV  cores 2555 2335 2  time 1046.67 2.98763 2208.26
Iteration 1336  HV  cores 2557 2337 2  time 1047.08 2.98763 2210.13
Iteration 1337  HV  cores 2559 2338 2  time 1047.33 2.98763 2212
Iteration 1338  HV  cores 2561 2340 2  time 1047.94 2.98763 2213.86
Iteration 1339  HV  cores 2563 2342 2  time 1048.59 2.98763 2215.72
Iteration 1340  HV  cores 2564 2343 1  time 1049.14 2.98763 2217.58
Iteration 1341  HV  cores 2566 2345 2  time 1050.24 2.98763 2219.43
Iteration 1342  HV  cores 2568 2347 2  time 1050.86 2.98763 2221.3
Iteration 1343  HV  cores 2570 2349 2  time 1052.03 2.98763 2223.16
Iteration 1344  HV  cores 2572 2349 2  time 1052.23 2.98763 2225.02
Iteration 1345  HV  cores 2574 2351 2  time 1052.45 2.98763 2226.88
Iteration 1346  HV  cores 2577 2354 3  time 1053.05 2.98763 2228.74
Iteration 1347  HV  cores 2579 2356 2  time 1053.51 2.98763 2230.6
Iteration 1348  HV  cores 2582 2359 3  time 1054.57 2.98763 2232.47
Iteration 1349  HV  cores 2585 2360 3  time 1055.09 2.98763 2234.33
Iteration 1350  HV  cores 2587 2362 2  time 1055.52 2.98763 2236.2
Iteration 1351  HV  cores 2589 2364 2  time 1056.07 2.98763 2238.07
Iteration 1352  HV  cores 2591 2366 2  time 1057.54 2.98763 2239.93
Iteration 1353  HV  cores 2593 2368 2  time 1058.82 2.98763 2241.79
Iteration 1354  HV  cores 2595 2370 2  time 1059.64 2.98763 2243.66
Iteration 1355  HV  cores 2597 2372 2  time 1060.79 2.98763 2245.51
Iteration 1356  HV  cores 2598 2373 1  time 1061.44 2.98763 2247.37
Iteration 1357  HV  cores 2600 2375 2  time 1062.01 2.98763 2249.23
Iteration 1358  HV  cores 2601 2376 1  time 1062.14 2.98763 2251.09
Iteration 1359  HV  cores 2603 2378 2  time 1062.45 2.98763 2252.95
Iteration 1360  HV  cores 2604 2379 1  time 1062.66 2.98763 2254.82
Iteration 1361  HV  cores 2606 2381 2  time 1063.42 2.98763 2256.69
Iteration 1362  HV  cores 2608 2381 2  time 1063.9 2.98763 2258.56
Iteration 1363  HV  cores 2610 2382 2  time 1064.37 2.98763 2260.43
Iteration 1364  HV  cores 2612 2384 2  time 1065.63 2.98763 2262.29
Iteration 1365  HV  cores 2613 2385 1  time 1066.2 2.98763 2264.16
Iteration 1366  HV  cores 2614 2386 1  time 1066.94 2.98763 2266.03
Iteration 1367  HV  cores 2615 2386 1  time 1067.26 2.98763 2267.9
Iteration 1368  HV  cores 2617 2387 2  time 1067.8 2.98763 2269.76
Iteration 1369  HV  cores 2619 2389 2  time 1068.3 2.98763 2271.64
Iteration 1370  HV  cores 2621 2391 2  time 1069.16 2.98763 2273.51
Iteration 1371  HV  cores 2623 2393 2  time 1069.64 2.98763 2275.39
Iteration 1372  HV  cores 2625 2395 2  time 1070.14 2.98763 2277.25
Iteration 1373  HV  cores 2626 2396 1  time 1070.89 2.98763 2279.13
Iteration 1374  HV  cores 2628 2398 2  time 1071.44 2.98763 2280.99
Iteration 1375  HV  cores 2629 2399 1  time 1072.01 2.98763 2282.86
Iteration 1376  HV  cores 2631 2401 2  time 1072.58 2.98763 2284.74
Iteration 1377  HV  cores 2633 2401 2  time 1072.99 2.98763 2286.62
Iteration 1378  HV  cores 2635 2403 2  time 1074.91 2.98763 2288.49
Iteration 1379  HV  cores 2637 2405 2  time 1076.11 2.98763 2290.36
Iteration 1380  HV  cores 2639 2407 2  time 1076.92 2.98763 2292.24
Iteration 1381  HV  cores 2641 2409 2  time 1078.14 2.98763 2294.12
Iteration 1382  HV  cores 2643 2411 2  time 1079.87 2.98763 2295.99
Iteration 1383  HV  cores 2645 2412 2  time 1080.46 2.98763 2297.87
Iteration 1384  HV  cores 2647 2414 2  time 1081.44 2.98763 2299.74
Iteration 1385  HV  cores 2649 2416 2  time 1082.67 2.98763 2301.61
Iteration 1386  HV  cores 2652 2419 3  time 1084.93 2.98763 2303.47
Iteration 1387  HV  cores 2654 2421 2  time 1086.81 2.98763 2305.38
Iteration 1388  HV  cores 2656 2423 2  time 1087.53 2.98763 2307.28
Iteration 1389  HV  cores 2658 2425 2  time 1087.97 2.98763 2309.16
Iteration 1390  HV  cores 2660 2427 2  time 1088.57 2.98763 2311.05
Iteration 1391  HV  cores 2661 2428 1  time 1088.7 2.98763 2312.95
Iteration 1392  HV  cores 2663 2430 2  time 1089.46 2.98763 2314.85
Iteration 1393  HV  cores 2665 2431 2  time 1089.88 2.98763 2316.75
Iteration 1394  HV  cores 2667 2432 2  time 1090.36 2.98763 2318.65
Iteration 1395  HV  cores 2669 2433 2  time 1090.79 2.98763 2320.55
Iteration 1396  HV  cores 2671 2435 2  time 1091.37 2.98763 2322.45
Iteration 1397  HV  cores 2673 2437 2  time 1091.77 2.98763 2324.35
Iteration 1398  HV  cores 2675 2439 2  time 1092.54 2.98763 2326.25
Iteration 1399  HV  cores 2677 2440 2  time 1093.02 2.98763 2328.14
Iteration 1400  HV  cores 2679 2442 2  time 1093.53 2.98763 2330.04
Iteration 1401  HV  cores 2681 2444 2  time 1093.92 2.98763 2331.94
Iteration 1402  HV  cores 2683 2446 2  time 1095.37 2.98763 2333.84
Iteration 1403  HV  cores 2685 2448 2  time 1096.39 2.98763 2335.74
Iteration 1404  HV  cores 2687 2450 2  time 1097.79 2.98763 2337.64
Iteration 1405  HV  cores 2689 2451 2  time 1098.3 2.98763 2339.54
Iteration 1406  HV  cores 2691 2453 2  time 1098.56 2.98763 2341.43
Iteration 1407  HV  cores 2693 2455 2  time 1099.71 2.98763 2343.33
Iteration 1408  HV  cores 2695 2457 2  time 1100.71 2.98763 2345.21
Iteration 1409  HV  cores 2697 2459 2  time 1101.8 2.98763 2347.09
Iteration 1410  HV  cores 2699 2461 2  time 1102.05 2.98763 2348.99
Iteration 1411  HV  cores 2701 2463 2  time 1102.63 2.98763 2350.89
Iteration 1412  HV  cores 2703 2464 2  time 1103.16 2.98763 2352.79
Iteration 1413  HV  cores 2705 2465 2  time 1103.61 2.98763 2354.69
Iteration 1414  HV  cores 2707 2466 2  time 1104.04 2.98763 2356.59
Iteration 1415  HV  cores 2709 2465 2  time 1104.43 2.98763 2358.49
Iteration 1416  HV  cores 2711 2467 2  time 1105.55 2.98763 2360.39
Iteration 1417  HV  cores 2713 2469 2  time 1106.15 2.98763 2362.29
Iteration 1418  HV  cores 2714 2470 1  time 1106.79 2.98763 2364.18
Iteration 1419  HV  cores 2715 2471 1  time 1108.23 2.98763 2366.07
Iteration 1420  HV  cores 2717 2473 2  time 1109.2 2.98763 2367.96
Iteration 1421  HV  cores 2719 2475 2  time 1109.6 2.98763 2369.84
Iteration 1422  HV  cores 2721 2477 2  time 1110.07 2.98763 2371.74
Iteration 1423  HV  cores 2723 2479 2  time 1111.74 2.98763 2373.62
Iteration 1424  HV  cores 2724 2480 1  time 1112.39 2.98763 2375.51
Iteration 1425  HV  cores 2726 2482 2  time 1113.04 2.98763 2377.4
Iteration 1426  HV  cores 2728 2483 2  time 1113.68 2.98763 2379.29
Iteration 1427  HV  cores 2730 2484 2  time 1114.29 2.98763 2381.18
Iteration 1428  HV  cores 2732 2486 2  time 1114.9 2.98763 2383.07
Iteration 1429  HV  cores 2734 2486 2  time 1115.21 2.98763 2384.97
Iteration 1430  HV  cores 2736 2486 2  time 1115.49 2.98763 2386.86
Iteration 1431  HV  cores 2738 2484 2  time 1116.1 2.98763 2388.75
Iteration 1432  HV  cores 2740 2486 2  time 1118.04 2.98763 2390.64
Iteration 1433  HV  cores 2742 2486 2  time 1119.18 2.98763 2392.54
Iteration 1434  HV  cores 2744 2488 2  time 1119.5 2.98763 2394.43
Iteration 1435  HV  cores 2746 2490 2  time 1120.82 2.98763 2396.32
Iteration 1436  HV  cores 2748 2491 2  time 1122.07 2.98763 2398.21
Iteration 1437  HV  cores 2750 2493 2  time 1122.92 2.98763 2400.1
Iteration 1438  HV  cores 2752 2495 2  time 1123.64 2.98763 2401.98
Iteration 1439  HV  cores 2753 2496 1  time 1124.46 2.98763 2403.86
Iteration 1440  HV  cores 2754 2497 1  time 1125.13 2.98763 2405.76
Iteration 1441  HV  cores 2756 2499 2  time 1125.74 2.98763 2407.65
Iteration 1442  HV  cores 2758 2501 2  time 1126.16 2.98763 2409.54
Iteration 1443  HV  cores 2760 2503 2  time 1126.76 2.98763 2411.43
Iteration 1444  HV  cores 2762 2505 2  time 1127.16 2.98763 2413.33
Iteration 1445  HV  cores 2764 2507 2  time 1128.73 2.98763 2415.22
Iteration 1446  HV  cores 2766 2509 2  time 1137.91 2.98763 2417.12
Iteration 1447  HV  cores 2768 2511 2  time 1138.34 2.98763 2419.02
Iteration 1448  HV  cores 2770 2513 2  time 1141.11 2.98763 2420.92
Iteration 1449  HV  cores 2771 2514 1  time 1142.08 2.98763 2422.82
Iteration 1450  HV  cores 2772 2515 1  time 1145.04 2.98763 2424.73
Iteration 1451  HV  cores 2774 2517 2  time 1145.34 2.98763 2426.63
Iteration 1452  HV  cores 2776 2519 2  time 1146.72 2.98763 2428.53
Iteration 1453  HV  cores 2778 2520 2  time 1147.44 2.98763 2430.43
Iteration 1454  HV  cores 2780 2522 2  time 1147.84 2.98763 2432.33
Iteration 1455  HV  cores 2782 2522 2  time 1148.27 2.98763 2434.24
