lb 2426810 ub 25142792 before adjustment
lb 0 ub 22715982 after adjustment
costs ready
31 variables 495 functions 2426810 lb, 22715982 ub
Iteration 0  HV  cores 23 23 23  time 150.326 0 0
Iteration 1  HV  cores 42 42 19  time 209.171 0 0
Iteration 2  HV  cores 60 60 18  time 281.868 0 0
Iteration 3  HV  cores 80 80 20  time 350.124 0 0
Iteration 4  HV  cores 100 100 20  time 397.588 0 0
Iteration 5  HV  cores 117 117 17  time 436.818 0 0
Iteration 6  HV  cores 135 135 18  time 486.736 0 0
Iteration 7  HV  cores 156 156 21  time 581.349 0 0
Iteration 8  HV  cores 175 175 19  time 662.819 0 0
Iteration 9  HV  cores 192 192 17  time 703.731 0 0
Iteration 10  HV  cores 211 210 19  time 788.701 0 0
Iteration 11  HV  cores 229 227 18  time 831.81 0 0
Iteration 12  HV  cores 244 242 15  time 861.027 0 0
Iteration 13  HV  cores 260 257 16  time 913.475 0 0
Iteration 14  HV  cores 277 274 17  time 1023.02 0 0
Iteration 15  HV  cores 295 291 18  time 1172.84 0 0
Iteration 16  HV  cores 311 307 16  time 1219 0 0
Iteration 17  HV  cores 328 324 17  time 1277.23 0 0
Iteration 18  HV  cores 344 339 16  time 1346.94 0 0
Iteration 19  HV  cores 359 353 15  time 1402.91 0 0
Iteration 20  HV  cores 376 370 17  time 1510.74 0 0
Iteration 21  HV  cores 392 386 16  time 1564.86 0 0
Iteration 22  HV  cores 410 404 18  time 1665.95 0 0
Iteration 23  HV  cores 428 421 18  time 1765.67 0 0
Iteration 24  HV  cores 445 438 17  time 1811.81 0 0
Iteration 25  HV  cores 462 455 17  time 1905.39 0 0
Iteration 26  HV  cores 478 471 16  time 1997.23 0 0
Iteration 27  HV  cores 495 488 17  time 2098.95 0 0
Iteration 28  HV  cores 513 505 18  time 2172.77 0 0
Iteration 29  HV  cores 528 520 15  time 2242.77 0 0
Iteration 30  HV  cores 543 535 15  time 2305.54 0 0
Iteration 31  HV  cores 556 547 13  time 2373.59 0 0
Iteration 32  HV  cores 571 562 15  time 2421.48 0 0
Iteration 33  HV  cores 586 575 15  time 2539.65 0 0
Iteration 34  HV  cores 600 589 14  time 2634.48 0 0
Iteration 35  HV  cores 614 602 14  time 2700.4 0 0
Iteration 36  HV  cores 630 617 16  time 2756.6 0 0
Iteration 37  HV  cores 648 633 18  time 2857.19 0 0
Iteration 38  HV  cores 663 648 15  time 2915.04 0 0
Iteration 39  HV  cores 677 662 14  time 2946.21 0 0
Iteration 40  HV  cores 691 676 14  time 2978.83 0 0
Iteration 41  HV  cores 707 692 16  time 3055.14 0 0
Iteration 42  HV  cores 724 707 17  time 3120.04 0 0
Iteration 43  HV  cores 740 722 16  time 3180.11 0 0
Iteration 44  HV  cores 756 738 16  time 3227.07 0 0
Iteration 45  HV  cores 771 752 15  time 3261.75 0 0
Iteration 46  HV  cores 785 765 14  time 3310.64 0 0
Iteration 47  HV  cores 801 781 16  time 3331.81 0 0
Iteration 48  HV  cores 815 795 14  time 3361.19 0 0
Iteration 49  HV  cores 831 808 16  time 3404.2 0 0
Iteration 50  HV  cores 847 821 16  time 3440.57 0 0
Iteration 51  HV  cores 862 836 15  time 3482.17 0 0
Iteration 52  HV  cores 875 849 13  time 3519.71 0 0
Iteration 53  HV  cores 889 863 14  time 3557.49 0 0
