lb 5195604 ub 20500801 before adjustment
lb 0 ub 15305197 after adjustment
costs ready
52 variables 1202 functions 5195604 lb, 15305197 ub
Iteration 0  HV  cores 20 20 20  time 29.406 0 0.01184
Iteration 1 MHV  lb 5195637 ub 20500800  time 29.4115 0.172705 0.01184
Iteration 2  HV  cores 36 35 16  time 37.8514 0.172705 0.119726
Iteration 3 MHV  lb 5195641 ub 13488629  time 37.859 0.379487 0.119726
Iteration 4  HV  cores 55 54 19  time 55.8754 0.379487 0.784364
Iteration 5 MHV  lb 5195663 ub 10197662  time 55.8896 0.599228 0.784364
Iteration 6  HV  cores 74 72 19  time 70.9689 0.599228 1.60971
Iteration 7  HV  cores 75 73 1  time 71.6075 0.599228 2.43525
Iteration 8  HV  cores 76 74 1  time 73.3371 0.599228 3.26215
Iteration 9 MHV  lb 5195671 ub 8223716  time 73.3433 0.885024 3.26215
Iteration 10  HV  cores 91 89 15  time 78.6957 0.885024 4.14944
Iteration 11  HV  cores 104 102 13  time 94.2663 0.885024 5.03399
Iteration 12  HV  cores 107 105 3  time 95.2244 0.885024 5.91144
Iteration 13  HV  cores 110 108 3  time 97.0824 0.885024 6.82289
Iteration 14  HV  cores 112 110 2  time 97.9777 0.885024 7.73599
Iteration 15  HV  cores 116 114 4  time 106.865 0.885024 8.6505
Iteration 16  HV  cores 119 117 3  time 107.93 0.885024 9.56568
Iteration 17  HV  cores 122 120 3  time 109.606 0.885024 10.4837
Iteration 18  HV  cores 124 122 2  time 110.293 0.885024 11.4025
Iteration 19  HV  cores 126 124 2  time 111.247 0.885024 12.3214
Iteration 20  HV  cores 127 125 1  time 111.475 0.885024 13.2411
Iteration 21  HV  cores 129 124 2  time 112.273 0.885024 14.1578
Iteration 22  HV  cores 130 125 1  time 112.959 0.885024 15.074
Iteration 23 MHV  lb 5195731 ub 6234332  time 112.976 1.28998 15.074
Iteration 24  HV  cores 145 140 15  time 123.244 1.28998 16.0199
Iteration 25  HV  cores 151 146 6  time 129.673 1.28998 16.9806
Iteration 26  HV  cores 153 148 2  time 134.399 1.28998 17.9307
Iteration 27  HV  cores 156 151 3  time 135.499 1.28998 18.8838
Iteration 28  HV  cores 158 153 2  time 136.099 1.28998 19.8381
Iteration 29  HV  cores 161 156 3  time 139.581 1.28998 20.7975
Iteration 30  HV  cores 163 158 2  time 140.003 1.28998 21.7421
Iteration 31  HV  cores 166 161 3  time 141.706 1.28998 22.6642
Iteration 32  HV  cores 169 164 3  time 142.133 1.28998 23.5864
Iteration 33  HV  cores 170 165 1  time 142.18 1.28998 24.5087
Iteration 34  HV  cores 172 166 2  time 142.368 1.28998 25.4409
Iteration 35  HV  cores 173 167 1  time 142.413 1.28998 26.3721
Iteration 36  HV  cores 174 168 1  time 142.454 1.28998 27.303
Iteration 37  HV  cores 175 167 1  time 142.477 1.28998 28.2342
Iteration 38  HV  cores 176 168 1  time 142.745 1.28998 29.1668
Iteration 39  HV  cores 177 169 1  time 142.816 1.28998 30.0988
Iteration 40  HV  cores 178 170 1  time 143.11 1.28998 31.0304
Iteration 41  HV  cores 179 171 1  time 143.21 1.28998 31.9626
Iteration 42  HV  cores 180 172 1  time 143.567 1.28998 32.895
Iteration 43  HV  cores 181 173 1  time 143.704 1.28998 33.8288
Iteration 44  HV  cores 182 174 1  time 143.772 1.28998 34.7627
Iteration 45  HV  cores 183 175 1  time 143.851 1.28998 35.6979
Iteration 46  HV  cores 184 176 1  time 143.904 1.28998 36.6327
Iteration 47 MHV  lb 5195770 ub 5732038  time 143.909 3.07849 36.6327
Iteration 48  HV  cores 199 191 15  time 156.795 3.07849 37.7263
Iteration 49  HV  cores 208 200 9  time 170.123 3.07849 38.8304
Iteration 50  HV  cores 210 202 2  time 170.578 3.07849 39.9022
Iteration 51  HV  cores 217 209 7  time 182.117 3.07849 40.9874
Iteration 52  HV  cores 224 216 7  time 190.436 3.07849 42.0693
Iteration 53  HV  cores 231 223 7  time 195.26 3.07849 43.1483
Iteration 54  HV  cores 238 230 7  time 204.061 3.07849 44.2298
Iteration 55  HV  cores 245 236 7  time 208.902 3.07849 45.3169
Iteration 56  HV  cores 251 242 6  time 213.851 3.07849 46.4178
Iteration 57  HV  cores 257 248 6  time 217.06 3.07849 47.511
Iteration 58  HV  cores 263 254 6  time 223.666 3.07849 48.6067
Iteration 59  HV  cores 269 260 6  time 231.737 3.07849 49.7075
Iteration 60  HV  cores 276 266 7  time 235.425 3.07849 50.8077
Iteration 61  HV  cores 282 272 6  time 238.397 3.07849 51.909
Iteration 62  HV  cores 289 278 7  time 242.868 3.07849 53.0144
Iteration 63  HV  cores 295 284 6  time 247.55 3.07849 54.1242
Iteration 64  HV  cores 302 291 7  time 255.99 3.07849 55.2321
Iteration 65  HV  cores 310 299 8  time 262.26 3.07849 56.3509
Iteration 66  HV  cores 319 308 9  time 274.803 3.07849 57.4611
Iteration 67  HV  cores 328 317 9  time 284.81 3.07849 58.6116
Iteration 68 MHV  lb 5195798 ub 5732037  time 284.821 8.26683 58.6116
Iteration 69  HV  cores 344 333 16  time 295.717 8.26683 59.7921
Iteration 70  HV  cores 349 338 5  time 305.478 8.26683 60.9615
Iteration 71  HV  cores 350 339 1  time 306.193 8.26683 62.1175
Iteration 72 MHV  lb 5195811 ub 5713680  time 306.199 14.3436 62.1175
Iteration 73  HV  cores 363 352 13  time 313.662 14.3436 63.323
Iteration 74  HV  cores 367 356 4  time 314.856 14.3436 64.5257
Iteration 75 MHV  lb 5195832 ub 5672255  time 314.865 21.1023 64.5257
Iteration 76  HV  cores 381 370 14  time 333.745 21.1023 65.7303
Iteration 77  HV  cores 385 374 4  time 334.837 21.1023 66.9273
Iteration 78 MHV  lb 5195849 ub 5665594  time 334.844 28.1574 66.9273
Iteration 79  HV  cores 399 388 14  time 347.89 28.1574 68.1614
Iteration 80  HV  cores 402 391 3  time 349.705 28.1574 69.3733
Iteration 81 MHV  lb 5195876 ub 5665520  time 349.711 40.3319 69.3733
Iteration 82  HV  cores 419 408 17  time 362.954 40.3319 70.5758
Iteration 83  HV  cores 420 409 1  time 363.026 40.3319 71.7638
Iteration 84 MHV  lb 5195881 ub 5665519  time 363.033 55.0799 71.7638
Iteration 85  HV  cores 434 422 14  time 370.045 55.0799 72.9562
Iteration 86  HV  cores 435 423 1  time 370.565 55.0799 74.1512
Iteration 87  HV  cores 438 426 3  time 372.757 55.0799 75.3329
Iteration 88  HV  cores 439 427 1  time 373.121 55.0799 76.518
Iteration 89  HV  cores 440 428 1  time 373.297 55.0799 77.7036
Iteration 90  HV  cores 441 429 1  time 373.547 55.0799 78.891
Iteration 91 MHV  lb 5195885 ub 5665518  time 373.554 78.6793 78.891
Iteration 92  HV  cores 457 443 16  time 389.22 78.6793 80.0958
Iteration 93  HV  cores 458 444 1  time 389.359 78.6793 81.2806
Iteration 94 MHV  lb 5195888 ub 5665517  time 389.365 91.3549 81.2806
Iteration 95  HV  cores 475 461 17  time 404.898 91.3549 82.5164
Iteration 96  HV  cores 476 462 1  time 405.053 91.3549 83.7267
Iteration 97 MHV  lb 5195892 ub 5665516  time 405.06 113.138 83.7267
Iteration 98  HV  cores 492 478 16  time 415.021 113.138 84.958
Iteration 99  HV  cores 493 479 1  time 415.176 113.138 86.1533
Iteration 100 MHV  lb 5195897 ub 5665515  time 415.186 208.357 86.1533
Iteration 101  HV  cores 508 494 15  time 425.772 208.357 87.4157
Iteration 102  HV  cores 510 496 2  time 426.029 208.357 88.6613
Iteration 103  HV  cores 511 497 1  time 426.137 208.357 89.8961
Iteration 104  HV  cores 523 509 12  time 434.184 208.357 91.1252
Iteration 105  HV  cores 524 510 1  time 434.334 208.357 92.3525
Iteration 106 MHV  lb 5195901 ub 5665514  time 434.34 387.214 92.3525
Iteration 107  HV  cores 538 524 14  time 441.943 387.214 93.6078
Iteration 108 MHV  lb 5195902 ub 5620214  time 441.954 585.356 93.6078
Iteration 109  HV  cores 553 539 15  time 453.459 585.356 94.8684
Iteration 110  HV  cores 567 553 14  time 468.613 585.356 96.1071
Iteration 111  HV  cores 568 554 1  time 468.884 585.356 97.3461
Iteration 112  HV  cores 569 555 1  time 468.968 585.356 98.5845
Iteration 113  HV  cores 570 556 1  time 469.094 585.356 99.8233
Iteration 114  HV  cores 571 557 1  time 469.268 585.356 101.064
Iteration 115  HV  cores 572 558 1  time 469.315 585.356 102.302
Iteration 116  HV  cores 574 560 2  time 471.867 585.356 103.542
Iteration 117  HV  cores 576 562 2  time 472.637 585.356 104.785
Iteration 118  HV  cores 577 563 1  time 472.816 585.356 106.024
Iteration 119 MHV  lb 5195907 ub 5620213  time 472.828 651.962 106.024
Iteration 120  HV  cores 592 577 15  time 485.87 651.962 107.304
Iteration 121  HV  cores 593 578 1  time 485.968 651.962 108.552
Iteration 122  HV  cores 594 579 1  time 486.289 651.962 109.798
Iteration 123  HV  cores 595 580 1  time 486.479 651.962 111.045
Iteration 124  HV  cores 596 581 1  time 486.548 651.962 112.292
Iteration 125 MHV  lb 5195912 ub 5620212  time 486.555 931.499 112.292
Iteration 126  HV  cores 611 596 15  time 496.643 931.499 113.567
Iteration 127  HV  cores 612 597 1  time 496.814 931.499 114.828
Iteration 128  HV  cores 627 612 15  time 515.91 931.499 116.069
Iteration 129  HV  cores 628 613 1  time 516.014 931.499 117.294
Iteration 130 MHV  lb 5195919 ub 5620211  time 516.023 1182.61 117.294
Iteration 131  HV  cores 647 632 19  time 534.083 1182.61 118.576
Iteration 132  HV  cores 650 635 3  time 534.611 1182.61 119.835
Iteration 133  HV  cores 651 636 1  time 534.84 1182.61 121.073
Iteration 134  HV  cores 652 637 1  time 539.986 1182.61 122.317
Iteration 135  HV  cores 654 639 2  time 540.427 1182.61 123.561
Iteration 136  HV  cores 656 641 2  time 540.757 1182.61 124.807
Iteration 137  HV  cores 658 643 2  time 541.207 1182.61 126.05
Iteration 138  HV  cores 659 644 1  time 541.334 1182.61 127.292
Iteration 139  HV  cores 660 645 1  time 541.533 1182.61 128.536
Iteration 140  HV  cores 661 646 1  time 541.554 1182.61 129.78
Iteration 141  HV  cores 662 647 1  time 541.678 1182.61 131.024
Iteration 142  HV  cores 663 648 1  time 541.848 1182.61 132.27
Iteration 143  HV  cores 665 650 2  time 542.417 1182.61 133.516
Iteration 144  HV  cores 666 651 1  time 542.596 1182.61 134.761
Iteration 145  HV  cores 668 653 2  time 543.425 1182.61 136.009
Iteration 146  HV  cores 669 654 1  time 543.683 1182.61 137.257
Iteration 147  HV  cores 670 655 1  time 543.842 1182.61 138.506
Iteration 148  HV  cores 672 657 2  time 544.127 1182.61 139.758
Iteration 149  HV  cores 673 658 1  time 544.237 1182.61 141.015
Iteration 150  HV  cores 674 659 1  time 544.312 1182.61 142.268
Iteration 151  HV  cores 675 660 1  time 544.469 1182.61 143.522
Iteration 152  HV  cores 677 662 2  time 545.513 1182.61 144.778
Iteration 153  HV  cores 679 664 2  time 545.872 1182.61 146.038
Iteration 154  HV  cores 680 665 1  time 545.921 1182.61 147.297
Iteration 155  HV  cores 682 667 2  time 546.453 1182.61 148.558
Iteration 156  HV  cores 683 668 1  time 546.535 1182.61 149.826
Iteration 157  HV  cores 684 669 1  time 546.582 1182.61 151.087
Iteration 158  HV  cores 686 671 2  time 547.015 1182.61 152.351
Iteration 159  HV  cores 687 672 1  time 547.259 1182.61 153.613
Iteration 160  HV  cores 689 674 2  time 548.762 1182.61 154.894
Iteration 161 MHV  lb 5195926 ub 5620210  time 548.771 1657.43 154.894
Iteration 162  HV  cores 702 687 13  time 558.699 1657.43 156.21
Iteration 163  HV  cores 716 700 14  time 571.958 1657.43 157.511
Iteration 164 MHV  lb 5195927 ub 5600170  time 571.984 2388.47 157.511
Iteration 165  HV  cores 731 715 15  time 594.447 2388.47 158.843
Iteration 166  HV  cores 745 729 14  time 605.228 2388.47 160.139
