lb 1183306 ub 14646441 before adjustment
lb 0 ub 13463135 after adjustment
costs ready
21 variables 209 functions 1183306 lb, 13463135 ub
Iteration 0  lb 1183311 ub 14646441  cores 4 4 4  time 0.826447 0.127385
Iteration 1  lb 1183316 ub 14646441  cores 8 8 4  time 7.50944 0.283263
Iteration 2  lb 1183319 ub 14646441  cores 12 12 4  time 9.10866 0.440041
Iteration 3  lb 1183319 ub 14646441  cores 15 15 3  time 9.35988 0.600716
Iteration 4  lb 1183323 ub 14646441  cores 18 18 3  time 9.68605 0.784056
Iteration 5  lb 1183323 ub 14646441  cores 21 20 3  time 9.82592 0.977409
Iteration 6  lb 1183324 ub 14646441  cores 25 24 4  time 10.7354 1.16658
Iteration 7  lb 1183325 ub 14646441  cores 28 27 3  time 13.5659 1.36319
Iteration 8  lb 1183328 ub 14646441  cores 31 30 3  time 14.1518 1.58813
Iteration 9  lb 1183328 ub 14646441  cores 34 33 3  time 14.9309 1.80931
Iteration 10  lb 1183328 ub 14646441  cores 37 36 3  time 15.1067 2.04974
Iteration 11  lb 1183330 ub 14646441  cores 40 39 3  time 15.4603 2.31565
Iteration 12  lb 1183330 ub 14646441  cores 43 41 3  time 15.7989 2.56164
Iteration 13  lb 1183330 ub 14646441  cores 46 44 3  time 15.9757 2.81453
Iteration 14  lb 1183330 ub 14646441  cores 49 47 3  time 16.3284 3.08107
Iteration 15  lb 1183331 ub 14646441  cores 52 50 3  time 16.7716 3.34241
Iteration 16  lb 1183331 ub 14646441  cores 55 53 3  time 17.317 3.62853
Iteration 17  lb 1183331 ub 14646441  cores 58 56 3  time 17.6952 3.87422
Iteration 18  lb 1183332 ub 14646441  cores 60 58 2  time 17.8319 4.12211
Iteration 19  lb 1183332 ub 14646441  cores 63 61 3  time 17.9277 4.39083
Iteration 20  lb 1183333 ub 14646441  cores 66 64 3  time 18.162 4.6724
Iteration 21  lb 1183334 ub 14646441  cores 69 67 3  time 18.3869 4.96259
Iteration 22  lb 1183334 ub 14646441  cores 72 70 3  time 18.5766 5.25392
Iteration 23  lb 1183334 ub 14646441  cores 75 73 3  time 18.9865 5.54494
Iteration 24  lb 1183334 ub 14646441  cores 77 75 2  time 19.1976 5.8423
Iteration 25  lb 1183334 ub 14646441  cores 80 77 3  time 19.3843 6.15632
Iteration 26  lb 1183335 ub 14646441  cores 83 80 3  time 19.4834 6.43284
Iteration 27  lb 1183335 ub 14646441  cores 86 83 3  time 19.7832 6.74051
Iteration 28  lb 1183335 ub 14646441  cores 89 86 3  time 20.077 7.06567
Iteration 29  lb 1183335 ub 14646441  cores 91 88 2  time 20.1732 7.40364
Iteration 30  lb 1183335 ub 14646441  cores 94 91 3  time 20.3705 7.7238
Iteration 31  lb 1183336 ub 14646441  cores 97 94 3  time 20.5108 8.05535
Iteration 32  lb 1183336 ub 14646441  cores 100 97 3  time 20.668 8.34063
Iteration 33  lb 1183336 ub 14646441  cores 103 98 3  time 20.8149 8.65409
Iteration 34  lb 1183336 ub 14646441  cores 105 100 2  time 20.9043 8.97665
Iteration 35  lb 1183336 ub 14646441  cores 108 103 3  time 21.0369 9.42821
Iteration 36  lb 1183336 ub 14646441  cores 111 106 3  time 21.1955 9.89864
Iteration 37  lb 1183336 ub 14646441  cores 114 109 3  time 21.4517 10.3397
Iteration 38  lb 1183336 ub 14646441  cores 117 112 3  time 21.5862 10.8518
Iteration 39  lb 1183336 ub 14646441  cores 120 115 3  time 21.7045 11.4984
Iteration 40  lb 1183337 ub 14646441  cores 123 117 3  time 21.8056 11.9271
Iteration 41  lb 1183337 ub 14646441  cores 126 120 3  time 22.0161 12.3875
Iteration 42  lb 1183337 ub 14646441  cores 129 123 3  time 22.1723 12.8684
Iteration 43  lb 1183337 ub 14646441  cores 132 126 3  time 22.3796 13.4871
Iteration 44  lb 1183337 ub 14646441  cores 135 129 3  time 22.671 14.2522
Iteration 45  lb 1183337 ub 14646441  cores 138 132 3  time 22.8482 14.9617
Iteration 46  lb 1183337 ub 14646441  cores 140 133 2  time 23.1493 15.5017
Iteration 47  lb 1183337 ub 14646441  cores 143 136 3  time 23.3345 16.2421
Iteration 48  lb 1183337 ub 14646441  cores 146 139 3  time 23.4674 16.9139
Iteration 49  lb 1183337 ub 14646441  cores 149 141 3  time 23.6087 17.882
Iteration 50  lb 1183337 ub 14646441  cores 152 143 3  time 23.7189 18.8561
Iteration 51  lb 1183339 ub 14646441  cores 155 146 3  time 23.9813 19.3176
Iteration 52  lb 1183339 ub 14646441  cores 158 149 3  time 24.104 20.0889
Iteration 53  lb 1183339 ub 14646441  cores 161 152 3  time 24.2145 20.6628
Iteration 54  lb 1183340 ub 14646441  cores 164 155 3  time 24.5212 21.1018
Iteration 55  lb 1183340 ub 14646441  cores 167 158 3  time 24.7428 21.7161
Iteration 56  lb 1183340 ub 14646441  cores 170 161 3  time 24.8675 22.2972
Iteration 57  lb 1183340 ub 14646441  cores 173 163 3  time 25.039 23.0851
Iteration 58  lb 1183340 ub 14646441  cores 176 166 3  time 25.2543 23.852
Iteration 59  lb 1183341 ub 14646441  cores 179 169 3  time 25.4611 24.6011
Iteration 60  lb 1183341 ub 14646441  cores 182 172 3  time 25.6482 25.5275
Iteration 61  lb 1183341 ub 14646441  cores 185 174 3  time 25.8305 26.3829
Iteration 62  lb 1183341 ub 14646441  cores 188 177 3  time 26.0389 26.8933
Iteration 63  lb 1183341 ub 14646441  cores 191 180 3  time 26.1944 27.5858
Iteration 64  lb 1183341 ub 14646441  cores 194 183 3  time 26.409 28.6285
Iteration 65  lb 1183341 ub 14646441  cores 197 185 3  time 26.6118 29.0732
Iteration 66  lb 1183341 ub 14646441  cores 200 187 3  time 26.9415 29.6826
Iteration 67  lb 1183341 ub 14646441  cores 203 190 3  time 27.0772 30.3781
Iteration 68  lb 1183342 ub 14646441  cores 206 193 3  time 27.2027 31.0733
Iteration 69  lb 1183342 ub 14646441  cores 209 195 3  time 27.3203 31.9258
Iteration 70  lb 1183342 ub 14646441  cores 212 198 3  time 27.4078 32.578
Iteration 71  lb 1183342 ub 14646441  cores 215 198 3  time 27.6222 33.4074
Iteration 72  lb 1183342 ub 14646441  cores 218 201 3  time 28.5588 34.1526
Iteration 73  lb 1183342 ub 14646441  cores 221 204 3  time 28.9964 35.0366
Iteration 74  lb 1183342 ub 14646441  cores 224 207 3  time 29.235 35.884
Iteration 75  lb 1183342 ub 14646441  cores 227 210 3  time 29.4663 36.7404
Iteration 76  lb 1183342 ub 14646441  cores 230 213 3  time 29.6623 37.5259
Iteration 77  lb 1183342 ub 14646441  cores 233 215 3  time 29.8585 38.37
Iteration 78  lb 1183342 ub 14646441  cores 236 218 3  time 30.1254 39.6063
Iteration 79  lb 1183344 ub 14646441  cores 239 221 3  time 30.3718 40.8675
Iteration 80  lb 1183344 ub 14646441  cores 241 223 2  time 30.9485 41.6698
Iteration 81  lb 1183344 ub 14646441  cores 245 225 4  time 35.5535 42.1235
Iteration 82  lb 1183345 ub 14646441  cores 249 229 4  time 37.1355 42.9481
Iteration 83  lb 1183345 ub 14646441  cores 253 232 4  time 38.9979 44.3386
Iteration 84  lb 1183347 ub 14646441  cores 257 236 4  time 41.5601 45.4364
Iteration 85  lb 1183348 ub 14646441  cores 260 239 3  time 42.7195 46.3594
Iteration 86  lb 1183349 ub 14646441  cores 263 242 3  time 43.355 47.4203
Iteration 87  lb 1183349 ub 14646441  cores 266 244 3  time 43.6063 48.9161
Iteration 88  lb 1183350 ub 14646441  cores 270 248 4  time 44.2198 49.4249
Iteration 89  lb 1183351 ub 14646441  cores 273 251 3  time 52.4188 50.5306
Iteration 90  lb 1183352 ub 14646441  cores 276 254 3  time 55.8193 52.1049
Iteration 91  lb 1183352 ub 14646441  cores 279 257 3  time 57.0651 53.5425
Iteration 92  lb 1183352 ub 14646441  cores 283 260 4  time 57.5264 54.9605
Iteration 93  lb 1183353 ub 14646441  cores 286 263 3  time 58.2715 56.316
Iteration 94  lb 1183353 ub 14646441  cores 288 265 2  time 58.6929 57.5673
Iteration 95  lb 1183353 ub 14646441  cores 291 268 3  time 59.3048 58.878
Iteration 96  lb 1183355 ub 14646441  cores 294 271 3  time 60.1706 59.572
Iteration 97  lb 1183356 ub 14646441  cores 297 274 3  time 60.9504 60.8932
Iteration 98  lb 1183357 ub 14646441  cores 300 277 3  time 62.4025 61.8561
Iteration 99  lb 1183358 ub 14646441  cores 303 280 3  time 63.1095 63.3116
Iteration 100  lb 1183358 ub 14646441  cores 306 283 3  time 63.3956 64.5656
Iteration 101  lb 1183358 ub 14646441  cores 309 285 3  time 63.7868 65.8303
Iteration 102  lb 1183358 ub 14646441  cores 312 288 3  time 64.2028 67.0172
Iteration 103  lb 1183358 ub 14646441  cores 315 291 3  time 64.4384 68.1701
Iteration 104  lb 1183358 ub 14646441  cores 318 294 3  time 64.7219 69.7203
Iteration 105  lb 1183358 ub 14646441  cores 321 297 3  time 64.9894 71.2419
Iteration 106  lb 1183358 ub 14646441  cores 324 300 3  time 65.1815 72.7293
Iteration 107  lb 1183359 ub 14646441  cores 327 303 3  time 65.3801 74.0584
Iteration 108  lb 1183359 ub 14646441  cores 330 305 3  time 65.9949 76.1998
Iteration 109  lb 1183359 ub 14646441  cores 333 308 3  time 66.1906 77.9223
Iteration 110  lb 1183359 ub 14646441  cores 336 311 3  time 66.3355 79.3772
Iteration 111  lb 1183359 ub 14646441  cores 339 314 3  time 66.5029 81.0101
Iteration 112  lb 1183359 ub 14646441  cores 342 317 3  time 66.587 82.3358
Iteration 113  lb 1183359 ub 14646441  cores 346 320 4  time 66.9784 84.1377
Iteration 114  lb 1183359 ub 14646441  cores 349 323 3  time 67.2282 86.004
Iteration 115  lb 1183360 ub 14646441  cores 352 326 3  time 67.4427 87.7337
Iteration 116  lb 1183360 ub 14646441  cores 355 327 3  time 67.7187 90.2323
Iteration 117  lb 1183360 ub 14646441  cores 358 330 3  time 68.0068 92.2652
Iteration 118  lb 1183360 ub 14646441  cores 361 333 3  time 68.1433 94.396
Iteration 119  lb 1183361 ub 14646441  cores 365 337 4  time 69.1909 97.6657
Iteration 120  lb 1183361 ub 14646441  cores 369 341 4  time 69.3705 99.7365
Iteration 121  lb 1183361 ub 14646441  cores 372 343 3  time 69.575 102.285
Iteration 122  lb 1183361 ub 14646441  cores 375 346 3  time 69.6943 105.513
Iteration 123  lb 1183361 ub 14646441  cores 378 349 3  time 70.1373 107.687
Iteration 124  lb 1183361 ub 14646441  cores 381 352 3  time 70.3149 111.261
Iteration 125  lb 1183361 ub 14646441  cores 384 355 3  time 70.4493 114.785
Iteration 126  lb 1183361 ub 14646441  cores 387 358 3  time 70.6415 118.165
Iteration 127  lb 1183361 ub 14646441  cores 390 361 3  time 71.6287 120.35
Iteration 128  lb 1183361 ub 14646441  cores 393 363 3  time 71.7386 123.609
Iteration 129  lb 1183361 ub 14646441  cores 396 366 3  time 71.8871 127.464
Iteration 130  lb 1183361 ub 14646441  cores 399 369 3  time 72.0297 132.278
Iteration 131  lb 1183361 ub 14646441  cores 402 372 3  time 72.3255 135.034
Iteration 132  lb 1183361 ub 14646441  cores 405 375 3  time 72.552 138.434
Iteration 133  lb 1183361 ub 14646441  cores 408 378 3  time 72.6722 141.673
Iteration 134  lb 1183362 ub 14646441  cores 410 380 2  time 72.7761 146.209
Iteration 135  lb 1183362 ub 14646441  cores 412 382 2  time 73.0495 149.744
Iteration 136  lb 1183362 ub 14646441  cores 415 385 3  time 73.2069 152.198
Iteration 137  lb 1183362 ub 14646441  cores 418 388 3  time 73.4854 154.523
Iteration 138  lb 1183362 ub 14646441  cores 421 391 3  time 74.4186 158.321
Iteration 139  lb 1183362 ub 14646441  cores 423 393 2  time 74.9501 162.223
Iteration 140  lb 1183362 ub 14646441  cores 426 396 3  time 75.3841 165.492
Iteration 141  lb 1183362 ub 14646441  cores 429 399 3  time 75.7594 167.893
Iteration 142  lb 1183362 ub 14646441  cores 431 401 2  time 75.8781 171.218
Iteration 143  lb 1183362 ub 14646441  cores 434 404 3  time 76.0102 175.672
Iteration 144  lb 1183362 ub 14646441  cores 437 406 3  time 76.3724 179.797
Iteration 145  lb 1183363 ub 14646441  cores 440 408 3  time 76.5856 184.698
Iteration 146  lb 1183363 ub 14646441  cores 443 411 3  time 76.8135 188.874
Iteration 147  lb 1183363 ub 14646441  cores 445 413 2  time 76.9807 192.688
Iteration 148  lb 1183369 ub 14646441  cores 449 417 4  time 80.2077 194.604
Iteration 149  lb 1183370 ub 14646441  cores 452 419 3  time 80.6652 196.867
Iteration 150  lb 1183372 ub 14646441  cores 455 421 3  time 81.1886 199.308
Iteration 151  lb 1183373 ub 14646441  cores 458 424 3  time 81.5066 201.708
Iteration 152  lb 1183373 ub 14646441  cores 461 427 3  time 82.0406 205.727
Iteration 153  lb 1183374 ub 14646441  cores 465 431 4  time 82.6791 209.538
Iteration 154  lb 1183374 ub 14646441  cores 470 436 5  time 84.0302 213.928
Iteration 155  lb 1183375 ub 14646441  cores 475 441 5  time 85.0078 218.397
Iteration 156  lb 1183375 ub 14646441  cores 478 443 3  time 85.5117 222.259
Iteration 157  lb 1183375 ub 14646441  cores 482 447 4  time 85.9174 225.94
Iteration 158  lb 1183375 ub 14646441  cores 485 450 3  time 86.3165 230.951
Iteration 159  lb 1183375 ub 14646441  cores 488 453 3  time 87.0016 234.975
Iteration 160  lb 1183375 ub 14646441  cores 491 456 3  time 87.3974 239.873
Iteration 161  lb 1183376 ub 14646441  cores 494 459 3  time 87.6712 244.111
Iteration 162  lb 1183376 ub 14646441  cores 497 461 3  time 87.9055 247.933
Iteration 163  lb 1183376 ub 14646441  cores 500 464 3  time 88.265 252.46
Iteration 164  lb 1183376 ub 14646441  cores 503 467 3  time 88.6034 257.582
Iteration 165  lb 1183377 ub 14646441  cores 506 470 3  time 89.4325 262.749
Iteration 166  lb 1183377 ub 14646441  cores 509 473 3  time 89.6956 267.422
Iteration 167  lb 1183377 ub 14646441  cores 512 476 3  time 90.2148 271.57
Iteration 168  lb 1183377 ub 14646441  cores 515 479 3  time 90.5009 275.571
Iteration 169  lb 1183377 ub 14646441  cores 519 483 4  time 91.03 280.023
Iteration 170  lb 1183377 ub 14646441  cores 523 487 4  time 91.4959 284.359
Iteration 171  lb 1183377 ub 14646441  cores 526 490 3  time 92.3028 289.148
Iteration 172  lb 1183377 ub 14646441  cores 529 493 3  time 92.9063 292.078
Iteration 173  lb 1183378 ub 14646441  cores 533 497 4  time 93.2213 296.264
Iteration 174  lb 1183378 ub 14646441  cores 537 501 4  time 93.4131 300.41
Iteration 175  lb 1183378 ub 14646441  cores 540 504 3  time 93.6179 304.843
Iteration 176  lb 1183378 ub 14646441  cores 543 507 3  time 94.0145 309.29
Iteration 177  lb 1183378 ub 14646441  cores 546 510 3  time 94.9872 313.307
Iteration 178  lb 1183378 ub 14646441  cores 550 513 4  time 95.3107 316.973
Iteration 179  lb 1183378 ub 14646441  cores 553 515 3  time 95.453 320.938
Iteration 180  lb 1183378 ub 14646441  cores 556 518 3  time 96.1874 326.248
Iteration 181  lb 1183379 ub 14646441  cores 559 521 3  time 96.481 331.634
Iteration 182  lb 1183379 ub 14646441  cores 562 524 3  time 96.704 336.608
Iteration 183  lb 1183379 ub 14646441  cores 565 527 3  time 97.0595 341.226
Iteration 184  lb 1183379 ub 14646441  cores 568 530 3  time 97.3238 346.455
Iteration 185  lb 1183379 ub 14646441  cores 571 533 3  time 97.6836 351.697
Iteration 186  lb 1183379 ub 14646441  cores 574 536 3  time 97.957 356.39
Iteration 187  lb 1183379 ub 14646441  cores 577 539 3  time 98.2197 361.963
Iteration 188  lb 1183379 ub 14646441  cores 580 541 3  time 98.4987 366.547
Iteration 189  lb 1183379 ub 14646441  cores 584 543 4  time 98.8333 371.259
Iteration 190  lb 1183380 ub 14646441  cores 587 545 3  time 98.97 376.508
Iteration 191  lb 1183380 ub 14646441  cores 590 547 3  time 99.138 381.955
Iteration 192  lb 1183380 ub 14646441  cores 592 549 2  time 99.2949 387.923
Iteration 193  lb 1183380 ub 14646441  cores 595 552 3  time 99.43 393.187
Iteration 194  lb 1183380 ub 14646441  cores 598 555 3  time 99.5738 399.313
Iteration 195  lb 1183380 ub 14646441  cores 602 558 4  time 99.7844 404.431
Iteration 196  lb 1183380 ub 14646441  cores 604 560 2  time 99.8895 410.393
Iteration 197  lb 1183380 ub 14646441  cores 607 563 3  time 100.135 415.621
Iteration 198  lb 1183380 ub 14646441  cores 610 566 3  time 100.322 421.929
Iteration 199  lb 1183380 ub 14646441  cores 613 569 3  time 100.438 428.251
Iteration 200  lb 1183380 ub 14646441  cores 616 572 3  time 100.739 434.047
Iteration 201  lb 1183380 ub 14646441  cores 619 574 3  time 100.895 440.127
Iteration 202  lb 1183380 ub 14646441  cores 622 576 3  time 100.978 445.807
Iteration 203  lb 1183380 ub 14646441  cores 624 578 2  time 101.188 451.115
Iteration 204  lb 1183380 ub 14646441  cores 627 581 3  time 101.488 457.411
Iteration 205  lb 1183380 ub 14646441  cores 629 582 2  time 101.637 464.113
Iteration 206  lb 1183380 ub 14646441  cores 632 585 3  time 101.937 470.443
Iteration 207  lb 1183380 ub 14646441  cores 635 588 3  time 102.558 476.149
Iteration 208  lb 1183380 ub 14646441  cores 638 591 3  time 102.803 482.23
Iteration 209  lb 1183380 ub 14646441  cores 641 594 3  time 103.873 488.319
Iteration 210  lb 1183381 ub 14646441  cores 644 597 3  time 104.042 495.474
Iteration 211  lb 1183381 ub 14646441  cores 647 600 3  time 104.509 501.518
Iteration 212  lb 1183381 ub 14646441  cores 650 603 3  time 104.989 508.488
Iteration 213  lb 1183381 ub 14646441  cores 654 607 4  time 106.157 515.258
Iteration 214  lb 1183381 ub 14646441  cores 657 610 3  time 107.096 521.811
Iteration 215  lb 1183381 ub 14646441  cores 660 613 3  time 107.359 526.683
Iteration 216  lb 1183381 ub 14646441  cores 663 616 3  time 107.77 533.797
Iteration 217  lb 1183381 ub 14646441  cores 666 619 3  time 108.106 539.845
Iteration 218  lb 1183381 ub 14646441  cores 669 622 3  time 108.272 545.73
Iteration 219  lb 1183381 ub 14646441  cores 672 625 3  time 108.619 552.447
Iteration 220  lb 1183381 ub 14646441  cores 676 629 4  time 108.872 558.952
Iteration 221  lb 1183381 ub 14646441  cores 679 631 3  time 109.08 564.952
Iteration 222  lb 1183381 ub 14646441  cores 681 633 2  time 109.486 571.94
Iteration 223  lb 1183381 ub 14646441  cores 684 636 3  time 109.618 579.08
Iteration 224  lb 1183381 ub 14646441  cores 686 638 2  time 109.875 585.704
Iteration 225  lb 1183381 ub 14646441  cores 689 641 3  time 110.006 592.611
Iteration 226  lb 1183381 ub 14646441  cores 692 644 3  time 110.519 599.644
Iteration 227  lb 1183381 ub 14646441  cores 695 647 3  time 111.029 606.234
Iteration 228  lb 1183381 ub 14646441  cores 696 648 1  time 111.173 612.985
Iteration 229  lb 1183381 ub 14646441  cores 699 651 3  time 111.707 620.261
Iteration 230  lb 1183381 ub 14646441  cores 701 653 2  time 111.886 627.225
Iteration 231  lb 1183381 ub 14646441  cores 702 654 1  time 111.929 632.205
Iteration 232  lb 1183382 ub 14646441  cores 704 656 2  time 114.247 636.992
Iteration 233  lb 1183382 ub 14646441  cores 707 659 3  time 114.484 641.96
Iteration 234  lb 1183382 ub 14646441  cores 710 662 3  time 117.638 647.791
Iteration 235  lb 1183382 ub 14646441  cores 712 664 2  time 118.352 653.613
Iteration 236  lb 1183382 ub 14646441  cores 715 667 3  time 118.664 659.824
Iteration 237  lb 1183383 ub 14646441  cores 717 669 2  time 119.15 665.85
Iteration 238  lb 1183383 ub 14646441  cores 719 671 2  time 119.434 671.875
Iteration 239  lb 1183383 ub 14646441  cores 723 675 4  time 119.737 678.673
Iteration 240  lb 1183383 ub 14646441  cores 725 677 2  time 119.953 684.691
Iteration 241  lb 1183383 ub 14646441  cores 728 680 3  time 120.063 691.725
Iteration 242  lb 1183383 ub 14646441  cores 731 683 3  time 120.869 698.701
Iteration 243  lb 1183383 ub 14646441  cores 734 686 3  time 122.813 704.676
Iteration 244  lb 1183383 ub 14646441  cores 737 688 3  time 123.063 711.49
Iteration 245  lb 1183383 ub 14646441  cores 740 691 3  time 123.335 717.363
Iteration 246  lb 1183383 ub 14646441  cores 743 694 3  time 123.573 724.498
Iteration 247  lb 1183383 ub 14646441  cores 745 696 2  time 126.97 730.472
Iteration 248  lb 1183383 ub 14646441  cores 747 698 2  time 127.56 736.356
Iteration 249  lb 1183383 ub 14646441  cores 750 701 3  time 128.296 744.128
Iteration 250  lb 1183384 ub 14646441  cores 752 703 2  time 128.671 752.091
Iteration 251  lb 1183384 ub 14646441  cores 755 706 3  time 129.081 759.195
Iteration 252  lb 1183384 ub 14646441  cores 757 708 2  time 129.599 764.864
Iteration 253  lb 1183384 ub 14646441  cores 760 711 3  time 130.609 770.914
Iteration 254  lb 1183384 ub 14646441  cores 762 713 2  time 130.964 777.763
Iteration 255  lb 1183384 ub 14646441  cores 765 716 3  time 131.177 784.294
Iteration 256  lb 1183385 ub 14646441  cores 768 719 3  time 131.943 791.672
Iteration 257  lb 1183385 ub 14646441  cores 770 721 2  time 132.197 797.985
Iteration 258  lb 1183385 ub 14646441  cores 774 725 4  time 132.802 805.706
Iteration 259  lb 1183385 ub 14646441  cores 777 728 3  time 133.145 813.145
Iteration 260  lb 1183385 ub 14646441  cores 780 731 3  time 133.391 819.711
Iteration 261  lb 1183385 ub 14646441  cores 783 734 3  time 133.64 827.762
Iteration 262  lb 1183385 ub 14646441  cores 785 736 2  time 133.774 835.127
Iteration 263  lb 1183385 ub 14646441  cores 788 739 3  time 134.315 842.906
Iteration 264  lb 1183385 ub 14646441  cores 792 743 4  time 134.615 849.565
Iteration 265  lb 1183385 ub 14646441  cores 795 746 3  time 134.906 857.089
Iteration 266  lb 1183385 ub 14646441  cores 798 749 3  time 135.471 864.523
Iteration 267  lb 1183385 ub 14646441  cores 801 752 3  time 135.679 872.025
Iteration 268  lb 1183385 ub 14646441  cores 805 756 4  time 135.929 878.526
Iteration 269  lb 1183385 ub 14646441  cores 808 759 3  time 136.077 886.234
Iteration 270  lb 1183385 ub 14646441  cores 811 762 3  time 136.423 892.366
Iteration 271  lb 1183385 ub 14646441  cores 814 765 3  time 136.846 899.153
Iteration 272  lb 1183386 ub 14646441  cores 817 768 3  time 137.798 906.769
Iteration 273  lb 1183386 ub 14646441  cores 820 771 3  time 138.125 914.764
Iteration 274  lb 1183386 ub 14646441  cores 823 774 3  time 138.441 922.477
Iteration 275  lb 1183386 ub 14646441  cores 826 777 3  time 138.995 930.139
Iteration 276  lb 1183386 ub 14646441  cores 829 780 3  time 140.267 937.917
Iteration 277  lb 1183386 ub 14646441  cores 831 782 2  time 140.723 944.924
Iteration 278  lb 1183386 ub 14646441  cores 834 785 3  time 140.845 952.389
Iteration 279  lb 1183386 ub 14646441  cores 837 788 3  time 141.054 959.569
Iteration 280  lb 1183386 ub 14646441  cores 840 791 3  time 141.94 967.255
Iteration 281  lb 1183386 ub 14646441  cores 843 793 3  time 142.304 974.963
Iteration 282  lb 1183386 ub 14646441  cores 845 795 2  time 142.489 984.525
Iteration 283  lb 1183387 ub 14646441  cores 847 797 2  time 143.013 993.712
Iteration 284  lb 1183387 ub 14646441  cores 850 800 3  time 143.282 1002.85
Iteration 285  lb 1183387 ub 14646441  cores 854 804 4  time 144.299 1012.31
Iteration 286  lb 1183387 ub 14646441  cores 857 807 3  time 144.77 1021.26
Iteration 287  lb 1183387 ub 14646441  cores 861 810 4  time 145.008 1029.77
Iteration 288  lb 1183387 ub 14646441  cores 864 813 3  time 145.936 1038
Iteration 289  lb 1183387 ub 14646441  cores 867 815 3  time 146.193 1045.9
Iteration 290  lb 1183387 ub 14646441  cores 870 818 3  time 146.78 1054.12
Iteration 291  lb 1183387 ub 14646441  cores 872 820 2  time 147.149 1063.07
Iteration 292  lb 1183387 ub 14646441  cores 875 823 3  time 147.607 1071.19
Iteration 293  lb 1183387 ub 14646441  cores 878 826 3  time 148.028 1078.86
Iteration 294  lb 1183387 ub 14646441  cores 881 829 3  time 148.718 1088.02
Iteration 295  lb 1183387 ub 14646441  cores 884 832 3  time 150.467 1096.61
Iteration 296  lb 1183388 ub 14646441  cores 886 834 2  time 150.526 1105.82
Iteration 297  lb 1183388 ub 14646441  cores 888 836 2  time 150.974 1115.8
Iteration 298  lb 1183388 ub 14646441  cores 891 839 3  time 151.634 1124.38
Iteration 299  lb 1183388 ub 14646441  cores 894 841 3  time 151.89 1134.42
Iteration 300  lb 1183388 ub 14646441  cores 897 844 3  time 152.485 1143.88
Iteration 301  lb 1183388 ub 14646441  cores 898 845 1  time 152.561 1153.1
Iteration 302  lb 1183388 ub 14646441  cores 901 848 3  time 152.877 1162.89
Iteration 303  lb 1183388 ub 14646441  cores 903 850 2  time 153.13 1172.38
Iteration 304  lb 1183388 ub 14646441  cores 906 853 3  time 153.699 1183.55
Iteration 305  lb 1183388 ub 14646441  cores 909 856 3  time 154.069 1193.59
Iteration 306  lb 1183388 ub 14646441  cores 911 858 2  time 154.394 1205.52
Iteration 307  lb 1183389 ub 14646441  cores 913 860 2  time 155.204 1217.73
Iteration 308  lb 1183389 ub 14646441  cores 916 863 3  time 155.557 1228.98
Iteration 309  lb 1183389 ub 14646441  cores 919 866 3  time 155.934 1240.99
Iteration 310  lb 1183389 ub 14646441  cores 921 868 2  time 156.093 1253.21
Iteration 311  lb 1183389 ub 14646441  cores 924 871 3  time 156.382 1265.31
Iteration 312  lb 1183389 ub 14646441  cores 928 874 4  time 156.979 1277.92
Iteration 313  lb 1183389 ub 14646441  cores 931 877 3  time 157.63 1289.33
Iteration 314  lb 1183389 ub 14646441  cores 934 880 3  time 158.31 1300.55
Iteration 315  lb 1183389 ub 14646441  cores 938 884 4  time 159.036 1311.94
Iteration 316  lb 1183389 ub 14646441  cores 939 885 1  time 159.355 1324.48
Iteration 317  lb 1183389 ub 14646441  cores 942 888 3  time 160.049 1334.62
Iteration 318  lb 1183389 ub 14646441  cores 943 889 1  time 160.211 1345.55
Iteration 319  lb 1183389 ub 14646441  cores 946 892 3  time 160.559 1356.32
Iteration 320  lb 1183389 ub 14646441  cores 949 895 3  time 161.304 1368.16
Iteration 321  lb 1183389 ub 14646441  cores 951 897 2  time 161.698 1379.37
Iteration 322  lb 1183389 ub 14646441  cores 954 900 3  time 162.096 1391.48
Iteration 323  lb 1183389 ub 14646441  cores 958 904 4  time 162.894 1402.94
Iteration 324  lb 1183389 ub 14646441  cores 962 907 4  time 163.238 1415
Iteration 325  lb 1183389 ub 14646441  cores 964 909 2  time 164.119 1426.75
Iteration 326  lb 1183389 ub 14646441  cores 965 910 1  time 164.23 1437.62
Iteration 327  lb 1183389 ub 14646441  cores 968 913 3  time 164.753 1449.42
Iteration 328  lb 1183389 ub 14646441  cores 971 916 3  time 165.174 1459.59
Iteration 329  lb 1183389 ub 14646441  cores 974 919 3  time 165.456 1470.49
Iteration 330  lb 1183389 ub 14646441  cores 977 922 3  time 165.776 1481.54
Iteration 331  lb 1183389 ub 14646441  cores 979 924 2  time 166.071 1493.01
Iteration 332  lb 1183389 ub 14646441  cores 982 927 3  time 166.716 1504.4
Iteration 333  lb 1183389 ub 14646441  cores 984 929 2  time 166.849 1516.12
Iteration 334  lb 1183389 ub 14646441  cores 986 931 2  time 167.599 1527.11
Iteration 335  lb 1183389 ub 14646441  cores 989 934 3  time 167.811 1538.76
Iteration 336  lb 1183389 ub 14646441  cores 992 937 3  time 167.981 1569.41
Iteration 337  lb 1183389 ub 14646441  cores 995 940 3  time 168.367 1582.35
Iteration 338  lb 1183390 ub 14646441  cores 998 943 3  time 169.19 1597.28
Iteration 339  lb 1183390 ub 14646441  cores 1001 946 3  time 169.778 1611.21
Iteration 340  lb 1183390 ub 14646441  cores 1004 948 3  time 170.116 1624.77
Iteration 341  lb 1183390 ub 14646441  cores 1007 951 3  time 170.896 1655.46
Iteration 342  lb 1183390 ub 14646441  cores 1009 953 2  time 171.551 1683.19
Iteration 343  lb 1183390 ub 14646441  cores 1011 955 2  time 172.178 1713.05
Iteration 344  lb 1183390 ub 14646441  cores 1014 958 3  time 172.381 1727.83
Iteration 345  lb 1183390 ub 14646441  cores 1016 960 2  time 173.028 1742.68
Iteration 346  lb 1183390 ub 14646441  cores 1019 963 3  time 173.306 1756.85
Iteration 347  lb 1183390 ub 14646441  cores 1022 966 3  time 173.532 1770.48
Iteration 348  lb 1183390 ub 14646441  cores 1025 969 3  time 173.756 1786.09
Iteration 349  lb 1183390 ub 14646441  cores 1028 972 3  time 174.046 1801.55
Iteration 350  lb 1183390 ub 14646441  cores 1030 974 2  time 174.528 1816.28
Iteration 351  lb 1183390 ub 14646441  cores 1033 977 3  time 174.958 1831.21
Iteration 352  lb 1183390 ub 14646441  cores 1035 979 2  time 175.482 1845.12
Iteration 353  lb 1183390 ub 14646441  cores 1038 982 3  time 175.938 1859.41
Iteration 354  lb 1183390 ub 14646441  cores 1040 984 2  time 176.614 1873.43
Iteration 355  lb 1183390 ub 14646441  cores 1042 985 2  time 176.866 1887.74
Iteration 356  lb 1183390 ub 14646441  cores 1044 987 2  time 177.201 1901.25
Iteration 357  lb 1183390 ub 14646441  cores 1047 990 3  time 177.594 1912.88
Iteration 358  lb 1183390 ub 14646441  cores 1050 993 3  time 177.941 1922.68
Iteration 359  lb 1183390 ub 14646441  cores 1053 995 3  time 178.24 1933.27
Iteration 360  lb 1183390 ub 14646441  cores 1055 997 2  time 178.42 1943.95
Iteration 361  lb 1183390 ub 14646441  cores 1058 999 3  time 178.889 1955.36
Iteration 362  lb 1183390 ub 14646441  cores 1061 1002 3  time 179.178 1968.23
Iteration 363  lb 1183391 ub 14646441  cores 1064 1005 3  time 179.833 1980.38
Iteration 364  lb 1183391 ub 14646441  cores 1067 1008 3  time 180.143 1993.78
Iteration 365  lb 1183391 ub 14646441  cores 1070 1011 3  time 180.702 2007.5
Iteration 366  lb 1183391 ub 14646441  cores 1074 1015 4  time 181.249 2021.85
Iteration 367  lb 1183391 ub 14646441  cores 1077 1018 3  time 181.576 2034.57
Iteration 368  lb 1183391 ub 14646441  cores 1080 1021 3  time 181.885 2046.68
Iteration 369  lb 1183391 ub 14646441  cores 1083 1024 3  time 182.524 2060.61
Iteration 370  lb 1183391 ub 14646441  cores 1085 1026 2  time 182.891 2074.26
Iteration 371  lb 1183391 ub 14646441  cores 1088 1028 3  time 184.343 2086.95
Iteration 372  lb 1183391 ub 14646441  cores 1090 1030 2  time 184.416 2099.47
Iteration 373  lb 1183391 ub 14646441  cores 1093 1033 3  time 184.775 2114.73
Iteration 374  lb 1183391 ub 14646441  cores 1096 1036 3  time 185.267 2127.62
Iteration 375  lb 1183391 ub 14646441  cores 1099 1038 3  time 185.869 2141.49
Iteration 376  lb 1183391 ub 14646441  cores 1102 1041 3  time 186.219 2154.88
Iteration 377  lb 1183391 ub 14646441  cores 1105 1044 3  time 186.569 2169.72
Iteration 378  lb 1183391 ub 14646441  cores 1107 1046 2  time 186.808 2182.32
Iteration 379  lb 1183391 ub 14646441  cores 1110 1049 3  time 187.163 2213.44
Iteration 380  lb 1183391 ub 14646441  cores 1113 1052 3  time 187.65 2255.83
Iteration 381  lb 1183392 ub 14646441  cores 1117 1056 4  time 187.965 2315.11
Iteration 382  lb 1183392 ub 14646441  cores 1119 1058 2  time 188.218 2366.98
Iteration 383  lb 1183392 ub 14646441  cores 1121 1059 2  time 188.493 2417.28
Iteration 384  lb 1183392 ub 14646441  cores 1123 1061 2  time 189.323 2457.41
Iteration 385  lb 1183392 ub 14646441  cores 1126 1064 3  time 189.652 2506.39
Iteration 386  lb 1183392 ub 14646441  cores 1129 1067 3  time 190.12 2551.52
Iteration 387  lb 1183392 ub 14646441  cores 1133 1071 4  time 190.604 2593
Iteration 388  lb 1183392 ub 14646441  cores 1136 1074 3  time 190.705 2641.33
Iteration 389  lb 1183392 ub 14646441  cores 1139 1077 3  time 190.853 2690.32
Iteration 390  lb 1183392 ub 14646441  cores 1141 1079 2  time 191.274 2740.25
Iteration 391  lb 1183392 ub 14646441  cores 1144 1082 3  time 192.544 2790.55
Iteration 392  lb 1183392 ub 14646441  cores 1147 1085 3  time 192.94 2833.52
Iteration 393  lb 1183392 ub 14646441  cores 1149 1087 2  time 193.253 2882.08
Iteration 394  lb 1183392 ub 14646441  cores 1152 1090 3  time 193.738 2922.18
Iteration 395  lb 1183392 ub 14646441  cores 1154 1092 2  time 194.208 2970.35
Iteration 396  lb 1183392 ub 14646441  cores 1157 1095 3  time 194.938 3018.89
Iteration 397  lb 1183392 ub 14646441  cores 1160 1098 3  time 195.241 3037.04
Iteration 398  lb 1183392 ub 14646441  cores 1163 1101 3  time 195.66 3088.9
Iteration 399  lb 1183392 ub 14646441  cores 1166 1104 3  time 196.101 3130.59
Iteration 400  lb 1183392 ub 14646441  cores 1169 1107 3  time 196.363 3148.58
Iteration 401  lb 1183392 ub 14646441  cores 1172 1110 3  time 196.694 3167.15
Iteration 402  lb 1183392 ub 14646441  cores 1175 1113 3  time 196.795 3184.33
Iteration 403  lb 1183392 ub 14646441  cores 1178 1116 3  time 197.266 3202.4
Iteration 404  lb 1183392 ub 14646441  cores 1181 1119 3  time 197.443 3220.37
Iteration 405  lb 1183392 ub 14646441  cores 1184 1122 3  time 197.671 3234.99
Iteration 406  lb 1183392 ub 14646441  cores 1186 1124 2  time 197.919 3252.18
Iteration 407  lb 1183392 ub 14646441  cores 1187 1125 1  time 197.955 3270.36
Iteration 408  lb 1183392 ub 14646441  cores 1188 1126 1  time 198.019 3287.16
Iteration 409  lb 1183392 ub 14646441  cores 1189 1127 1  time 198.052 3328.42
Iteration 410  lb 1183392 ub 14646441  cores 1190 1128 1  time 198.307 3345.12
