lb 4006066 ub 20191168 before adjustment
lb 0 ub 16185102 after adjustment
costs ready
38 variables 672 functions 4006066 lb, 16185102 ub
Iteration 0  HV  cores 14 14 14  time 11.7213 0 0.225522
Iteration 1  HV  cores 28 27 14  time 26.7483 0 0.510231
Iteration 2  HV  cores 42 41 14  time 66.9865 0 0.807129
Iteration 3  HV  cores 55 54 13  time 75.9088 0 1.11785
Iteration 4  HV  cores 67 66 12  time 135.059 0 1.45026
Iteration 5  HV  cores 78 77 11  time 149.058 0 1.79854
Iteration 6  HV  cores 91 90 13  time 169.61 0 2.17286
Iteration 7  HV  cores 103 102 12  time 178.313 0 2.56466
Iteration 8  HV  cores 118 116 15  time 221.054 0 2.96046
Iteration 9  HV  cores 128 126 10  time 236.761 0 3.37515
Iteration 10  HV  cores 140 138 12  time 268.436 0 3.81674
Iteration 11  HV  cores 154 151 14  time 287.84 0 4.24318
Iteration 12  HV  cores 166 162 12  time 314.617 0 4.68366
Iteration 13  HV  cores 178 174 12  time 337.954 0 5.14664
Iteration 14  HV  cores 189 185 11  time 349.251 0 5.63999
Iteration 15  HV  cores 200 196 11  time 364.264 0 6.17173
Iteration 16  HV  cores 212 208 12  time 388.118 0 6.69221
Iteration 17  HV  cores 225 221 13  time 399.431 0 7.2566
Iteration 18  HV  cores 238 234 13  time 433.971 0 7.82495
Iteration 19  HV  cores 250 246 12  time 463.876 0 8.40478
Iteration 20  HV  cores 263 259 13  time 496.783 0 8.99312
Iteration 21  HV  cores 275 271 12  time 514.748 0 9.59098
Iteration 22  HV  cores 287 282 12  time 528.231 0 10.2041
Iteration 23  HV  cores 300 295 13  time 547.606 0 10.8375
Iteration 24  HV  cores 312 307 12  time 561.419 0 11.5024
Iteration 25  HV  cores 323 318 11  time 579.862 0 12.1411
Iteration 26  HV  cores 336 331 13  time 599.681 0 12.7946
Iteration 27  HV  cores 347 342 11  time 622.031 0 13.464
Iteration 28  HV  cores 358 352 11  time 630.103 0 14.1491
Iteration 29  HV  cores 370 363 12  time 641.734 0 14.8318
Iteration 30  HV  cores 382 375 12  time 669.847 0 15.5468
Iteration 31  HV  cores 393 386 11  time 706.605 0 16.2812
Iteration 32  HV  cores 405 398 12  time 731.065 0 17.0136
Iteration 33  HV  cores 419 412 14  time 748.883 0 17.7847
Iteration 34  HV  cores 428 421 9  time 757.199 0 18.5602
Iteration 35  HV  cores 441 434 13  time 786.555 0 19.347
Iteration 36  HV  cores 453 446 12  time 800.55 0 20.2111
Iteration 37  HV  cores 464 457 11  time 810.798 0 21.0757
Iteration 38  HV  cores 476 469 12  time 856.202 0 21.9677
Iteration 39  HV  cores 486 479 10  time 865.694 0 22.846
Iteration 40  HV  cores 496 489 10  time 887.235 0 23.7431
Iteration 41  HV  cores 508 501 12  time 901.144 0 24.6483
Iteration 42  HV  cores 519 512 11  time 915.578 0 25.6018
Iteration 43  HV  cores 529 522 10  time 939.949 0 26.5953
Iteration 44  HV  cores 538 531 9  time 950.882 0 27.6145
Iteration 45  HV  cores 547 540 9  time 968.801 0 28.6483
Iteration 46  HV  cores 559 552 12  time 987.399 0 29.6443
Iteration 47  HV  cores 569 561 10  time 999.493 0 30.6711
Iteration 48  HV  cores 578 570 9  time 1009.19 0 31.693
Iteration 49  HV  cores 589 581 11  time 1020.67 0 32.7779
Iteration 50  HV  cores 601 593 12  time 1055.03 0 33.9046
Iteration 51  HV  cores 611 603 10  time 1067.26 0 35.0186
Iteration 52  HV  cores 622 614 11  time 1083.72 0 36.1374
Iteration 53  HV  cores 634 626 12  time 1102.36 0 37.2718
Iteration 54  HV  cores 645 637 11  time 1117.29 0 38.4364
Iteration 55  HV  cores 654 646 9  time 1124.89 0 39.6471
Iteration 56  HV  cores 665 657 11  time 1147.6 0 40.8585
Iteration 57  HV  cores 674 666 9  time 1168.29 0 42.0828
Iteration 58  HV  cores 684 676 10  time 1182.01 0 43.324
Iteration 59  HV  cores 694 686 10  time 1193.66 0 44.612
Iteration 60  HV  cores 705 697 11  time 1203.32 0 45.9099
Iteration 61  HV  cores 714 706 9  time 1218.07 0 47.2254
Iteration 62  HV  cores 724 716 10  time 1231.42 0 48.6156
Iteration 63  HV  cores 734 726 10  time 1249.7 0 49.9075
Iteration 64  HV  cores 745 737 11  time 1258.96 0 51.3099
Iteration 65  HV  cores 755 747 10  time 1270.83 0 52.6805
Iteration 66  HV  cores 766 758 11  time 1282.4 0 54.118
Iteration 67  HV  cores 778 770 12  time 1297.85 0 55.5413
Iteration 68  HV  cores 788 780 10  time 1306.02 0 57.0079
Iteration 69  HV  cores 798 790 10  time 1312.13 0 58.5201
Iteration 70  HV  cores 809 801 11  time 1332.03 0 60.0384
Iteration 71  HV  cores 819 811 10  time 1341.08 0 61.5752
Iteration 72  HV  cores 829 821 10  time 1363.61 0 63.1235
Iteration 73  HV  cores 840 832 11  time 1378.97 0 64.697
Iteration 74  HV  cores 849 841 9  time 1385.76 0 66.3701
Iteration 75  HV  cores 858 850 9  time 1390.89 0 68.0196
Iteration 76  HV  cores 869 861 11  time 1402.24 0 69.6617
Iteration 77  HV  cores 879 871 10  time 1416.26 0 71.4022
Iteration 78  HV  cores 890 882 11  time 1426.44 0 73.09
Iteration 79  HV  cores 900 892 10  time 1432.3 0 74.869
Iteration 80  HV  cores 910 901 10  time 1445.25 0 76.5645
Iteration 81  HV  cores 922 913 12  time 1455.6 0 78.3403
Iteration 82  HV  cores 933 924 11  time 1464.55 0 80.1589
Iteration 83  HV  cores 945 936 12  time 1478.34 0 82.0778
Iteration 84  HV  cores 956 947 11  time 1488.29 0 84.0043
Iteration 85  HV  cores 966 957 10  time 1493.29 0 85.8528
Iteration 86  HV  cores 976 966 10  time 1501.94 0 87.7621
Iteration 87  HV  cores 988 978 12  time 1509.29 0 89.6379
Iteration 88  HV  cores 998 988 10  time 1525.31 0 91.5005
Iteration 89  HV  cores 1008 998 10  time 1537.64 0 93.4286
Iteration 90  HV  cores 1019 1009 11  time 1558.9 0 95.3838
Iteration 91  HV  cores 1031 1021 12  time 1572.84 0 97.4299
Iteration 92  HV  cores 1043 1033 12  time 1591.06 0 99.4461
Iteration 93  HV  cores 1055 1045 12  time 1606.9 0 101.509
Iteration 94  HV  cores 1066 1056 11  time 1624.15 0 103.579
Iteration 95  HV  cores 1077 1067 11  time 1632.76 0 105.61
Iteration 96  HV  cores 1089 1078 12  time 1641.65 0 107.733
Iteration 97  HV  cores 1099 1088 10  time 1655.39 0 109.947
Iteration 98  HV  cores 1111 1099 12  time 1667.67 0 112.118
Iteration 99  HV  cores 1123 1111 12  time 1689.65 0 114.257
Iteration 100  HV  cores 1133 1120 10  time 1699.21 0 116.698
Iteration 101  HV  cores 1144 1130 11  time 1707.91 0 119.33
Iteration 102  HV  cores 1154 1139 10  time 1714.63 0 122.056
Iteration 103  HV  cores 1166 1149 12  time 1723.99 0 124.24
Iteration 104  HV  cores 1179 1162 13  time 1738.28 0 126.526
Iteration 105  HV  cores 1192 1173 13  time 1747.55 0 128.661
Iteration 106  HV  cores 1202 1182 10  time 1753.93 0 131.043
Iteration 107  HV  cores 1212 1192 10  time 1769.31 0 133.344
Iteration 108  HV  cores 1221 1197 9  time 1774.9 0 135.753
Iteration 109  HV  cores 1231 1206 10  time 1786.72 0 138.106
Iteration 110  HV  cores 1241 1216 10  time 1800.24 0 140.541
Iteration 111  HV  cores 1253 1227 12  time 1811.67 0 142.971
Iteration 112  HV  cores 1263 1237 10  time 1824.55 0 145.354
Iteration 113  HV  cores 1274 1248 11  time 1847.18 0 147.979
Iteration 114  HV  cores 1284 1258 10  time 1865.08 0 150.396
Iteration 115  HV  cores 1295 1266 11  time 1886.22 0 152.887
Iteration 116  HV  cores 1305 1276 10  time 1895.31 0 155.419
Iteration 117  HV  cores 1313 1284 8  time 1899.19 0 157.972
Iteration 118  HV  cores 1322 1292 9  time 1945.3 0 160.53
Iteration 119  HV  cores 1334 1304 12  time 1961.42 0 163.24
Iteration 120  HV  cores 1343 1313 9  time 1969.32 0 165.803
Iteration 121  HV  cores 1353 1323 10  time 1978.33 0 168.36
Iteration 122  HV  cores 1363 1333 10  time 2003.61 0 170.912
Iteration 123  HV  cores 1374 1344 11  time 2016.59 0 173.401
Iteration 124  HV  cores 1383 1353 9  time 2043.92 0 176.098
Iteration 125  HV  cores 1392 1362 9  time 2054.51 0 178.78
Iteration 126  HV  cores 1403 1373 11  time 2079.1 0 181.638
Iteration 127  HV  cores 1413 1383 10  time 2086.1 0 184.591
Iteration 128  HV  cores 1422 1391 9  time 2092.44 0 187.464
Iteration 129  HV  cores 1433 1401 11  time 2112.28 0 190.176
Iteration 130  HV  cores 1444 1410 11  time 2125.13 0 193.26
Iteration 131  HV  cores 1454 1420 10  time 2129.87 0 196.276
Iteration 132  HV  cores 1465 1431 11  time 2148.54 0 199.158
Iteration 133  HV  cores 1474 1440 9  time 2163.43 0 201.939
Iteration 134  HV  cores 1485 1451 11  time 2173.38 0 204.856
Iteration 135  HV  cores 1494 1460 9  time 2181.65 0 207.635
Iteration 136  HV  cores 1504 1470 10  time 2193.32 0 210.599
Iteration 137  HV  cores 1515 1481 11  time 2204.27 0 213.689
Iteration 138  HV  cores 1525 1490 10  time 2211.46 0 216.575
Iteration 139  HV  cores 1535 1499 10  time 2216.39 0 219.563
Iteration 140  HV  cores 1545 1508 10  time 2221.21 0 222.652
Iteration 141  HV  cores 1556 1519 11  time 2238.73 0 225.685
Iteration 142  HV  cores 1568 1527 12  time 2246.57 0 229.033
Iteration 143  HV  cores 1579 1538 11  time 2262.1 0 232.076
Iteration 144  HV  cores 1590 1549 11  time 2268.41 0 235.34
Iteration 145  HV  cores 1600 1559 10  time 2273.15 0 238.446
Iteration 146  HV  cores 1611 1570 11  time 2284.06 0 241.63
Iteration 147  HV  cores 1622 1581 11  time 2288.22 0 245.09
Iteration 148  HV  cores 1634 1593 12  time 2296.01 0 248.476
Iteration 149  HV  cores 1647 1600 13  time 2304.31 0 251.969
Iteration 150  HV  cores 1658 1611 11  time 2311.11 0 255.452
Iteration 151  HV  cores 1668 1620 10  time 2338.85 0 258.809
Iteration 152  HV  cores 1679 1631 11  time 2344.21 0 262.324
Iteration 153  HV  cores 1690 1642 11  time 2366.71 0 265.753
Iteration 154  HV  cores 1699 1651 9  time 2370.77 0 269.357
Iteration 155  HV  cores 1710 1662 11  time 2437.02 0 272.76
Iteration 156  HV  cores 1721 1673 11  time 2447.5 0 276.555
Iteration 157  HV  cores 1730 1682 9  time 2451.86 0 280.106
Iteration 158  HV  cores 1740 1692 10  time 2465.5 0 283.787
Iteration 159  HV  cores 1750 1702 10  time 2481.41 0 287.434
Iteration 160  HV  cores 1759 1710 9  time 2487.49 0 291.066
Iteration 161  HV  cores 1770 1720 11  time 2511.03 0 294.691
Iteration 162  HV  cores 1781 1730 11  time 2518 0 298.458
Iteration 163  HV  cores 1791 1740 10  time 2524.05 0 302.164
Iteration 164  HV  cores 1800 1749 9  time 2527.97 0 305.856
Iteration 165  HV  cores 1811 1760 11  time 2532.93 0 309.531
Iteration 166  HV  cores 1822 1769 11  time 2537.94 0 313.357
Iteration 167  HV  cores 1833 1780 11  time 2541.95 0 317.007
Iteration 168  HV  cores 1845 1789 12  time 2546.53 0 320.971
Iteration 169  HV  cores 1855 1798 10  time 2549.54 0 324.948
Iteration 170  HV  cores 1866 1809 11  time 2556.68 0 328.795
Iteration 171  HV  cores 1875 1818 9  time 2560.65 0 332.95
Iteration 172  HV  cores 1885 1828 10  time 2568.7 0 336.673
Iteration 173  HV  cores 1896 1839 11  time 2574.1 0 340.857
Iteration 174  HV  cores 1906 1848 10  time 2578.32 0 344.918
Iteration 175  HV  cores 1916 1858 10  time 2583.44 0 348.729
Iteration 176  HV  cores 1926 1863 10  time 2586.1 0 352.65
Iteration 177  HV  cores 1938 1874 12  time 2591.39 0 356.737
Iteration 178  HV  cores 1947 1879 9  time 2594.56 0 360.66
Iteration 179  HV  cores 1958 1890 11  time 2599.86 0 364.851
Iteration 180  HV  cores 1970 1901 12  time 2608.43 0 368.878
Iteration 181  HV  cores 1980 1911 10  time 2612.96 0 373.105
Iteration 182  HV  cores 1988 1918 8  time 2615.99 0 377.318
Iteration 183  HV  cores 1997 1927 9  time 2621.46 0 381.69
Iteration 184  HV  cores 2007 1936 10  time 2623.29 0 386.121
Iteration 185  HV  cores 2017 1946 10  time 2626.16 0 390.218
Iteration 186  HV  cores 2028 1956 11  time 2646.63 0 394.868
Iteration 187  HV  cores 2039 1967 11  time 2651.57 0 399.334
Iteration 188  HV  cores 2051 1979 12  time 2661.47 0 403.765
Iteration 189  HV  cores 2062 1989 11  time 2668.46 0 408.113
Iteration 190  HV  cores 2074 2000 12  time 2673.49 0 412.363
Iteration 191  HV  cores 2085 2011 11  time 2681.41 0 416.899
Iteration 192  HV  cores 2095 2021 10  time 2688.5 0 421.567
Iteration 193  HV  cores 2106 2028 11  time 2692.67 0 426.147
Iteration 194  HV  cores 2117 2039 11  time 2701.59 0 430.749
Iteration 195  HV  cores 2129 2050 12  time 2705 0 435.328
Iteration 196  HV  cores 2140 2061 11  time 2709.06 0 440.073
Iteration 197  HV  cores 2153 2073 13  time 2713.1 0 445.03
Iteration 198  HV  cores 2164 2084 11  time 2720.87 0 449.814
Iteration 199  HV  cores 2176 2095 12  time 2726.04 0 454.635
Iteration 200  HV  cores 2187 2102 11  time 2730.55 0 459.652
Iteration 201  HV  cores 2200 2115 13  time 2736.33 0 464.527
Iteration 202  HV  cores 2209 2124 9  time 2738.87 0 469.374
Iteration 203  HV  cores 2220 2134 11  time 2743.5 0 474.001
Iteration 204  HV  cores 2231 2142 11  time 2746.58 0 478.706
Iteration 205  HV  cores 2242 2151 11  time 2750.45 0 483.585
Iteration 206  HV  cores 2253 2157 11  time 2752.94 0 488.29
Iteration 207  HV  cores 2265 2166 12  time 2761.86 0 492.989
Iteration 208  HV  cores 2277 2178 12  time 2767.15 0 498.004
Iteration 209  HV  cores 2287 2187 10  time 2772.65 0 502.972
Iteration 210  HV  cores 2298 2197 11  time 2776.46 0 508.236
Iteration 211  HV  cores 2309 2208 11  time 2782.9 0 513.11
Iteration 212  HV  cores 2319 2216 10  time 2786.79 0 518.589
Iteration 213  HV  cores 2330 2226 11  time 2793.34 0 523.836
Iteration 214  HV  cores 2341 2234 11  time 2796.56 0 528.981
Iteration 215  HV  cores 2352 2245 11  time 2801.23 0 533.878
Iteration 216  HV  cores 2363 2254 11  time 2805.65 0 538.987
Iteration 217  HV  cores 2374 2263 11  time 2810.49 0 544.156
Iteration 218  HV  cores 2385 2272 11  time 2816.35 0 549.564
Iteration 219  HV  cores 2395 2282 10  time 2820.43 0 554.76
Iteration 220  HV  cores 2405 2292 10  time 2825.29 0 560.106
Iteration 221  HV  cores 2416 2302 11  time 2829.58 0 565.392
Iteration 222  HV  cores 2428 2313 12  time 2836.29 0 570.92
Iteration 223  HV  cores 2437 2322 9  time 2839.93 0 576.524
Iteration 224  HV  cores 2447 2330 10  time 2843.01 0 581.866
Iteration 225  HV  cores 2457 2340 10  time 2846.01 0 587.29
Iteration 226  HV  cores 2467 2349 10  time 2850.42 0 592.572
Iteration 227  HV  cores 2480 2360 13  time 2854.26 0 598.147
Iteration 228  HV  cores 2491 2370 11  time 2857.23 0 603.387
Iteration 229  HV  cores 2502 2379 11  time 2859.67 0 609.087
Iteration 230  HV  cores 2513 2389 11  time 2864.64 0 614.549
Iteration 231  HV  cores 2524 2399 11  time 2867.24 0 620.08
Iteration 232  HV  cores 2534 2405 10  time 2869.73 0 625.708
Iteration 233  HV  cores 2545 2414 11  time 2871.78 0 631.38
Iteration 234  HV  cores 2556 2424 11  time 2876.28 0 636.332
Iteration 235  HV  cores 2567 2434 11  time 2885.29 0 642.276
Iteration 236  HV  cores 2577 2442 10  time 2889.2 0 647.922
Iteration 237  HV  cores 2587 2449 10  time 2891.95 0 653.589
Iteration 238  HV  cores 2597 2457 10  time 2893.96 0 659.068
Iteration 239  HV  cores 2607 2465 10  time 2895.97 0 664.787
Iteration 240  HV  cores 2617 2474 10  time 2898.54 0 670.745
Iteration 241  HV  cores 2625 2481 8  time 2900.64 0 676.334
