lb 2563930 ub 27726074 before adjustment
lb 0 ub 25162144 after adjustment
costs ready
36 variables 659 functions 2563930 lb, 25162144 ub
Iteration 0  HV  cores 25 25 25  time 49.5794 0 0.022248
Iteration 1 MHV  lb 2563988 ub 27726073  time 49.5889 0.365111 0.022248
Iteration 2  HV  cores 49 49 24  time 75.7725 0.365111 0.228357
Iteration 3 MHV  lb 2564006 ub 14885570  time 75.782 0.788707 0.228357
Iteration 4  HV  cores 71 71 22  time 111.149 0.788707 2.42449
Iteration 5 MHV  lb 2564052 ub 10370471  time 111.161 1.26403 2.42449
Iteration 6  HV  cores 92 91 21  time 125.767 1.26403 5.14759
Iteration 7  HV  cores 109 108 17  time 151.832 1.26403 7.85458
Iteration 8 MHV  lb 2564129 ub 7322515  time 151.845 1.81741 7.85458
Iteration 9  HV  cores 133 132 24  time 214.983 1.81741 10.7678
Iteration 10  HV  cores 146 145 13  time 250.606 1.81741 13.6585
Iteration 11 MHV  lb 2564181 ub 5583139  time 250.645 2.5705 13.6585
Iteration 12  HV  cores 170 169 24  time 282.833 2.5705 16.6042
Iteration 13  HV  cores 177 176 7  time 294.15 2.5705 19.5377
Iteration 14  HV  cores 179 178 2  time 294.637 2.5705 22.4686
Iteration 15  HV  cores 182 181 3  time 295.997 2.5705 25.4014
Iteration 16  HV  cores 184 183 2  time 296.9 2.5705 28.3374
Iteration 17  HV  cores 186 185 2  time 297.565 2.5705 31.2795
Iteration 18  HV  cores 187 186 1  time 297.953 2.5705 34.2211
Iteration 19  HV  cores 188 187 1  time 298.069 2.5705 37.1625
Iteration 20  HV  cores 189 188 1  time 298.28 2.5705 40.1043
Iteration 21  HV  cores 190 189 1  time 298.401 2.5705 43.0453
Iteration 22  HV  cores 191 190 1  time 298.502 2.5705 45.9894
Iteration 23  HV  cores 192 191 1  time 298.644 2.5705 48.9365
Iteration 24  HV  cores 193 192 1  time 298.763 2.5705 51.8789
Iteration 25  HV  cores 194 193 1  time 298.941 2.5705 54.8244
Iteration 26  HV  cores 195 194 1  time 299.056 2.5705 57.768
Iteration 27  HV  cores 196 195 1  time 299.246 2.5705 60.7122
Iteration 28  HV  cores 198 197 2  time 299.926 2.5705 63.6686
Iteration 29  HV  cores 199 198 1  time 300.511 2.5705 66.6268
Iteration 30  HV  cores 200 199 1  time 300.644 2.5705 69.586
Iteration 31  HV  cores 201 200 1  time 300.76 2.5705 72.544
Iteration 32  HV  cores 202 201 1  time 300.993 2.5705 75.5033
Iteration 33  HV  cores 203 202 1  time 301.144 2.5705 78.4659
Iteration 34  HV  cores 204 203 1  time 301.237 2.5705 81.4273
Iteration 35  HV  cores 205 204 1  time 301.369 2.5705 84.3872
Iteration 36  HV  cores 206 205 1  time 301.54 2.5705 87.3887
Iteration 37  HV  cores 208 207 2  time 303.387 2.5705 90.396
Iteration 38  HV  cores 210 209 2  time 306.234 2.5705 93.3983
Iteration 39  HV  cores 211 210 1  time 306.374 2.5705 96.3997
Iteration 40  HV  cores 212 211 1  time 306.756 2.5705 99.4014
Iteration 41  HV  cores 213 212 1  time 307.103 2.5705 102.402
Iteration 42  HV  cores 214 213 1  time 307.59 2.5705 105.406
Iteration 43  HV  cores 215 214 1  time 307.987 2.5705 108.412
Iteration 44  HV  cores 216 215 1  time 308.124 2.5705 111.415
Iteration 45  HV  cores 217 216 1  time 308.251 2.5705 114.414
Iteration 46  HV  cores 218 217 1  time 308.549 2.5705 117.416
Iteration 47  HV  cores 219 218 1  time 308.609 2.5705 120.418
Iteration 48  HV  cores 220 219 1  time 308.696 2.5705 123.419
Iteration 49  HV  cores 221 220 1  time 308.787 2.5705 126.423
Iteration 50  HV  cores 222 221 1  time 308.834 2.5705 129.425
Iteration 51 MHV  lb 2564255 ub 3607348  time 308.843 6.38862 129.425
Iteration 52  HV  cores 240 239 18  time 348.483 6.38862 132.741
Iteration 53  HV  cores 252 251 12  time 380.103 6.38862 136.036
Iteration 54  HV  cores 255 254 3  time 393.889 6.38862 139.297
Iteration 55  HV  cores 269 268 14  time 419.445 6.38862 142.582
Iteration 56  HV  cores 270 269 1  time 420.076 6.38862 145.873
Iteration 57  HV  cores 271 270 1  time 420.165 6.38862 149.165
Iteration 58  HV  cores 272 271 1  time 420.347 6.38862 152.463
Iteration 59  HV  cores 273 272 1  time 422.185 6.38862 155.759
Iteration 60 MHV  lb 2564336 ub 3334335  time 422.271 13.0037 155.759
Iteration 61  HV  cores 293 292 20  time 461.237 13.0037 159.094
Iteration 62  HV  cores 303 302 10  time 479.713 13.0037 162.396
Iteration 63 MHV  lb 2564549 ub 3334305  time 479.755 25.7751 162.396
Iteration 64  HV  cores 323 322 20  time 518.051 25.7751 165.734
Iteration 65  HV  cores 329 328 6  time 532.816 25.7751 169.055
Iteration 66 MHV  lb 2564591 ub 3334304  time 532.904 59.3153 169.055
Iteration 67  HV  cores 349 348 20  time 560.571 59.3153 172.391
Iteration 68 MHV  lb 2564610 ub 3334187  time 560.985 98.4527 172.391
Iteration 69  HV  cores 372 370 23  time 632.927 98.4527 175.71
Iteration 70 MHV  lb 2564622 ub 3334186  time 632.959 167.199 175.71
Iteration 71  HV  cores 396 393 24  time 672.684 167.199 179.065
Iteration 72 MHV  lb 2564627 ub 3334040  time 672.734 254.493 179.065
Iteration 73  HV  cores 418 415 22  time 725.449 254.493 182.393
Iteration 74 MHV  lb 2564634 ub 3334039  time 725.49 459.092 182.393
Iteration 75  HV  cores 440 437 22  time 757.57 459.092 185.763
Iteration 76  HV  cores 445 442 5  time 760.242 459.092 189.097
Iteration 77 MHV  lb 2564739 ub 3333875  time 760.264 534.312 189.097
Iteration 78  HV  cores 466 463 21  time 819.92 534.312 192.444
Iteration 79 MHV  lb 2564773 ub 3333874  time 819.965 609.021 192.444
Iteration 80  HV  cores 489 486 23  time 867.591 609.021 195.816
Iteration 81 MHV  lb 2564788 ub 3333863  time 867.784 642.656 195.816
Iteration 82  HV  cores 512 508 23  time 895.613 642.656 199.184
Iteration 83 MHV  lb 2564806 ub 3328274  time 895.628 1057.4 199.184
Iteration 84  HV  cores 534 530 22  time 910.404 1057.4 202.586
Iteration 85  HV  cores 538 534 4  time 912.038 1057.4 205.96
Iteration 86 MHV  lb 2564881 ub 3328096  time 912.055 1123.2 205.96
Iteration 87  HV  cores 557 553 19  time 939.028 1123.2 209.34
Iteration 88 MHV  lb 2564890 ub 3328085  time 939.058 1220.08 209.34
Iteration 89  HV  cores 579 575 22  time 968.387 1220.08 212.667
Iteration 90 MHV  lb 2564907 ub 3328049  time 968.401 1637 212.667
Iteration 91  HV  cores 601 597 22  time 1001.35 1637 215.985
Iteration 92  HV  cores 603 599 2  time 1003.56 1637 219.262
Iteration 93 MHV  lb 2564956 ub 3323001  time 1003.57 2203.41 219.262
Iteration 94  HV  cores 623 619 20  time 1039.47 2203.41 222.61
