lb 1959818 ub 4441369 before adjustment
lb 0 ub 2481551 after adjustment
costs ready
21 variables 159 functions 1959818 lb, 2481551 ub
Iteration 0  HV  cores 2 2 2  time 0.012592 0 0
Iteration 1  HV  cores 4 4 2  time 0.018228 0 0
Iteration 2  HV  cores 6 5 2  time 0.030569 0 0
Iteration 3  HV  cores 8 6 2  time 0.041475 0 0
Iteration 4  HV  cores 10 7 2  time 0.046613 0 0
Iteration 5  HV  cores 12 9 2  time 0.064541 0 0
Iteration 6  HV  cores 14 11 2  time 0.08503 0 0
Iteration 7  HV  cores 16 12 2  time 0.091511 0 0
Iteration 8  HV  cores 18 13 2  time 0.097887 0 0
Iteration 9  HV  cores 19 14 1  time 0.143812 0 0
Iteration 10  HV  cores 20 15 1  time 0.166631 0 0
Iteration 11  HV  cores 21 16 1  time 0.185509 0 0
Iteration 12  HV  cores 23 18 2  time 0.193666 0 0
Iteration 13  HV  cores 25 19 2  time 0.198772 0 0
Iteration 14  HV  cores 27 19 2  time 0.204818 0 0
Iteration 15  HV  cores 29 19 2  time 0.210091 0 0
Iteration 16  HV  cores 31 18 2  time 0.216092 0 0
Iteration 17  HV  cores 33 19 2  time 0.222348 0 0
Iteration 18  HV  cores 35 19 2  time 0.227733 0 0
Iteration 19  HV  cores 36 20 1  time 0.245562 0 0
Iteration 20  HV  cores 37 20 1  time 0.259001 0 0
Iteration 21  HV  cores 38 20 1  time 0.274208 0 0
Iteration 22  HV  cores 39 21 1  time 0.294156 0 0
Iteration 23  HV  cores 40 22 1  time 0.302373 0 0
Iteration 24  HV  cores 41 23 1  time 0.310494 0 0
Iteration 25  HV  cores 42 24 1  time 0.319175 0 0
Iteration 26  HV  cores 43 24 1  time 0.326134 0 0
Iteration 27  HV  cores 44 24 1  time 0.332262 0 0
Iteration 28  HV  cores 45 25 1  time 0.34303 0 0
Iteration 29  HV  cores 46 26 1  time 0.355704 0 0
Iteration 30  HV  cores 47 26 1  time 0.363815 0 0
Iteration 31  HV  cores 48 26 1  time 0.375525 0 0
Iteration 32  HV  cores 49 26 1  time 0.388338 0 0
Iteration 33  HV  cores 50 27 1  time 0.397431 0 0
Iteration 34  HV  cores 51 28 1  time 0.416183 0 0
Iteration 35  HV  cores 52 27 1  time 0.440613 0 0
Iteration 36  HV  cores 53 27 1  time 0.463743 0 0
Iteration 37  HV  cores 54 27 1  time 0.481625 0 0
Iteration 38  HV  cores 55 27 1  time 0.499033 0 0
Iteration 39  HV  cores 56 28 1  time 0.518418 0 0
Iteration 40  HV  cores 57 29 1  time 0.53682 0 0
Iteration 41  HV  cores 58 30 1  time 0.551742 0 0
Iteration 42  HV  cores 59 31 1  time 0.567306 0 0
Iteration 43  HV  cores 60 31 1  time 0.582687 0 0
Iteration 44  HV  cores 61 31 1  time 0.597352 0 0
Iteration 45  HV  cores 62 32 1  time 0.61699 0 0
Iteration 46  HV  cores 63 33 1  time 0.636982 0 0
Iteration 47  HV  cores 64 34 1  time 0.658026 0 0
Iteration 48  HV  cores 65 33 1  time 0.675778 0 0
Iteration 49  HV  cores 66 34 1  time 0.698305 0 0
Iteration 50  HV  cores 67 33 1  time 0.715668 0 0
Iteration 51  HV  cores 68 34 1  time 0.731814 0 0
Iteration 52  HV  cores 69 34 1  time 0.748222 0 0
Iteration 53  HV  cores 70 34 1  time 0.766468 0 0
Iteration 54  HV  cores 71 35 1  time 0.781765 0 0
Iteration 55  HV  cores 72 36 1  time 0.792113 0 0
Iteration 56  HV  cores 73 36 1  time 0.806095 0 0
Iteration 57  HV  cores 74 37 1  time 0.816791 0 0
Iteration 58  HV  cores 75 37 1  time 0.833469 0 0
Iteration 59  HV  cores 76 37 1  time 0.851559 0 0
Iteration 60  HV  cores 77 38 1  time 0.869748 0 0
Iteration 61  HV  cores 78 38 1  time 0.882728 0 0
Iteration 62  HV  cores 79 37 1  time 0.898373 0 0
Iteration 63  HV  cores 80 38 1  time 0.915597 0 0
Iteration 64  HV  cores 81 39 1  time 0.93872 0 0
Iteration 65  HV  cores 82 40 1  time 0.947389 0 0
Iteration 66  HV  cores 83 41 1  time 0.95403 0 0
Iteration 67  HV  cores 84 41 1  time 0.962103 0 0
Iteration 68  HV  cores 85 41 1  time 0.971663 0 0
Iteration 69  HV  cores 86 41 1  time 0.978874 0 0
Iteration 70  HV  cores 87 42 1  time 0.987468 0 0
Iteration 71  HV  cores 88 42 1  time 0.995289 0 0
Iteration 72  HV  cores 89 42 1  time 1.00369 0 0
Iteration 73  HV  cores 90 42 1  time 1.01008 0 0
Iteration 74  HV  cores 91 43 1  time 1.01732 0 0
Iteration 75  HV  cores 92 43 1  time 1.02489 0 0
Iteration 76  HV  cores 93 44 1  time 1.03336 0 0
Iteration 77  HV  cores 94 45 1  time 1.04185 0 0
Iteration 78  HV  cores 95 42 1  time 1.04836 0 0
Iteration 79  HV  cores 96 42 1  time 1.05729 0 0
Iteration 80  HV  cores 97 42 1  time 1.06352 0 0
Iteration 81  HV  cores 98 43 1  time 1.08386 0 0
Iteration 82  HV  cores 99 44 1  time 1.10662 0 0
Iteration 83  HV  cores 100 44 1  time 1.1235 0 0
Iteration 84  HV  cores 101 45 1  time 1.13234 0 0
Iteration 85  HV  cores 102 46 1  time 1.15845 0 0
Iteration 86  HV  cores 103 47 1  time 1.18001 0 0
Iteration 87  HV  cores 104 48 1  time 1.20937 0 0
Iteration 88  HV  cores 105 48 1  time 1.22423 0 0
Iteration 89  HV  cores 106 49 1  time 1.23744 0 0
Iteration 90  HV  cores 107 50 1  time 1.2569 0 0
Iteration 91  HV  cores 108 50 1  time 1.26905 0 0
Iteration 92  HV  cores 109 51 1  time 1.28548 0 0
Iteration 93  HV  cores 110 52 1  time 1.29873 0 0
Iteration 94  HV  cores 111 50 1  time 1.36836 0 0
Iteration 95  HV  cores 112 50 1  time 1.38335 0 0
Iteration 96  HV  cores 113 51 1  time 1.39727 0 0
Iteration 97  HV  cores 114 52 1  time 1.41132 0 0
Iteration 98  HV  cores 115 53 1  time 1.42323 0 0
Iteration 99  HV  cores 116 52 1  time 1.4462 0 0
Iteration 100  HV  cores 117 51 1  time 1.45869 0 0
Iteration 101  HV  cores 118 52 1  time 1.47374 0 0
Iteration 102  HV  cores 119 53 1  time 1.48187 0 0
Iteration 103  HV  cores 120 54 1  time 1.48762 0 0
Iteration 104  HV  cores 121 53 1  time 1.49478 0 0
Iteration 105  HV  cores 122 53 1  time 1.50316 0 0
Iteration 106  HV  cores 123 54 1  time 1.50797 0 0
Iteration 107  HV  cores 124 54 1  time 1.51509 0 0
Iteration 108  HV  cores 125 55 1  time 1.524 0 0
Iteration 109  HV  cores 126 56 1  time 1.53464 0 0
Iteration 110  HV  cores 127 57 1  time 1.54465 0 0
Iteration 111  HV  cores 128 57 1  time 1.55407 0 0
Iteration 112  HV  cores 129 58 1  time 1.56495 0 0
Iteration 113  HV  cores 130 59 1  time 1.57723 0 0
Iteration 114  HV  cores 131 59 1  time 1.58713 0 0
Iteration 115  HV  cores 132 60 1  time 1.59925 0 0
Iteration 116  HV  cores 133 60 1  time 1.60854 0 0
Iteration 117  HV  cores 134 60 1  time 1.61846 0 0
Iteration 118  HV  cores 135 60 1  time 1.62723 0 0
Iteration 119  HV  cores 136 60 1  time 1.63383 0 0
Iteration 120  HV  cores 137 61 1  time 1.64526 0 0
Iteration 121  HV  cores 138 62 1  time 1.65502 0 0
Iteration 122  HV  cores 139 63 1  time 1.66663 0 0
Iteration 123  HV  cores 140 63 1  time 1.67349 0 0
Iteration 124  HV  cores 141 63 1  time 1.67997 0 0
Iteration 125  HV  cores 142 63 1  time 1.6864 0 0
Iteration 126  HV  cores 143 63 1  time 1.69282 0 0
Iteration 127  HV  cores 144 64 1  time 1.7015 0 0
Iteration 128  HV  cores 145 65 1  time 1.70782 0 0
Iteration 129  HV  cores 146 65 1  time 1.7135 0 0
Iteration 130  HV  cores 147 65 1  time 1.71918 0 0
Iteration 131  HV  cores 148 65 1  time 1.72482 0 0
Iteration 132  HV  cores 149 65 1  time 1.73045 0 0
Iteration 133  HV  cores 150 65 1  time 1.73608 0 0
Iteration 134  HV  cores 151 65 1  time 1.74171 0 0
Iteration 135  HV  cores 152 66 1  time 1.75298 0 0
Iteration 136  HV  cores 153 66 1  time 1.76068 0 0
Iteration 137  HV  cores 154 67 1  time 1.76908 0 0
Iteration 138  HV  cores 155 65 1  time 1.77691 0 0
Iteration 139  HV  cores 156 66 1  time 1.78449 0 0
Iteration 140 MHV  lb 1959838 ub 1960211  time 1.78503 0.046898 0
Iteration 141  HV  cores 158 68 2  time 1.81018 0.046898 0
Iteration 142  HV  cores 160 69 2  time 1.82487 0.046898 0
Iteration 143  HV  cores 162 70 2  time 1.84464 0.046898 0
Iteration 144  HV  cores 164 72 2  time 1.85934 0.046898 0
Iteration 145  HV  cores 165 73 1  time 1.86191 0.046898 0
Iteration 146  HV  cores 167 75 2  time 1.86956 0.046898 0
Iteration 147  HV  cores 169 76 2  time 1.87649 0.046898 0
Iteration 148  HV  cores 170 75 1  time 1.87939 0.046898 0
Iteration 149  HV  cores 172 77 2  time 1.89377 0.046898 0
Iteration 150  HV  cores 173 78 1  time 1.90091 0.046898 0
Iteration 151  HV  cores 175 78 2  time 1.91084 0.046898 0
Iteration 152  HV  cores 177 78 2  time 1.92016 0.046898 0
Iteration 153  HV  cores 179 78 2  time 1.9369 0.046898 0
Iteration 154  HV  cores 181 79 2  time 1.95064 0.046898 0
Iteration 155  HV  cores 183 80 2  time 1.95938 0.046898 0
Iteration 156  HV  cores 185 80 2  time 1.96464 0.046898 0
Iteration 157  HV  cores 186 81 1  time 1.99692 0.046898 0
Iteration 158  HV  cores 187 81 1  time 2.01972 0.046898 0
Iteration 159  HV  cores 188 81 1  time 2.03721 0.046898 0
Iteration 160  HV  cores 189 82 1  time 2.0775 0.046898 0
Iteration 161  HV  cores 190 83 1  time 2.09433 0.046898 0
Iteration 162  HV  cores 191 84 1  time 2.10847 0.046898 0
Iteration 163  HV  cores 192 84 1  time 2.11936 0.046898 0
Iteration 164  HV  cores 193 84 1  time 2.12852 0.046898 0
Iteration 165  HV  cores 194 85 1  time 2.13867 0.046898 0
Iteration 166  HV  cores 195 85 1  time 2.14969 0.046898 0
Iteration 167  HV  cores 196 85 1  time 2.16111 0.046898 0
Iteration 168  HV  cores 197 86 1  time 2.17644 0.046898 0
Iteration 169  HV  cores 198 86 1  time 2.18228 0.046898 0
Iteration 170  HV  cores 199 87 1  time 2.19067 0.046898 0
Iteration 171  HV  cores 200 88 1  time 2.20391 0.046898 0
Iteration 172  HV  cores 201 88 1  time 2.21238 0.046898 0
Iteration 173  HV  cores 202 89 1  time 2.2176 0.046898 0
Iteration 174  HV  cores 203 90 1  time 2.23053 0.046898 0
Iteration 175 MHV  lb 1959847 ub 1959915  time 2.23107 0.099881 0
Iteration 176  HV  cores 205 92 2  time 2.2486 0.099881 0
Iteration 177  HV  cores 207 93 2  time 2.25937 0.099881 0
Iteration 178  HV  cores 209 93 2  time 2.2685 0.099881 0
Iteration 179  HV  cores 211 94 2  time 2.27521 0.099881 0
Iteration 180  HV  cores 213 95 2  time 2.2836 0.099881 0
Iteration 181  HV  cores 215 97 2  time 2.30424 0.099881 0
Iteration 182  HV  cores 217 99 2  time 2.32113 0.099881 0
Iteration 183  HV  cores 219 100 2  time 2.32951 0.099881 0
Iteration 184  HV  cores 221 100 2  time 2.33615 0.099881 0
Iteration 185  HV  cores 223 102 2  time 2.36927 0.099881 0
Iteration 186  HV  cores 225 103 2  time 2.38059 0.099881 0
Iteration 187  HV  cores 227 104 2  time 2.39109 0.099881 0
Iteration 188  HV  cores 229 104 2  time 2.39919 0.099881 0
Iteration 189  HV  cores 231 105 2  time 2.40605 0.099881 0
Iteration 190  HV  cores 232 106 1  time 2.41056 0.099881 0
Iteration 191  HV  cores 233 106 1  time 2.41377 0.099881 0
Iteration 192  HV  cores 235 105 2  time 2.42363 0.099881 0
Iteration 193  HV  cores 237 104 2  time 2.43309 0.099881 0
Iteration 194  HV  cores 239 106 2  time 2.44297 0.099881 0
Iteration 195  HV  cores 241 107 2  time 2.45199 0.099881 0
Iteration 196  HV  cores 243 108 2  time 2.46131 0.099881 0
Iteration 197  HV  cores 245 110 2  time 2.4951 0.099881 0
Iteration 198  HV  cores 247 111 2  time 2.52149 0.099881 0
Iteration 199  HV  cores 248 112 1  time 2.5667 0.099881 0
Iteration 200  HV  cores 249 113 1  time 2.59278 0.099881 0
Iteration 201  HV  cores 250 114 1  time 2.60793 0.099881 0
Iteration 202  HV  cores 252 115 2  time 2.63973 0.099881 0
Iteration 203  HV  cores 253 115 1  time 2.65925 0.099881 0
Iteration 204  HV  cores 254 115 1  time 2.67819 0.099881 0
Iteration 205  HV  cores 255 116 1  time 2.69253 0.099881 0
Iteration 206  HV  cores 256 116 1  time 2.7084 0.099881 0
Iteration 207  HV  cores 257 116 1  time 2.72619 0.099881 0
Iteration 208  HV  cores 258 117 1  time 2.75577 0.099881 0
Iteration 209  HV  cores 259 118 1  time 2.7685 0.099881 0
Iteration 210  HV  cores 260 118 1  time 2.77901 0.099881 0
Iteration 211  HV  cores 261 118 1  time 2.79043 0.099881 0
Iteration 212  HV  cores 262 118 1  time 2.80606 0.099881 0
Iteration 213  HV  cores 263 118 1  time 2.82069 0.099881 0
Iteration 214  HV  cores 264 118 1  time 2.84412 0.099881 0
Iteration 215  HV  cores 265 119 1  time 2.86728 0.099881 0
Iteration 216  HV  cores 266 120 1  time 2.89102 0.099881 0
Iteration 217  HV  cores 267 121 1  time 2.91139 0.099881 0
Iteration 218  HV  cores 268 122 1  time 2.93411 0.099881 0
Iteration 219  HV  cores 269 123 1  time 2.95455 0.099881 0
Iteration 220  HV  cores 270 124 1  time 2.98336 0.099881 0
Iteration 221  HV  cores 271 125 1  time 3.00601 0.099881 0
Iteration 222  HV  cores 272 126 1  time 3.03456 0.099881 0
Iteration 223  HV  cores 273 126 1  time 3.05939 0.099881 0
Iteration 224  HV  cores 274 126 1  time 3.07793 0.099881 0
Iteration 225  HV  cores 275 127 1  time 3.10185 0.099881 0
Iteration 226  HV  cores 276 127 1  time 3.11598 0.099881 0
Iteration 227  HV  cores 277 127 1  time 3.13158 0.099881 0
Iteration 228  HV  cores 278 128 1  time 3.15328 0.099881 0
Iteration 229  HV  cores 279 129 1  time 3.17104 0.099881 0
Iteration 230  HV  cores 280 129 1  time 3.18787 0.099881 0
Iteration 231  HV  cores 281 129 1  time 3.20288 0.099881 0
Iteration 232  HV  cores 282 129 1  time 3.21798 0.099881 0
Iteration 233  HV  cores 283 128 1  time 3.23855 0.099881 0
Iteration 234  HV  cores 284 129 1  time 3.25804 0.099881 0
Iteration 235  HV  cores 285 130 1  time 3.27278 0.099881 0
Iteration 236  HV  cores 286 131 1  time 3.28383 0.099881 0
Iteration 237  HV  cores 287 131 1  time 3.29594 0.099881 0
Iteration 238  HV  cores 288 131 1  time 3.30831 0.099881 0
Iteration 239  HV  cores 289 132 1  time 3.32059 0.099881 0
Iteration 240  HV  cores 290 132 1  time 3.33053 0.099881 0
Iteration 241  HV  cores 291 132 1  time 3.33815 0.099881 0
Iteration 242  HV  cores 292 133 1  time 3.34434 0.099881 0
Iteration 243  HV  cores 293 134 1  time 3.35308 0.099881 0
Iteration 244  HV  cores 294 135 1  time 3.35927 0.099881 0
Iteration 245  HV  cores 295 133 1  time 3.36639 0.099881 0
Iteration 246  HV  cores 296 134 1  time 3.3715 0.099881 0
Iteration 247  HV  cores 297 135 1  time 3.37855 0.099881 0
Iteration 248  HV  cores 298 136 1  time 3.38764 0.099881 0
Iteration 249  HV  cores 299 137 1  time 3.394 0.099881 0
Iteration 250  HV  cores 300 138 1  time 3.40287 0.099881 0
Iteration 251  HV  cores 301 139 1  time 3.41158 0.099881 0
Iteration 252  HV  cores 302 140 1  time 3.41478 0.099881 0
Iteration 253  HV  cores 303 141 1  time 3.4266 0.099881 0
Iteration 254  HV  cores 304 141 1  time 3.43534 0.099881 0
Iteration 255  HV  cores 305 142 1  time 3.4417 0.099881 0
Iteration 256  HV  cores 306 143 1  time 3.44688 0.099881 0
Iteration 257  HV  cores 307 144 1  time 3.45814 0.099881 0
Iteration 258  HV  cores 308 144 1  time 3.46559 0.099881 0
Iteration 259  HV  cores 309 145 1  time 3.48 0.099881 0
Iteration 260  HV  cores 310 144 1  time 3.48836 0.099881 0
Iteration 261  HV  cores 311 144 1  time 3.49868 0.099881 0
Iteration 262  HV  cores 312 145 1  time 3.51473 0.099881 0
Iteration 263  HV  cores 313 146 1  time 3.528 0.099881 0
Iteration 264  HV  cores 314 147 1  time 3.53945 0.099881 0
Iteration 265  HV  cores 315 147 1  time 3.54671 0.099881 0
Iteration 266  HV  cores 316 148 1  time 3.55636 0.099881 0
Iteration 267  HV  cores 317 148 1  time 3.56265 0.099881 0
Iteration 268  HV  cores 318 148 1  time 3.56598 0.099881 0
Iteration 269  HV  cores 319 149 1  time 3.57191 0.099881 0
Iteration 270  HV  cores 320 149 1  time 3.57969 0.099881 0
Iteration 271  HV  cores 321 149 1  time 3.58637 0.099881 0
Iteration 272  HV  cores 322 149 1  time 3.58972 0.099881 0
Iteration 273  HV  cores 323 149 1  time 3.59637 0.099881 0
Iteration 274  HV  cores 324 149 1  time 3.60046 0.099881 0
Iteration 275  HV  cores 325 150 1  time 3.6079 0.099881 0
Iteration 276  HV  cores 326 150 1  time 3.6145 0.099881 0
Iteration 277  HV  cores 327 150 1  time 3.62065 0.099881 0
Iteration 278  HV  cores 328 151 1  time 3.63511 0.099881 0
Iteration 279  HV  cores 329 151 1  time 3.64594 0.099881 0
Iteration 280  HV  cores 330 152 1  time 3.65462 0.099881 0
Iteration 281  HV  cores 331 153 1  time 3.66334 0.099881 0
Iteration 282  HV  cores 332 153 1  time 3.67142 0.099881 0
Iteration 283  HV  cores 333 154 1  time 3.67768 0.099881 0
Iteration 284  HV  cores 334 155 1  time 3.68551 0.099881 0
Iteration 285  HV  cores 335 156 1  time 3.69693 0.099881 0
Iteration 286  HV  cores 336 156 1  time 3.70232 0.099881 0
Iteration 287  HV  cores 337 157 1  time 3.71044 0.099881 0
Iteration 288  HV  cores 338 157 1  time 3.71384 0.099881 0
Iteration 289  HV  cores 339 157 1  time 3.71724 0.099881 0
Iteration 290  HV  cores 340 157 1  time 3.72066 0.099881 0
Iteration 291  HV  cores 341 158 1  time 3.72443 0.099881 0
Iteration 292  HV  cores 342 158 1  time 3.72991 0.099881 0
Iteration 293  HV  cores 343 158 1  time 3.73369 0.099881 0
Iteration 294  HV  cores 344 158 1  time 3.73748 0.099881 0
Iteration 295  HV  cores 345 159 1  time 3.74123 0.099881 0
Iteration 296  HV  cores 346 160 1  time 3.75868 0.099881 0
Iteration 297  HV  cores 347 160 1  time 3.76546 0.099881 0
Iteration 298  HV  cores 348 161 1  time 3.77291 0.099881 0
Iteration 299  HV  cores 349 161 1  time 3.77811 0.099881 0
Iteration 300  HV  cores 350 161 1  time 3.78326 0.099881 0
Iteration 301  HV  cores 351 162 1  time 3.78904 0.099881 0
Iteration 302  HV  cores 352 160 1  time 3.79505 0.099881 0
Iteration 303  HV  cores 353 161 1  time 3.8049 0.099881 0
Iteration 304  HV  cores 354 162 1  time 3.81143 0.099881 0
Iteration 305  HV  cores 355 161 1  time 3.81829 0.099881 0
Iteration 306  HV  cores 356 162 1  time 3.82766 0.099881 0
Iteration 307  HV  cores 357 163 1  time 3.83618 0.099881 0
Iteration 308  HV  cores 358 164 1  time 3.843 0.099881 0
Iteration 309  HV  cores 359 165 1  time 3.84561 0.099881 0
Iteration 310  HV  cores 360 166 1  time 3.84952 0.099881 0
Iteration 311  HV  cores 361 166 1  time 3.85356 0.099881 0
Iteration 312  HV  cores 362 167 1  time 3.85936 0.099881 0
Iteration 313  HV  cores 363 168 1  time 3.8651 0.099881 0
Iteration 314  HV  cores 364 169 1  time 3.8703 0.099881 0
Iteration 315  HV  cores 365 170 1  time 3.87544 0.099881 0
Iteration 316  HV  cores 366 171 1  time 3.88135 0.099881 0
Iteration 317  HV  cores 367 172 1  time 3.88855 0.099881 0
Iteration 318  HV  cores 368 173 1  time 3.89377 0.099881 0
Iteration 319  HV  cores 369 174 1  time 3.90272 0.099881 0
Iteration 320  HV  cores 370 174 1  time 3.90884 0.099881 0
Iteration 321  HV  cores 371 173 1  time 3.91534 0.099881 0
Iteration 322  HV  cores 372 174 1  time 3.92456 0.099881 0
Iteration 323  HV  cores 373 174 1  time 3.93097 0.099881 0
Iteration 324  HV  cores 374 175 1  time 3.93892 0.099881 0
Iteration 325  HV  cores 375 175 1  time 3.94604 0.099881 0
Iteration 326  HV  cores 376 176 1  time 3.95189 0.099881 0
Iteration 327  HV  cores 377 177 1  time 3.95778 0.099881 0
Iteration 328  HV  cores 378 178 1  time 3.96355 0.099881 0
Iteration 329  HV  cores 379 179 1  time 3.9685 0.099881 0
Iteration 330  HV  cores 380 180 1  time 3.97311 0.099881 0
Iteration 331  HV  cores 381 180 1  time 3.97793 0.099881 0
Iteration 332  HV  cores 382 180 1  time 3.98305 0.099881 0
Iteration 333  HV  cores 383 181 1  time 3.98993 0.099881 0
Iteration 334  HV  cores 384 181 1  time 3.99546 0.099881 0
Iteration 335  HV  cores 385 181 1  time 4.00094 0.099881 0
Iteration 336  HV  cores 386 181 1  time 4.00601 0.099881 0
Iteration 337  HV  cores 387 182 1  time 4.01289 0.099881 0
Iteration 338  HV  cores 388 182 1  time 4.01756 0.099881 0
Iteration 339 MHV  lb 1959852 ub 1959915  time 4.01814 0.176218 0
Iteration 340  HV  cores 390 184 2  time 4.05332 0.176218 0
Iteration 341  HV  cores 392 186 2  time 4.06547 0.176218 0
Iteration 342  HV  cores 394 188 2  time 4.0881 0.176218 0
Iteration 343  HV  cores 396 189 2  time 4.10335 0.176218 0
Iteration 344  HV  cores 398 191 2  time 4.11691 0.176218 0
Iteration 345  HV  cores 400 192 2  time 4.13162 0.176218 0
Iteration 346  HV  cores 402 194 2  time 4.14556 0.176218 0
Iteration 347  HV  cores 404 194 2  time 4.15731 0.176218 0
Iteration 348  HV  cores 406 195 2  time 4.16987 0.176218 0
Iteration 349  HV  cores 408 194 2  time 4.18449 0.176218 0
Iteration 350  HV  cores 410 194 2  time 4.20124 0.176218 0
Iteration 351  HV  cores 412 195 2  time 4.21487 0.176218 0
Iteration 352  HV  cores 413 196 1  time 4.22117 0.176218 0
Iteration 353  HV  cores 414 196 1  time 4.22602 0.176218 0
Iteration 354  HV  cores 415 196 1  time 4.23125 0.176218 0
Iteration 355  HV  cores 417 197 2  time 4.24528 0.176218 0
Iteration 356  HV  cores 419 199 2  time 4.25526 0.176218 0
Iteration 357  HV  cores 421 201 2  time 4.26634 0.176218 0
Iteration 358  HV  cores 423 203 2  time 4.27863 0.176218 0
Iteration 359  HV  cores 425 205 2  time 4.29886 0.176218 0
Iteration 360  HV  cores 427 205 2  time 4.31041 0.176218 0
Iteration 361  HV  cores 428 206 1  time 4.3159 0.176218 0
Iteration 362  HV  cores 429 207 1  time 4.31912 0.176218 0
Iteration 363  HV  cores 430 208 1  time 4.3296 0.176218 0
Iteration 364  HV  cores 431 208 1  time 4.33773 0.176218 0
Iteration 365  HV  cores 432 209 1  time 4.35285 0.176218 0
Iteration 366  HV  cores 433 210 1  time 4.35929 0.176218 0
Iteration 367  HV  cores 434 210 1  time 4.36972 0.176218 0
Iteration 368  HV  cores 435 210 1  time 4.37921 0.176218 0
Iteration 369  HV  cores 436 211 1  time 4.38593 0.176218 0
Iteration 370  HV  cores 437 212 1  time 4.39025 0.176218 0
Iteration 371  HV  cores 438 213 1  time 4.39598 0.176218 0
Iteration 372  HV  cores 439 214 1  time 4.41224 0.176218 0
Iteration 373  HV  cores 440 215 1  time 4.4337 0.176218 0
Iteration 374  HV  cores 441 216 1  time 4.44916 0.176218 0
Iteration 375  HV  cores 442 217 1  time 4.46073 0.176218 0
Iteration 376  HV  cores 443 218 1  time 4.4732 0.176218 0
Iteration 377  HV  cores 444 219 1  time 4.48078 0.176218 0
Iteration 378  HV  cores 445 220 1  time 4.48996 0.176218 0
Iteration 379  HV  cores 446 221 1  time 4.4929 0.176218 0
Iteration 380  HV  cores 447 222 1  time 4.49683 0.176218 0
Iteration 381  HV  cores 448 223 1  time 4.51289 0.176218 0
Iteration 382  HV  cores 449 224 1  time 4.51955 0.176218 0
Iteration 383  HV  cores 450 225 1  time 4.52847 0.176218 0
Iteration 384  HV  cores 451 226 1  time 4.53652 0.176218 0
Iteration 385  HV  cores 452 227 1  time 4.57388 0.176218 0
Iteration 386  HV  cores 453 228 1  time 4.58129 0.176218 0
Iteration 387  HV  cores 454 229 1  time 4.58807 0.176218 0
Iteration 388  HV  cores 455 230 1  time 4.59342 0.176218 0
Iteration 389  HV  cores 456 230 1  time 4.59789 0.176218 0
Iteration 390  HV  cores 457 230 1  time 4.60306 0.176218 0
Iteration 391  HV  cores 458 231 1  time 4.61539 0.176218 0
Iteration 392  HV  cores 459 231 1  time 4.6226 0.176218 0
Iteration 393  HV  cores 460 231 1  time 4.62878 0.176218 0
Iteration 394  HV  cores 461 231 1  time 4.63702 0.176218 0
Iteration 395  HV  cores 462 232 1  time 4.64097 0.176218 0
Iteration 396  HV  cores 463 232 1  time 4.64489 0.176218 0
Iteration 397  HV  cores 464 232 1  time 4.64878 0.176218 0
Iteration 398  HV  cores 465 232 1  time 4.65267 0.176218 0
Iteration 399  HV  cores 466 233 1  time 4.65654 0.176218 0
Iteration 400  HV  cores 467 233 1  time 4.66007 0.176218 0
Iteration 401  HV  cores 468 234 1  time 4.66392 0.176218 0
Iteration 402  HV  cores 469 234 1  time 4.66781 0.176218 0
Iteration 403  HV  cores 470 234 1  time 4.67158 0.176218 0
Iteration 404  HV  cores 471 235 1  time 4.67514 0.176218 0
Iteration 405  HV  cores 472 236 1  time 4.67832 0.176218 0
Iteration 406  HV  cores 473 236 1  time 4.6816 0.176218 0
Iteration 407  HV  cores 474 237 1  time 4.68526 0.176218 0
Iteration 408  HV  cores 475 237 1  time 4.68875 0.176218 0
Iteration 409  HV  cores 476 237 1  time 4.69236 0.176218 0
Iteration 410  HV  cores 477 237 1  time 4.69594 0.176218 0
Iteration 411  HV  cores 478 238 1  time 4.73602 0.176218 0
Iteration 412  HV  cores 479 239 1  time 4.75941 0.176218 0
Iteration 413  HV  cores 480 240 1  time 4.77225 0.176218 0
Iteration 414  HV  cores 481 241 1  time 4.78283 0.176218 0
Iteration 415  HV  cores 482 241 1  time 4.80068 0.176218 0
Iteration 416  HV  cores 483 242 1  time 4.80952 0.176218 0
Iteration 417  HV  cores 484 243 1  time 4.81985 0.176218 0
Iteration 418  HV  cores 485 244 1  time 4.83053 0.176218 0
Iteration 419  HV  cores 486 243 1  time 4.83945 0.176218 0
Iteration 420  HV  cores 487 244 1  time 4.85106 0.176218 0
Iteration 421  HV  cores 488 244 1  time 4.85887 0.176218 0
Iteration 422  HV  cores 489 244 1  time 4.86641 0.176218 0
Iteration 423  HV  cores 490 245 1  time 4.87943 0.176218 0
Iteration 424  HV  cores 491 245 1  time 4.89154 0.176218 0
Iteration 425  HV  cores 492 245 1  time 4.90168 0.176218 0
Iteration 426  HV  cores 493 245 1  time 4.91004 0.176218 0
Iteration 427  HV  cores 494 245 1  time 4.91883 0.176218 0
Iteration 428  HV  cores 495 245 1  time 4.93312 0.176218 0
Iteration 429  HV  cores 496 245 1  time 4.94207 0.176218 0
Iteration 430  HV  cores 497 246 1  time 4.9497 0.176218 0
Iteration 431  HV  cores 498 247 1  time 4.95573 0.176218 0
Iteration 432  HV  cores 499 247 1  time 4.96212 0.176218 0
Iteration 433  HV  cores 500 248 1  time 4.96899 0.176218 0
Iteration 434  HV  cores 501 247 1  time 4.97543 0.176218 0
Iteration 435  HV  cores 502 248 1  time 4.98455 0.176218 0
Iteration 436  HV  cores 503 248 1  time 4.99138 0.176218 0
Iteration 437  HV  cores 504 249 1  time 4.99882 0.176218 0
Iteration 438  HV  cores 505 250 1  time 5.00555 0.176218 0
Iteration 439  HV  cores 506 249 1  time 5.01185 0.176218 0
Iteration 440  HV  cores 507 249 1  time 5.01777 0.176218 0
Iteration 441  HV  cores 508 250 1  time 5.02336 0.176218 0
Iteration 442  HV  cores 509 250 1  time 5.03032 0.176218 0
Iteration 443  HV  cores 510 250 1  time 5.03769 0.176218 0
Iteration 444  HV  cores 511 250 1  time 5.04559 0.176218 0
Iteration 445  HV  cores 512 250 1  time 5.05118 0.176218 0
Iteration 446  HV  cores 513 251 1  time 5.05739 0.176218 0
Iteration 447  HV  cores 514 251 1  time 5.06342 0.176218 0
Iteration 448  HV  cores 515 252 1  time 5.06937 0.176218 0
Iteration 449  HV  cores 516 252 1  time 5.07526 0.176218 0
Iteration 450  HV  cores 517 251 1  time 5.08117 0.176218 0
Iteration 451  HV  cores 518 251 1  time 5.0871 0.176218 0
Iteration 452  HV  cores 519 252 1  time 5.09459 0.176218 0
Iteration 453  HV  cores 520 253 1  time 5.10051 0.176218 0
Iteration 454  HV  cores 521 254 1  time 5.10661 0.176218 0
Iteration 455  HV  cores 522 254 1  time 5.11315 0.176218 0
Iteration 456  HV  cores 523 254 1  time 5.11968 0.176218 0
Iteration 457  HV  cores 524 255 1  time 5.1266 0.176218 0
Iteration 458  HV  cores 525 256 1  time 5.13257 0.176218 0
Iteration 459  HV  cores 526 257 1  time 5.13868 0.176218 0
Iteration 460  HV  cores 527 256 1  time 5.14607 0.176218 0
Iteration 461  HV  cores 528 257 1  time 5.15161 0.176218 0
Iteration 462  HV  cores 529 257 1  time 5.1598 0.176218 0
Iteration 463  HV  cores 530 258 1  time 5.16852 0.176218 0
Iteration 464  HV  cores 531 259 1  time 5.17625 0.176218 0
Iteration 465  HV  cores 532 260 1  time 5.18144 0.176218 0
Iteration 466  HV  cores 533 260 1  time 5.18659 0.176218 0
Iteration 467  HV  cores 534 261 1  time 5.19377 0.176218 0
Iteration 468  HV  cores 535 262 1  time 5.201 0.176218 0
Iteration 469  HV  cores 536 263 1  time 5.2098 0.176218 0
Iteration 470 MHV  lb 1959855 ub 1959915  time 5.21037 0.319019 0
Iteration 471  HV  cores 538 265 2  time 5.22419 0.319019 0
Iteration 472  HV  cores 540 267 2  time 5.23681 0.319019 0
Iteration 473  HV  cores 541 268 1  time 5.24163 0.319019 0
Iteration 474  HV  cores 542 269 1  time 5.26039 0.319019 0
Iteration 475  HV  cores 543 269 1  time 5.26515 0.319019 0
Iteration 476  HV  cores 544 270 1  time 5.27964 0.319019 0
Iteration 477  HV  cores 545 270 1  time 5.28569 0.319019 0
Iteration 478  HV  cores 546 269 1  time 5.29743 0.319019 0
Iteration 479  HV  cores 547 270 1  time 5.30662 0.319019 0
Iteration 480  HV  cores 548 271 1  time 5.31112 0.319019 0
Iteration 481  HV  cores 549 272 1  time 5.31574 0.319019 0
Iteration 482  HV  cores 550 273 1  time 5.32011 0.319019 0
Iteration 483  HV  cores 551 274 1  time 5.34074 0.319019 0
Iteration 484  HV  cores 552 275 1  time 5.35508 0.319019 0
Iteration 485  HV  cores 553 275 1  time 5.36634 0.319019 0
Iteration 486  HV  cores 554 275 1  time 5.37755 0.319019 0
Iteration 487  HV  cores 555 276 1  time 5.4183 0.319019 0
Iteration 488  HV  cores 556 277 1  time 5.45112 0.319019 0
Iteration 489  HV  cores 557 277 1  time 5.47854 0.319019 0
Iteration 490  HV  cores 558 278 1  time 5.4993 0.319019 0
Iteration 491  HV  cores 559 279 1  time 5.5096 0.319019 0
Iteration 492 MHV  lb 1959856 ub 1959890  time 5.51016 0.479914 0
Iteration 493  HV  cores 561 281 2  time 5.53048 0.479914 0
Iteration 494  HV  cores 562 282 1  time 5.54039 0.479914 0
Iteration 495  HV  cores 563 283 1  time 5.55437 0.479914 0
Iteration 496  HV  cores 564 284 1  time 5.56391 0.479914 0
Iteration 497  HV  cores 565 285 1  time 5.56829 0.479914 0
Iteration 498  HV  cores 566 286 1  time 5.57905 0.479914 0
Iteration 499  HV  cores 567 287 1  time 5.6049 0.479914 0
Iteration 500  HV  cores 568 288 1  time 5.62214 0.479914 0
Iteration 501  HV  cores 569 289 1  time 5.63626 0.479914 0
Iteration 502  HV  cores 570 289 1  time 5.65031 0.479914 0
Iteration 503  HV  cores 571 289 1  time 5.66524 0.479914 0
Iteration 504  HV  cores 572 290 1  time 5.69231 0.479914 0
Iteration 505  HV  cores 573 291 1  time 5.71509 0.479914 0
Iteration 506  HV  cores 574 292 1  time 5.73328 0.479914 0
Iteration 507  HV  cores 575 293 1  time 5.74931 0.479914 0
Iteration 508  HV  cores 576 294 1  time 5.76351 0.479914 0
Iteration 509  HV  cores 577 295 1  time 5.78841 0.479914 0
Iteration 510  HV  cores 578 296 1  time 5.80506 0.479914 0
Iteration 511  HV  cores 579 297 1  time 5.8416 0.479914 0
Iteration 512  HV  cores 580 298 1  time 5.84581 0.479914 0
Iteration 513  HV  cores 581 299 1  time 5.87214 0.479914 0
Iteration 514  HV  cores 582 300 1  time 5.8894 0.479914 0
Iteration 515  HV  cores 583 300 1  time 5.91133 0.479914 0
Iteration 516  HV  cores 584 300 1  time 5.92782 0.479914 0
Iteration 517  HV  cores 585 301 1  time 5.95527 0.479914 0
Iteration 518  HV  cores 586 301 1  time 5.96536 0.479914 0
Iteration 519  HV  cores 587 302 1  time 5.98214 0.479914 0
Iteration 520  HV  cores 588 303 1  time 5.99668 0.479914 0
Iteration 521  HV  cores 589 303 1  time 6.0131 0.479914 0
Iteration 522  HV  cores 590 304 1  time 6.02954 0.479914 0
Iteration 523  HV  cores 591 305 1  time 6.03895 0.479914 0
Iteration 524  HV  cores 592 306 1  time 6.04664 0.479914 0
Iteration 525  HV  cores 593 306 1  time 6.05432 0.479914 0
Iteration 526  HV  cores 594 306 1  time 6.06235 0.479914 0
Iteration 527  HV  cores 595 306 1  time 6.06926 0.479914 0
Iteration 528  HV  cores 596 306 1  time 6.07597 0.479914 0
Iteration 529  HV  cores 597 307 1  time 6.08955 0.479914 0
Iteration 530  HV  cores 598 308 1  time 6.09812 0.479914 0
Iteration 531  HV  cores 599 309 1  time 6.11178 0.479914 0
Iteration 532  HV  cores 600 310 1  time 6.11975 0.479914 0
Iteration 533  HV  cores 601 311 1  time 6.12124 0.479914 0
Iteration 534 MHV  lb 1959858 ub 1959890  time 6.12195 0.69069 0
Iteration 535  HV  cores 603 313 2  time 6.13036 0.69069 0
Iteration 536  HV  cores 605 315 2  time 6.14673 0.69069 0
Iteration 537  HV  cores 607 317 2  time 6.15526 0.69069 0
Iteration 538  HV  cores 609 318 2  time 6.16662 0.69069 0
Iteration 539  HV  cores 611 319 2  time 6.17862 0.69069 0
Iteration 540  HV  cores 613 319 2  time 6.18757 0.69069 0
Iteration 541  HV  cores 614 319 1  time 6.19031 0.69069 0
Iteration 542  HV  cores 615 320 1  time 6.20165 0.69069 0
Iteration 543  HV  cores 616 320 1  time 6.20683 0.69069 0
Iteration 544  HV  cores 617 321 1  time 6.22166 0.69069 0
Iteration 545  HV  cores 618 322 1  time 6.23386 0.69069 0
Iteration 546  HV  cores 619 323 1  time 6.24542 0.69069 0
Iteration 547  HV  cores 620 324 1  time 6.25644 0.69069 0
Iteration 548  HV  cores 621 324 1  time 6.26744 0.69069 0
Iteration 549  HV  cores 622 324 1  time 6.27839 0.69069 0
Iteration 550  HV  cores 623 324 1  time 6.28932 0.69069 0
Iteration 551  HV  cores 624 324 1  time 6.3003 0.69069 0
Iteration 552  HV  cores 625 324 1  time 6.31129 0.69069 0
Iteration 553  HV  cores 626 325 1  time 6.32052 0.69069 0
Iteration 554  HV  cores 627 326 1  time 6.33153 0.69069 0
Iteration 555  HV  cores 628 326 1  time 6.34164 0.69069 0
Iteration 556  HV  cores 629 326 1  time 6.3479 0.69069 0
Iteration 557  HV  cores 630 326 1  time 6.35452 0.69069 0
Iteration 558  HV  cores 631 326 1  time 6.36357 0.69069 0
Iteration 559  HV  cores 632 327 1  time 6.42328 0.69069 0
Iteration 560  HV  cores 633 328 1  time 6.45323 0.69069 0
Iteration 561  HV  cores 634 329 1  time 6.46919 0.69069 0
Iteration 562  HV  cores 635 330 1  time 6.49582 0.69069 0
Iteration 563  HV  cores 636 331 1  time 6.52829 0.69069 0
Iteration 564  HV  cores 637 332 1  time 6.54146 0.69069 0
Iteration 565  HV  cores 638 333 1  time 6.55153 0.69069 0
Iteration 566  HV  cores 639 334 1  time 6.57637 0.69069 0
Iteration 567  HV  cores 640 335 1  time 6.61376 0.69069 0
Iteration 568  HV  cores 641 336 1  time 6.63071 0.69069 0
Iteration 569  HV  cores 642 337 1  time 6.65177 0.69069 0
Iteration 570  HV  cores 643 338 1  time 6.66505 0.69069 0
Iteration 571  HV  cores 644 339 1  time 6.6728 0.69069 0
Iteration 572  HV  cores 645 340 1  time 6.67961 0.69069 0
Iteration 573  HV  cores 646 341 1  time 6.68773 0.69069 0
Iteration 574  HV  cores 647 342 1  time 6.69723 0.69069 0
Iteration 575  HV  cores 648 343 1  time 6.70487 0.69069 0
Iteration 576  HV  cores 649 343 1  time 6.70883 0.69069 0
Iteration 577  HV  cores 650 344 1  time 6.7215 0.69069 0
Iteration 578  HV  cores 651 345 1  time 6.72919 0.69069 0
Iteration 579  HV  cores 652 346 1  time 6.74102 0.69069 0
Iteration 580  HV  cores 653 346 1  time 6.74927 0.69069 0
Iteration 581  HV  cores 654 347 1  time 6.75685 0.69069 0
Iteration 582  HV  cores 655 348 1  time 6.76426 0.69069 0
Iteration 583  HV  cores 656 349 1  time 6.80001 0.69069 0
Iteration 584  HV  cores 657 350 1  time 6.81969 0.69069 0
Iteration 585  HV  cores 658 351 1  time 6.83104 0.69069 0
Iteration 586  HV  cores 659 351 1  time 6.84307 0.69069 0
Iteration 587  HV  cores 660 351 1  time 6.85231 0.69069 0
Iteration 588  HV  cores 661 351 1  time 6.86272 0.69069 0
Iteration 589  HV  cores 662 352 1  time 6.87585 0.69069 0
Iteration 590  HV  cores 663 353 1  time 6.89031 0.69069 0
Iteration 591  HV  cores 664 354 1  time 6.89502 0.69069 0
Iteration 592  HV  cores 665 355 1  time 6.90162 0.69069 0
Iteration 593  HV  cores 666 356 1  time 6.91318 0.69069 0
Iteration 594  HV  cores 667 357 1  time 6.92395 0.69069 0
Iteration 595  HV  cores 668 358 1  time 6.95191 0.69069 0
Iteration 596  HV  cores 669 359 1  time 6.97741 0.69069 0
Iteration 597  HV  cores 670 359 1  time 7.00051 0.69069 0
Iteration 598  HV  cores 671 360 1  time 7.02289 0.69069 0
Iteration 599  HV  cores 672 360 1  time 7.04589 0.69069 0
Iteration 600  HV  cores 673 361 1  time 7.07435 0.69069 0
Iteration 601  HV  cores 674 362 1  time 7.10867 0.69069 0
Iteration 602  HV  cores 675 363 1  time 7.12855 0.69069 0
Iteration 603  HV  cores 676 363 1  time 7.1471 0.69069 0
Iteration 604  HV  cores 677 363 1  time 7.17392 0.69069 0
Iteration 605  HV  cores 678 364 1  time 7.1936 0.69069 0
Iteration 606  HV  cores 679 365 1  time 7.21269 0.69069 0
Iteration 607  HV  cores 680 365 1  time 7.23489 0.69069 0
Iteration 608  HV  cores 681 366 1  time 7.26164 0.69069 0
Iteration 609  HV  cores 682 367 1  time 7.28245 0.69069 0
Iteration 610  HV  cores 683 367 1  time 7.30222 0.69069 0
Iteration 611  HV  cores 684 367 1  time 7.32227 0.69069 0
Iteration 612  HV  cores 685 368 1  time 7.35036 0.69069 0
Iteration 613  HV  cores 686 369 1  time 7.37613 0.69069 0
Iteration 614  HV  cores 687 369 1  time 7.39115 0.69069 0
Iteration 615  HV  cores 688 369 1  time 7.40602 0.69069 0
Iteration 616  HV  cores 689 369 1  time 7.42158 0.69069 0
Iteration 617  HV  cores 690 370 1  time 7.44027 0.69069 0
Iteration 618  HV  cores 691 371 1  time 7.48811 0.69069 0
Iteration 619  HV  cores 692 372 1  time 7.52634 0.69069 0
Iteration 620  HV  cores 693 372 1  time 7.55107 0.69069 0
Iteration 621  HV  cores 694 373 1  time 7.62106 0.69069 0
Iteration 622  HV  cores 695 374 1  time 7.66437 0.69069 0
Iteration 623  HV  cores 696 375 1  time 7.69369 0.69069 0
Iteration 624  HV  cores 697 375 1  time 7.71298 0.69069 0
Iteration 625  HV  cores 698 375 1  time 7.72549 0.69069 0
Iteration 626  HV  cores 699 376 1  time 7.74938 0.69069 0
Iteration 627  HV  cores 700 376 1  time 7.76432 0.69069 0
Iteration 628  HV  cores 701 377 1  time 7.78596 0.69069 0
Iteration 629  HV  cores 702 378 1  time 7.79717 0.69069 0
Iteration 630  HV  cores 703 379 1  time 7.84208 0.69069 0
Iteration 631  HV  cores 704 380 1  time 7.89007 0.69069 0
Iteration 632  HV  cores 705 381 1  time 7.91493 0.69069 0
Iteration 633  HV  cores 706 382 1  time 7.92582 0.69069 0
Iteration 634  HV  cores 707 382 1  time 7.93966 0.69069 0
Iteration 635  HV  cores 708 383 1  time 7.96131 0.69069 0
Iteration 636  HV  cores 709 383 1  time 7.97272 0.69069 0
Iteration 637  HV  cores 710 383 1  time 7.98738 0.69069 0
Iteration 638  HV  cores 711 383 1  time 7.99939 0.69069 0
Iteration 639  HV  cores 712 383 1  time 8.01092 0.69069 0
Iteration 640  HV  cores 713 383 1  time 8.02083 0.69069 0
Iteration 641  HV  cores 714 383 1  time 8.03373 0.69069 0
Iteration 642  HV  cores 715 384 1  time 8.04439 0.69069 0
Iteration 643  HV  cores 716 385 1  time 8.06151 0.69069 0
Iteration 644  HV  cores 717 385 1  time 8.07469 0.69069 0
Iteration 645  HV  cores 718 386 1  time 8.08588 0.69069 0
Iteration 646  HV  cores 719 386 1  time 8.09424 0.69069 0
Iteration 647  HV  cores 720 387 1  time 8.10513 0.69069 0
Iteration 648  HV  cores 721 387 1  time 8.11286 0.69069 0
Iteration 649  HV  cores 722 387 1  time 8.12058 0.69069 0
Iteration 650  HV  cores 723 387 1  time 8.13281 0.69069 0
Iteration 651  HV  cores 724 388 1  time 8.14016 0.69069 0
Iteration 652  HV  cores 725 389 1  time 8.14687 0.69069 0
Iteration 653  HV  cores 726 390 1  time 8.15299 0.69069 0
Iteration 654  HV  cores 727 389 1  time 8.15957 0.69069 0
Iteration 655  HV  cores 728 390 1  time 8.16572 0.69069 0
Iteration 656  HV  cores 729 389 1  time 8.17295 0.69069 0
Iteration 657  HV  cores 730 390 1  time 8.18064 0.69069 0
Iteration 658  HV  cores 731 390 1  time 8.1864 0.69069 0
Iteration 659  HV  cores 732 391 1  time 8.19459 0.69069 0
Iteration 660  HV  cores 733 391 1  time 8.20283 0.69069 0
Iteration 661  HV  cores 734 392 1  time 8.21079 0.69069 0
Iteration 662  HV  cores 735 393 1  time 8.21799 0.69069 0
Iteration 663  HV  cores 736 394 1  time 8.22663 0.69069 0
Iteration 664  HV  cores 737 394 1  time 8.23365 0.69069 0
Iteration 665  HV  cores 738 395 1  time 8.24206 0.69069 0
Iteration 666  HV  cores 739 395 1  time 8.24997 0.69069 0
Iteration 667  HV  cores 740 396 1  time 8.25872 0.69069 0
Iteration 668  HV  cores 741 396 1  time 8.26747 0.69069 0
Iteration 669  HV  cores 742 397 1  time 8.27593 0.69069 0
Iteration 670  HV  cores 743 397 1  time 8.28662 0.69069 0
Iteration 671  HV  cores 744 397 1  time 8.29595 0.69069 0
Iteration 672  HV  cores 745 396 1  time 8.30517 0.69069 0
Iteration 673  HV  cores 746 397 1  time 8.3117 0.69069 0
Iteration 674  HV  cores 747 398 1  time 8.32013 0.69069 0
Iteration 675  HV  cores 748 399 1  time 8.32795 0.69069 0
Iteration 676  HV  cores 749 399 1  time 8.33565 0.69069 0
Iteration 677  HV  cores 750 399 1  time 8.34346 0.69069 0
Iteration 678  HV  cores 751 397 1  time 8.36142 0.69069 0
Iteration 679  HV  cores 752 397 1  time 8.36847 0.69069 0
Iteration 680  HV  cores 753 398 1  time 8.37519 0.69069 0
Iteration 681  HV  cores 754 398 1  time 8.37942 0.69069 0
Iteration 682  HV  cores 755 399 1  time 8.38231 0.69069 0
Iteration 683  HV  cores 756 400 1  time 8.39023 0.69069 0
Iteration 684  HV  cores 757 400 1  time 8.39734 0.69069 0
Iteration 685  HV  cores 758 401 1  time 8.40442 0.69069 0
Iteration 686  HV  cores 759 402 1  time 8.4124 0.69069 0
Iteration 687  HV  cores 760 403 1  time 8.41748 0.69069 0
Iteration 688  HV  cores 761 403 1  time 8.42215 0.69069 0
Iteration 689  HV  cores 762 404 1  time 8.42854 0.69069 0
Iteration 690  HV  cores 763 405 1  time 8.4348 0.69069 0
Iteration 691  HV  cores 764 406 1  time 8.44464 0.69069 0
Iteration 692  HV  cores 765 406 1  time 8.45112 0.69069 0
Iteration 693  HV  cores 766 406 1  time 8.45783 0.69069 0
Iteration 694  HV  cores 767 406 1  time 8.46487 0.69069 0
Iteration 695  HV  cores 768 406 1  time 8.46955 0.69069 0
Iteration 696  HV  cores 769 407 1  time 8.47494 0.69069 0
Iteration 697  HV  cores 770 407 1  time 8.48087 0.69069 0
Iteration 698  HV  cores 771 407 1  time 8.4853 0.69069 0
Iteration 699  HV  cores 772 408 1  time 8.49189 0.69069 0
Iteration 700  HV  cores 773 409 1  time 8.49668 0.69069 0
Iteration 701  HV  cores 774 408 1  time 8.50196 0.69069 0
Iteration 702  HV  cores 775 407 1  time 8.50837 0.69069 0
Iteration 703  HV  cores 776 407 1  time 8.51269 0.69069 0
Iteration 704  HV  cores 777 407 1  time 8.51823 0.69069 0
Iteration 705  HV  cores 778 407 1  time 8.52327 0.69069 0
Iteration 706  HV  cores 779 408 1  time 8.52892 0.69069 0
Iteration 707  HV  cores 780 408 1  time 8.53443 0.69069 0
Iteration 708  HV  cores 781 408 1  time 8.53871 0.69069 0
Iteration 709  HV  cores 782 409 1  time 8.54868 0.69069 0
Iteration 710  HV  cores 783 409 1  time 8.55691 0.69069 0
Iteration 711  HV  cores 784 409 1  time 8.56341 0.69069 0
Iteration 712  HV  cores 785 409 1  time 8.56931 0.69069 0
Iteration 713  HV  cores 786 409 1  time 8.57522 0.69069 0
Iteration 714  HV  cores 787 409 1  time 8.58209 0.69069 0
Iteration 715  HV  cores 788 409 1  time 8.58828 0.69069 0
Iteration 716  HV  cores 789 409 1  time 8.59447 0.69069 0
Iteration 717  HV  cores 790 410 1  time 8.60053 0.69069 0
Iteration 718  HV  cores 791 409 1  time 8.60645 0.69069 0
Iteration 719  HV  cores 792 410 1  time 8.61691 0.69069 0
Iteration 720  HV  cores 793 410 1  time 8.62643 0.69069 0
Iteration 721  HV  cores 794 410 1  time 8.63593 0.69069 0
Iteration 722  HV  cores 795 410 1  time 8.64536 0.69069 0
Iteration 723  HV  cores 796 410 1  time 8.65476 0.69069 0
Iteration 724  HV  cores 797 410 1  time 8.66426 0.69069 0
Iteration 725  HV  cores 798 410 1  time 8.67313 0.69069 0
Iteration 726  HV  cores 799 411 1  time 8.68108 0.69069 0
Iteration 727  HV  cores 800 411 1  time 8.69022 0.69069 0
Iteration 728  HV  cores 801 411 1  time 8.70065 0.69069 0
Iteration 729  HV  cores 802 410 1  time 8.70882 0.69069 0
Iteration 730  HV  cores 803 410 1  time 8.71402 0.69069 0
Iteration 731  HV  cores 804 410 1  time 8.72051 0.69069 0
Iteration 732  HV  cores 805 411 1  time 8.72943 0.69069 0
Iteration 733  HV  cores 806 412 1  time 8.74009 0.69069 0
Iteration 734  HV  cores 807 413 1  time 8.74804 0.69069 0
Iteration 735  HV  cores 808 414 1  time 8.75584 0.69069 0
Iteration 736  HV  cores 809 415 1  time 8.76372 0.69069 0
Iteration 737  HV  cores 810 416 1  time 8.76945 0.69069 0
Iteration 738  HV  cores 811 415 1  time 8.77413 0.69069 0
Iteration 739  HV  cores 812 416 1  time 8.78677 0.69069 0
Iteration 740  HV  cores 813 416 1  time 8.79607 0.69069 0
Iteration 741  HV  cores 814 416 1  time 8.80151 0.69069 0
Iteration 742  HV  cores 815 417 1  time 8.80856 0.69069 0
Iteration 743  HV  cores 816 417 1  time 8.81658 0.69069 0
Iteration 744  HV  cores 817 418 1  time 8.82445 0.69069 0
Iteration 745  HV  cores 818 418 1  time 8.8342 0.69069 0
Iteration 746  HV  cores 819 418 1  time 8.84309 0.69069 0
Iteration 747  HV  cores 820 418 1  time 8.85102 0.69069 0
Iteration 748  HV  cores 821 418 1  time 8.85936 0.69069 0
Iteration 749  HV  cores 822 418 1  time 8.8644 0.69069 0
Iteration 750  HV  cores 823 419 1  time 8.87074 0.69069 0
Iteration 751  HV  cores 824 420 1  time 8.87781 0.69069 0
Iteration 752  HV  cores 825 421 1  time 8.88554 0.69069 0
Iteration 753  HV  cores 826 422 1  time 8.89186 0.69069 0
Iteration 754  HV  cores 827 423 1  time 8.89818 0.69069 0
Iteration 755  HV  cores 828 423 1  time 8.9045 0.69069 0
Iteration 756  HV  cores 829 424 1  time 8.91144 0.69069 0
Iteration 757  HV  cores 830 425 1  time 8.9186 0.69069 0
Iteration 758 MHV  lb 1959860 ub 1959890  time 8.9192 1.04526 0
Iteration 759  HV  cores 832 427 2  time 8.93696 1.04526 0
Iteration 760  HV  cores 834 429 2  time 8.94395 1.04526 0
Iteration 761  HV  cores 835 430 1  time 8.95129 1.04526 0
Iteration 762  HV  cores 836 431 1  time 8.95627 1.04526 0
Iteration 763  HV  cores 837 432 1  time 8.97131 1.04526 0
Iteration 764  HV  cores 838 433 1  time 8.98319 1.04526 0
Iteration 765  HV  cores 839 434 1  time 8.99004 1.04526 0
Iteration 766  HV  cores 840 434 1  time 8.99555 1.04526 0
Iteration 767  HV  cores 841 435 1  time 8.99988 1.04526 0
Iteration 768  HV  cores 842 435 1  time 9.00476 1.04526 0
Iteration 769  HV  cores 843 435 1  time 9.00963 1.04526 0
Iteration 770  HV  cores 844 436 1  time 9.01464 1.04526 0
Iteration 771  HV  cores 845 436 1  time 9.02027 1.04526 0
Iteration 772  HV  cores 846 437 1  time 9.02499 1.04526 0
Iteration 773  HV  cores 847 438 1  time 9.03157 1.04526 0
Iteration 774  HV  cores 848 438 1  time 9.03677 1.04526 0
Iteration 775  HV  cores 849 439 1  time 9.04245 1.04526 0
Iteration 776  HV  cores 850 440 1  time 9.04744 1.04526 0
Iteration 777  HV  cores 851 440 1  time 9.05236 1.04526 0
Iteration 778  HV  cores 852 440 1  time 9.05909 1.04526 0
Iteration 779  HV  cores 853 441 1  time 9.06235 1.04526 0
Iteration 780  HV  cores 854 442 1  time 9.06662 1.04526 0
Iteration 781  HV  cores 855 443 1  time 9.07364 1.04526 0
Iteration 782  HV  cores 856 444 1  time 9.07816 1.04526 0
Iteration 783  HV  cores 857 445 1  time 9.08514 1.04526 0
Iteration 784  HV  cores 858 446 1  time 9.09178 1.04526 0
Iteration 785  HV  cores 859 447 1  time 9.09832 1.04526 0
Iteration 786  HV  cores 860 447 1  time 9.10568 1.04526 0
Iteration 787  HV  cores 861 446 1  time 9.11235 1.04526 0
Iteration 788  HV  cores 862 446 1  time 9.11912 1.04526 0
Iteration 789  HV  cores 863 446 1  time 9.12604 1.04526 0
Iteration 790  HV  cores 864 447 1  time 9.13561 1.04526 0
Iteration 791  HV  cores 865 448 1  time 9.14169 1.04526 0
Iteration 792  HV  cores 866 448 1  time 9.1487 1.04526 0
Iteration 793  HV  cores 867 448 1  time 9.15462 1.04526 0
Iteration 794  HV  cores 868 448 1  time 9.15981 1.04526 0
Iteration 795  HV  cores 869 448 1  time 9.16485 1.04526 0
Iteration 796  HV  cores 870 449 1  time 9.18402 1.04526 0
Iteration 797  HV  cores 871 450 1  time 9.21231 1.04526 0
Iteration 798  HV  cores 872 451 1  time 9.23028 1.04526 0
Iteration 799  HV  cores 873 451 1  time 9.24515 1.04526 0
Iteration 800  HV  cores 874 452 1  time 9.26209 1.04526 0
Iteration 801  HV  cores 875 453 1  time 9.27669 1.04526 0
Iteration 802  HV  cores 876 454 1  time 9.29511 1.04526 0
Iteration 803  HV  cores 877 454 1  time 9.30085 1.04526 0
Iteration 804  HV  cores 878 454 1  time 9.30692 1.04526 0
Iteration 805  HV  cores 879 455 1  time 9.31693 1.04526 0
Iteration 806  HV  cores 880 456 1  time 9.33227 1.04526 0
Iteration 807  HV  cores 881 456 1  time 9.34119 1.04526 0
Iteration 808  HV  cores 882 456 1  time 9.35072 1.04526 0
Iteration 809 MHV  lb 1959860 ub 1959890  time 9.35173 1.44618 0
Iteration 810  HV  cores 884 458 2  time 9.3743 1.44618 0
Iteration 811  HV  cores 886 460 2  time 9.38877 1.44618 0
Iteration 812  HV  cores 887 461 1  time 9.40002 1.44618 0
Iteration 813  HV  cores 888 461 1  time 9.40599 1.44618 0
Iteration 814  HV  cores 889 462 1  time 9.41628 1.44618 0
Iteration 815  HV  cores 890 463 1  time 9.42993 1.44618 0
Iteration 816  HV  cores 891 464 1  time 9.4426 1.44618 0
Iteration 817  HV  cores 892 464 1  time 9.45086 1.44618 0
Iteration 818  HV  cores 893 465 1  time 9.46044 1.44618 0
Iteration 819  HV  cores 894 466 1  time 9.47452 1.44618 0
Iteration 820  HV  cores 895 467 1  time 9.482 1.44618 0
Iteration 821  HV  cores 896 466 1  time 9.49216 1.44618 0
Iteration 822  HV  cores 897 467 1  time 9.50097 1.44618 0
Iteration 823  HV  cores 898 468 1  time 9.51783 1.44618 0
Iteration 824 MHV  lb 1959860 ub 1959877  time 9.51897 2.12936 0
Iteration 825  HV  cores 900 470 2  time 9.53413 2.12936 0
Iteration 826  HV  cores 902 472 2  time 9.54203 2.12936 0
Iteration 827  HV  cores 904 474 2  time 9.55635 2.12936 0
Iteration 828  HV  cores 905 474 1  time 9.56142 2.12936 0
Iteration 829  HV  cores 907 476 2  time 9.57217 2.12936 0
Iteration 830 MHV  lb 1959861 ub 1959870  time 9.5739 2.58867 0
Iteration 831  HV  cores 909 478 2  time 9.58171 2.58867 0
Iteration 832  HV  cores 910 479 1  time 9.59036 2.58867 0
Iteration 833  HV  cores 912 481 2  time 9.61361 2.58867 0
Iteration 834  HV  cores 913 482 1  time 9.62498 2.58867 0
Iteration 835  HV  cores 914 483 1  time 9.63443 2.58867 0
Iteration 836 MHV  lb 1959861 ub 1959869  time 9.63543 3.5875 0
Iteration 837  HV  cores 916 484 2  time 9.64389 3.5875 0
Iteration 838  HV  cores 917 485 1  time 9.64854 3.5875 0
Iteration 839  HV  cores 919 486 2  time 9.66024 3.5875 0
Iteration 840  HV  cores 920 487 1  time 9.666 3.5875 0
Iteration 841  HV  cores 921 488 1  time 9.67005 3.5875 0
Iteration 842  HV  cores 922 489 1  time 9.67154 3.5875 0
Iteration 843  HV  cores 923 490 1  time 9.68126 3.5875 0
Iteration 844  HV  cores 924 491 1  time 9.68949 3.5875 0
Iteration 845  HV  cores 925 492 1  time 9.69764 3.5875 0
Iteration 846  HV  cores 926 493 1  time 9.7054 3.5875 0
Iteration 847  HV  cores 927 494 1  time 9.71682 3.5875 0
Iteration 848 MHV  lb 1959861 ub 1959869  time 9.71817 4.32881 0
Iteration 849  HV  cores 929 496 2  time 9.72901 4.32881 0
Iteration 850  HV  cores 931 498 2  time 9.74252 4.32881 0
Iteration 851  HV  cores 932 499 1  time 9.74791 4.32881 0
Iteration 852  HV  cores 933 500 1  time 9.74945 4.32881 0
Iteration 853  HV  cores 934 501 1  time 9.75947 4.32881 0
Iteration 854  HV  cores 935 501 1  time 9.76567 4.32881 0
Iteration 855  HV  cores 936 502 1  time 9.77181 4.32881 0
Iteration 856  HV  cores 937 503 1  time 9.77911 4.32881 0
Iteration 857  HV  cores 938 503 1  time 9.78462 4.32881 0
Iteration 858  HV  cores 939 503 1  time 9.78901 4.32881 0
Iteration 859  HV  cores 940 504 1  time 9.80095 4.32881 0
Iteration 860 MHV  lb 1959861 ub 1959869  time 9.80232 4.93051 0
Iteration 861  HV  cores 941 505 1  time 9.80522 4.93051 0
Iteration 862  HV  cores 942 506 1  time 9.81128 4.93051 0
Iteration 863  HV  cores 944 508 2  time 9.82324 4.93051 0
Iteration 864 MHV  lb 1959862 ub 1959865  time 9.82462 5.92209 0
Iteration 865  HV  cores 946 510 2  time 9.83374 5.92209 0
Iteration 866  HV  cores 948 512 2  time 9.84727 5.92209 0
Iteration 867  HV  cores 949 513 1  time 9.85411 5.92209 0
Iteration 868  HV  cores 950 513 1  time 9.85986 5.92209 0
Iteration 869  HV  cores 951 514 1  time 9.86991 5.92209 0
Iteration 870  HV  cores 952 515 1  time 9.88044 5.92209 0
Iteration 871  HV  cores 953 516 1  time 9.89008 5.92209 0
Iteration 872  HV  cores 954 517 1  time 9.89805 5.92209 0
Iteration 873  HV  cores 955 518 1  time 9.90246 5.92209 0
Iteration 874  HV  cores 956 519 1  time 9.90521 5.92209 0
Iteration 875  HV  cores 957 520 1  time 9.90826 5.92209 0
Iteration 876  HV  cores 958 521 1  time 9.90973 5.92209 0
Iteration 877  HV  cores 959 522 1  time 9.91378 5.92209 0
Iteration 878  HV  cores 960 523 1  time 9.91731 5.92209 0
Iteration 879  HV  cores 961 523 1  time 9.92109 5.92209 0
Iteration 880  HV  cores 962 524 1  time 9.9247 5.92209 0
Iteration 881  HV  cores 963 525 1  time 9.92849 5.92209 0
Iteration 882  HV  cores 964 526 1  time 9.93355 5.92209 0
Iteration 883  HV  cores 965 526 1  time 9.93808 5.92209 0
Iteration 884  HV  cores 966 526 1  time 9.94241 5.92209 0
Iteration 885  HV  cores 967 527 1  time 9.94487 5.92209 0
Iteration 886  HV  cores 968 528 1  time 9.95336 5.92209 0
Iteration 887  HV  cores 969 529 1  time 9.96158 5.92209 0
Iteration 888  HV  cores 970 529 1  time 9.96744 5.92209 0
Iteration 889 MHV  lb 1959862 ub 1959865  time 9.96892 6.9607 0
Iteration 890  HV  cores 972 530 2  time 9.97994 6.9607 0
Iteration 891  HV  cores 974 532 2  time 9.99096 6.9607 0
Iteration 892  HV  cores 976 533 2  time 10.0039 6.9607 0
Iteration 893  HV  cores 977 534 1  time 10.009 6.9607 0
Iteration 894  HV  cores 979 536 2  time 10.024 6.9607 0
Iteration 895  HV  cores 981 538 2  time 10.0356 6.9607 0
Iteration 896  HV  cores 982 539 1  time 10.0443 6.9607 0
Iteration 897  HV  cores 983 540 1  time 10.0497 6.9607 0
Iteration 898  HV  cores 984 541 1  time 10.0642 6.9607 0
Iteration 899  HV  cores 985 542 1  time 10.0783 6.9607 0
Iteration 900  HV  cores 986 543 1  time 10.0904 6.9607 0
Iteration 901  HV  cores 987 544 1  time 10.1026 6.9607 0
Iteration 902  HV  cores 988 545 1  time 10.1126 6.9607 0
Iteration 903  HV  cores 989 545 1  time 10.1224 6.9607 0
Iteration 904  HV  cores 990 546 1  time 10.1346 6.9607 0
Iteration 905  HV  cores 991 546 1  time 10.1456 6.9607 0
Iteration 906  HV  cores 992 547 1  time 10.1531 6.9607 0
Iteration 907  HV  cores 993 547 1  time 10.16 6.9607 0
Iteration 908  HV  cores 994 548 1  time 10.1674 6.9607 0
Iteration 909  HV  cores 995 549 1  time 10.1747 6.9607 0
Iteration 910  HV  cores 996 549 1  time 10.1825 6.9607 0
Iteration 911  HV  cores 997 549 1  time 10.1902 6.9607 0
Iteration 912  HV  cores 998 550 1  time 10.2001 6.9607 0
Iteration 913  HV  cores 999 551 1  time 10.2064 6.9607 0
Iteration 914  HV  cores 1000 552 1  time 10.2173 6.9607 0
Iteration 915  HV  cores 1001 553 1  time 10.2192 6.9607 0
Iteration 916 MHV  lb 1959862 ub 1959865  time 10.22 8.291 0
Iteration 917  HV  cores 1003 555 2  time 10.2308 8.291 0
Iteration 918  HV  cores 1005 557 2  time 10.2373 8.291 0
Iteration 919  HV  cores 1007 559 2  time 10.2441 8.291 0
Iteration 920  HV  cores 1009 561 2  time 10.253 8.291 0
Iteration 921  HV  cores 1010 561 1  time 10.258 8.291 0
Iteration 922  HV  cores 1011 562 1  time 10.2631 8.291 0
Iteration 923 MHV  lb 1959862 ub 1959865  time 10.2644 9.90637 0
Iteration 924 MHV  lb 1959862 ub 1959862  time 10.2654 9.90725 0
Optimal value: 1959862
Real time: 20.2364
CPU time: 34.3394
