lb 10460357 ub 24436312 before adjustment
lb 0 ub 13975955 after adjustment
costs ready
63 variables 1505 functions 10460357 lb, 13975955 ub
Iteration 0  lb 10460368 ub 24436312  cores 11 11 11  time 0.802 0.104113
Iteration 1  lb 10460368 ub 24436312  cores 21 21 10  time 1.55124 0.239959
Iteration 2  lb 10460373 ub 24436312  cores 30 30 9  time 2.85246 0.385564
Iteration 3  lb 10460376 ub 24436312  cores 41 41 11  time 3.99513 0.555174
Iteration 4  lb 10460377 ub 24436312  cores 52 52 11  time 5.28662 0.751538
Iteration 5  lb 10460378 ub 24436312  cores 62 62 10  time 6.65438 0.967032
Iteration 6  lb 10460381 ub 24436312  cores 74 74 12  time 8.78399 1.38247
Iteration 7  lb 10460383 ub 24436312  cores 85 85 11  time 10.2492 1.85536
Iteration 8  lb 10460385 ub 24436312  cores 96 96 11  time 11.5948 2.29015
Iteration 9  lb 10460395 ub 24436312  cores 107 107 11  time 13.1243 2.92734
Iteration 10  lb 10460396 ub 24436312  cores 117 117 10  time 14.2148 3.36698
Iteration 11  lb 10460397 ub 24436312  cores 127 126 10  time 15.2278 4.07885
Iteration 12  lb 10460405 ub 24436312  cores 138 137 11  time 16.8222 5.16136
Iteration 13  lb 10460408 ub 24436312  cores 148 147 10  time 18.2646 7.80381
Iteration 14  lb 10460409 ub 24436312  cores 159 158 11  time 19.9016 9.77319
Iteration 15  lb 10460410 ub 24436312  cores 169 167 10  time 21.2286 12.7402
Iteration 16  lb 10460410 ub 24436312  cores 178 176 9  time 22.4377 18.3795
Iteration 17  lb 10460411 ub 24436312  cores 188 186 10  time 23.5837 21.4728
Iteration 18  lb 10460411 ub 24436312  cores 196 194 8  time 24.6267 30.3034
Iteration 19  lb 10460414 ub 24436312  cores 205 203 9  time 25.5518 36.6836
Iteration 20  lb 10460414 ub 24436312  cores 215 213 10  time 26.5126 39.5042
Iteration 21  lb 10460416 ub 24436312  cores 224 222 9  time 27.7264 42.4977
Iteration 22  lb 10460417 ub 24436312  cores 234 231 10  time 29.1324 47.4748
Iteration 23  lb 10460419 ub 24436312  cores 244 241 10  time 30.2156 62.6905
Iteration 24  lb 10460424 ub 24436312  cores 252 249 8  time 31.317 67.1183
Iteration 25  lb 10460427 ub 24436312  cores 262 258 10  time 32.2997 71.4967
Iteration 26  lb 10460428 ub 24436312  cores 271 267 9  time 33.5893 74.2408
Iteration 27  lb 10460432 ub 24436312  cores 281 277 10  time 34.5812 82.5808
Iteration 28  lb 10460432 ub 24436312  cores 290 286 9  time 35.8662 98.2598
Iteration 29  lb 10460433 ub 24436312  cores 299 295 9  time 37.091 106.829
Iteration 30  lb 10460433 ub 24436312  cores 307 303 8  time 38.288 112.831
Iteration 31  lb 10460434 ub 24436312  cores 316 312 9  time 39.5632 120
Iteration 32  lb 10460434 ub 24436312  cores 325 320 9  time 40.2922 143.494
Iteration 33  lb 10460435 ub 24436312  cores 332 327 7  time 40.8013 175.349
Iteration 34  lb 10460435 ub 24436312  cores 341 336 9  time 41.9603 207.608
Iteration 35  lb 10460436 ub 24436312  cores 350 345 9  time 43.1723 246.96
Iteration 36  lb 10460436 ub 24436312  cores 359 354 9  time 44.2613 266.261
Iteration 37  lb 10460436 ub 24436312  cores 365 360 6  time 44.843 290.146
Iteration 38  lb 10460437 ub 24436312  cores 374 369 9  time 45.6721 345.037
Iteration 39  lb 10460437 ub 24436312  cores 382 377 8  time 46.4388 551.127
Iteration 40  lb 10460438 ub 24436312  cores 391 386 9  time 47.743 652.27
Iteration 41  lb 10460439 ub 24436312  cores 400 395 9  time 49.0497 726.602
Iteration 42  lb 10460439 ub 24436312  cores 409 404 9  time 50.0079 847.934
Iteration 43  lb 10460440 ub 24436312  cores 417 412 8  time 50.6611 989.741
Iteration 44  lb 10460440 ub 24436312  cores 425 420 8  time 51.3884 1042.14
Iteration 45  lb 10460440 ub 24436312  cores 433 428 8  time 52.1691 1086.11
Iteration 46  lb 10460440 ub 24436312  cores 443 438 10  time 53.2657 1129.58
Iteration 47  lb 10460441 ub 24436312  cores 453 448 10  time 54.4133 1264.43
Iteration 48  lb 10460441 ub 24436312  cores 463 458 10  time 55.6219 1315.05
Iteration 49  lb 10460441 ub 24436312  cores 471 466 8  time 60.0425 1396.77
Iteration 50  lb 10460442 ub 24436312  cores 480 475 9  time 60.9287 1506.83
Iteration 51  lb 10460442 ub 24436312  cores 490 484 10  time 62.5381 1622.94
Iteration 52  lb 10460443 ub 24436312  cores 498 492 8  time 63.5204 1941.16
Iteration 53  lb 10460444 ub 24436312  cores 508 502 10  time 64.4987 1995.28
Iteration 54  lb 10460445 ub 24436312  cores 516 510 8  time 65.3432 2107.3
Iteration 55  lb 10460445 ub 24436312  cores 524 518 8  time 65.8222 2541.75
Iteration 56  lb 10460447 ub 24436312  cores 532 526 8  time 66.7552 2793.96
Iteration 57  lb 10460447 ub 24436312  cores 542 536 10  time 67.77 3075.63
