lb 1408750 ub 24838093 before adjustment
lb 0 ub 23429343 after adjustment
costs ready
14 variables 105 functions 1408750 lb, 23429343 ub
Iteration 0  HV  cores 5 5 5  time 84.7319 0 0.363315
Iteration 1  HV  cores 10 10 5  time 117.557 0 0.798297
Iteration 2  HV  cores 15 15 5  time 223.639 0 1.25745
Iteration 3  HV  cores 20 20 5  time 272.406 0 1.7106
Iteration 4  HV  cores 25 25 5  time 303.519 0 2.15506
Iteration 5  HV  cores 30 30 5  time 378.814 0 2.62194
Iteration 6  HV  cores 35 35 5  time 455.275 0 3.08377
Iteration 7  HV  cores 41 41 6  time 548.969 0 3.554
Iteration 8  HV  cores 46 46 5  time 585.263 0 4.03802
Iteration 9  HV  cores 51 51 5  time 616.417 0 4.53496
Iteration 10  HV  cores 55 54 4  time 628.284 0 5.05541
Iteration 11  HV  cores 60 59 5  time 709.694 0 5.58608
Iteration 12  HV  cores 64 63 4  time 734.047 0 6.11462
Iteration 13  HV  cores 68 67 4  time 751.495 0 6.65372
Iteration 14  HV  cores 72 71 4  time 811.227 0 7.19193
Iteration 15  HV  cores 75 74 3  time 853.844 0 7.73648
Iteration 16  HV  cores 78 77 3  time 861.25 0 8.28083
Iteration 17  HV  cores 82 81 4  time 880.238 0 8.84091
Iteration 18  HV  cores 85 84 3  time 884.681 0 9.39903
Iteration 19  HV  cores 88 87 3  time 890.037 0 9.95307
Iteration 20  HV  cores 91 90 3  time 895.376 0 10.5126
Iteration 21  HV  cores 94 92 3  time 899.815 0 11.0689
Iteration 22  HV  cores 98 95 4  time 904.86 0 11.6347
Iteration 23  HV  cores 102 98 4  time 908.485 0 12.1985
Iteration 24  HV  cores 106 101 4  time 911.452 0 12.757
Iteration 25  HV  cores 109 104 3  time 915.968 0 13.3259
Iteration 26  HV  cores 113 108 4  time 924.261 0 13.9089
Iteration 27  HV  cores 116 111 3  time 931.232 0 14.4841
Iteration 28  HV  cores 119 114 3  time 934.46 0 15.0564
Iteration 29  HV  cores 122 115 3  time 938.095 0 15.6319
Iteration 30  HV  cores 125 118 3  time 941.623 0 16.2158
Iteration 31  HV  cores 128 121 3  time 944.15 0 16.7873
Iteration 32  HV  cores 132 124 4  time 949.435 0 17.3721
Iteration 33  HV  cores 135 127 3  time 951.72 0 17.9465
Iteration 34  HV  cores 138 130 3  time 972.841 0 18.5299
Iteration 35  HV  cores 141 131 3  time 975.314 0 19.1069
Iteration 36  HV  cores 144 134 3  time 977.695 0 19.6833
Iteration 37  HV  cores 147 136 3  time 980.557 0 20.2573
Iteration 38  HV  cores 152 141 5  time 1013.24 0 20.8337
Iteration 39  HV  cores 155 144 3  time 1024.58 0 21.4213
Iteration 40  HV  cores 158 147 3  time 1039.43 0 22.0179
Iteration 41  HV  cores 161 150 3  time 1043.37 0 22.6051
Iteration 42  HV  cores 164 153 3  time 1054.09 0 23.1966
Iteration 43  HV  cores 167 156 3  time 1058.12 0 23.785
Iteration 44  HV  cores 170 156 3  time 1060.97 0 24.3758
Iteration 45  HV  cores 173 159 3  time 1064.28 0 24.9632
Iteration 46  HV  cores 176 161 3  time 1066.3 0 25.5527
Iteration 47  HV  cores 179 164 3  time 1070.34 0 26.1395
Iteration 48  HV  cores 182 166 3  time 1072.68 0 26.7293
Iteration 49  HV  cores 186 170 4  time 1150.43 0 27.3268
Iteration 50  HV  cores 190 174 4  time 1189.71 0 27.9267
Iteration 51  HV  cores 194 178 4  time 1200.24 0 28.545
Iteration 52  HV  cores 198 182 4  time 1217.44 0 29.1585
Iteration 53  HV  cores 202 186 4  time 1223.74 0 29.7854
Iteration 54  HV  cores 206 190 4  time 1244.77 0 30.4214
Iteration 55  HV  cores 211 195 5  time 1262.87 0 31.049
Iteration 56  HV  cores 215 199 4  time 1267.74 0 31.6887
Iteration 57  HV  cores 219 202 4  time 1271.53 0 32.352
Iteration 58  HV  cores 223 205 4  time 1273.06 0 33.0245
Iteration 59  HV  cores 227 208 4  time 1278.36 0 33.7059
Iteration 60  HV  cores 231 211 4  time 1284.83 0 34.3738
Iteration 61  HV  cores 234 214 3  time 1300.59 0 35.0381
Iteration 62  HV  cores 238 218 4  time 1314.16 0 35.7024
Iteration 63  HV  cores 241 221 3  time 1317.41 0 36.3831
Iteration 64  HV  cores 244 222 3  time 1318.83 0 37.0622
Iteration 65  HV  cores 247 225 3  time 1320.43 0 37.7447
Iteration 66  HV  cores 250 227 3  time 1321.73 0 38.4348
Iteration 67  HV  cores 253 228 3  time 1322.88 0 39.1205
Iteration 68  HV  cores 256 231 3  time 1324.81 0 39.8193
Iteration 69  HV  cores 260 232 4  time 1327.56 0 40.512
Iteration 70  HV  cores 265 235 5  time 1340.37 0 41.1932
Iteration 71  HV  cores 269 239 4  time 1343.02 0 41.8828
Iteration 72  HV  cores 273 240 4  time 1344.83 0 42.579
Iteration 73  HV  cores 278 242 5  time 1349.3 0 43.2746
Iteration 74  HV  cores 283 246 5  time 1350.89 0 43.9805
Iteration 75  HV  cores 287 250 4  time 1386.11 0 44.6883
Iteration 76  HV  cores 291 252 4  time 1395.2 0 45.3951
Iteration 77  HV  cores 295 253 4  time 1401.55 0 46.1218
Iteration 78  HV  cores 299 255 4  time 1405 0 46.8235
Iteration 79  HV  cores 303 258 4  time 1407.94 0 47.5334
Iteration 80  HV  cores 307 262 4  time 1410.51 0 48.2526
Iteration 81  HV  cores 311 263 4  time 1412.3 0 48.9691
Iteration 82  HV  cores 315 265 4  time 1413.78 0 49.681
Iteration 83  HV  cores 319 267 4  time 1415.72 0 50.4181
Iteration 84  HV  cores 323 268 4  time 1437.24 0 51.1575
Iteration 85  HV  cores 327 271 4  time 1439.05 0 51.8884
Iteration 86  HV  cores 331 274 4  time 1441.3 0 52.6268
Iteration 87  HV  cores 335 276 4  time 1443.58 0 53.3587
Iteration 88  HV  cores 339 279 4  time 1446.08 0 54.0903
Iteration 89  HV  cores 343 281 4  time 1448.52 0 54.8385
Iteration 90  HV  cores 347 284 4  time 1452.88 0 55.5763
Iteration 91  HV  cores 351 287 4  time 1455.09 0 56.3229
Iteration 92  HV  cores 355 289 4  time 1457.24 0 57.0557
Iteration 93  HV  cores 359 289 4  time 1458.99 0 57.8099
Iteration 94  HV  cores 363 292 4  time 1463.39 0 58.5573
Iteration 95  HV  cores 367 295 4  time 1465.82 0 59.3061
Iteration 96  HV  cores 371 297 4  time 1469.37 0 60.0557
Iteration 97  HV  cores 375 300 4  time 1471.31 0 60.814
Iteration 98  HV  cores 379 304 4  time 1474.11 0 61.5687
Iteration 99  HV  cores 383 307 4  time 1475.94 0 62.33
Iteration 100  HV  cores 387 309 4  time 1477.28 0 63.0937
Iteration 101  HV  cores 391 311 4  time 1478.63 0 63.8681
Iteration 102  HV  cores 395 312 4  time 1480.12 0 64.6367
Iteration 103  HV  cores 399 316 4  time 1482.02 0 65.4136
Iteration 104  HV  cores 403 317 4  time 1483.25 0 66.1923
Iteration 105  HV  cores 407 318 4  time 1484.16 0 66.9681
Iteration 106  HV  cores 411 319 4  time 1485.33 0 67.7333
Iteration 107  HV  cores 415 321 4  time 1486.49 0 68.4937
Iteration 108  HV  cores 418 321 3  time 1487.75 0 69.2734
Iteration 109  HV  cores 421 321 3  time 1488.74 0 70.0422
Iteration 110  HV  cores 424 321 3  time 1489.72 0 70.8087
Iteration 111  HV  cores 427 322 3  time 1491 0 71.5903
Iteration 112  HV  cores 430 321 3  time 1492.08 0 72.3677
Iteration 113  HV  cores 433 323 3  time 1493.47 0 73.136
Iteration 114  HV  cores 437 324 4  time 1495.83 0 73.9011
Iteration 115  HV  cores 441 327 4  time 1498.27 0 74.6715
Iteration 116  HV  cores 445 330 4  time 1500.41 0 75.4378
Iteration 117  HV  cores 449 331 4  time 1502.01 0 76.2107
Iteration 118  HV  cores 454 332 5  time 1503.84 0 77.0053
Iteration 119  HV  cores 458 333 4  time 1505.48 0 77.7859
Iteration 120  HV  cores 462 335 4  time 1507.21 0 78.5469
Iteration 121  HV  cores 466 336 4  time 1508.71 0 79.3243
Iteration 122  HV  cores 469 339 3  time 1515.71 0 80.1301
Iteration 123  HV  cores 473 340 4  time 1517.24 0 80.9084
Iteration 124  HV  cores 477 340 4  time 1518.65 0 81.7002
Iteration 125  HV  cores 481 343 4  time 1519.93 0 82.4769
Iteration 126  HV  cores 485 343 4  time 1521.22 0 83.2875
Iteration 127  HV  cores 489 344 4  time 1522.57 0 84.0684
Iteration 128  HV  cores 493 342 4  time 1524.04 0 84.86
Iteration 129  HV  cores 497 345 4  time 1525.29 0 85.6468
Iteration 130  HV  cores 501 348 4  time 1526.77 0 86.4401
Iteration 131  HV  cores 505 348 4  time 1528.47 0 87.254
Iteration 132  HV  cores 509 350 4  time 1529.9 0 88.0461
Iteration 133  HV  cores 513 354 4  time 1533.9 0 88.8928
Iteration 134  HV  cores 516 357 3  time 1536.58 0 89.697
Iteration 135  HV  cores 519 360 3  time 1538.75 0 90.5087
Iteration 136  HV  cores 522 362 3  time 1539.92 0 91.3509
Iteration 137  HV  cores 525 365 3  time 1546.71 0 92.1944
Iteration 138  HV  cores 528 367 3  time 1548 0 93.0177
Iteration 139  HV  cores 531 370 3  time 1551.06 0 93.8377
Iteration 140  HV  cores 535 374 4  time 1556.45 0 94.6781
Iteration 141  HV  cores 538 377 3  time 1557.57 0 95.5144
Iteration 142  HV  cores 541 380 3  time 1559.13 0 96.3555
Iteration 143  HV  cores 544 381 3  time 1560.27 0 97.2008
Iteration 144  HV  cores 547 384 3  time 1561.59 0 98.0173
Iteration 145  HV  cores 551 387 4  time 1573.32 0 98.8452
Iteration 146  HV  cores 555 391 4  time 1583.08 0 99.6935
Iteration 147  HV  cores 558 393 3  time 1584.23 0 100.539
Iteration 148  HV  cores 561 396 3  time 1585.4 0 101.403
Iteration 149  HV  cores 564 399 3  time 1586.67 0 102.249
Iteration 150  HV  cores 567 402 3  time 1587.88 0 103.089
Iteration 151  HV  cores 570 405 3  time 1588.94 0 103.955
Iteration 152  HV  cores 574 408 4  time 1592.33 0 104.829
Iteration 153  HV  cores 577 411 3  time 1613.55 0 105.693
Iteration 154  HV  cores 581 415 4  time 1667.83 0 106.567
Iteration 155  HV  cores 584 418 3  time 1687.76 0 107.448
Iteration 156  HV  cores 587 420 3  time 1692.46 0 108.369
Iteration 157  HV  cores 591 424 4  time 1721.71 0 109.266
Iteration 158  HV  cores 596 429 5  time 1746.25 0 110.162
Iteration 159  HV  cores 600 433 4  time 1768.25 0 111.095
Iteration 160  HV  cores 604 437 4  time 1773.03 0 112.058
Iteration 161  HV  cores 608 441 4  time 1781.18 0 113.003
Iteration 162  HV  cores 613 444 5  time 1790.11 0 113.91
Iteration 163  HV  cores 618 448 5  time 1796.91 0 114.833
Iteration 164  HV  cores 623 449 5  time 1800.01 0 115.756
Iteration 165  HV  cores 627 453 4  time 1834.18 0 116.739
Iteration 166  HV  cores 631 457 4  time 1842.02 0 117.706
Iteration 167  HV  cores 634 460 3  time 1846.85 0 118.67
Iteration 168  HV  cores 638 463 4  time 1851.33 0 119.608
Iteration 169  HV  cores 641 466 3  time 1855.66 0 120.59
Iteration 170  HV  cores 644 467 3  time 1856.81 0 121.573
Iteration 171  HV  cores 648 471 4  time 1865.49 0 122.586
Iteration 172  HV  cores 651 474 3  time 1869.14 0 123.584
Iteration 173  HV  cores 654 475 3  time 1870.63 0 124.597
Iteration 174  HV  cores 657 478 3  time 1883.46 0 125.588
Iteration 175  HV  cores 660 480 3  time 1884.97 0 126.563
Iteration 176  HV  cores 663 479 3  time 1886.36 0 127.546
Iteration 177  HV  cores 666 481 3  time 1887.94 0 128.522
Iteration 178  HV  cores 669 484 3  time 1891.72 0 129.539
Iteration 179  HV  cores 672 483 3  time 1893.44 0 130.531
Iteration 180  HV  cores 676 487 4  time 1908.01 0 131.523
Iteration 181  HV  cores 679 490 3  time 1913.87 0 132.535
Iteration 182  HV  cores 682 493 3  time 1916.2 0 133.573
Iteration 183  HV  cores 686 496 4  time 1918.71 0 134.591
Iteration 184  HV  cores 689 499 3  time 1929.97 0 135.607
Iteration 185  HV  cores 692 501 3  time 1931.35 0 136.607
Iteration 186  HV  cores 695 504 3  time 1938.85 0 137.643
Iteration 187  HV  cores 698 507 3  time 1940.33 0 138.633
Iteration 188  HV  cores 701 508 3  time 1941.39 0 139.65
Iteration 189  HV  cores 704 511 3  time 1942.64 0 140.669
Iteration 190  HV  cores 707 513 3  time 1943.7 0 141.682
Iteration 191  HV  cores 710 516 3  time 1951.56 0 142.673
Iteration 192  HV  cores 714 520 4  time 1958.46 0 143.691
Iteration 193  HV  cores 717 523 3  time 1965.59 0 144.733
Iteration 194  HV  cores 720 525 3  time 1966.7 0 145.745
Iteration 195  HV  cores 724 526 4  time 1968.64 0 146.749
Iteration 196  HV  cores 728 528 4  time 1969.74 0 147.786
Iteration 197  HV  cores 731 528 3  time 1971.03 0 148.795
Iteration 198  HV  cores 734 531 3  time 1974.73 0 149.838
Iteration 199  HV  cores 737 534 3  time 1975.96 0 150.867
Iteration 200  HV  cores 740 534 3  time 1976.99 0 151.912
Iteration 201  HV  cores 743 535 3  time 1977.95 0 152.951
Iteration 202  HV  cores 746 536 3  time 1979.14 0 153.984
Iteration 203  HV  cores 749 539 3  time 1981.72 0 155.035
Iteration 204  HV  cores 752 542 3  time 1984.61 0 156.069
Iteration 205  HV  cores 755 545 3  time 1985.81 0 157.16
Iteration 206  HV  cores 758 546 3  time 1986.61 0 158.202
Iteration 207  HV  cores 762 550 4  time 2003.31 0 159.327
Iteration 208  HV  cores 765 553 3  time 2005.34 0 160.432
Iteration 209  HV  cores 768 556 3  time 2007.56 0 161.507
Iteration 210  HV  cores 772 560 4  time 2029.16 0 162.574
Iteration 211  HV  cores 775 563 3  time 2039.99 0 163.714
Iteration 212  HV  cores 778 566 3  time 2044.07 0 164.854
Iteration 213  HV  cores 781 569 3  time 2046.33 0 165.974
Iteration 214  HV  cores 785 573 4  time 2065.86 0 167.1
Iteration 215  HV  cores 788 576 3  time 2088.09 0 168.241
Iteration 216  HV  cores 791 579 3  time 2115.8 0 169.386
Iteration 217  HV  cores 795 583 4  time 2131.5 0 170.543
Iteration 218  HV  cores 799 586 4  time 2134.91 0 171.716
Iteration 219  HV  cores 803 589 4  time 2139.45 0 172.891
Iteration 220  HV  cores 807 593 4  time 2140.73 0 174.054
Iteration 221  HV  cores 811 594 4  time 2142.24 0 175.244
Iteration 222  HV  cores 814 597 3  time 2152.76 0 176.429
Iteration 223  HV  cores 817 600 3  time 2158.97 0 177.668
Iteration 224  HV  cores 821 603 4  time 2162.83 0 178.876
Iteration 225  HV  cores 824 605 3  time 2167.24 0 180.034
Iteration 226  HV  cores 827 608 3  time 2171.35 0 181.226
Iteration 227  HV  cores 830 611 3  time 2174.63 0 182.398
Iteration 228  HV  cores 833 614 3  time 2178.62 0 183.585
Iteration 229  HV  cores 836 616 3  time 2182.36 0 184.751
Iteration 230  HV  cores 839 619 3  time 2186.31 0 185.94
Iteration 231  HV  cores 842 619 3  time 2187.67 0 187.096
Iteration 232  HV  cores 845 621 3  time 2189.56 0 188.307
Iteration 233  HV  cores 848 624 3  time 2194.05 0 189.525
Iteration 234  HV  cores 851 625 3  time 2195.6 0 190.747
Iteration 235  HV  cores 854 628 3  time 2219.6 0 191.991
Iteration 236  HV  cores 857 631 3  time 2223.65 0 193.227
Iteration 237  HV  cores 860 634 3  time 2226.18 0 194.522
Iteration 238  HV  cores 863 637 3  time 2227.43 0 195.776
Iteration 239  HV  cores 866 640 3  time 2232.86 0 197.043
Iteration 240  HV  cores 870 644 4  time 2246.59 0 198.329
Iteration 241  HV  cores 873 647 3  time 2248.71 0 199.551
Iteration 242  HV  cores 876 650 3  time 2254.66 0 200.826
Iteration 243  HV  cores 879 653 3  time 2256.17 0 202.106
Iteration 244  HV  cores 882 656 3  time 2262.23 0 203.416
Iteration 245  HV  cores 884 658 2  time 2269.4 0 204.657
Iteration 246  HV  cores 887 661 3  time 2272.98 0 205.907
Iteration 247  HV  cores 890 662 3  time 2276.63 0 207.238
Iteration 248  HV  cores 893 663 3  time 2278.32 0 208.476
Iteration 249  HV  cores 896 666 3  time 2280.77 0 209.743
Iteration 250  HV  cores 899 668 3  time 2283.19 0 211.048
Iteration 251  HV  cores 902 670 3  time 2285.41 0 212.346
Iteration 252  HV  cores 905 669 3  time 2286.83 0 213.589
Iteration 253  HV  cores 908 672 3  time 2290.05 0 214.9
Iteration 254  HV  cores 911 675 3  time 2306.35 0 216.253
Iteration 255  HV  cores 914 676 3  time 2307.51 0 217.573
Iteration 256  HV  cores 917 677 3  time 2309.52 0 218.906
Iteration 257  HV  cores 920 679 3  time 2311.4 0 220.21
Iteration 258  HV  cores 923 679 3  time 2312.61 0 221.531
Iteration 259  HV  cores 926 682 3  time 2318.13 0 222.919
Iteration 260  HV  cores 929 685 3  time 2326.37 0 224.261
Iteration 261  HV  cores 932 688 3  time 2331.03 0 225.664
Iteration 262  HV  cores 935 688 3  time 2332.43 0 227.048
Iteration 263  HV  cores 938 691 3  time 2334.9 0 228.448
Iteration 264  HV  cores 941 693 3  time 2336.35 0 229.846
Iteration 265  HV  cores 944 696 3  time 2339.89 0 231.252
Iteration 266  HV  cores 947 699 3  time 2346.29 0 232.654
Iteration 267  HV  cores 950 701 3  time 2350.27 0 234.096
Iteration 268  HV  cores 953 703 3  time 2351.3 0 235.453
Iteration 269  HV  cores 957 706 4  time 2354.66 0 236.852
Iteration 270  HV  cores 960 709 3  time 2359.07 0 238.244
Iteration 271  HV  cores 963 712 3  time 2362.41 0 239.687
Iteration 272  HV  cores 966 712 3  time 2363.55 0 241.101
Iteration 273  HV  cores 969 713 3  time 2364.66 0 242.536
Iteration 274  HV  cores 972 716 3  time 2371.53 0 243.959
Iteration 275  HV  cores 976 718 4  time 2377.01 0 245.416
Iteration 276  HV  cores 980 722 4  time 2386.57 0 246.865
Iteration 277  HV  cores 984 726 4  time 2408.75 0 248.341
Iteration 278  HV  cores 987 728 3  time 2417.86 0 249.793
Iteration 279  HV  cores 989 730 2  time 2421.83 0 251.189
Iteration 280  HV  cores 993 734 4  time 2430.2 0 252.645
Iteration 281  HV  cores 996 737 3  time 2436.52 0 254.109
Iteration 282  HV  cores 999 740 3  time 2439.5 0 255.606
Iteration 283  HV  cores 1002 742 3  time 2441.4 0 257.075
Iteration 284  HV  cores 1005 745 3  time 2442.89 0 258.489
Iteration 285  HV  cores 1008 748 3  time 2445.16 0 260.021
Iteration 286  HV  cores 1011 749 3  time 2446.92 0 261.579
Iteration 287  HV  cores 1014 751 3  time 2449.58 0 263.059
Iteration 288  HV  cores 1017 754 3  time 2484.57 0 264.611
Iteration 289  HV  cores 1020 757 3  time 2487.82 0 266.156
Iteration 290  HV  cores 1023 759 3  time 2489.72 0 267.709
Iteration 291  HV  cores 1026 760 3  time 2491.53 0 269.326
Iteration 292  HV  cores 1029 761 3  time 2493.27 0 270.848
Iteration 293  HV  cores 1032 763 3  time 2494.8 0 272.372
Iteration 294  HV  cores 1035 764 3  time 2495.99 0 273.915
Iteration 295  HV  cores 1038 766 3  time 2497.09 0 275.5
Iteration 296  HV  cores 1041 768 3  time 2498.7 0 277.046
Iteration 297  HV  cores 1044 765 3  time 2499.81 0 278.571
Iteration 298  HV  cores 1047 767 3  time 2500.48 0 280.12
Iteration 299  HV  cores 1050 770 3  time 2502.31 0 281.637
Iteration 300  HV  cores 1053 771 3  time 2503.6 0 283.127
Iteration 301  HV  cores 1055 772 2  time 2505.22 0 284.707
Iteration 302  HV  cores 1057 773 2  time 2506.29 0 286.319
Iteration 303  HV  cores 1059 775 2  time 2507.63 0 287.854
Iteration 304  HV  cores 1063 779 4  time 2600.65 0 289.406
Iteration 305  HV  cores 1067 783 4  time 2617.69 0 291.1
Iteration 306  HV  cores 1071 786 4  time 2628.87 0 292.687
Iteration 307  HV  cores 1075 789 4  time 2634.14 0 294.31
Iteration 308  HV  cores 1078 791 3  time 2639.73 0 295.987
Iteration 309  HV  cores 1081 794 3  time 2643.29 0 297.643
Iteration 310  HV  cores 1084 797 3  time 2645.32 0 299.259
Iteration 311  HV  cores 1087 798 3  time 2647.65 0 300.818
Iteration 312  HV  cores 1090 801 3  time 2669.44 0 302.421
Iteration 313  HV  cores 1093 804 3  time 2674.22 0 304.103
Iteration 314  HV  cores 1096 805 3  time 2675.73 0 305.74
Iteration 315  HV  cores 1099 808 3  time 2686.72 0 307.395
Iteration 316  HV  cores 1102 811 3  time 2695.66 0 309.159
Iteration 317  HV  cores 1105 814 3  time 2705.78 0 310.854
Iteration 318  HV  cores 1108 817 3  time 2710.88 0 312.546
Iteration 319  HV  cores 1111 820 3  time 2713.02 0 314.243
Iteration 320  HV  cores 1114 823 3  time 2715.31 0 316.005
Iteration 321  HV  cores 1117 825 3  time 2716.82 0 317.699
Iteration 322  HV  cores 1120 828 3  time 2723.31 0 319.308
Iteration 323  HV  cores 1123 831 3  time 2727.04 0 321.059
Iteration 324  HV  cores 1126 834 3  time 2741.27 0 322.795
Iteration 325  HV  cores 1129 837 3  time 2743.66 0 324.569
Iteration 326  HV  cores 1132 840 3  time 2746.7 0 326.307
Iteration 327  HV  cores 1135 842 3  time 2748.98 0 327.987
Iteration 328  HV  cores 1138 842 3  time 2750.63 0 329.729
Iteration 329  HV  cores 1142 846 4  time 2756.66 0 331.484
Iteration 330  HV  cores 1145 848 3  time 2759.1 0 333.246
Iteration 331  HV  cores 1148 850 3  time 2761.12 0 334.949
Iteration 332  HV  cores 1152 854 4  time 2771.47 0 336.611
Iteration 333  HV  cores 1155 855 3  time 2773.54 0 338.399
Iteration 334  HV  cores 1158 858 3  time 2775.77 0 340.108
Iteration 335  HV  cores 1161 860 3  time 2778.14 0 341.772
Iteration 336  HV  cores 1164 863 3  time 2779.88 0 343.498
Iteration 337  HV  cores 1167 866 3  time 2782.47 0 345.259
Iteration 338  HV  cores 1170 869 3  time 2784.99 0 347.011
Iteration 339  HV  cores 1173 870 3  time 2786.72 0 348.866
Iteration 340  HV  cores 1176 872 3  time 2789.38 0 350.7
Iteration 341  HV  cores 1179 874 3  time 2791.97 0 352.492
Iteration 342  HV  cores 1182 876 3  time 2793.86 0 354.258
Iteration 343  HV  cores 1186 880 4  time 2806.68 0 356
Iteration 344  HV  cores 1189 883 3  time 2809.29 0 357.755
Iteration 345  HV  cores 1193 887 4  time 2817.6 0 359.627
Iteration 346  HV  cores 1196 890 3  time 2828.18 0 361.437
Iteration 347  HV  cores 1200 894 4  time 2832.09 0 363.203
Iteration 348  HV  cores 1204 897 4  time 2834.25 0 365.035
Iteration 349  HV  cores 1207 898 3  time 2836.43 0 366.916
Iteration 350  HV  cores 1210 901 3  time 2838.47 0 368.837
Iteration 351  HV  cores 1213 903 3  time 2840.19 0 370.668
Iteration 352  HV  cores 1216 906 3  time 2841.46 0 372.548
Iteration 353  HV  cores 1219 906 3  time 2843.07 0 374.566
Iteration 354  HV  cores 1222 909 3  time 2847.64 0 376.411
Iteration 355  HV  cores 1226 913 4  time 2855.08 0 378.309
Iteration 356  HV  cores 1229 915 3  time 2856.48 0 380.221
Iteration 357  HV  cores 1233 919 4  time 2860.6 0 382.091
Iteration 358  HV  cores 1236 918 3  time 2863.95 0 383.904
Iteration 359  HV  cores 1240 921 4  time 2872.93 0 385.707
Iteration 360  HV  cores 1243 924 3  time 2876.38 0 387.619
Iteration 361  HV  cores 1247 925 4  time 2878.89 0 389.546
Iteration 362  HV  cores 1250 928 3  time 2885.3 0 391.484
Iteration 363  HV  cores 1253 929 3  time 2888.05 0 393.345
Iteration 364  HV  cores 1256 932 3  time 2889.51 0 395.199
Iteration 365  HV  cores 1259 935 3  time 2890.65 0 397.081
Iteration 366  HV  cores 1263 939 4  time 2892.86 0 399.064
Iteration 367  HV  cores 1266 942 3  time 2898.36 0 400.916
Iteration 368  HV  cores 1270 944 4  time 2900.24 0 402.8
Iteration 369  HV  cores 1273 946 3  time 2901.42 0 404.705
Iteration 370  HV  cores 1276 945 3  time 2902.72 0 406.607
Iteration 371  HV  cores 1280 949 4  time 2904.81 0 408.526
Iteration 372  HV  cores 1283 952 3  time 2906.26 0 410.395
Iteration 373  HV  cores 1287 953 4  time 2908.74 0 412.314
Iteration 374  HV  cores 1290 955 3  time 2927.86 0 414.203
Iteration 375  HV  cores 1293 956 3  time 2930.07 0 416.091
Iteration 376  HV  cores 1296 959 3  time 2933 0 417.945
Iteration 377  HV  cores 1299 962 3  time 2934.97 0 419.831
Iteration 378  HV  cores 1302 964 3  time 2939.71 0 421.846
Iteration 379  HV  cores 1305 967 3  time 2944.27 0 423.813
Iteration 380  HV  cores 1308 970 3  time 2948.11 0 425.772
Iteration 381  HV  cores 1311 973 3  time 2952.07 0 427.751
Iteration 382  HV  cores 1314 975 3  time 2953.81 0 429.747
Iteration 383  HV  cores 1317 975 3  time 2956.5 0 431.657
Iteration 384  HV  cores 1320 978 3  time 2958.39 0 433.505
Iteration 385  HV  cores 1323 978 3  time 2959.63 0 435.407
Iteration 386  HV  cores 1326 980 3  time 2961.04 0 437.417
Iteration 387  HV  cores 1330 984 4  time 2973.04 0 439.444
Iteration 388  HV  cores 1333 987 3  time 2975.49 0 441.391
Iteration 389  HV  cores 1336 990 3  time 2976.62 0 443.245
Iteration 390  HV  cores 1339 993 3  time 2978.85 0 445.247
Iteration 391  HV  cores 1342 994 3  time 2980.73 0 447.239
Iteration 392  HV  cores 1345 997 3  time 2982.44 0 449.134
Iteration 393  HV  cores 1348 997 3  time 2984.25 0 451.088
Iteration 394  HV  cores 1351 1000 3  time 2988.38 0 452.955
Iteration 395  HV  cores 1354 1003 3  time 2990.58 0 454.977
Iteration 396  HV  cores 1357 1003 3  time 2992.52 0 456.923
Iteration 397  HV  cores 1360 1004 3  time 2994.74 0 458.954
Iteration 398  HV  cores 1363 1007 3  time 3000.5 0 460.907
Iteration 399  HV  cores 1366 1009 3  time 3001.6 0 462.894
Iteration 400  HV  cores 1369 1012 3  time 3002.61 0 464.813
Iteration 401  HV  cores 1372 1015 3  time 3004.36 0 466.793
Iteration 402  HV  cores 1375 1018 3  time 3007.18 0 468.754
Iteration 403  HV  cores 1378 1021 3  time 3012.16 0 470.751
Iteration 404  HV  cores 1381 1024 3  time 3012.99 0 472.678
Iteration 405  HV  cores 1384 1027 3  time 3014.04 0 474.767
Iteration 406  HV  cores 1387 1029 3  time 3015.42 0 476.735
Iteration 407  HV  cores 1390 1032 3  time 3017.55 0 478.648
Iteration 408  HV  cores 1393 1033 3  time 3019.03 0 480.562
Iteration 409  HV  cores 1396 1034 3  time 3020.42 0 482.563
Iteration 410  HV  cores 1399 1037 3  time 3027.69 0 484.563
Iteration 411  HV  cores 1402 1039 3  time 3035.32 0 486.63
Iteration 412  HV  cores 1405 1042 3  time 3037.49 0 488.621
Iteration 413  HV  cores 1408 1044 3  time 3038.73 0 490.607
Iteration 414  HV  cores 1411 1046 3  time 3040.98 0 492.657
Iteration 415  HV  cores 1414 1049 3  time 3044.64 0 494.684
Iteration 416  HV  cores 1417 1052 3  time 3047.74 0 496.811
Iteration 417  HV  cores 1420 1055 3  time 3049.36 0 498.948
Iteration 418  HV  cores 1423 1058 3  time 3051.76 0 500.969
Iteration 419  HV  cores 1426 1060 3  time 3056.2 0 502.991
