lb 1881175 ub 8587076 before adjustment
lb 0 ub 6705901 after adjustment
costs ready
36 variables 570 functions 1881175 lb, 6705901 ub
Iteration 0  lb 1881180 ub 8587076  cores 5 5 5  time 0.209281 0.049285
Iteration 1  lb 1881180 ub 8587076  cores 10 10 5  time 0.40254 0.111702
Iteration 2  lb 1881180 ub 8587076  cores 13 13 3  time 0.446538 0.175294
Iteration 3  lb 1881188 ub 8587076  cores 18 18 5  time 0.977456 0.24123
Iteration 4  lb 1881188 ub 8587076  cores 22 22 4  time 1.18413 0.315204
Iteration 5  lb 1881189 ub 8587076  cores 27 27 5  time 1.34835 0.392651
Iteration 6  lb 1881190 ub 8587076  cores 31 31 4  time 1.80907 0.482473
Iteration 7  lb 1881190 ub 8587076  cores 35 35 4  time 1.93064 0.582808
Iteration 8  lb 1881190 ub 8587076  cores 38 37 3  time 1.9929 0.690673
Iteration 9  lb 1881190 ub 8587076  cores 42 41 4  time 2.13392 0.790672
Iteration 10  lb 1881192 ub 8587076  cores 46 45 4  time 2.42977 0.911859
Iteration 11  lb 1881192 ub 8587076  cores 51 50 5  time 2.58194 1.03926
Iteration 12  lb 1881192 ub 8587076  cores 55 54 4  time 2.71434 1.16906
Iteration 13  lb 1881193 ub 8587076  cores 59 57 4  time 2.87685 1.29849
Iteration 14  lb 1881193 ub 8587076  cores 63 61 4  time 3.00119 1.43414
Iteration 15  lb 1881193 ub 8587076  cores 68 66 5  time 3.18678 1.57514
Iteration 16  lb 1881193 ub 8587076  cores 72 70 4  time 3.28861 1.75275
Iteration 17  lb 1881193 ub 8587076  cores 76 73 4  time 3.36906 1.90862
Iteration 18  lb 1881194 ub 8587076  cores 80 77 4  time 3.47674 2.06298
Iteration 19  lb 1881194 ub 8587076  cores 85 82 5  time 3.78006 2.23487
Iteration 20  lb 1881195 ub 8587076  cores 90 87 5  time 4.08566 2.42189
Iteration 21  lb 1881195 ub 8587076  cores 94 91 4  time 4.43582 2.68242
Iteration 22  lb 1881196 ub 8587076  cores 98 95 4  time 4.65641 2.96157
Iteration 23  lb 1881196 ub 8587076  cores 103 100 5  time 5.41089 3.17585
Iteration 24  lb 1881196 ub 8587076  cores 109 106 6  time 5.72419 3.57729
Iteration 25  lb 1881196 ub 8587076  cores 113 110 4  time 6.08587 3.79735
Iteration 26  lb 1881198 ub 8587076  cores 118 115 5  time 6.45486 4.13097
Iteration 27  lb 1881198 ub 8587076  cores 122 118 4  time 6.69513 4.37838
Iteration 28  lb 1881198 ub 8587076  cores 126 122 4  time 6.82058 4.99047
Iteration 29  lb 1881198 ub 8587076  cores 131 127 5  time 7.11097 5.72884
Iteration 30  lb 1881198 ub 8587076  cores 135 130 4  time 7.37227 6.46864
Iteration 31  lb 1881199 ub 8587076  cores 139 134 4  time 7.47778 7.21461
Iteration 32  lb 1881199 ub 8587076  cores 143 138 4  time 7.6149 8.34586
Iteration 33  lb 1881199 ub 8587076  cores 147 142 4  time 7.84823 9.41641
Iteration 34  lb 1881199 ub 8587076  cores 151 146 4  time 8.00679 10.2118
Iteration 35  lb 1881199 ub 8587076  cores 155 150 4  time 8.18614 11.0609
Iteration 36  lb 1881199 ub 8587076  cores 160 155 5  time 8.48922 12.3022
Iteration 37  lb 1881200 ub 8587076  cores 164 159 4  time 8.8287 13.8161
Iteration 38  lb 1881200 ub 8587076  cores 168 163 4  time 8.98245 14.997
Iteration 39  lb 1881200 ub 8587076  cores 173 168 5  time 9.41256 15.8954
Iteration 40  lb 1881200 ub 8587076  cores 176 171 3  time 9.55414 16.8278
Iteration 41  lb 1881200 ub 8587076  cores 179 174 3  time 9.70088 17.6948
Iteration 42  lb 1881200 ub 8587076  cores 182 177 3  time 9.79989 18.8462
Iteration 43  lb 1881201 ub 8587076  cores 186 181 4  time 9.93401 20.7126
Iteration 44  lb 1881201 ub 8587076  cores 190 185 4  time 10.1365 22.746
Iteration 45  lb 1881201 ub 8587076  cores 194 189 4  time 10.6763 23.8343
Iteration 46  lb 1881201 ub 8587076  cores 197 192 3  time 10.8275 24.7836
Iteration 47  lb 1881201 ub 8587076  cores 200 195 3  time 10.9473 25.7576
Iteration 48  lb 1881201 ub 8587076  cores 203 198 3  time 11.0847 26.7253
Iteration 49  lb 1881201 ub 8587076  cores 206 201 3  time 11.2514 28.2892
Iteration 50  lb 1881201 ub 8587076  cores 210 205 4  time 11.5289 29.4678
Iteration 51  lb 1881201 ub 8587076  cores 213 208 3  time 11.5766 30.4901
Iteration 52  lb 1881201 ub 8587076  cores 217 212 4  time 11.9802 33.0065
Iteration 53  lb 1881201 ub 8587076  cores 221 215 4  time 12.0836 34.8876
Iteration 54  lb 1881201 ub 8587076  cores 224 218 3  time 12.2461 36.0631
Iteration 55  lb 1881202 ub 8587076  cores 227 221 3  time 12.3559 38.4201
Iteration 56  lb 1881202 ub 8587076  cores 230 224 3  time 12.4889 40.6992
Iteration 57  lb 1881202 ub 8587076  cores 233 227 3  time 12.644 43.2164
Iteration 58  lb 1881202 ub 8587076  cores 236 230 3  time 12.8803 45.6274
Iteration 59  lb 1881202 ub 8587076  cores 240 234 4  time 13.2252 47.9892
Iteration 60  lb 1881202 ub 8587076  cores 243 237 3  time 13.4826 50.2352
Iteration 61  lb 1881202 ub 8587076  cores 246 240 3  time 13.5537 52.4386
Iteration 62  lb 1881202 ub 8587076  cores 250 244 4  time 13.7484 54.8198
Iteration 63  lb 1881202 ub 8587076  cores 253 247 3  time 14.1311 57.336
Iteration 64  lb 1881202 ub 8587076  cores 256 250 3  time 14.3104 59.9398
Iteration 65  lb 1881202 ub 8587076  cores 259 253 3  time 14.5164 61.534
Iteration 66  lb 1881202 ub 8587076  cores 263 257 4  time 14.8282 63.2399
Iteration 67  lb 1881202 ub 8587076  cores 266 260 3  time 15.03 65.9306
Iteration 68  lb 1881202 ub 8587076  cores 269 263 3  time 15.1136 67.5406
Iteration 69  lb 1881202 ub 8587076  cores 272 266 3  time 15.2695 70.0274
Iteration 70  lb 1881202 ub 8587076  cores 275 269 3  time 15.376 71.5418
Iteration 71  lb 1881202 ub 8587076  cores 280 274 5  time 15.7384 74.9274
Iteration 72  lb 1881203 ub 8587076  cores 283 277 3  time 15.9025 78.4122
Iteration 73  lb 1881203 ub 8587076  cores 286 280 3  time 16.0933 81.3008
Iteration 74  lb 1881203 ub 8587076  cores 289 283 3  time 16.1835 84.7687
Iteration 75  lb 1881203 ub 8587076  cores 293 287 4  time 16.4469 88.0634
Iteration 76  lb 1881203 ub 8587076  cores 297 291 4  time 16.6833 90.985
Iteration 77  lb 1881203 ub 8587076  cores 301 295 4  time 16.9705 94.9442
Iteration 78  lb 1881203 ub 8587076  cores 304 298 3  time 17.1683 99.0771
Iteration 79  lb 1881203 ub 8587076  cores 308 301 4  time 17.2472 103.248
Iteration 80  lb 1881203 ub 8587076  cores 311 304 3  time 17.3983 107.253
Iteration 81  lb 1881203 ub 8587076  cores 315 308 4  time 17.5618 111.441
Iteration 82  lb 1881203 ub 8587076  cores 319 312 4  time 17.6936 115.951
Iteration 83  lb 1881203 ub 8587076  cores 322 315 3  time 17.7502 120.324
Iteration 84  lb 1881203 ub 8587076  cores 325 318 3  time 17.84 125.089
Iteration 85  lb 1881203 ub 8587076  cores 329 322 4  time 18.144 129.985
Iteration 86  lb 1881203 ub 8587076  cores 332 325 3  time 18.2485 134.341
Iteration 87  lb 1881204 ub 8587076  cores 335 328 3  time 18.3674 139.844
Iteration 88  lb 1881204 ub 8587076  cores 338 331 3  time 18.4803 145.213
Iteration 89  lb 1881204 ub 8587076  cores 343 336 5  time 18.6756 150.224
Iteration 90  lb 1881204 ub 8587076  cores 346 339 3  time 18.7902 155.354
Iteration 91  lb 1881204 ub 8587076  cores 349 342 3  time 18.9969 160.176
Iteration 92  lb 1881204 ub 8587076  cores 353 346 4  time 19.245 164.626
Iteration 93  lb 1881204 ub 8587076  cores 357 350 4  time 19.396 169.047
Iteration 94  lb 1881204 ub 8587076  cores 360 353 3  time 19.4516 174.108
Iteration 95  lb 1881204 ub 8587076  cores 364 357 4  time 19.69 184.133
Iteration 96  lb 1881204 ub 8587076  cores 368 360 4  time 19.7669 195.298
Iteration 97  lb 1881204 ub 8587076  cores 372 364 4  time 19.9709 205.256
Iteration 98  lb 1881204 ub 8587076  cores 376 367 4  time 20.1051 218.01
Iteration 99  lb 1881204 ub 8587076  cores 379 370 3  time 20.2979 222.435
Iteration 100  lb 1881205 ub 8587076  cores 382 373 3  time 20.4061 235.076
Iteration 101  lb 1881205 ub 8587076  cores 386 377 4  time 20.5855 247.973
Iteration 102  lb 1881205 ub 8587076  cores 389 380 3  time 20.6688 260.45
Iteration 103  lb 1881205 ub 8587076  cores 393 384 4  time 20.825 272.916
Iteration 104  lb 1881205 ub 8587076  cores 397 388 4  time 20.934 285.216
Iteration 105  lb 1881205 ub 8587076  cores 401 392 4  time 21.1015 297.068
Iteration 106  lb 1881205 ub 8587076  cores 405 396 4  time 21.2152 308.974
Iteration 107  lb 1881205 ub 8587076  cores 408 399 3  time 21.4317 320.856
Iteration 108  lb 1881205 ub 8587076  cores 411 402 3  time 21.5974 327.548
Iteration 109  lb 1881205 ub 8587076  cores 414 405 3  time 21.7533 340.038
Iteration 110  lb 1881205 ub 8587076  cores 417 408 3  time 21.9169 352.32
Iteration 111  lb 1881205 ub 8587076  cores 421 412 4  time 22.1176 359.81
Iteration 112  lb 1881205 ub 8587076  cores 425 416 4  time 22.4003 365.954
Iteration 113  lb 1881205 ub 8587076  cores 428 419 3  time 22.522 372.162
Iteration 114  lb 1881205 ub 8587076  cores 432 423 4  time 22.7267 378.398
Iteration 115  lb 1881205 ub 8587076  cores 436 427 4  time 22.847 384.749
Iteration 116  lb 1881205 ub 8587076  cores 439 430 3  time 22.986 390.985
Iteration 117  lb 1881205 ub 8587076  cores 443 434 4  time 23.1019 396.827
Iteration 118  lb 1881205 ub 8587076  cores 446 437 3  time 23.3042 402.809
Iteration 119  lb 1881205 ub 8587076  cores 450 441 4  time 23.431 408.715
Iteration 120  lb 1881205 ub 8587076  cores 454 445 4  time 23.5537 420.476
Iteration 121  lb 1881205 ub 8587076  cores 457 448 3  time 23.6644 426.785
Iteration 122  lb 1881205 ub 8587076  cores 461 452 4  time 23.8671 442.432
Iteration 123  lb 1881205 ub 8587076  cores 465 456 4  time 24.1083 454.4
Iteration 124  lb 1881205 ub 8587076  cores 469 460 4  time 24.2198 469.888
Iteration 125  lb 1881206 ub 8587076  cores 472 463 3  time 24.3212 486.04
Iteration 126  lb 1881206 ub 8587076  cores 476 467 4  time 24.4762 501.731
Iteration 127  lb 1881206 ub 8587076  cores 480 471 4  time 24.5874 517.855
Iteration 128  lb 1881206 ub 8587076  cores 484 475 4  time 24.8039 533.29
Iteration 129  lb 1881206 ub 8587076  cores 488 479 4  time 25.0301 550.235
Iteration 130  lb 1881206 ub 8587076  cores 492 483 4  time 25.2109 565.64
Iteration 131  lb 1881206 ub 8587076  cores 496 487 4  time 25.3145 580.952
Iteration 132  lb 1881206 ub 8587076  cores 500 491 4  time 25.5063 596.659
Iteration 133  lb 1881206 ub 8587076  cores 505 496 5  time 25.8568 611.691
Iteration 134  lb 1881206 ub 8587076  cores 508 499 3  time 26.0636 626.427
Iteration 135  lb 1881206 ub 8587076  cores 511 502 3  time 26.2449 641.536
Iteration 136  lb 1881206 ub 8587076  cores 515 506 4  time 26.3644 656.553
Iteration 137  lb 1881206 ub 8587076  cores 519 510 4  time 26.5621 671.877
Iteration 138  lb 1881206 ub 8587076  cores 523 514 4  time 26.7208 687.894
Iteration 139  lb 1881206 ub 8587076  cores 527 518 4  time 26.9089 703.067
Iteration 140  lb 1881206 ub 8587076  cores 531 522 4  time 27.1178 711.847
Iteration 141  lb 1881206 ub 8587076  cores 535 526 4  time 27.291 725.241
Iteration 142  lb 1881206 ub 8587076  cores 539 530 4  time 27.4857 739.168
Iteration 143  lb 1881206 ub 8587076  cores 543 534 4  time 27.6417 753.804
Iteration 144  lb 1881206 ub 8587076  cores 547 538 4  time 27.8893 766.81
Iteration 145  lb 1881206 ub 8587076  cores 551 542 4  time 28.2401 780.739
Iteration 146  lb 1881206 ub 8587076  cores 554 545 3  time 28.4159 796.092
Iteration 147  lb 1881206 ub 8587076  cores 558 549 4  time 28.6278 814.194
Iteration 148  lb 1881206 ub 8587076  cores 561 552 3  time 28.8427 837.078
Iteration 149  lb 1881206 ub 8587076  cores 564 555 3  time 28.9706 844.038
Iteration 150  lb 1881207 ub 8587076  cores 568 559 4  time 29.1263 870.237
Iteration 151  lb 1881207 ub 8587076  cores 571 562 3  time 29.2861 899.959
Iteration 152  lb 1881207 ub 8587076  cores 574 565 3  time 29.3934 927.97
Iteration 153  lb 1881207 ub 8587076  cores 577 568 3  time 29.5362 954.429
Iteration 154  lb 1881207 ub 8587076  cores 580 571 3  time 29.6853 981.737
Iteration 155  lb 1881207 ub 8587076  cores 583 574 3  time 29.7934 1008.6
Iteration 156  lb 1881207 ub 8587076  cores 586 577 3  time 29.9174 1036.76
Iteration 157  lb 1881207 ub 8587076  cores 589 580 3  time 30.0075 1064.79
Iteration 158  lb 1881207 ub 8587076  cores 592 583 3  time 30.15 1093.99
Iteration 159  lb 1881207 ub 8587076  cores 596 587 4  time 30.4295 1120.81
Iteration 160  lb 1881207 ub 8587076  cores 600 591 4  time 30.5875 1149.9
Iteration 161  lb 1881207 ub 8587076  cores 603 594 3  time 30.6802 1177.1
Iteration 162  lb 1881207 ub 8587076  cores 606 597 3  time 30.7686 1203.16
Iteration 163  lb 1881207 ub 8587076  cores 609 600 3  time 30.851 1230.24
Iteration 164  lb 1881207 ub 8587076  cores 612 603 3  time 30.9273 1255.91
Iteration 165  lb 1881207 ub 8587076  cores 616 607 4  time 31.1776 1279.53
Iteration 166  lb 1881207 ub 8587076  cores 620 611 4  time 31.4989 1298.11
Iteration 167  lb 1881207 ub 8587076  cores 624 615 4  time 31.7879 1315.45
Iteration 168  lb 1881207 ub 8587076  cores 628 619 4  time 32.1113 1324.7
Iteration 169  lb 1881207 ub 8587076  cores 631 622 3  time 32.2952 1331.24
Iteration 170  lb 1881207 ub 8587076  cores 636 627 5  time 32.6526 1337.35
Iteration 171  lb 1881207 ub 8587076  cores 640 631 4  time 32.9611 1352
Iteration 172  lb 1881207 ub 8587076  cores 644 635 4  time 33.2474 1359.73
Iteration 173  lb 1881208 ub 8587076  cores 648 639 4  time 33.467 1365.88
Iteration 174  lb 1881208 ub 8587076  cores 653 644 5  time 33.7565 1371.17
Iteration 175  lb 1881208 ub 8587076  cores 657 648 4  time 34.0536 1377.68
Iteration 176  lb 1881209 ub 8587076  cores 661 652 4  time 34.2212 1385.04
Iteration 177  lb 1881209 ub 8587076  cores 665 656 4  time 34.4135 1391.86
Iteration 178  lb 1881209 ub 8587076  cores 669 660 4  time 34.7021 1398.06
Iteration 179  lb 1881209 ub 8587076  cores 672 663 3  time 34.8827 1404.34
Iteration 180  lb 1881210 ub 8587076  cores 676 667 4  time 35.1712 1422.47
Iteration 181  lb 1881210 ub 8587076  cores 680 671 4  time 35.4475 1430.8
Iteration 182  lb 1881211 ub 8587076  cores 684 675 4  time 35.6183 1451.03
Iteration 183  lb 1881211 ub 8587076  cores 688 679 4  time 35.7761 1472.85
Iteration 184  lb 1881211 ub 8587076  cores 692 683 4  time 35.9904 1491.35
Iteration 185  lb 1881211 ub 8587076  cores 696 687 4  time 36.1511 1510.66
Iteration 186  lb 1881211 ub 8587076  cores 700 691 4  time 36.2993 1527.32
Iteration 187  lb 1881211 ub 8587076  cores 704 695 4  time 36.4798 1534.72
Iteration 188  lb 1881211 ub 8587076  cores 708 699 4  time 36.6213 1559.57
Iteration 189  lb 1881212 ub 8587076  cores 712 703 4  time 36.8309 1588.9
Iteration 190  lb 1881212 ub 8587076  cores 717 708 5  time 37.0506 1613.5
Iteration 191  lb 1881212 ub 8587076  cores 721 712 4  time 37.2157 1636.43
Iteration 192  lb 1881212 ub 8587076  cores 725 716 4  time 37.3174 1657.43
Iteration 193  lb 1881212 ub 8587076  cores 729 720 4  time 37.4767 1678.94
Iteration 194  lb 1881212 ub 8587076  cores 733 724 4  time 37.6861 1701.46
Iteration 195  lb 1881212 ub 8587076  cores 737 728 4  time 37.8965 1720.51
Iteration 196  lb 1881212 ub 8587076  cores 742 732 5  time 38.1144 1731.28
Iteration 197  lb 1881212 ub 8587076  cores 747 737 5  time 38.3049 1741.74
Iteration 198  lb 1881212 ub 8587076  cores 751 741 4  time 38.3972 1750.76
Iteration 199  lb 1881212 ub 8587076  cores 756 745 5  time 38.5944 1777.74
Iteration 200  lb 1881213 ub 8587076  cores 761 750 5  time 38.7468 1806.94
Iteration 201  lb 1881213 ub 8587076  cores 765 754 4  time 38.9839 1841.22
Iteration 202  lb 1881213 ub 8587076  cores 769 758 4  time 39.1435 1871.24
Iteration 203  lb 1881213 ub 8587076  cores 773 762 4  time 39.3142 1897.35
Iteration 204  lb 1881213 ub 8587076  cores 778 767 5  time 39.4473 1921.35
Iteration 205  lb 1881213 ub 8587076  cores 782 771 4  time 39.6367 1946.44
Iteration 206  lb 1881213 ub 8587076  cores 787 776 5  time 39.8477 1973.61
Iteration 207  lb 1881213 ub 8587076  cores 791 780 4  time 39.9754 2019.45
Iteration 208  lb 1881213 ub 8587076  cores 795 784 4  time 40.1229 2046.29
Iteration 209  lb 1881213 ub 8587076  cores 799 788 4  time 40.3273 2076.48
Iteration 210  lb 1881213 ub 8587076  cores 803 792 4  time 40.5089 2118.12
Iteration 211  lb 1881214 ub 8587076  cores 807 796 4  time 40.6521 2159.86
Iteration 212  lb 1881214 ub 8587076  cores 811 800 4  time 40.8829 2196.71
Iteration 213  lb 1881214 ub 8587076  cores 814 803 3  time 40.9661 2238.69
Iteration 214  lb 1881214 ub 8587076  cores 819 808 5  time 41.169 2279.15
Iteration 215  lb 1881214 ub 8587076  cores 823 812 4  time 41.4479 2313.98
Iteration 216  lb 1881214 ub 8587076  cores 828 817 5  time 41.6507 2348.88
Iteration 217  lb 1881214 ub 8587076  cores 832 820 4  time 41.8047 2377.82
Iteration 218  lb 1881214 ub 8587076  cores 836 824 4  time 42.0352 2409.87
Iteration 219  lb 1881214 ub 8587076  cores 840 828 4  time 42.1921 2442.21
Iteration 220  lb 1881214 ub 8587076  cores 845 833 5  time 42.4275 2471.48
Iteration 221  lb 1881214 ub 8587076  cores 849 836 4  time 42.6213 2505.02
Iteration 222  lb 1881214 ub 8587076  cores 854 841 5  time 42.7386 2534.48
Iteration 223  lb 1881214 ub 8587076  cores 858 845 4  time 42.8788 2562.08
Iteration 224  lb 1881214 ub 8587076  cores 862 849 4  time 42.9845 2598.3
Iteration 225  lb 1881214 ub 8587076  cores 866 853 4  time 43.1428 2640.82
Iteration 226  lb 1881214 ub 8587076  cores 870 857 4  time 44.5794 2685.54
Iteration 227  lb 1881214 ub 8587076  cores 874 861 4  time 44.7682 2714
Iteration 228  lb 1881214 ub 8587076  cores 878 865 4  time 44.9444 2760.08
Iteration 229  lb 1881214 ub 8587076  cores 881 868 3  time 45.0302 2810.45
Iteration 230  lb 1881214 ub 8587076  cores 885 871 4  time 45.2374 2865.93
Iteration 231  lb 1881215 ub 8587076  cores 889 874 4  time 45.5657 2917.47
Iteration 232  lb 1881215 ub 8587076  cores 894 879 5  time 45.7619 2967.94
Iteration 233  lb 1881215 ub 8587076  cores 899 884 5  time 45.9348 3013.63
Iteration 234  lb 1881215 ub 8587076  cores 903 888 4  time 46.0239 3057.55
Iteration 235  lb 1881215 ub 8587076  cores 906 891 3  time 46.1161 3110.12
Iteration 236  lb 1881215 ub 8587076  cores 909 893 3  time 46.226 3151.59
Iteration 237  lb 1881215 ub 8587076  cores 913 897 4  time 46.4142 3195.82
Iteration 238  lb 1881215 ub 8587076  cores 917 901 4  time 46.5716 3243.79
Iteration 239  lb 1881215 ub 8587076  cores 921 905 4  time 46.8964 3287.57
Iteration 240  lb 1881215 ub 8587076  cores 925 909 4  time 47.0276 3329.41
Iteration 241  lb 1881215 ub 8587076  cores 929 913 4  time 47.207 3373.19
Iteration 242  lb 1881215 ub 8587076  cores 933 917 4  time 47.3427 3411.81
Iteration 243  lb 1881215 ub 8587076  cores 937 920 4  time 47.5216 3450.79
Iteration 244  lb 1881215 ub 8587076  cores 940 923 3  time 47.6007 3484.58
Iteration 245  lb 1881215 ub 8587076  cores 944 927 4  time 47.7956 3522.73
