lb 4033878 ub 7076926 before adjustment
lb 0 ub 3043048 after adjustment
costs ready
31 variables 286 functions 4033878 lb, 3043048 ub
Iteration 0  HV  cores 1 1 1  time 0.004074 0 0.002523
Iteration 1 MHV  lb 4033879 ub 7076925  time 0.004693 0.02068 0.002523
Iteration 2  HV  cores 2 2 1  time 0.006322 0.02068 0.008755
Iteration 3  HV  cores 3 3 1  time 0.008311 0.02068 0.023024
Iteration 4 MHV  lb 4033879 ub 5930349  time 0.008905 0.041814 0.023024
Iteration 5  HV  cores 4 3 1  time 0.010502 0.041814 0.055761
Iteration 6 MHV  lb 4033879 ub 5274272  time 0.011101 0.06264 0.055761
Iteration 7  HV  cores 5 4 1  time 0.012707 0.06264 0.094503
Iteration 8 MHV  lb 4033879 ub 4520595  time 0.013267 0.083953 0.094503
Iteration 9  HV  cores 6 5 1  time 0.014903 0.083953 0.136589
Iteration 10 MHV  lb 4033879 ub 4294949  time 0.015466 0.104369 0.136589
Iteration 11  HV  cores 7 6 1  time 0.017002 0.104369 0.179193
Iteration 12 MHV  lb 4033879 ub 4213293  time 0.017562 0.124798 0.179193
Iteration 13  HV  cores 8 7 1  time 0.019141 0.124798 0.222368
Iteration 14 MHV  lb 4033879 ub 4181106  time 0.019708 0.145278 0.222368
Iteration 15  HV  cores 9 8 1  time 0.022165 0.145278 0.266475
Iteration 16  HV  cores 10 9 1  time 0.024202 0.145278 0.311189
Iteration 17 MHV  lb 4033879 ub 4118971  time 0.02476 0.16599 0.311189
Iteration 18  HV  cores 11 10 1  time 0.026332 0.16599 0.357314
Iteration 19 MHV  lb 4033879 ub 4063218  time 0.0269 0.187229 0.357314
Iteration 20  HV  cores 12 11 1  time 0.028528 0.187229 0.406477
Iteration 21  HV  cores 13 12 1  time 0.030098 0.187229 0.455191
Iteration 22 MHV  lb 4033879 ub 4035837  time 0.03075 0.208521 0.455191
Iteration 23  HV  cores 14 13 1  time 0.032332 0.208521 0.500481
Iteration 24  HV  cores 15 14 1  time 0.034795 0.208521 0.543637
Iteration 25  HV  cores 16 15 1  time 0.040914 0.208521 0.586784
Iteration 26  HV  cores 17 16 1  time 0.046848 0.208521 0.630239
Iteration 27  HV  cores 18 17 1  time 0.04894 0.208521 0.67379
Iteration 28 MHV  lb 4033880 ub 4034534  time 0.049639 0.235236 0.67379
Iteration 29  HV  cores 19 18 1  time 0.05226 0.235236 0.727955
Iteration 30 MHV  lb 4033880 ub 4034388  time 0.052837 0.263309 0.727955
Iteration 31  HV  cores 20 19 1  time 0.054467 0.263309 0.829845
Iteration 32  HV  cores 21 20 1  time 0.066732 0.263309 0.931923
Iteration 33 MHV  lb 4033880 ub 4034270  time 0.06731 0.290772 0.931923
Iteration 34  HV  cores 22 21 1  time 0.071411 0.290772 1.0381
Iteration 35  HV  cores 23 22 1  time 0.077116 0.290772 1.14418
Iteration 36  HV  cores 24 23 1  time 0.07943 0.290772 1.14819
Iteration 37  HV  cores 25 24 1  time 0.082693 0.290772 1.25304
Iteration 38  HV  cores 26 25 1  time 0.088321 0.290772 1.35999
Iteration 39  HV  cores 27 25 1  time 0.092349 0.290772 1.36414
Iteration 40  HV  cores 28 26 1  time 0.095087 0.290772 1.36824
Iteration 41  HV  cores 29 26 1  time 0.097843 0.290772 1.47372
Iteration 42  HV  cores 30 27 1  time 0.102903 0.290772 1.57933
Iteration 43  HV  cores 31 28 1  time 0.107373 0.290772 1.68516
Iteration 44  HV  cores 32 29 1  time 0.112515 0.290772 1.791
Iteration 45  HV  cores 33 29 1  time 0.116514 0.290772 1.89668
Iteration 46  HV  cores 34 29 1  time 0.121043 0.290772 2.00261
Iteration 47  HV  cores 35 30 1  time 0.133581 0.290772 2.1091
Iteration 48  HV  cores 36 30 1  time 0.13995 0.290772 2.21515
Iteration 49  HV  cores 37 31 1  time 0.148234 0.290772 2.3213
Iteration 50  HV  cores 38 31 1  time 0.154453 0.290772 2.42761
Iteration 51  HV  cores 39 32 1  time 0.157577 0.290772 2.5341
Iteration 52  HV  cores 40 32 1  time 0.163295 0.290772 2.64062
Iteration 53  HV  cores 41 33 1  time 0.167848 0.290772 2.74721
Iteration 54  HV  cores 42 33 1  time 0.172532 0.290772 2.85415
Iteration 55  HV  cores 43 33 1  time 0.175794 0.290772 2.96134
Iteration 56  HV  cores 44 34 1  time 0.179009 0.290772 3.0687
Iteration 57  HV  cores 45 35 1  time 0.183562 0.290772 3.17556
Iteration 58  HV  cores 46 36 1  time 0.186878 0.290772 3.28316
Iteration 59  HV  cores 47 36 1  time 0.190078 0.290772 3.39049
Iteration 60  HV  cores 48 35 1  time 0.194075 0.290772 3.49775
Iteration 61  HV  cores 49 36 1  time 0.198289 0.290772 3.60532
Iteration 62  HV  cores 50 37 1  time 0.202728 0.290772 3.71355
Iteration 63  HV  cores 51 38 1  time 0.207745 0.290772 3.82138
Iteration 64  HV  cores 52 38 1  time 0.212789 0.290772 3.92918
Iteration 65  HV  cores 53 39 1  time 0.216483 0.290772 4.03733
Iteration 66  HV  cores 54 40 1  time 0.222704 0.290772 4.14858
Iteration 67  HV  cores 55 41 1  time 0.243767 0.290772 4.26037
Iteration 68  HV  cores 56 40 1  time 0.248445 0.290772 4.37209
Iteration 69  HV  cores 57 40 1  time 0.254354 0.290772 4.48384
Iteration 70  HV  cores 58 41 1  time 0.257769 0.290772 4.59585
Iteration 71  HV  cores 59 42 1  time 0.262426 0.290772 4.70828
Iteration 72  HV  cores 60 43 1  time 0.271114 0.290772 4.82037
Iteration 73  HV  cores 61 44 1  time 0.276314 0.290772 4.93308
Iteration 74  HV  cores 62 45 1  time 0.288168 0.290772 5.04531
Iteration 75  HV  cores 63 45 1  time 0.295646 0.290772 5.15796
Iteration 76  HV  cores 64 45 1  time 0.298118 0.290772 5.27063
Iteration 77  HV  cores 65 46 1  time 0.304423 0.290772 5.38349
Iteration 78  HV  cores 66 47 1  time 0.319724 0.290772 5.49624
Iteration 79  HV  cores 67 46 1  time 0.324517 0.290772 5.61009
Iteration 80  HV  cores 68 47 1  time 0.326181 0.290772 5.72429
Iteration 81  HV  cores 69 48 1  time 0.334235 0.290772 5.83796
Iteration 82  HV  cores 70 48 1  time 0.33807 0.290772 5.95231
Iteration 83  HV  cores 71 47 1  time 0.342752 0.290772 6.06639
Iteration 84  HV  cores 72 48 1  time 0.345199 0.290772 6.18052
Iteration 85  HV  cores 73 48 1  time 0.347179 0.290772 6.2948
Iteration 86  HV  cores 74 49 1  time 0.349094 0.290772 6.40916
Iteration 87  HV  cores 75 50 1  time 0.352826 0.290772 6.5239
Iteration 88  HV  cores 76 51 1  time 0.356011 0.290772 6.63839
Iteration 89  HV  cores 77 52 1  time 0.359864 0.290772 6.75272
Iteration 90  HV  cores 78 53 1  time 0.363813 0.290772 6.86726
Iteration 91  HV  cores 79 53 1  time 0.365799 0.290772 6.98305
Iteration 92  HV  cores 80 54 1  time 0.371421 0.290772 7.09924
Iteration 93  HV  cores 81 55 1  time 0.376014 0.290772 7.21489
Iteration 94  HV  cores 82 56 1  time 0.381948 0.290772 7.33094
Iteration 95  HV  cores 83 56 1  time 0.386632 0.290772 7.44691
Iteration 96  HV  cores 84 57 1  time 0.392529 0.290772 7.56281
Iteration 97  HV  cores 85 57 1  time 0.398282 0.290772 7.68091
Iteration 98  HV  cores 86 58 1  time 0.405951 0.290772 7.79711
Iteration 99  HV  cores 87 59 1  time 0.411314 0.290772 7.91341
Iteration 100  HV  cores 88 60 1  time 0.417052 0.290772 8.02983
Iteration 101  HV  cores 89 61 1  time 0.418688 0.290772 8.14748
Iteration 102  HV  cores 90 62 1  time 0.420354 0.290772 8.26527
Iteration 103  HV  cores 91 63 1  time 0.422635 0.290772 8.38318
Iteration 104  HV  cores 92 63 1  time 0.424211 0.290772 8.50089
Iteration 105  HV  cores 93 63 1  time 0.428903 0.290772 8.61903
Iteration 106  HV  cores 94 64 1  time 0.43304 0.290772 8.73708
Iteration 107  HV  cores 95 65 1  time 0.434922 0.290772 8.8553
Iteration 108  HV  cores 96 64 1  time 0.439526 0.290772 8.9735
Iteration 109  HV  cores 97 64 1  time 0.441249 0.290772 9.09221
Iteration 110 MHV  lb 4033880 ub 4034248  time 0.442021 0.330406 9.09221
Iteration 111 MHV  lb 4033880 ub 4033880  time 0.442716 0.331182 9.09221
Optimal value: 4033880
Real time: 9.92406
CPU time: 9.91546
