lb 372923 ub 27238818 before adjustment
lb 0 ub 26865895 after adjustment
costs ready
13 variables 91 functions 372923 lb, 26865895 ub
Iteration 0  HV  cores 6 6 6  time 10.6579 0 0.409506
Iteration 1  HV  cores 12 12 6  time 34.3802 0 0.923178
Iteration 2  HV  cores 17 17 5  time 60.2867 0 1.41991
Iteration 3  HV  cores 23 22 6  time 116.356 0 1.90899
Iteration 4  HV  cores 29 28 6  time 143.022 0 2.39994
Iteration 5  HV  cores 35 34 6  time 187.453 0 2.91076
Iteration 6  HV  cores 41 39 6  time 227.696 0 3.42732
Iteration 7  HV  cores 46 44 5  time 326.522 0 3.96538
Iteration 8  HV  cores 51 49 5  time 385.315 0 4.52005
Iteration 9  HV  cores 56 53 5  time 438.739 0 5.09105
Iteration 10  HV  cores 61 58 5  time 479.527 0 5.66409
Iteration 11  HV  cores 65 62 4  time 487.09 0 6.24665
Iteration 12  HV  cores 70 67 5  time 536.107 0 6.85104
Iteration 13  HV  cores 75 72 5  time 606.185 0 7.47781
Iteration 14  HV  cores 80 77 5  time 742.256 0 8.11131
Iteration 15  HV  cores 84 81 4  time 801.899 0 8.73382
Iteration 16  HV  cores 88 85 4  time 929.634 0 9.37942
Iteration 17  HV  cores 92 88 4  time 1004.66 0 10.0233
Iteration 18  HV  cores 97 93 5  time 1108.08 0 10.6821
Iteration 19  HV  cores 101 97 4  time 1119.92 0 11.3248
Iteration 20  HV  cores 107 103 6  time 1150.58 0 11.9657
Iteration 21  HV  cores 112 108 5  time 1202.04 0 12.6101
Iteration 22  HV  cores 117 112 5  time 1265.65 0 13.2785
Iteration 23  HV  cores 121 116 4  time 1440.95 0 13.9274
Iteration 24  HV  cores 125 120 4  time 1559.15 0 14.59
Iteration 25  HV  cores 130 125 5  time 1676.82 0 15.2566
Iteration 26  HV  cores 135 130 5  time 1749.84 0 15.9383
Iteration 27  HV  cores 140 134 5  time 1811.54 0 16.6257
Iteration 28  HV  cores 144 138 4  time 1874.51 0 17.3213
Iteration 29  HV  cores 148 142 4  time 1917.52 0 18.0213
Iteration 30  HV  cores 152 146 4  time 1990.37 0 18.7432
Iteration 31  HV  cores 157 151 5  time 2012.68 0 19.4519
Iteration 32  HV  cores 162 155 5  time 2018.38 0 20.168
Iteration 33  HV  cores 167 160 5  time 2108.37 0 20.9113
Iteration 34  HV  cores 171 163 4  time 2138.66 0 21.6707
Iteration 35  HV  cores 175 167 4  time 2196.74 0 22.4278
Iteration 36  HV  cores 180 172 5  time 2234.36 0 23.1774
Iteration 37  HV  cores 184 176 4  time 2246.7 0 23.9587
Iteration 38  HV  cores 187 179 3  time 2258.4 0 24.7327
Iteration 39  HV  cores 190 182 3  time 2269.29 0 25.5024
Iteration 40  HV  cores 194 185 4  time 2287.06 0 26.2729
Iteration 41  HV  cores 197 188 3  time 2341.5 0 27.0606
Iteration 42  HV  cores 201 192 4  time 2386.62 0 27.8537
Iteration 43  HV  cores 205 194 4  time 2410.52 0 28.6426
Iteration 44  HV  cores 209 196 4  time 2421.85 0 29.4352
Iteration 45  HV  cores 213 199 4  time 2430.2 0 30.2418
Iteration 46  HV  cores 216 201 3  time 2436.24 0 31.0356
Iteration 47  HV  cores 219 203 3  time 2441.71 0 31.8311
Iteration 48  HV  cores 222 205 3  time 2444.91 0 32.626
Iteration 49  HV  cores 225 206 3  time 2451.64 0 33.4266
Iteration 50  HV  cores 228 209 3  time 2457.87 0 34.2225
Iteration 51  HV  cores 231 212 3  time 2464.38 0 35.0151
Iteration 52  HV  cores 234 215 3  time 2469.2 0 35.8575
Iteration 53  HV  cores 238 219 4  time 2546.79 0 36.6609
Iteration 54  HV  cores 243 224 5  time 2584.78 0 37.4759
Iteration 55  HV  cores 248 229 5  time 2703.64 0 38.2901
Iteration 56  HV  cores 254 234 6  time 2753.75 0 39.1237
Iteration 57  HV  cores 258 237 4  time 2865.63 0 39.9597
Iteration 58  HV  cores 263 242 5  time 2909.36 0 40.7756
Iteration 59  HV  cores 269 248 6  time 3034.42 0 41.6154
Iteration 60  HV  cores 274 253 5  time 3086.44 0 42.4752
Iteration 61  HV  cores 278 257 4  time 3112.2 0 43.3597
Iteration 62  HV  cores 281 260 3  time 3125.63 0 44.2195
Iteration 63  HV  cores 286 265 5  time 3196.49 0 45.0886
Iteration 64  HV  cores 291 270 5  time 3247.29 0 45.9648
Iteration 65  HV  cores 296 275 5  time 3326.39 0 46.8566
Iteration 66  HV  cores 300 279 4  time 3352.73 0 47.7279
Iteration 67  HV  cores 304 283 4  time 3393.16 0 48.6172
Iteration 68  HV  cores 308 287 4  time 3403.39 0 49.5061
Iteration 69  HV  cores 312 290 4  time 3414.58 0 50.3914
Iteration 70  HV  cores 316 293 4  time 3432.79 0 51.3284
Iteration 71  HV  cores 320 297 4  time 3451.28 0 52.2434
Iteration 72  HV  cores 324 300 4  time 3463.36 0 53.1678
