lb 1133567 ub 3340342 before adjustment
lb 0 ub 2206775 after adjustment
costs ready
21 variables 212 functions 1133567 lb, 2206775 ub
Iteration 0  lb 1133572 ub 3340342  cores 4 4 4  time 0.023642 0.01942
Iteration 1  lb 1133573 ub 3340342  cores 8 8 4  time 0.062395 0.043367
Iteration 2  lb 1133574 ub 3340342  cores 12 12 4  time 0.079533 0.069654
Iteration 3  lb 1133575 ub 3340342  cores 16 16 4  time 0.095374 0.094829
Iteration 4  lb 1133575 ub 3340342  cores 20 19 4  time 0.15326 0.119373
Iteration 5  lb 1133577 ub 3340342  cores 24 23 4  time 0.183392 0.147316
Iteration 6  lb 1133577 ub 3340342  cores 27 25 3  time 0.199949 0.176017
Iteration 7  lb 1133577 ub 3340342  cores 31 29 4  time 0.221946 0.204098
Iteration 8  lb 1133578 ub 3340342  cores 35 33 4  time 0.271644 0.234896
Iteration 9  lb 1133578 ub 3340342  cores 38 36 3  time 0.2923 0.272389
Iteration 10  lb 1133579 ub 3340342  cores 42 40 4  time 0.315789 0.311453
Iteration 11  lb 1133580 ub 3340342  cores 44 42 2  time 0.333337 0.365167
Iteration 12  lb 1133580 ub 3340342  cores 47 44 3  time 0.351428 0.41164
Iteration 13  lb 1133580 ub 3340342  cores 50 47 3  time 0.372781 0.470916
Iteration 14  lb 1133581 ub 3340342  cores 53 50 3  time 0.395852 0.538458
Iteration 15  lb 1133581 ub 3340342  cores 56 53 3  time 0.418118 0.611748
Iteration 16  lb 1133581 ub 3340342  cores 59 56 3  time 0.438847 0.70764
Iteration 17  lb 1133581 ub 3340342  cores 62 58 3  time 0.463034 0.816027
Iteration 18  lb 1133582 ub 3340342  cores 66 62 4  time 0.498907 0.896758
Iteration 19  lb 1133582 ub 3340342  cores 69 62 3  time 0.511987 0.978484
Iteration 20  lb 1133582 ub 3340342  cores 72 65 3  time 0.542843 1.0642
Iteration 21  lb 1133583 ub 3340342  cores 75 68 3  time 0.565441 1.18869
Iteration 22  lb 1133583 ub 3340342  cores 78 71 3  time 0.595433 1.29048
Iteration 23  lb 1133583 ub 3340342  cores 81 74 3  time 0.610885 1.36674
Iteration 24  lb 1133583 ub 3340342  cores 84 76 3  time 0.64331 1.50139
Iteration 25  lb 1133583 ub 3340342  cores 87 79 3  time 0.656741 1.65388
Iteration 26  lb 1133583 ub 3340342  cores 89 81 2  time 0.665815 1.78243
Iteration 27  lb 1133583 ub 3340342  cores 92 84 3  time 0.68093 1.88731
Iteration 28  lb 1133583 ub 3340342  cores 95 87 3  time 0.702576 2.03771
Iteration 29  lb 1133583 ub 3340342  cores 97 88 2  time 0.712863 2.14436
Iteration 30  lb 1133583 ub 3340342  cores 100 90 3  time 0.728744 2.25893
Iteration 31  lb 1133584 ub 3340342  cores 102 92 2  time 0.733196 2.3852
Iteration 32  lb 1133584 ub 3340342  cores 105 94 3  time 0.779351 2.49594
Iteration 33  lb 1133584 ub 3340342  cores 107 96 2  time 0.800942 2.60056
Iteration 34  lb 1133584 ub 3340342  cores 110 99 3  time 0.83154 2.71117
Iteration 35  lb 1133584 ub 3340342  cores 112 101 2  time 0.861794 2.90423
Iteration 36  lb 1133584 ub 3340342  cores 115 104 3  time 0.881959 3.01997
Iteration 37  lb 1133584 ub 3340342  cores 118 107 3  time 0.905987 3.13312
Iteration 38  lb 1133585 ub 3340342  cores 121 110 3  time 0.919566 3.25427
Iteration 39  lb 1133585 ub 3340342  cores 123 112 2  time 0.930514 3.37631
Iteration 40  lb 1133585 ub 3340342  cores 126 115 3  time 0.957971 3.48863
Iteration 41  lb 1133585 ub 3340342  cores 129 118 3  time 0.976073 3.66212
Iteration 42  lb 1133585 ub 3340342  cores 132 121 3  time 0.995786 3.788
Iteration 43  lb 1133586 ub 3340342  cores 134 123 2  time 1.00634 3.91703
Iteration 44  lb 1133586 ub 3340342  cores 137 125 3  time 1.02257 4.15718
Iteration 45  lb 1133586 ub 3340342  cores 139 126 2  time 1.02916 4.29763
Iteration 46  lb 1133586 ub 3340342  cores 142 129 3  time 1.04565 4.5324
Iteration 47  lb 1133586 ub 3340342  cores 145 132 3  time 1.05994 4.7717
Iteration 48  lb 1133586 ub 3340342  cores 147 132 2  time 1.06508 5.03316
Iteration 49  lb 1133586 ub 3340342  cores 149 134 2  time 1.08504 5.1739
Iteration 50  lb 1133586 ub 3340342  cores 151 136 2  time 1.09949 5.40892
Iteration 51  lb 1133586 ub 3340342  cores 154 138 3  time 1.11229 5.65689
Iteration 52  lb 1133587 ub 3340342  cores 157 140 3  time 1.15077 5.79268
Iteration 53  lb 1133587 ub 3340342  cores 159 142 2  time 1.15616 5.93207
Iteration 54  lb 1133587 ub 3340342  cores 161 144 2  time 1.16275 6.06447
Iteration 55  lb 1133587 ub 3340342  cores 164 147 3  time 1.17957 6.29306
Iteration 56  lb 1133587 ub 3340342  cores 166 149 2  time 1.19182 6.43275
Iteration 57  lb 1133588 ub 3340342  cores 169 152 3  time 1.23153 6.77711
Iteration 58  lb 1133588 ub 3340342  cores 171 154 2  time 1.24616 6.96854
Iteration 59  lb 1133588 ub 3340342  cores 174 157 3  time 1.26668 7.25753
Iteration 60  lb 1133588 ub 3340342  cores 177 160 3  time 1.28227 7.44595
Iteration 61  lb 1133588 ub 3340342  cores 180 161 3  time 1.29279 7.76136
Iteration 62  lb 1133589 ub 3340342  cores 184 163 4  time 1.30778 8.0462
Iteration 63  lb 1133589 ub 3340342  cores 186 165 2  time 1.31513 8.68436
Iteration 64  lb 1133589 ub 3340342  cores 188 166 2  time 1.32601 9.09161
Iteration 65  lb 1133589 ub 3340342  cores 191 169 3  time 1.35041 9.58762
Iteration 66  lb 1133589 ub 3340342  cores 193 171 2  time 1.36381 10.0155
Iteration 67  lb 1133589 ub 3340342  cores 195 173 2  time 1.37 10.5599
Iteration 68  lb 1133589 ub 3340342  cores 198 175 3  time 1.51024 10.989
Iteration 69  lb 1133589 ub 3340342  cores 201 178 3  time 1.53907 11.2824
Iteration 70  lb 1133589 ub 3340342  cores 204 180 3  time 1.56076 11.7614
Iteration 71  lb 1133589 ub 3340342  cores 207 183 3  time 1.6102 12.3413
Iteration 72  lb 1133590 ub 3340342  cores 210 186 3  time 1.62515 12.8592
Iteration 73  lb 1133590 ub 3340342  cores 212 188 2  time 1.63816 13.4672
Iteration 74  lb 1133590 ub 3340342  cores 214 190 2  time 1.65258 14.4838
Iteration 75  lb 1133590 ub 3340342  cores 217 193 3  time 1.69226 14.8755
Iteration 76  lb 1133590 ub 3340342  cores 220 196 3  time 1.7148 15.4929
Iteration 77  lb 1133590 ub 3340342  cores 223 199 3  time 1.73615 16.1702
Iteration 78  lb 1133590 ub 3340342  cores 225 201 2  time 1.74673 16.886
Iteration 79  lb 1133590 ub 3340342  cores 228 203 3  time 1.7549 17.4161
Iteration 80  lb 1133590 ub 3340342  cores 230 205 2  time 1.76936 18.1092
Iteration 81  lb 1133590 ub 3340342  cores 233 208 3  time 1.78218 18.8438
Iteration 82  lb 1133590 ub 3340342  cores 235 209 2  time 1.79886 19.5988
Iteration 83  lb 1133591 ub 3340342  cores 237 211 2  time 1.81914 20.193
Iteration 84  lb 1133591 ub 3340342  cores 240 213 3  time 1.82778 21.2096
Iteration 85  lb 1133591 ub 3340342  cores 242 215 2  time 1.83771 22.1067
Iteration 86  lb 1133591 ub 3340342  cores 244 217 2  time 1.85897 22.8806
Iteration 87  lb 1133591 ub 3340342  cores 246 219 2  time 1.87085 23.745
Iteration 88  lb 1133591 ub 3340342  cores 248 220 2  time 1.8827 24.4325
Iteration 89  lb 1133591 ub 3340342  cores 250 222 2  time 1.89475 25.4121
Iteration 90  lb 1133596 ub 3340342  cores 252 224 2  time 1.93841 26.156
Iteration 91  lb 1133596 ub 3340342  cores 254 226 2  time 1.95521 26.7134
Iteration 92  lb 1133596 ub 3340342  cores 257 229 3  time 1.97062 27.5179
Iteration 93  lb 1133596 ub 3340342  cores 260 232 3  time 1.98406 28.3424
Iteration 94  lb 1133596 ub 3340342  cores 263 235 3  time 1.99391 29.2325
Iteration 95  lb 1133596 ub 3340342  cores 265 237 2  time 2.00143 30.125
Iteration 96  lb 1133596 ub 3340342  cores 268 240 3  time 2.01588 30.9001
Iteration 97  lb 1133597 ub 3340342  cores 271 243 3  time 2.03495 31.7335
Iteration 98  lb 1133597 ub 3340342  cores 274 246 3  time 2.05329 32.5829
Iteration 99  lb 1133597 ub 3340342  cores 276 248 2  time 2.07746 33.4076
Iteration 100  lb 1133597 ub 3340342  cores 278 250 2  time 2.08694 34.2917
Iteration 101  lb 1133597 ub 3340342  cores 281 253 3  time 2.09729 35.0272
Iteration 102  lb 1133597 ub 3340342  cores 284 255 3  time 2.11645 35.8332
Iteration 103  lb 1133597 ub 3340342  cores 286 257 2  time 2.1264 36.6245
Iteration 104  lb 1133597 ub 3340342  cores 289 259 3  time 2.1527 37.5662
Iteration 105  lb 1133597 ub 3340342  cores 291 259 2  time 2.16276 38.4124
Iteration 106  lb 1133597 ub 3340342  cores 293 261 2  time 2.18538 39.4783
Iteration 107  lb 1133597 ub 3340342  cores 295 263 2  time 2.19486 40.3925
Iteration 108  lb 1133597 ub 3340342  cores 297 264 2  time 2.2023 41.3976
Iteration 109  lb 1133597 ub 3340342  cores 300 267 3  time 2.21791 42.4344
Iteration 110  lb 1133597 ub 3340342  cores 302 269 2  time 2.2256 43.2265
Iteration 111  lb 1133598 ub 3340342  cores 304 271 2  time 2.24357 44.4934
Iteration 112  lb 1133598 ub 3340342  cores 306 272 2  time 2.26475 45.6869
Iteration 113  lb 1133598 ub 3340342  cores 308 274 2  time 2.27769 46.6762
Iteration 114  lb 1133598 ub 3340342  cores 311 276 3  time 2.29135 47.7188
Iteration 115  lb 1133598 ub 3340342  cores 313 278 2  time 2.29978 48.7504
Iteration 116  lb 1133598 ub 3340342  cores 315 279 2  time 2.30986 49.8676
Iteration 117  lb 1133598 ub 3340342  cores 317 281 2  time 2.32101 50.9877
Iteration 118  lb 1133598 ub 3340342  cores 319 283 2  time 2.33158 51.8697
Iteration 119  lb 1133598 ub 3340342  cores 321 285 2  time 2.34137 53.014
Iteration 120  lb 1133598 ub 3340342  cores 324 288 3  time 2.36759 54.2443
Iteration 121  lb 1133598 ub 3340342  cores 327 291 3  time 2.37989 55.4178
Iteration 122  lb 1133598 ub 3340342  cores 329 293 2  time 2.38759 56.3981
Iteration 123  lb 1133598 ub 3340342  cores 332 296 3  time 2.40131 57.4338
Iteration 124  lb 1133598 ub 3340342  cores 334 298 2  time 2.41695 58.7518
Iteration 125  lb 1133599 ub 3340342  cores 337 301 3  time 2.43721 60.1046
Iteration 126  lb 1133599 ub 3340342  cores 339 303 2  time 2.44596 62.1025
Iteration 127  lb 1133599 ub 3340342  cores 341 305 2  time 2.47675 63.3638
Iteration 128  lb 1133599 ub 3340342  cores 343 307 2  time 2.49621 64.7326
Iteration 129  lb 1133599 ub 3340342  cores 346 310 3  time 2.51273 65.9861
Iteration 130  lb 1133599 ub 3340342  cores 348 311 2  time 2.52208 67.1822
Iteration 131  lb 1133599 ub 3340342  cores 350 312 2  time 2.53874 68.4919
Iteration 132  lb 1133599 ub 3340342  cores 352 314 2  time 2.55086 70.0637
Iteration 133  lb 1133599 ub 3340342  cores 354 316 2  time 2.56034 71.2344
Iteration 134  lb 1133599 ub 3340342  cores 357 318 3  time 2.57511 72.4133
Iteration 135  lb 1133599 ub 3340342  cores 359 320 2  time 2.58749 73.5643
Iteration 136  lb 1133599 ub 3340342  cores 361 322 2  time 2.59596 74.9214
Iteration 137  lb 1133599 ub 3340342  cores 363 324 2  time 2.60759 76.2788
Iteration 138  lb 1133599 ub 3340342  cores 366 327 3  time 2.62206 77.5191
Iteration 139  lb 1133600 ub 3340342  cores 369 329 3  time 2.64076 78.7544
Iteration 140  lb 1133600 ub 3340342  cores 371 329 2  time 2.64985 80.0426
Iteration 141  lb 1133600 ub 3340342  cores 373 330 2  time 2.65525 81.3794
Iteration 142  lb 1133600 ub 3340342  cores 375 332 2  time 2.68292 83.1075
Iteration 143  lb 1133600 ub 3340342  cores 378 335 3  time 2.69879 84.9244
Iteration 144  lb 1133600 ub 3340342  cores 381 338 3  time 2.71732 86.9201
Iteration 145  lb 1133600 ub 3340342  cores 384 341 3  time 2.72912 89.3156
Iteration 146  lb 1133600 ub 3340342  cores 387 343 3  time 2.74979 91.0011
Iteration 147  lb 1133600 ub 3340342  cores 390 346 3  time 2.76407 92.3628
Iteration 148  lb 1133600 ub 3340342  cores 392 346 2  time 2.78233 93.7877
Iteration 149  lb 1133600 ub 3340342  cores 395 348 3  time 2.79424 95.1498
Iteration 150  lb 1133601 ub 3340342  cores 398 351 3  time 2.82662 96.5275
Iteration 151  lb 1133601 ub 3340342  cores 400 352 2  time 2.84498 97.8305
Iteration 152  lb 1133601 ub 3340342  cores 402 354 2  time 2.8534 98.9034
Iteration 153  lb 1133601 ub 3340342  cores 404 356 2  time 2.8639 100.309
Iteration 154  lb 1133601 ub 3340342  cores 406 357 2  time 2.87066 101.683
Iteration 155  lb 1133601 ub 3340342  cores 409 359 3  time 2.88524 103.054
Iteration 156  lb 1133601 ub 3340342  cores 411 361 2  time 2.89882 104.956
Iteration 157  lb 1133601 ub 3340342  cores 413 363 2  time 2.91165 106.671
Iteration 158  lb 1133601 ub 3340342  cores 416 366 3  time 2.92668 108.194
Iteration 159  lb 1133601 ub 3340342  cores 418 367 2  time 2.94033 110.075
Iteration 160  lb 1133601 ub 3340342  cores 420 369 2  time 2.94985 111.915
Iteration 161  lb 1133602 ub 3340342  cores 422 371 2  time 2.97361 113.504
Iteration 162  lb 1133602 ub 3340342  cores 424 371 2  time 2.99239 115.55
Iteration 163  lb 1133602 ub 3340342  cores 427 374 3  time 3.00706 117.436
Iteration 164  lb 1133602 ub 3340342  cores 429 376 2  time 3.01689 118.961
Iteration 165  lb 1133602 ub 3340342  cores 432 378 3  time 3.02731 120.915
Iteration 166  lb 1133602 ub 3340342  cores 434 380 2  time 3.03482 122.608
Iteration 167  lb 1133603 ub 3340342  cores 436 382 2  time 3.07423 123.782
Iteration 168  lb 1133603 ub 3340342  cores 438 383 2  time 3.09829 125.054
Iteration 169  lb 1133604 ub 3340342  cores 440 384 2  time 3.10726 126.523
Iteration 170  lb 1133604 ub 3340342  cores 443 387 3  time 3.12536 127.45
Iteration 171  lb 1133604 ub 3340342  cores 445 389 2  time 3.13426 129.105
Iteration 172  lb 1133604 ub 3340342  cores 447 391 2  time 3.14344 130.229
Iteration 173  lb 1133605 ub 3340342  cores 449 392 2  time 3.17128 131.429
Iteration 174  lb 1133605 ub 3340342  cores 451 394 2  time 3.17899 132.896
Iteration 175  lb 1133605 ub 3340342  cores 453 396 2  time 3.20036 134.631
Iteration 176  lb 1133605 ub 3340342  cores 456 399 3  time 3.21203 136.618
Iteration 177  lb 1133605 ub 3340342  cores 459 402 3  time 3.22478 138.671
Iteration 178  lb 1133606 ub 3340342  cores 462 405 3  time 3.2505 140.638
Iteration 179  lb 1133606 ub 3340342  cores 464 407 2  time 3.26097 142.505
Iteration 180  lb 1133606 ub 3340342  cores 467 410 3  time 3.28459 144.322
Iteration 181  lb 1133606 ub 3340342  cores 470 412 3  time 3.29011 145.965
Iteration 182  lb 1133606 ub 3340342  cores 472 413 2  time 3.30909 148.519
Iteration 183  lb 1133606 ub 3340342  cores 475 416 3  time 3.32133 150.382
Iteration 184  lb 1133606 ub 3340342  cores 478 419 3  time 3.33599 152.21
Iteration 185  lb 1133606 ub 3340342  cores 481 422 3  time 3.34216 153.984
Iteration 186  lb 1133606 ub 3340342  cores 484 425 3  time 3.34949 155.543
Iteration 187  lb 1133606 ub 3340342  cores 487 427 3  time 3.35544 157.34
Iteration 188  lb 1133606 ub 3340342  cores 490 430 3  time 3.38837 158.975
Iteration 189  lb 1133607 ub 3340342  cores 492 432 2  time 3.40155 159.902
Iteration 190  lb 1133607 ub 3340342  cores 495 435 3  time 3.41216 161.877
Iteration 191  lb 1133607 ub 3340342  cores 498 437 3  time 3.42281 163.83
Iteration 192  lb 1133607 ub 3340342  cores 500 439 2  time 3.43907 165.811
Iteration 193  lb 1133608 ub 3340342  cores 503 442 3  time 3.44737 167.576
Iteration 194  lb 1133608 ub 3340342  cores 506 445 3  time 3.45898 169.552
Iteration 195  lb 1133608 ub 3340342  cores 508 446 2  time 3.47422 171.298
Iteration 196  lb 1133608 ub 3340342  cores 510 448 2  time 3.48388 172.861
Iteration 197  lb 1133608 ub 3340342  cores 513 451 3  time 3.49538 175.802
Iteration 198  lb 1133608 ub 3340342  cores 516 452 3  time 3.5095 177.587
Iteration 199  lb 1133608 ub 3340342  cores 519 454 3  time 3.51483 179.251
Iteration 200  lb 1133608 ub 3340342  cores 522 457 3  time 3.526 180.873
Iteration 201  lb 1133608 ub 3340342  cores 525 458 3  time 3.55168 183.286
Iteration 202  lb 1133608 ub 3340342  cores 528 461 3  time 3.56227 186.185
Iteration 203  lb 1133608 ub 3340342  cores 531 464 3  time 3.5719 189.065
Iteration 204  lb 1133608 ub 3340342  cores 534 465 3  time 3.57934 191.066
Iteration 205  lb 1133608 ub 3340342  cores 537 468 3  time 3.59488 193.921
Iteration 206  lb 1133608 ub 3340342  cores 540 470 3  time 3.60923 195.965
Iteration 207  lb 1133608 ub 3340342  cores 542 471 2  time 3.63054 197.937
Iteration 208  lb 1133608 ub 3340342  cores 544 472 2  time 3.65774 199.643
Iteration 209  lb 1133608 ub 3340342  cores 546 474 2  time 3.67778 201.38
Iteration 210  lb 1133608 ub 3340342  cores 548 476 2  time 3.69539 202.978
Iteration 211  lb 1133609 ub 3340342  cores 551 479 3  time 3.70967 204.513
Iteration 212  lb 1133609 ub 3340342  cores 553 481 2  time 3.72973 207.404
Iteration 213  lb 1133609 ub 3340342  cores 556 484 3  time 3.74069 209.444
Iteration 214  lb 1133609 ub 3340342  cores 558 486 2  time 3.75517 212.026
Iteration 215  lb 1133609 ub 3340342  cores 561 489 3  time 3.76247 213.843
Iteration 216  lb 1133609 ub 3340342  cores 563 491 2  time 3.77943 216.854
Iteration 217  lb 1133609 ub 3340342  cores 565 493 2  time 3.80398 219.327
Iteration 218  lb 1133609 ub 3340342  cores 568 496 3  time 3.8168 221.712
Iteration 219  lb 1133609 ub 3340342  cores 571 499 3  time 3.82705 223.943
Iteration 220  lb 1133609 ub 3340342  cores 573 500 2  time 3.83976 226.303
Iteration 221  lb 1133609 ub 3340342  cores 575 502 2  time 3.85562 229.186
Iteration 222  lb 1133609 ub 3340342  cores 578 505 3  time 3.86766 232.425
Iteration 223  lb 1133609 ub 3340342  cores 581 507 3  time 3.87817 234.584
Iteration 224  lb 1133609 ub 3340342  cores 584 510 3  time 3.88559 236.446
Iteration 225  lb 1133609 ub 3340342  cores 586 512 2  time 3.89326 238.7
Iteration 226  lb 1133609 ub 3340342  cores 589 514 3  time 3.91134 241
Iteration 227  lb 1133609 ub 3340342  cores 592 517 3  time 3.92676 243.199
Iteration 228  lb 1133609 ub 3340342  cores 595 520 3  time 3.93976 245.509
Iteration 229  lb 1133609 ub 3340342  cores 598 523 3  time 3.94673 247.551
Iteration 230  lb 1133609 ub 3340342  cores 600 525 2  time 3.95307 249.691
Iteration 231  lb 1133609 ub 3340342  cores 603 528 3  time 3.97684 251.763
Iteration 232  lb 1133609 ub 3340342  cores 605 530 2  time 4.00129 253.201
Iteration 233  lb 1133609 ub 3340342  cores 607 532 2  time 4.0158 255.361
Iteration 234  lb 1133610 ub 3340342  cores 610 535 3  time 4.06118 257.276
Iteration 235  lb 1133610 ub 3340342  cores 612 537 2  time 4.07386 259.038
Iteration 236  lb 1133610 ub 3340342  cores 615 540 3  time 4.10234 260.746
Iteration 237  lb 1133610 ub 3340342  cores 617 542 2  time 4.11188 262.363
Iteration 238  lb 1133610 ub 3340342  cores 620 545 3  time 4.17157 264.177
Iteration 239  lb 1133610 ub 3340342  cores 623 548 3  time 4.1865 265.835
Iteration 240  lb 1133611 ub 3340342  cores 625 550 2  time 4.20684 268.221
Iteration 241  lb 1133611 ub 3340342  cores 627 552 2  time 4.23172 271.261
Iteration 242  lb 1133611 ub 3340342  cores 629 554 2  time 4.24678 274.097
Iteration 243  lb 1133611 ub 3340342  cores 631 556 2  time 4.27729 276.847
Iteration 244  lb 1133611 ub 3340342  cores 633 558 2  time 4.28675 278.84
Iteration 245  lb 1133611 ub 3340342  cores 636 560 3  time 4.30858 282.381
Iteration 246  lb 1133611 ub 3340342  cores 639 562 3  time 4.31784 285.219
Iteration 247  lb 1133611 ub 3340342  cores 641 564 2  time 4.32735 287.216
Iteration 248  lb 1133611 ub 3340342  cores 644 567 3  time 4.3618 290.219
Iteration 249  lb 1133612 ub 3340342  cores 647 570 3  time 4.37305 293.567
Iteration 250  lb 1133612 ub 3340342  cores 650 573 3  time 4.38832 297.102
Iteration 251  lb 1133612 ub 3340342  cores 653 575 3  time 4.40024 300.648
Iteration 252  lb 1133612 ub 3340342  cores 655 577 2  time 4.41768 303.866
Iteration 253  lb 1133612 ub 3340342  cores 657 578 2  time 4.42605 306.965
Iteration 254  lb 1133612 ub 3340342  cores 660 581 3  time 4.45179 309.056
Iteration 255  lb 1133612 ub 3340342  cores 663 584 3  time 4.46336 312.374
Iteration 256  lb 1133612 ub 3340342  cores 666 586 3  time 4.47726 314.45
Iteration 257  lb 1133612 ub 3340342  cores 669 589 3  time 4.49368 317.624
Iteration 258  lb 1133612 ub 3340342  cores 672 592 3  time 4.51732 320.945
Iteration 259  lb 1133612 ub 3340342  cores 675 595 3  time 4.52685 324.155
Iteration 260  lb 1133612 ub 3340342  cores 678 598 3  time 4.56087 327.739
Iteration 261  lb 1133612 ub 3340342  cores 681 601 3  time 4.57563 331
Iteration 262  lb 1133612 ub 3340342  cores 683 603 2  time 4.58261 335.192
Iteration 263  lb 1133612 ub 3340342  cores 686 606 3  time 4.5973 339.627
Iteration 264  lb 1133612 ub 3340342  cores 689 609 3  time 4.61769 342.479
Iteration 265  lb 1133612 ub 3340342  cores 691 611 2  time 4.62522 345.848
Iteration 266  lb 1133612 ub 3340342  cores 694 614 3  time 4.63675 349.184
Iteration 267  lb 1133612 ub 3340342  cores 697 617 3  time 4.65275 353.381
Iteration 268  lb 1133612 ub 3340342  cores 699 619 2  time 4.66333 357.26
Iteration 269  lb 1133613 ub 3340342  cores 702 621 3  time 4.67762 360.831
Iteration 270  lb 1133613 ub 3340342  cores 705 624 3  time 4.70181 364.423
Iteration 271  lb 1133613 ub 3340342  cores 708 627 3  time 4.71207 367.709
Iteration 272  lb 1133613 ub 3340342  cores 711 629 3  time 4.72045 370.886
Iteration 273  lb 1133613 ub 3340342  cores 713 631 2  time 4.72977 374.596
Iteration 274  lb 1133613 ub 3340342  cores 716 633 3  time 4.7543 377.726
Iteration 275  lb 1133613 ub 3340342  cores 719 635 3  time 4.77538 381.84
Iteration 276  lb 1133613 ub 3340342  cores 722 637 3  time 4.78395 385.796
Iteration 277  lb 1133613 ub 3340342  cores 725 640 3  time 4.79026 389.442
Iteration 278  lb 1133613 ub 3340342  cores 728 643 3  time 4.80912 393.286
Iteration 279  lb 1133613 ub 3340342  cores 731 646 3  time 4.8174 397.275
Iteration 280  lb 1133613 ub 3340342  cores 735 650 4  time 4.82558 400.418
Iteration 281  lb 1133613 ub 3340342  cores 738 653 3  time 4.84575 403.695
Iteration 282  lb 1133613 ub 3340342  cores 741 655 3  time 4.86285 407.659
Iteration 283  lb 1133613 ub 3340342  cores 744 657 3  time 4.88035 411.475
Iteration 284  lb 1133613 ub 3340342  cores 747 659 3  time 4.88573 415.443
Iteration 285  lb 1133613 ub 3340342  cores 750 662 3  time 4.89489 418.745
Iteration 286  lb 1133613 ub 3340342  cores 754 665 4  time 4.91912 421.991
Iteration 287  lb 1133613 ub 3340342  cores 757 668 3  time 4.93196 425.603
Iteration 288  lb 1133613 ub 3340342  cores 760 670 3  time 4.95756 430.193
Iteration 289  lb 1133613 ub 3340342  cores 763 673 3  time 4.96556 434.303
Iteration 290  lb 1133613 ub 3340342  cores 766 676 3  time 4.97512 437.362
Iteration 291  lb 1133613 ub 3340342  cores 769 679 3  time 4.9825 441.075
Iteration 292  lb 1133613 ub 3340342  cores 772 682 3  time 4.99753 445.234
Iteration 293  lb 1133613 ub 3340342  cores 775 685 3  time 5.01248 449.539
Iteration 294  lb 1133613 ub 3340342  cores 779 689 4  time 5.03913 453.383
Iteration 295  lb 1133613 ub 3340342  cores 782 692 3  time 5.04897 457.518
Iteration 296  lb 1133613 ub 3340342  cores 784 694 2  time 5.05624 461.534
Iteration 297  lb 1133613 ub 3340342  cores 787 696 3  time 5.06602 465.441
Iteration 298  lb 1133613 ub 3340342  cores 790 699 3  time 5.07976 469.247
Iteration 299  lb 1133613 ub 3340342  cores 793 702 3  time 5.09799 473.139
Iteration 300  lb 1133613 ub 3340342  cores 796 705 3  time 5.12243 477.235
Iteration 301  lb 1133613 ub 3340342  cores 799 707 3  time 5.13204 481.433
Iteration 302  lb 1133613 ub 3340342  cores 801 709 2  time 5.14122 485.539
Iteration 303  lb 1133613 ub 3340342  cores 804 712 3  time 5.15309 489.447
Iteration 304  lb 1133613 ub 3340342  cores 807 715 3  time 5.16537 493.837
Iteration 305  lb 1133614 ub 3340342  cores 810 718 3  time 5.17725 498.653
Iteration 306  lb 1133614 ub 3340342  cores 813 720 3  time 5.18383 502.734
Iteration 307  lb 1133614 ub 3340342  cores 816 723 3  time 5.2006 507.273
Iteration 308  lb 1133614 ub 3340342  cores 819 726 3  time 5.21468 511.078
Iteration 309  lb 1133614 ub 3340342  cores 821 728 2  time 5.22058 515.305
Iteration 310  lb 1133614 ub 3340342  cores 824 731 3  time 5.2319 519.415
Iteration 311  lb 1133614 ub 3340342  cores 826 733 2  time 5.23631 523.148
Iteration 312  lb 1133614 ub 3340342  cores 829 736 3  time 5.24897 528.085
Iteration 313  lb 1133614 ub 3340342  cores 832 739 3  time 5.26082 532.752
Iteration 314  lb 1133614 ub 3340342  cores 835 742 3  time 5.26887 537.717
Iteration 315  lb 1133614 ub 3340342  cores 837 744 2  time 5.28103 542.611
Iteration 316  lb 1133614 ub 3340342  cores 839 746 2  time 5.28881 546.962
Iteration 317  lb 1133614 ub 3340342  cores 843 750 4  time 5.30001 551.655
Iteration 318  lb 1133614 ub 3340342  cores 846 753 3  time 5.31427 556.537
Iteration 319  lb 1133614 ub 3340342  cores 848 755 2  time 5.31792 562.194
Iteration 320  lb 1133614 ub 3340342  cores 850 757 2  time 5.32337 566.899
Iteration 321  lb 1133614 ub 3340342  cores 852 759 2  time 5.32744 571.681
Iteration 322  lb 1133614 ub 3340342  cores 854 761 2  time 5.33861 576.43
Iteration 323  lb 1133614 ub 3340342  cores 858 765 4  time 5.35506 581.048
Iteration 324  lb 1133614 ub 3340342  cores 860 767 2  time 5.36337 585.47
Iteration 325  lb 1133614 ub 3340342  cores 862 769 2  time 5.36916 590.354
Iteration 326  lb 1133614 ub 3340342  cores 865 772 3  time 5.37649 594.559
Iteration 327  lb 1133614 ub 3340342  cores 868 775 3  time 5.38584 598.443
Iteration 328  lb 1133614 ub 3340342  cores 870 777 2  time 5.39283 603.096
Iteration 329  lb 1133614 ub 3340342  cores 872 779 2  time 5.40295 607.291
Iteration 330  lb 1133614 ub 3340342  cores 875 782 3  time 5.42161 611.773
Iteration 331  lb 1133614 ub 3340342  cores 878 785 3  time 5.44367 615.21
Iteration 332  lb 1133614 ub 3340342  cores 881 788 3  time 5.4604 619.897
Iteration 333  lb 1133614 ub 3340342  cores 883 790 2  time 5.47482 623.665
Iteration 334  lb 1133614 ub 3340342  cores 885 791 2  time 5.48267 628.296
Iteration 335  lb 1133614 ub 3340342  cores 887 793 2  time 5.49249 633.065
Iteration 336  lb 1133614 ub 3340342  cores 890 796 3  time 5.5022 637.281
Iteration 337  lb 1133614 ub 3340342  cores 892 797 2  time 5.50729 642.465
Iteration 338  lb 1133614 ub 3340342  cores 895 799 3  time 5.52005 646.771
Iteration 339  lb 1133614 ub 3340342  cores 897 801 2  time 5.53561 650.538
Iteration 340  lb 1133614 ub 3340342  cores 900 804 3  time 5.55532 654.965
Iteration 341  lb 1133614 ub 3340342  cores 903 807 3  time 5.57796 659.162
Iteration 342  lb 1133614 ub 3340342  cores 906 809 3  time 5.59243 663.936
Iteration 343  lb 1133614 ub 3340342  cores 908 811 2  time 5.59978 667.347
Iteration 344  lb 1133614 ub 3340342  cores 910 813 2  time 5.61077 671.897
Iteration 345  lb 1133614 ub 3340342  cores 913 814 3  time 5.62274 676.442
Iteration 346  lb 1133614 ub 3340342  cores 916 816 3  time 5.63624 680.208
Iteration 347  lb 1133614 ub 3340342  cores 919 819 3  time 5.64767 684.878
Iteration 348  lb 1133614 ub 3340342  cores 922 822 3  time 5.6638 690.06
Iteration 349  lb 1133614 ub 3340342  cores 925 825 3  time 5.67611 694.942
Iteration 350  lb 1133614 ub 3340342  cores 928 827 3  time 5.68432 700.033
Iteration 351  lb 1133615 ub 3340342  cores 931 829 3  time 5.70481 705.939
Iteration 352  lb 1133615 ub 3340342  cores 934 832 3  time 5.73314 712.05
Iteration 353  lb 1133615 ub 3340342  cores 937 835 3  time 5.76323 717.307
Iteration 354  lb 1133615 ub 3340342  cores 941 838 4  time 5.77765 723.81
Iteration 355  lb 1133615 ub 3340342  cores 944 841 3  time 5.82811 730.054
Iteration 356  lb 1133615 ub 3340342  cores 947 844 3  time 5.84842 735.602
Iteration 357  lb 1133615 ub 3340342  cores 950 846 3  time 5.86346 741.79
Iteration 358  lb 1133615 ub 3340342  cores 953 849 3  time 5.87589 747.966
Iteration 359  lb 1133615 ub 3340342  cores 956 852 3  time 5.89685 753.54
Iteration 360  lb 1133615 ub 3340342  cores 959 855 3  time 5.906 760.511
Iteration 361  lb 1133615 ub 3340342  cores 962 858 3  time 5.92825 766.095
Iteration 362  lb 1133615 ub 3340342  cores 965 860 3  time 5.93916 771.407
Iteration 363  lb 1133615 ub 3340342  cores 967 862 2  time 5.94744 776.38
Iteration 364  lb 1133615 ub 3340342  cores 970 865 3  time 5.95774 781.988
Iteration 365  lb 1133615 ub 3340342  cores 972 867 2  time 5.96657 787.587
Iteration 366  lb 1133615 ub 3340342  cores 975 870 3  time 5.97492 793.282
Iteration 367  lb 1133615 ub 3340342  cores 977 872 2  time 5.98042 799.056
Iteration 368  lb 1133615 ub 3340342  cores 980 875 3  time 5.99482 804.615
Iteration 369  lb 1133615 ub 3340342  cores 983 877 3  time 6.01067 810.315
Iteration 370  lb 1133615 ub 3340342  cores 986 880 3  time 6.03857 815.345
Iteration 371  lb 1133615 ub 3340342  cores 989 883 3  time 6.10358 821.675
Iteration 372  lb 1133615 ub 3340342  cores 992 885 3  time 6.12225 826.937
Iteration 373  lb 1133615 ub 3340342  cores 995 887 3  time 6.13048 831.998
Iteration 374  lb 1133615 ub 3340342  cores 998 890 3  time 6.14555 838.301
Iteration 375  lb 1133615 ub 3340342  cores 1001 892 3  time 6.17373 844.36
Iteration 376  lb 1133615 ub 3340342  cores 1004 895 3  time 6.19204 850.696
Iteration 377  lb 1133615 ub 3340342  cores 1007 898 3  time 6.21481 856.474
Iteration 378  lb 1133615 ub 3340342  cores 1010 901 3  time 6.22903 862.367
Iteration 379  lb 1133615 ub 3340342  cores 1013 904 3  time 6.2445 868.918
Iteration 380  lb 1133615 ub 3340342  cores 1016 907 3  time 6.25909 874.66
Iteration 381  lb 1133615 ub 3340342  cores 1019 910 3  time 6.27229 880.409
Iteration 382  lb 1133615 ub 3340342  cores 1022 913 3  time 6.27927 886.561
Iteration 383  lb 1133615 ub 3340342  cores 1025 916 3  time 6.28586 892.365
Iteration 384  lb 1133615 ub 3340342  cores 1027 918 2  time 6.29719 898.267
Iteration 385  lb 1133615 ub 3340342  cores 1030 921 3  time 6.30823 904.33
Iteration 386  lb 1133615 ub 3340342  cores 1033 923 3  time 6.33014 911.244
Iteration 387  lb 1133615 ub 3340342  cores 1036 925 3  time 6.34293 918.078
Iteration 388  lb 1133615 ub 3340342  cores 1038 927 2  time 6.35988 924.336
Iteration 389  lb 1133615 ub 3340342  cores 1040 928 2  time 6.36554 929.683
Iteration 390  lb 1133615 ub 3340342  cores 1043 931 3  time 6.37931 936.37
Iteration 391  lb 1133615 ub 3340342  cores 1046 934 3  time 6.41155 941.938
Iteration 392  lb 1133615 ub 3340342  cores 1049 937 3  time 6.42589 947.861
Iteration 393  lb 1133615 ub 3340342  cores 1052 940 3  time 6.4329 954.157
Iteration 394  lb 1133615 ub 3340342  cores 1055 941 3  time 6.46451 960.255
Iteration 395  lb 1133615 ub 3340342  cores 1058 943 3  time 6.48872 966.764
Iteration 396  lb 1133615 ub 3340342  cores 1060 945 2  time 6.49553 973.533
Iteration 397  lb 1133615 ub 3340342  cores 1062 947 2  time 6.50413 979.325
Iteration 398  lb 1133615 ub 3340342  cores 1064 949 2  time 6.50981 984.71
Iteration 399  lb 1133615 ub 3340342  cores 1066 951 2  time 6.51609 991.18
Iteration 400  lb 1133615 ub 3340342  cores 1069 954 3  time 6.53091 996.153
Iteration 401  lb 1133615 ub 3340342  cores 1073 958 4  time 6.56622 1000.55
Iteration 402  lb 1133615 ub 3340342  cores 1076 960 3  time 6.57691 1007.07
Iteration 403  lb 1133615 ub 3340342  cores 1079 963 3  time 6.59303 1013.62
Iteration 404  lb 1133615 ub 3340342  cores 1081 965 2  time 6.60377 1020.18
Iteration 405  lb 1133615 ub 3340342  cores 1083 967 2  time 6.61253 1025.76
Iteration 406  lb 1133615 ub 3340342  cores 1086 970 3  time 6.62986 1032.05
Iteration 407  lb 1133615 ub 3340342  cores 1088 972 2  time 6.64146 1037.08
Iteration 408  lb 1133615 ub 3340342  cores 1090 973 2  time 6.65405 1043.78
Iteration 409  lb 1133615 ub 3340342  cores 1093 976 3  time 6.6684 1050.17
Iteration 410  lb 1133615 ub 3340342  cores 1096 979 3  time 6.68785 1057.45
Iteration 411  lb 1133615 ub 3340342  cores 1099 982 3  time 6.70673 1063.47
Iteration 412  lb 1133615 ub 3340342  cores 1102 984 3  time 6.71347 1069.72
Iteration 413  lb 1133615 ub 3340342  cores 1105 987 3  time 6.73117 1076.47
Iteration 414  lb 1133615 ub 3340342  cores 1108 990 3  time 6.76048 1082.44
Iteration 415  lb 1133615 ub 3340342  cores 1110 991 2  time 6.76829 1088.81
Iteration 416  lb 1133615 ub 3340342  cores 1113 994 3  time 6.77367 1095.88
Iteration 417  lb 1133615 ub 3340342  cores 1115 996 2  time 6.78124 1102.71
Iteration 418  lb 1133615 ub 3340342  cores 1117 998 2  time 6.79035 1110.85
Iteration 419  lb 1133615 ub 3340342  cores 1119 1000 2  time 6.80622 1119.77
Iteration 420  lb 1133616 ub 3340342  cores 1122 1003 3  time 6.82397 1127.87
Iteration 421  lb 1133616 ub 3340342  cores 1125 1005 3  time 6.83572 1133.48
Iteration 422  lb 1133616 ub 3340342  cores 1127 1007 2  time 6.84968 1141.52
Iteration 423  lb 1133616 ub 3340342  cores 1130 1010 3  time 6.86857 1148.94
Iteration 424  lb 1133616 ub 3340342  cores 1133 1013 3  time 6.88044 1157.31
Iteration 425  lb 1133616 ub 3340342  cores 1136 1016 3  time 6.88941 1165.24
Iteration 426  lb 1133616 ub 3340342  cores 1138 1016 2  time 6.89975 1173.33
Iteration 427  lb 1133616 ub 3340342  cores 1141 1019 3  time 6.92701 1181.86
Iteration 428  lb 1133616 ub 3340342  cores 1143 1020 2  time 6.9353 1189.58
Iteration 429  lb 1133616 ub 3340342  cores 1145 1022 2  time 6.94108 1197.42
Iteration 430  lb 1133616 ub 3340342  cores 1148 1025 3  time 6.96314 1204.38
Iteration 431  lb 1133616 ub 3340342  cores 1150 1026 2  time 6.97022 1210.8
Iteration 432  lb 1133616 ub 3340342  cores 1152 1028 2  time 6.98287 1218.52
Iteration 433  lb 1133616 ub 3340342  cores 1154 1029 2  time 6.99071 1225.31
Iteration 434  lb 1133616 ub 3340342  cores 1156 1030 2  time 7.00598 1233.06
Iteration 435  lb 1133616 ub 3340342  cores 1158 1031 2  time 7.01516 1241.04
Iteration 436  lb 1133616 ub 3340342  cores 1160 1033 2  time 7.02337 1248.74
Iteration 437  lb 1133616 ub 3340342  cores 1162 1035 2  time 7.0322 1254.04
Iteration 438  lb 1133616 ub 3340342  cores 1164 1037 2  time 7.04118 1262.18
Iteration 439  lb 1133616 ub 3340342  cores 1166 1039 2  time 7.04997 1270.18
Iteration 440  lb 1133616 ub 3340342  cores 1168 1041 2  time 7.05818 1278.04
Iteration 441  lb 1133616 ub 3340342  cores 1170 1043 2  time 7.07763 1284.09
Iteration 442  lb 1133616 ub 3340342  cores 1172 1045 2  time 7.08893 1292.88
Iteration 443  lb 1133616 ub 3340342  cores 1174 1047 2  time 7.09712 1300.34
Iteration 444  lb 1133616 ub 3340342  cores 1176 1048 2  time 7.10168 1307.56
Iteration 445  lb 1133616 ub 3340342  cores 1178 1050 2  time 7.1067 1315.17
Iteration 446  lb 1133616 ub 3340342  cores 1180 1050 2  time 7.11198 1322.87
Iteration 447  lb 1133616 ub 3340342  cores 1182 1052 2  time 7.12486 1330.04
Iteration 448  lb 1133616 ub 3340342  cores 1184 1054 2  time 7.13315 1338.15
Iteration 449  lb 1133616 ub 3340342  cores 1186 1056 2  time 7.13968 1345.76
Iteration 450  lb 1133616 ub 3340342  cores 1188 1057 2  time 7.14487 1352.88
Iteration 451  lb 1133616 ub 3340342  cores 1190 1059 2  time 7.16178 1360.27
Iteration 452  lb 1133616 ub 3340342  cores 1192 1061 2  time 7.17512 1367.74
Iteration 453  lb 1133616 ub 3340342  cores 1194 1063 2  time 7.18249 1375.19
Iteration 454  lb 1133616 ub 3340342  cores 1196 1065 2  time 7.18862 1382.19
Iteration 455  lb 1133616 ub 3340342  cores 1198 1067 2  time 7.19447 1389.7
Iteration 456  lb 1133616 ub 3340342  cores 1200 1068 2  time 7.20226 1397.4
Iteration 457  lb 1133616 ub 3340342  cores 1202 1069 2  time 7.20885 1404.47
Iteration 458  lb 1133616 ub 3340342  cores 1204 1071 2  time 7.21798 1411.9
Iteration 459  lb 1133616 ub 3340342  cores 1206 1073 2  time 7.22267 1419.18
Iteration 460  lb 1133616 ub 3340342  cores 1208 1075 2  time 7.22927 1425.67
Iteration 461  lb 1133616 ub 3340342  cores 1210 1077 2  time 7.24405 1433.11
Iteration 462  lb 1133616 ub 3340342  cores 1212 1079 2  time 7.25626 1440.65
Iteration 463  lb 1133616 ub 3340342  cores 1214 1081 2  time 7.26099 1447.7
Iteration 464  lb 1133616 ub 3340342  cores 1216 1083 2  time 7.26546 1455.08
Iteration 465  lb 1133616 ub 3340342  cores 1218 1085 2  time 7.27053 1462.34
Iteration 466  lb 1133616 ub 3340342  cores 1220 1087 2  time 7.2768 1469.84
Iteration 467  lb 1133616 ub 3340342  cores 1222 1089 2  time 7.28477 1476.5
Iteration 468  lb 1133616 ub 3340342  cores 1224 1091 2  time 7.29036 1483.25
Iteration 469  lb 1133616 ub 3340342  cores 1226 1092 2  time 7.29496 1491.35
Iteration 470  lb 1133616 ub 3340342  cores 1228 1094 2  time 7.32322 1498.17
Iteration 471  lb 1133616 ub 3340342  cores 1230 1094 2  time 7.32923 1505.13
Iteration 472  lb 1133616 ub 3340342  cores 1232 1095 2  time 7.33427 1512.07
Iteration 473  lb 1133616 ub 3340342  cores 1235 1098 3  time 7.34917 1519.12
Iteration 474  lb 1133616 ub 3340342  cores 1237 1100 2  time 7.35439 1524.54
Iteration 475  lb 1133616 ub 3340342  cores 1239 1102 2  time 7.36257 1529.6
Iteration 476  lb 1133616 ub 3340342  cores 1241 1103 2  time 7.36755 1534.99
Iteration 477  lb 1133616 ub 3340342  cores 1243 1104 2  time 7.37502 1540.25
Iteration 478  lb 1133616 ub 3340342  cores 1245 1105 2  time 7.38075 1546.18
Iteration 479  lb 1133616 ub 3340342  cores 1247 1106 2  time 7.38868 1553.71
Iteration 480  lb 1133616 ub 3340342  cores 1249 1108 2  time 7.40024 1560.39
Iteration 481  lb 1133616 ub 3340342  cores 1251 1110 2  time 7.40585 1568.13
Iteration 482  lb 1133616 ub 3340342  cores 1253 1112 2  time 7.41481 1575.28
Iteration 483  lb 1133616 ub 3340342  cores 1255 1112 2  time 7.42279 1582.27
Iteration 484  lb 1133616 ub 3340342  cores 1257 1114 2  time 7.43118 1589.26
Iteration 485  lb 1133616 ub 3340342  cores 1259 1116 2  time 7.44084 1596.49
Iteration 486  lb 1133616 ub 3340342  cores 1261 1117 2  time 7.45532 1604.95
Iteration 487  lb 1133616 ub 3340342  cores 1263 1119 2  time 7.45982 1612.25
Iteration 488  lb 1133616 ub 3340342  cores 1265 1121 2  time 7.46751 1619.91
Iteration 489  lb 1133616 ub 3340342  cores 1268 1123 3  time 7.48819 1627.21
Iteration 490  lb 1133616 ub 3340342  cores 1271 1126 3  time 7.49729 1634.64
Iteration 491  lb 1133616 ub 3340342  cores 1273 1126 2  time 7.50444 1642.15
Iteration 492  lb 1133616 ub 3340342  cores 1275 1128 2  time 7.50848 1648.9
Iteration 493  lb 1133616 ub 3340342  cores 1277 1130 2  time 7.52679 1656.43
Iteration 494  lb 1133616 ub 3340342  cores 1279 1132 2  time 7.53296 1662.54
Iteration 495  lb 1133616 ub 3340342  cores 1281 1133 2  time 7.539 1669.54
Iteration 496  lb 1133616 ub 3340342  cores 1283 1135 2  time 7.54473 1677.59
Iteration 497  lb 1133616 ub 3340342  cores 1285 1137 2  time 7.55659 1685.13
Iteration 498  lb 1133616 ub 3340342  cores 1287 1139 2  time 7.56324 1692.02
Iteration 499  lb 1133616 ub 3340342  cores 1289 1140 2  time 7.56937 1700.84
Iteration 500  lb 1133616 ub 3340342  cores 1291 1142 2  time 7.58025 1708.68
Iteration 501  lb 1133616 ub 3340342  cores 1294 1145 3  time 7.59698 1715.92
Iteration 502  lb 1133617 ub 3340342  cores 1296 1147 2  time 7.62713 1725.3
Iteration 503  lb 1133617 ub 3340342  cores 1298 1149 2  time 7.64797 1733.63
Iteration 504  lb 1133617 ub 3340342  cores 1300 1151 2  time 7.65832 1743
Iteration 505  lb 1133617 ub 3340342  cores 1302 1153 2  time 7.66672 1754.08
Iteration 506  lb 1133617 ub 3340342  cores 1304 1155 2  time 7.67813 1763.07
Iteration 507  lb 1133617 ub 3340342  cores 1306 1157 2  time 7.69393 1773.76
Iteration 508  lb 1133617 ub 3340342  cores 1309 1160 3  time 7.703 1782.63
Iteration 509  lb 1133617 ub 3340342  cores 1311 1161 2  time 7.70839 1791.57
Iteration 510  lb 1133617 ub 3340342  cores 1313 1163 2  time 7.72189 1799.68
Iteration 511  lb 1133617 ub 3340342  cores 1316 1166 3  time 7.72987 1809.58
Iteration 512  lb 1133617 ub 3340342  cores 1318 1168 2  time 7.73594 1818.38
Iteration 513  lb 1133617 ub 3340342  cores 1320 1169 2  time 7.74026 1827.49
Iteration 514  lb 1133617 ub 3340342  cores 1322 1170 2  time 7.75428 1837.38
Iteration 515  lb 1133617 ub 3340342  cores 1324 1171 2  time 7.75919 1845.09
Iteration 516  lb 1133617 ub 3340342  cores 1327 1174 3  time 7.76732 1854.32
Iteration 517  lb 1133617 ub 3340342  cores 1329 1176 2  time 7.77682 1863.49
Iteration 518  lb 1133617 ub 3340342  cores 1331 1176 2  time 7.78134 1871.75
Iteration 519  lb 1133617 ub 3340342  cores 1333 1177 2  time 7.78472 1880.89
Iteration 520  lb 1133617 ub 3340342  cores 1335 1179 2  time 7.79129 1889.93
Iteration 521  lb 1133617 ub 3340342  cores 1338 1181 3  time 7.80268 1899.57
Iteration 522  lb 1133617 ub 3340342  cores 1340 1183 2  time 7.81537 1907.04
Iteration 523  lb 1133617 ub 3340342  cores 1342 1184 2  time 7.82818 1915.53
Iteration 524  lb 1133617 ub 3340342  cores 1344 1186 2  time 7.83424 1924.51
Iteration 525  lb 1133617 ub 3340342  cores 1346 1187 2  time 7.83978 1932.79
Iteration 526  lb 1133617 ub 3340342  cores 1348 1189 2  time 7.84409 1941.73
Iteration 527  lb 1133617 ub 3340342  cores 1350 1191 2  time 7.85262 1949.59
Iteration 528  lb 1133617 ub 3340342  cores 1352 1192 2  time 7.85894 1957.62
Iteration 529  lb 1133617 ub 3340342  cores 1354 1194 2  time 7.86986 1966.64
Iteration 530  lb 1133617 ub 3340342  cores 1357 1197 3  time 7.88056 1975.57
Iteration 531  lb 1133617 ub 3340342  cores 1359 1198 2  time 7.88758 1985.7
Iteration 532  lb 1133617 ub 3340342  cores 1361 1198 2  time 7.89358 1994.19
Iteration 533  lb 1133617 ub 3340342  cores 1363 1200 2  time 7.90121 2003.37
Iteration 534  lb 1133617 ub 3340342  cores 1365 1202 2  time 7.90627 2012.1
Iteration 535  lb 1133617 ub 3340342  cores 1368 1204 3  time 7.92772 2019.91
Iteration 536  lb 1133617 ub 3340342  cores 1371 1207 3  time 7.94172 2030.14
Iteration 537  lb 1133617 ub 3340342  cores 1374 1210 3  time 7.95854 2040.13
Iteration 538  lb 1133617 ub 3340342  cores 1376 1211 2  time 7.96417 2048.52
Iteration 539  lb 1133617 ub 3340342  cores 1378 1213 2  time 7.99774 2054.88
Iteration 540  lb 1133617 ub 3340342  cores 1381 1215 3  time 8.0045 2063.27
Iteration 541  lb 1133617 ub 3340342  cores 1383 1216 2  time 8.01567 2070.29
Iteration 542  lb 1133617 ub 3340342  cores 1385 1218 2  time 8.03275 2078.14
Iteration 543  lb 1133617 ub 3340342  cores 1387 1218 2  time 8.04178 2085.95
Iteration 544  lb 1133617 ub 3340342  cores 1390 1221 3  time 8.04942 2094.76
Iteration 545  lb 1133617 ub 3340342  cores 1392 1223 2  time 8.05462 2103.58
Iteration 546  lb 1133617 ub 3340342  cores 1394 1224 2  time 8.05962 2112.73
Iteration 547  lb 1133617 ub 3340342  cores 1396 1226 2  time 8.07128 2122.25
Iteration 548  lb 1133617 ub 3340342  cores 1398 1228 2  time 8.08393 2129.2
Iteration 549  lb 1133617 ub 3340342  cores 1400 1230 2  time 8.11178 2135.91
Iteration 550  lb 1133617 ub 3340342  cores 1403 1233 3  time 8.12737 2143.17
Iteration 551  lb 1133617 ub 3340342  cores 1406 1236 3  time 8.13794 2150.29
Iteration 552  lb 1133617 ub 3340342  cores 1409 1239 3  time 8.14722 2157.69
Iteration 553  lb 1133617 ub 3340342  cores 1411 1241 2  time 8.15987 2166.48
Iteration 554  lb 1133617 ub 3340342  cores 1413 1243 2  time 8.16461 2175.23
Iteration 555  lb 1133617 ub 3340342  cores 1416 1246 3  time 8.17294 2184.46
Iteration 556  lb 1133617 ub 3340342  cores 1419 1248 3  time 8.18106 2191.6
Iteration 557  lb 1133617 ub 3340342  cores 1421 1250 2  time 8.18727 2199.96
Iteration 558  lb 1133617 ub 3340342  cores 1423 1251 2  time 8.19268 2206.58
Iteration 559  lb 1133617 ub 3340342  cores 1425 1253 2  time 8.2003 2215.69
Iteration 560  lb 1133617 ub 3340342  cores 1427 1254 2  time 8.20585 2223.3
Iteration 561  lb 1133617 ub 3340342  cores 1429 1255 2  time 8.2138 2230.84
Iteration 562  lb 1133617 ub 3340342  cores 1431 1257 2  time 8.22314 2239.74
Iteration 563  lb 1133617 ub 3340342  cores 1433 1259 2  time 8.22921 2248.67
Iteration 564  lb 1133617 ub 3340342  cores 1435 1261 2  time 8.23525 2255.61
Iteration 565  lb 1133617 ub 3340342  cores 1437 1263 2  time 8.24459 2264.47
Iteration 566  lb 1133617 ub 3340342  cores 1439 1264 2  time 8.24975 2270.86
Iteration 567  lb 1133617 ub 3340342  cores 1441 1266 2  time 8.2557 2277.9
Iteration 568  lb 1133617 ub 3340342  cores 1443 1267 2  time 8.26642 2286.81
Iteration 569  lb 1133617 ub 3340342  cores 1445 1269 2  time 8.27203 2293.5
Iteration 570  lb 1133617 ub 3340342  cores 1448 1272 3  time 8.28632 2300.22
Iteration 571  lb 1133617 ub 3340342  cores 1451 1275 3  time 8.29797 2307.23
Iteration 572  lb 1133617 ub 3340342  cores 1453 1276 2  time 8.30666 2314.09
Iteration 573  lb 1133617 ub 3340342  cores 1455 1276 2  time 8.31531 2321.12
Iteration 574  lb 1133617 ub 3340342  cores 1457 1278 2  time 8.32524 2328.37
Iteration 575  lb 1133617 ub 3340342  cores 1459 1280 2  time 8.33538 2335.59
Iteration 576  lb 1133617 ub 3340342  cores 1461 1281 2  time 8.3452 2342.63
Iteration 577  lb 1133617 ub 3340342  cores 1463 1283 2  time 8.34979 2350.65
Iteration 578  lb 1133617 ub 3340342  cores 1465 1285 2  time 8.35828 2358.73
Iteration 579  lb 1133617 ub 3340342  cores 1467 1286 2  time 8.36319 2368.89
Iteration 580  lb 1133617 ub 3340342  cores 1469 1288 2  time 8.37335 2375.29
Iteration 581  lb 1133617 ub 3340342  cores 1471 1290 2  time 8.37892 2382.95
Iteration 582  lb 1133617 ub 3340342  cores 1473 1292 2  time 8.3865 2391.86
Iteration 583  lb 1133617 ub 3340342  cores 1475 1292 2  time 8.39822 2398.42
Iteration 584  lb 1133617 ub 3340342  cores 1477 1294 2  time 8.40794 2405.86
Iteration 585  lb 1133617 ub 3340342  cores 1479 1296 2  time 8.41318 2415.14
Iteration 586  lb 1133617 ub 3340342  cores 1481 1298 2  time 8.42037 2421.17
Iteration 587  lb 1133617 ub 3340342  cores 1483 1299 2  time 8.42772 2430.05
Iteration 588  lb 1133617 ub 3340342  cores 1485 1301 2  time 8.43585 2437
Iteration 589  lb 1133617 ub 3340342  cores 1488 1304 3  time 8.45176 2446.35
Iteration 590  lb 1133617 ub 3340342  cores 1490 1306 2  time 8.45607 2455.31
Iteration 591  lb 1133617 ub 3340342  cores 1492 1308 2  time 8.4671 2462.39
Iteration 592  lb 1133617 ub 3340342  cores 1495 1311 3  time 8.52114 2471.26
Iteration 593  lb 1133617 ub 3340342  cores 1497 1312 2  time 8.52641 2478.1
Iteration 594  lb 1133617 ub 3340342  cores 1499 1314 2  time 8.5331 2485.49
Iteration 595  lb 1133617 ub 3340342  cores 1502 1317 3  time 8.5687 2493.98
Iteration 596  lb 1133617 ub 3340342  cores 1504 1319 2  time 8.58311 2502.63
Iteration 597  lb 1133617 ub 3340342  cores 1506 1321 2  time 8.59641 2511.64
Iteration 598  lb 1133617 ub 3340342  cores 1509 1324 3  time 8.61453 2522.91
Iteration 599  lb 1133617 ub 3340342  cores 1511 1326 2  time 8.62191 2530.94
Iteration 600  lb 1133617 ub 3340342  cores 1513 1328 2  time 8.63516 2538.27
Iteration 601  lb 1133618 ub 3340342  cores 1516 1331 3  time 8.65782 2563.04
Iteration 602  lb 1133618 ub 3340342  cores 1518 1333 2  time 8.67383 2573.01
Iteration 603  lb 1133618 ub 3340342  cores 1520 1334 2  time 8.68098 2591.44
Iteration 604  lb 1133618 ub 3340342  cores 1522 1335 2  time 8.68535 2600.61
Iteration 605  lb 1133618 ub 3340342  cores 1524 1336 2  time 8.69081 2610.11
Iteration 606  lb 1133618 ub 3340342  cores 1526 1337 2  time 8.69487 2622.2
Iteration 607  lb 1133618 ub 3340342  cores 1528 1339 2  time 8.69835 2630.74
Iteration 608  lb 1133618 ub 3340342  cores 1530 1339 2  time 8.70295 2638.81
Iteration 609  lb 1133618 ub 3340342  cores 1532 1341 2  time 8.71554 2649.63
Iteration 610  lb 1133618 ub 3340342  cores 1534 1343 2  time 8.72446 2658.48
Iteration 611  lb 1133618 ub 3340342  cores 1537 1346 3  time 8.74173 2667.28
Iteration 612  lb 1133618 ub 3340342  cores 1539 1348 2  time 8.7537 2679.21
Iteration 613  lb 1133618 ub 3340342  cores 1541 1349 2  time 8.76091 2689.32
Iteration 614  lb 1133618 ub 3340342  cores 1543 1351 2  time 8.7688 2700.32
Iteration 615  lb 1133618 ub 3340342  cores 1545 1353 2  time 8.78044 2710.41
Iteration 616  lb 1133618 ub 3340342  cores 1547 1352 2  time 8.78545 2721.05
Iteration 617  lb 1133618 ub 3340342  cores 1549 1354 2  time 8.7935 2731.92
Iteration 618  lb 1133618 ub 3340342  cores 1551 1354 2  time 8.79782 2742.01
Iteration 619  lb 1133618 ub 3340342  cores 1553 1355 2  time 8.805 2752.13
Iteration 620  lb 1133618 ub 3340342  cores 1555 1357 2  time 8.81967 2760.77
Iteration 621  lb 1133618 ub 3340342  cores 1557 1359 2  time 8.82631 2770.33
Iteration 622  lb 1133618 ub 3340342  cores 1559 1360 2  time 8.83031 2782.11
Iteration 623  lb 1133618 ub 3340342  cores 1562 1363 3  time 8.85543 2791.35
Iteration 624  lb 1133618 ub 3340342  cores 1564 1365 2  time 8.86317 2800.76
Iteration 625  lb 1133618 ub 3340342  cores 1566 1367 2  time 8.86909 2808.82
Iteration 626  lb 1133618 ub 3340342  cores 1568 1368 2  time 8.88489 2818.07
Iteration 627  lb 1133618 ub 3340342  cores 1570 1368 2  time 8.89616 2828.99
Iteration 628  lb 1133618 ub 3340342  cores 1572 1368 2  time 8.90933 2837.26
Iteration 629  lb 1133618 ub 3340342  cores 1574 1369 2  time 8.92398 2845.8
Iteration 630  lb 1133618 ub 3340342  cores 1576 1371 2  time 8.92999 2854.45
Iteration 631  lb 1133618 ub 3340342  cores 1578 1373 2  time 8.93724 2862.15
Iteration 632  lb 1133618 ub 3340342  cores 1580 1375 2  time 8.94251 2871.19
Iteration 633  lb 1133618 ub 3340342  cores 1582 1377 2  time 8.94848 2881.43
Iteration 634  lb 1133618 ub 3340342  cores 1584 1379 2  time 8.95463 2890.29
Iteration 635  lb 1133618 ub 3340342  cores 1586 1380 2  time 8.96082 2901.01
Iteration 636  lb 1133618 ub 3340342  cores 1588 1381 2  time 8.96917 2910.15
Iteration 637  lb 1133618 ub 3340342  cores 1590 1383 2  time 8.97811 2919.8
Iteration 638  lb 1133618 ub 3340342  cores 1592 1385 2  time 8.98175 2928.55
Iteration 639  lb 1133618 ub 3340342  cores 1594 1386 2  time 8.99429 2936.64
Iteration 640  lb 1133618 ub 3340342  cores 1596 1387 2  time 8.99815 2945.88
Iteration 641  lb 1133618 ub 3340342  cores 1598 1389 2  time 9.00576 2956.89
Iteration 642  lb 1133618 ub 3340342  cores 1600 1391 2  time 9.01246 2967.53
Iteration 643  lb 1133618 ub 3340342  cores 1602 1392 2  time 9.03249 2977.47
Iteration 644  lb 1133618 ub 3340342  cores 1604 1392 2  time 9.05536 2986.38
Iteration 645  lb 1133618 ub 3340342  cores 1606 1394 2  time 9.06178 2996.35
Iteration 646  lb 1133618 ub 3340342  cores 1608 1395 2  time 9.07495 3004.65
Iteration 647  lb 1133618 ub 3340342  cores 1610 1397 2  time 9.08352 3012.7
Iteration 648  lb 1133618 ub 3340342  cores 1612 1399 2  time 9.09041 3022.82
Iteration 649  lb 1133618 ub 3340342  cores 1614 1401 2  time 9.09867 3031.84
Iteration 650  lb 1133618 ub 3340342  cores 1616 1403 2  time 9.10578 3039.54
Iteration 651  lb 1133618 ub 3340342  cores 1618 1404 2  time 9.11038 3048.67
Iteration 652  lb 1133618 ub 3340342  cores 1620 1406 2  time 9.11518 3057
Iteration 653  lb 1133618 ub 3340342  cores 1622 1408 2  time 9.12805 3064.29
Iteration 654  lb 1133618 ub 3340342  cores 1624 1410 2  time 9.13241 3073.05
Iteration 655  lb 1133618 ub 3340342  cores 1626 1412 2  time 9.13731 3081.96
Iteration 656  lb 1133618 ub 3340342  cores 1628 1414 2  time 9.1457 3090.6
Iteration 657  lb 1133618 ub 3340342  cores 1631 1417 3  time 9.15451 3099.71
Iteration 658  lb 1133618 ub 3340342  cores 1633 1419 2  time 9.16324 3107.8
Iteration 659  lb 1133618 ub 3340342  cores 1635 1421 2  time 9.1712 3118.81
Iteration 660  lb 1133618 ub 3340342  cores 1637 1423 2  time 9.18006 3127.07
Iteration 661  lb 1133618 ub 3340342  cores 1639 1423 2  time 9.18502 3135.89
Iteration 662  lb 1133618 ub 3340342  cores 1641 1424 2  time 9.1898 3147.37
Iteration 663  lb 1133618 ub 3340342  cores 1644 1427 3  time 9.19852 3155.52
Iteration 664  lb 1133618 ub 3340342  cores 1646 1428 2  time 9.20609 3163.93
Iteration 665  lb 1133618 ub 3340342  cores 1649 1431 3  time 9.2258 3171.96
Iteration 666  lb 1133618 ub 3340342  cores 1651 1432 2  time 9.233 3180.67
Iteration 667  lb 1133618 ub 3340342  cores 1654 1435 3  time 9.24105 3189.61
Iteration 668  lb 1133618 ub 3340342  cores 1656 1436 2  time 9.24553 3197.15
Iteration 669  lb 1133618 ub 3340342  cores 1658 1438 2  time 9.2533 3207.89
Iteration 670  lb 1133618 ub 3340342  cores 1660 1439 2  time 9.26097 3218.09
Iteration 671  lb 1133618 ub 3340342  cores 1662 1441 2  time 9.26719 3227.29
Iteration 672  lb 1133618 ub 3340342  cores 1664 1443 2  time 9.27206 3237.6
Iteration 673  lb 1133618 ub 3340342  cores 1666 1445 2  time 9.27919 3246.07
Iteration 674  lb 1133618 ub 3340342  cores 1668 1446 2  time 9.28619 3255.11
Iteration 675  lb 1133618 ub 3340342  cores 1670 1447 2  time 9.29129 3263.64
Iteration 676  lb 1133618 ub 3340342  cores 1672 1449 2  time 9.29742 3272.59
Iteration 677  lb 1133618 ub 3340342  cores 1674 1451 2  time 9.30817 3283.84
Iteration 678  lb 1133618 ub 3340342  cores 1676 1452 2  time 9.31394 3294.55
Iteration 679  lb 1133618 ub 3340342  cores 1678 1453 2  time 9.31931 3304.16
Iteration 680  lb 1133618 ub 3340342  cores 1680 1455 2  time 9.3292 3312.33
Iteration 681  lb 1133618 ub 3340342  cores 1682 1457 2  time 9.3354 3320.48
Iteration 682  lb 1133618 ub 3340342  cores 1684 1459 2  time 9.33979 3329.36
Iteration 683  lb 1133618 ub 3340342  cores 1686 1458 2  time 9.34449 3338.11
Iteration 684  lb 1133618 ub 3340342  cores 1688 1459 2  time 9.35648 3346.58
Iteration 685  lb 1133618 ub 3340342  cores 1690 1461 2  time 9.37924 3355.53
Iteration 686  lb 1133618 ub 3340342  cores 1692 1462 2  time 9.38751 3363.57
Iteration 687  lb 1133618 ub 3340342  cores 1695 1463 3  time 9.3979 3372.15
Iteration 688  lb 1133618 ub 3340342  cores 1697 1465 2  time 9.40504 3379.84
Iteration 689  lb 1133618 ub 3340342  cores 1699 1467 2  time 9.41056 3387.73
Iteration 690  lb 1133618 ub 3340342  cores 1701 1468 2  time 9.41737 3395.98
Iteration 691  lb 1133618 ub 3340342  cores 1703 1470 2  time 9.42583 3404.36
Iteration 692  lb 1133618 ub 3340342  cores 1705 1472 2  time 9.43103 3413.78
Iteration 693  lb 1133618 ub 3340342  cores 1707 1472 2  time 9.43777 3424.28
Iteration 694  lb 1133618 ub 3340342  cores 1709 1474 2  time 9.44866 3433.33
Iteration 695  lb 1133618 ub 3340342  cores 1711 1476 2  time 9.45453 3442.02
Iteration 696  lb 1133618 ub 3340342  cores 1713 1477 2  time 9.46024 3449.79
Iteration 697  lb 1133618 ub 3340342  cores 1715 1479 2  time 9.46498 3458.94
Iteration 698  lb 1133618 ub 3340342  cores 1718 1482 3  time 9.51833 3465.82
Iteration 699  lb 1133618 ub 3340342  cores 1720 1484 2  time 9.53028 3473.98
Iteration 700  lb 1133618 ub 3340342  cores 1723 1487 3  time 9.5455 3480.34
Iteration 701  lb 1133618 ub 3340342  cores 1725 1489 2  time 9.55472 3487.94
Iteration 702  lb 1133618 ub 3340342  cores 1727 1491 2  time 9.56544 3495.93
Iteration 703  lb 1133618 ub 3340342  cores 1729 1492 2  time 9.57332 3504.96
Iteration 704  lb 1133618 ub 3340342  cores 1731 1494 2  time 9.57898 3512.57
Iteration 705  lb 1133618 ub 3340342  cores 1733 1495 2  time 9.58601 3520.73
Iteration 706  lb 1133618 ub 3340342  cores 1735 1497 2  time 9.59191 3528.63
Iteration 707  lb 1133618 ub 3340342  cores 1737 1498 2  time 9.59703 3540.18
Iteration 708  lb 1133618 ub 3340342  cores 1739 1499 2  time 9.60336 3551.65
Iteration 709  lb 1133619 ub 3340342  cores 1741 1500 2  time 9.62576 3562.1
Iteration 710  lb 1133619 ub 3340342  cores 1743 1501 2  time 9.64029 3570.07
Iteration 711  lb 1133619 ub 3340342  cores 1745 1502 2  time 9.64797 3579
Iteration 712  lb 1133619 ub 3340342  cores 1747 1504 2  time 9.65417 3588.41
