lb 1959818 ub 4441369 before adjustment
lb 0 ub 2481551 after adjustment
costs ready
21 variables 159 functions 1959818 lb, 2481551 ub
Iteration 0  lb 1959821 ub 4441369  cores 2 2 2  time 0.032984 0.066377
Iteration 1  lb 1959822 ub 4441369  cores 4 4 2  time 0.038894 0.119026
Iteration 2  lb 1959822 ub 4441369  cores 6 6 2  time 0.047245 0.140158
Iteration 3  lb 1959823 ub 4441369  cores 8 7 2  time 0.050765 0.163786
Iteration 4  lb 1959823 ub 4441369  cores 10 7 2  time 0.053931 0.185939
Iteration 5  lb 1959824 ub 4441369  cores 12 8 2  time 0.062451 0.209594
Iteration 6  lb 1959824 ub 4441369  cores 14 10 2  time 0.066457 0.230709
Iteration 7  lb 1959824 ub 4441369  cores 16 11 2  time 0.070597 0.252604
Iteration 8  lb 1959825 ub 4441369  cores 18 13 2  time 0.074015 0.276149
Iteration 9  lb 1959826 ub 4441369  cores 20 15 2  time 0.115241 0.297346
Iteration 10  lb 1959828 ub 4441369  cores 22 17 2  time 0.1354 0.320791
Iteration 11  lb 1959828 ub 4441369  cores 24 19 2  time 0.157538 0.344838
Iteration 12  lb 1959829 ub 4441369  cores 26 21 2  time 0.16718 0.371202
Iteration 13  lb 1959829 ub 4441369  cores 28 23 2  time 0.198239 0.400207
Iteration 14  lb 1959830 ub 4441369  cores 30 23 2  time 0.204331 0.428651
Iteration 15  lb 1959830 ub 4441369  cores 32 25 2  time 0.216424 0.4764
Iteration 16  lb 1959830 ub 4441369  cores 34 27 2  time 0.229775 0.514625
Iteration 17  lb 1959830 ub 4441369  cores 36 29 2  time 0.237739 0.559756
Iteration 18  lb 1959831 ub 4441369  cores 38 31 2  time 0.250323 0.606271
Iteration 19  lb 1959831 ub 4441369  cores 40 33 2  time 0.266822 0.646372
Iteration 20  lb 1959831 ub 4441369  cores 42 35 2  time 0.283231 0.69868
Iteration 21  lb 1959832 ub 4441369  cores 44 37 2  time 0.298111 0.76613
Iteration 22  lb 1959832 ub 4441369  cores 46 38 2  time 0.312801 0.825149
Iteration 23  lb 1959832 ub 4441369  cores 47 39 1  time 0.350477 0.902458
Iteration 24  lb 1959832 ub 4441369  cores 49 41 2  time 0.360717 0.997365
Iteration 25  lb 1959832 ub 4441369  cores 50 42 1  time 0.364507 1.07713
Iteration 26  lb 1959832 ub 4441369  cores 52 44 2  time 0.372948 1.1216
Iteration 27  lb 1959833 ub 4441369  cores 54 46 2  time 0.377589 1.18223
Iteration 28  lb 1959833 ub 4441369  cores 56 48 2  time 0.391269 1.22703
Iteration 29  lb 1959833 ub 4441369  cores 57 49 1  time 0.4079 1.29685
Iteration 30  lb 1959833 ub 4441369  cores 59 50 2  time 0.433218 1.375
Iteration 31  lb 1959833 ub 4441369  cores 61 52 2  time 0.47171 1.44509
Iteration 32  lb 1959834 ub 4441369  cores 63 54 2  time 0.494656 1.50474
Iteration 33  lb 1959834 ub 4441369  cores 65 56 2  time 0.516503 1.57412
Iteration 34  lb 1959834 ub 4441369  cores 67 58 2  time 0.565096 1.62799
Iteration 35  lb 1959834 ub 4441369  cores 69 60 2  time 0.583432 1.67869
Iteration 36  lb 1959834 ub 4441369  cores 71 62 2  time 0.599866 1.76654
Iteration 37  lb 1959834 ub 4441369  cores 73 64 2  time 0.634874 1.85853
Iteration 38  lb 1959835 ub 4441369  cores 76 67 3  time 0.666393 1.95964
Iteration 39  lb 1959835 ub 4441369  cores 78 69 2  time 0.701675 2.05079
Iteration 40  lb 1959835 ub 4441369  cores 80 71 2  time 0.713704 2.15861
Iteration 41  lb 1959835 ub 4441369  cores 83 74 3  time 0.728115 2.28288
Iteration 42  lb 1959835 ub 4441369  cores 85 76 2  time 0.756622 2.37756
Iteration 43  lb 1959836 ub 4441369  cores 87 78 2  time 0.787591 2.45497
Iteration 44  lb 1959836 ub 4441369  cores 89 80 2  time 0.795303 2.5279
Iteration 45  lb 1959836 ub 4441369  cores 91 81 2  time 0.807882 2.61324
Iteration 46  lb 1959836 ub 4441369  cores 93 83 2  time 0.815751 2.68942
Iteration 47  lb 1959836 ub 4441369  cores 95 84 2  time 0.822812 2.77404
Iteration 48  lb 1959836 ub 4441369  cores 97 86 2  time 0.892561 2.89201
Iteration 49  lb 1959837 ub 4441369  cores 99 88 2  time 0.909408 2.96889
Iteration 50  lb 1959837 ub 4441369  cores 101 90 2  time 0.940504 3.02937
Iteration 51  lb 1959837 ub 4441369  cores 103 92 2  time 0.96834 3.14646
Iteration 52  lb 1959837 ub 4441369  cores 105 94 2  time 0.977342 3.26203
Iteration 53  lb 1959837 ub 4441369  cores 107 96 2  time 0.989085 3.36075
Iteration 54  lb 1959837 ub 4441369  cores 109 98 2  time 0.994284 3.4986
Iteration 55  lb 1959837 ub 4441369  cores 111 100 2  time 1.00349 3.60273
Iteration 56  lb 1959838 ub 4441369  cores 113 102 2  time 1.00754 3.73092
Iteration 57  lb 1959838 ub 4441369  cores 115 103 2  time 1.0129 3.8929
Iteration 58  lb 1959838 ub 4441369  cores 117 105 2  time 1.01916 3.99671
Iteration 59  lb 1959838 ub 4441369  cores 119 107 2  time 1.02513 4.20602
Iteration 60  lb 1959838 ub 4441369  cores 121 109 2  time 1.03817 4.33069
Iteration 61  lb 1959838 ub 4441369  cores 123 111 2  time 1.04301 4.50218
Iteration 62  lb 1959838 ub 4441369  cores 124 112 1  time 1.04558 4.78336
Iteration 63  lb 1959838 ub 4441369  cores 126 113 2  time 1.05314 4.93328
Iteration 64  lb 1959838 ub 4441369  cores 128 115 2  time 1.05768 5.07559
Iteration 65  lb 1959838 ub 4441369  cores 130 117 2  time 1.0636 5.22078
Iteration 66  lb 1959838 ub 4441369  cores 132 119 2  time 1.07054 5.36169
Iteration 67  lb 1959838 ub 4441369  cores 134 121 2  time 1.07588 5.55919
Iteration 68  lb 1959839 ub 4441369  cores 136 123 2  time 1.09976 5.67319
Iteration 69  lb 1959839 ub 4441369  cores 138 125 2  time 1.10889 5.78986
Iteration 70  lb 1959839 ub 4441369  cores 140 126 2  time 1.11373 5.89291
Iteration 71  lb 1959839 ub 4441369  cores 142 127 2  time 1.11998 6.01578
Iteration 72  lb 1959839 ub 4441369  cores 143 128 1  time 1.12224 6.15269
Iteration 73  lb 1959839 ub 4441369  cores 145 130 2  time 1.14067 6.33429
Iteration 74  lb 1959839 ub 4441369  cores 147 132 2  time 1.14739 6.46031
Iteration 75  lb 1959839 ub 4441369  cores 149 134 2  time 1.15537 6.54763
Iteration 76  lb 1959839 ub 4441369  cores 151 135 2  time 1.15935 6.78547
Iteration 77  lb 1959839 ub 4441369  cores 153 137 2  time 1.16895 6.95842
Iteration 78  lb 1959839 ub 4441369  cores 155 139 2  time 1.19314 7.13268
Iteration 79  lb 1959840 ub 4441369  cores 157 141 2  time 1.1971 7.33526
Iteration 80  lb 1959840 ub 4441369  cores 159 143 2  time 1.21668 7.57718
Iteration 81  lb 1959840 ub 4441369  cores 161 144 2  time 1.23503 7.70032
Iteration 82  lb 1959840 ub 4441369  cores 163 146 2  time 1.24211 7.83024
Iteration 83  lb 1959840 ub 4441369  cores 165 148 2  time 1.25663 8.04123
Iteration 84  lb 1959840 ub 4441369  cores 166 149 1  time 1.25847 8.21788
Iteration 85  lb 1959840 ub 4441369  cores 167 150 1  time 1.2605 8.53625
Iteration 86  lb 1959840 ub 4441369  cores 169 150 2  time 1.27763 8.87614
Iteration 87  lb 1959840 ub 4441369  cores 171 150 2  time 1.28151 9.01484
Iteration 88  lb 1959840 ub 4441369  cores 173 152 2  time 1.29198 9.22157
Iteration 89  lb 1959840 ub 4441369  cores 175 154 2  time 1.31177 9.42217
Iteration 90  lb 1959840 ub 4441369  cores 177 156 2  time 1.31597 9.71497
Iteration 91  lb 1959840 ub 4441369  cores 178 157 1  time 1.32431 9.96685
Iteration 92  lb 1959841 ub 4441369  cores 180 159 2  time 1.34035 10.1661
Iteration 93  lb 1959841 ub 4441369  cores 182 161 2  time 1.37056 10.444
Iteration 94  lb 1959841 ub 4441369  cores 183 162 1  time 1.37504 10.7151
Iteration 95  lb 1959841 ub 4441369  cores 185 164 2  time 1.381 11.1049
Iteration 96  lb 1959841 ub 4441369  cores 187 165 2  time 1.3962 11.3124
Iteration 97  lb 1959841 ub 4441369  cores 188 166 1  time 1.40017 11.5236
Iteration 98  lb 1959841 ub 4441369  cores 190 168 2  time 1.40664 11.7881
Iteration 99  lb 1959841 ub 4441369  cores 192 170 2  time 1.41608 11.9539
Iteration 100  lb 1959841 ub 4441369  cores 193 171 1  time 1.42003 12.1867
Iteration 101  lb 1959841 ub 4441369  cores 195 171 2  time 1.42664 12.3892
Iteration 102  lb 1959841 ub 4441369  cores 196 172 1  time 1.43164 12.619
Iteration 103  lb 1959841 ub 4441369  cores 198 174 2  time 1.44013 12.9825
Iteration 104  lb 1959841 ub 4441369  cores 200 176 2  time 1.44719 13.2977
Iteration 105  lb 1959841 ub 4441369  cores 201 177 1  time 1.4642 13.6554
Iteration 106  lb 1959841 ub 4441369  cores 203 179 2  time 1.47054 13.9647
Iteration 107  lb 1959842 ub 4441369  cores 204 180 1  time 1.48682 14.2881
Iteration 108  lb 1959842 ub 4441369  cores 206 182 2  time 1.49731 14.5404
Iteration 109  lb 1959842 ub 4441369  cores 207 183 1  time 1.50181 14.9177
Iteration 110  lb 1959842 ub 4441369  cores 209 185 2  time 1.5077 15.3732
Iteration 111  lb 1959842 ub 4441369  cores 211 186 2  time 1.52108 15.635
Iteration 112  lb 1959842 ub 4441369  cores 213 188 2  time 1.53712 16.0922
Iteration 113  lb 1959842 ub 4441369  cores 214 189 1  time 1.53976 16.6087
Iteration 114  lb 1959842 ub 4441369  cores 215 190 1  time 1.5426 17.0074
Iteration 115  lb 1959842 ub 4441369  cores 217 192 2  time 1.55517 17.4426
Iteration 116  lb 1959842 ub 4441369  cores 219 194 2  time 1.80553 17.6296
Iteration 117  lb 1959842 ub 4441369  cores 221 196 2  time 1.83206 18.1135
Iteration 118  lb 1959843 ub 4441369  cores 223 197 2  time 1.85059 18.3885
Iteration 119  lb 1959843 ub 4441369  cores 225 197 2  time 1.87083 18.5914
Iteration 120  lb 1959844 ub 4441369  cores 227 199 2  time 1.88716 18.8247
Iteration 121  lb 1959845 ub 4441369  cores 229 201 2  time 1.92209 19.0467
Iteration 122  lb 1959845 ub 4441369  cores 231 203 2  time 1.9322 19.2095
Iteration 123  lb 1959845 ub 4441369  cores 233 205 2  time 1.94074 19.4374
Iteration 124  lb 1959845 ub 4441369  cores 235 207 2  time 1.95385 19.6206
Iteration 125  lb 1959845 ub 4441369  cores 237 209 2  time 1.9678 19.7906
Iteration 126  lb 1959845 ub 4441369  cores 239 211 2  time 1.98448 20.2171
Iteration 127  lb 1959845 ub 4441369  cores 241 212 2  time 1.9909 20.539
Iteration 128  lb 1959845 ub 4441369  cores 243 214 2  time 2.00452 21.0717
Iteration 129  lb 1959845 ub 4441369  cores 245 215 2  time 2.01644 21.3452
Iteration 130  lb 1959845 ub 4441369  cores 247 217 2  time 2.02781 21.8293
Iteration 131  lb 1959845 ub 4441369  cores 249 219 2  time 2.0436 22.0881
Iteration 132  lb 1959845 ub 4441369  cores 251 221 2  time 2.05299 22.4635
Iteration 133  lb 1959845 ub 4441369  cores 253 223 2  time 2.07116 22.6899
Iteration 134  lb 1959845 ub 4441369  cores 255 225 2  time 2.07923 23.0973
Iteration 135  lb 1959845 ub 4441369  cores 257 227 2  time 2.09254 23.4983
Iteration 136  lb 1959845 ub 4441369  cores 259 229 2  time 2.09864 23.9904
Iteration 137  lb 1959846 ub 4441369  cores 261 231 2  time 2.11111 24.38
Iteration 138  lb 1959846 ub 4441369  cores 263 233 2  time 2.1256 24.834
Iteration 139  lb 1959846 ub 4441369  cores 265 233 2  time 2.13335 25.3472
Iteration 140  lb 1959846 ub 4441369  cores 267 235 2  time 2.13977 25.6313
Iteration 141  lb 1959846 ub 4441369  cores 269 237 2  time 2.14984 26.1028
Iteration 142  lb 1959846 ub 4441369  cores 271 237 2  time 2.15904 26.5258
Iteration 143  lb 1959846 ub 4441369  cores 273 237 2  time 2.1695 26.9417
Iteration 144  lb 1959846 ub 4441369  cores 275 239 2  time 2.1774 27.1735
Iteration 145  lb 1959846 ub 4441369  cores 277 241 2  time 2.18456 27.7754
Iteration 146  lb 1959846 ub 4441369  cores 279 243 2  time 2.1916 28.2326
Iteration 147  lb 1959846 ub 4441369  cores 281 245 2  time 2.21516 29.0278
Iteration 148  lb 1959846 ub 4441369  cores 283 246 2  time 2.22076 29.2655
Iteration 149  lb 1959846 ub 4441369  cores 285 248 2  time 2.22579 29.7279
Iteration 150  lb 1959846 ub 4441369  cores 287 250 2  time 2.24631 30.162
Iteration 151  lb 1959846 ub 4441369  cores 289 252 2  time 2.25869 30.5798
Iteration 152  lb 1959847 ub 4441369  cores 291 254 2  time 2.26723 31.2531
Iteration 153  lb 1959847 ub 4441369  cores 293 255 2  time 2.27268 31.8293
Iteration 154  lb 1959847 ub 4441369  cores 295 257 2  time 2.28349 32.3134
Iteration 155  lb 1959847 ub 4441369  cores 297 259 2  time 2.29118 32.7746
Iteration 156  lb 1959847 ub 4441369  cores 299 261 2  time 2.29681 33.2086
Iteration 157  lb 1959847 ub 4441369  cores 301 263 2  time 2.30169 33.9643
Iteration 158  lb 1959847 ub 4441369  cores 303 265 2  time 2.30944 34.4476
Iteration 159  lb 1959847 ub 4441369  cores 305 267 2  time 2.31644 35.0557
Iteration 160  lb 1959847 ub 4441369  cores 307 269 2  time 2.32414 35.4947
Iteration 161  lb 1959847 ub 4441369  cores 309 271 2  time 2.33663 36.0133
Iteration 162  lb 1959847 ub 4441369  cores 311 273 2  time 2.34682 36.7465
Iteration 163  lb 1959847 ub 4441369  cores 313 274 2  time 2.35558 37.2518
Iteration 164  lb 1959847 ub 4441369  cores 315 276 2  time 2.36045 37.8607
Iteration 165  lb 1959847 ub 4441369  cores 317 278 2  time 2.36645 38.2901
Iteration 166  lb 1959847 ub 4441369  cores 319 280 2  time 2.37499 38.9915
Iteration 167  lb 1959847 ub 4441369  cores 321 282 2  time 2.38408 39.5754
Iteration 168  lb 1959847 ub 4441369  cores 323 284 2  time 2.39963 40.3213
Iteration 169  lb 1959848 ub 4441369  cores 325 286 2  time 2.40623 41.0116
Iteration 170  lb 1959848 ub 4441369  cores 327 288 2  time 2.42089 41.5716
Iteration 171  lb 1959848 ub 4441369  cores 329 286 2  time 2.43268 42.5219
Iteration 172  lb 1959848 ub 4441369  cores 331 288 2  time 2.43936 43.1741
Iteration 173  lb 1959848 ub 4441369  cores 333 290 2  time 2.45257 43.7558
Iteration 174  lb 1959848 ub 4441369  cores 335 292 2  time 2.45922 44.5865
Iteration 175  lb 1959848 ub 4441369  cores 337 293 2  time 2.4679 45.2136
Iteration 176  lb 1959848 ub 4441369  cores 339 295 2  time 2.4733 46.0137
Iteration 177  lb 1959848 ub 4441369  cores 341 296 2  time 2.48238 46.8026
Iteration 178  lb 1959848 ub 4441369  cores 343 298 2  time 2.49192 47.4073
Iteration 179  lb 1959848 ub 4441369  cores 345 300 2  time 2.50008 48.1982
Iteration 180  lb 1959848 ub 4441369  cores 347 302 2  time 2.50961 48.8601
Iteration 181  lb 1959848 ub 4441369  cores 349 304 2  time 2.51562 49.3821
Iteration 182  lb 1959848 ub 4441369  cores 351 306 2  time 2.52137 50.0842
Iteration 183  lb 1959848 ub 4441369  cores 353 308 2  time 2.52451 50.8299
Iteration 184  lb 1959848 ub 4441369  cores 355 310 2  time 2.53044 51.5338
Iteration 185  lb 1959848 ub 4441369  cores 357 311 2  time 2.53685 52.0823
Iteration 186  lb 1959848 ub 4441369  cores 359 312 2  time 2.54569 52.6925
Iteration 187  lb 1959848 ub 4441369  cores 361 314 2  time 2.55021 53.43
Iteration 188  lb 1959848 ub 4441369  cores 363 315 2  time 2.55938 53.8384
Iteration 189  lb 1959848 ub 4441369  cores 365 317 2  time 2.56353 54.8566
Iteration 190  lb 1959848 ub 4441369  cores 367 319 2  time 2.57303 55.8038
Iteration 191  lb 1959848 ub 4441369  cores 369 320 2  time 2.58273 56.481
Iteration 192  lb 1959848 ub 4441369  cores 371 322 2  time 2.58835 57.553
Iteration 193  lb 1959848 ub 4441369  cores 373 323 2  time 2.59542 58.3653
Iteration 194  lb 1959848 ub 4441369  cores 375 325 2  time 2.60174 59.0809
Iteration 195  lb 1959848 ub 4441369  cores 377 327 2  time 2.60709 59.6979
Iteration 196  lb 1959848 ub 4441369  cores 379 327 2  time 2.61353 60.6477
Iteration 197  lb 1959848 ub 4441369  cores 381 329 2  time 2.61862 61.3515
Iteration 198  lb 1959848 ub 4441369  cores 383 331 2  time 2.63267 62.5811
Iteration 199  lb 1959848 ub 4441369  cores 385 331 2  time 2.63835 63.2573
Iteration 200  lb 1959849 ub 4441369  cores 387 333 2  time 2.64328 63.8887
Iteration 201  lb 1959849 ub 4441369  cores 389 335 2  time 2.64887 64.8404
Iteration 202  lb 1959849 ub 4441369  cores 391 335 2  time 2.65673 65.6804
Iteration 203  lb 1959849 ub 4441369  cores 393 336 2  time 2.66839 66.5943
Iteration 204  lb 1959849 ub 4441369  cores 395 338 2  time 2.67324 67.3143
Iteration 205  lb 1959849 ub 4441369  cores 397 340 2  time 2.68998 68.4097
Iteration 206  lb 1959849 ub 4441369  cores 399 342 2  time 2.69561 69.1868
Iteration 207  lb 1959849 ub 4441369  cores 401 344 2  time 2.70365 70.0183
Iteration 208  lb 1959849 ub 4441369  cores 403 345 2  time 2.7134 71.0776
Iteration 209  lb 1959849 ub 4441369  cores 405 347 2  time 2.72258 71.7965
Iteration 210  lb 1959849 ub 4441369  cores 407 349 2  time 2.73525 72.6738
Iteration 211  lb 1959849 ub 4441369  cores 409 351 2  time 2.73899 73.4931
Iteration 212  lb 1959849 ub 4441369  cores 411 353 2  time 2.75079 74.5565
Iteration 213  lb 1959849 ub 4441369  cores 413 352 2  time 2.75758 75.5855
Iteration 214  lb 1959849 ub 4441369  cores 415 352 2  time 2.76643 76.3644
Iteration 215  lb 1959849 ub 4441369  cores 417 353 2  time 2.77677 77.3649
Iteration 216  lb 1959849 ub 4441369  cores 419 355 2  time 2.78645 78.4132
Iteration 217  lb 1959849 ub 4441369  cores 421 357 2  time 2.79697 79.2201
Iteration 218  lb 1959849 ub 4441369  cores 423 359 2  time 2.80803 80.0691
Iteration 219  lb 1959849 ub 4441369  cores 425 358 2  time 2.81667 81.019
Iteration 220  lb 1959849 ub 4441369  cores 427 359 2  time 2.82394 81.9804
Iteration 221  lb 1959849 ub 4441369  cores 429 361 2  time 2.82767 83.0704
Iteration 222  lb 1959849 ub 4441369  cores 431 363 2  time 2.83404 83.8565
Iteration 223  lb 1959849 ub 4441369  cores 433 365 2  time 2.84008 84.6747
Iteration 224  lb 1959849 ub 4441369  cores 435 365 2  time 2.84381 85.6008
Iteration 225  lb 1959849 ub 4441369  cores 437 367 2  time 2.85122 86.3979
Iteration 226  lb 1959849 ub 4441369  cores 439 369 2  time 2.85863 87.1636
Iteration 227  lb 1959849 ub 4441369  cores 441 370 2  time 2.87433 88.4264
Iteration 228  lb 1959849 ub 4441369  cores 443 371 2  time 2.88872 89.5862
Iteration 229  lb 1959849 ub 4441369  cores 445 372 2  time 2.89708 90.2938
Iteration 230  lb 1959849 ub 4441369  cores 446 373 1  time 2.90085 91.2942
Iteration 231  lb 1959849 ub 4441369  cores 448 374 2  time 2.9078 92.2802
Iteration 232  lb 1959849 ub 4441369  cores 450 376 2  time 2.91716 93.4198
Iteration 233  lb 1959849 ub 4441369  cores 452 378 2  time 2.92281 94.5856
Iteration 234  lb 1959849 ub 4441369  cores 454 380 2  time 2.92983 95.6927
Iteration 235  lb 1959849 ub 4441369  cores 456 382 2  time 2.93838 96.7691
Iteration 236  lb 1959849 ub 4441369  cores 458 384 2  time 2.94375 97.8631
Iteration 237  lb 1959849 ub 4441369  cores 460 386 2  time 2.95893 99.0143
Iteration 238  lb 1959849 ub 4441369  cores 462 386 2  time 2.96625 99.8841
Iteration 239  lb 1959849 ub 4441369  cores 464 388 2  time 2.97008 101.079
Iteration 240  lb 1959849 ub 4441369  cores 466 390 2  time 2.97438 102.463
Iteration 241  lb 1959849 ub 4441369  cores 468 392 2  time 2.97985 103.734
Iteration 242  lb 1959849 ub 4441369  cores 470 394 2  time 2.98514 104.857
Iteration 243  lb 1959850 ub 4441369  cores 471 395 1  time 3.13402 105.928
Iteration 244  lb 1959850 ub 4441369  cores 473 397 2  time 3.14857 106.857
Iteration 245  lb 1959850 ub 4441369  cores 475 399 2  time 3.16069 107.687
Iteration 246  lb 1959850 ub 4441369  cores 477 401 2  time 3.17069 108.811
Iteration 247  lb 1959850 ub 4441369  cores 479 403 2  time 3.17809 109.709
Iteration 248  lb 1959850 ub 4441369  cores 481 405 2  time 3.18645 110.904
Iteration 249  lb 1959850 ub 4441369  cores 483 406 2  time 3.20315 111.969
Iteration 250  lb 1959850 ub 4441369  cores 485 408 2  time 3.21459 112.636
Iteration 251  lb 1959850 ub 4441369  cores 487 410 2  time 3.21875 113.51
Iteration 252  lb 1959850 ub 4441369  cores 489 412 2  time 3.22455 114.733
Iteration 253  lb 1959850 ub 4441369  cores 491 413 2  time 3.23137 115.798
Iteration 254  lb 1959850 ub 4441369  cores 493 415 2  time 3.2405 116.568
Iteration 255  lb 1959850 ub 4441369  cores 495 417 2  time 3.24726 117.455
Iteration 256  lb 1959850 ub 4441369  cores 497 419 2  time 3.25333 118.193
Iteration 257  lb 1959850 ub 4441369  cores 499 421 2  time 3.27165 118.86
Iteration 258  lb 1959850 ub 4441369  cores 501 423 2  time 3.28274 119.84
Iteration 259  lb 1959850 ub 4441369  cores 503 425 2  time 3.29323 120.828
Iteration 260  lb 1959850 ub 4441369  cores 505 424 2  time 3.30047 121.848
Iteration 261  lb 1959850 ub 4441369  cores 507 426 2  time 3.31084 122.557
Iteration 262  lb 1959850 ub 4441369  cores 509 428 2  time 3.32993 123.424
Iteration 263  lb 1959850 ub 4441369  cores 511 429 2  time 3.34368 124.145
Iteration 264  lb 1959850 ub 4441369  cores 513 430 2  time 3.34937 125.308
Iteration 265  lb 1959850 ub 4441369  cores 515 432 2  time 3.36001 126.356
Iteration 266  lb 1959851 ub 4441369  cores 517 434 2  time 3.36987 127.464
Iteration 267  lb 1959851 ub 4441369  cores 519 436 2  time 3.37575 128.543
Iteration 268  lb 1959851 ub 4441369  cores 521 438 2  time 3.38251 129.356
Iteration 269  lb 1959851 ub 4441369  cores 523 440 2  time 3.39032 130.627
Iteration 270  lb 1959851 ub 4441369  cores 525 441 2  time 3.40243 131.898
Iteration 271  lb 1959851 ub 4441369  cores 527 443 2  time 3.41093 132.681
Iteration 272  lb 1959851 ub 4441369  cores 529 444 2  time 3.4272 133.931
Iteration 273  lb 1959851 ub 4441369  cores 531 445 2  time 3.44502 135.132
Iteration 274  lb 1959851 ub 4441369  cores 533 447 2  time 3.45504 136.351
Iteration 275  lb 1959851 ub 4441369  cores 535 448 2  time 3.46956 137.502
Iteration 276  lb 1959851 ub 4441369  cores 537 450 2  time 3.47679 138.394
Iteration 277  lb 1959851 ub 4441369  cores 539 452 2  time 3.48336 139.414
Iteration 278  lb 1959851 ub 4441369  cores 541 451 2  time 3.49049 140.659
Iteration 279  lb 1959851 ub 4441369  cores 543 453 2  time 3.49847 141.552
Iteration 280  lb 1959851 ub 4441369  cores 545 452 2  time 3.50287 142.942
Iteration 281  lb 1959851 ub 4441369  cores 547 454 2  time 3.51072 144.353
Iteration 282  lb 1959851 ub 4441369  cores 549 456 2  time 3.51548 145.648
Iteration 283  lb 1959851 ub 4441369  cores 551 458 2  time 3.53638 146.58
Iteration 284  lb 1959851 ub 4441369  cores 553 459 2  time 3.54978 147.842
Iteration 285  lb 1959851 ub 4441369  cores 554 460 1  time 3.55374 149.327
Iteration 286  lb 1959851 ub 4441369  cores 556 460 2  time 3.55955 150.931
Iteration 287  lb 1959851 ub 4441369  cores 558 462 2  time 3.56895 152.381
Iteration 288  lb 1959851 ub 4441369  cores 559 463 1  time 3.57298 153.319
Iteration 289  lb 1959851 ub 4441369  cores 561 464 2  time 3.58149 154.516
Iteration 290  lb 1959851 ub 4441369  cores 563 465 2  time 3.58686 155.629
Iteration 291  lb 1959851 ub 4441369  cores 565 467 2  time 3.60515 157.168
Iteration 292  lb 1959851 ub 4441369  cores 567 469 2  time 3.61152 158.491
Iteration 293  lb 1959851 ub 4441369  cores 569 471 2  time 3.61717 159.984
Iteration 294  lb 1959851 ub 4441369  cores 571 472 2  time 3.62788 161.678
Iteration 295  lb 1959852 ub 4441369  cores 573 474 2  time 3.64032 163.328
Iteration 296  lb 1959852 ub 4441369  cores 574 475 1  time 3.64512 164.791
Iteration 297  lb 1959852 ub 4441369  cores 575 476 1  time 3.67982 165.855
Iteration 298  lb 1959852 ub 4441369  cores 577 476 2  time 3.69292 167.485
Iteration 299  lb 1959852 ub 4441369  cores 579 478 2  time 3.71124 168.634
Iteration 300  lb 1959852 ub 4441369  cores 581 480 2  time 3.71805 169.939
Iteration 301  lb 1959852 ub 4441369  cores 583 482 2  time 3.72405 171.038
Iteration 302  lb 1959852 ub 4441369  cores 585 484 2  time 3.72939 172.25
Iteration 303  lb 1959852 ub 4441369  cores 587 486 2  time 3.73448 173.272
Iteration 304  lb 1959852 ub 4441369  cores 589 487 2  time 3.74011 174.581
Iteration 305  lb 1959852 ub 4441369  cores 591 488 2  time 3.74458 176.09
Iteration 306  lb 1959852 ub 4441369  cores 593 490 2  time 3.75102 177.672
Iteration 307  lb 1959852 ub 4441369  cores 595 491 2  time 3.76169 179.539
Iteration 308  lb 1959852 ub 4441369  cores 597 493 2  time 3.76817 181.039
Iteration 309  lb 1959852 ub 4441369  cores 599 495 2  time 3.78567 182.919
Iteration 310  lb 1959852 ub 4441369  cores 601 497 2  time 3.7909 184.457
Iteration 311  lb 1959852 ub 4441369  cores 603 498 2  time 3.79656 185.895
Iteration 312  lb 1959852 ub 4441369  cores 605 500 2  time 3.80028 187.779
Iteration 313  lb 1959852 ub 4441369  cores 607 502 2  time 3.81638 189.02
Iteration 314  lb 1959852 ub 4441369  cores 609 504 2  time 3.82135 190.697
Iteration 315  lb 1959852 ub 4441369  cores 611 505 2  time 3.83189 191.428
Iteration 316  lb 1959852 ub 4441369  cores 613 507 2  time 3.84141 192.5
Iteration 317  lb 1959852 ub 4441369  cores 615 509 2  time 3.84964 194.174
Iteration 318  lb 1959852 ub 4441369  cores 617 510 2  time 3.85626 195.303
Iteration 319  lb 1959852 ub 4441369  cores 619 511 2  time 3.86578 196.261
Iteration 320  lb 1959852 ub 4441369  cores 621 513 2  time 3.88339 197.293
Iteration 321  lb 1959852 ub 4441369  cores 623 514 2  time 3.89078 198.447
Iteration 322  lb 1959852 ub 4441369  cores 625 516 2  time 3.90694 199.916
Iteration 323  lb 1959852 ub 4441369  cores 627 517 2  time 3.91108 201.777
Iteration 324  lb 1959852 ub 4441369  cores 629 519 2  time 3.91615 203.053
Iteration 325  lb 1959852 ub 4441369  cores 631 521 2  time 3.92213 204.321
Iteration 326  lb 1959852 ub 4441369  cores 633 523 2  time 3.92867 205.362
Iteration 327  lb 1959852 ub 4441369  cores 635 525 2  time 3.93825 206.694
Iteration 328  lb 1959852 ub 4441369  cores 637 527 2  time 3.94542 208.709
Iteration 329  lb 1959852 ub 4441369  cores 639 528 2  time 3.95443 209.994
Iteration 330  lb 1959852 ub 4441369  cores 641 529 2  time 3.95973 211.121
Iteration 331  lb 1959852 ub 4441369  cores 643 531 2  time 3.96874 212.273
Iteration 332  lb 1959852 ub 4441369  cores 645 532 2  time 3.97582 213.485
Iteration 333  lb 1959852 ub 4441369  cores 647 534 2  time 3.98251 214.564
Iteration 334  lb 1959852 ub 4441369  cores 649 535 2  time 3.99137 215.643
Iteration 335  lb 1959852 ub 4441369  cores 651 537 2  time 3.99887 216.858
Iteration 336  lb 1959852 ub 4441369  cores 653 539 2  time 4.0064 219.049
Iteration 337  lb 1959852 ub 4441369  cores 655 540 2  time 4.02053 221.504
Iteration 338  lb 1959852 ub 4441369  cores 657 541 2  time 4.02861 222.731
Iteration 339  lb 1959852 ub 4441369  cores 659 543 2  time 4.03484 224.261
Iteration 340  lb 1959852 ub 4441369  cores 661 545 2  time 4.04148 226.214
Iteration 341  lb 1959852 ub 4441369  cores 663 547 2  time 4.04865 228.031
Iteration 342  lb 1959852 ub 4441369  cores 665 549 2  time 4.05342 229.78
Iteration 343  lb 1959852 ub 4441369  cores 667 551 2  time 4.05897 231.611
Iteration 344  lb 1959852 ub 4441369  cores 669 553 2  time 4.06482 233.752
Iteration 345  lb 1959853 ub 4441369  cores 671 555 2  time 4.06999 236.034
Iteration 346  lb 1959853 ub 4441369  cores 673 557 2  time 4.07781 237.565
Iteration 347  lb 1959853 ub 4441369  cores 675 559 2  time 4.09917 240.1
Iteration 348  lb 1959853 ub 4441369  cores 677 561 2  time 4.10542 242.613
Iteration 349  lb 1959853 ub 4441369  cores 678 562 1  time 4.11338 244.829
Iteration 350  lb 1959853 ub 4441369  cores 680 563 2  time 4.12639 246.372
Iteration 351  lb 1959853 ub 4441369  cores 682 565 2  time 4.1421 248.959
Iteration 352  lb 1959853 ub 4441369  cores 684 567 2  time 4.14948 251.058
Iteration 353  lb 1959853 ub 4441369  cores 686 569 2  time 4.15833 253.244
Iteration 354  lb 1959853 ub 4441369  cores 688 570 2  time 4.16629 255.904
Iteration 355  lb 1959853 ub 4441369  cores 690 572 2  time 4.17749 257.801
Iteration 356  lb 1959853 ub 4441369  cores 692 574 2  time 4.18226 260.344
Iteration 357  lb 1959853 ub 4441369  cores 694 576 2  time 4.18859 262.498
Iteration 358  lb 1959853 ub 4441369  cores 696 578 2  time 4.1934 264.647
Iteration 359  lb 1959853 ub 4441369  cores 698 580 2  time 4.21315 265.876
Iteration 360  lb 1959853 ub 4441369  cores 699 581 1  time 4.21591 267.821
Iteration 361  lb 1959853 ub 4441369  cores 701 583 2  time 4.22276 269.378
Iteration 362  lb 1959853 ub 4441369  cores 703 585 2  time 4.23949 271.813
Iteration 363  lb 1959853 ub 4441369  cores 705 587 2  time 4.2466 273.671
Iteration 364  lb 1959853 ub 4441369  cores 707 589 2  time 4.25289 275.634
Iteration 365  lb 1959853 ub 4441369  cores 709 591 2  time 4.26364 277.454
Iteration 366  lb 1959853 ub 4441369  cores 711 592 2  time 4.27115 280.191
Iteration 367  lb 1959853 ub 4441369  cores 713 594 2  time 4.27892 282.697
Iteration 368  lb 1959853 ub 4441369  cores 715 596 2  time 4.28617 285.563
Iteration 369  lb 1959853 ub 4441369  cores 717 598 2  time 4.30242 288.05
Iteration 370  lb 1959853 ub 4441369  cores 719 600 2  time 4.33421 290.974
Iteration 371  lb 1959853 ub 4441369  cores 721 602 2  time 4.35087 293.659
Iteration 372  lb 1959853 ub 4441369  cores 723 604 2  time 4.3586 295.966
Iteration 373  lb 1959853 ub 4441369  cores 725 606 2  time 4.37382 298.262
Iteration 374  lb 1959853 ub 4441369  cores 727 608 2  time 4.38626 300.952
Iteration 375  lb 1959853 ub 4441369  cores 729 610 2  time 4.39649 303.647
Iteration 376  lb 1959853 ub 4441369  cores 731 612 2  time 4.40407 305.575
Iteration 377  lb 1959853 ub 4441369  cores 733 614 2  time 4.41124 308.445
Iteration 378  lb 1959853 ub 4441369  cores 735 615 2  time 4.42465 310.834
Iteration 379  lb 1959853 ub 4441369  cores 737 617 2  time 4.43442 312.775
Iteration 380  lb 1959853 ub 4441369  cores 739 619 2  time 4.44409 315.634
Iteration 381  lb 1959853 ub 4441369  cores 741 621 2  time 4.45654 317.505
Iteration 382  lb 1959853 ub 4441369  cores 743 623 2  time 4.462 319.493
Iteration 383  lb 1959853 ub 4441369  cores 745 624 2  time 4.4733 322.189
Iteration 384  lb 1959853 ub 4441369  cores 747 626 2  time 4.47796 323.551
Iteration 385  lb 1959853 ub 4441369  cores 749 628 2  time 4.48786 326.7
Iteration 386  lb 1959853 ub 4441369  cores 751 630 2  time 4.49281 328.979
Iteration 387  lb 1959853 ub 4441369  cores 753 632 2  time 4.49795 331.064
Iteration 388  lb 1959853 ub 4441369  cores 755 634 2  time 4.50582 333.004
Iteration 389  lb 1959853 ub 4441369  cores 757 636 2  time 4.51359 335.592
Iteration 390  lb 1959853 ub 4441369  cores 759 638 2  time 4.51764 338.434
Iteration 391  lb 1959853 ub 4441369  cores 761 639 2  time 4.52577 340.983
Iteration 392  lb 1959853 ub 4441369  cores 763 641 2  time 4.53222 343.198
Iteration 393  lb 1959853 ub 4441369  cores 765 643 2  time 4.54414 346.329
Iteration 394  lb 1959853 ub 4441369  cores 767 645 2  time 4.54948 349.413
Iteration 395  lb 1959853 ub 4441369  cores 769 647 2  time 4.55636 351.905
Iteration 396  lb 1959853 ub 4441369  cores 771 649 2  time 4.56587 355.508
Iteration 397  lb 1959853 ub 4441369  cores 773 651 2  time 4.5732 358.732
Iteration 398  lb 1959853 ub 4441369  cores 775 653 2  time 4.5799 361.802
Iteration 399  lb 1959853 ub 4441369  cores 777 655 2  time 4.58562 363.973
Iteration 400  lb 1959853 ub 4441369  cores 779 657 2  time 4.59418 366.48
Iteration 401  lb 1959853 ub 4441369  cores 781 659 2  time 4.61083 369.163
Iteration 402  lb 1959853 ub 4441369  cores 783 661 2  time 4.62198 371.504
Iteration 403  lb 1959853 ub 4441369  cores 785 663 2  time 4.64295 373.994
Iteration 404  lb 1959853 ub 4441369  cores 787 664 2  time 4.65994 376.839
Iteration 405  lb 1959853 ub 4441369  cores 789 666 2  time 4.6711 379.993
Iteration 406  lb 1959853 ub 4441369  cores 791 668 2  time 4.68244 382.613
Iteration 407  lb 1959853 ub 4441369  cores 793 670 2  time 4.68877 384.844
Iteration 408  lb 1959854 ub 4441369  cores 795 672 2  time 4.698 386.585
Iteration 409  lb 1959854 ub 4441369  cores 797 674 2  time 4.70783 389.604
Iteration 410  lb 1959854 ub 4441369  cores 799 676 2  time 4.72512 392.45
Iteration 411  lb 1959854 ub 4441369  cores 801 678 2  time 4.73346 396.554
Iteration 412  lb 1959854 ub 4441369  cores 803 680 2  time 4.74261 400.157
Iteration 413  lb 1959854 ub 4441369  cores 805 681 2  time 4.75334 403.207
Iteration 414  lb 1959854 ub 4441369  cores 807 683 2  time 4.76227 405.984
Iteration 415  lb 1959854 ub 4441369  cores 809 685 2  time 4.76756 409.099
Iteration 416  lb 1959854 ub 4441369  cores 811 687 2  time 4.77796 412.603
Iteration 417  lb 1959854 ub 4441369  cores 813 689 2  time 4.78647 416.348
Iteration 418  lb 1959854 ub 4441369  cores 815 691 2  time 4.79554 418.703
Iteration 419  lb 1959854 ub 4441369  cores 817 693 2  time 4.81309 422.623
Iteration 420  lb 1959854 ub 4441369  cores 819 695 2  time 4.82914 425.667
Iteration 421  lb 1959854 ub 4441369  cores 821 697 2  time 4.8368 429.31
Iteration 422  lb 1959854 ub 4441369  cores 823 699 2  time 4.84408 431.617
Iteration 423  lb 1959854 ub 4441369  cores 825 701 2  time 4.85315 435.262
Iteration 424  lb 1959854 ub 4441369  cores 827 703 2  time 4.85892 438.028
Iteration 425  lb 1959854 ub 4441369  cores 829 705 2  time 4.86874 440.932
Iteration 426  lb 1959854 ub 4441369  cores 831 707 2  time 4.87826 443.312
Iteration 427  lb 1959854 ub 4441369  cores 833 709 2  time 4.88532 446.562
Iteration 428  lb 1959854 ub 4441369  cores 834 710 1  time 4.88877 449.831
Iteration 429  lb 1959854 ub 4441369  cores 836 712 2  time 4.89697 451.483
Iteration 430  lb 1959854 ub 4441369  cores 837 713 1  time 4.90504 456.311
Iteration 431  lb 1959854 ub 4441369  cores 839 715 2  time 4.91187 458.89
Iteration 432  lb 1959854 ub 4441369  cores 841 717 2  time 4.91794 461.379
Iteration 433  lb 1959854 ub 4441369  cores 843 719 2  time 4.92928 464.101
Iteration 434  lb 1959854 ub 4441369  cores 845 721 2  time 4.94112 467.566
Iteration 435  lb 1959854 ub 4441369  cores 847 723 2  time 4.94886 471.201
Iteration 436  lb 1959854 ub 4441369  cores 849 724 2  time 4.96049 473.864
Iteration 437  lb 1959854 ub 4441369  cores 851 726 2  time 4.98003 475.985
Iteration 438  lb 1959854 ub 4441369  cores 853 728 2  time 4.98896 479.058
Iteration 439  lb 1959854 ub 4441369  cores 855 730 2  time 5.00671 482.751
Iteration 440  lb 1959854 ub 4441369  cores 857 732 2  time 5.01673 486.352
Iteration 441  lb 1959854 ub 4441369  cores 859 734 2  time 5.02359 489.577
Iteration 442  lb 1959854 ub 4441369  cores 861 736 2  time 5.03227 492.897
Iteration 443  lb 1959854 ub 4441369  cores 863 738 2  time 5.043 495.469
Iteration 444  lb 1959854 ub 4441369  cores 865 739 2  time 5.05382 499.667
Iteration 445  lb 1959854 ub 4441369  cores 867 741 2  time 5.07464 503.333
Iteration 446  lb 1959854 ub 4441369  cores 869 743 2  time 5.08041 506.752
Iteration 447  lb 1959854 ub 4441369  cores 871 744 2  time 5.09159 509.439
Iteration 448  lb 1959854 ub 4441369  cores 873 745 2  time 5.10075 512.797
Iteration 449  lb 1959854 ub 4441369  cores 875 747 2  time 5.10894 515.261
Iteration 450  lb 1959854 ub 4441369  cores 877 749 2  time 5.11949 518.119
Iteration 451  lb 1959854 ub 4441369  cores 879 751 2  time 5.12765 522.589
Iteration 452  lb 1959854 ub 4441369  cores 881 753 2  time 5.13992 526.668
Iteration 453  lb 1959854 ub 4441369  cores 883 755 2  time 5.14789 529.262
Iteration 454  lb 1959854 ub 4441369  cores 885 757 2  time 5.15817 533.478
Iteration 455  lb 1959854 ub 4441369  cores 887 759 2  time 5.16544 536.732
Iteration 456  lb 1959854 ub 4441369  cores 889 761 2  time 5.17481 539.819
Iteration 457  lb 1959854 ub 4441369  cores 891 763 2  time 5.18214 542.421
Iteration 458  lb 1959854 ub 4441369  cores 893 765 2  time 5.19568 545.791
Iteration 459  lb 1959854 ub 4441369  cores 895 767 2  time 5.20916 549.61
Iteration 460  lb 1959854 ub 4441369  cores 897 768 2  time 5.21876 551.5
Iteration 461  lb 1959854 ub 4441369  cores 899 770 2  time 5.22622 555.384
Iteration 462  lb 1959854 ub 4441369  cores 901 772 2  time 5.23644 558.362
Iteration 463  lb 1959854 ub 4441369  cores 903 774 2  time 5.24625 561.424
Iteration 464  lb 1959854 ub 4441369  cores 905 776 2  time 5.25232 565.478
Iteration 465  lb 1959854 ub 4441369  cores 907 778 2  time 5.2606 569.745
Iteration 466  lb 1959854 ub 4441369  cores 909 780 2  time 5.26827 574.319
Iteration 467  lb 1959854 ub 4441369  cores 911 782 2  time 5.2798 578.432
Iteration 468  lb 1959854 ub 4441369  cores 913 784 2  time 5.28955 580.729
Iteration 469  lb 1959854 ub 4441369  cores 915 786 2  time 5.31405 583.117
Iteration 470  lb 1959854 ub 4441369  cores 917 788 2  time 5.32896 586.996
Iteration 471  lb 1959854 ub 4441369  cores 919 790 2  time 5.33876 591.296
Iteration 472  lb 1959854 ub 4441369  cores 921 792 2  time 5.35057 594.212
Iteration 473  lb 1959854 ub 4441369  cores 923 792 2  time 5.36026 596.862
Iteration 474  lb 1959854 ub 4441369  cores 925 794 2  time 5.37056 600.262
Iteration 475  lb 1959854 ub 4441369  cores 927 795 2  time 5.38206 604.79
Iteration 476  lb 1959854 ub 4441369  cores 929 797 2  time 5.38781 606.564
Iteration 477  lb 1959855 ub 4441369  cores 931 799 2  time 5.40606 611.009
Iteration 478  lb 1959855 ub 4441369  cores 933 801 2  time 5.4242 614.448
Iteration 479  lb 1959855 ub 4441369  cores 935 803 2  time 5.44054 617.177
Iteration 480  lb 1959855 ub 4441369  cores 937 805 2  time 5.45001 621
Iteration 481  lb 1959855 ub 4441369  cores 939 807 2  time 5.45613 624.902
Iteration 482  lb 1959855 ub 4441369  cores 941 809 2  time 5.46753 628.615
Iteration 483  lb 1959855 ub 4441369  cores 943 811 2  time 5.47662 631.656
Iteration 484  lb 1959855 ub 4441369  cores 945 813 2  time 5.48502 636.053
Iteration 485  lb 1959855 ub 4441369  cores 947 815 2  time 5.49869 638.078
Iteration 486  lb 1959855 ub 4441369  cores 948 816 1  time 5.51196 642.805
Iteration 487  lb 1959855 ub 4441369  cores 950 818 2  time 5.51834 646.806
Iteration 488  lb 1959855 ub 4441369  cores 953 821 3  time 5.53945 650.756
Iteration 489  lb 1959855 ub 4441369  cores 955 823 2  time 5.55088 654.345
Iteration 490  lb 1959855 ub 4441369  cores 957 815 2  time 5.56573 657.916
Iteration 491  lb 1959855 ub 4441369  cores 959 817 2  time 5.57613 661.888
Iteration 492  lb 1959855 ub 4441369  cores 961 819 2  time 5.58543 665.377
Iteration 493  lb 1959855 ub 4441369  cores 963 821 2  time 5.6005 668.362
Iteration 494  lb 1959855 ub 4441369  cores 964 822 1  time 5.60455 672.136
Iteration 495  lb 1959855 ub 4441369  cores 965 823 1  time 5.60851 676.267
Iteration 496  lb 1959855 ub 4441369  cores 967 825 2  time 5.61439 680.491
Iteration 497  lb 1959855 ub 4441369  cores 969 826 2  time 5.63762 684.463
Iteration 498  lb 1959855 ub 4441369  cores 971 828 2  time 5.64858 687.325
Iteration 499  lb 1959855 ub 4441369  cores 973 829 2  time 5.66382 689.537
Iteration 500  lb 1959855 ub 4441369  cores 975 831 2  time 5.67304 693.34
Iteration 501  lb 1959855 ub 4441369  cores 977 833 2  time 5.6823 696.494
Iteration 502  lb 1959855 ub 4441369  cores 979 835 2  time 5.70458 700.141
Iteration 503  lb 1959855 ub 4441369  cores 981 837 2  time 5.71295 702.095
Iteration 504  lb 1959855 ub 4441369  cores 983 839 2  time 5.72239 706.954
Iteration 505  lb 1959855 ub 4441369  cores 985 841 2  time 5.73039 710.648
Iteration 506  lb 1959855 ub 4441369  cores 987 842 2  time 5.73854 713.808
Iteration 507  lb 1959855 ub 4441369  cores 989 844 2  time 5.75698 716.525
Iteration 508  lb 1959855 ub 4441369  cores 991 846 2  time 5.76288 720.265
Iteration 509  lb 1959855 ub 4441369  cores 993 848 2  time 5.77114 724.321
Iteration 510  lb 1959855 ub 4441369  cores 994 849 1  time 5.77482 727.266
Iteration 511  lb 1959855 ub 4441369  cores 995 850 1  time 5.77864 730.025
Iteration 512  lb 1959855 ub 4441369  cores 997 852 2  time 5.78872 735.043
Iteration 513  lb 1959855 ub 4441369  cores 999 854 2  time 5.79659 738.366
Iteration 514  lb 1959855 ub 4441369  cores 1001 856 2  time 5.8035 742.254
Iteration 515  lb 1959855 ub 4441369  cores 1003 858 2  time 5.81103 746.101
Iteration 516  lb 1959855 ub 4441369  cores 1005 860 2  time 5.81561 750.658
Iteration 517  lb 1959855 ub 4441369  cores 1007 862 2  time 5.8299 754.873
Iteration 518  lb 1959855 ub 4441369  cores 1009 864 2  time 5.83507 758.058
Iteration 519  lb 1959855 ub 4441369  cores 1011 866 2  time 5.85238 761.867
Iteration 520  lb 1959855 ub 4441369  cores 1013 868 2  time 5.86449 765.199
Iteration 521  lb 1959855 ub 4441369  cores 1015 869 2  time 5.87788 767.552
Iteration 522  lb 1959855 ub 4441369  cores 1017 871 2  time 5.88733 771.27
Iteration 523  lb 1959855 ub 4441369  cores 1019 873 2  time 5.89299 774.797
Iteration 524  lb 1959855 ub 4441369  cores 1021 875 2  time 5.90264 778.776
Iteration 525  lb 1959855 ub 4441369  cores 1023 877 2  time 5.90864 782.516
Iteration 526  lb 1959855 ub 4441369  cores 1025 879 2  time 5.93172 786.466
Iteration 527  lb 1959855 ub 4441369  cores 1027 880 2  time 5.93985 790.886
Iteration 528  lb 1959855 ub 4441369  cores 1029 881 2  time 5.94946 794.928
Iteration 529  lb 1959855 ub 4441369  cores 1031 883 2  time 5.96985 798.946
Iteration 530  lb 1959855 ub 4441369  cores 1033 885 2  time 5.97725 803.909
Iteration 531  lb 1959855 ub 4441369  cores 1035 887 2  time 5.99084 808.302
Iteration 532  lb 1959855 ub 4441369  cores 1037 889 2  time 5.99677 812.499
Iteration 533  lb 1959855 ub 4441369  cores 1038 890 1  time 6.00025 816.445
Iteration 534  lb 1959855 ub 4441369  cores 1039 891 1  time 6.00345 821.395
Iteration 535  lb 1959855 ub 4441369  cores 1041 893 2  time 6.01294 825.181
Iteration 536  lb 1959855 ub 4441369  cores 1043 895 2  time 6.02482 829.533
Iteration 537  lb 1959855 ub 4441369  cores 1045 897 2  time 6.03347 833.303
Iteration 538  lb 1959855 ub 4441369  cores 1047 899 2  time 6.04075 838.054
Iteration 539  lb 1959855 ub 4441369  cores 1049 901 2  time 6.04709 843.509
Iteration 540  lb 1959855 ub 4441369  cores 1051 903 2  time 6.05793 847.455
Iteration 541  lb 1959855 ub 4441369  cores 1052 904 1  time 6.06234 851.842
Iteration 542  lb 1959855 ub 4441369  cores 1053 905 1  time 6.06547 856.065
Iteration 543  lb 1959855 ub 4441369  cores 1055 907 2  time 6.07034 859.878
Iteration 544  lb 1959855 ub 4441369  cores 1056 908 1  time 6.07389 863.783
Iteration 545  lb 1959855 ub 4441369  cores 1057 908 1  time 6.07696 868.178
Iteration 546  lb 1959855 ub 4441369  cores 1059 910 2  time 6.08416 872.267
Iteration 547  lb 1959855 ub 4441369  cores 1061 912 2  time 6.08936 875.964
Iteration 548  lb 1959855 ub 4441369  cores 1062 913 1  time 6.09298 880.867
Iteration 549  lb 1959855 ub 4441369  cores 1063 914 1  time 6.09595 885.827
Iteration 550  lb 1959855 ub 4441369  cores 1064 915 1  time 6.099 890.126
Iteration 551  lb 1959855 ub 4441369  cores 1066 917 2  time 6.10541 895.34
Iteration 552  lb 1959855 ub 4441369  cores 1067 917 1  time 6.109 899.027
Iteration 553  lb 1959855 ub 4441369  cores 1069 919 2  time 6.11918 903.45
Iteration 554  lb 1959856 ub 4441369  cores 1071 921 2  time 6.12349 909.37
Iteration 555  lb 1959856 ub 4441369  cores 1073 922 2  time 6.13589 913.365
Iteration 556  lb 1959856 ub 4441369  cores 1075 924 2  time 6.14388 917.705
Iteration 557  lb 1959856 ub 4441369  cores 1076 925 1  time 6.14694 922.935
Iteration 558  lb 1959856 ub 4441369  cores 1078 927 2  time 6.15808 927.16
Iteration 559  lb 1959856 ub 4441369  cores 1079 928 1  time 6.16205 931.141
Iteration 560  lb 1959856 ub 4441369  cores 1081 930 2  time 6.17002 935.277
Iteration 561  lb 1959856 ub 4441369  cores 1082 931 1  time 6.17422 941.085
Iteration 562  lb 1959856 ub 4441369  cores 1084 933 2  time 6.18005 945.09
Iteration 563  lb 1959856 ub 4441369  cores 1086 935 2  time 6.18985 948.725
Iteration 564  lb 1959856 ub 4441369  cores 1088 937 2  time 6.19954 953.535
Iteration 565  lb 1959856 ub 4441369  cores 1090 939 2  time 6.20931 958.359
Iteration 566  lb 1959856 ub 4441369  cores 1091 940 1  time 6.21463 964.354
Iteration 567  lb 1959856 ub 4441369  cores 1093 942 2  time 6.22085 967.247
Iteration 568  lb 1959856 ub 4441369  cores 1094 943 1  time 6.22488 972.887
Iteration 569  lb 1959856 ub 4441369  cores 1096 945 2  time 6.23447 976.566
Iteration 570  lb 1959856 ub 4441369  cores 1098 947 2  time 6.2455 981.827
Iteration 571  lb 1959856 ub 4441369  cores 1099 948 1  time 6.24916 987.611
Iteration 572  lb 1959856 ub 4441369  cores 1101 950 2  time 6.25666 992.209
Iteration 573  lb 1959856 ub 4441369  cores 1103 952 2  time 6.26489 996.326
Iteration 574  lb 1959856 ub 4441369  cores 1105 953 2  time 6.27417 1000.21
Iteration 575  lb 1959856 ub 4441369  cores 1107 955 2  time 6.28548 1005.51
Iteration 576  lb 1959856 ub 4441369  cores 1109 957 2  time 6.29104 1010.33
Iteration 577  lb 1959856 ub 4441369  cores 1111 958 2  time 6.30082 1015.23
Iteration 578  lb 1959856 ub 4441369  cores 1112 959 1  time 6.30314 1020.59
Iteration 579  lb 1959856 ub 4441369  cores 1114 961 2  time 6.31825 1025.53
Iteration 580  lb 1959856 ub 4441369  cores 1115 962 1  time 6.32088 1029.5
Iteration 581  lb 1959856 ub 4441369  cores 1117 964 2  time 6.32696 1034.32
Iteration 582  lb 1959856 ub 4441369  cores 1119 966 2  time 6.33887 1040.51
Iteration 583  lb 1959856 ub 4441369  cores 1121 968 2  time 6.34906 1044.14
Iteration 584  lb 1959856 ub 4441369  cores 1123 970 2  time 6.35798 1047.82
Iteration 585  lb 1959856 ub 4441369  cores 1125 972 2  time 6.36438 1053.29
Iteration 586  lb 1959856 ub 4441369  cores 1126 973 1  time 6.36828 1058.18
Iteration 587  lb 1959856 ub 4441369  cores 1127 974 1  time 6.37098 1064.08
Iteration 588  lb 1959856 ub 4441369  cores 1128 975 1  time 6.37322 1068.38
Iteration 589  lb 1959856 ub 4441369  cores 1129 976 1  time 6.37638 1073.33
Iteration 590  lb 1959856 ub 4441369  cores 1130 977 1  time 6.37895 1076.84
Iteration 591  lb 1959856 ub 4441369  cores 1131 977 1  time 6.38174 1081.69
Iteration 592  lb 1959856 ub 4441369  cores 1133 979 2  time 6.3903 1085.46
Iteration 593  lb 1959856 ub 4441369  cores 1135 981 2  time 6.4001 1090.94
Iteration 594  lb 1959856 ub 4441369  cores 1137 983 2  time 6.40923 1096.28
Iteration 595  lb 1959856 ub 4441369  cores 1139 985 2  time 6.42338 1101.17
Iteration 596  lb 1959856 ub 4441369  cores 1141 987 2  time 6.43432 1106.73
Iteration 597  lb 1959856 ub 4441369  cores 1143 989 2  time 6.4415 1112.67
Iteration 598  lb 1959856 ub 4441369  cores 1145 991 2  time 6.4489 1117.35
Iteration 599  lb 1959856 ub 4441369  cores 1147 993 2  time 6.45644 1121.46
Iteration 600  lb 1959856 ub 4441369  cores 1149 993 2  time 6.46921 1126.62
Iteration 601  lb 1959856 ub 4441369  cores 1151 995 2  time 6.47709 1131.1
Iteration 602  lb 1959856 ub 4441369  cores 1153 997 2  time 6.48796 1135.46
Iteration 603  lb 1959856 ub 4441369  cores 1155 999 2  time 6.49874 1139
Iteration 604  lb 1959856 ub 4441369  cores 1157 1001 2  time 6.50569 1142.54
Iteration 605  lb 1959856 ub 4441369  cores 1159 1003 2  time 6.51889 1147.87
Iteration 606  lb 1959856 ub 4441369  cores 1161 1005 2  time 6.52667 1153.16
Iteration 607  lb 1959856 ub 4441369  cores 1163 1007 2  time 6.5344 1158.68
Iteration 608  lb 1959856 ub 4441369  cores 1164 1008 1  time 6.53868 1164.46
Iteration 609  lb 1959856 ub 4441369  cores 1166 1010 2  time 6.55051 1170.92
Iteration 610  lb 1959856 ub 4441369  cores 1167 1011 1  time 6.55448 1176.83
Iteration 611  lb 1959856 ub 4441369  cores 1168 1012 1  time 6.55782 1181.3
Iteration 612  lb 1959856 ub 4441369  cores 1170 1014 2  time 6.56581 1187.51
Iteration 613  lb 1959856 ub 4441369  cores 1172 1016 2  time 6.57186 1193.46
Iteration 614  lb 1959856 ub 4441369  cores 1174 1018 2  time 6.58357 1200.44
Iteration 615  lb 1959856 ub 4441369  cores 1175 1019 1  time 6.58829 1205.44
Iteration 616  lb 1959856 ub 4441369  cores 1177 1021 2  time 6.5939 1208.78
Iteration 617  lb 1959856 ub 4441369  cores 1179 1023 2  time 6.6029 1213.6
Iteration 618  lb 1959856 ub 4441369  cores 1181 1025 2  time 6.6105 1218.54
Iteration 619  lb 1959856 ub 4441369  cores 1183 1027 2  time 6.62722 1223.89
Iteration 620  lb 1959856 ub 4441369  cores 1185 1029 2  time 6.63931 1229.87
Iteration 621  lb 1959856 ub 4441369  cores 1187 1031 2  time 6.65088 1235.24
Iteration 622  lb 1959856 ub 4441369  cores 1189 1033 2  time 6.66098 1240.47
Iteration 623  lb 1959856 ub 4441369  cores 1191 1035 2  time 6.67573 1246.65
Iteration 624  lb 1959856 ub 4441369  cores 1193 1037 2  time 6.68523 1252.37
Iteration 625  lb 1959856 ub 4441369  cores 1195 1039 2  time 6.69265 1257.35
Iteration 626  lb 1959856 ub 4441369  cores 1197 1041 2  time 6.70204 1262.42
Iteration 627  lb 1959856 ub 4441369  cores 1199 1043 2  time 6.70754 1265.89
Iteration 628  lb 1959856 ub 4441369  cores 1201 1045 2  time 6.7143 1271.18
Iteration 629  lb 1959856 ub 4441369  cores 1203 1047 2  time 6.71997 1275.19
Iteration 630  lb 1959856 ub 4441369  cores 1205 1049 2  time 6.72737 1281.54
Iteration 631  lb 1959856 ub 4441369  cores 1206 1050 1  time 6.72998 1286.83
Iteration 632  lb 1959856 ub 4441369  cores 1208 1052 2  time 6.73886 1292.07
Iteration 633  lb 1959856 ub 4441369  cores 1210 1054 2  time 6.74868 1296.88
Iteration 634  lb 1959856 ub 4441369  cores 1212 1056 2  time 6.75901 1301.91
Iteration 635  lb 1959856 ub 4441369  cores 1214 1058 2  time 6.7732 1306.12
Iteration 636  lb 1959856 ub 4441369  cores 1216 1060 2  time 6.78046 1311.45
Iteration 637  lb 1959856 ub 4441369  cores 1218 1062 2  time 6.78641 1316.75
Iteration 638  lb 1959856 ub 4441369  cores 1219 1063 1  time 6.78994 1322.45
Iteration 639  lb 1959856 ub 4441369  cores 1220 1064 1  time 6.79771 1326.52
Iteration 640  lb 1959856 ub 4441369  cores 1222 1066 2  time 6.8066 1330.56
Iteration 641  lb 1959856 ub 4441369  cores 1224 1068 2  time 6.81683 1336.85
Iteration 642  lb 1959856 ub 4441369  cores 1226 1070 2  time 6.82466 1342.13
Iteration 643  lb 1959856 ub 4441369  cores 1228 1070 2  time 6.83689 1347.46
Iteration 644  lb 1959856 ub 4441369  cores 1230 1071 2  time 6.86365 1351.93
Iteration 645  lb 1959856 ub 4441369  cores 1232 1073 2  time 6.86917 1356.79
Iteration 646  lb 1959856 ub 4441369  cores 1234 1075 2  time 6.87859 1362.14
Iteration 647  lb 1959856 ub 4441369  cores 1235 1076 1  time 6.89132 1368.07
Iteration 648  lb 1959856 ub 4441369  cores 1237 1078 2  time 6.8982 1373.13
Iteration 649  lb 1959856 ub 4441369  cores 1239 1080 2  time 6.91107 1378.22
Iteration 650  lb 1959856 ub 4441369  cores 1241 1081 2  time 6.91853 1386.08
Iteration 651  lb 1959856 ub 4441369  cores 1243 1083 2  time 6.92663 1391.85
Iteration 652  lb 1959856 ub 4441369  cores 1245 1085 2  time 6.93882 1397.06
Iteration 653  lb 1959856 ub 4441369  cores 1247 1087 2  time 6.94628 1402.44
Iteration 654  lb 1959856 ub 4441369  cores 1249 1089 2  time 6.95497 1408.01
Iteration 655  lb 1959856 ub 4441369  cores 1251 1091 2  time 6.96192 1413.21
Iteration 656  lb 1959856 ub 4441369  cores 1253 1093 2  time 6.97516 1418.12
Iteration 657  lb 1959856 ub 4441369  cores 1255 1095 2  time 6.98079 1423.9
Iteration 658  lb 1959856 ub 4441369  cores 1257 1097 2  time 6.9876 1428.39
Iteration 659  lb 1959856 ub 4441369  cores 1258 1098 1  time 6.9966 1433.66
Iteration 660  lb 1959856 ub 4441369  cores 1259 1099 1  time 7.00067 1439.49
Iteration 661  lb 1959856 ub 4441369  cores 1261 1101 2  time 7.00582 1443.58
Iteration 662  lb 1959856 ub 4441369  cores 1263 1103 2  time 7.01497 1447.48
Iteration 663  lb 1959856 ub 4441369  cores 1264 1104 1  time 7.01904 1453.09
Iteration 664  lb 1959856 ub 4441369  cores 1266 1106 2  time 7.03373 1458.46
Iteration 665  lb 1959856 ub 4441369  cores 1267 1107 1  time 7.03747 1463.28
Iteration 666  lb 1959856 ub 4441369  cores 1268 1108 1  time 7.0401 1467.98
Iteration 667  lb 1959856 ub 4441369  cores 1269 1109 1  time 7.04408 1472.93
Iteration 668  lb 1959856 ub 4441369  cores 1271 1111 2  time 7.05558 1478.79
Iteration 669  lb 1959856 ub 4441369  cores 1272 1111 1  time 7.0585 1484.52
Iteration 670  lb 1959856 ub 4441369  cores 1274 1113 2  time 7.06506 1489.29
Iteration 671  lb 1959856 ub 4441369  cores 1275 1114 1  time 7.07269 1495.21
Iteration 672  lb 1959856 ub 4441369  cores 1276 1115 1  time 7.07633 1499.88
Iteration 673  lb 1959856 ub 4441369  cores 1277 1116 1  time 7.08213 1505.69
Iteration 674  lb 1959856 ub 4441369  cores 1279 1118 2  time 7.08872 1511.37
Iteration 675  lb 1959856 ub 4441369  cores 1281 1119 2  time 7.09736 1517.28
Iteration 676  lb 1959856 ub 4441369  cores 1283 1121 2  time 7.10389 1522.74
Iteration 677  lb 1959856 ub 4441369  cores 1285 1123 2  time 7.11522 1528.72
Iteration 678  lb 1959856 ub 4441369  cores 1287 1125 2  time 7.12795 1534.06
Iteration 679  lb 1959856 ub 4441369  cores 1289 1127 2  time 7.14254 1539.32
Iteration 680  lb 1959856 ub 4441369  cores 1291 1129 2  time 7.15555 1545.1
Iteration 681  lb 1959856 ub 4441369  cores 1293 1131 2  time 7.16502 1550.35
Iteration 682  lb 1959856 ub 4441369  cores 1295 1133 2  time 7.17249 1555.96
Iteration 683  lb 1959856 ub 4441369  cores 1297 1135 2  time 7.18014 1562.58
Iteration 684  lb 1959856 ub 4441369  cores 1299 1137 2  time 7.19016 1568.21
Iteration 685  lb 1959856 ub 4441369  cores 1301 1138 2  time 7.20111 1573.14
Iteration 686  lb 1959856 ub 4441369  cores 1303 1140 2  time 7.20859 1578.88
Iteration 687  lb 1959856 ub 4441369  cores 1305 1141 2  time 7.22408 1583.93
Iteration 688  lb 1959856 ub 4441369  cores 1307 1143 2  time 7.23566 1589.55
Iteration 689  lb 1959856 ub 4441369  cores 1308 1144 1  time 7.24005 1595.68
Iteration 690  lb 1959856 ub 4441369  cores 1310 1146 2  time 7.24976 1603.07
Iteration 691  lb 1959856 ub 4441369  cores 1311 1147 1  time 7.25437 1609.32
Iteration 692  lb 1959856 ub 4441369  cores 1313 1148 2  time 7.26096 1615.16
Iteration 693  lb 1959856 ub 4441369  cores 1315 1150 2  time 7.26738 1620.95
Iteration 694  lb 1959856 ub 4441369  cores 1316 1151 1  time 7.27168 1626.01
Iteration 695  lb 1959856 ub 4441369  cores 1318 1153 2  time 7.27961 1633.38
Iteration 696  lb 1959857 ub 4441369  cores 1320 1155 2  time 7.29544 1640.02
Iteration 697  lb 1959857 ub 4441369  cores 1321 1156 1  time 7.29864 1644.16
Iteration 698  lb 1959857 ub 4441369  cores 1323 1158 2  time 7.30673 1650.29
Iteration 699  lb 1959857 ub 4441369  cores 1325 1160 2  time 7.31856 1655.67
Iteration 700  lb 1959857 ub 4441369  cores 1327 1162 2  time 7.3281 1661.82
Iteration 701  lb 1959857 ub 4441369  cores 1329 1164 2  time 7.33787 1667.63
Iteration 702  lb 1959857 ub 4441369  cores 1330 1165 1  time 7.34157 1675.66
Iteration 703  lb 1959857 ub 4441369  cores 1332 1167 2  time 7.35007 1682.16
Iteration 704  lb 1959857 ub 4441369  cores 1334 1169 2  time 7.35916 1688.38
Iteration 705  lb 1959857 ub 4441369  cores 1336 1171 2  time 7.36812 1694.23
Iteration 706  lb 1959857 ub 4441369  cores 1338 1173 2  time 7.37378 1700.48
Iteration 707  lb 1959857 ub 4441369  cores 1340 1175 2  time 7.37987 1706.78
Iteration 708  lb 1959857 ub 4441369  cores 1342 1177 2  time 7.39255 1713.2
Iteration 709  lb 1959857 ub 4441369  cores 1344 1178 2  time 7.39743 1720.38
Iteration 710  lb 1959857 ub 4441369  cores 1345 1179 1  time 7.40212 1727.05
Iteration 711  lb 1959857 ub 4441369  cores 1347 1180 2  time 7.41043 1733.86
Iteration 712  lb 1959857 ub 4441369  cores 1349 1182 2  time 7.41725 1739.98
Iteration 713  lb 1959857 ub 4441369  cores 1351 1184 2  time 7.43915 1746.16
Iteration 714  lb 1959857 ub 4441369  cores 1352 1185 1  time 7.44311 1751.96
Iteration 715  lb 1959857 ub 4441369  cores 1354 1187 2  time 7.44939 1760
Iteration 716  lb 1959857 ub 4441369  cores 1356 1189 2  time 7.45819 1766.71
Iteration 717  lb 1959857 ub 4441369  cores 1358 1191 2  time 7.46541 1773.45
Iteration 718  lb 1959857 ub 4441369  cores 1360 1193 2  time 7.48521 1779.68
Iteration 719  lb 1959857 ub 4441369  cores 1361 1194 1  time 7.48888 1785.44
Iteration 720  lb 1959857 ub 4441369  cores 1363 1196 2  time 7.49695 1792.26
Iteration 721  lb 1959857 ub 4441369  cores 1365 1198 2  time 7.50437 1798.46
Iteration 722  lb 1959857 ub 4441369  cores 1367 1200 2  time 7.51537 1804.84
Iteration 723  lb 1959857 ub 4441369  cores 1369 1202 2  time 7.52493 1811.77
Iteration 724  lb 1959857 ub 4441369  cores 1370 1203 1  time 7.55022 1818.82
Iteration 725  lb 1959857 ub 4441369  cores 1372 1205 2  time 7.55627 1826.22
Iteration 726  lb 1959857 ub 4441369  cores 1373 1206 1  time 7.5593 1832.98
Iteration 727  lb 1959857 ub 4441369  cores 1375 1207 2  time 7.56874 1839.76
Iteration 728  lb 1959857 ub 4441369  cores 1377 1209 2  time 7.58139 1847.23
Iteration 729  lb 1959857 ub 4441369  cores 1379 1211 2  time 7.58916 1854.15
Iteration 730  lb 1959857 ub 4441369  cores 1381 1213 2  time 7.5971 1860.45
Iteration 731  lb 1959857 ub 4441369  cores 1382 1214 1  time 7.60114 1867.96
Iteration 732  lb 1959857 ub 4441369  cores 1384 1216 2  time 7.61324 1875.19
Iteration 733  lb 1959857 ub 4441369  cores 1386 1218 2  time 7.62247 1882.33
Iteration 734  lb 1959857 ub 4441369  cores 1388 1220 2  time 7.63008 1889.74
Iteration 735  lb 1959857 ub 4441369  cores 1390 1222 2  time 7.64654 1896.74
Iteration 736  lb 1959857 ub 4441369  cores 1392 1224 2  time 7.66603 1903.05
Iteration 737  lb 1959857 ub 4441369  cores 1394 1226 2  time 7.67095 1909.76
Iteration 738  lb 1959857 ub 4441369  cores 1396 1228 2  time 7.68323 1914.67
Iteration 739  lb 1959857 ub 4441369  cores 1398 1230 2  time 7.68996 1921.97
Iteration 740  lb 1959857 ub 4441369  cores 1400 1232 2  time 7.70256 1929.68
Iteration 741  lb 1959857 ub 4441369  cores 1401 1232 1  time 7.70574 1937.26
Iteration 742  lb 1959857 ub 4441369  cores 1402 1233 1  time 7.7089 1943.95
Iteration 743  lb 1959857 ub 4441369  cores 1404 1235 2  time 7.7199 1950.88
Iteration 744  lb 1959857 ub 4441369  cores 1406 1237 2  time 7.72659 1957.37
Iteration 745  lb 1959857 ub 4441369  cores 1408 1239 2  time 7.73078 1963.66
Iteration 746  lb 1959857 ub 4441369  cores 1410 1237 2  time 7.75439 1970.34
Iteration 747  lb 1959857 ub 4441369  cores 1411 1238 1  time 7.75788 1977.17
Iteration 748  lb 1959857 ub 4441369  cores 1413 1240 2  time 7.76875 1983.42
Iteration 749  lb 1959857 ub 4441369  cores 1415 1242 2  time 7.77313 1989.29
Iteration 750  lb 1959857 ub 4441369  cores 1417 1244 2  time 7.78104 1995.92
Iteration 751  lb 1959857 ub 4441369  cores 1419 1245 2  time 7.78919 2003.02
Iteration 752  lb 1959857 ub 4441369  cores 1421 1247 2  time 7.80101 2009.9
Iteration 753  lb 1959857 ub 4441369  cores 1423 1249 2  time 7.80845 2015.91
Iteration 754  lb 1959857 ub 4441369  cores 1425 1251 2  time 7.81675 2023.1
Iteration 755  lb 1959857 ub 4441369  cores 1427 1253 2  time 7.83045 2031.43
Iteration 756  lb 1959857 ub 4441369  cores 1428 1254 1  time 7.83441 2038.72
Iteration 757  lb 1959857 ub 4441369  cores 1430 1256 2  time 7.84131 2046.31
Iteration 758  lb 1959857 ub 4441369  cores 1431 1257 1  time 7.84495 2051.43
Iteration 759  lb 1959857 ub 4441369  cores 1432 1258 1  time 7.84879 2057.94
Iteration 760  lb 1959857 ub 4441369  cores 1434 1260 2  time 7.85741 2065.47
Iteration 761  lb 1959857 ub 4441369  cores 1436 1260 2  time 7.87175 2070.23
Iteration 762  lb 1959857 ub 4441369  cores 1438 1262 2  time 7.88755 2076.64
Iteration 763  lb 1959857 ub 4441369  cores 1440 1264 2  time 7.89383 2082.51
Iteration 764  lb 1959857 ub 4441369  cores 1442 1265 2  time 7.91644 2088.32
Iteration 765  lb 1959857 ub 4441369  cores 1443 1266 1  time 7.92135 2093.59
Iteration 766  lb 1959857 ub 4441369  cores 1444 1267 1  time 7.92492 2099.82
Iteration 767  lb 1959857 ub 4441369  cores 1446 1269 2  time 7.9326 2105.92
Iteration 768  lb 1959857 ub 4441369  cores 1448 1269 2  time 7.94754 2113.26
Iteration 769  lb 1959857 ub 4441369  cores 1449 1270 1  time 7.95132 2118.16
Iteration 770  lb 1959857 ub 4441369  cores 1451 1272 2  time 7.96087 2124.55
Iteration 771  lb 1959857 ub 4441369  cores 1453 1274 2  time 7.96796 2129.94
Iteration 772  lb 1959857 ub 4441369  cores 1455 1276 2  time 7.98556 2136.03
Iteration 773  lb 1959857 ub 4441369  cores 1457 1278 2  time 7.99997 2142.14
Iteration 774  lb 1959857 ub 4441369  cores 1459 1280 2  time 8.00942 2147.33
Iteration 775  lb 1959857 ub 4441369  cores 1460 1280 1  time 8.01653 2153.59
Iteration 776  lb 1959857 ub 4441369  cores 1462 1282 2  time 8.02879 2159.71
Iteration 777  lb 1959857 ub 4441369  cores 1463 1283 1  time 8.03274 2165.91
Iteration 778  lb 1959857 ub 4441369  cores 1465 1285 2  time 8.04189 2172.56
Iteration 779  lb 1959857 ub 4441369  cores 1467 1287 2  time 8.05077 2179.32
Iteration 780  lb 1959857 ub 4441369  cores 1469 1289 2  time 8.06061 2185.64
Iteration 781  lb 1959857 ub 4441369  cores 1471 1291 2  time 8.08871 2191.47
Iteration 782  lb 1959857 ub 4441369  cores 1473 1293 2  time 8.09752 2197.02
Iteration 783  lb 1959857 ub 4441369  cores 1475 1294 2  time 8.12147 2203.47
Iteration 784  lb 1959857 ub 4441369  cores 1477 1296 2  time 8.13087 2210.29
Iteration 785  lb 1959857 ub 4441369  cores 1479 1298 2  time 8.13904 2215.84
Iteration 786  lb 1959857 ub 4441369  cores 1481 1300 2  time 8.14545 2220.51
Iteration 787  lb 1959857 ub 4441369  cores 1483 1302 2  time 8.1551 2226.55
Iteration 788  lb 1959857 ub 4441369  cores 1485 1303 2  time 8.16422 2231.44
Iteration 789  lb 1959857 ub 4441369  cores 1486 1304 1  time 8.16818 2237.08
Iteration 790  lb 1959857 ub 4441369  cores 1487 1305 1  time 8.17202 2242.99
Iteration 791  lb 1959857 ub 4441369  cores 1489 1307 2  time 8.17897 2249.2
Iteration 792  lb 1959857 ub 4441369  cores 1491 1309 2  time 8.18918 2254.1
Iteration 793  lb 1959857 ub 4441369  cores 1493 1311 2  time 8.19884 2259.98
Iteration 794  lb 1959857 ub 4441369  cores 1494 1312 1  time 8.20272 2265.46
Iteration 795  lb 1959857 ub 4441369  cores 1495 1313 1  time 8.2066 2271.88
Iteration 796  lb 1959857 ub 4441369  cores 1496 1314 1  time 8.2132 2277.2
Iteration 797  lb 1959857 ub 4441369  cores 1497 1315 1  time 8.21632 2282.29
Iteration 798  lb 1959857 ub 4441369  cores 1498 1315 1  time 8.21957 2288.17
Iteration 799  lb 1959857 ub 4441369  cores 1499 1315 1  time 8.22293 2292.72
Iteration 800  lb 1959857 ub 4441369  cores 1500 1316 1  time 8.22873 2298.24
Iteration 801  lb 1959857 ub 4441369  cores 1501 1317 1  time 8.23191 2303.23
Iteration 802  lb 1959857 ub 4441369  cores 1502 1318 1  time 8.23574 2308.27
Iteration 803  lb 1959857 ub 4441369  cores 1503 1319 1  time 8.23785 2313.3
Iteration 804  lb 1959857 ub 4441369  cores 1504 1320 1  time 8.24765 2319.24
Iteration 805  lb 1959857 ub 4441369  cores 1505 1321 1  time 8.25033 2325.39
Iteration 806  lb 1959857 ub 4441369  cores 1506 1322 1  time 8.25343 2330.44
Iteration 807  lb 1959857 ub 4441369  cores 1507 1323 1  time 8.25793 2335.71
Iteration 808  lb 1959857 ub 4441369  cores 1508 1324 1  time 8.25992 2341.91
Iteration 809  lb 1959857 ub 4441369  cores 1509 1324 1  time 8.26258 2346.94
Iteration 810  lb 1959857 ub 4441369  cores 1510 1325 1  time 8.26566 2353.32
Iteration 811  lb 1959857 ub 4441369  cores 1511 1326 1  time 8.26935 2358.72
Iteration 812  lb 1959857 ub 4441369  cores 1512 1327 1  time 8.27164 2363.47
Iteration 813  lb 1959857 ub 4441369  cores 1513 1328 1  time 8.2751 2369.57
Iteration 814  lb 1959857 ub 4441369  cores 1514 1329 1  time 8.27838 2375.31
Iteration 815  lb 1959857 ub 4441369  cores 1516 1331 2  time 8.28738 2380.83
Iteration 816  lb 1959857 ub 4441369  cores 1518 1333 2  time 8.29437 2386.29
Iteration 817  lb 1959857 ub 4441369  cores 1520 1335 2  time 8.3002 2391.7
Iteration 818  lb 1959857 ub 4441369  cores 1521 1336 1  time 8.30475 2397.22
Iteration 819  lb 1959857 ub 4441369  cores 1523 1338 2  time 8.31613 2403.21
Iteration 820  lb 1959857 ub 4441369  cores 1524 1339 1  time 8.31935 2409.84
Iteration 821  lb 1959857 ub 4441369  cores 1526 1341 2  time 8.3308 2415.33
Iteration 822  lb 1959857 ub 4441369  cores 1527 1342 1  time 8.33609 2421.6
Iteration 823  lb 1959857 ub 4441369  cores 1529 1344 2  time 8.3605 2427
Iteration 824  lb 1959857 ub 4441369  cores 1531 1346 2  time 8.36998 2433.22
Iteration 825  lb 1959857 ub 4441369  cores 1533 1348 2  time 8.38082 2439.05
Iteration 826  lb 1959857 ub 4441369  cores 1535 1350 2  time 8.38529 2445.3
Iteration 827  lb 1959857 ub 4441369  cores 1537 1352 2  time 8.39273 2451.39
Iteration 828  lb 1959857 ub 4441369  cores 1539 1354 2  time 8.39984 2457.29
Iteration 829  lb 1959857 ub 4441369  cores 1541 1356 2  time 8.40953 2463.1
Iteration 830  lb 1959857 ub 4441369  cores 1543 1358 2  time 8.4166 2469.6
Iteration 831  lb 1959857 ub 4441369  cores 1545 1360 2  time 8.42248 2474.95
Iteration 832  lb 1959857 ub 4441369  cores 1547 1361 2  time 8.43562 2481.66
Iteration 833  lb 1959857 ub 4441369  cores 1549 1363 2  time 8.44345 2489.9
Iteration 834  lb 1959857 ub 4441369  cores 1551 1365 2  time 8.45459 2496.95
Iteration 835  lb 1959857 ub 4441369  cores 1553 1367 2  time 8.46345 2502.33
Iteration 836  lb 1959857 ub 4441369  cores 1555 1369 2  time 8.47539 2508.55
Iteration 837  lb 1959857 ub 4441369  cores 1557 1371 2  time 8.48032 2514.26
Iteration 838  lb 1959857 ub 4441369  cores 1558 1371 1  time 8.48421 2520.3
Iteration 839  lb 1959857 ub 4441369  cores 1559 1372 1  time 8.48786 2526.85
Iteration 840  lb 1959857 ub 4441369  cores 1561 1374 2  time 8.4957 2533.16
Iteration 841  lb 1959857 ub 4441369  cores 1562 1375 1  time 8.50236 2539.02
Iteration 842  lb 1959857 ub 4441369  cores 1563 1376 1  time 8.50867 2542.4
Iteration 843  lb 1959857 ub 4441369  cores 1564 1377 1  time 8.51401 2547.45
Iteration 844  lb 1959857 ub 4441369  cores 1565 1378 1  time 8.52038 2554.3
Iteration 845  lb 1959857 ub 4441369  cores 1567 1380 2  time 8.53378 2560.55
Iteration 846  lb 1959857 ub 4441369  cores 1568 1381 1  time 8.53811 2565.36
Iteration 847  lb 1959857 ub 4441369  cores 1569 1382 1  time 8.54409 2570.48
Iteration 848  lb 1959857 ub 4441369  cores 1570 1383 1  time 8.54743 2577.14
Iteration 849  lb 1959857 ub 4441369  cores 1571 1384 1  time 8.55054 2582.99
Iteration 850  lb 1959857 ub 4441369  cores 1572 1385 1  time 8.55601 2588.75
Iteration 851  lb 1959857 ub 4441369  cores 1573 1386 1  time 8.55824 2594.3
Iteration 852  lb 1959857 ub 4441369  cores 1574 1387 1  time 8.5635 2601.24
Iteration 853  lb 1959857 ub 4441369  cores 1576 1389 2  time 8.57368 2607.16
Iteration 854  lb 1959857 ub 4441369  cores 1577 1390 1  time 8.58022 2613
Iteration 855  lb 1959857 ub 4441369  cores 1579 1392 2  time 8.59311 2618.93
Iteration 856  lb 1959857 ub 4441369  cores 1580 1393 1  time 8.59755 2625.87
Iteration 857  lb 1959857 ub 4441369  cores 1581 1394 1  time 8.60084 2631.41
Iteration 858  lb 1959857 ub 4441369  cores 1583 1396 2  time 8.61028 2637.21
Iteration 859  lb 1959857 ub 4441369  cores 1584 1397 1  time 8.61412 2642.77
Iteration 860  lb 1959857 ub 4441369  cores 1586 1399 2  time 8.62311 2649.23
Iteration 861  lb 1959857 ub 4441369  cores 1588 1401 2  time 8.63 2655.41
Iteration 862  lb 1959857 ub 4441369  cores 1589 1402 1  time 8.64199 2661.12
Iteration 863  lb 1959857 ub 4441369  cores 1591 1404 2  time 8.64682 2667.4
Iteration 864  lb 1959857 ub 4441369  cores 1593 1406 2  time 8.65443 2673.26
Iteration 865  lb 1959857 ub 4441369  cores 1595 1408 2  time 8.66568 2679.83
Iteration 866  lb 1959857 ub 4441369  cores 1597 1409 2  time 8.67555 2686.47
Iteration 867  lb 1959857 ub 4441369  cores 1599 1411 2  time 8.68564 2692.67
Iteration 868  lb 1959857 ub 4441369  cores 1601 1413 2  time 8.69261 2699.27
Iteration 869  lb 1959857 ub 4441369  cores 1603 1413 2  time 8.70722 2706.34
Iteration 870  lb 1959857 ub 4441369  cores 1605 1415 2  time 8.71653 2713.02
Iteration 871  lb 1959857 ub 4441369  cores 1606 1416 1  time 8.72462 2718.78
Iteration 872  lb 1959857 ub 4441369  cores 1608 1418 2  time 8.73218 2723.04
Iteration 873  lb 1959857 ub 4441369  cores 1610 1417 2  time 8.74278 2729.93
Iteration 874  lb 1959857 ub 4441369  cores 1611 1418 1  time 8.74897 2736.03
Iteration 875  lb 1959857 ub 4441369  cores 1613 1420 2  time 8.75605 2742.42
Iteration 876  lb 1959857 ub 4441369  cores 1615 1422 2  time 8.7682 2749.33
Iteration 877  lb 1959857 ub 4441369  cores 1616 1423 1  time 8.77537 2753.87
Iteration 878  lb 1959857 ub 4441369  cores 1617 1423 1  time 8.7809 2759.85
Iteration 879  lb 1959857 ub 4441369  cores 1619 1425 2  time 8.78898 2768.11
Iteration 880  lb 1959857 ub 4441369  cores 1621 1427 2  time 8.79687 2773.66
Iteration 881  lb 1959857 ub 4441369  cores 1622 1428 1  time 8.8029 2779.72
Iteration 882  lb 1959857 ub 4441369  cores 1623 1429 1  time 8.80797 2786.74
Iteration 883  lb 1959857 ub 4441369  cores 1624 1430 1  time 8.81156 2794.3
Iteration 884  lb 1959857 ub 4441369  cores 1626 1432 2  time 8.82067 2802.08
Iteration 885  lb 1959857 ub 4441369  cores 1627 1433 1  time 8.8239 2808.67
Iteration 886  lb 1959857 ub 4441369  cores 1628 1434 1  time 8.82808 2815.11
Iteration 887  lb 1959857 ub 4441369  cores 1629 1435 1  time 8.83364 2821.91
Iteration 888  lb 1959857 ub 4441369  cores 1631 1436 2  time 8.84256 2828.23
Iteration 889  lb 1959857 ub 4441369  cores 1632 1437 1  time 8.84896 2834.34
Iteration 890  lb 1959857 ub 4441369  cores 1634 1439 2  time 8.85532 2839.47
Iteration 891  lb 1959857 ub 4441369  cores 1636 1441 2  time 8.87125 2845.99
Iteration 892  lb 1959857 ub 4441369  cores 1638 1443 2  time 8.8803 2853.17
Iteration 893  lb 1959857 ub 4441369  cores 1640 1445 2  time 8.887 2859.51
Iteration 894  lb 1959857 ub 4441369  cores 1642 1447 2  time 8.8962 2866.87
Iteration 895  lb 1959858 ub 4441369  cores 1644 1449 2  time 8.90225 2874.47
Iteration 896  lb 1959858 ub 4441369  cores 1645 1450 1  time 8.90614 2882.21
Iteration 897  lb 1959858 ub 4441369  cores 1647 1452 2  time 8.91292 2891.26
Iteration 898  lb 1959858 ub 4441369  cores 1649 1454 2  time 8.92079 2898.67
Iteration 899  lb 1959858 ub 4441369  cores 1650 1455 1  time 8.9338 2904.83
Iteration 900  lb 1959858 ub 4441369  cores 1651 1456 1  time 8.93727 2910.35
Iteration 901  lb 1959858 ub 4441369  cores 1652 1457 1  time 8.9398 2918.93
Iteration 902  lb 1959858 ub 4441369  cores 1653 1458 1  time 8.94316 2926.03
Iteration 903  lb 1959858 ub 4441369  cores 1654 1459 1  time 8.94703 2933.1
Iteration 904  lb 1959858 ub 4441369  cores 1656 1461 2  time 8.95737 2941.19
Iteration 905  lb 1959858 ub 4441369  cores 1658 1462 2  time 8.96857 2948.07
Iteration 906  lb 1959858 ub 4441369  cores 1660 1464 2  time 8.97619 2954.79
Iteration 907  lb 1959858 ub 4441369  cores 1661 1465 1  time 8.98205 2963.28
Iteration 908  lb 1959858 ub 4441369  cores 1662 1466 1  time 8.98994 2970.72
Iteration 909  lb 1959858 ub 4441369  cores 1663 1467 1  time 8.99262 2977.93
Iteration 910  lb 1959858 ub 4441369  cores 1665 1469 2  time 9.00108 2986.52
Iteration 911  lb 1959858 ub 4441369  cores 1666 1470 1  time 9.00492 2993.8
Iteration 912  lb 1959858 ub 4441369  cores 1667 1471 1  time 9.00793 3002.48
Iteration 913  lb 1959858 ub 4441369  cores 1668 1472 1  time 9.01095 3010.06
Iteration 914  lb 1959858 ub 4441369  cores 1670 1474 2  time 9.01856 3017.21
Iteration 915  lb 1959858 ub 4441369  cores 1671 1475 1  time 9.02252 3026.11
Iteration 916  lb 1959858 ub 4441369  cores 1672 1476 1  time 9.02745 3034.65
Iteration 917  lb 1959858 ub 4441369  cores 1674 1478 2  time 9.04885 3042.47
Iteration 918  lb 1959858 ub 4441369  cores 1676 1480 2  time 9.06541 3050.53
Iteration 919  lb 1959858 ub 4441369  cores 1677 1481 1  time 9.06894 3058.88
Iteration 920  lb 1959858 ub 4441369  cores 1678 1482 1  time 9.08299 3065.56
Iteration 921  lb 1959858 ub 4441369  cores 1679 1483 1  time 9.08934 3074.58
Iteration 922  lb 1959858 ub 4441369  cores 1681 1485 2  time 9.09474 3082.42
Iteration 923  lb 1959858 ub 4441369  cores 1682 1486 1  time 9.10202 3091.11
Iteration 924  lb 1959858 ub 4441369  cores 1684 1488 2  time 9.11036 3098.73
Iteration 925  lb 1959858 ub 4441369  cores 1686 1490 2  time 9.12127 3106.87
Iteration 926  lb 1959858 ub 4441369  cores 1688 1492 2  time 9.12885 3115.37
Iteration 927  lb 1959858 ub 4441369  cores 1690 1494 2  time 9.1341 3123.52
Iteration 928  lb 1959858 ub 4441369  cores 1691 1495 1  time 9.13864 3132.63
Iteration 929  lb 1959858 ub 4441369  cores 1693 1497 2  time 9.14801 3139.91
Iteration 930  lb 1959858 ub 4441369  cores 1695 1499 2  time 9.15674 3147.04
Iteration 931  lb 1959858 ub 4441369  cores 1697 1501 2  time 9.16588 3154.44
Iteration 932  lb 1959858 ub 4441369  cores 1699 1503 2  time 9.17381 3161.69
Iteration 933  lb 1959858 ub 4441369  cores 1701 1505 2  time 9.18161 3170.28
Iteration 934  lb 1959858 ub 4441369  cores 1703 1507 2  time 9.18708 3177.8
Iteration 935  lb 1959858 ub 4441369  cores 1705 1509 2  time 9.20504 3186.54
Iteration 936  lb 1959858 ub 4441369  cores 1707 1511 2  time 9.21284 3194.76
Iteration 937  lb 1959858 ub 4441369  cores 1709 1513 2  time 9.23485 3202.54
Iteration 938  lb 1959858 ub 4441369  cores 1711 1515 2  time 9.25067 3210.65
Iteration 939  lb 1959858 ub 4441369  cores 1713 1517 2  time 9.258 3217.8
Iteration 940  lb 1959858 ub 4441369  cores 1715 1519 2  time 9.27374 3224.95
Iteration 941  lb 1959858 ub 4441369  cores 1717 1520 2  time 9.28904 3233.53
Iteration 942  lb 1959858 ub 4441369  cores 1719 1522 2  time 9.30028 3241.03
Iteration 943  lb 1959858 ub 4441369  cores 1721 1524 2  time 9.30473 3248.86
Iteration 944  lb 1959858 ub 4441369  cores 1722 1524 1  time 9.30908 3256.02
Iteration 945  lb 1959858 ub 4441369  cores 1724 1526 2  time 9.31882 3265.24
Iteration 946  lb 1959858 ub 4441369  cores 1726 1528 2  time 9.33699 3273.24
Iteration 947  lb 1959858 ub 4441369  cores 1728 1530 2  time 9.34462 3280.39
Iteration 948  lb 1959858 ub 4441369  cores 1730 1532 2  time 9.353 3288.26
Iteration 949  lb 1959858 ub 4441369  cores 1732 1533 2  time 9.36005 3295.84
Iteration 950  lb 1959858 ub 4441369  cores 1734 1535 2  time 9.36763 3305.62
Iteration 951  lb 1959858 ub 4441369  cores 1736 1537 2  time 9.3811 3313.33
Iteration 952  lb 1959858 ub 4441369  cores 1738 1539 2  time 9.39 3323.05
Iteration 953  lb 1959858 ub 4441369  cores 1740 1541 2  time 9.39747 3329.45
Iteration 954  lb 1959858 ub 4441369  cores 1742 1543 2  time 9.40619 3338.25
Iteration 955  lb 1959858 ub 4441369  cores 1744 1545 2  time 9.4173 3345.92
Iteration 956  lb 1959858 ub 4441369  cores 1745 1546 1  time 9.42315 3353.99
Iteration 957  lb 1959858 ub 4441369  cores 1746 1547 1  time 9.42927 3360.69
Iteration 958  lb 1959858 ub 4441369  cores 1747 1548 1  time 9.43287 3367.84
Iteration 959  lb 1959858 ub 4441369  cores 1748 1549 1  time 9.43562 3376.5
Iteration 960  lb 1959858 ub 4441369  cores 1750 1551 2  time 9.44698 3384.69
Iteration 961  lb 1959858 ub 4441369  cores 1752 1553 2  time 9.45348 3392.87
Iteration 962  lb 1959858 ub 4441369  cores 1754 1555 2  time 9.46069 3400.97
Iteration 963  lb 1959858 ub 4441369  cores 1755 1556 1  time 9.47275 3408.03
Iteration 964  lb 1959858 ub 4441369  cores 1756 1557 1  time 9.47531 3414.59
Iteration 965  lb 1959858 ub 4441369  cores 1758 1559 2  time 9.4856 3422.43
Iteration 966  lb 1959858 ub 4441369  cores 1760 1561 2  time 9.50471 3428.16
Iteration 967  lb 1959858 ub 4441369  cores 1762 1563 2  time 9.51904 3435.73
Iteration 968  lb 1959858 ub 4441369  cores 1764 1565 2  time 9.52974 3442.15
Iteration 969  lb 1959858 ub 4441369  cores 1766 1567 2  time 9.53778 3451.66
Iteration 970  lb 1959858 ub 4441369  cores 1768 1569 2  time 9.54521 3457.87
Iteration 971  lb 1959858 ub 4441369  cores 1769 1570 1  time 9.55209 3464.88
Iteration 972  lb 1959858 ub 4441369  cores 1770 1571 1  time 9.5582 3471.84
Iteration 973  lb 1959858 ub 4441369  cores 1772 1573 2  time 9.568 3479.54
Iteration 974  lb 1959858 ub 4441369  cores 1774 1575 2  time 9.57624 3487.97
Iteration 975  lb 1959858 ub 4441369  cores 1776 1577 2  time 9.58973 3496.11
Iteration 976  lb 1959858 ub 4441369  cores 1778 1579 2  time 9.59566 3505.37
Iteration 977  lb 1959858 ub 4441369  cores 1780 1581 2  time 9.60733 3514.32
Iteration 978  lb 1959858 ub 4441369  cores 1782 1583 2  time 9.61932 3521.5
Iteration 979  lb 1959858 ub 4441369  cores 1784 1585 2  time 9.62679 3529.44
Iteration 980  lb 1959858 ub 4441369  cores 1786 1587 2  time 9.63678 3537.6
Iteration 981  lb 1959858 ub 4441369  cores 1787 1588 1  time 9.65268 3543.89
Iteration 982  lb 1959858 ub 4441369  cores 1789 1590 2  time 9.66432 3552.47
Iteration 983  lb 1959858 ub 4441369  cores 1791 1591 2  time 9.67367 3560.47
Iteration 984  lb 1959858 ub 4441369  cores 1793 1592 2  time 9.68175 3568.36
Iteration 985  lb 1959858 ub 4441369  cores 1794 1593 1  time 9.686 3576.16
Iteration 986  lb 1959858 ub 4441369  cores 1796 1595 2  time 9.69846 3584.53
