lb 178436 ub 1866907 before adjustment
lb 0 ub 1688471 after adjustment
costs ready
11 variables 66 functions 178436 lb, 1688471 ub
Iteration 0  HV  cores 1 1 1  time 0.024381 0 0
Iteration 1  HV  cores 2 2 1  time 0.034981 0 0
Iteration 2  HV  cores 3 3 1  time 0.055394 0 0
Iteration 3  HV  cores 4 4 1  time 0.062603 0 0
Iteration 4  HV  cores 5 5 1  time 0.067881 0 0
Iteration 5  HV  cores 6 6 1  time 0.081971 0 0
Iteration 6  HV  cores 7 7 1  time 0.095595 0 0
Iteration 7  HV  cores 8 8 1  time 0.102546 0 0
Iteration 8  HV  cores 9 9 1  time 0.119867 0 0
Iteration 9  HV  cores 10 9 1  time 0.129222 0 0
Iteration 10  HV  cores 11 10 1  time 0.139796 0 0
Iteration 11  HV  cores 12 10 1  time 0.142615 0 0
Iteration 12  HV  cores 13 11 1  time 0.14522 0 0
Iteration 13  HV  cores 14 12 1  time 0.169806 0 0
Iteration 14 MHV  lb 178438 ub 178453  time 0.170391 0.021061 0
Iteration 15  HV  cores 15 13 1  time 0.179576 0.021061 0
Iteration 16  HV  cores 16 14 1  time 0.182467 0.021061 0
Iteration 17  HV  cores 17 14 1  time 0.184982 0.021061 0
Iteration 18  HV  cores 18 15 1  time 0.194935 0.021061 0
Iteration 19 MHV  lb 178438 ub 178444  time 0.1955 0.045356 0
Iteration 20  HV  cores 19 16 1  time 0.202668 0.045356 0
Iteration 21  HV  cores 20 17 1  time 0.217083 0.045356 0
Iteration 22  HV  cores 21 17 1  time 0.230446 0.045356 0
Iteration 23  HV  cores 22 17 1  time 0.242695 0.045356 0
Iteration 24  HV  cores 23 17 1  time 0.255945 0.045356 0
Iteration 25  HV  cores 24 17 1  time 0.275288 0.045356 0
Iteration 26  HV  cores 25 17 1  time 0.284916 0.045356 0
Iteration 27  HV  cores 26 18 1  time 0.300096 0.045356 0
Iteration 28  HV  cores 27 18 1  time 0.309931 0.045356 0
Iteration 29  HV  cores 28 18 1  time 0.314644 0.045356 0
Iteration 30  HV  cores 29 19 1  time 0.323027 0.045356 0
Iteration 31  HV  cores 30 20 1  time 0.333979 0.045356 0
Iteration 32  HV  cores 31 20 1  time 0.345608 0.045356 0
Iteration 33  HV  cores 32 21 1  time 0.353643 0.045356 0
Iteration 34  HV  cores 33 21 1  time 0.360584 0.045356 0
Iteration 35  HV  cores 34 22 1  time 0.369753 0.045356 0
Iteration 36  HV  cores 35 22 1  time 0.375595 0.045356 0
Iteration 37  HV  cores 36 23 1  time 0.386103 0.045356 0
Iteration 38  HV  cores 37 24 1  time 0.395201 0.045356 0
Iteration 39  HV  cores 38 25 1  time 0.406152 0.045356 0
Iteration 40  HV  cores 39 25 1  time 0.411615 0.045356 0
Iteration 41  HV  cores 40 26 1  time 0.419611 0.045356 0
Iteration 42  HV  cores 41 27 1  time 0.43142 0.045356 0
Iteration 43  HV  cores 42 27 1  time 0.440888 0.045356 0
Iteration 44  HV  cores 43 28 1  time 0.44644 0.045356 0
Iteration 45  HV  cores 44 29 1  time 0.450876 0.045356 0
Iteration 46  HV  cores 45 29 1  time 0.457196 0.045356 0
Iteration 47  HV  cores 46 30 1  time 0.462738 0.045356 0
Iteration 48  HV  cores 47 31 1  time 0.474137 0.045356 0
Iteration 49  HV  cores 48 32 1  time 0.488191 0.045356 0
Iteration 50 MHV  lb 178438 ub 178444  time 0.488659 0.073573 0
Iteration 51  HV  cores 49 33 1  time 0.499007 0.073573 0
Iteration 52  HV  cores 50 34 1  time 0.511532 0.073573 0
Iteration 53  HV  cores 51 35 1  time 0.522027 0.073573 0
Iteration 54  HV  cores 52 35 1  time 0.530052 0.073573 0
Iteration 55  HV  cores 53 35 1  time 0.543987 0.073573 0
Iteration 56  HV  cores 54 36 1  time 0.561914 0.073573 0
Iteration 57  HV  cores 55 36 1  time 0.573859 0.073573 0
Iteration 58  HV  cores 56 37 1  time 0.586271 0.073573 0
Iteration 59  HV  cores 57 38 1  time 0.590936 0.073573 0
Iteration 60  HV  cores 58 37 1  time 0.595115 0.073573 0
Iteration 61  HV  cores 59 38 1  time 0.603756 0.073573 0
Iteration 62 MHV  lb 178439 ub 178444  time 0.604248 0.10339 0
Iteration 63  HV  cores 60 39 1  time 0.618359 0.10339 0
Iteration 64  HV  cores 61 40 1  time 0.622526 0.10339 0
Iteration 65  HV  cores 62 40 1  time 0.630344 0.10339 0
Iteration 66  HV  cores 63 41 1  time 0.637209 0.10339 0
Iteration 67  HV  cores 64 41 1  time 0.643569 0.10339 0
Iteration 68  HV  cores 65 41 1  time 0.649543 0.10339 0
Iteration 69 MHV  lb 178439 ub 178444  time 0.650035 0.136473 0
Iteration 70  HV  cores 66 42 1  time 0.661667 0.136473 0
Iteration 71  HV  cores 67 43 1  time 0.6704 0.136473 0
Iteration 72  HV  cores 68 44 1  time 0.676465 0.136473 0
Iteration 73  HV  cores 69 45 1  time 0.680497 0.136473 0
Iteration 74  HV  cores 70 46 1  time 0.685299 0.136473 0
Iteration 75  HV  cores 71 47 1  time 0.689013 0.136473 0
Iteration 76  HV  cores 72 48 1  time 0.691554 0.136473 0
Iteration 77  HV  cores 73 49 1  time 0.699725 0.136473 0
Iteration 78  HV  cores 74 49 1  time 0.704298 0.136473 0
Iteration 79  HV  cores 75 49 1  time 0.713013 0.136473 0
Iteration 80  HV  cores 76 49 1  time 0.717238 0.136473 0
Iteration 81  HV  cores 77 50 1  time 0.730312 0.136473 0
Iteration 82  HV  cores 78 50 1  time 0.73344 0.136473 0
Iteration 83  HV  cores 79 50 1  time 0.743677 0.136473 0
Iteration 84  HV  cores 80 50 1  time 0.753541 0.136473 0
Iteration 85  HV  cores 81 51 1  time 0.760103 0.136473 0
Iteration 86  HV  cores 82 52 1  time 0.775254 0.136473 0
Iteration 87  HV  cores 83 53 1  time 0.795243 0.136473 0
Iteration 88  HV  cores 84 54 1  time 0.801998 0.136473 0
Iteration 89  HV  cores 85 55 1  time 0.808894 0.136473 0
Iteration 90  HV  cores 86 55 1  time 0.815888 0.136473 0
Iteration 91  HV  cores 87 56 1  time 0.826385 0.136473 0
Iteration 92  HV  cores 88 57 1  time 0.842765 0.136473 0
Iteration 93  HV  cores 89 58 1  time 0.869684 0.136473 0
Iteration 94  HV  cores 90 59 1  time 0.889648 0.136473 0
Iteration 95  HV  cores 91 59 1  time 0.900633 0.136473 0
Iteration 96  HV  cores 92 59 1  time 0.90777 0.136473 0
Iteration 97  HV  cores 93 60 1  time 0.914971 0.136473 0
Iteration 98 MHV  lb 178440 ub 178444  time 0.915455 0.172879 0
Iteration 99  HV  cores 94 61 1  time 0.919288 0.172879 0
Iteration 100  HV  cores 95 62 1  time 0.922751 0.172879 0
Iteration 101  HV  cores 96 63 1  time 0.925879 0.172879 0
Iteration 102  HV  cores 97 64 1  time 0.929105 0.172879 0
Iteration 103  HV  cores 98 64 1  time 0.932591 0.172879 0
Iteration 104  HV  cores 99 63 1  time 0.936335 0.172879 0
Iteration 105  HV  cores 100 63 1  time 0.939906 0.172879 0
Iteration 106  HV  cores 101 64 1  time 0.941607 0.172879 0
Iteration 107  HV  cores 102 65 1  time 0.946729 0.172879 0
Iteration 108  HV  cores 103 65 1  time 0.950662 0.172879 0
Iteration 109  HV  cores 104 66 1  time 0.964499 0.172879 0
Iteration 110  HV  cores 105 67 1  time 0.976036 0.172879 0
Iteration 111  HV  cores 106 68 1  time 0.977891 0.172879 0
Iteration 112  HV  cores 107 69 1  time 0.986164 0.172879 0
Iteration 113  HV  cores 108 69 1  time 0.993878 0.172879 0
Iteration 114  HV  cores 109 70 1  time 0.997876 0.172879 0
Iteration 115  HV  cores 110 71 1  time 1.00261 0.172879 0
Iteration 116  HV  cores 111 72 1  time 1.01799 0.172879 0
Iteration 117 MHV  lb 178440 ub 178444  time 1.01849 0.209513 0
Iteration 118  HV  cores 112 73 1  time 1.02389 0.209513 0
Iteration 119  HV  cores 113 73 1  time 1.02747 0.209513 0
Iteration 120  HV  cores 114 74 1  time 1.03362 0.209513 0
Iteration 121  HV  cores 115 74 1  time 1.04253 0.209513 0
Iteration 122  HV  cores 116 74 1  time 1.04889 0.209513 0
Iteration 123  HV  cores 117 74 1  time 1.05493 0.209513 0
Iteration 124  HV  cores 118 74 1  time 1.06261 0.209513 0
Iteration 125  HV  cores 119 74 1  time 1.08205 0.209513 0
Iteration 126 MHV  lb 178440 ub 178444  time 1.08258 0.249083 0
Iteration 127  HV  cores 120 75 1  time 1.10995 0.249083 0
Iteration 128  HV  cores 121 76 1  time 1.11753 0.249083 0
Iteration 129  HV  cores 122 75 1  time 1.12447 0.249083 0
Iteration 130  HV  cores 123 76 1  time 1.12825 0.249083 0
Iteration 131  HV  cores 124 77 1  time 1.13367 0.249083 0
Iteration 132  HV  cores 125 78 1  time 1.14054 0.249083 0
Iteration 133  HV  cores 126 78 1  time 1.14571 0.249083 0
Iteration 134 MHV  lb 178440 ub 178444  time 1.14623 0.286993 0
Iteration 135  HV  cores 127 79 1  time 1.14947 0.286993 0
Iteration 136  HV  cores 128 80 1  time 1.15316 0.286993 0
Iteration 137  HV  cores 129 81 1  time 1.15878 0.286993 0
Iteration 138 MHV  lb 178440 ub 178444  time 1.15945 0.322619 0
Iteration 139  HV  cores 130 82 1  time 1.16366 0.322619 0
Iteration 140  HV  cores 131 82 1  time 1.16702 0.322619 0
Iteration 141  HV  cores 132 83 1  time 1.17022 0.322619 0
Iteration 142  HV  cores 133 84 1  time 1.17359 0.322619 0
Iteration 143  HV  cores 134 85 1  time 1.17966 0.322619 0
Iteration 144  HV  cores 135 85 1  time 1.18557 0.322619 0
Iteration 145  HV  cores 136 85 1  time 1.19133 0.322619 0
Iteration 146  HV  cores 137 85 1  time 1.19712 0.322619 0
Iteration 147  HV  cores 138 86 1  time 1.20587 0.322619 0
Iteration 148  HV  cores 139 86 1  time 1.21197 0.322619 0
Iteration 149  HV  cores 140 86 1  time 1.21662 0.322619 0
Iteration 150 MHV  lb 178440 ub 178444  time 1.21718 0.364787 0
Iteration 151  HV  cores 141 87 1  time 1.22534 0.364787 0
Iteration 152  HV  cores 142 87 1  time 1.23538 0.364787 0
Iteration 153  HV  cores 143 88 1  time 1.24762 0.364787 0
Iteration 154  HV  cores 144 88 1  time 1.25655 0.364787 0
Iteration 155  HV  cores 145 89 1  time 1.27275 0.364787 0
Iteration 156  HV  cores 146 89 1  time 1.28292 0.364787 0
Iteration 157  HV  cores 147 90 1  time 1.3043 0.364787 0
Iteration 158  HV  cores 148 90 1  time 1.3146 0.364787 0
Iteration 159  HV  cores 149 91 1  time 1.32557 0.364787 0
Iteration 160  HV  cores 150 92 1  time 1.3351 0.364787 0
Iteration 161  HV  cores 151 92 1  time 1.34068 0.364787 0
Iteration 162  HV  cores 152 93 1  time 1.35087 0.364787 0
Iteration 163  HV  cores 153 93 1  time 1.36015 0.364787 0
Iteration 164  HV  cores 154 94 1  time 1.36961 0.364787 0
Iteration 165  HV  cores 155 95 1  time 1.37859 0.364787 0
Iteration 166  HV  cores 156 96 1  time 1.3866 0.364787 0
Iteration 167  HV  cores 157 96 1  time 1.39285 0.364787 0
Iteration 168  HV  cores 158 97 1  time 1.39835 0.364787 0
Iteration 169  HV  cores 159 98 1  time 1.40667 0.364787 0
Iteration 170 MHV  lb 178440 ub 178444  time 1.40715 0.411342 0
Iteration 171  HV  cores 160 99 1  time 1.41204 0.411342 0
Iteration 172  HV  cores 161 100 1  time 1.41622 0.411342 0
Iteration 173  HV  cores 162 101 1  time 1.42297 0.411342 0
Iteration 174  HV  cores 163 102 1  time 1.42774 0.411342 0
Iteration 175  HV  cores 164 103 1  time 1.43053 0.411342 0
Iteration 176  HV  cores 165 104 1  time 1.43366 0.411342 0
Iteration 177  HV  cores 166 105 1  time 1.43606 0.411342 0
Iteration 178  HV  cores 167 104 1  time 1.43845 0.411342 0
Iteration 179  HV  cores 168 104 1  time 1.44215 0.411342 0
Iteration 180  HV  cores 169 105 1  time 1.44676 0.411342 0
Iteration 181  HV  cores 170 106 1  time 1.45145 0.411342 0
Iteration 182  HV  cores 171 106 1  time 1.45555 0.411342 0
Iteration 183  HV  cores 172 106 1  time 1.46203 0.411342 0
Iteration 184  HV  cores 173 106 1  time 1.46969 0.411342 0
Iteration 185  HV  cores 174 107 1  time 1.47378 0.411342 0
Iteration 186  HV  cores 175 108 1  time 1.47691 0.411342 0
Iteration 187  HV  cores 176 109 1  time 1.48043 0.411342 0
Iteration 188  HV  cores 177 110 1  time 1.48714 0.411342 0
Iteration 189  HV  cores 178 111 1  time 1.49326 0.411342 0
Iteration 190  HV  cores 179 112 1  time 1.49991 0.411342 0
Iteration 191  HV  cores 180 113 1  time 1.50345 0.411342 0
Iteration 192 MHV  lb 178440 ub 178444  time 1.50407 0.463833 0
Iteration 193  HV  cores 181 113 1  time 1.51098 0.463833 0
Iteration 194  HV  cores 182 114 1  time 1.51754 0.463833 0
Iteration 195  HV  cores 183 115 1  time 1.52421 0.463833 0
Iteration 196  HV  cores 184 116 1  time 1.52945 0.463833 0
Iteration 197  HV  cores 185 117 1  time 1.5335 0.463833 0
Iteration 198  HV  cores 186 118 1  time 1.53622 0.463833 0
Iteration 199  HV  cores 187 119 1  time 1.54113 0.463833 0
Iteration 200  HV  cores 188 119 1  time 1.54854 0.463833 0
Iteration 201  HV  cores 189 119 1  time 1.55359 0.463833 0
Iteration 202  HV  cores 190 118 1  time 1.5613 0.463833 0
Iteration 203  HV  cores 191 119 1  time 1.56495 0.463833 0
Iteration 204  HV  cores 192 120 1  time 1.56919 0.463833 0
Iteration 205  HV  cores 193 121 1  time 1.57267 0.463833 0
Iteration 206  HV  cores 194 122 1  time 1.57872 0.463833 0
Iteration 207  HV  cores 195 122 1  time 1.58553 0.463833 0
Iteration 208  HV  cores 196 123 1  time 1.59204 0.463833 0
Iteration 209  HV  cores 197 124 1  time 1.59878 0.463833 0
Iteration 210  HV  cores 198 124 1  time 1.6056 0.463833 0
Iteration 211  HV  cores 199 125 1  time 1.61201 0.463833 0
Iteration 212  HV  cores 200 125 1  time 1.61731 0.463833 0
Iteration 213  HV  cores 201 124 1  time 1.62281 0.463833 0
Iteration 214 MHV  lb 178440 ub 178444  time 1.62334 0.513316 0
Iteration 215 MHV  lb 178440 ub 178440  time 1.62452 0.51414 0
Optimal value: 178440
Real time: 2.18543
CPU time: 2.25353
