lb 10460357 ub 24436312 before adjustment
lb 0 ub 13975955 after adjustment
costs ready
63 variables 1505 functions 10460357 lb, 13975955 ub
Iteration 0  HV  cores 11 11 11  time 0.802578 0 0.103828
Iteration 1  HV  cores 21 21 10  time 1.55471 0 0.240418
Iteration 2  HV  cores 30 30 9  time 2.86259 0 0.383704
Iteration 3  HV  cores 41 41 11  time 4.00782 0 0.542397
Iteration 4  HV  cores 52 52 11  time 5.02427 0 0.710195
Iteration 5  HV  cores 61 60 9  time 6.14525 0 0.89897
Iteration 6  HV  cores 70 69 9  time 8.02029 0 1.11151
Iteration 7  HV  cores 79 78 9  time 8.99625 0 1.33496
Iteration 8  HV  cores 88 87 9  time 10.0029 0 1.56523
Iteration 9  HV  cores 97 96 9  time 11.3771 0 1.80763
Iteration 10  HV  cores 108 107 11  time 12.6249 0 2.0533
Iteration 11  HV  cores 117 116 9  time 13.4612 0 2.30887
Iteration 12  HV  cores 127 126 10  time 14.4098 0 2.54414
Iteration 13  HV  cores 137 136 10  time 15.43 0 2.77562
Iteration 14  HV  cores 147 146 10  time 16.7408 0 3.02186
Iteration 15  HV  cores 157 155 10  time 17.4855 0 3.27717
Iteration 16  HV  cores 166 164 9  time 18.7631 0 3.54865
Iteration 17  HV  cores 176 173 10  time 20.207 0 3.82483
Iteration 18  HV  cores 184 181 8  time 21.0825 0 4.12407
Iteration 19  HV  cores 194 191 10  time 22.2105 0 4.43324
Iteration 20  HV  cores 203 200 9  time 23.1481 0 4.7242
Iteration 21  HV  cores 212 208 9  time 23.8418 0 5.02218
Iteration 22  HV  cores 221 217 9  time 24.9147 0 5.3262
Iteration 23  HV  cores 232 228 11  time 26.1988 0 5.64354
Iteration 24  HV  cores 241 237 9  time 27.1782 0 5.96452
Iteration 25  HV  cores 249 245 8  time 27.9772 0 6.30046
Iteration 26  HV  cores 257 253 8  time 28.673 0 6.63314
Iteration 27  HV  cores 266 262 9  time 29.9428 0 6.96716
Iteration 28  HV  cores 277 273 11  time 31.5157 0 7.31931
Iteration 29  HV  cores 285 281 8  time 32.6804 0 7.67691
Iteration 30  HV  cores 294 290 9  time 33.8293 0 8.0429
Iteration 31  HV  cores 302 298 8  time 34.7866 0 8.39481
Iteration 32  HV  cores 311 307 9  time 35.8729 0 8.77684
Iteration 33  HV  cores 320 316 9  time 37.0202 0 9.17143
Iteration 34  HV  cores 329 325 9  time 38.0606 0 9.56156
Iteration 35  HV  cores 338 334 9  time 39.1582 0 9.97005
Iteration 36  HV  cores 348 344 10  time 40.0467 0 10.3825
Iteration 37  HV  cores 357 352 9  time 40.8228 0 10.8037
Iteration 38  HV  cores 365 360 8  time 41.7195 0 11.235
Iteration 39  HV  cores 374 368 9  time 42.783 0 11.6665
Iteration 40  HV  cores 384 378 10  time 44.0262 0 12.1232
Iteration 41  HV  cores 392 386 8  time 45.1703 0 12.5667
Iteration 42  HV  cores 400 393 8  time 46.0409 0 13.0301
Iteration 43  HV  cores 409 402 9  time 46.8508 0 13.4993
Iteration 44  HV  cores 419 412 10  time 47.8765 0 13.9905
Iteration 45  HV  cores 429 421 10  time 48.96 0 14.4717
Iteration 46  HV  cores 437 428 8  time 49.7575 0 14.9875
Iteration 47  HV  cores 446 437 9  time 50.7879 0 15.4928
Iteration 48  HV  cores 455 446 9  time 51.6107 0 16.0216
Iteration 49  HV  cores 464 455 9  time 52.4949 0 16.5532
Iteration 50  HV  cores 474 465 10  time 53.823 0 17.0777
Iteration 51  HV  cores 483 473 9  time 54.8767 0 17.6366
Iteration 52  HV  cores 494 483 11  time 59.9184 0 18.19
Iteration 53  HV  cores 501 490 7  time 60.7698 0 18.7778
Iteration 54  HV  cores 510 498 9  time 61.9098 0 19.3559
Iteration 55  HV  cores 518 506 8  time 62.4202 0 19.9386
Iteration 56  HV  cores 525 511 7  time 62.9924 0 20.5501
Iteration 57  HV  cores 533 519 8  time 64.0826 0 21.1309
Iteration 58  HV  cores 541 527 8  time 64.8775 0 21.7377
Iteration 59  HV  cores 550 536 9  time 65.9342 0 22.352
Iteration 60  HV  cores 558 544 8  time 66.6936 0 22.9636
Iteration 61  HV  cores 566 551 8  time 67.4304 0 23.5941
Iteration 62  HV  cores 574 558 8  time 68.1295 0 24.2344
Iteration 63  HV  cores 583 567 9  time 69.3742 0 24.8774
Iteration 64  HV  cores 592 576 9  time 70.2193 0 25.5469
Iteration 65  HV  cores 598 582 6  time 70.8705 0 26.2277
Iteration 66  HV  cores 607 590 9  time 71.9983 0 26.9291
Iteration 67  HV  cores 615 598 8  time 73.0459 0 27.6007
Iteration 68  HV  cores 622 605 7  time 73.5686 0 28.2571
Iteration 69  HV  cores 630 613 8  time 74.3198 0 28.956
Iteration 70  HV  cores 638 621 8  time 75.0701 0 29.6498
Iteration 71  HV  cores 646 629 8  time 76.1586 0 30.3892
Iteration 72  HV  cores 655 638 9  time 76.9925 0 31.1227
Iteration 73  HV  cores 663 646 8  time 77.8248 0 31.8529
Iteration 74  HV  cores 670 653 7  time 78.5817 0 32.5683
Iteration 75  HV  cores 678 661 8  time 79.2678 0 33.2792
Iteration 76  HV  cores 686 669 8  time 79.834 0 34.0103
Iteration 77  HV  cores 693 676 7  time 80.4027 0 34.7395
Iteration 78  HV  cores 702 685 9  time 81.2702 0 35.4493
Iteration 79  HV  cores 710 693 8  time 81.952 0 36.2307
Iteration 80  HV  cores 718 701 8  time 82.6363 0 36.9712
Iteration 81  HV  cores 727 710 9  time 83.5088 0 37.7331
Iteration 82  HV  cores 734 717 7  time 84.0294 0 38.5177
Iteration 83  HV  cores 741 724 7  time 84.8222 0 39.3033
Iteration 84  HV  cores 749 732 8  time 85.3693 0 40.1413
Iteration 85  HV  cores 759 742 10  time 86.2134 0 40.9416
Iteration 86  HV  cores 767 750 8  time 86.9902 0 41.7474
Iteration 87  HV  cores 775 758 8  time 87.5361 0 42.5473
Iteration 88  HV  cores 783 766 8  time 88.538 0 43.3476
Iteration 89  HV  cores 791 774 8  time 89.2399 0 44.1698
Iteration 90  HV  cores 799 782 8  time 90.075 0 45.0206
Iteration 91  HV  cores 807 790 8  time 90.6601 0 45.8952
Iteration 92  HV  cores 815 798 8  time 91.2389 0 46.7205
Iteration 93  HV  cores 823 806 8  time 91.9819 0 47.6173
Iteration 94  HV  cores 830 813 7  time 92.9025 0 48.4779
Iteration 95  HV  cores 836 819 6  time 93.1633 0 49.3879
Iteration 96  HV  cores 843 825 7  time 93.6979 0 50.2553
Iteration 97  HV  cores 850 832 7  time 94.3351 0 51.1648
Iteration 98  HV  cores 857 839 7  time 95.0288 0 52.0521
Iteration 99  HV  cores 863 845 6  time 95.636 0 52.9256
Iteration 100  HV  cores 872 854 9  time 96.3436 0 53.8509
Iteration 101  HV  cores 880 862 8  time 97.3146 0 54.7752
Iteration 102  HV  cores 890 872 10  time 98.8426 0 55.663
Iteration 103  HV  cores 900 881 10  time 99.4578 0 56.522
Iteration 104  HV  cores 908 888 8  time 100.077 0 57.4641
Iteration 105  HV  cores 915 894 7  time 100.436 0 58.3604
Iteration 106  HV  cores 925 903 10  time 100.949 0 59.3088
Iteration 107  HV  cores 934 912 9  time 101.879 0 60.2113
Iteration 108  HV  cores 943 921 9  time 102.423 0 61.1927
Iteration 109  HV  cores 951 929 8  time 103.267 0 62.1696
Iteration 110  HV  cores 958 936 7  time 103.72 0 63.0824
Iteration 111  HV  cores 965 943 7  time 104.317 0 64.0219
Iteration 112  HV  cores 973 951 8  time 105.071 0 65.007
Iteration 113  HV  cores 979 957 6  time 105.355 0 65.9741
Iteration 114  HV  cores 987 965 8  time 106.407 0 66.9611
Iteration 115  HV  cores 995 973 8  time 106.918 0 67.9974
Iteration 116  HV  cores 1002 980 7  time 107.382 0 68.964
Iteration 117  HV  cores 1012 990 10  time 108.319 0 69.9366
Iteration 118  HV  cores 1021 999 9  time 109.331 0 70.9136
Iteration 119  HV  cores 1028 1006 7  time 109.9 0 71.9463
Iteration 120  HV  cores 1036 1014 8  time 110.392 0 73.0273
Iteration 121  HV  cores 1044 1022 8  time 111.098 0 74.0607
Iteration 122  HV  cores 1051 1029 7  time 111.624 0 75.0577
Iteration 123  HV  cores 1059 1037 8  time 112.296 0 76.1025
Iteration 124  HV  cores 1066 1044 7  time 112.641 0 77.1226
Iteration 125  HV  cores 1073 1051 7  time 113.071 0 78.1241
Iteration 126  HV  cores 1081 1059 8  time 113.595 0 79.1902
Iteration 127  HV  cores 1089 1067 8  time 114.619 0 80.2895
Iteration 128  HV  cores 1098 1076 9  time 115.353 0 81.355
Iteration 129  HV  cores 1107 1085 9  time 116.142 0 82.4608
Iteration 130  HV  cores 1114 1092 7  time 116.722 0 83.5024
Iteration 131  HV  cores 1122 1100 8  time 117.484 0 84.6645
Iteration 132  HV  cores 1129 1107 7  time 117.945 0 85.7472
Iteration 133  HV  cores 1137 1115 8  time 118.543 0 86.8554
Iteration 134  HV  cores 1144 1122 7  time 119.049 0 88.0265
Iteration 135  HV  cores 1152 1130 8  time 119.517 0 89.1542
Iteration 136  HV  cores 1158 1136 6  time 119.959 0 90.3384
Iteration 137  HV  cores 1166 1143 8  time 120.629 0 91.4362
Iteration 138  HV  cores 1175 1152 9  time 121.425 0 92.5668
Iteration 139  HV  cores 1183 1159 8  time 122.297 0 93.675
Iteration 140  HV  cores 1192 1168 9  time 122.813 0 94.6804
Iteration 141  HV  cores 1201 1177 9  time 123.45 0 95.804
Iteration 142  HV  cores 1210 1186 9  time 124.152 0 96.885
Iteration 143  HV  cores 1218 1194 8  time 124.595 0 98.0231
Iteration 144  HV  cores 1226 1202 8  time 125.134 0 99.0647
Iteration 145  HV  cores 1234 1210 8  time 125.597 0 100.198
Iteration 146  HV  cores 1244 1220 10  time 126.604 0 101.32
Iteration 147  HV  cores 1251 1227 7  time 127.244 0 102.346
Iteration 148  HV  cores 1259 1234 8  time 127.824 0 103.416
Iteration 149  HV  cores 1269 1244 10  time 128.382 0 104.513
Iteration 150  HV  cores 1276 1250 7  time 128.99 0 105.586
Iteration 151  HV  cores 1285 1259 9  time 129.699 0 106.784
Iteration 152  HV  cores 1291 1265 6  time 130.215 0 107.841
Iteration 153  HV  cores 1300 1274 9  time 130.725 0 109.012
Iteration 154  HV  cores 1308 1280 8  time 131.113 0 110.034
Iteration 155  HV  cores 1315 1287 7  time 131.652 0 111.235
Iteration 156  HV  cores 1323 1295 8  time 132.05 0 112.527
Iteration 157  HV  cores 1330 1302 7  time 132.532 0 113.651
Iteration 158  HV  cores 1338 1309 8  time 133.134 0 114.858
Iteration 159  HV  cores 1346 1317 8  time 133.521 0 116.081
Iteration 160  HV  cores 1354 1324 8  time 134.221 0 117.22
Iteration 161  HV  cores 1363 1332 9  time 134.714 0 118.333
Iteration 162  HV  cores 1370 1336 7  time 135.116 0 119.414
Iteration 163  HV  cores 1377 1343 7  time 135.508 0 120.701
Iteration 164  HV  cores 1386 1351 9  time 136.715 0 121.782
Iteration 165  HV  cores 1393 1358 7  time 137.102 0 123.033
Iteration 166  HV  cores 1401 1365 8  time 137.544 0 124.246
Iteration 167  HV  cores 1409 1372 8  time 138.022 0 125.397
Iteration 168  HV  cores 1417 1380 8  time 138.746 0 126.598
Iteration 169  HV  cores 1425 1387 8  time 139.227 0 127.789
Iteration 170  HV  cores 1432 1394 7  time 139.699 0 129.18
Iteration 171  HV  cores 1439 1401 7  time 140.266 0 130.477
Iteration 172  HV  cores 1447 1408 8  time 140.694 0 131.778
Iteration 173  HV  cores 1454 1415 7  time 141.31 0 132.98
Iteration 174  HV  cores 1462 1420 8  time 141.757 0 134.238
Iteration 175  HV  cores 1468 1426 6  time 147.435 0 135.43
Iteration 176  HV  cores 1474 1432 6  time 147.922 0 136.725
Iteration 177  HV  cores 1483 1441 9  time 148.77 0 137.962
Iteration 178  HV  cores 1490 1448 7  time 149.455 0 139.263
Iteration 179  HV  cores 1497 1455 7  time 149.906 0 140.566
Iteration 180  HV  cores 1504 1462 7  time 150.49 0 141.823
Iteration 181  HV  cores 1509 1467 5  time 150.921 0 142.931
Iteration 182  HV  cores 1515 1472 6  time 151.39 0 144.093
Iteration 183  HV  cores 1522 1479 7  time 151.875 0 145.23
Iteration 184  HV  cores 1529 1486 7  time 152.478 0 146.399
Iteration 185  HV  cores 1536 1493 7  time 153.099 0 147.573
Iteration 186  HV  cores 1544 1500 8  time 153.421 0 148.714
Iteration 187  HV  cores 1552 1508 8  time 153.969 0 149.93
Iteration 188  HV  cores 1559 1515 7  time 154.765 0 151.077
Iteration 189  HV  cores 1567 1523 8  time 155.634 0 152.238
Iteration 190  HV  cores 1575 1531 8  time 156.119 0 153.402
Iteration 191  HV  cores 1582 1538 7  time 156.564 0 154.609
Iteration 192  HV  cores 1590 1546 8  time 157.009 0 155.861
Iteration 193  HV  cores 1597 1553 7  time 157.446 0 157.044
Iteration 194  HV  cores 1605 1560 8  time 158.141 0 158.278
Iteration 195  HV  cores 1611 1566 6  time 158.743 0 159.52
Iteration 196  HV  cores 1617 1572 6  time 159.173 0 160.726
Iteration 197  HV  cores 1624 1579 7  time 159.521 0 161.971
Iteration 198  HV  cores 1631 1586 7  time 160.104 0 163.192
Iteration 199  HV  cores 1637 1592 6  time 160.424 0 164.46
Iteration 200  HV  cores 1645 1600 8  time 161.035 0 165.723
Iteration 201  HV  cores 1652 1607 7  time 161.596 0 166.968
Iteration 202  HV  cores 1659 1614 7  time 161.998 0 168.271
Iteration 203  HV  cores 1665 1620 6  time 162.559 0 169.519
Iteration 204  HV  cores 1672 1627 7  time 162.99 0 170.805
Iteration 205  HV  cores 1680 1635 8  time 163.547 0 172.104
Iteration 206  HV  cores 1688 1643 8  time 164.422 0 173.37
Iteration 207  HV  cores 1696 1651 8  time 165.274 0 174.676
Iteration 208  HV  cores 1703 1658 7  time 165.703 0 175.953
Iteration 209  HV  cores 1712 1667 9  time 166.318 0 177.236
Iteration 210  HV  cores 1719 1674 7  time 166.76 0 178.548
Iteration 211  HV  cores 1726 1681 7  time 167.135 0 179.864
Iteration 212  HV  cores 1734 1689 8  time 167.92 0 181.206
Iteration 213  HV  cores 1741 1696 7  time 168.364 0 182.513
Iteration 214  HV  cores 1749 1704 8  time 168.909 0 183.849
Iteration 215  HV  cores 1755 1710 6  time 169.204 0 185.226
Iteration 216  HV  cores 1762 1717 7  time 169.774 0 186.611
Iteration 217  HV  cores 1768 1723 6  time 170.22 0 187.987
Iteration 218  HV  cores 1775 1730 7  time 170.67 0 189.332
Iteration 219  HV  cores 1780 1735 5  time 171.071 0 190.68
Iteration 220  HV  cores 1787 1742 7  time 171.654 0 191.913
Iteration 221  HV  cores 1793 1747 6  time 172.059 0 193.314
Iteration 222  HV  cores 1800 1754 7  time 172.648 0 194.727
Iteration 223  HV  cores 1806 1760 6  time 173.133 0 196.1
Iteration 224  HV  cores 1813 1767 7  time 173.603 0 197.471
Iteration 225  HV  cores 1819 1773 6  time 174.055 0 198.907
Iteration 226  HV  cores 1826 1780 7  time 174.524 0 200.303
Iteration 227  HV  cores 1833 1787 7  time 175.025 0 201.703
Iteration 228  HV  cores 1842 1796 9  time 175.794 0 203.131
Iteration 229  HV  cores 1849 1803 7  time 176.112 0 204.586
Iteration 230  HV  cores 1858 1812 9  time 176.737 0 205.999
Iteration 231  HV  cores 1865 1819 7  time 177.559 0 207.462
Iteration 232  HV  cores 1871 1825 6  time 178.02 0 208.89
Iteration 233  HV  cores 1879 1833 8  time 178.826 0 210.375
Iteration 234  HV  cores 1888 1842 9  time 179.772 0 211.82
Iteration 235  HV  cores 1896 1850 8  time 180.237 0 213.282
Iteration 236  HV  cores 1904 1858 8  time 180.913 0 214.808
Iteration 237  HV  cores 1910 1864 6  time 181.309 0 216.155
Iteration 238  HV  cores 1917 1871 7  time 181.723 0 217.683
Iteration 239  HV  cores 1923 1877 6  time 182.35 0 219.019
Iteration 240  HV  cores 1930 1883 7  time 182.895 0 220.501
Iteration 241  HV  cores 1938 1891 8  time 183.524 0 221.999
Iteration 242  HV  cores 1945 1898 7  time 184.126 0 223.492
Iteration 243  HV  cores 1953 1906 8  time 184.53 0 224.844
Iteration 244  HV  cores 1961 1913 8  time 185.357 0 226.411
Iteration 245  HV  cores 1968 1919 7  time 185.912 0 227.975
Iteration 246  HV  cores 1975 1926 7  time 186.706 0 229.486
Iteration 247  HV  cores 1982 1933 7  time 187.219 0 230.848
Iteration 248  HV  cores 1989 1940 7  time 187.675 0 232.38
Iteration 249  HV  cores 1997 1948 8  time 188.153 0 233.777
Iteration 250  HV  cores 2004 1955 7  time 188.714 0 235.327
Iteration 251  HV  cores 2011 1962 7  time 189.217 0 236.952
Iteration 252  HV  cores 2019 1970 8  time 189.709 0 238.339
Iteration 253  HV  cores 2026 1977 7  time 190.157 0 239.971
Iteration 254  HV  cores 2033 1984 7  time 190.618 0 241.391
Iteration 255  HV  cores 2039 1990 6  time 191.131 0 243
Iteration 256  HV  cores 2045 1996 6  time 191.636 0 244.419
Iteration 257  HV  cores 2051 2002 6  time 191.925 0 246.011
Iteration 258  HV  cores 2058 2008 7  time 192.333 0 247.45
Iteration 259  HV  cores 2065 2015 7  time 192.915 0 248.912
Iteration 260  HV  cores 2072 2022 7  time 193.343 0 250.588
Iteration 261  HV  cores 2081 2031 9  time 193.945 0 252.278
Iteration 262  HV  cores 2088 2036 7  time 194.263 0 253.764
Iteration 263  HV  cores 2095 2041 7  time 194.58 0 255.399
Iteration 264  HV  cores 2102 2048 7  time 195.028 0 257.054
Iteration 265  HV  cores 2109 2054 7  time 195.628 0 258.783
Iteration 266  HV  cores 2116 2059 7  time 196.037 0 260.506
Iteration 267  HV  cores 2124 2066 8  time 196.622 0 262.187
Iteration 268  HV  cores 2131 2072 7  time 196.99 0 263.868
Iteration 269  HV  cores 2138 2079 7  time 197.318 0 265.563
Iteration 270  HV  cores 2145 2085 7  time 197.71 0 267.297
Iteration 271  HV  cores 2152 2092 7  time 198.113 0 269.052
Iteration 272  HV  cores 2162 2102 10  time 198.731 0 270.601
Iteration 273  HV  cores 2169 2109 7  time 199.305 0 272.318
Iteration 274  HV  cores 2176 2116 7  time 199.714 0 273.833
Iteration 275  HV  cores 2185 2125 9  time 200.061 0 275.361
Iteration 276  HV  cores 2192 2131 7  time 200.326 0 276.912
Iteration 277  HV  cores 2201 2139 9  time 200.749 0 278.478
Iteration 278  HV  cores 2208 2146 7  time 201.024 0 280.068
Iteration 279  HV  cores 2216 2154 8  time 201.857 0 281.835
Iteration 280  HV  cores 2226 2164 10  time 202.485 0 283.61
Iteration 281  HV  cores 2235 2173 9  time 202.918 0 285.387
Iteration 282  HV  cores 2243 2181 8  time 203.204 0 286.957
Iteration 283  HV  cores 2251 2189 8  time 203.533 0 288.765
Iteration 284  HV  cores 2259 2197 8  time 204.506 0 290.342
Iteration 285  HV  cores 2267 2205 8  time 205.049 0 292.237
Iteration 286  HV  cores 2275 2213 8  time 205.624 0 293.875
Iteration 287  HV  cores 2284 2222 9  time 206.514 0 295.718
Iteration 288  HV  cores 2291 2229 7  time 206.881 0 297.334
Iteration 289  HV  cores 2299 2237 8  time 207.729 0 298.994
Iteration 290  HV  cores 2306 2244 7  time 208.18 0 300.669
Iteration 291  HV  cores 2315 2253 9  time 208.945 0 302.301
Iteration 292  HV  cores 2323 2261 8  time 209.519 0 304.171
Iteration 293  HV  cores 2331 2269 8  time 209.957 0 306.055
Iteration 294  HV  cores 2339 2277 8  time 210.596 0 307.706
Iteration 295  HV  cores 2346 2284 7  time 211.22 0 309.679
Iteration 296  HV  cores 2355 2293 9  time 212.683 0 311.641
Iteration 297  HV  cores 2363 2300 8  time 213.233 0 313.62
Iteration 298  HV  cores 2369 2306 6  time 213.753 0 315.537
Iteration 299  HV  cores 2378 2315 9  time 214.29 0 317.446
Iteration 300  HV  cores 2387 2324 9  time 214.845 0 319.15
Iteration 301  HV  cores 2394 2331 7  time 215.783 0 320.864
Iteration 302  HV  cores 2401 2338 7  time 216.903 0 322.844
Iteration 303  HV  cores 2408 2345 7  time 217.452 0 324.895
Iteration 304  HV  cores 2417 2354 9  time 218.152 0 326.857
Iteration 305  HV  cores 2424 2361 7  time 218.582 0 328.818
Iteration 306  HV  cores 2433 2370 9  time 219.076 0 330.56
Iteration 307  HV  cores 2441 2378 8  time 219.454 0 332.333
Iteration 308  HV  cores 2448 2385 7  time 219.908 0 334.109
Iteration 309  HV  cores 2456 2393 8  time 220.358 0 336.096
Iteration 310  HV  cores 2463 2400 7  time 220.94 0 338.149
Iteration 311  HV  cores 2470 2407 7  time 221.581 0 340.225
Iteration 312  HV  cores 2477 2414 7  time 222.299 0 342.286
Iteration 313  HV  cores 2484 2421 7  time 222.975 0 344.305
Iteration 314  HV  cores 2491 2428 7  time 223.454 0 346.118
Iteration 315  HV  cores 2498 2435 7  time 223.84 0 348.143
Iteration 316  HV  cores 2506 2443 8  time 224.215 0 350.175
Iteration 317  HV  cores 2513 2450 7  time 224.827 0 352.225
Iteration 318  HV  cores 2520 2457 7  time 225.304 0 354.048
Iteration 319  HV  cores 2526 2463 6  time 225.787 0 356.113
Iteration 320  HV  cores 2534 2471 8  time 226.144 0 357.955
Iteration 321  HV  cores 2540 2477 6  time 226.629 0 360.028
Iteration 322  HV  cores 2546 2483 6  time 226.969 0 362.199
Iteration 323  HV  cores 2554 2491 8  time 227.303 0 363.98
Iteration 324  HV  cores 2562 2499 8  time 227.916 0 366.092
Iteration 325  HV  cores 2568 2505 6  time 228.209 0 368.294
Iteration 326  HV  cores 2575 2512 7  time 228.597 0 370.487
Iteration 327  HV  cores 2581 2518 6  time 228.972 0 372.623
Iteration 328  HV  cores 2587 2524 6  time 229.368 0 374.837
Iteration 329  HV  cores 2593 2530 6  time 229.844 0 377.066
Iteration 330  HV  cores 2599 2536 6  time 230.115 0 379.323
Iteration 331  HV  cores 2606 2543 7  time 230.836 0 381.268
Iteration 332  HV  cores 2613 2550 7  time 231.361 0 383.542
Iteration 333  HV  cores 2619 2556 6  time 231.871 0 385.738
Iteration 334  HV  cores 2626 2563 7  time 232.368 0 387.929
Iteration 335  HV  cores 2632 2569 6  time 232.719 0 390.214
Iteration 336  HV  cores 2641 2578 9  time 233.304 0 392.167
Iteration 337  HV  cores 2647 2584 6  time 233.737 0 394.383
Iteration 338  HV  cores 2653 2590 6  time 234.444 0 396.609
Iteration 339  HV  cores 2659 2595 6  time 234.858 0 398.554
Iteration 340  HV  cores 2666 2602 7  time 235.298 0 400.907
Iteration 341  HV  cores 2672 2608 6  time 235.534 0 403.172
Iteration 342  HV  cores 2678 2614 6  time 236.132 0 405.762
Iteration 343  HV  cores 2685 2621 7  time 236.631 0 407.726
Iteration 344  HV  cores 2692 2628 7  time 236.881 0 409.762
Iteration 345  HV  cores 2698 2633 6  time 237.261 0 411.778
Iteration 346  HV  cores 2704 2638 6  time 237.598 0 414.19
Iteration 347  HV  cores 2710 2644 6  time 238.053 0 416.163
Iteration 348  HV  cores 2717 2651 7  time 238.5 0 418.572
Iteration 349  HV  cores 2723 2657 6  time 239.02 0 420.61
Iteration 350  HV  cores 2731 2665 8  time 239.568 0 422.574
Iteration 351  HV  cores 2737 2671 6  time 239.751 0 424.935
Iteration 352  HV  cores 2744 2678 7  time 240.206 0 427.037
Iteration 353  HV  cores 2751 2685 7  time 240.604 0 429.514
Iteration 354  HV  cores 2758 2692 7  time 240.879 0 431.897
Iteration 355  HV  cores 2765 2699 7  time 241.474 0 434.295
Iteration 356  HV  cores 2772 2706 7  time 241.93 0 436.383
Iteration 357  HV  cores 2779 2713 7  time 242.434 0 438.879
Iteration 358  HV  cores 2786 2720 7  time 242.937 0 440.942
Iteration 359  HV  cores 2792 2726 6  time 243.309 0 442.969
Iteration 360  HV  cores 2800 2734 8  time 243.988 0 445.081
Iteration 361  HV  cores 2806 2740 6  time 244.243 0 447.504
Iteration 362  HV  cores 2813 2747 7  time 244.86 0 449.605
Iteration 363  HV  cores 2820 2754 7  time 245.361 0 452.03
Iteration 364  HV  cores 2827 2761 7  time 245.781 0 454.034
Iteration 365  HV  cores 2834 2768 7  time 246.222 0 456.042
Iteration 366  HV  cores 2841 2775 7  time 246.549 0 458.5
Iteration 367  HV  cores 2847 2781 6  time 246.863 0 460.645
Iteration 368  HV  cores 2855 2789 8  time 247.414 0 463.158
Iteration 369  HV  cores 2861 2795 6  time 247.758 0 465.775
Iteration 370  HV  cores 2869 2803 8  time 248.324 0 468.304
Iteration 371  HV  cores 2876 2810 7  time 248.905 0 470.429
Iteration 372  HV  cores 2882 2816 6  time 249.268 0 472.646
Iteration 373  HV  cores 2888 2822 6  time 249.484 0 474.818
Iteration 374  HV  cores 2894 2827 6  time 249.89 0 477.362
Iteration 375  HV  cores 2900 2833 6  time 250.371 0 480.041
Iteration 376  HV  cores 2907 2839 7  time 250.813 0 482.165
Iteration 377  HV  cores 2913 2845 6  time 251.13 0 484.337
Iteration 378  HV  cores 2919 2851 6  time 251.356 0 486.915
Iteration 379  HV  cores 2925 2857 6  time 251.677 0 489.178
Iteration 380  HV  cores 2932 2864 7  time 252.048 0 491.794
Iteration 381  HV  cores 2940 2872 8  time 252.81 0 493.945
Iteration 382  HV  cores 2947 2879 7  time 253.292 0 496.219
Iteration 383  HV  cores 2954 2886 7  time 253.541 0 498.842
Iteration 384  HV  cores 2961 2893 7  time 253.873 0 501.072
Iteration 385  HV  cores 2968 2900 7  time 254.333 0 503.341
Iteration 386  HV  cores 2975 2907 7  time 255.16 0 505.994
Iteration 387  HV  cores 2982 2914 7  time 255.508 0 508.275
Iteration 388  HV  cores 2989 2921 7  time 256.059 0 510.459
Iteration 389  HV  cores 2997 2929 8  time 256.697 0 512.691
Iteration 390  HV  cores 3004 2936 7  time 257.061 0 514.929
Iteration 391  HV  cores 3012 2944 8  time 257.591 0 517.176
Iteration 392  HV  cores 3020 2952 8  time 258.102 0 520.002
Iteration 393  HV  cores 3026 2956 6  time 258.258 0 522.198
Iteration 394  HV  cores 3032 2962 6  time 258.607 0 524.566
Iteration 395  HV  cores 3038 2968 6  time 258.856 0 526.823
Iteration 396  HV  cores 3046 2976 8  time 259.378 0 529.095
Iteration 397  HV  cores 3052 2982 6  time 259.786 0 531.474
Iteration 398  HV  cores 3059 2989 7  time 260.296 0 533.741
Iteration 399  HV  cores 3066 2996 7  time 260.731 0 535.961
Iteration 400  HV  cores 3073 3003 7  time 261.179 0 538.212
Iteration 401  HV  cores 3080 3009 7  time 261.554 0 540.434
Iteration 402  HV  cores 3086 3015 6  time 261.961 0 542.67
Iteration 403  HV  cores 3093 3022 7  time 262.434 0 544.868
Iteration 404  HV  cores 3100 3029 7  time 262.86 0 547.296
Iteration 405  HV  cores 3106 3035 6  time 263.355 0 549.769
Iteration 406  HV  cores 3113 3042 7  time 263.778 0 552.702
Iteration 407  HV  cores 3120 3049 7  time 264.17 0 554.952
Iteration 408  HV  cores 3128 3057 8  time 264.583 0 557.435
Iteration 409  HV  cores 3135 3064 7  time 264.897 0 559.78
Iteration 410  HV  cores 3143 3072 8  time 265.712 0 562.042
Iteration 411  HV  cores 3151 3080 8  time 266.263 0 564.426
Iteration 412  HV  cores 3158 3087 7  time 266.594 0 566.735
Iteration 413  HV  cores 3165 3094 7  time 267.125 0 569.124
Iteration 414  HV  cores 3171 3100 6  time 267.336 0 571.362
Iteration 415  HV  cores 3179 3108 8  time 267.652 0 573.788
Iteration 416  HV  cores 3186 3114 7  time 267.865 0 576.172
Iteration 417  HV  cores 3192 3120 6  time 268.242 0 578.54
Iteration 418  HV  cores 3200 3128 8  time 268.734 0 581.537
Iteration 419  HV  cores 3207 3135 7  time 269.123 0 584.452
Iteration 420  HV  cores 3214 3142 7  time 269.406 0 586.932
Iteration 421  HV  cores 3222 3150 8  time 269.719 0 589.889
Iteration 422  HV  cores 3228 3156 6  time 270.186 0 592.28
Iteration 423  HV  cores 3235 3163 7  time 270.569 0 594.758
Iteration 424  HV  cores 3243 3171 8  time 271.023 0 597.04
Iteration 425  HV  cores 3251 3179 8  time 271.667 0 599.467
Iteration 426  HV  cores 3258 3186 7  time 272.246 0 601.956
Iteration 427  HV  cores 3265 3193 7  time 272.508 0 604.352
Iteration 428  HV  cores 3272 3200 7  time 273.022 0 607.363
Iteration 429  HV  cores 3279 3207 7  time 273.533 0 609.993
Iteration 430  HV  cores 3286 3214 7  time 273.959 0 612.434
Iteration 431  HV  cores 3294 3222 8  time 274.615 0 614.937
Iteration 432  HV  cores 3301 3229 7  time 275.276 0 617.381
Iteration 433  HV  cores 3308 3236 7  time 275.629 0 619.82
Iteration 434  HV  cores 3315 3243 7  time 276.403 0 622.436
Iteration 435  HV  cores 3322 3250 7  time 276.756 0 625.484
Iteration 436  HV  cores 3329 3257 7  time 277.245 0 628.051
Iteration 437  HV  cores 3337 3265 8  time 277.833 0 630.505
Iteration 438  HV  cores 3343 3271 6  time 278.104 0 633.053
Iteration 439  HV  cores 3350 3278 7  time 278.406 0 636.3
Iteration 440  HV  cores 3358 3286 8  time 278.971 0 638.969
Iteration 441  HV  cores 3364 3292 6  time 279.361 0 641.477
Iteration 442  HV  cores 3370 3298 6  time 279.799 0 644.129
Iteration 443  HV  cores 3377 3305 7  time 285.902 0 646.737
Iteration 444  HV  cores 3383 3311 6  time 286.228 0 649.397
Iteration 445  HV  cores 3389 3317 6  time 286.559 0 651.921
Iteration 446  HV  cores 3396 3324 7  time 287.158 0 654.339
Iteration 447  HV  cores 3401 3329 5  time 287.435 0 657.076
Iteration 448  HV  cores 3407 3335 6  time 287.917 0 659.65
Iteration 449  HV  cores 3412 3340 5  time 288.271 0 662.18
Iteration 450  HV  cores 3418 3346 6  time 288.742 0 664.782
Iteration 451  HV  cores 3425 3353 7  time 289.242 0 667.546
Iteration 452  HV  cores 3432 3360 7  time 289.929 0 669.971
Iteration 453  HV  cores 3439 3367 7  time 290.279 0 672.609
Iteration 454  HV  cores 3445 3373 6  time 290.617 0 675.179
Iteration 455  HV  cores 3451 3378 6  time 291.036 0 677.725
Iteration 456  HV  cores 3457 3384 6  time 291.478 0 680.375
Iteration 457  HV  cores 3465 3392 8  time 291.924 0 682.981
Iteration 458  HV  cores 3472 3398 7  time 292.291 0 685.673
Iteration 459  HV  cores 3478 3404 6  time 292.54 0 688.192
Iteration 460  HV  cores 3484 3410 6  time 292.882 0 690.89
Iteration 461  HV  cores 3490 3416 6  time 293.142 0 693.578
Iteration 462  HV  cores 3497 3423 7  time 293.67 0 696.133
Iteration 463  HV  cores 3504 3430 7  time 293.931 0 698.748
Iteration 464  HV  cores 3511 3437 7  time 294.285 0 701.374
Iteration 465  HV  cores 3518 3444 7  time 294.653 0 704.058
Iteration 466  HV  cores 3524 3450 6  time 295.011 0 706.797
Iteration 467  HV  cores 3530 3456 6  time 295.361 0 709.405
Iteration 468  HV  cores 3536 3462 6  time 295.71 0 712.073
Iteration 469  HV  cores 3544 3470 8  time 296.193 0 714.701
Iteration 470  HV  cores 3550 3476 6  time 296.426 0 717.434
Iteration 471  HV  cores 3557 3482 7  time 296.799 0 720.102
Iteration 472  HV  cores 3563 3488 6  time 297.129 0 722.816
Iteration 473  HV  cores 3571 3496 8  time 297.448 0 725.45
Iteration 474  HV  cores 3578 3503 7  time 297.895 0 728.06
Iteration 475  HV  cores 3583 3508 5  time 298.163 0 730.592
Iteration 476  HV  cores 3589 3514 6  time 298.454 0 734.044
Iteration 477  HV  cores 3596 3521 7  time 298.938 0 736.95
Iteration 478  HV  cores 3603 3527 7  time 299.233 0 739.77
Iteration 479  HV  cores 3609 3532 6  time 299.427 0 742.731
Iteration 480  HV  cores 3617 3540 8  time 299.938 0 745.298
Iteration 481  HV  cores 3624 3547 7  time 300.384 0 748.185
Iteration 482  HV  cores 3634 3557 10  time 301.303 0 750.835
Iteration 483  HV  cores 3641 3564 7  time 301.797 0 753.599
Iteration 484  HV  cores 3648 3571 7  time 302.194 0 756.289
Iteration 485  HV  cores 3655 3578 7  time 302.538 0 758.999
Iteration 486  HV  cores 3662 3585 7  time 303.1 0 761.643
Iteration 487  HV  cores 3669 3592 7  time 303.535 0 764.574
Iteration 488  HV  cores 3675 3598 6  time 304.036 0 767.553
Iteration 489  HV  cores 3682 3605 7  time 304.561 0 770.215
Iteration 490  HV  cores 3688 3611 6  time 305.013 0 773.151
Iteration 491  HV  cores 3694 3617 6  time 305.339 0 776.107
Iteration 492  HV  cores 3700 3623 6  time 305.774 0 779.061
Iteration 493  HV  cores 3707 3630 7  time 306.049 0 781.971
Iteration 494  HV  cores 3714 3637 7  time 306.491 0 784.681
Iteration 495  HV  cores 3721 3644 7  time 306.814 0 787.479
Iteration 496  HV  cores 3729 3652 8  time 307.238 0 790.645
Iteration 497  HV  cores 3736 3659 7  time 307.675 0 793.59
Iteration 498  HV  cores 3743 3663 7  time 307.959 0 796.572
Iteration 499  HV  cores 3750 3670 7  time 308.287 0 799.439
Iteration 500  HV  cores 3757 3676 7  time 308.749 0 802.366
Iteration 501  HV  cores 3764 3683 7  time 309.025 0 805.297
Iteration 502  HV  cores 3771 3690 7  time 309.308 0 808.235
Iteration 503  HV  cores 3778 3697 7  time 309.805 0 811.053
Iteration 504  HV  cores 3785 3704 7  time 310.516 0 813.834
Iteration 505  HV  cores 3791 3710 6  time 310.762 0 816.472
Iteration 506  HV  cores 3798 3717 7  time 311.074 0 819.443
Iteration 507  HV  cores 3805 3724 7  time 311.473 0 822.328
Iteration 508  HV  cores 3812 3731 7  time 311.808 0 825.234
Iteration 509  HV  cores 3818 3737 6  time 312.082 0 828.151
Iteration 510  HV  cores 3826 3745 8  time 312.382 0 831.147
Iteration 511  HV  cores 3833 3752 7  time 312.854 0 833.964
Iteration 512  HV  cores 3840 3758 7  time 313.158 0 837.756
Iteration 513  HV  cores 3846 3761 6  time 313.381 0 840.65
Iteration 514  HV  cores 3852 3767 6  time 313.607 0 843.58
Iteration 515  HV  cores 3859 3774 7  time 313.865 0 846.677
Iteration 516  HV  cores 3866 3781 7  time 314.306 0 849.398
Iteration 517  HV  cores 3873 3788 7  time 314.78 0 852.316
Iteration 518  HV  cores 3880 3795 7  time 315.077 0 855.34
Iteration 519  HV  cores 3887 3801 7  time 315.376 0 858.48
Iteration 520  HV  cores 3893 3807 6  time 315.727 0 861.508
Iteration 521  HV  cores 3898 3812 5  time 315.994 0 864.501
Iteration 522  HV  cores 3905 3819 7  time 316.548 0 867.497
Iteration 523  HV  cores 3912 3826 7  time 316.855 0 870.625
Iteration 524  HV  cores 3920 3833 8  time 317.308 0 873.662
Iteration 525  HV  cores 3927 3839 7  time 317.686 0 876.706
Iteration 526  HV  cores 3933 3845 6  time 317.902 0 879.576
Iteration 527  HV  cores 3939 3851 6  time 318.14 0 882.496
Iteration 528  HV  cores 3945 3857 6  time 318.418 0 885.613
Iteration 529  HV  cores 3953 3865 8  time 318.784 0 888.628
Iteration 530  HV  cores 3959 3871 6  time 319.161 0 891.538
Iteration 531  HV  cores 3965 3877 6  time 319.427 0 894.509
Iteration 532  HV  cores 3973 3885 8  time 319.675 0 897.377
Iteration 533  HV  cores 3979 3891 6  time 319.966 0 900.484
Iteration 534  HV  cores 3986 3898 7  time 320.477 0 903.337
Iteration 535  HV  cores 3993 3905 7  time 320.904 0 906.414
Iteration 536  HV  cores 4001 3913 8  time 321.201 0 909.545
Iteration 537  HV  cores 4008 3920 7  time 321.523 0 912.561
Iteration 538  HV  cores 4014 3926 6  time 321.922 0 915.556
Iteration 539  HV  cores 4021 3933 7  time 322.206 0 918.581
Iteration 540  HV  cores 4028 3939 7  time 322.553 0 921.639
Iteration 541  HV  cores 4035 3945 7  time 322.841 0 924.555
Iteration 542  HV  cores 4041 3949 6  time 323.086 0 927.838
Iteration 543  HV  cores 4048 3956 7  time 323.27 0 931.001
Iteration 544  HV  cores 4055 3963 7  time 323.732 0 934.038
Iteration 545  HV  cores 4061 3969 6  time 324.123 0 937.157
Iteration 546  HV  cores 4068 3976 7  time 324.342 0 940.206
Iteration 547  HV  cores 4075 3983 7  time 325.018 0 943.232
Iteration 548  HV  cores 4081 3989 6  time 325.54 0 946.767
Iteration 549  HV  cores 4088 3996 7  time 325.938 0 949.874
Iteration 550  HV  cores 4095 4003 7  time 326.547 0 953.127
Iteration 551  HV  cores 4101 4009 6  time 326.771 0 956.361
Iteration 552  HV  cores 4108 4016 7  time 327.12 0 959.468
Iteration 553  HV  cores 4114 4022 6  time 327.278 0 962.724
Iteration 554  HV  cores 4120 4028 6  time 327.927 0 965.803
Iteration 555  HV  cores 4127 4035 7  time 328.367 0 968.764
Iteration 556  HV  cores 4135 4043 8  time 329.137 0 971.886
Iteration 557  HV  cores 4141 4049 6  time 329.48 0 974.834
Iteration 558  HV  cores 4147 4055 6  time 329.745 0 978.039
Iteration 559  HV  cores 4153 4061 6  time 330.055 0 981.05
Iteration 560  HV  cores 4159 4067 6  time 330.302 0 984.214
Iteration 561  HV  cores 4167 4075 8  time 330.841 0 987.327
Iteration 562  HV  cores 4174 4082 7  time 331.278 0 990.197
Iteration 563  HV  cores 4182 4090 8  time 331.751 0 993.263
Iteration 564  HV  cores 4190 4098 8  time 332.159 0 996.281
Iteration 565  HV  cores 4197 4105 7  time 332.532 0 999.232
Iteration 566  HV  cores 4204 4112 7  time 332.7 0 1002.29
Iteration 567  HV  cores 4211 4119 7  time 333.033 0 1005.36
Iteration 568  HV  cores 4218 4126 7  time 333.198 0 1008.75
Iteration 569  HV  cores 4225 4133 7  time 333.472 0 1011.96
Iteration 570  HV  cores 4232 4139 7  time 333.904 0 1015.04
Iteration 571  HV  cores 4239 4146 7  time 334.119 0 1018.29
Iteration 572  HV  cores 4247 4154 8  time 334.499 0 1021.49
Iteration 573  HV  cores 4254 4161 7  time 334.711 0 1024.5
Iteration 574  HV  cores 4262 4169 8  time 335.043 0 1027.64
Iteration 575  HV  cores 4268 4175 6  time 335.321 0 1030.75
Iteration 576  HV  cores 4275 4182 7  time 335.766 0 1033.89
Iteration 577  HV  cores 4282 4189 7  time 336.253 0 1037.18
Iteration 578  HV  cores 4289 4196 7  time 336.829 0 1040.12
Iteration 579  HV  cores 4295 4202 6  time 337.078 0 1043.28
Iteration 580  HV  cores 4302 4209 7  time 337.56 0 1046.38
Iteration 581  HV  cores 4309 4215 7  time 337.834 0 1049.74
Iteration 582  HV  cores 4317 4223 8  time 338.188 0 1052.86
Iteration 583  HV  cores 4322 4228 5  time 338.514 0 1055.87
Iteration 584  HV  cores 4328 4234 6  time 338.851 0 1059.12
Iteration 585  HV  cores 4333 4239 5  time 339.032 0 1062.38
Iteration 586  HV  cores 4340 4246 7  time 339.396 0 1065.51
Iteration 587  HV  cores 4347 4251 7  time 339.653 0 1068.92
Iteration 588  HV  cores 4353 4257 6  time 339.989 0 1071.87
Iteration 589  HV  cores 4359 4263 6  time 340.283 0 1075.37
Iteration 590  HV  cores 4366 4270 7  time 340.617 0 1079.21
Iteration 591  HV  cores 4373 4277 7  time 340.888 0 1082.62
Iteration 592  HV  cores 4379 4282 6  time 341.193 0 1085.86
Iteration 593  HV  cores 4385 4288 6  time 341.632 0 1089.45
Iteration 594  HV  cores 4392 4295 7  time 341.985 0 1092.61
Iteration 595  HV  cores 4399 4302 7  time 342.37 0 1096.07
Iteration 596  HV  cores 4405 4308 6  time 342.633 0 1099.22
Iteration 597  HV  cores 4412 4315 7  time 342.894 0 1102.43
Iteration 598  HV  cores 4418 4320 6  time 343.165 0 1105.66
Iteration 599  HV  cores 4425 4327 7  time 343.804 0 1109.15
Iteration 600  HV  cores 4432 4334 7  time 344.29 0 1112.44
Iteration 601  HV  cores 4439 4341 7  time 344.477 0 1115.87
Iteration 602  HV  cores 4446 4348 7  time 344.796 0 1119.3
Iteration 603  HV  cores 4453 4355 7  time 345.055 0 1122.65
Iteration 604  HV  cores 4460 4361 7  time 345.571 0 1126.23
Iteration 605  HV  cores 4466 4367 6  time 346.04 0 1129.8
Iteration 606  HV  cores 4473 4374 7  time 346.5 0 1133.29
Iteration 607  HV  cores 4480 4380 7  time 346.871 0 1136.8
Iteration 608  HV  cores 4487 4387 7  time 347.086 0 1140.51
Iteration 609  HV  cores 4495 4395 8  time 347.539 0 1143.84
Iteration 610  HV  cores 4502 4402 7  time 347.959 0 1147.19
Iteration 611  HV  cores 4508 4408 6  time 348.481 0 1150.58
Iteration 612  HV  cores 4516 4416 8  time 349.021 0 1154.3
Iteration 613  HV  cores 4523 4423 7  time 349.416 0 1157.85
Iteration 614  HV  cores 4530 4430 7  time 349.793 0 1161.25
Iteration 615  HV  cores 4537 4436 7  time 350.171 0 1164.75
Iteration 616  HV  cores 4544 4443 7  time 350.491 0 1168.32
Iteration 617  HV  cores 4550 4449 6  time 350.805 0 1171.61
Iteration 618  HV  cores 4556 4455 6  time 351.128 0 1174.87
Iteration 619  HV  cores 4562 4461 6  time 351.615 0 1178.42
Iteration 620  HV  cores 4569 4468 7  time 351.932 0 1182.19
Iteration 621  HV  cores 4575 4474 6  time 352.249 0 1185.49
Iteration 622  HV  cores 4582 4481 7  time 352.542 0 1189.17
Iteration 623  HV  cores 4589 4487 7  time 353.012 0 1192.78
Iteration 624  HV  cores 4595 4493 6  time 353.295 0 1196.08
Iteration 625  HV  cores 4602 4500 7  time 353.628 0 1199.8
Iteration 626  HV  cores 4610 4508 8  time 354.008 0 1203.45
Iteration 627  HV  cores 4617 4515 7  time 354.244 0 1207.08
Iteration 628  HV  cores 4624 4522 7  time 354.507 0 1210.45
Iteration 629  HV  cores 4631 4528 7  time 354.743 0 1214.04
Iteration 630  HV  cores 4638 4535 7  time 354.98 0 1217.65
Iteration 631  HV  cores 4645 4542 7  time 355.137 0 1221.36
Iteration 632  HV  cores 4652 4549 7  time 355.352 0 1224.81
Iteration 633  HV  cores 4659 4556 7  time 355.648 0 1228.22
Iteration 634  HV  cores 4665 4562 6  time 355.909 0 1231.79
Iteration 635  HV  cores 4672 4569 7  time 356.1 0 1235.19
Iteration 636  HV  cores 4679 4575 7  time 356.417 0 1238.83
Iteration 637  HV  cores 4685 4581 6  time 356.705 0 1242.41
Iteration 638  HV  cores 4692 4587 7  time 357.039 0 1246.21
Iteration 639  HV  cores 4698 4593 6  time 357.524 0 1249.94
Iteration 640  HV  cores 4705 4600 7  time 358.06 0 1253.81
Iteration 641  HV  cores 4711 4606 6  time 358.467 0 1257.49
Iteration 642  HV  cores 4718 4613 7  time 358.802 0 1261.52
Iteration 643  HV  cores 4724 4618 6  time 358.975 0 1264.94
Iteration 644  HV  cores 4730 4624 6  time 359.197 0 1268.81
Iteration 645  HV  cores 4737 4631 7  time 359.696 0 1272.37
Iteration 646  HV  cores 4744 4638 7  time 360.178 0 1276.18
Iteration 647  HV  cores 4751 4645 7  time 360.63 0 1279.92
Iteration 648  HV  cores 4758 4652 7  time 361.071 0 1283.34
Iteration 649  HV  cores 4766 4660 8  time 361.698 0 1286.94
Iteration 650  HV  cores 4773 4667 7  time 361.914 0 1290.82
Iteration 651  HV  cores 4780 4674 7  time 362.377 0 1294.35
Iteration 652  HV  cores 4787 4681 7  time 362.654 0 1297.68
Iteration 653  HV  cores 4794 4688 7  time 362.938 0 1301.51
Iteration 654  HV  cores 4801 4695 7  time 363.105 0 1304.92
Iteration 655  HV  cores 4808 4702 7  time 363.413 0 1308.45
Iteration 656  HV  cores 4815 4709 7  time 363.807 0 1312.27
Iteration 657  HV  cores 4821 4715 6  time 364.193 0 1315.89
Iteration 658  HV  cores 4827 4721 6  time 364.619 0 1321.48
Iteration 659  HV  cores 4833 4727 6  time 365.055 0 1325.11
Iteration 660  HV  cores 4840 4734 7  time 365.377 0 1328.82
Iteration 661  HV  cores 4847 4741 7  time 365.613 0 1332.92
Iteration 662  HV  cores 4853 4747 6  time 365.808 0 1336.6
Iteration 663  HV  cores 4860 4754 7  time 366.175 0 1340.55
Iteration 664  HV  cores 4867 4761 7  time 366.711 0 1344.26
Iteration 665  HV  cores 4872 4766 5  time 366.892 0 1348.02
Iteration 666  HV  cores 4878 4772 6  time 367.287 0 1352.02
Iteration 667  HV  cores 4884 4778 6  time 367.547 0 1355.68
Iteration 668  HV  cores 4891 4785 7  time 368.042 0 1359.28
Iteration 669  HV  cores 4897 4791 6  time 368.175 0 1363.11
Iteration 670  HV  cores 4904 4798 7  time 368.453 0 1366.98
Iteration 671  HV  cores 4910 4804 6  time 368.976 0 1370.68
Iteration 672  HV  cores 4916 4810 6  time 369.327 0 1374.26
Iteration 673  HV  cores 4923 4817 7  time 369.605 0 1378.17
Iteration 674  HV  cores 4929 4823 6  time 369.847 0 1382.36
Iteration 675  HV  cores 4935 4829 6  time 370.129 0 1386.1
Iteration 676  HV  cores 4941 4835 6  time 370.337 0 1389.77
Iteration 677  HV  cores 4948 4842 7  time 371.061 0 1393.31
Iteration 678  HV  cores 4955 4849 7  time 371.317 0 1397.49
Iteration 679  HV  cores 4962 4856 7  time 371.821 0 1402.1
Iteration 680  HV  cores 4969 4863 7  time 372.331 0 1405.71
Iteration 681  HV  cores 4976 4870 7  time 372.77 0 1409.42
Iteration 682  HV  cores 4983 4877 7  time 373.124 0 1412.92
Iteration 683  HV  cores 4990 4882 7  time 373.418 0 1416.54
Iteration 684  HV  cores 4996 4887 6  time 373.701 0 1420.21
Iteration 685  HV  cores 5003 4893 7  time 373.926 0 1424.02
Iteration 686  HV  cores 5010 4900 7  time 374.248 0 1427.79
Iteration 687  HV  cores 5018 4907 8  time 374.808 0 1432.12
Iteration 688  HV  cores 5024 4913 6  time 374.944 0 1435.86
Iteration 689  HV  cores 5030 4919 6  time 375.175 0 1440.42
Iteration 690  HV  cores 5037 4926 7  time 375.593 0 1443.97
Iteration 691  HV  cores 5044 4933 7  time 376.105 0 1447.9
Iteration 692  HV  cores 5052 4941 8  time 376.618 0 1451.64
Iteration 693  HV  cores 5058 4947 6  time 376.939 0 1455.54
Iteration 694  HV  cores 5065 4954 7  time 377.242 0 1459.39
Iteration 695  HV  cores 5071 4960 6  time 377.522 0 1463.16
Iteration 696  HV  cores 5079 4968 8  time 377.925 0 1466.93
Iteration 697  HV  cores 5086 4975 7  time 378.201 0 1470.73
Iteration 698  HV  cores 5092 4981 6  time 378.511 0 1474.92
Iteration 699  HV  cores 5099 4988 7  time 378.95 0 1478.74
Iteration 700  HV  cores 5106 4994 7  time 379.439 0 1482.69
Iteration 701  HV  cores 5114 5002 8  time 380.044 0 1486.67
Iteration 702  HV  cores 5121 5009 7  time 380.393 0 1490.8
Iteration 703  HV  cores 5128 5016 7  time 380.759 0 1494.44
Iteration 704  HV  cores 5135 5023 7  time 381.077 0 1498.15
Iteration 705  HV  cores 5142 5030 7  time 381.741 0 1502.68
Iteration 706  HV  cores 5149 5037 7  time 381.956 0 1506.55
Iteration 707  HV  cores 5156 5044 7  time 382.283 0 1510.67
Iteration 708  HV  cores 5162 5050 6  time 382.659 0 1514.2
Iteration 709  HV  cores 5169 5057 7  time 383.122 0 1518.18
Iteration 710  HV  cores 5175 5063 6  time 383.576 0 1521.99
Iteration 711  HV  cores 5182 5070 7  time 383.942 0 1526.18
Iteration 712  HV  cores 5188 5076 6  time 384.253 0 1529.98
Iteration 713  HV  cores 5195 5083 7  time 384.612 0 1534.21
Iteration 714  HV  cores 5201 5089 6  time 385.013 0 1537.95
Iteration 715  HV  cores 5207 5095 6  time 385.312 0 1541.68
Iteration 716  HV  cores 5214 5102 7  time 385.588 0 1545.29
Iteration 717  HV  cores 5221 5109 7  time 386.103 0 1549.08
Iteration 718  HV  cores 5229 5117 8  time 386.643 0 1552.73
Iteration 719  HV  cores 5236 5124 7  time 386.961 0 1556.73
Iteration 720  HV  cores 5243 5131 7  time 387.206 0 1560.59
Iteration 721  HV  cores 5251 5139 8  time 387.615 0 1564.51
Iteration 722  HV  cores 5258 5146 7  time 387.968 0 1568.3
Iteration 723  HV  cores 5264 5152 6  time 388.23 0 1572.07
Iteration 724  HV  cores 5271 5159 7  time 388.507 0 1576.14
Iteration 725  HV  cores 5278 5165 7  time 388.723 0 1580.13
Iteration 726  HV  cores 5284 5171 6  time 388.946 0 1583.85
Iteration 727  HV  cores 5292 5179 8  time 389.479 0 1587.68
Iteration 728  HV  cores 5299 5186 7  time 389.889 0 1592.54
Iteration 729  HV  cores 5305 5192 6  time 390.198 0 1596.69
Iteration 730  HV  cores 5312 5199 7  time 390.632 0 1601.16
Iteration 731  HV  cores 5320 5207 8  time 391.119 0 1605.66
Iteration 732  HV  cores 5326 5213 6  time 391.403 0 1609.71
Iteration 733  HV  cores 5332 5219 6  time 391.753 0 1614.16
Iteration 734  HV  cores 5338 5225 6  time 392.025 0 1618.79
Iteration 735  HV  cores 5345 5232 7  time 392.279 0 1622.49
Iteration 736  HV  cores 5351 5238 6  time 392.544 0 1626.43
Iteration 737  HV  cores 5358 5245 7  time 393.051 0 1630.43
Iteration 738  HV  cores 5366 5253 8  time 393.469 0 1634.32
Iteration 739  HV  cores 5374 5261 8  time 394.067 0 1638.36
Iteration 740  HV  cores 5381 5268 7  time 394.644 0 1642.14
Iteration 741  HV  cores 5388 5275 7  time 394.995 0 1646.32
Iteration 742  HV  cores 5394 5281 6  time 395.214 0 1650.77
Iteration 743  HV  cores 5400 5287 6  time 395.405 0 1654.87
Iteration 744  HV  cores 5407 5294 7  time 395.789 0 1658.88
Iteration 745  HV  cores 5414 5301 7  time 396.151 0 1663.12
Iteration 746  HV  cores 5420 5307 6  time 396.311 0 1667.65
Iteration 747  HV  cores 5427 5314 7  time 396.59 0 1672.47
Iteration 748  HV  cores 5434 5321 7  time 396.892 0 1676.68
Iteration 749  HV  cores 5441 5328 7  time 397.132 0 1681.07
Iteration 750  HV  cores 5447 5334 6  time 397.329 0 1685.18
Iteration 751  HV  cores 5453 5339 6  time 397.438 0 1689.27
Iteration 752  HV  cores 5460 5346 7  time 397.717 0 1693.25
Iteration 753  HV  cores 5466 5351 6  time 397.852 0 1697.45
Iteration 754  HV  cores 5473 5357 7  time 398.11 0 1701.46
Iteration 755  HV  cores 5479 5363 6  time 398.365 0 1706
Iteration 756  HV  cores 5486 5370 7  time 398.625 0 1711.06
Iteration 757  HV  cores 5493 5377 7  time 398.921 0 1715.38
Iteration 758  HV  cores 5501 5385 8  time 399.361 0 1719.93
Iteration 759  HV  cores 5507 5391 6  time 399.526 0 1724.09
Iteration 760  HV  cores 5514 5396 7  time 399.796 0 1728.32
Iteration 761  HV  cores 5521 5403 7  time 400.036 0 1732.83
Iteration 762  HV  cores 5528 5410 7  time 400.371 0 1737.1
Iteration 763  HV  cores 5535 5416 7  time 400.846 0 1741.01
Iteration 764  HV  cores 5543 5424 8  time 401.201 0 1745.16
Iteration 765  HV  cores 5551 5431 8  time 401.578 0 1749
Iteration 766  HV  cores 5558 5438 7  time 401.966 0 1753
Iteration 767  HV  cores 5565 5445 7  time 402.276 0 1757.44
Iteration 768  HV  cores 5572 5452 7  time 402.654 0 1762.12
Iteration 769  HV  cores 5579 5458 7  time 403.002 0 1766.15
Iteration 770  HV  cores 5586 5465 7  time 403.369 0 1770.29
Iteration 771  HV  cores 5592 5471 6  time 403.654 0 1774.51
Iteration 772  HV  cores 5599 5478 7  time 404.033 0 1778.71
Iteration 773  HV  cores 5606 5485 7  time 404.328 0 1782.58
Iteration 774  HV  cores 5613 5492 7  time 404.721 0 1786.91
Iteration 775  HV  cores 5621 5500 8  time 405.07 0 1791.53
Iteration 776  HV  cores 5628 5507 7  time 405.351 0 1796
Iteration 777  HV  cores 5635 5514 7  time 405.987 0 1800.38
Iteration 778  HV  cores 5642 5521 7  time 406.299 0 1804.73
Iteration 779  HV  cores 5650 5528 8  time 407.124 0 1808.79
Iteration 780  HV  cores 5656 5534 6  time 407.557 0 1813.58
Iteration 781  HV  cores 5663 5541 7  time 407.864 0 1817.4
Iteration 782  HV  cores 5669 5547 6  time 408.1 0 1822.37
Iteration 783  HV  cores 5675 5553 6  time 408.461 0 1826.83
Iteration 784  HV  cores 5681 5559 6  time 408.774 0 1831.28
Iteration 785  HV  cores 5687 5565 6  time 409.052 0 1836.43
Iteration 786  HV  cores 5694 5572 7  time 409.357 0 1840.78
Iteration 787  HV  cores 5701 5579 7  time 409.777 0 1844.93
Iteration 788  HV  cores 5709 5587 8  time 410.225 0 1849.42
Iteration 789  HV  cores 5716 5594 7  time 410.417 0 1854.13
Iteration 790  HV  cores 5723 5601 7  time 410.878 0 1858.74
Iteration 791  HV  cores 5730 5608 7  time 411.227 0 1863.45
Iteration 792  HV  cores 5736 5609 6  time 411.372 0 1867.46
Iteration 793  HV  cores 5742 5615 6  time 411.589 0 1872.17
Iteration 794  HV  cores 5749 5622 7  time 411.871 0 1877.19
Iteration 795  HV  cores 5755 5628 6  time 412.064 0 1881.91
Iteration 796  HV  cores 5762 5635 7  time 412.4 0 1886.67
Iteration 797  HV  cores 5769 5641 7  time 412.632 0 1890.69
Iteration 798  HV  cores 5776 5648 7  time 412.949 0 1895.18
Iteration 799  HV  cores 5782 5653 6  time 413.194 0 1900.07
Iteration 800  HV  cores 5790 5661 8  time 413.882 0 1904.59
Iteration 801  HV  cores 5797 5668 7  time 414.185 0 1908.7
Iteration 802  HV  cores 5805 5676 8  time 414.629 0 1913.51
Iteration 803  HV  cores 5811 5682 6  time 414.867 0 1918.29
Iteration 804  HV  cores 5817 5688 6  time 415.047 0 1923.31
Iteration 805  HV  cores 5823 5694 6  time 415.451 0 1927.94
Iteration 806  HV  cores 5830 5701 7  time 415.841 0 1932.23
Iteration 807  HV  cores 5836 5707 6  time 416.401 0 1936.67
Iteration 808  HV  cores 5842 5713 6  time 416.743 0 1941.5
Iteration 809  HV  cores 5848 5719 6  time 417.221 0 1946.65
Iteration 810  HV  cores 5855 5726 7  time 417.799 0 1951.25
Iteration 811  HV  cores 5863 5734 8  time 418.172 0 1955.79
Iteration 812  HV  cores 5870 5741 7  time 418.59 0 1960.17
Iteration 813  HV  cores 5877 5748 7  time 418.869 0 1964.87
Iteration 814  HV  cores 5882 5753 5  time 419.17 0 1969.82
Iteration 815  HV  cores 5889 5760 7  time 419.464 0 1974.29
Iteration 816  HV  cores 5895 5765 6  time 419.743 0 1979.52
Iteration 817  HV  cores 5902 5772 7  time 420.003 0 1983.94
Iteration 818  HV  cores 5908 5775 6  time 420.189 0 1988.3
Iteration 819  HV  cores 5916 5783 8  time 420.571 0 1992.91
Iteration 820  HV  cores 5924 5791 8  time 421.011 0 1997.45
Iteration 821  HV  cores 5930 5797 6  time 421.363 0 2002.73
Iteration 822  HV  cores 5937 5804 7  time 421.59 0 2007.72
Iteration 823  HV  cores 5944 5811 7  time 421.91 0 2012.23
Iteration 824  HV  cores 5951 5818 7  time 422.23 0 2017.23
Iteration 825  HV  cores 5958 5825 7  time 422.642 0 2021.72
Iteration 826  HV  cores 5964 5831 6  time 422.964 0 2025.95
Iteration 827  HV  cores 5971 5838 7  time 423.214 0 2030.48
Iteration 828  HV  cores 5978 5845 7  time 423.498 0 2034.94
Iteration 829  HV  cores 5985 5852 7  time 424.003 0 2039.04
Iteration 830  HV  cores 5993 5859 8  time 424.459 0 2043.69
Iteration 831  HV  cores 6001 5867 8  time 424.88 0 2048.08
Iteration 832  HV  cores 6008 5874 7  time 425.113 0 2052.64
Iteration 833  HV  cores 6016 5882 8  time 425.567 0 2057.7
Iteration 834  HV  cores 6023 5889 7  time 425.903 0 2062.63
Iteration 835  HV  cores 6029 5895 6  time 426.116 0 2067.32
Iteration 836  HV  cores 6035 5900 6  time 426.368 0 2072.36
Iteration 837  HV  cores 6041 5906 6  time 426.618 0 2077.55
Iteration 838  HV  cores 6048 5913 7  time 427.194 0 2082.66
Iteration 839  HV  cores 6055 5919 7  time 427.516 0 2087.44
Iteration 840  HV  cores 6061 5925 6  time 427.834 0 2092.09
Iteration 841  HV  cores 6068 5932 7  time 428.057 0 2096.77
Iteration 842  HV  cores 6074 5937 6  time 428.333 0 2101.48
Iteration 843  HV  cores 6081 5944 7  time 428.645 0 2106.52
Iteration 844  HV  cores 6088 5950 7  time 429.001 0 2111.58
Iteration 845  HV  cores 6094 5956 6  time 429.281 0 2116.23
Iteration 846  HV  cores 6103 5965 9  time 429.699 0 2121.32
Iteration 847  HV  cores 6110 5972 7  time 430.041 0 2126.09
Iteration 848  HV  cores 6117 5977 7  time 430.69 0 2130.7
Iteration 849  HV  cores 6123 5983 6  time 430.819 0 2135.7
Iteration 850  HV  cores 6130 5989 7  time 431.202 0 2140.44
Iteration 851  HV  cores 6137 5996 7  time 431.615 0 2145.72
Iteration 852  HV  cores 6143 6002 6  time 431.957 0 2150.8
Iteration 853  HV  cores 6149 6008 6  time 432.07 0 2155.92
Iteration 854  HV  cores 6156 6014 7  time 432.644 0 2160.94
Iteration 855  HV  cores 6163 6021 7  time 433.016 0 2165.8
Iteration 856  HV  cores 6169 6027 6  time 433.21 0 2170.92
Iteration 857  HV  cores 6177 6035 8  time 433.553 0 2176.1
Iteration 858  HV  cores 6184 6042 7  time 433.995 0 2181
Iteration 859  HV  cores 6191 6049 7  time 434.434 0 2185.59
Iteration 860  HV  cores 6197 6055 6  time 434.745 0 2190.37
Iteration 861  HV  cores 6203 6061 6  time 435.122 0 2194.82
Iteration 862  HV  cores 6209 6067 6  time 435.433 0 2199.44
Iteration 863  HV  cores 6216 6074 7  time 435.84 0 2205.2
Iteration 864  HV  cores 6222 6080 6  time 436.106 0 2209.89
Iteration 865  HV  cores 6228 6086 6  time 436.515 0 2214.58
Iteration 866  HV  cores 6234 6092 6  time 436.887 0 2219.54
Iteration 867  HV  cores 6241 6099 7  time 437.37 0 2224.21
Iteration 868  HV  cores 6247 6104 6  time 437.731 0 2229.19
Iteration 869  HV  cores 6253 6110 6  time 437.963 0 2235.47
Iteration 870  HV  cores 6260 6117 7  time 438.31 0 2240.09
Iteration 871  HV  cores 6267 6124 7  time 438.628 0 2244.96
Iteration 872  HV  cores 6273 6130 6  time 438.816 0 2249.71
Iteration 873  HV  cores 6279 6136 6  time 438.986 0 2254.49
Iteration 874  HV  cores 6286 6143 7  time 439.256 0 2259.2
Iteration 875  HV  cores 6292 6149 6  time 439.515 0 2264.57
Iteration 876  HV  cores 6300 6157 8  time 440.179 0 2269.67
Iteration 877  HV  cores 6306 6163 6  time 440.403 0 2274.87
Iteration 878  HV  cores 6313 6170 7  time 441.013 0 2279.31
Iteration 879  HV  cores 6320 6177 7  time 441.423 0 2285.49
Iteration 880  HV  cores 6327 6184 7  time 441.64 0 2290.13
Iteration 881  HV  cores 6334 6191 7  time 442.024 0 2294.8
Iteration 882  HV  cores 6341 6198 7  time 442.402 0 2299.77
Iteration 883  HV  cores 6348 6205 7  time 442.631 0 2304.59
Iteration 884  HV  cores 6355 6212 7  time 442.892 0 2309.97
Iteration 885  HV  cores 6362 6219 7  time 443.272 0 2315.13
Iteration 886  HV  cores 6369 6226 7  time 443.682 0 2319.92
Iteration 887  HV  cores 6378 6235 9  time 444.328 0 2325.03
Iteration 888  HV  cores 6384 6241 6  time 444.652 0 2330.65
Iteration 889  HV  cores 6390 6247 6  time 444.876 0 2335.23
Iteration 890  HV  cores 6399 6256 9  time 445.43 0 2340.46
Iteration 891  HV  cores 6406 6263 7  time 445.665 0 2345.3
Iteration 892  HV  cores 6413 6270 7  time 446.213 0 2350.64
Iteration 893  HV  cores 6420 6277 7  time 446.45 0 2356
Iteration 894  HV  cores 6427 6284 7  time 446.831 0 2360.7
Iteration 895  HV  cores 6433 6290 6  time 447.122 0 2365.38
Iteration 896  HV  cores 6440 6297 7  time 447.596 0 2370.48
Iteration 897  HV  cores 6447 6304 7  time 447.785 0 2375.15
Iteration 898  HV  cores 6454 6311 7  time 448.039 0 2380.02
Iteration 899  HV  cores 6460 6317 6  time 448.228 0 2385.27
Iteration 900  HV  cores 6466 6323 6  time 448.454 0 2390.19
Iteration 901  HV  cores 6472 6329 6  time 448.749 0 2396.03
Iteration 902  HV  cores 6479 6335 7  time 448.884 0 2401.19
Iteration 903  HV  cores 6485 6341 6  time 449.194 0 2406.03
Iteration 904  HV  cores 6491 6347 6  time 449.367 0 2410.87
Iteration 905  HV  cores 6497 6351 6  time 449.632 0 2416.32
Iteration 906  HV  cores 6504 6358 7  time 449.894 0 2421.7
Iteration 907  HV  cores 6511 6364 7  time 450.156 0 2426.99
Iteration 908  HV  cores 6518 6368 7  time 450.404 0 2432.43
Iteration 909  HV  cores 6524 6374 6  time 450.705 0 2437.37
Iteration 910  HV  cores 6530 6379 6  time 451.096 0 2442.82
Iteration 911  HV  cores 6536 6383 6  time 451.189 0 2447.73
Iteration 912  HV  cores 6543 6390 7  time 451.637 0 2453.11
Iteration 913  HV  cores 6550 6397 7  time 451.992 0 2458.56
Iteration 914  HV  cores 6558 6405 8  time 452.371 0 2463.77
Iteration 915  HV  cores 6563 6410 5  time 452.644 0 2468.59
Iteration 916  HV  cores 6569 6415 6  time 452.867 0 2473.62
Iteration 917  HV  cores 6576 6422 7  time 453.295 0 2479.25
Iteration 918  HV  cores 6582 6428 6  time 453.681 0 2485.05
Iteration 919  HV  cores 6588 6433 6  time 453.939 0 2490.41
Iteration 920  HV  cores 6595 6440 7  time 454.177 0 2495.81
Iteration 921  HV  cores 6601 6444 6  time 454.319 0 2501.34
Iteration 922  HV  cores 6608 6451 7  time 454.731 0 2507.1
Iteration 923  HV  cores 6615 6458 7  time 454.994 0 2512.41
Iteration 924  HV  cores 6621 6464 6  time 455.406 0 2517.08
Iteration 925  HV  cores 6628 6471 7  time 455.728 0 2522.29
Iteration 926  HV  cores 6635 6478 7  time 456.231 0 2527.48
Iteration 927  HV  cores 6640 6483 5  time 456.651 0 2533.55
Iteration 928  HV  cores 6646 6489 6  time 456.935 0 2538.99
Iteration 929  HV  cores 6652 6495 6  time 457.191 0 2544.62
Iteration 930  HV  cores 6659 6502 7  time 457.421 0 2550.02
Iteration 931  HV  cores 6665 6508 6  time 457.771 0 2555.37
Iteration 932  HV  cores 6671 6514 6  time 458.14 0 2560.76
Iteration 933  HV  cores 6677 6520 6  time 458.516 0 2565.86
Iteration 934  HV  cores 6683 6526 6  time 458.816 0 2571.01
Iteration 935  HV  cores 6689 6532 6  time 459.074 0 2576.2
Iteration 936  HV  cores 6696 6539 7  time 459.421 0 2581.14
Iteration 937  HV  cores 6703 6546 7  time 459.724 0 2586.98
Iteration 938  HV  cores 6709 6552 6  time 459.994 0 2592.42
Iteration 939  HV  cores 6715 6557 6  time 460.24 0 2597.92
Iteration 940  HV  cores 6722 6564 7  time 460.548 0 2603.61
Iteration 941  HV  cores 6728 6570 6  time 460.774 0 2609.05
Iteration 942  HV  cores 6735 6577 7  time 461.086 0 2614.38
Iteration 943  HV  cores 6742 6584 7  time 461.49 0 2619.81
Iteration 944  HV  cores 6748 6590 6  time 461.716 0 2625.13
Iteration 945  HV  cores 6754 6596 6  time 462.198 0 2632.41
Iteration 946  HV  cores 6761 6603 7  time 462.554 0 2637.52
Iteration 947  HV  cores 6769 6611 8  time 463.091 0 2642.6
Iteration 948  HV  cores 6776 6618 7  time 463.639 0 2647.28
Iteration 949  HV  cores 6784 6625 8  time 464.078 0 2653.02
Iteration 950  HV  cores 6791 6632 7  time 464.407 0 2658.66
Iteration 951  HV  cores 6799 6640 8  time 464.893 0 2663.57
Iteration 952  HV  cores 6806 6647 7  time 465.313 0 2669.04
Iteration 953  HV  cores 6813 6654 7  time 465.88 0 2674.56
Iteration 954  HV  cores 6820 6661 7  time 466.129 0 2680.1
Iteration 955  HV  cores 6826 6667 6  time 466.488 0 2685.12
Iteration 956  HV  cores 6833 6674 7  time 466.964 0 2690.55
Iteration 957  HV  cores 6838 6679 5  time 467.055 0 2696
Iteration 958  HV  cores 6844 6685 6  time 467.39 0 2701.24
Iteration 959  HV  cores 6853 6694 9  time 467.994 0 2706.57
Iteration 960  HV  cores 6862 6703 9  time 468.542 0 2712.13
Iteration 961  HV  cores 6869 6710 7  time 469.097 0 2717.29
Iteration 962  HV  cores 6875 6716 6  time 469.576 0 2722.96
Iteration 963  HV  cores 6882 6723 7  time 470.124 0 2729.02
Iteration 964  HV  cores 6889 6730 7  time 470.623 0 2734.5
Iteration 965  HV  cores 6896 6737 7  time 470.915 0 2739.84
Iteration 966  HV  cores 6903 6744 7  time 471.246 0 2746.21
Iteration 967  HV  cores 6910 6751 7  time 471.676 0 2752
Iteration 968  HV  cores 6916 6757 6  time 471.994 0 2757.6
Iteration 969  HV  cores 6922 6763 6  time 472.276 0 2763.6
Iteration 970  HV  cores 6929 6770 7  time 473.004 0 2768.73
Iteration 971  HV  cores 6935 6776 6  time 473.224 0 2774.45
Iteration 972  HV  cores 6943 6784 8  time 473.62 0 2779.45
Iteration 973  HV  cores 6950 6791 7  time 474.051 0 2784.77
Iteration 974  HV  cores 6956 6797 6  time 474.391 0 2790.17
Iteration 975  HV  cores 6963 6804 7  time 474.949 0 2795.92
Iteration 976  HV  cores 6970 6811 7  time 475.335 0 2801.77
Iteration 977  HV  cores 6977 6818 7  time 475.591 0 2807.01
Iteration 978  HV  cores 6985 6825 8  time 475.936 0 2813.84
Iteration 979  HV  cores 6991 6831 6  time 476.407 0 2820.02
Iteration 980  HV  cores 6997 6837 6  time 476.668 0 2826.12
Iteration 981  HV  cores 7004 6844 7  time 477.039 0 2831.27
Iteration 982  HV  cores 7011 6851 7  time 477.649 0 2836.96
Iteration 983  HV  cores 7018 6858 7  time 478.229 0 2842.46
Iteration 984  HV  cores 7025 6865 7  time 478.852 0 2848.03
Iteration 985  HV  cores 7031 6871 6  time 479.297 0 2854.5
Iteration 986  HV  cores 7037 6877 6  time 479.624 0 2859.75
Iteration 987  HV  cores 7044 6884 7  time 479.893 0 2865.7
Iteration 988  HV  cores 7051 6891 7  time 480.41 0 2871.79
Iteration 989  HV  cores 7059 6899 8  time 481.025 0 2878.03
Iteration 990  HV  cores 7065 6905 6  time 481.268 0 2884.38
Iteration 991  HV  cores 7070 6909 5  time 481.403 0 2891
Iteration 992  HV  cores 7076 6915 6  time 481.716 0 2896.67
Iteration 993  HV  cores 7081 6920 5  time 482.145 0 2901.97
Iteration 994  HV  cores 7087 6926 6  time 482.498 0 2907.7
Iteration 995  HV  cores 7094 6933 7  time 482.706 0 2914.75
Iteration 996  HV  cores 7100 6939 6  time 483.02 0 2920.44
Iteration 997  HV  cores 7108 6947 8  time 483.443 0 2927
Iteration 998  HV  cores 7114 6953 6  time 483.937 0 2932.71
Iteration 999  HV  cores 7120 6959 6  time 484.207 0 2938.22
Iteration 1000  HV  cores 7127 6966 7  time 484.545 0 2944.57
Iteration 1001  HV  cores 7135 6974 8  time 485.047 0 2950.36
Iteration 1002  HV  cores 7142 6981 7  time 485.642 0 2956.29
Iteration 1003  HV  cores 7149 6988 7  time 485.962 0 2961.87
Iteration 1004  HV  cores 7155 6994 6  time 486.486 0 2968.16
Iteration 1005  HV  cores 7162 7001 7  time 486.834 0 2974.73
Iteration 1006  HV  cores 7170 7009 8  time 487.368 0 2980.74
Iteration 1007  HV  cores 7178 7017 8  time 487.692 0 2986.07
Iteration 1008  HV  cores 7184 7023 6  time 488.115 0 2991.68
Iteration 1009  HV  cores 7191 7030 7  time 488.389 0 2997.8
Iteration 1010  HV  cores 7198 7037 7  time 488.804 0 3003.65
Iteration 1011  HV  cores 7204 7043 6  time 488.97 0 3009.22
Iteration 1012  HV  cores 7211 7050 7  time 489.34 0 3015
Iteration 1013  HV  cores 7218 7057 7  time 489.653 0 3020.41
Iteration 1014  HV  cores 7224 7063 6  time 490.014 0 3026.17
Iteration 1015  HV  cores 7231 7070 7  time 490.271 0 3032.64
Iteration 1016  HV  cores 7238 7077 7  time 490.78 0 3038.28
Iteration 1017  HV  cores 7244 7083 6  time 490.992 0 3044.57
Iteration 1018  HV  cores 7250 7089 6  time 491.591 0 3051.53
Iteration 1019  HV  cores 7257 7096 7  time 492.31 0 3057.51
Iteration 1020  HV  cores 7266 7105 9  time 492.692 0 3063.21
Iteration 1021  HV  cores 7272 7111 6  time 492.996 0 3069.59
Iteration 1022  HV  cores 7280 7118 8  time 493.378 0 3075.54
Iteration 1023  HV  cores 7286 7124 6  time 493.878 0 3081.8
Iteration 1024  HV  cores 7292 7130 6  time 494.152 0 3088.19
Iteration 1025  HV  cores 7299 7137 7  time 494.548 0 3094.66
