lb 3895033 ub 26738806 before adjustment
lb 0 ub 22843773 after adjustment
costs ready
42 variables 822 functions 3895033 lb, 22843773 ub
Iteration 0  HV  cores 16 16 16  time 4.45818 0 0.267126
Iteration 1  HV  cores 28 28 12  time 11.0424 0 0.606463
Iteration 2  HV  cores 40 40 12  time 14.8132 0 0.959089
Iteration 3  HV  cores 52 52 12  time 23.8293 0 1.32557
Iteration 4  HV  cores 61 61 9  time 25.9891 0 1.70147
Iteration 5  HV  cores 71 71 10  time 33.0785 0 2.11088
Iteration 6  HV  cores 83 83 12  time 42.4778 0 2.5614
Iteration 7  HV  cores 94 94 11  time 48.2232 0 2.99124
Iteration 8  HV  cores 101 101 7  time 52.891 0 3.45773
Iteration 9  HV  cores 110 110 9  time 62.3751 0 3.92202
Iteration 10  HV  cores 119 119 9  time 66.4989 0 4.42376
Iteration 11  HV  cores 128 128 9  time 70.7166 0 4.92538
Iteration 12  HV  cores 138 138 10  time 76.9131 0 5.42689
Iteration 13  HV  cores 149 149 11  time 88.0704 0 5.95107
Iteration 14  HV  cores 159 159 10  time 94.387 0 6.49261
Iteration 15  HV  cores 169 169 10  time 102.24 0 7.01571
Iteration 16  HV  cores 180 180 11  time 107.308 0 7.5513
Iteration 17  HV  cores 191 191 11  time 117.923 0 8.10103
Iteration 18  HV  cores 201 201 10  time 122.839 0 8.65528
Iteration 19  HV  cores 211 211 10  time 128.47 0 9.21239
Iteration 20  HV  cores 222 222 11  time 132.991 0 9.7739
Iteration 21  HV  cores 232 232 10  time 137.93 0 10.3508
Iteration 22  HV  cores 240 240 8  time 141.853 0 10.9432
Iteration 23  HV  cores 249 249 9  time 148.766 0 11.5276
Iteration 24  HV  cores 258 258 9  time 152.364 0 12.1401
Iteration 25  HV  cores 267 267 9  time 157.033 0 12.7561
Iteration 26  HV  cores 276 276 9  time 161.612 0 13.3948
Iteration 27  HV  cores 285 285 9  time 165.045 0 13.993
Iteration 28  HV  cores 296 296 11  time 168.983 0 14.6017
Iteration 29  HV  cores 305 303 9  time 176.153 0 15.2335
Iteration 30  HV  cores 315 313 10  time 181.009 0 15.8758
Iteration 31  HV  cores 326 324 11  time 188.476 0 16.5312
Iteration 32  HV  cores 336 334 10  time 192.037 0 17.2195
Iteration 33  HV  cores 345 343 9  time 196.55 0 17.9369
Iteration 34  HV  cores 354 352 9  time 200.415 0 18.6674
Iteration 35  HV  cores 362 360 8  time 202.993 0 19.408
Iteration 36  HV  cores 372 370 10  time 207.193 0 20.1687
Iteration 37  HV  cores 380 378 8  time 211.942 0 20.931
Iteration 38  HV  cores 389 387 9  time 215.394 0 21.6824
Iteration 39  HV  cores 399 397 10  time 219.886 0 22.4819
Iteration 40  HV  cores 408 406 9  time 223.533 0 23.2711
Iteration 41  HV  cores 418 416 10  time 228.465 0 24.0601
Iteration 42  HV  cores 427 425 9  time 234.987 0 24.8613
Iteration 43  HV  cores 436 434 9  time 238.35 0 25.6857
Iteration 44  HV  cores 444 442 8  time 242.626 0 26.5277
Iteration 45  HV  cores 454 452 10  time 247.531 0 27.3647
Iteration 46  HV  cores 463 461 9  time 253.034 0 28.2035
Iteration 47  HV  cores 472 470 9  time 256.707 0 29.0501
Iteration 48  HV  cores 481 479 9  time 259.922 0 29.9025
Iteration 49  HV  cores 490 488 9  time 265.721 0 30.7594
Iteration 50  HV  cores 498 496 8  time 268.19 0 31.609
Iteration 51  HV  cores 508 506 10  time 272.982 0 32.4783
Iteration 52  HV  cores 517 515 9  time 277.574 0 33.3688
Iteration 53  HV  cores 527 525 10  time 287.602 0 34.2975
Iteration 54  HV  cores 536 534 9  time 292.014 0 35.1939
Iteration 55  HV  cores 546 544 10  time 298.435 0 36.1008
Iteration 56  HV  cores 555 553 9  time 306.306 0 37.0567
Iteration 57  HV  cores 564 562 9  time 311.512 0 38.015
Iteration 58  HV  cores 573 571 9  time 315.823 0 38.9891
Iteration 59  HV  cores 583 581 10  time 321.621 0 39.9415
Iteration 60  HV  cores 591 589 8  time 328.702 0 40.9228
Iteration 61  HV  cores 600 598 9  time 333.049 0 41.9749
Iteration 62  HV  cores 609 607 9  time 338.509 0 42.9991
Iteration 63  HV  cores 618 616 9  time 346.972 0 44.0266
Iteration 64  HV  cores 626 624 8  time 352.192 0 45.1186
Iteration 65  HV  cores 635 633 9  time 357.076 0 46.1658
Iteration 66  HV  cores 644 642 9  time 359.466 0 47.2374
Iteration 67  HV  cores 653 651 9  time 365.447 0 48.3403
Iteration 68  HV  cores 660 658 7  time 368.233 0 49.4209
Iteration 69  HV  cores 668 666 8  time 373.388 0 50.4835
Iteration 70  HV  cores 677 675 9  time 380.513 0 51.6306
Iteration 71  HV  cores 685 683 8  time 384.457 0 52.7829
Iteration 72  HV  cores 694 692 9  time 393.445 0 53.9145
Iteration 73  HV  cores 703 701 9  time 399.825 0 55.0474
Iteration 74  HV  cores 711 709 8  time 403.393 0 56.1948
Iteration 75  HV  cores 718 716 7  time 405.744 0 57.3201
Iteration 76  HV  cores 727 725 9  time 411.286 0 58.4692
Iteration 77  HV  cores 735 733 8  time 417.925 0 59.6207
Iteration 78  HV  cores 744 742 9  time 424.838 0 60.8713
Iteration 79  HV  cores 753 751 9  time 429.276 0 62.0392
Iteration 80  HV  cores 761 759 8  time 432.337 0 63.2916
Iteration 81  HV  cores 769 767 8  time 436.197 0 64.394
Iteration 82  HV  cores 777 775 8  time 441.727 0 65.4798
Iteration 83  HV  cores 786 784 9  time 446.568 0 66.6339
Iteration 84  HV  cores 793 791 7  time 450.581 0 67.7844
Iteration 85  HV  cores 803 801 10  time 456.275 0 68.9291
Iteration 86  HV  cores 811 809 8  time 458.133 0 70.046
Iteration 87  HV  cores 820 818 9  time 463.063 0 71.1826
Iteration 88  HV  cores 828 826 8  time 466.858 0 72.3358
Iteration 89  HV  cores 836 834 8  time 470.144 0 73.5475
Iteration 90  HV  cores 844 842 8  time 472.105 0 74.7143
Iteration 91  HV  cores 852 850 8  time 476.177 0 75.9261
Iteration 92  HV  cores 861 859 9  time 480.37 0 77.1125
Iteration 93  HV  cores 869 867 8  time 483.7 0 78.3445
Iteration 94  HV  cores 877 875 8  time 486.912 0 79.5452
Iteration 95  HV  cores 883 881 6  time 488.992 0 80.7727
Iteration 96  HV  cores 891 889 8  time 491.009 0 81.9233
Iteration 97  HV  cores 900 898 9  time 495.17 0 83.0577
Iteration 98  HV  cores 908 906 8  time 499.868 0 84.2412
Iteration 99  HV  cores 916 914 8  time 508.345 0 85.4272
Iteration 100  HV  cores 924 922 8  time 513.688 0 86.6126
Iteration 101  HV  cores 931 929 7  time 515.515 0 87.7477
Iteration 102  HV  cores 939 937 8  time 518.046 0 88.9453
Iteration 103  HV  cores 947 945 8  time 520.887 0 90.1765
Iteration 104  HV  cores 954 952 7  time 524.152 0 91.3474
Iteration 105  HV  cores 962 960 8  time 525.714 0 92.5737
Iteration 106  HV  cores 971 969 9  time 528.744 0 93.7303
Iteration 107  HV  cores 981 976 10  time 532.491 0 94.9681
Iteration 108  HV  cores 989 984 8  time 537.401 0 96.1963
Iteration 109  HV  cores 998 993 9  time 540.702 0 97.4188
Iteration 110  HV  cores 1007 1002 9  time 542.968 0 98.6039
Iteration 111  HV  cores 1016 1011 9  time 546.457 0 99.8396
Iteration 112  HV  cores 1025 1020 9  time 550.601 0 101.084
Iteration 113  HV  cores 1035 1030 10  time 560.421 0 102.403
Iteration 114  HV  cores 1043 1038 8  time 563.151 0 103.737
Iteration 115  HV  cores 1051 1046 8  time 565.87 0 105.037
Iteration 116  HV  cores 1060 1055 9  time 568.503 0 106.292
Iteration 117  HV  cores 1068 1063 8  time 570.783 0 107.608
Iteration 118  HV  cores 1076 1071 8  time 573.628 0 108.898
Iteration 119  HV  cores 1083 1078 7  time 575.659 0 110.195
Iteration 120  HV  cores 1092 1087 9  time 578.683 0 111.518
Iteration 121  HV  cores 1100 1095 8  time 581.131 0 112.845
Iteration 122  HV  cores 1109 1104 9  time 584.103 0 114.142
Iteration 123  HV  cores 1118 1113 9  time 589.197 0 115.572
Iteration 124  HV  cores 1127 1122 9  time 591.87 0 116.907
Iteration 125  HV  cores 1136 1131 9  time 594.574 0 118.24
Iteration 126  HV  cores 1144 1139 8  time 595.976 0 119.57
Iteration 127  HV  cores 1153 1148 9  time 598.745 0 120.889
Iteration 128  HV  cores 1164 1159 11  time 601.864 0 122.276
Iteration 129  HV  cores 1173 1168 9  time 604.11 0 123.646
Iteration 130  HV  cores 1181 1176 8  time 606.79 0 125.107
Iteration 131  HV  cores 1189 1184 8  time 610.491 0 126.44
Iteration 132  HV  cores 1197 1192 8  time 613.126 0 127.842
Iteration 133  HV  cores 1204 1199 7  time 616.031 0 129.308
Iteration 134  HV  cores 1213 1208 9  time 618.808 0 130.673
Iteration 135  HV  cores 1220 1215 7  time 621.608 0 132.089
Iteration 136  HV  cores 1230 1225 10  time 624.285 0 133.564
Iteration 137  HV  cores 1240 1234 10  time 626.641 0 135.12
Iteration 138  HV  cores 1248 1242 8  time 627.886 0 136.647
Iteration 139  HV  cores 1258 1252 10  time 630.452 0 138.139
Iteration 140  HV  cores 1269 1263 11  time 635.237 0 139.569
Iteration 141  HV  cores 1278 1272 9  time 639.503 0 140.989
Iteration 142  HV  cores 1286 1280 8  time 643.283 0 142.486
Iteration 143  HV  cores 1295 1289 9  time 646.541 0 143.927
Iteration 144  HV  cores 1303 1297 8  time 650.96 0 145.485
Iteration 145  HV  cores 1311 1305 8  time 652.679 0 147.02
Iteration 146  HV  cores 1321 1315 10  time 655.516 0 148.579
Iteration 147  HV  cores 1330 1324 9  time 657.268 0 150.086
Iteration 148  HV  cores 1339 1333 9  time 660.25 0 151.654
Iteration 149  HV  cores 1347 1341 8  time 662.611 0 153.255
Iteration 150  HV  cores 1356 1350 9  time 666.799 0 154.766
Iteration 151  HV  cores 1364 1358 8  time 670.891 0 156.411
Iteration 152  HV  cores 1372 1366 8  time 673.961 0 158.023
Iteration 153  HV  cores 1380 1374 8  time 676.831 0 159.533
Iteration 154  HV  cores 1389 1383 9  time 680.653 0 161.099
Iteration 155  HV  cores 1397 1391 8  time 683.283 0 162.607
Iteration 156  HV  cores 1406 1400 9  time 686.372 0 164.144
Iteration 157  HV  cores 1414 1408 8  time 688.805 0 165.829
Iteration 158  HV  cores 1422 1416 8  time 690.674 0 167.406
Iteration 159  HV  cores 1432 1425 10  time 694.275 0 169.06
Iteration 160  HV  cores 1440 1433 8  time 695.818 0 170.703
Iteration 161  HV  cores 1448 1441 8  time 697.419 0 172.303
Iteration 162  HV  cores 1454 1447 6  time 699.798 0 174.008
Iteration 163  HV  cores 1463 1456 9  time 703.255 0 175.653
Iteration 164  HV  cores 1471 1464 8  time 707.39 0 177.298
Iteration 165  HV  cores 1480 1473 9  time 710.24 0 178.931
Iteration 166  HV  cores 1489 1482 9  time 712.406 0 180.658
Iteration 167  HV  cores 1498 1490 9  time 714.802 0 182.325
Iteration 168  HV  cores 1507 1499 9  time 717.1 0 183.961
Iteration 169  HV  cores 1514 1505 7  time 717.976 0 185.602
Iteration 170  HV  cores 1522 1513 8  time 722.078 0 187.326
Iteration 171  HV  cores 1530 1521 8  time 724.175 0 189.022
Iteration 172  HV  cores 1539 1530 9  time 726.204 0 190.678
Iteration 173  HV  cores 1548 1539 9  time 728.852 0 192.397
Iteration 174  HV  cores 1557 1548 9  time 732.366 0 194.082
Iteration 175  HV  cores 1566 1557 9  time 735.079 0 195.744
Iteration 176  HV  cores 1573 1563 7  time 737.848 0 197.531
Iteration 177  HV  cores 1582 1571 9  time 739.461 0 199.307
Iteration 178  HV  cores 1590 1579 8  time 741.167 0 201.01
Iteration 179  HV  cores 1598 1587 8  time 743.269 0 202.712
Iteration 180  HV  cores 1606 1595 8  time 745.18 0 204.439
Iteration 181  HV  cores 1613 1602 7  time 747.713 0 206.137
Iteration 182  HV  cores 1622 1611 9  time 752.401 0 207.838
Iteration 183  HV  cores 1631 1619 9  time 755.529 0 209.684
Iteration 184  HV  cores 1640 1628 9  time 759.095 0 211.444
Iteration 185  HV  cores 1648 1636 8  time 760.946 0 213.263
Iteration 186  HV  cores 1656 1644 8  time 763.243 0 215.084
Iteration 187  HV  cores 1663 1651 7  time 764.526 0 216.897
Iteration 188  HV  cores 1672 1660 9  time 767.187 0 218.712
Iteration 189  HV  cores 1681 1669 9  time 769.191 0 220.46
Iteration 190  HV  cores 1689 1677 8  time 772.023 0 222.253
Iteration 191  HV  cores 1698 1686 9  time 776.024 0 224.078
Iteration 192  HV  cores 1705 1693 7  time 778.47 0 225.898
Iteration 193  HV  cores 1713 1701 8  time 781.186 0 227.706
Iteration 194  HV  cores 1722 1710 9  time 782.873 0 229.453
Iteration 195  HV  cores 1731 1719 9  time 786.486 0 231.237
Iteration 196  HV  cores 1741 1729 10  time 789.239 0 233.118
Iteration 197  HV  cores 1749 1737 8  time 792.211 0 235.005
Iteration 198  HV  cores 1756 1744 7  time 793.154 0 236.855
Iteration 199  HV  cores 1764 1752 8  time 796.762 0 238.774
Iteration 200  HV  cores 1772 1760 8  time 798.768 0 240.676
Iteration 201  HV  cores 1781 1769 9  time 801.414 0 242.508
Iteration 202  HV  cores 1790 1778 9  time 807.11 0 244.371
Iteration 203  HV  cores 1797 1784 7  time 808.104 0 246.307
Iteration 204  HV  cores 1805 1792 8  time 810.103 0 248.156
Iteration 205  HV  cores 1815 1802 10  time 812.294 0 250.154
Iteration 206  HV  cores 1822 1809 7  time 813.751 0 252.188
Iteration 207  HV  cores 1830 1817 8  time 816.487 0 254.209
Iteration 208  HV  cores 1838 1825 8  time 819.627 0 256.117
Iteration 209  HV  cores 1846 1833 8  time 822.123 0 258.147
Iteration 210  HV  cores 1855 1842 9  time 824.874 0 260.086
Iteration 211  HV  cores 1863 1850 8  time 827.203 0 262.011
Iteration 212  HV  cores 1871 1858 8  time 830.176 0 264.051
Iteration 213  HV  cores 1881 1868 10  time 833.783 0 265.995
Iteration 214  HV  cores 1888 1875 7  time 835.18 0 267.869
Iteration 215  HV  cores 1895 1882 7  time 837.725 0 269.88
Iteration 216  HV  cores 1902 1889 7  time 839.246 0 271.856
Iteration 217  HV  cores 1910 1897 8  time 840.545 0 273.897
Iteration 218  HV  cores 1916 1903 6  time 843.567 0 275.923
Iteration 219  HV  cores 1924 1911 8  time 845.921 0 278.167
Iteration 220  HV  cores 1931 1918 7  time 848.798 0 280.154
Iteration 221  HV  cores 1938 1925 7  time 851.257 0 282.229
Iteration 222  HV  cores 1945 1932 7  time 853.414 0 284.363
Iteration 223  HV  cores 1952 1939 7  time 854.733 0 286.434
Iteration 224  HV  cores 1958 1945 6  time 855.696 0 288.501
Iteration 225  HV  cores 1965 1952 7  time 857.894 0 290.469
Iteration 226  HV  cores 1973 1960 8  time 859.433 0 292.443
Iteration 227  HV  cores 1980 1967 7  time 860.985 0 294.563
Iteration 228  HV  cores 1988 1975 8  time 863.43 0 296.524
Iteration 229  HV  cores 1996 1983 8  time 866.317 0 298.594
Iteration 230  HV  cores 2005 1992 9  time 868.53 0 300.693
Iteration 231  HV  cores 2014 2001 9  time 870.871 0 302.843
Iteration 232  HV  cores 2022 2009 8  time 873.107 0 305.025
Iteration 233  HV  cores 2030 2017 8  time 876.06 0 307.163
Iteration 234  HV  cores 2039 2026 9  time 878.546 0 309.33
Iteration 235  HV  cores 2047 2034 8  time 881.135 0 311.399
Iteration 236  HV  cores 2056 2043 9  time 883.127 0 313.578
Iteration 237  HV  cores 2065 2052 9  time 886.271 0 315.704
Iteration 238  HV  cores 2073 2060 8  time 888.844 0 317.761
Iteration 239  HV  cores 2080 2067 7  time 891.349 0 319.866
Iteration 240  HV  cores 2087 2074 7  time 894.339 0 321.917
Iteration 241  HV  cores 2096 2083 9  time 898.432 0 324.127
Iteration 242  HV  cores 2103 2090 7  time 900.214 0 326.424
Iteration 243  HV  cores 2111 2098 8  time 902.785 0 328.595
Iteration 244  HV  cores 2120 2107 9  time 905.409 0 330.672
Iteration 245  HV  cores 2129 2116 9  time 908.134 0 332.789
Iteration 246  HV  cores 2138 2125 9  time 910.606 0 334.941
Iteration 247  HV  cores 2147 2134 9  time 912.762 0 337.156
Iteration 248  HV  cores 2155 2142 8  time 915.078 0 339.435
Iteration 249  HV  cores 2164 2151 9  time 917.243 0 341.622
Iteration 250  HV  cores 2173 2159 9  time 920.886 0 343.816
Iteration 251  HV  cores 2181 2166 8  time 922.322 0 346.108
Iteration 252  HV  cores 2189 2173 8  time 923.387 0 348.387
Iteration 253  HV  cores 2198 2182 9  time 925.691 0 350.56
Iteration 254  HV  cores 2206 2190 8  time 927.528 0 352.896
Iteration 255  HV  cores 2213 2196 7  time 928.628 0 355.155
Iteration 256  HV  cores 2221 2203 8  time 931.097 0 357.38
Iteration 257  HV  cores 2229 2210 8  time 933.104 0 359.732
Iteration 258  HV  cores 2239 2220 10  time 941.781 0 362.281
Iteration 259  HV  cores 2247 2228 8  time 943.615 0 364.458
Iteration 260  HV  cores 2254 2235 7  time 944.625 0 366.809
Iteration 261  HV  cores 2262 2242 8  time 946.479 0 369.046
Iteration 262  HV  cores 2271 2251 9  time 947.606 0 371.351
Iteration 263  HV  cores 2279 2259 8  time 949.129 0 373.663
Iteration 264  HV  cores 2287 2266 8  time 951.99 0 375.918
Iteration 265  HV  cores 2296 2275 9  time 954.751 0 378.326
Iteration 266  HV  cores 2307 2286 11  time 959.427 0 380.668
Iteration 267  HV  cores 2316 2295 9  time 961.665 0 383.045
Iteration 268  HV  cores 2324 2303 8  time 965.206 0 385.471
Iteration 269  HV  cores 2332 2310 8  time 967.618 0 387.688
Iteration 270  HV  cores 2343 2321 11  time 970.463 0 390.184
Iteration 271  HV  cores 2351 2328 8  time 972.794 0 392.885
Iteration 272  HV  cores 2360 2337 9  time 974.077 0 395.07
Iteration 273  HV  cores 2369 2346 9  time 976.734 0 397.604
Iteration 274  HV  cores 2377 2354 8  time 980.218 0 400.077
Iteration 275  HV  cores 2386 2363 9  time 982.647 0 402.49
Iteration 276  HV  cores 2393 2370 7  time 984.823 0 404.909
Iteration 277  HV  cores 2399 2376 6  time 985.725 0 407.331
Iteration 278  HV  cores 2408 2385 9  time 988.531 0 409.863
Iteration 279  HV  cores 2415 2392 7  time 990.691 0 412.396
Iteration 280  HV  cores 2424 2401 9  time 992.543 0 414.887
Iteration 281  HV  cores 2432 2409 8  time 994.326 0 417.439
Iteration 282  HV  cores 2441 2418 9  time 998.225 0 419.852
Iteration 283  HV  cores 2450 2427 9  time 1000.86 0 422.33
Iteration 284  HV  cores 2458 2435 8  time 1002.35 0 424.755
Iteration 285  HV  cores 2465 2442 7  time 1003.88 0 427.149
Iteration 286  HV  cores 2472 2448 7  time 1005.16 0 429.6
Iteration 287  HV  cores 2481 2456 9  time 1008.56 0 432.12
Iteration 288  HV  cores 2489 2464 8  time 1010.01 0 434.696
Iteration 289  HV  cores 2497 2472 8  time 1012.09 0 437.258
Iteration 290  HV  cores 2505 2480 8  time 1013.68 0 440.034
Iteration 291  HV  cores 2512 2487 7  time 1015.02 0 442.473
Iteration 292  HV  cores 2520 2495 8  time 1016.88 0 444.9
Iteration 293  HV  cores 2527 2502 7  time 1017.64 0 447.38
Iteration 294  HV  cores 2535 2509 8  time 1019.6 0 449.918
Iteration 295  HV  cores 2544 2517 9  time 1020.67 0 452.401
Iteration 296  HV  cores 2553 2526 9  time 1023.45 0 454.985
Iteration 297  HV  cores 2560 2533 7  time 1030.21 0 457.746
Iteration 298  HV  cores 2567 2539 7  time 1031.63 0 460.37
Iteration 299  HV  cores 2577 2549 10  time 1035.77 0 462.978
Iteration 300  HV  cores 2586 2558 9  time 1037.91 0 465.597
Iteration 301  HV  cores 2593 2565 7  time 1039.36 0 468.033
Iteration 302  HV  cores 2601 2573 8  time 1041.14 0 470.427
Iteration 303  HV  cores 2610 2582 9  time 1042.58 0 473.05
Iteration 304  HV  cores 2618 2590 8  time 1044.71 0 475.585
Iteration 305  HV  cores 2627 2599 9  time 1047.79 0 478.243
Iteration 306  HV  cores 2637 2609 10  time 1049.77 0 480.779
Iteration 307  HV  cores 2644 2616 7  time 1051.57 0 483.339
Iteration 308  HV  cores 2652 2624 8  time 1053.22 0 485.964
Iteration 309  HV  cores 2661 2633 9  time 1055.86 0 488.538
Iteration 310  HV  cores 2668 2640 7  time 1058.04 0 491.137
Iteration 311  HV  cores 2676 2647 8  time 1059.44 0 493.824
Iteration 312  HV  cores 2685 2656 9  time 1061.65 0 496.65
Iteration 313  HV  cores 2694 2665 9  time 1063.97 0 499.358
Iteration 314  HV  cores 2702 2673 8  time 1065.75 0 501.87
Iteration 315  HV  cores 2711 2682 9  time 1068.65 0 504.373
Iteration 316  HV  cores 2719 2690 8  time 1071.2 0 507.159
Iteration 317  HV  cores 2727 2698 8  time 1073.02 0 509.741
Iteration 318  HV  cores 2735 2706 8  time 1075.68 0 512.454
Iteration 319  HV  cores 2743 2713 8  time 1076.55 0 515.21
Iteration 320  HV  cores 2749 2719 6  time 1077.91 0 517.817
Iteration 321  HV  cores 2757 2727 8  time 1079.71 0 520.531
Iteration 322  HV  cores 2766 2736 9  time 1081.42 0 523.374
Iteration 323  HV  cores 2774 2744 8  time 1082.68 0 526
Iteration 324  HV  cores 2782 2751 8  time 1084.39 0 528.785
Iteration 325  HV  cores 2789 2757 7  time 1085.76 0 531.5
Iteration 326  HV  cores 2798 2766 9  time 1087.27 0 534.415
Iteration 327  HV  cores 2806 2773 8  time 1088.88 0 537.214
Iteration 328  HV  cores 2813 2780 7  time 1090.72 0 539.82
Iteration 329  HV  cores 2820 2787 7  time 1093.4 0 542.466
Iteration 330  HV  cores 2828 2795 8  time 1095.55 0 545.258
Iteration 331  HV  cores 2837 2804 9  time 1098.6 0 548.105
Iteration 332  HV  cores 2845 2811 8  time 1099.73 0 550.81
Iteration 333  HV  cores 2853 2819 8  time 1101.57 0 553.578
Iteration 334  HV  cores 2861 2827 8  time 1103.99 0 556.467
Iteration 335  HV  cores 2869 2835 8  time 1105.28 0 559.259
Iteration 336  HV  cores 2877 2843 8  time 1106.62 0 562.297
Iteration 337  HV  cores 2885 2850 8  time 1107.07 0 565.293
Iteration 338  HV  cores 2895 2859 10  time 1109.97 0 568.189
Iteration 339  HV  cores 2905 2869 10  time 1111.28 0 571.026
Iteration 340  HV  cores 2913 2877 8  time 1112.8 0 573.893
Iteration 341  HV  cores 2922 2886 9  time 1114.1 0 576.676
Iteration 342  HV  cores 2931 2894 9  time 1115.52 0 579.7
Iteration 343  HV  cores 2940 2903 9  time 1118.59 0 582.554
Iteration 344  HV  cores 2949 2911 9  time 1120.28 0 585.426
Iteration 345  HV  cores 2958 2920 9  time 1122.54 0 588.284
Iteration 346  HV  cores 2968 2917 10  time 1124.06 0 591.151
Iteration 347  HV  cores 2977 2926 9  time 1126.19 0 594.148
Iteration 348  HV  cores 2986 2934 9  time 1127.77 0 597.06
Iteration 349  HV  cores 2995 2942 9  time 1128.93 0 600.001
Iteration 350  HV  cores 3005 2952 10  time 1135.95 0 602.895
Iteration 351  HV  cores 3014 2961 9  time 1137.4 0 605.846
Iteration 352  HV  cores 3022 2969 8  time 1140.46 0 608.657
Iteration 353  HV  cores 3031 2977 9  time 1141.64 0 611.875
Iteration 354  HV  cores 3039 2985 8  time 1142.76 0 614.986
Iteration 355  HV  cores 3048 2993 9  time 1144.81 0 618.151
Iteration 356  HV  cores 3056 3001 8  time 1145.85 0 620.971
Iteration 357  HV  cores 3064 3007 8  time 1146.79 0 624.021
Iteration 358  HV  cores 3070 3012 6  time 1147.19 0 626.944
Iteration 359  HV  cores 3078 3018 8  time 1148.16 0 630.026
Iteration 360  HV  cores 3087 3023 9  time 1149.32 0 633.231
Iteration 361  HV  cores 3096 3032 9  time 1150.57 0 636.116
Iteration 362  HV  cores 3104 3039 8  time 1151.59 0 639.297
Iteration 363  HV  cores 3113 3048 9  time 1152.95 0 642.253
Iteration 364  HV  cores 3121 3055 8  time 1153.71 0 645.343
Iteration 365  HV  cores 3129 3061 8  time 1154.46 0 648.368
Iteration 366  HV  cores 3136 3067 7  time 1155.2 0 651.485
Iteration 367  HV  cores 3144 3072 8  time 1156.5 0 654.496
Iteration 368  HV  cores 3152 3078 8  time 1157.52 0 657.436
Iteration 369  HV  cores 3160 3084 8  time 1158.17 0 660.545
Iteration 370  HV  cores 3169 3092 9  time 1159.82 0 663.681
Iteration 371  HV  cores 3178 3098 9  time 1161.31 0 666.626
Iteration 372  HV  cores 3187 3107 9  time 1163.51 0 669.83
Iteration 373  HV  cores 3195 3113 8  time 1164.74 0 672.871
Iteration 374  HV  cores 3204 3119 9  time 1165.66 0 676.021
Iteration 375  HV  cores 3212 3126 8  time 1166.59 0 679.411
Iteration 376  HV  cores 3220 3133 8  time 1168.22 0 682.383
Iteration 377  HV  cores 3228 3141 8  time 1169.27 0 685.56
Iteration 378  HV  cores 3236 3148 8  time 1169.93 0 688.765
Iteration 379  HV  cores 3243 3153 7  time 1170.63 0 691.937
Iteration 380  HV  cores 3250 3158 7  time 1171.88 0 695.148
Iteration 381  HV  cores 3259 3167 9  time 1173.69 0 698.175
Iteration 382  HV  cores 3268 3176 9  time 1177.88 0 701.414
Iteration 383  HV  cores 3277 3185 9  time 1179.83 0 704.751
Iteration 384  HV  cores 3286 3193 9  time 1181.96 0 707.939
Iteration 385  HV  cores 3295 3202 9  time 1183.46 0 711.173
Iteration 386  HV  cores 3303 3210 8  time 1185.3 0 714.242
Iteration 387  HV  cores 3311 3218 8  time 1186.91 0 717.65
Iteration 388  HV  cores 3320 3225 9  time 1187.99 0 720.923
Iteration 389  HV  cores 3329 3234 9  time 1190.35 0 724.065
Iteration 390  HV  cores 3338 3242 9  time 1192.43 0 727.284
Iteration 391  HV  cores 3346 3249 8  time 1194.08 0 730.462
Iteration 392  HV  cores 3355 3257 9  time 1195.31 0 733.601
Iteration 393  HV  cores 3365 3265 10  time 1196.94 0 736.793
Iteration 394  HV  cores 3373 3273 8  time 1198.07 0 740.298
Iteration 395  HV  cores 3381 3280 8  time 1201.48 0 743.57
Iteration 396  HV  cores 3390 3288 9  time 1203.95 0 746.917
Iteration 397  HV  cores 3398 3295 8  time 1205.43 0 750.127
Iteration 398  HV  cores 3406 3303 8  time 1208 0 753.479
Iteration 399  HV  cores 3414 3310 8  time 1209.48 0 756.692
Iteration 400  HV  cores 3423 3319 9  time 1210.71 0 760.138
Iteration 401  HV  cores 3431 3327 8  time 1212.6 0 763.341
Iteration 402  HV  cores 3439 3333 8  time 1213.77 0 766.758
Iteration 403  HV  cores 3447 3339 8  time 1214.95 0 770.097
Iteration 404  HV  cores 3455 3346 8  time 1216.91 0 773.858
Iteration 405  HV  cores 3465 3354 10  time 1219.03 0 777.107
Iteration 406  HV  cores 3473 3361 8  time 1220.68 0 780.42
Iteration 407  HV  cores 3481 3367 8  time 1222.18 0 783.683
Iteration 408  HV  cores 3490 3376 9  time 1224.09 0 786.962
Iteration 409  HV  cores 3497 3382 7  time 1225.19 0 790.292
Iteration 410  HV  cores 3505 3388 8  time 1226.95 0 793.676
Iteration 411  HV  cores 3513 3393 8  time 1230.34 0 796.999
Iteration 412  HV  cores 3521 3401 8  time 1231.76 0 800.346
Iteration 413  HV  cores 3531 3410 10  time 1233.66 0 803.671
Iteration 414  HV  cores 3540 3418 9  time 1235.11 0 807.095
Iteration 415  HV  cores 3547 3425 7  time 1235.92 0 810.44
Iteration 416  HV  cores 3555 3433 8  time 1237.34 0 814.019
Iteration 417  HV  cores 3565 3441 10  time 1239.25 0 817.592
Iteration 418  HV  cores 3573 3448 8  time 1240.65 0 821.024
Iteration 419  HV  cores 3581 3455 8  time 1242.25 0 824.636
Iteration 420  HV  cores 3589 3463 8  time 1243.89 0 828.039
Iteration 421  HV  cores 3597 3471 8  time 1245.46 0 831.493
Iteration 422  HV  cores 3605 3478 8  time 1246.7 0 835.159
Iteration 423  HV  cores 3613 3485 8  time 1247.92 0 838.557
Iteration 424  HV  cores 3621 3493 8  time 1250.88 0 842.017
Iteration 425  HV  cores 3628 3499 7  time 1252.13 0 845.445
Iteration 426  HV  cores 3636 3506 8  time 1269.81 0 849.025
Iteration 427  HV  cores 3645 3515 9  time 1270.92 0 852.438
Iteration 428  HV  cores 3653 3523 8  time 1271.86 0 855.979
Iteration 429  HV  cores 3660 3530 7  time 1273.19 0 859.447
Iteration 430  HV  cores 3668 3537 8  time 1274.67 0 862.902
Iteration 431  HV  cores 3677 3545 9  time 1275.57 0 866.372
Iteration 432  HV  cores 3685 3552 8  time 1277.64 0 869.893
Iteration 433  HV  cores 3692 3559 7  time 1279.47 0 873.42
Iteration 434  HV  cores 3701 3567 9  time 1281.28 0 876.961
Iteration 435  HV  cores 3708 3573 7  time 1281.85 0 880.403
Iteration 436  HV  cores 3716 3579 8  time 1282.7 0 883.951
Iteration 437  HV  cores 3725 3587 9  time 1283.74 0 887.496
Iteration 438  HV  cores 3733 3594 8  time 1285.01 0 891.283
Iteration 439  HV  cores 3743 3603 10  time 1286.35 0 894.819
Iteration 440  HV  cores 3752 3611 9  time 1287.42 0 898.552
Iteration 441  HV  cores 3760 3618 8  time 1288.29 0 902.026
Iteration 442  HV  cores 3770 3628 10  time 1289.51 0 905.63
Iteration 443  HV  cores 3779 3637 9  time 1290.96 0 909.191
Iteration 444  HV  cores 3788 3645 9  time 1292.16 0 912.84
Iteration 445  HV  cores 3798 3654 10  time 1293.52 0 916.383
Iteration 446  HV  cores 3807 3660 9  time 1294.75 0 920.001
Iteration 447  HV  cores 3815 3668 8  time 1295.85 0 923.597
Iteration 448  HV  cores 3822 3674 7  time 1296.72 0 927.58
Iteration 449  HV  cores 3830 3682 8  time 1297.87 0 931.167
Iteration 450  HV  cores 3838 3688 8  time 1299.17 0 934.831
Iteration 451  HV  cores 3845 3693 7  time 1299.69 0 938.458
Iteration 452  HV  cores 3853 3700 8  time 1300.71 0 942.135
Iteration 453  HV  cores 3862 3709 9  time 1301.58 0 945.842
Iteration 454  HV  cores 3870 3715 8  time 1302.44 0 949.426
Iteration 455  HV  cores 3878 3723 8  time 1304.6 0 953.104
Iteration 456  HV  cores 3887 3731 9  time 1306.73 0 957.043
Iteration 457  HV  cores 3895 3739 8  time 1308.32 0 960.852
Iteration 458  HV  cores 3904 3748 9  time 1310.38 0 964.698
Iteration 459  HV  cores 3913 3757 9  time 1311.81 0 968.517
Iteration 460  HV  cores 3921 3765 8  time 1313.78 0 972.364
Iteration 461  HV  cores 3929 3771 8  time 1314.87 0 976.179
Iteration 462  HV  cores 3938 3780 9  time 1316.24 0 979.997
Iteration 463  HV  cores 3947 3789 9  time 1317.61 0 983.69
Iteration 464  HV  cores 3954 3795 7  time 1318.44 0 987.564
Iteration 465  HV  cores 3962 3803 8  time 1322.34 0 991.474
Iteration 466  HV  cores 3969 3810 7  time 1323.1 0 995.317
Iteration 467  HV  cores 3977 3817 8  time 1324.38 0 999.07
Iteration 468  HV  cores 3985 3824 8  time 1326 0 1002.94
Iteration 469  HV  cores 3993 3831 8  time 1328.74 0 1006.69
Iteration 470  HV  cores 4000 3836 7  time 1329.48 0 1010.59
Iteration 471  HV  cores 4008 3844 8  time 1331.18 0 1014.35
Iteration 472  HV  cores 4017 3853 9  time 1332.84 0 1018.25
Iteration 473  HV  cores 4024 3859 7  time 1333.44 0 1022.12
Iteration 474  HV  cores 4032 3866 8  time 1334.43 0 1026.06
Iteration 475  HV  cores 4040 3874 8  time 1335.34 0 1029.97
Iteration 476  HV  cores 4048 3882 8  time 1336.31 0 1033.92
Iteration 477  HV  cores 4057 3889 9  time 1337.71 0 1037.79
Iteration 478  HV  cores 4064 3894 7  time 1338.3 0 1041.59
Iteration 479  HV  cores 4072 3901 8  time 1339.43 0 1045.58
Iteration 480  HV  cores 4080 3907 8  time 1340.81 0 1049.55
Iteration 481  HV  cores 4089 3916 9  time 1343.07 0 1053.47
Iteration 482  HV  cores 4097 3924 8  time 1345.41 0 1057.49
Iteration 483  HV  cores 4106 3931 9  time 1347.15 0 1061.41
Iteration 484  HV  cores 4114 3939 8  time 1348.26 0 1065.37
Iteration 485  HV  cores 4124 3949 10  time 1350.11 0 1069.38
Iteration 486  HV  cores 4133 3958 9  time 1352.1 0 1073.37
Iteration 487  HV  cores 4141 3966 8  time 1353.84 0 1077.45
Iteration 488  HV  cores 4149 3973 8  time 1355.66 0 1081.39
Iteration 489  HV  cores 4157 3981 8  time 1357.68 0 1085.48
Iteration 490  HV  cores 4166 3990 9  time 1359.54 0 1089.61
Iteration 491  HV  cores 4176 3999 10  time 1362.6 0 1093.58
Iteration 492  HV  cores 4184 4007 8  time 1364.03 0 1097.55
Iteration 493  HV  cores 4193 4015 9  time 1366.96 0 1101.72
Iteration 494  HV  cores 4201 4022 8  time 1368.77 0 1105.85
Iteration 495  HV  cores 4209 4030 8  time 1370.15 0 1110.05
Iteration 496  HV  cores 4218 4038 9  time 1371.73 0 1114.18
Iteration 497  HV  cores 4227 4047 9  time 1373.4 0 1118.21
Iteration 498  HV  cores 4235 4055 8  time 1375.05 0 1122.4
Iteration 499  HV  cores 4244 4062 9  time 1376.65 0 1126.64
Iteration 500  HV  cores 4253 4069 9  time 1377.42 0 1130.82
Iteration 501  HV  cores 4261 4077 8  time 1378.26 0 1135.04
Iteration 502  HV  cores 4270 4086 9  time 1380.55 0 1139.26
Iteration 503  HV  cores 4277 4093 7  time 1381.93 0 1143.33
Iteration 504  HV  cores 4285 4100 8  time 1383.31 0 1147.66
Iteration 505  HV  cores 4293 4108 8  time 1385.91 0 1151.9
Iteration 506  HV  cores 4300 4115 7  time 1386.78 0 1156.14
Iteration 507  HV  cores 4309 4123 9  time 1388.19 0 1160.42
Iteration 508  HV  cores 4317 4131 8  time 1389.2 0 1164.76
Iteration 509  HV  cores 4326 4139 9  time 1390.63 0 1168.99
Iteration 510  HV  cores 4335 4148 9  time 1391.75 0 1173.3
Iteration 511  HV  cores 4343 4156 8  time 1392.93 0 1177.45
Iteration 512  HV  cores 4350 4163 7  time 1394.09 0 1182.17
Iteration 513  HV  cores 4358 4171 8  time 1395.21 0 1186.63
Iteration 514  HV  cores 4367 4180 9  time 1396.26 0 1190.98
Iteration 515  HV  cores 4376 4188 9  time 1398.36 0 1195.35
Iteration 516  HV  cores 4384 4196 8  time 1399.82 0 1199.71
Iteration 517  HV  cores 4392 4202 8  time 1401.16 0 1203.89
Iteration 518  HV  cores 4400 4210 8  time 1402.37 0 1208.09
Iteration 519  HV  cores 4408 4216 8  time 1403.25 0 1212.32
Iteration 520  HV  cores 4415 4221 7  time 1404 0 1216.52
Iteration 521  HV  cores 4423 4228 8  time 1405.46 0 1220.74
Iteration 522  HV  cores 4431 4235 8  time 1406.08 0 1225.21
Iteration 523  HV  cores 4438 4242 7  time 1407.17 0 1229.7
Iteration 524  HV  cores 4446 4248 8  time 1407.96 0 1234.25
Iteration 525  HV  cores 4454 4256 8  time 1408.88 0 1238.71
Iteration 526  HV  cores 4462 4264 8  time 1410 0 1243.2
Iteration 527  HV  cores 4470 4272 8  time 1411.56 0 1247.49
Iteration 528  HV  cores 4477 4279 7  time 1412.49 0 1251.97
Iteration 529  HV  cores 4485 4286 8  time 1414.01 0 1256.31
Iteration 530  HV  cores 4493 4293 8  time 1414.81 0 1260.62
Iteration 531  HV  cores 4501 4299 8  time 1415.68 0 1264.98
Iteration 532  HV  cores 4509 4306 8  time 1416.67 0 1269.53
Iteration 533  HV  cores 4518 4315 9  time 1418.39 0 1273.95
Iteration 534  HV  cores 4527 4323 9  time 1420.01 0 1278.47
Iteration 535  HV  cores 4535 4330 8  time 1420.64 0 1282.88
Iteration 536  HV  cores 4542 4336 7  time 1421.72 0 1287.3
Iteration 537  HV  cores 4550 4344 8  time 1424.6 0 1291.74
Iteration 538  HV  cores 4558 4351 8  time 1426.17 0 1296.35
Iteration 539  HV  cores 4566 4358 8  time 1428.21 0 1300.78
Iteration 540  HV  cores 4574 4366 8  time 1431.17 0 1305.36
Iteration 541  HV  cores 4582 4373 8  time 1432.37 0 1309.96
Iteration 542  HV  cores 4589 4380 7  time 1433.78 0 1314.42
Iteration 543  HV  cores 4597 4388 8  time 1435.47 0 1319.08
Iteration 544  HV  cores 4604 4395 7  time 1439.07 0 1323.58
Iteration 545  HV  cores 4612 4403 8  time 1440.22 0 1328.29
Iteration 546  HV  cores 4620 4411 8  time 1442.37 0 1332.93
Iteration 547  HV  cores 4628 4418 8  time 1443.91 0 1337.43
Iteration 548  HV  cores 4635 4424 7  time 1445.23 0 1342.22
Iteration 549  HV  cores 4642 4431 7  time 1446.19 0 1346.75
Iteration 550  HV  cores 4650 4438 8  time 1447.99 0 1351.3
Iteration 551  HV  cores 4658 4445 8  time 1449.31 0 1355.8
Iteration 552  HV  cores 4667 4452 9  time 1450.18 0 1360.33
Iteration 553  HV  cores 4674 4459 7  time 1450.94 0 1364.89
Iteration 554  HV  cores 4681 4466 7  time 1451.77 0 1369.46
Iteration 555  HV  cores 4689 4473 8  time 1452.9 0 1374.17
Iteration 556  HV  cores 4696 4479 7  time 1453.98 0 1379.04
Iteration 557  HV  cores 4705 4488 9  time 1456.42 0 1383.73
Iteration 558  HV  cores 4713 4495 8  time 1457.81 0 1388.53
Iteration 559  HV  cores 4721 4500 8  time 1458.89 0 1393.38
Iteration 560  HV  cores 4728 4507 7  time 1460.16 0 1398.02
Iteration 561  HV  cores 4736 4514 8  time 1461.16 0 1402.88
Iteration 562  HV  cores 4744 4521 8  time 1462.22 0 1407.74
Iteration 563  HV  cores 4751 4527 7  time 1463.76 0 1412.39
Iteration 564  HV  cores 4759 4535 8  time 1465.03 0 1417.27
Iteration 565  HV  cores 4770 4546 11  time 1466.85 0 1421.97
Iteration 566  HV  cores 4780 4556 10  time 1468.18 0 1426.67
Iteration 567  HV  cores 4787 4562 7  time 1468.7 0 1431.37
Iteration 568  HV  cores 4795 4569 8  time 1470.07 0 1436.29
Iteration 569  HV  cores 4802 4576 7  time 1472.14 0 1441.43
Iteration 570  HV  cores 4810 4584 8  time 1474.2 0 1446.25
Iteration 571  HV  cores 4819 4593 9  time 1475.67 0 1451.08
Iteration 572  HV  cores 4827 4601 8  time 1477.15 0 1456.12
Iteration 573  HV  cores 4836 4610 9  time 1479.36 0 1460.92
Iteration 574  HV  cores 4843 4617 7  time 1480.08 0 1465.74
Iteration 575  HV  cores 4851 4625 8  time 1482.45 0 1470.58
Iteration 576  HV  cores 4859 4633 8  time 1484.22 0 1475.41
Iteration 577  HV  cores 4867 4641 8  time 1485.29 0 1480.25
Iteration 578  HV  cores 4874 4648 7  time 1487.25 0 1485.15
Iteration 579  HV  cores 4882 4656 8  time 1488.64 0 1490.03
Iteration 580  HV  cores 4890 4664 8  time 1490.57 0 1494.94
Iteration 581  HV  cores 4897 4671 7  time 1491.42 0 1499.9
Iteration 582  HV  cores 4904 4678 7  time 1492.09 0 1505.02
Iteration 583  HV  cores 4911 4684 7  time 1492.8 0 1509.96
Iteration 584  HV  cores 4919 4691 8  time 1494.18 0 1514.91
Iteration 585  HV  cores 4928 4700 9  time 1495.38 0 1519.86
Iteration 586  HV  cores 4936 4708 8  time 1497.11 0 1524.81
Iteration 587  HV  cores 4944 4716 8  time 1498.07 0 1529.78
Iteration 588  HV  cores 4952 4724 8  time 1499.47 0 1534.87
Iteration 589  HV  cores 4960 4732 8  time 1501.88 0 1539.87
Iteration 590  HV  cores 4967 4739 7  time 1503.22 0 1545.03
Iteration 591  HV  cores 4975 4746 8  time 1504.9 0 1550.06
Iteration 592  HV  cores 4983 4754 8  time 1507.54 0 1555.32
Iteration 593  HV  cores 4992 4763 9  time 1510.27 0 1560.34
Iteration 594  HV  cores 4999 4770 7  time 1512.27 0 1565.72
Iteration 595  HV  cores 5007 4778 8  time 1513.86 0 1570.78
Iteration 596  HV  cores 5015 4786 8  time 1518.88 0 1575.8
Iteration 597  HV  cores 5021 4791 6  time 1520.46 0 1580.88
Iteration 598  HV  cores 5029 4799 8  time 1522.31 0 1585.97
Iteration 599  HV  cores 5037 4807 8  time 1523.53 0 1591.09
Iteration 600  HV  cores 5044 4814 7  time 1526.3 0 1596.23
Iteration 601  HV  cores 5053 4823 9  time 1527.71 0 1601.4
Iteration 602  HV  cores 5060 4830 7  time 1528.47 0 1606.72
Iteration 603  HV  cores 5066 4836 6  time 1529.13 0 1611.87
Iteration 604  HV  cores 5072 4842 6  time 1530.16 0 1617.07
Iteration 605  HV  cores 5078 4848 6  time 1530.64 0 1622.31
Iteration 606  HV  cores 5084 4853 6  time 1531.25 0 1627.53
Iteration 607  HV  cores 5090 4859 6  time 1531.89 0 1632.71
Iteration 608  HV  cores 5097 4866 7  time 1532.73 0 1637.93
Iteration 609  HV  cores 5103 4872 6  time 1533.59 0 1643.16
Iteration 610  HV  cores 5111 4880 8  time 1536.09 0 1648.38
Iteration 611  HV  cores 5119 4888 8  time 1538.15 0 1653.62
Iteration 612  HV  cores 5125 4894 6  time 1539.62 0 1658.91
Iteration 613  HV  cores 5132 4901 7  time 1540.53 0 1664.2
Iteration 614  HV  cores 5139 4907 7  time 1541.81 0 1669.5
Iteration 615  HV  cores 5146 4914 7  time 1543.61 0 1675.09
Iteration 616  HV  cores 5153 4921 7  time 1545.28 0 1680.44
Iteration 617  HV  cores 5160 4925 7  time 1546.22 0 1685.78
Iteration 618  HV  cores 5167 4931 7  time 1547.08 0 1691.12
Iteration 619  HV  cores 5175 4939 8  time 1550.4 0 1696.41
Iteration 620  HV  cores 5182 4945 7  time 1551.31 0 1701.75
Iteration 621  HV  cores 5189 4952 7  time 1553.45 0 1707.08
Iteration 622  HV  cores 5196 4956 7  time 1554.12 0 1712.4
Iteration 623  HV  cores 5204 4964 8  time 1555.14 0 1718.04
Iteration 624  HV  cores 5211 4970 7  time 1555.89 0 1723.42
Iteration 625  HV  cores 5219 4978 8  time 1557.49 0 1728.82
Iteration 626  HV  cores 5227 4985 8  time 1558.85 0 1734.51
Iteration 627  HV  cores 5234 4991 7  time 1559.81 0 1739.88
Iteration 628  HV  cores 5242 4999 8  time 1560.99 0 1745.31
Iteration 629  HV  cores 5251 5008 9  time 1562.77 0 1750.76
Iteration 630  HV  cores 5258 5015 7  time 1564.31 0 1756.18
Iteration 631  HV  cores 5266 5022 8  time 1566.15 0 1761.63
Iteration 632  HV  cores 5275 5031 9  time 1568.06 0 1767.07
Iteration 633  HV  cores 5283 5038 8  time 1569.18 0 1772.5
Iteration 634  HV  cores 5290 5045 7  time 1572.49 0 1777.99
Iteration 635  HV  cores 5297 5052 7  time 1575.6 0 1783.49
Iteration 636  HV  cores 5304 5059 7  time 1576.27 0 1788.93
Iteration 637  HV  cores 5311 5064 7  time 1577.08 0 1794.48
Iteration 638  HV  cores 5319 5072 8  time 1578.6 0 1800.02
Iteration 639  HV  cores 5327 5080 8  time 1579.88 0 1805.55
Iteration 640  HV  cores 5335 5088 8  time 1581.4 0 1811.11
Iteration 641  HV  cores 5343 5096 8  time 1583.11 0 1816.67
Iteration 642  HV  cores 5350 5103 7  time 1585.62 0 1822.33
Iteration 643  HV  cores 5357 5110 7  time 1586.51 0 1828.01
Iteration 644  HV  cores 5364 5117 7  time 1588.51 0 1833.71
Iteration 645  HV  cores 5371 5123 7  time 1590.25 0 1839.35
Iteration 646  HV  cores 5378 5130 7  time 1591.36 0 1845.06
Iteration 647  HV  cores 5387 5139 9  time 1593.43 0 1850.8
Iteration 648  HV  cores 5394 5145 7  time 1594.17 0 1856.48
Iteration 649  HV  cores 5402 5153 8  time 1596.37 0 1862.18
Iteration 650  HV  cores 5410 5161 8  time 1597.72 0 1867.93
Iteration 651  HV  cores 5418 5169 8  time 1599.49 0 1873.64
Iteration 652  HV  cores 5427 5176 9  time 1600.35 0 1879.31
Iteration 653  HV  cores 5435 5182 8  time 1601.46 0 1885.07
Iteration 654  HV  cores 5443 5190 8  time 1602.86 0 1890.83
Iteration 655  HV  cores 5451 5198 8  time 1604.4 0 1896.54
Iteration 656  HV  cores 5458 5204 7  time 1604.91 0 1902.32
Iteration 657  HV  cores 5465 5210 7  time 1605.44 0 1908.13
Iteration 658  HV  cores 5472 5217 7  time 1606.4 0 1913.92
Iteration 659  HV  cores 5481 5226 9  time 1609.22 0 1919.69
Iteration 660  HV  cores 5488 5232 7  time 1610.37 0 1925.52
Iteration 661  HV  cores 5496 5240 8  time 1610.98 0 1931.34
Iteration 662  HV  cores 5504 5247 8  time 1611.67 0 1937.17
Iteration 663  HV  cores 5512 5255 8  time 1612.9 0 1943.11
Iteration 664  HV  cores 5519 5262 7  time 1613.71 0 1948.99
Iteration 665  HV  cores 5527 5270 8  time 1615.73 0 1954.88
Iteration 666  HV  cores 5534 5277 7  time 1616.25 0 1960.75
