lb 1133725847326 ub 512409557603043100 before adjustment
lb 0 ub 512408423877195774 after adjustment
costs ready
ub 3787984542962 after 2nd adjustment
22 variables 253 functions 1133725847326 lb, 3787984542962 ub
Iteration 0  HV  cores 5 5 5  time 1.61286 0 0.037538
Iteration 1 MHV  lb 1133725907540 ub 4921710390287  time 1.62643 0.623595 0.037538
Iteration 2  HV  cores 9 9 4  time 5.22918 0.623595 0.391029
Iteration 3 MHV  lb 1133727290643 ub 2950933528517  time 5.24087 1.34232 0.391029
Iteration 4  HV  cores 12 12 3  time 6.60111 1.34232 5.42451
Iteration 5  HV  cores 15 15 3  time 10.6406 1.34232 10.4697
Iteration 6 MHV  lb 1133727640041 ub 1913750243618  time 10.6525 2.02896 10.4697
Iteration 7  HV  cores 18 18 3  time 13.179 2.02896 17.2197
Iteration 8  HV  cores 21 21 3  time 15.4365 2.02896 23.8284
Iteration 9 MHV  lb 1133727825294 ub 1410376812248  time 15.4531 2.72782 23.8284
Iteration 10  HV  cores 25 25 4  time 18.5179 2.72782 30.8283
Iteration 11  HV  cores 26 26 1  time 21.6601 2.72782 37.8412
Iteration 12 MHV  lb 1133728013165 ub 1207587720013  time 21.6728 3.42446 37.8412
Iteration 13  HV  cores 30 30 4  time 22.9815 3.42446 44.7766
Iteration 14  HV  cores 31 31 1  time 24.2318 3.42446 51.6526
Iteration 15  HV  cores 32 32 1  time 24.297 3.42446 58.6199
Iteration 16  HV  cores 33 33 1  time 24.3614 3.42446 65.5847
Iteration 17  HV  cores 34 34 1  time 33.7924 3.42446 72.564
Iteration 18  HV  cores 35 35 1  time 36.3895 3.42446 79.5582
Iteration 19  HV  cores 36 36 1  time 38.3521 3.42446 86.5454
Iteration 20  HV  cores 37 37 1  time 39.7284 3.42446 93.5544
Iteration 21  HV  cores 38 38 1  time 41.7161 3.42446 100.533
Iteration 22  HV  cores 39 39 1  time 43.3881 3.42446 107.532
Iteration 23  HV  cores 40 40 1  time 45.6452 3.42446 114.529
Iteration 24  HV  cores 41 41 1  time 46.0064 3.42446 121.527
Iteration 25  HV  cores 42 42 1  time 46.3297 3.42446 128.515
Iteration 26  HV  cores 43 43 1  time 47.5029 3.42446 135.519
Iteration 27  HV  cores 44 44 1  time 47.6911 3.42446 142.511
Iteration 28  HV  cores 45 45 1  time 47.9433 3.42446 149.462
Iteration 29  HV  cores 46 46 1  time 48.6097 3.42446 156.411
Iteration 30  HV  cores 47 47 1  time 50.7045 3.42446 163.358
Iteration 31  HV  cores 48 48 1  time 51.3922 3.42446 170.309
Iteration 32  HV  cores 49 49 1  time 51.7165 3.42446 177.256
Iteration 33  HV  cores 50 50 1  time 52.1096 3.42446 184.204
Iteration 34  HV  cores 52 52 2  time 54.0285 3.42446 191.125
Iteration 35  HV  cores 54 54 2  time 55.3343 3.42446 198.058
Iteration 36  HV  cores 56 56 2  time 55.9499 3.42446 204.982
Iteration 37  HV  cores 58 58 2  time 57.0561 3.42446 211.938
Iteration 38  HV  cores 60 60 2  time 57.8224 3.42446 218.911
Iteration 39  HV  cores 62 62 2  time 58.243 3.42446 225.89
Iteration 40  HV  cores 64 63 2  time 59.0663 3.42446 232.87
Iteration 41  HV  cores 66 65 2  time 59.5647 3.42446 239.852
Iteration 42  HV  cores 68 67 2  time 59.6479 3.42446 246.838
Iteration 43  HV  cores 70 68 2  time 60.1819 3.42446 253.821
Iteration 44  HV  cores 72 69 2  time 60.694 3.42446 260.808
Iteration 45  HV  cores 73 70 1  time 61.4196 3.42446 267.793
Iteration 46  HV  cores 74 70 1  time 61.998 3.42446 274.777
Iteration 47  HV  cores 75 71 1  time 62.5596 3.42446 281.921
Iteration 48  HV  cores 76 72 1  time 62.9518 3.42446 288.956
Iteration 49  HV  cores 77 72 1  time 63.3701 3.42446 295.954
Iteration 50  HV  cores 78 73 1  time 63.6706 3.42446 302.953
Iteration 51  HV  cores 79 73 1  time 63.8967 3.42446 309.95
Iteration 52  HV  cores 80 74 1  time 64.4778 3.42446 316.947
Iteration 53  HV  cores 81 75 1  time 65.0011 3.42446 323.926
Iteration 54  HV  cores 82 75 1  time 65.2725 3.42446 330.925
Iteration 55  HV  cores 83 76 1  time 65.7744 3.42446 337.921
Iteration 56  HV  cores 84 77 1  time 66.0874 3.42446 344.916
Iteration 57  HV  cores 85 78 1  time 66.7023 3.42446 351.904
Iteration 58  HV  cores 86 79 1  time 67.3261 3.42446 358.893
Iteration 59  HV  cores 87 80 1  time 67.7243 3.42446 365.87
Iteration 60  HV  cores 88 81 1  time 68.3905 3.42446 372.867
Iteration 61  HV  cores 89 82 1  time 68.8772 3.42446 379.845
Iteration 62  HV  cores 90 83 1  time 69.5284 3.42446 386.846
Iteration 63  HV  cores 91 82 1  time 69.9433 3.42446 393.832
Iteration 64  HV  cores 92 82 1  time 70.2396 3.42446 400.821
Iteration 65  HV  cores 93 83 1  time 71.3608 3.42446 407.817
Iteration 66  HV  cores 94 84 1  time 71.8857 3.42446 414.789
Iteration 67  HV  cores 95 85 1  time 72.1401 3.42446 421.77
Iteration 68  HV  cores 96 85 1  time 72.525 3.42446 428.746
Iteration 69  HV  cores 97 84 1  time 72.7505 3.42446 435.732
Iteration 70  HV  cores 98 84 1  time 73.2127 3.42446 442.748
Iteration 71  HV  cores 99 85 1  time 76.4497 3.42446 449.758
Iteration 72  HV  cores 100 86 1  time 78.1241 3.42446 456.782
Iteration 73  HV  cores 102 88 2  time 80.0931 3.42446 463.812
Iteration 74  HV  cores 104 90 2  time 80.8693 3.42446 470.809
Iteration 75  HV  cores 106 92 2  time 81.0743 3.42446 477.808
Iteration 76  HV  cores 108 93 2  time 81.9992 3.42446 484.824
Iteration 77  HV  cores 110 94 2  time 82.5898 3.42446 491.857
Iteration 78 MHV  lb 1133729261336 ub 1207580781861  time 82.6026 4.21025 491.857
Iteration 79  HV  cores 113 97 3  time 86.2964 4.21025 498.91
Iteration 80 MHV  lb 1133729687470 ub 1207356259661  time 86.3093 4.99526 498.91
Iteration 81  HV  cores 116 100 3  time 87.102 4.99526 505.982
Iteration 82 MHV  lb 1133729748545 ub 1205265694028  time 87.1149 5.81507 505.982
Iteration 83  HV  cores 119 103 3  time 88.2687 5.81507 513.036
Iteration 84 MHV  lb 1133729771359 ub 1205255824153  time 88.2816 6.56729 513.036
Iteration 85  HV  cores 123 107 4  time 89.3194 6.56729 520.055
Iteration 86 MHV  lb 1133729834237 ub 1205255822904  time 89.3322 7.37668 520.055
Iteration 87  HV  cores 126 110 3  time 90.1162 7.37668 527.134
Iteration 88 MHV  lb 1133729896722 ub 1205207392250  time 90.1287 8.23256 527.134
Iteration 89  HV  cores 129 113 3  time 90.7191 8.23256 534.241
Iteration 90  HV  cores 131 115 2  time 91.7529 8.23256 541.303
Iteration 91 MHV  lb 1133729915399 ub 1205186759589  time 91.7654 9.04709 541.303
Iteration 92  HV  cores 134 118 3  time 92.6265 9.04709 548.317
Iteration 93  HV  cores 137 121 3  time 93.214 9.04709 555.292
Iteration 94  HV  cores 140 124 3  time 94.701 9.04709 562.277
Iteration 95  HV  cores 142 126 2  time 95.9374 9.04709 569.267
Iteration 96  HV  cores 145 129 3  time 96.3836 9.04709 576.251
Iteration 97  HV  cores 148 132 3  time 96.8697 9.04709 583.233
Iteration 98  HV  cores 151 135 3  time 97.4453 9.04709 590.23
Iteration 99 MHV  lb 1133729961644 ub 1205186731793  time 97.458 9.9038 590.23
Iteration 100  HV  cores 155 138 4  time 98.0744 9.9038 597.257
Iteration 101 MHV  lb 1133730001001 ub 1204998962033  time 98.087 10.7791 597.257
Iteration 102  HV  cores 157 140 2  time 98.9717 10.7791 604.311
Iteration 103  HV  cores 159 141 2  time 99.6118 10.7791 611.335
Iteration 104  HV  cores 162 144 3  time 100.493 10.7791 618.35
Iteration 105  HV  cores 164 146 2  time 101.022 10.7791 625.363
Iteration 106 MHV  lb 1133730002151 ub 1202905596395  time 101.035 11.6597 625.363
Iteration 107  HV  cores 166 148 2  time 101.405 11.6597 632.419
Iteration 108  HV  cores 170 152 4  time 102.808 11.6597 639.425
Iteration 109 MHV  lb 1133730070100 ub 1202904331784  time 102.821 12.5001 639.425
Iteration 110  HV  cores 172 154 2  time 103.734 12.5001 646.463
Iteration 111  HV  cores 175 156 3  time 104.025 12.5001 653.473
Iteration 112  HV  cores 178 159 3  time 105.275 12.5001 660.472
Iteration 113  HV  cores 179 160 1  time 105.553 12.5001 667.528
Iteration 114 MHV  lb 1133730118736 ub 1202904331375  time 105.565 13.385 667.528
Iteration 115  HV  cores 182 163 3  time 105.699 13.385 674.648
Iteration 116 MHV  lb 1133730120955 ub 1201171718372  time 105.711 14.3154 674.648
Iteration 117  HV  cores 185 166 3  time 107.082 14.3154 681.749
Iteration 118  HV  cores 188 169 3  time 110.751 14.3154 688.814
Iteration 119 MHV  lb 1133730151542 ub 1199084823560  time 110.766 15.2118 688.814
Iteration 120  HV  cores 191 172 3  time 112.235 15.2118 695.903
Iteration 121  HV  cores 194 175 3  time 115.855 15.2118 702.952
Iteration 122 MHV  lb 1133732740954 ub 1199075913506  time 115.867 15.9969 702.952
Iteration 123  HV  cores 198 179 4  time 122.459 15.9969 710.007
Iteration 124 MHV  lb 1133735390782 ub 1198982582103  time 122.471 16.8473 710.007
Iteration 125  HV  cores 200 181 2  time 123.91 16.8473 717.102
Iteration 126  HV  cores 204 184 4  time 130.543 16.8473 724.104
Iteration 127 MHV  lb 1133736039762 ub 1196800893740  time 130.557 17.681 724.104
Iteration 128  HV  cores 207 187 3  time 131.947 17.681 731.125
Iteration 129  HV  cores 211 191 4  time 133.405 17.681 738.118
Iteration 130  HV  cores 212 192 1  time 133.971 17.681 745.103
Iteration 131 MHV  lb 1133736151452 ub 1196800893738  time 133.984 18.5465 745.103
Iteration 132  HV  cores 216 196 4  time 136.209 18.5465 752.163
Iteration 133 MHV  lb 1133736204729 ub 1196745561719  time 136.222 19.4921 752.163
Iteration 134  HV  cores 220 200 4  time 138.079 19.4921 759.208
Iteration 135  HV  cores 224 204 4  time 139.421 19.4921 766.224
Iteration 136 MHV  lb 1133736314361 ub 1196644453245  time 139.434 20.355 766.224
Iteration 137  HV  cores 227 207 3  time 141.139 20.355 773.261
Iteration 138  HV  cores 231 211 4  time 142.65 20.355 780.271
Iteration 139 MHV  lb 1133736351306 ub 1196519478910  time 142.663 21.2283 780.271
Iteration 140  HV  cores 234 214 3  time 145.148 21.2283 787.321
Iteration 141 MHV  lb 1133736544244 ub 1194829439094  time 145.161 22.1934 787.321
Iteration 142  HV  cores 236 216 2  time 147.755 22.1934 794.346
Iteration 143  HV  cores 239 219 3  time 150.193 22.1934 801.316
Iteration 144 MHV  lb 1133736709268 ub 1192722456276  time 150.206 23.1856 801.316
Iteration 145  HV  cores 243 222 4  time 151.673 23.1856 808.328
Iteration 146  HV  cores 247 226 4  time 152.343 23.1856 815.317
Iteration 147 MHV  lb 1133737138843 ub 1192721782691  time 152.356 24.6275 815.317
Iteration 148  HV  cores 250 229 3  time 152.496 24.6275 822.345
Iteration 149  HV  cores 254 233 4  time 153.09 24.6275 829.353
Iteration 150  HV  cores 257 236 3  time 156.4 24.6275 836.357
Iteration 151  HV  cores 260 239 3  time 157.091 24.6275 843.338
Iteration 152  HV  cores 262 241 2  time 158.45 24.6275 850.288
Iteration 153 MHV  lb 1133740975556 ub 1192721106165  time 158.463 25.6679 850.288
Iteration 154  HV  cores 265 244 3  time 159.1 25.6679 857.343
Iteration 155 MHV  lb 1133741077642 ub 1192608242163  time 159.112 26.8469 857.343
Iteration 156  HV  cores 268 246 3  time 159.78 26.8469 864.372
Iteration 157  HV  cores 272 250 4  time 161.854 26.8469 871.349
Iteration 158 MHV  lb 1133741131226 ub 1192569026497  time 161.867 27.9489 871.349
Iteration 159  HV  cores 275 252 3  time 162.347 27.9489 878.383
Iteration 160  HV  cores 278 255 3  time 164.356 27.9489 885.376
Iteration 161  HV  cores 281 258 3  time 166.061 27.9489 892.358
Iteration 162 MHV  lb 1133741215158 ub 1192569020368  time 166.075 28.9888 892.358
Iteration 163  HV  cores 284 261 3  time 169.224 28.9888 899.395
Iteration 164 MHV  lb 1133741548911 ub 1192314957602  time 169.237 30.9602 899.395
Iteration 165  HV  cores 287 264 3  time 170.485 30.9602 906.464
Iteration 166  HV  cores 291 268 4  time 171.655 30.9602 913.515
Iteration 167  HV  cores 294 271 3  time 172.836 30.9602 920.542
Iteration 168  HV  cores 297 274 3  time 173.177 30.9602 927.553
Iteration 169 MHV  lb 1133741563266 ub 1189415719481  time 173.19 32.9256 927.553
Iteration 170  HV  cores 300 277 3  time 173.541 32.9256 934.59
Iteration 171 MHV  lb 1133741583064 ub 1189415317507  time 173.554 34.1086 934.59
Iteration 172  HV  cores 303 280 3  time 174.418 34.1086 941.603
Iteration 173 MHV  lb 1133741655147 ub 1189414282197  time 174.43 35.4625 941.603
Iteration 174  HV  cores 306 283 3  time 175.029 35.4625 948.634
Iteration 175  HV  cores 309 286 3  time 176.165 35.4625 955.668
Iteration 176  HV  cores 312 289 3  time 176.521 35.4625 962.679
Iteration 177 MHV  lb 1133741690438 ub 1189414282042  time 176.535 36.7011 962.679
Iteration 178  HV  cores 314 291 2  time 177.277 36.7011 969.776
Iteration 179 MHV  lb 1133741759944 ub 1189393881299  time 177.29 38.5966 969.776
Iteration 180  HV  cores 317 294 3  time 178.289 38.5966 976.859
Iteration 181  HV  cores 320 297 3  time 178.457 38.5966 983.912
Iteration 182 MHV  lb 1133741813337 ub 1189392759181  time 178.47 40.1328 983.912
Iteration 183  HV  cores 323 299 3  time 179.294 40.1328 990.992
Iteration 184  HV  cores 326 302 3  time 180.096 40.1328 998.051
Iteration 185  HV  cores 329 305 3  time 181.943 40.1328 1005.09
Iteration 186  HV  cores 332 308 3  time 182.977 40.1328 1012.11
Iteration 187 MHV  lb 1133742013429 ub 1189389126706  time 182.99 41.4491 1012.11
Iteration 188  HV  cores 335 311 3  time 184.236 41.4491 1019.2
Iteration 189 MHV  lb 1133742042152 ub 1188507613155  time 184.249 42.7655 1019.2
Iteration 190  HV  cores 338 314 3  time 184.766 42.7655 1026.27
Iteration 191  HV  cores 341 317 3  time 186.481 42.7655 1033.31
Iteration 192 MHV  lb 1133743062756 ub 1184054498947  time 186.494 44.7105 1033.31
Iteration 193  HV  cores 344 320 3  time 186.835 44.7105 1040.39
Iteration 194  HV  cores 347 323 3  time 187.709 44.7105 1047.43
Iteration 195  HV  cores 348 324 1  time 189.25 44.7105 1054.44
Iteration 196 MHV  lb 1133747959176 ub 1184054498945  time 189.262 47.4769 1054.44
Iteration 197  HV  cores 352 328 4  time 189.915 47.4769 1061.6
Iteration 198  HV  cores 355 331 3  time 192.351 47.4769 1068.77
Iteration 199  HV  cores 358 334 3  time 193.092 47.4769 1075.9
Iteration 200 MHV  lb 1133747987587 ub 1179483303053  time 193.105 50.04 1075.9
Iteration 201  HV  cores 361 337 3  time 193.401 50.04 1083.04
Iteration 202  HV  cores 364 340 3  time 194.189 50.04 1090.12
Iteration 203  HV  cores 367 343 3  time 195.127 50.04 1097.18
Iteration 204  HV  cores 370 346 3  time 195.94 50.04 1104.23
Iteration 205  HV  cores 373 349 3  time 196.745 50.04 1111.28
Iteration 206 MHV  lb 1133747999558 ub 1179438656852  time 196.758 52.5015 1111.28
Iteration 207  HV  cores 376 352 3  time 198.706 52.5015 1118.43
Iteration 208  HV  cores 379 355 3  time 199.234 52.5015 1125.58
Iteration 209  HV  cores 381 357 2  time 199.945 52.5015 1132.72
Iteration 210  HV  cores 384 360 3  time 200.464 52.5015 1139.85
Iteration 211 MHV  lb 1133748164849 ub 1179341466180  time 200.477 54.8785 1139.85
Iteration 212  HV  cores 387 363 3  time 201.43 54.8785 1146.99
Iteration 213  HV  cores 390 366 3  time 202.372 54.8785 1154.11
Iteration 214  HV  cores 393 369 3  time 203.422 54.8785 1161.21
Iteration 215 MHV  lb 1133748336215 ub 1175693594149  time 203.435 57.6175 1161.21
Iteration 216  HV  cores 396 372 3  time 205.206 57.6175 1168.42
Iteration 217  HV  cores 399 375 3  time 205.518 57.6175 1175.53
Iteration 218  HV  cores 402 378 3  time 205.806 57.6175 1182.62
Iteration 219  HV  cores 404 380 2  time 206.391 57.6175 1189.7
Iteration 220  HV  cores 405 381 1  time 206.795 57.6175 1196.74
Iteration 221 MHV  lb 1133751387700 ub 1175693594072  time 206.807 58.852 1196.74
Iteration 222  HV  cores 408 384 3  time 207.276 58.852 1203.9
Iteration 223 MHV  lb 1133751422939 ub 1175684599233  time 207.29 60.1543 1203.9
Iteration 224  HV  cores 411 387 3  time 210.529 60.1543 1211
Iteration 225  HV  cores 414 390 3  time 211.348 60.1543 1218.11
Iteration 226 MHV  lb 1133751525335 ub 1175669583117  time 211.361 61.264 1218.11
Iteration 227  HV  cores 417 393 3  time 211.781 61.264 1225.16
Iteration 228  HV  cores 420 396 3  time 212.252 61.264 1232.2
Iteration 229  HV  cores 423 399 3  time 212.609 61.264 1239.2
Iteration 230  HV  cores 425 401 2  time 214.012 61.264 1246.2
Iteration 231  HV  cores 427 403 2  time 214.215 61.264 1253.2
Iteration 232  HV  cores 429 405 2  time 214.339 61.264 1260.22
Iteration 233  HV  cores 430 406 1  time 214.773 61.264 1267.25
Iteration 234 MHV  lb 1133751667176 ub 1175669582759  time 214.786 63.021 1267.25
Iteration 235  HV  cores 433 409 3  time 215.282 63.021 1274.38
Iteration 236 MHV  lb 1133751683922 ub 1175527388014  time 215.296 64.345 1274.38
Iteration 237  HV  cores 436 412 3  time 215.482 64.345 1281.49
Iteration 238  HV  cores 439 415 3  time 216.375 64.345 1288.55
Iteration 239 MHV  lb 1133751683922 ub 1174690409471  time 216.388 65.7352 1288.55
Iteration 240  HV  cores 442 418 3  time 216.57 65.7352 1295.61
Iteration 241  HV  cores 445 421 3  time 217.479 65.7352 1302.63
Iteration 242 MHV  lb 1133751707055 ub 1174690409164  time 217.492 67.5804 1302.63
Iteration 243  HV  cores 447 423 2  time 217.784 67.5804 1309.77
Iteration 244  HV  cores 450 426 3  time 217.974 67.5804 1316.91
Iteration 245 MHV  lb 1133751716305 ub 1171089185168  time 217.987 69.1866 1316.91
Iteration 246  HV  cores 453 429 3  time 218.347 69.1866 1324.08
Iteration 247  HV  cores 456 432 3  time 218.989 69.1866 1331.18
Iteration 248  HV  cores 458 434 2  time 220.81 69.1866 1338.24
Iteration 249  HV  cores 459 435 1  time 221.056 69.1866 1345.28
Iteration 250 MHV  lb 1133752731622 ub 1171084738550  time 221.069 71.3697 1345.28
Iteration 251  HV  cores 462 438 3  time 222.067 71.3697 1352.43
Iteration 252  HV  cores 464 440 2  time 222.756 71.3697 1359.52
Iteration 253 MHV  lb 1133754321040 ub 1170418633333  time 222.769 73.817 1359.52
Iteration 254  HV  cores 467 442 3  time 224.514 73.817 1366.68
Iteration 255  HV  cores 470 445 3  time 225.47 73.817 1373.77
Iteration 256 MHV  lb 1133754514400 ub 1168656829374  time 225.483 75.725 1373.77
Iteration 257  HV  cores 473 448 3  time 226.134 75.725 1380.89
Iteration 258  HV  cores 475 450 2  time 226.392 75.725 1388
Iteration 259  HV  cores 478 453 3  time 226.966 75.725 1395.07
Iteration 260  HV  cores 481 456 3  time 227.705 75.725 1402.14
Iteration 261  HV  cores 482 457 1  time 228.77 75.725 1409.18
Iteration 262  HV  cores 483 458 1  time 228.89 75.725 1416.22
Iteration 263 MHV  lb 1133773488320 ub 1168656829304  time 228.902 78.6744 1416.22
Iteration 264  HV  cores 486 461 3  time 229.483 78.6744 1423.37
Iteration 265 MHV  lb 1133773536915 ub 1168097153882  time 229.496 81.9299 1423.37
Iteration 266  HV  cores 489 464 3  time 230.589 81.9299 1430.48
Iteration 267  HV  cores 492 467 3  time 231.138 81.9299 1437.57
Iteration 268  HV  cores 495 470 3  time 231.864 81.9299 1444.63
Iteration 269 MHV  lb 1133773609410 ub 1168092878986  time 231.877 85.4656 1444.63
Iteration 270  HV  cores 498 473 3  time 232.147 85.4656 1451.74
Iteration 271  HV  cores 500 474 2  time 232.489 85.4656 1458.84
Iteration 272  HV  cores 503 477 3  time 232.943 85.4656 1465.92
Iteration 273  HV  cores 506 479 3  time 234.034 85.4656 1472.99
Iteration 274  HV  cores 509 482 3  time 234.95 85.4656 1480.11
Iteration 275 MHV  lb 1133773789316 ub 1168092878853  time 234.963 87.8114 1480.11
Iteration 276  HV  cores 512 485 3  time 235.471 87.8114 1487.32
Iteration 277 MHV  lb 1133773858975 ub 1168082299868  time 235.484 91.8307 1487.32
Iteration 278  HV  cores 515 488 3  time 235.673 91.8307 1494.58
Iteration 279  HV  cores 518 491 3  time 235.868 91.8307 1501.82
Iteration 280 MHV  lb 1133773862314 ub 1168040203691  time 235.881 94.2563 1501.82
Iteration 281  HV  cores 521 494 3  time 237.141 94.2563 1509.05
Iteration 282  HV  cores 524 497 3  time 238.352 94.2563 1516.22
Iteration 283  HV  cores 527 500 3  time 239.016 94.2563 1523.31
Iteration 284  HV  cores 530 503 3  time 240.134 94.2563 1530.38
Iteration 285  HV  cores 533 506 3  time 240.62 94.2563 1537.44
Iteration 286 MHV  lb 1133773869042 ub 1168040203636  time 240.633 96.6733 1537.44
Iteration 287  HV  cores 536 509 3  time 241.729 96.6733 1544.61
Iteration 288 MHV  lb 1133774162536 ub 1167503224893  time 241.742 100.25 1544.61
Iteration 289  HV  cores 539 512 3  time 242.167 100.25 1551.78
Iteration 290  HV  cores 542 515 3  time 243.225 100.25 1558.9
Iteration 291  HV  cores 545 518 3  time 243.457 100.25 1566
Iteration 292  HV  cores 547 520 2  time 243.713 100.25 1573.08
Iteration 293 MHV  lb 1133774273620 ub 1167456853820  time 243.726 103.104 1573.08
Iteration 294  HV  cores 550 522 3  time 244.702 103.104 1580.17
Iteration 295  HV  cores 553 525 3  time 245.097 103.104 1587.22
Iteration 296 MHV  lb 1133774330775 ub 1167456853330  time 245.11 106.396 1587.22
Iteration 297  HV  cores 556 527 3  time 245.292 106.396 1594.39
Iteration 298 MHV  lb 1133774352460 ub 1167367175762  time 245.305 109.861 1594.39
Iteration 299  HV  cores 559 528 3  time 245.48 109.861 1601.56
Iteration 300  HV  cores 562 530 3  time 245.619 109.861 1608.69
Iteration 301  HV  cores 565 533 3  time 245.882 109.861 1615.81
Iteration 302 MHV  lb 1133774354332 ub 1165208988751  time 245.895 114.023 1615.81
Iteration 303  HV  cores 568 535 3  time 246.059 114.023 1622.92
Iteration 304  HV  cores 571 538 3  time 246.96 114.023 1630
Iteration 305  HV  cores 574 541 3  time 247.207 114.023 1637.07
Iteration 306  HV  cores 577 544 3  time 247.544 114.023 1644.14
Iteration 307 MHV  lb 1133774356992 ub 1165208988101  time 247.557 118.026 1644.14
Iteration 308  HV  cores 580 547 3  time 247.891 118.026 1651.32
Iteration 309 MHV  lb 1133774358375 ub 1164672234266  time 247.904 122.377 1651.32
Iteration 310  HV  cores 583 550 3  time 248.778 122.377 1658.53
Iteration 311  HV  cores 586 552 3  time 249.64 122.377 1665.69
Iteration 312  HV  cores 589 555 3  time 250.268 122.377 1672.84
Iteration 313 MHV  lb 1133774365262 ub 1162547896624  time 250.281 126.585 1672.84
Iteration 314  HV  cores 592 557 3  time 250.57 126.585 1679.98
Iteration 315  HV  cores 595 560 3  time 250.702 126.585 1687.09
Iteration 316  HV  cores 598 563 3  time 251.483 126.585 1694.2
Iteration 317  HV  cores 601 566 3  time 254.146 126.585 1701.31
Iteration 318  HV  cores 604 569 3  time 254.423 126.585 1708.39
Iteration 319 MHV  lb 1133774483710 ub 1162547896425  time 254.437 131.699 1708.39
Iteration 320  HV  cores 607 572 3  time 254.909 131.699 1715.64
Iteration 321 MHV  lb 1133774510450 ub 1160830374774  time 254.922 136.139 1715.64
Iteration 322  HV  cores 610 575 3  time 255.214 136.139 1722.85
Iteration 323  HV  cores 613 578 3  time 255.527 136.139 1730.01
Iteration 324  HV  cores 616 581 3  time 256.029 136.139 1737.17
Iteration 325  HV  cores 619 584 3  time 256.71 136.139 1744.3
Iteration 326 MHV  lb 1133774526844 ub 1159817608215  time 256.723 140.634 1744.3
Iteration 327  HV  cores 622 587 3  time 257.037 140.634 1751.5
Iteration 328  HV  cores 624 588 2  time 257.149 140.634 1758.69
Iteration 329  HV  cores 627 591 3  time 257.656 140.634 1765.84
Iteration 330  HV  cores 630 594 3  time 258.433 140.634 1772.95
Iteration 331  HV  cores 633 597 3  time 259.066 140.634 1780.05
Iteration 332 MHV  lb 1133774532682 ub 1159817607683  time 259.08 145.739 1780.05
Iteration 333  HV  cores 636 600 3  time 259.41 145.739 1787.29
Iteration 334 MHV  lb 1133774536144 ub 1159760083445  time 259.423 150.885 1787.29
Iteration 335  HV  cores 639 603 3  time 259.718 150.885 1794.5
Iteration 336  HV  cores 642 606 3  time 260.154 150.885 1801.67
Iteration 337  HV  cores 645 609 3  time 260.565 150.885 1808.83
Iteration 338  HV  cores 648 611 3  time 260.727 150.885 1815.97
Iteration 339  HV  cores 650 613 2  time 260.889 150.885 1823.12
Iteration 340  HV  cores 653 616 3  time 262.113 150.885 1830.24
Iteration 341 MHV  lb 1133774544928 ub 1159654922301  time 262.126 155.987 1830.24
Iteration 342  HV  cores 656 619 3  time 262.388 155.987 1837.5
Iteration 343  HV  cores 658 620 2  time 262.527 155.987 1844.74
Iteration 344  HV  cores 661 622 3  time 262.722 155.987 1851.95
Iteration 345  HV  cores 664 625 3  time 263.294 155.987 1859.15
Iteration 346  HV  cores 667 628 3  time 263.753 155.987 1866.34
Iteration 347  HV  cores 670 631 3  time 264.244 155.987 1873.53
Iteration 348  HV  cores 673 634 3  time 264.374 155.987 1880.68
Iteration 349  HV  cores 676 637 3  time 265.413 155.987 1887.82
Iteration 350  HV  cores 679 640 3  time 266.302 155.987 1894.97
Iteration 351  HV  cores 682 642 3  time 266.889 155.987 1902.1
Iteration 352  HV  cores 685 645 3  time 267.232 155.987 1909.21
Iteration 353  HV  cores 686 646 1  time 267.972 155.987 1916.33
Iteration 354 MHV  lb 1133774696391 ub 1159654922225  time 267.986 160.973 1916.33
Iteration 355  HV  cores 689 649 3  time 269.028 160.973 1923.64
Iteration 356 MHV  lb 1133774724728 ub 1159142391799  time 269.042 167.365 1923.64
Iteration 357  HV  cores 692 652 3  time 269.194 167.365 1930.95
Iteration 358  HV  cores 695 654 3  time 270.034 167.365 1938.17
Iteration 359  HV  cores 698 657 3  time 271.151 167.365 1945.39
Iteration 360  HV  cores 702 661 4  time 272.869 167.365 1952.57
Iteration 361  HV  cores 705 664 3  time 273.235 167.365 1959.74
Iteration 362 MHV  lb 1133774744990 ub 1156873993004  time 273.249 172.702 1959.74
Iteration 363  HV  cores 708 667 3  time 273.83 172.702 1966.94
Iteration 364  HV  cores 710 669 2  time 274.058 172.702 1974.14
Iteration 365  HV  cores 713 672 3  time 274.269 172.702 1981.32
Iteration 366  HV  cores 716 675 3  time 275.451 172.702 1988.55
Iteration 367  HV  cores 719 678 3  time 275.562 172.702 1995.75
Iteration 368 MHV  lb 1133774811203 ub 1156873992965  time 275.575 178.094 1995.75
Iteration 369  HV  cores 722 680 3  time 275.73 178.094 2003.2
Iteration 370 MHV  lb 1133774812776 ub 1156282322479  time 275.744 183.557 2003.2
Iteration 371  HV  cores 725 682 3  time 276.349 183.557 2010.62
Iteration 372  HV  cores 728 685 3  time 276.643 183.557 2018.01
Iteration 373  HV  cores 731 688 3  time 278.645 183.557 2025.36
Iteration 374  HV  cores 734 691 3  time 279.235 183.557 2032.66
Iteration 375  HV  cores 738 695 4  time 279.829 183.557 2039.92
Iteration 376  HV  cores 742 699 4  time 280.11 183.557 2047.16
Iteration 377  HV  cores 744 701 2  time 280.735 183.557 2054.39
Iteration 378 MHV  lb 1133774833234 ub 1155517846681  time 280.749 189.495 2054.39
Iteration 379  HV  cores 747 704 3  time 281.151 189.495 2061.74
Iteration 380  HV  cores 751 708 4  time 282.047 189.495 2069.06
Iteration 381  HV  cores 754 711 3  time 282.264 189.495 2076.32
Iteration 382  HV  cores 757 714 3  time 282.596 189.495 2083.65
Iteration 383  HV  cores 760 717 3  time 283.094 189.495 2090.94
Iteration 384  HV  cores 764 721 4  time 284.47 189.495 2098.21
Iteration 385 MHV  lb 1133774834292 ub 1155517846499  time 284.484 195.015 2098.21
Iteration 386  HV  cores 767 724 3  time 285.013 195.015 2105.64
Iteration 387 MHV  lb 1133774834867 ub 1155005316073  time 285.026 201.545 2105.64
Iteration 388  HV  cores 770 726 3  time 286.231 201.545 2113.02
Iteration 389  HV  cores 773 729 3  time 287.442 201.545 2120.4
Iteration 390  HV  cores 776 732 3  time 287.979 201.545 2127.77
Iteration 391  HV  cores 779 735 3  time 288.649 201.545 2135.11
Iteration 392  HV  cores 782 738 3  time 288.823 201.545 2142.43
Iteration 393  HV  cores 784 740 2  time 289.371 201.545 2149.75
Iteration 394  HV  cores 787 743 3  time 290.06 201.545 2157.06
Iteration 395  HV  cores 790 746 3  time 290.922 201.545 2164.36
Iteration 396 MHV  lb 1133774839728 ub 1154238789072  time 290.936 206.479 2164.36
Iteration 397  HV  cores 793 748 3  time 291.151 206.479 2171.73
Iteration 398  HV  cores 795 750 2  time 291.714 206.479 2179.1
Iteration 399  HV  cores 798 753 3  time 291.915 206.479 2186.44
Iteration 400  HV  cores 801 756 3  time 292.645 206.479 2193.76
Iteration 401  HV  cores 804 758 3  time 293.128 206.479 2201.06
Iteration 402  HV  cores 807 760 3  time 293.765 206.479 2208.34
Iteration 403 MHV  lb 1133774916608 ub 1154238789053  time 293.779 212.684 2208.34
Iteration 404  HV  cores 810 763 3  time 294.493 212.684 2215.88
Iteration 405 MHV  lb 1133774921468 ub 1154237430920  time 294.506 218.968 2215.88
Iteration 406  HV  cores 813 766 3  time 294.612 218.968 2223.36
Iteration 407  HV  cores 816 769 3  time 295.518 218.968 2230.91
Iteration 408  HV  cores 819 772 3  time 297.189 218.968 2238.41
Iteration 409  HV  cores 822 775 3  time 297.981 218.968 2245.83
Iteration 410  HV  cores 825 778 3  time 298.207 218.968 2253.15
Iteration 411 MHV  lb 1133774922137 ub 1152928470705  time 298.221 225.414 2253.15
Iteration 412  HV  cores 828 781 3  time 299.008 225.414 2260.44
Iteration 413  HV  cores 830 783 2  time 300.072 225.414 2267.74
Iteration 414 MHV  lb 1133774973196 ub 1152928470571  time 300.085 231.406 2267.74
Iteration 415  HV  cores 833 786 3  time 300.209 231.406 2275.17
Iteration 416  HV  cores 836 789 3  time 300.916 231.406 2282.55
Iteration 417  HV  cores 840 792 4  time 302.109 231.406 2289.87
Iteration 418  HV  cores 843 795 3  time 302.903 231.406 2297.17
Iteration 419  HV  cores 846 798 3  time 303.397 231.406 2304.44
Iteration 420 MHV  lb 1133775025961 ub 1152416131394  time 303.41 237.643 2304.44
Iteration 421  HV  cores 849 801 3  time 303.762 237.643 2311.84
Iteration 422  HV  cores 852 804 3  time 305.068 237.643 2319.16
Iteration 423  HV  cores 855 807 3  time 306.546 237.643 2326.44
Iteration 424  HV  cores 858 810 3  time 306.964 237.643 2333.62
Iteration 425 MHV  lb 1133775052267 ub 1152416131310  time 306.977 244.217 2333.62
Iteration 426  HV  cores 861 813 3  time 307.821 244.217 2341
Iteration 427 MHV  lb 1133775053194 ub 1151902579543  time 307.834 250.373 2341
Iteration 428  HV  cores 864 815 3  time 308.631 250.373 2348.34
Iteration 429  HV  cores 867 818 3  time 309.092 250.373 2355.63
Iteration 430  HV  cores 870 820 3  time 309.774 250.373 2362.88
Iteration 431  HV  cores 873 823 3  time 310.811 250.373 2370.1
Iteration 432 MHV  lb 1133775073344 ub 1150573518530  time 310.825 257.49 2370.1
Iteration 433  HV  cores 876 826 3  time 311.565 257.49 2377.48
Iteration 434  HV  cores 879 828 3  time 311.895 257.49 2384.82
Iteration 435  HV  cores 883 832 4  time 312.965 257.49 2392.11
Iteration 436  HV  cores 886 835 3  time 313.726 257.49 2399.36
Iteration 437  HV  cores 889 838 3  time 313.886 257.49 2406.61
Iteration 438  HV  cores 892 841 3  time 314.324 257.49 2413.84
Iteration 439  HV  cores 895 844 3  time 315.297 257.49 2421.07
Iteration 440  HV  cores 898 847 3  time 316.476 257.49 2428.28
Iteration 441 MHV  lb 1133775075656 ub 1150573518455  time 316.49 264.109 2428.28
Iteration 442  HV  cores 901 850 3  time 316.732 264.109 2435.69
Iteration 443 MHV  lb 1133775076755 ub 1150570800385  time 316.745 273.458 2435.69
Iteration 444  HV  cores 904 852 3  time 317.141 273.458 2443.11
Iteration 445  HV  cores 907 855 3  time 318.127 273.458 2450.5
Iteration 446  HV  cores 910 858 3  time 318.393 273.458 2457.88
Iteration 447  HV  cores 913 861 3  time 319.327 273.458 2465.24
Iteration 448  HV  cores 916 864 3  time 319.542 273.458 2472.59
Iteration 449  HV  cores 919 867 3  time 320.323 273.458 2479.94
Iteration 450  HV  cores 923 871 4  time 320.591 273.458 2487.26
Iteration 451  HV  cores 926 874 3  time 320.884 273.458 2494.58
Iteration 452  HV  cores 929 877 3  time 321.036 273.458 2501.85
Iteration 453 MHV  lb 1133775080150 ub 1149239695535  time 321.05 280.139 2501.85
Iteration 454  HV  cores 932 879 3  time 321.442 280.139 2509.2
Iteration 455  HV  cores 935 882 3  time 322.536 280.139 2516.54
Iteration 456  HV  cores 938 885 3  time 322.751 280.139 2523.85
Iteration 457  HV  cores 941 888 3  time 323.027 280.139 2531.14
Iteration 458  HV  cores 944 891 3  time 323.379 280.139 2538.41
Iteration 459  HV  cores 947 894 3  time 323.85 280.139 2545.66
Iteration 460  HV  cores 950 897 3  time 324.042 280.139 2552.89
Iteration 461 MHV  lb 1133775090074 ub 1149239695519  time 324.056 285.985 2552.89
Iteration 462  HV  cores 953 900 3  time 324.515 285.985 2560.28
Iteration 463 MHV  lb 1133775093540 ub 1148614366978  time 324.528 292.029 2560.28
Iteration 464  HV  cores 956 902 3  time 324.664 292.029 2567.66
Iteration 465  HV  cores 959 905 3  time 325.683 292.029 2575.02
Iteration 466  HV  cores 963 909 4  time 326.855 292.029 2582.34
Iteration 467  HV  cores 966 912 3  time 330.041 292.029 2589.63
Iteration 468  HV  cores 969 914 3  time 331.473 292.029 2596.88
Iteration 469 MHV  lb 1133775208954 ub 1147840620721  time 331.487 298.685 2596.88
Iteration 470  HV  cores 972 917 3  time 332.048 298.685 2604.17
Iteration 471  HV  cores 974 919 2  time 332.478 298.685 2611.44
Iteration 472  HV  cores 977 922 3  time 332.885 298.685 2618.71
Iteration 473  HV  cores 980 924 3  time 333.085 298.685 2625.95
Iteration 474  HV  cores 983 927 3  time 333.353 298.685 2633.18
Iteration 475  HV  cores 984 928 1  time 333.782 298.685 2640.41
Iteration 476 MHV  lb 1133775275109 ub 1147840620530  time 333.795 305.379 2640.41
Iteration 477  HV  cores 987 931 3  time 335.021 305.379 2647.87
Iteration 478 MHV  lb 1133775446600 ub 1147252083648  time 335.035 315.364 2647.87
Iteration 479  HV  cores 990 934 3  time 335.196 315.364 2655.33
Iteration 480  HV  cores 993 937 3  time 336.004 315.364 2662.74
Iteration 481  HV  cores 996 940 3  time 337.674 315.364 2670.09
Iteration 482  HV  cores 999 943 3  time 338.3 315.364 2677.41
Iteration 483  HV  cores 1002 946 3  time 339.489 315.364 2684.7
Iteration 484 MHV  lb 1133775453444 ub 1146493826508  time 339.503 325.102 2684.7
Iteration 485  HV  cores 1005 949 3  time 339.828 325.102 2691.98
Iteration 486  HV  cores 1008 952 3  time 340.693 325.102 2699.23
Iteration 487  HV  cores 1011 954 3  time 340.86 325.102 2706.49
Iteration 488  HV  cores 1013 954 2  time 341.043 325.102 2713.72
Iteration 489  HV  cores 1016 957 3  time 341.239 325.102 2720.95
Iteration 490 MHV  lb 1133775490731 ub 1146493826494  time 341.253 331.571 2720.95
Iteration 491  HV  cores 1019 960 3  time 342.153 331.571 2728.35
Iteration 492 MHV  lb 1133775722192 ub 1146491576153  time 342.167 341.468 2728.35
Iteration 493  HV  cores 1022 963 3  time 342.545 341.468 2735.71
Iteration 494  HV  cores 1025 966 3  time 344.242 341.468 2742.99
Iteration 495  HV  cores 1028 969 3  time 345.366 341.468 2750.25
Iteration 496  HV  cores 1031 972 3  time 346.038 341.468 2757.5
Iteration 497 MHV  lb 1133775745484 ub 1146490757578  time 346.051 349.347 2757.5
Iteration 498  HV  cores 1034 974 3  time 346.413 349.347 2764.95
Iteration 499  HV  cores 1037 976 3  time 346.916 349.347 2772.36
Iteration 500  HV  cores 1040 979 3  time 347.584 349.347 2779.76
Iteration 501  HV  cores 1043 982 3  time 347.971 349.347 2787.14
Iteration 502  HV  cores 1046 985 3  time 348.737 349.347 2794.5
Iteration 503  HV  cores 1049 987 3  time 349.122 349.347 2801.8
Iteration 504  HV  cores 1052 990 3  time 349.256 349.347 2809.1
Iteration 505  HV  cores 1055 993 3  time 349.933 349.347 2816.38
Iteration 506  HV  cores 1058 996 3  time 350.241 349.347 2823.63
Iteration 507  HV  cores 1061 999 3  time 350.786 349.347 2830.9
Iteration 508 MHV  lb 1133775894112 ub 1146490757385  time 350.799 357.208 2830.9
Iteration 509  HV  cores 1064 1002 3  time 351.483 357.208 2838.41
Iteration 510 MHV  lb 1133775898448 ub 1146478035459  time 351.497 365.223 2838.41
Iteration 511  HV  cores 1067 1005 3  time 352.027 365.223 2845.88
Iteration 512  HV  cores 1070 1008 3  time 352.978 365.223 2853.28
