lb 7023198122937 ub 512409557603043100 before adjustment
lb 0 ub 512402534404920163 after adjustment
costs ready
ub 10828464363126 after 2nd adjustment
53 variables 1431 functions 7023198122937 lb, 10828464363126 ub
Iteration 0  HV  cores 11 11 11  time 4.02602 0 0.072579
Iteration 1 MHV  lb 7023198254245 ub 17851662486062  time 4.05173 1.18166 0.072579
Iteration 2  HV  cores 21 21 10  time 9.09597 1.18166 0.753765
Iteration 3 MHV  lb 7023198267951 ub 11620134859956  time 9.11823 2.49206 0.753765
Iteration 4  HV  cores 31 31 10  time 16.6293 2.49206 17.9754
Iteration 5 MHV  lb 7023198312266 ub 9721046676421  time 16.6523 3.87274 17.9754
Iteration 6  HV  cores 40 40 9  time 21.0087 3.87274 39.2571
Iteration 7 MHV  lb 7023198473420 ub 8185033700066  time 21.0313 5.30169 39.2571
Iteration 8  HV  cores 48 48 8  time 23.7837 5.30169 61.5572
Iteration 9  HV  cores 53 53 5  time 26.0553 5.30169 84.0466
Iteration 10 MHV  lb 7023198564206 ub 7426935060946  time 26.0787 6.80753 84.0466
Iteration 11  HV  cores 61 61 8  time 30.2454 6.80753 106.886
Iteration 12  HV  cores 65 65 4  time 34.1441 6.80753 129.574
Iteration 13 MHV  lb 7023203555502 ub 7171660971606  time 34.1686 8.33765 129.574
Iteration 14  HV  cores 73 73 8  time 36.729 8.33765 152.443
Iteration 15 MHV  lb 7023203556162 ub 7171186060269  time 36.7522 9.91114 152.443
Iteration 16  HV  cores 81 81 8  time 38.8794 9.91114 175.619
Iteration 17  HV  cores 84 84 3  time 44.3749 9.91114 198.487
Iteration 18  HV  cores 86 86 2  time 47.0396 9.91114 221.382
Iteration 19  HV  cores 87 87 1  time 47.9804 9.91114 244.213
Iteration 20  HV  cores 88 88 1  time 48.4599 9.91114 267.022
Iteration 21  HV  cores 89 89 1  time 48.5567 9.91114 289.841
Iteration 22  HV  cores 90 90 1  time 49.4577 9.91114 312.665
Iteration 23  HV  cores 91 91 1  time 50.7678 9.91114 335.536
Iteration 24  HV  cores 92 92 1  time 52.533 9.91114 358.327
Iteration 25  HV  cores 93 93 1  time 53.4653 9.91114 381.234
Iteration 26  HV  cores 94 94 1  time 54.3544 9.91114 404.103
Iteration 27  HV  cores 95 95 1  time 54.8798 9.91114 427.108
Iteration 28 MHV  lb 7023203733833 ub 7073016893413  time 54.9026 11.4692 427.108
Iteration 29  HV  cores 102 102 7  time 56.815 11.4692 450.351
Iteration 30  HV  cores 104 104 2  time 63.2274 11.4692 473.949
Iteration 31  HV  cores 106 106 2  time 65.9208 11.4692 497.61
Iteration 32  HV  cores 109 109 3  time 67.7651 11.4692 521.211
Iteration 33  HV  cores 113 113 4  time 70.6279 11.4692 544.52
Iteration 34  HV  cores 119 119 6  time 73.2797 11.4692 567.852
Iteration 35  HV  cores 123 123 4  time 74.4223 11.4692 591.123
Iteration 36  HV  cores 127 126 4  time 75.569 11.4692 614.494
Iteration 37  HV  cores 132 131 5  time 80.1968 11.4692 638.377
Iteration 38  HV  cores 136 135 4  time 81.9996 11.4692 661.98
Iteration 39  HV  cores 140 139 4  time 83.9638 11.4692 685.449
Iteration 40  HV  cores 145 144 5  time 86.8167 11.4692 708.943
Iteration 41  HV  cores 150 149 5  time 88.2788 11.4692 732.455
Iteration 42  HV  cores 155 154 5  time 89.6877 11.4692 755.853
Iteration 43  HV  cores 159 158 4  time 90.9715 11.4692 779.18
Iteration 44  HV  cores 163 162 4  time 92.1977 11.4692 802.624
Iteration 45  HV  cores 167 166 4  time 94.3187 11.4692 825.983
Iteration 46  HV  cores 172 171 5  time 97.1537 11.4692 849.372
Iteration 47  HV  cores 176 175 4  time 98.7018 11.4692 872.763
Iteration 48  HV  cores 177 176 1  time 100.359 11.4692 896.214
Iteration 49  HV  cores 179 178 2  time 100.867 11.4692 919.662
Iteration 50  HV  cores 180 179 1  time 101.29 11.4692 943.161
Iteration 51  HV  cores 184 183 4  time 106.262 11.4692 967.13
Iteration 52 MHV  lb 7023203849222 ub 7073016893412  time 106.286 13.1206 967.13
Iteration 53  HV  cores 192 191 8  time 112.778 13.1206 990.647
Iteration 54 MHV  lb 7023203924399 ub 7071989470322  time 112.807 14.8771 990.647
Iteration 55  HV  cores 199 198 7  time 115.104 14.8771 1014.2
Iteration 56 MHV  lb 7023203924600 ub 7071875528169  time 115.128 16.6724 1014.2
Iteration 57  HV  cores 205 204 6  time 117.612 16.6724 1037.86
Iteration 58 MHV  lb 7023203941555 ub 7071074775773  time 117.636 18.59 1037.86
Iteration 59  HV  cores 212 211 7  time 120.296 18.59 1061.39
Iteration 60 MHV  lb 7023203943857 ub 7071074750081  time 120.32 20.4073 1061.39
Iteration 61  HV  cores 218 217 6  time 121.917 20.4073 1085.03
Iteration 62  HV  cores 226 225 8  time 124.714 20.4073 1108.72
Iteration 63  HV  cores 232 231 6  time 127.145 20.4073 1132.41
Iteration 64  HV  cores 237 236 5  time 130.114 20.4073 1156.02
Iteration 65  HV  cores 243 242 6  time 131.448 20.4073 1179.63
Iteration 66  HV  cores 250 249 7  time 135.14 20.4073 1203.36
Iteration 67  HV  cores 256 255 6  time 137.411 20.4073 1226.98
Iteration 68  HV  cores 261 260 5  time 138.446 20.4073 1250.64
Iteration 69  HV  cores 265 264 4  time 139.618 20.4073 1274.22
Iteration 70  HV  cores 267 266 2  time 141.133 20.4073 1297.81
Iteration 71 MHV  lb 7023203952829 ub 7071074750080  time 141.157 22.198 1297.81
Iteration 72  HV  cores 273 272 6  time 143.24 22.198 1321.29
Iteration 73 MHV  lb 7023203953067 ub 7066359058523  time 143.264 24.1011 1321.29
Iteration 74  HV  cores 279 278 6  time 151.18 24.1011 1344.75
Iteration 75 MHV  lb 7023203959776 ub 7066315782071  time 151.208 25.9378 1344.75
Iteration 76  HV  cores 285 284 6  time 153.669 25.9378 1368.18
Iteration 77  HV  cores 292 291 7  time 158.935 25.9378 1391.54
Iteration 78  HV  cores 297 296 5  time 160.696 25.9378 1415.75
Iteration 79  HV  cores 303 302 6  time 162.035 25.9378 1439.2
Iteration 80  HV  cores 308 307 5  time 163.02 25.9378 1462.69
Iteration 81  HV  cores 313 312 5  time 164.052 25.9378 1486.96
Iteration 82  HV  cores 318 317 5  time 165.064 25.9378 1510.46
Iteration 83  HV  cores 323 322 5  time 165.66 25.9378 1534.71
Iteration 84  HV  cores 329 328 6  time 166.85 25.9378 1558.07
Iteration 85  HV  cores 334 333 5  time 167.497 25.9378 1581.44
Iteration 86  HV  cores 340 339 6  time 169.552 25.9378 1604.83
Iteration 87  HV  cores 347 346 7  time 173.974 25.9378 1628.21
Iteration 88  HV  cores 353 351 6  time 176.966 25.9378 1652.44
Iteration 89  HV  cores 358 355 5  time 178.035 25.9378 1675.84
Iteration 90  HV  cores 363 360 5  time 180.354 25.9378 1700.06
Iteration 91  HV  cores 369 366 6  time 182.772 25.9378 1723.45
Iteration 92  HV  cores 375 372 6  time 184.604 25.9378 1746.86
Iteration 93  HV  cores 380 377 5  time 186.095 25.9378 1770.26
Iteration 94  HV  cores 385 381 5  time 187.212 25.9378 1793.71
Iteration 95  HV  cores 391 387 6  time 188.145 25.9378 1817.9
Iteration 96  HV  cores 397 393 6  time 189.682 25.9378 1841.3
Iteration 97  HV  cores 402 398 5  time 190.992 25.9378 1864.69
Iteration 98  HV  cores 407 403 5  time 192.005 25.9378 1888.1
Iteration 99  HV  cores 412 408 5  time 194.483 25.9378 1911.5
Iteration 100  HV  cores 417 413 5  time 195.546 25.9378 1934.9
Iteration 101  HV  cores 422 417 5  time 196.422 25.9378 1958.36
Iteration 102  HV  cores 424 419 2  time 202.679 25.9378 1981.91
Iteration 103  HV  cores 425 420 1  time 202.843 25.9378 2005.47
Iteration 104  HV  cores 427 422 2  time 203.319 25.9378 2029.02
Iteration 105  HV  cores 428 423 1  time 203.738 25.9378 2052.65
Iteration 106  HV  cores 432 427 4  time 205.756 25.9378 2076.22
Iteration 107  HV  cores 434 429 2  time 206.56 25.9378 2099.66
Iteration 108  HV  cores 437 432 3  time 207.217 25.9378 2123.09
Iteration 109  HV  cores 439 434 2  time 208.518 25.9378 2146.66
Iteration 110  HV  cores 444 439 5  time 209.507 25.9378 2170.24
Iteration 111  HV  cores 446 441 2  time 211.817 25.9378 2193.74
Iteration 112  HV  cores 449 444 3  time 212.35 25.9378 2217.26
Iteration 113  HV  cores 451 446 2  time 212.78 25.9378 2240.79
Iteration 114  HV  cores 454 449 3  time 213.48 25.9378 2264.28
Iteration 115  HV  cores 456 451 2  time 214.722 25.9378 2287.96
Iteration 116  HV  cores 458 453 2  time 215.182 25.9378 2311.58
Iteration 117  HV  cores 459 454 1  time 215.256 25.9378 2335.26
Iteration 118  HV  cores 460 455 1  time 215.367 25.9378 2358.87
Iteration 119  HV  cores 462 457 2  time 216.472 25.9378 2382.57
Iteration 120  HV  cores 463 458 1  time 217.002 25.9378 2406.18
Iteration 121  HV  cores 465 460 2  time 217.55 25.9378 2429.86
Iteration 122  HV  cores 467 462 2  time 218.974 25.9378 2453.54
Iteration 123  HV  cores 470 465 3  time 220.505 25.9378 2477.23
Iteration 124  HV  cores 472 467 2  time 221.12 25.9378 2500.93
Iteration 125  HV  cores 473 468 1  time 221.64 25.9378 2524.58
Iteration 126  HV  cores 477 472 4  time 222.422 25.9378 2548.24
Iteration 127  HV  cores 479 474 2  time 222.85 25.9378 2571.92
Iteration 128  HV  cores 484 479 5  time 224.574 25.9378 2595.94
Iteration 129  HV  cores 490 485 6  time 227.114 25.9378 2619.79
Iteration 130  HV  cores 491 486 1  time 227.184 25.9378 2643.46
Iteration 131  HV  cores 493 488 2  time 227.949 25.9378 2667.75
Iteration 132  HV  cores 496 491 3  time 229.456 25.9378 2691.35
Iteration 133  HV  cores 498 493 2  time 230.077 25.9378 2715.06
Iteration 134  HV  cores 501 496 3  time 231.229 25.9378 2738.76
Iteration 135  HV  cores 502 497 1  time 231.314 25.9378 2762.37
Iteration 136  HV  cores 505 500 3  time 232.035 25.9378 2785.98
Iteration 137  HV  cores 509 504 4  time 234.367 25.9378 2809.6
Iteration 138  HV  cores 513 508 4  time 236.553 25.9378 2833.22
Iteration 139  HV  cores 517 512 4  time 238.236 25.9378 2857.22
Iteration 140  HV  cores 519 514 2  time 239.894 25.9378 2881.01
Iteration 141  HV  cores 521 516 2  time 241.36 25.9378 2904.8
Iteration 142  HV  cores 525 520 4  time 242.623 25.9378 2928.61
Iteration 143  HV  cores 528 523 3  time 243.08 25.9378 2952.41
Iteration 144  HV  cores 530 525 2  time 243.484 25.9378 2976.21
Iteration 145  HV  cores 533 528 3  time 243.973 25.9378 3000.21
Iteration 146  HV  cores 535 530 2  time 244.526 25.9378 3024.03
Iteration 147  HV  cores 539 534 4  time 245.646 25.9378 3048.04
Iteration 148  HV  cores 543 538 4  time 246.465 25.9378 3071.87
Iteration 149  HV  cores 547 542 4  time 252.262 25.9378 3095.51
Iteration 150  HV  cores 549 544 2  time 253.455 25.9378 3119.15
Iteration 151  HV  cores 552 547 3  time 254.656 25.9378 3142.79
Iteration 152  HV  cores 556 551 4  time 257.661 25.9378 3166.44
Iteration 153  HV  cores 557 552 1  time 257.951 25.9378 3190.29
Iteration 154  HV  cores 560 555 3  time 259.454 25.9378 3213.93
Iteration 155  HV  cores 563 558 3  time 260.73 25.9378 3237.6
Iteration 156  HV  cores 565 560 2  time 261.351 25.9378 3261.26
Iteration 157  HV  cores 568 563 3  time 261.879 25.9378 3285.03
