lb 13533668743544 ub 512409557603043100 before adjustment
lb 0 ub 512396023934299556 after adjustment
costs ready
ub 12339212645603 after 2nd adjustment
65 variables 2138 functions 13533668743544 lb, 12339212645603 ub
Iteration 0  HV  cores 5 5 5  time 13.2534 0 0.269679
Iteration 1 MHV  lb 13533668743549 ub 25872881389146  time 13.349 5.06438 0.269679
Iteration 2  HV  cores 8 8 3  time 29.6201 5.06438 2.88585
Iteration 3 MHV  lb 13533668745846 ub 18836795819348  time 29.7029 10.624 2.88585
Iteration 4  HV  cores 13 13 5  time 62.7234 10.624 296.816
Iteration 5 MHV  lb 13533669021651 ub 17228624445156  time 62.8056 16.3872 296.816
Iteration 6  HV  cores 15 15 2  time 68.2197 16.3872 652.812
Iteration 7  HV  cores 17 17 2  time 80.5879 16.3872 1003.59
Iteration 8 MHV  lb 13533669023413 ub 15759407565940  time 80.6703 22.2259 1003.59
Iteration 9  HV  cores 20 20 3  time 101.393 22.2259 1367.4
Iteration 10  HV  cores 23 23 3  time 129.639 22.2259 1734.32
Iteration 11 MHV  lb 13533669027563 ub 15018803840001  time 129.723 28.0202 1734.32
Iteration 12  HV  cores 27 27 4  time 139.466 28.0202 2101.06
Iteration 13 MHV  lb 13533669028372 ub 15003611351235  time 139.551 33.9741 2101.06
Iteration 14  HV  cores 31 31 4  time 155.477 33.9741 2470.19
Iteration 15  HV  cores 32 32 1  time 158.792 33.9741 2832.91
