lb 12892682042706 ub 512409557603043100 before adjustment
lb 0 ub 512396664921000394 after adjustment
costs ready
ub 12887057437736 after 2nd adjustment
72 variables 2627 functions 12892682042706 lb, 12887057437736 ub
Iteration 0  HV  cores 6 6 6  time 4.56555 0 2.53648
Iteration 1  HV  cores 12 12 6  time 9.96536 0 5.43707
Iteration 2  HV  cores 18 18 6  time 18.2566 0 8.3264
Iteration 3  HV  cores 23 23 5  time 20.8175 0 11.2786
Iteration 4  HV  cores 29 29 6  time 28.2413 0 14.3082
Iteration 5  HV  cores 34 34 5  time 31.5406 0 17.3238
Iteration 6  HV  cores 39 39 5  time 34.9177 0 20.3788
Iteration 7  HV  cores 45 45 6  time 38.7491 0 23.4355
Iteration 8  HV  cores 50 50 5  time 53.3815 0 26.551
Iteration 9  HV  cores 55 55 5  time 58.7804 0 29.734
Iteration 10  HV  cores 61 61 6  time 65.7214 0 32.9723
Iteration 11  HV  cores 68 68 7  time 70.9334 0 36.332
Iteration 12  HV  cores 75 75 7  time 77.1795 0 39.727
Iteration 13  HV  cores 82 82 7  time 86.1224 0 43.1563
Iteration 14  HV  cores 88 88 6  time 90.1525 0 46.5745
Iteration 15  HV  cores 93 93 5  time 106.585 0 50.0006
Iteration 16  HV  cores 98 98 5  time 119.171 0 53.2665
Iteration 17  HV  cores 101 101 3  time 123.208 0 56.5548
Iteration 18  HV  cores 106 106 5  time 129.575 0 59.9304
Iteration 19  HV  cores 112 112 6  time 134.455 0 63.3489
Iteration 20  HV  cores 119 119 7  time 142.647 0 66.7675
Iteration 21  HV  cores 126 126 7  time 147.454 0 70.2315
Iteration 22  HV  cores 133 133 7  time 168.131 0 73.7502
Iteration 23  HV  cores 139 139 6  time 173.317 0 77.2442
Iteration 24  HV  cores 145 145 6  time 178.13 0 80.7379
Iteration 25  HV  cores 151 150 6  time 186.745 0 84.3589
Iteration 26  HV  cores 156 155 5  time 190.428 0 88.0223
Iteration 27  HV  cores 160 159 4  time 193.05 0 91.685
Iteration 28  HV  cores 166 165 6  time 200.717 0 95.3378
Iteration 29  HV  cores 170 169 4  time 203.597 0 98.9918
Iteration 30  HV  cores 175 174 5  time 208.357 0 102.654
Iteration 31  HV  cores 182 181 7  time 218.098 0 106.297
Iteration 32  HV  cores 186 185 4  time 221.947 0 109.956
Iteration 33  HV  cores 191 190 5  time 227.274 0 113.615
Iteration 34  HV  cores 196 195 5  time 244.889 0 117.252
Iteration 35  HV  cores 202 201 6  time 250.184 0 120.909
Iteration 36  HV  cores 206 205 4  time 253.367 0 124.632
Iteration 37  HV  cores 212 211 6  time 262.486 0 128.357
Iteration 38  HV  cores 216 215 4  time 265.802 0 132.107
Iteration 39  HV  cores 221 220 5  time 273.93 0 135.89
Iteration 40  HV  cores 226 225 5  time 279.092 0 139.649
Iteration 41  HV  cores 231 230 5  time 286.306 0 143.43
Iteration 42  HV  cores 236 235 5  time 289.244 0 147.201
Iteration 43  HV  cores 242 241 6  time 295.245 0 150.995
Iteration 44  HV  cores 248 247 6  time 300.006 0 154.797
Iteration 45  HV  cores 254 253 6  time 307.348 0 158.552
Iteration 46  HV  cores 260 259 6  time 312.216 0 162.298
Iteration 47  HV  cores 266 265 6  time 338.243 0 166.05
Iteration 48  HV  cores 272 271 6  time 346.369 0 169.818
Iteration 49  HV  cores 278 277 6  time 351.524 0 173.594
Iteration 50  HV  cores 284 283 6  time 357.449 0 177.347
Iteration 51  HV  cores 289 288 5  time 360.122 0 181.153
Iteration 52  HV  cores 296 295 7  time 365.32 0 184.974
Iteration 53  HV  cores 302 301 6  time 369.738 0 188.785
Iteration 54  HV  cores 308 307 6  time 377.749 0 192.642
Iteration 55  HV  cores 313 312 5  time 381.155 0 196.493
Iteration 56  HV  cores 318 317 5  time 390.985 0 200.297
Iteration 57  HV  cores 323 322 5  time 394.09 0 204.132
Iteration 58  HV  cores 328 327 5  time 397.825 0 208.008
Iteration 59  HV  cores 333 332 5  time 401.825 0 211.907
Iteration 60  HV  cores 339 338 6  time 407.187 0 215.794
Iteration 61  HV  cores 345 344 6  time 411.927 0 219.712
Iteration 62  HV  cores 351 350 6  time 416.372 0 223.649
Iteration 63  HV  cores 356 355 5  time 422.574 0 227.617
Iteration 64  HV  cores 362 361 6  time 439.929 0 231.533
Iteration 65  HV  cores 367 366 5  time 446.43 0 235.528
Iteration 66  HV  cores 373 372 6  time 451.697 0 239.513
Iteration 67  HV  cores 379 378 6  time 458.79 0 243.507
Iteration 68  HV  cores 384 383 5  time 461.681 0 247.477
Iteration 69  HV  cores 390 389 6  time 476.741 0 251.404
Iteration 70  HV  cores 395 394 5  time 479.227 0 255.393
Iteration 71  HV  cores 400 399 5  time 483.001 0 259.455
Iteration 72  HV  cores 405 404 5  time 490.951 0 263.57
Iteration 73  HV  cores 410 409 5  time 493.676 0 267.627
Iteration 74  HV  cores 414 413 4  time 495.681 0 271.692
Iteration 75  HV  cores 418 417 4  time 496.971 0 275.75
Iteration 76  HV  cores 422 421 4  time 498.997 0 279.74
Iteration 77  HV  cores 428 427 6  time 503.977 0 283.838
Iteration 78  HV  cores 434 433 6  time 509.779 0 287.929
Iteration 79  HV  cores 441 440 7  time 516.723 0 291.963
Iteration 80  HV  cores 446 445 5  time 520.805 0 296.009
Iteration 81  HV  cores 451 450 5  time 524.69 0 300.049
Iteration 82  HV  cores 455 454 4  time 528.042 0 304.101
Iteration 83  HV  cores 459 458 4  time 529.919 0 308.17
Iteration 84  HV  cores 465 464 6  time 537.345 0 312.244
Iteration 85  HV  cores 472 471 7  time 543.621 0 316.358
Iteration 86  HV  cores 477 476 5  time 564.869 0 320.42
Iteration 87  HV  cores 482 481 5  time 568.034 0 324.494
Iteration 88  HV  cores 487 486 5  time 570.791 0 328.625
Iteration 89  HV  cores 492 491 5  time 574.598 0 332.786
Iteration 90  HV  cores 498 497 6  time 579.785 0 336.978
Iteration 91  HV  cores 504 503 6  time 587.122 0 341.085
Iteration 92  HV  cores 510 509 6  time 592.027 0 345.21
Iteration 93  HV  cores 515 514 5  time 595.375 0 349.308
Iteration 94  HV  cores 520 519 5  time 603.118 0 353.467
Iteration 95  HV  cores 526 525 6  time 608.894 0 357.646
Iteration 96  HV  cores 531 530 5  time 612.586 0 361.762
Iteration 97  HV  cores 537 536 6  time 617.098 0 365.936
Iteration 98  HV  cores 543 541 6  time 621.149 0 370.055
Iteration 99  HV  cores 549 547 6  time 624.647 0 374.258
Iteration 100  HV  cores 555 553 6  time 631.549 0 378.415
Iteration 101  HV  cores 561 559 6  time 640.203 0 382.556
Iteration 102  HV  cores 566 564 5  time 649.135 0 386.677
Iteration 103  HV  cores 572 570 6  time 652.55 0 390.82
Iteration 104  HV  cores 577 575 5  time 657.654 0 394.956
Iteration 105  HV  cores 583 581 6  time 663.812 0 399.126
Iteration 106  HV  cores 588 586 5  time 670.838 0 403.283
Iteration 107  HV  cores 594 592 6  time 677.452 0 407.46
Iteration 108  HV  cores 600 598 6  time 680.255 0 411.653
Iteration 109  HV  cores 606 604 6  time 685.815 0 415.851
Iteration 110  HV  cores 612 610 6  time 689.726 0 420.049
Iteration 111  HV  cores 617 615 5  time 694.862 0 424.261
Iteration 112  HV  cores 623 621 6  time 713.399 0 428.481
Iteration 113  HV  cores 629 627 6  time 717.953 0 432.718
Iteration 114  HV  cores 633 631 4  time 724.464 0 436.938
Iteration 115  HV  cores 639 637 6  time 731.681 0 441.176
Iteration 116  HV  cores 644 642 5  time 735.182 0 445.41
Iteration 117  HV  cores 650 648 6  time 740.373 0 449.656
Iteration 118  HV  cores 656 654 6  time 748.454 0 453.919
Iteration 119  HV  cores 662 660 6  time 754.529 0 458.206
Iteration 120  HV  cores 667 665 5  time 758.09 0 462.532
Iteration 121  HV  cores 673 671 6  time 764.951 0 466.833
Iteration 122  HV  cores 679 677 6  time 769.279 0 471.15
Iteration 123  HV  cores 685 683 6  time 772.85 0 475.483
Iteration 124  HV  cores 691 689 6  time 778.365 0 479.793
Iteration 125  HV  cores 697 695 6  time 781.699 0 484.119
Iteration 126  HV  cores 702 700 5  time 787.844 0 488.448
Iteration 127  HV  cores 708 706 6  time 790.993 0 492.794
Iteration 128  HV  cores 713 711 5  time 796.19 0 497.186
Iteration 129  HV  cores 718 716 5  time 799.135 0 501.552
Iteration 130  HV  cores 723 721 5  time 803.505 0 505.98
Iteration 131  HV  cores 728 726 5  time 808.557 0 510.366
Iteration 132  HV  cores 733 731 5  time 813.722 0 514.747
Iteration 133  HV  cores 738 736 5  time 817.897 0 519.139
Iteration 134  HV  cores 745 743 7  time 823.165 0 523.51
Iteration 135  HV  cores 751 749 6  time 828.214 0 527.879
Iteration 136  HV  cores 756 754 5  time 834.133 0 532.284
Iteration 137  HV  cores 761 759 5  time 837.455 0 536.683
Iteration 138  HV  cores 766 764 5  time 842.323 0 541.184
Iteration 139  HV  cores 770 767 4  time 844.819 0 545.629
Iteration 140  HV  cores 774 771 4  time 849.493 0 550
Iteration 141  HV  cores 780 777 6  time 853.67 0 554.414
Iteration 142  HV  cores 786 783 6  time 857.141 0 558.863
Iteration 143  HV  cores 791 788 5  time 877.306 0 563.305
Iteration 144  HV  cores 796 793 5  time 881.293 0 567.695
Iteration 145  HV  cores 801 798 5  time 885.848 0 572.123
Iteration 146  HV  cores 806 803 5  time 888.534 0 576.565
Iteration 147  HV  cores 811 808 5  time 893.323 0 580.991
Iteration 148  HV  cores 815 812 4  time 894.612 0 585.446
Iteration 149  HV  cores 820 817 5  time 896.234 0 589.928
Iteration 150  HV  cores 825 822 5  time 899.042 0 594.376
Iteration 151  HV  cores 830 827 5  time 903.035 0 598.833
Iteration 152  HV  cores 835 832 5  time 906.464 0 603.345
Iteration 153  HV  cores 840 837 5  time 908.649 0 607.856
Iteration 154  HV  cores 845 842 5  time 911.129 0 612.349
Iteration 155  HV  cores 851 848 6  time 914.159 0 616.812
Iteration 156  HV  cores 855 852 4  time 916.449 0 621.273
Iteration 157  HV  cores 861 858 6  time 921.043 0 625.732
Iteration 158  HV  cores 866 863 5  time 925.347 0 630.204
Iteration 159  HV  cores 869 866 3  time 928.39 0 634.713
Iteration 160  HV  cores 875 872 6  time 930.545 0 639.206
Iteration 161  HV  cores 880 877 5  time 935.992 0 643.707
Iteration 162  HV  cores 887 884 7  time 942.449 0 648.267
Iteration 163  HV  cores 892 889 5  time 946.628 0 652.798
Iteration 164  HV  cores 898 895 6  time 951.703 0 657.339
Iteration 165  HV  cores 903 900 5  time 956.015 0 661.852
Iteration 166  HV  cores 908 905 5  time 960.076 0 666.363
Iteration 167  HV  cores 913 910 5  time 961.932 0 670.889
Iteration 168  HV  cores 918 915 5  time 965.579 0 675.431
Iteration 169  HV  cores 923 920 5  time 967.077 0 679.991
Iteration 170  HV  cores 929 926 6  time 970.117 0 684.543
Iteration 171  HV  cores 933 930 4  time 973.336 0 689.146
Iteration 172  HV  cores 938 935 5  time 977.652 0 693.76
Iteration 173  HV  cores 943 940 5  time 981.188 0 698.363
Iteration 174  HV  cores 948 945 5  time 984.033 0 702.983
Iteration 175  HV  cores 954 951 6  time 992.462 0 707.578
Iteration 176  HV  cores 961 958 7  time 995.19 0 712.17
Iteration 177  HV  cores 966 963 5  time 998.232 0 716.81
Iteration 178  HV  cores 971 968 5  time 1005.59 0 721.485
Iteration 179  HV  cores 975 972 4  time 1008.98 0 726.088
Iteration 180  HV  cores 979 976 4  time 1012.49 0 730.739
Iteration 181  HV  cores 983 980 4  time 1016.41 0 735.405
Iteration 182  HV  cores 987 984 4  time 1018.68 0 740.038
Iteration 183  HV  cores 992 989 5  time 1023.43 0 744.744
Iteration 184  HV  cores 997 994 5  time 1028.66 0 749.359
Iteration 185  HV  cores 1002 999 5  time 1033.31 0 753.969
Iteration 186  HV  cores 1007 1003 5  time 1037.23 0 758.625
Iteration 187  HV  cores 1012 1008 5  time 1044.32 0 763.364
Iteration 188  HV  cores 1017 1013 5  time 1050.8 0 768.133
Iteration 189  HV  cores 1022 1018 5  time 1054.91 0 772.835
Iteration 190  HV  cores 1027 1023 5  time 1058.44 0 777.607
Iteration 191  HV  cores 1032 1028 5  time 1063.07 0 782.357
Iteration 192  HV  cores 1038 1034 6  time 1069.49 0 787.094
Iteration 193  HV  cores 1043 1039 5  time 1077.36 0 791.806
Iteration 194  HV  cores 1049 1045 6  time 1081.31 0 796.577
Iteration 195  HV  cores 1054 1050 5  time 1098.33 0 801.333
Iteration 196  HV  cores 1060 1056 6  time 1104.6 0 806.077
Iteration 197  HV  cores 1065 1061 5  time 1107.32 0 810.849
Iteration 198  HV  cores 1071 1067 6  time 1111.69 0 815.642
Iteration 199  HV  cores 1076 1072 5  time 1114.93 0 820.422
Iteration 200  HV  cores 1082 1078 6  time 1118.83 0 825.254
Iteration 201  HV  cores 1085 1081 3  time 1120.97 0 830.181
Iteration 202  HV  cores 1090 1086 5  time 1123.33 0 835.015
Iteration 203  HV  cores 1095 1091 5  time 1127.81 0 839.869
Iteration 204  HV  cores 1100 1096 5  time 1131.23 0 844.712
Iteration 205  HV  cores 1104 1100 4  time 1135.76 0 849.618
Iteration 206  HV  cores 1108 1104 4  time 1138.83 0 854.584
Iteration 207  HV  cores 1113 1109 5  time 1145.14 0 859.59
Iteration 208  HV  cores 1119 1115 6  time 1150.29 0 864.451
Iteration 209  HV  cores 1124 1120 5  time 1156.35 0 869.378
Iteration 210  HV  cores 1128 1124 4  time 1160.2 0 874.263
Iteration 211  HV  cores 1134 1130 6  time 1165.9 0 879.167
Iteration 212  HV  cores 1139 1135 5  time 1170.1 0 884.045
Iteration 213  HV  cores 1144 1140 5  time 1175.38 0 888.93
Iteration 214  HV  cores 1149 1145 5  time 1182.4 0 893.863
Iteration 215  HV  cores 1154 1150 5  time 1185.87 0 898.751
Iteration 216  HV  cores 1159 1155 5  time 1191.89 0 903.689
Iteration 217  HV  cores 1163 1159 4  time 1194.33 0 908.689
Iteration 218  HV  cores 1168 1164 5  time 1196.15 0 913.659
Iteration 219  HV  cores 1173 1169 5  time 1200.34 0 918.597
Iteration 220  HV  cores 1178 1174 5  time 1203.66 0 923.575
Iteration 221  HV  cores 1182 1178 4  time 1205.74 0 928.582
Iteration 222  HV  cores 1186 1181 4  time 1207.46 0 933.607
Iteration 223  HV  cores 1191 1186 5  time 1209.16 0 938.672
Iteration 224  HV  cores 1196 1191 5  time 1215.31 0 943.699
Iteration 225  HV  cores 1201 1196 5  time 1218.81 0 948.683
Iteration 226  HV  cores 1205 1200 4  time 1223.79 0 953.664
Iteration 227  HV  cores 1209 1204 4  time 1225.62 0 958.692
Iteration 228  HV  cores 1213 1208 4  time 1232.3 0 963.709
Iteration 229  HV  cores 1218 1213 5  time 1237.32 0 968.711
Iteration 230  HV  cores 1223 1218 5  time 1244.27 0 973.73
Iteration 231  HV  cores 1228 1223 5  time 1247.5 0 978.768
Iteration 232  HV  cores 1234 1229 6  time 1253 0 983.87
Iteration 233  HV  cores 1239 1234 5  time 1256.61 0 988.887
Iteration 234  HV  cores 1245 1240 6  time 1260.1 0 993.953
Iteration 235  HV  cores 1249 1244 4  time 1263.82 0 999.114
Iteration 236  HV  cores 1253 1248 4  time 1268.55 0 1004.17
Iteration 237  HV  cores 1258 1253 5  time 1272.33 0 1009.25
Iteration 238  HV  cores 1262 1257 4  time 1274.45 0 1014.32
Iteration 239  HV  cores 1266 1261 4  time 1276.06 0 1019.43
Iteration 240  HV  cores 1271 1266 5  time 1280.39 0 1024.57
Iteration 241  HV  cores 1276 1270 5  time 1282.43 0 1029.72
Iteration 242  HV  cores 1281 1275 5  time 1285.19 0 1034.97
Iteration 243  HV  cores 1285 1279 4  time 1287.75 0 1040.18
Iteration 244  HV  cores 1290 1284 5  time 1291.17 0 1045.36
Iteration 245  HV  cores 1296 1290 6  time 1293.88 0 1050.47
Iteration 246  HV  cores 1301 1295 5  time 1298.23 0 1055.65
Iteration 247  HV  cores 1307 1301 6  time 1300.79 0 1060.84
Iteration 248  HV  cores 1312 1306 5  time 1304.68 0 1065.97
Iteration 249  HV  cores 1318 1312 6  time 1310.41 0 1071.17
Iteration 250  HV  cores 1324 1318 6  time 1315.01 0 1076.43
Iteration 251  HV  cores 1330 1324 6  time 1319.18 0 1081.69
Iteration 252  HV  cores 1336 1330 6  time 1327.84 0 1086.9
Iteration 253  HV  cores 1342 1336 6  time 1331.98 0 1092.11
Iteration 254  HV  cores 1348 1342 6  time 1335.34 0 1097.27
Iteration 255  HV  cores 1353 1347 5  time 1356.13 0 1102.46
Iteration 256  HV  cores 1358 1352 5  time 1360.44 0 1107.65
Iteration 257  HV  cores 1364 1358 6  time 1364.29 0 1112.8
Iteration 258  HV  cores 1368 1362 4  time 1365.86 0 1118.02
Iteration 259  HV  cores 1373 1367 5  time 1368.86 0 1123.25
Iteration 260  HV  cores 1378 1372 5  time 1372.12 0 1128.37
Iteration 261  HV  cores 1383 1377 5  time 1378.09 0 1133.56
Iteration 262  HV  cores 1388 1382 5  time 1381.67 0 1138.7
Iteration 263  HV  cores 1393 1387 5  time 1386.32 0 1143.89
Iteration 264  HV  cores 1399 1393 6  time 1391.19 0 1149.19
Iteration 265  HV  cores 1404 1398 5  time 1397.77 0 1154.4
Iteration 266  HV  cores 1409 1403 5  time 1400.51 0 1159.67
Iteration 267  HV  cores 1415 1409 6  time 1406.18 0 1164.9
Iteration 268  HV  cores 1421 1415 6  time 1408.95 0 1170.07
Iteration 269  HV  cores 1426 1420 5  time 1412.32 0 1175.24
Iteration 270  HV  cores 1432 1426 6  time 1418.9 0 1180.37
Iteration 271  HV  cores 1437 1431 5  time 1422.22 0 1185.65
Iteration 272  HV  cores 1442 1436 5  time 1425.53 0 1190.85
Iteration 273  HV  cores 1448 1442 6  time 1428.38 0 1196.09
Iteration 274  HV  cores 1453 1447 5  time 1431.3 0 1201.33
Iteration 275  HV  cores 1459 1453 6  time 1434.73 0 1206.52
Iteration 276  HV  cores 1465 1459 6  time 1438.58 0 1211.79
Iteration 277  HV  cores 1471 1465 6  time 1440.96 0 1216.96
Iteration 278  HV  cores 1476 1470 5  time 1445.11 0 1222.21
Iteration 279  HV  cores 1481 1475 5  time 1449.47 0 1227.57
Iteration 280  HV  cores 1486 1480 5  time 1451.59 0 1232.84
Iteration 281  HV  cores 1490 1484 4  time 1454.37 0 1238.25
Iteration 282  HV  cores 1495 1489 5  time 1456.26 0 1243.62
Iteration 283  HV  cores 1501 1495 6  time 1460.31 0 1248.98
Iteration 284  HV  cores 1506 1500 5  time 1465.86 0 1254.33
Iteration 285  HV  cores 1509 1503 3  time 1470.5 0 1259.73
Iteration 286  HV  cores 1514 1508 5  time 1473.45 0 1265.03
Iteration 287  HV  cores 1519 1513 5  time 1479.78 0 1270.28
Iteration 288  HV  cores 1525 1519 6  time 1484.83 0 1275.63
Iteration 289  HV  cores 1531 1525 6  time 1490.66 0 1280.97
Iteration 290  HV  cores 1537 1531 6  time 1496.27 0 1286.28
Iteration 291  HV  cores 1543 1537 6  time 1501.76 0 1291.63
Iteration 292  HV  cores 1548 1542 5  time 1505.5 0 1296.96
Iteration 293  HV  cores 1553 1547 5  time 1510.92 0 1302.28
Iteration 294  HV  cores 1559 1553 6  time 1517.79 0 1307.66
Iteration 295  HV  cores 1563 1557 4  time 1520.49 0 1313.09
Iteration 296  HV  cores 1568 1562 5  time 1526.32 0 1318.4
Iteration 297  HV  cores 1573 1567 5  time 1530.84 0 1323.75
Iteration 298  HV  cores 1578 1572 5  time 1532.94 0 1329.24
Iteration 299  HV  cores 1583 1577 5  time 1536.67 0 1334.67
Iteration 300  HV  cores 1587 1581 4  time 1539.52 0 1340.05
Iteration 301  HV  cores 1592 1586 5  time 1542.52 0 1345.42
Iteration 302  HV  cores 1597 1591 5  time 1546.78 0 1350.81
Iteration 303  HV  cores 1602 1596 5  time 1551.1 0 1356.19
Iteration 304  HV  cores 1607 1601 5  time 1555.74 0 1361.49
Iteration 305  HV  cores 1613 1607 6  time 1559.82 0 1366.86
Iteration 306  HV  cores 1619 1613 6  time 1563.85 0 1372.31
Iteration 307  HV  cores 1624 1618 5  time 1566.85 0 1377.68
Iteration 308  HV  cores 1629 1623 5  time 1569.92 0 1383.14
Iteration 309  HV  cores 1635 1629 6  time 1573.33 0 1388.62
Iteration 310  HV  cores 1640 1634 5  time 1579.28 0 1394.17
Iteration 311  HV  cores 1646 1640 6  time 1585.16 0 1399.65
Iteration 312  HV  cores 1652 1646 6  time 1589.22 0 1405.17
Iteration 313  HV  cores 1656 1650 4  time 1591.18 0 1410.54
Iteration 314  HV  cores 1661 1655 5  time 1593.91 0 1416
Iteration 315  HV  cores 1666 1660 5  time 1597.16 0 1421.48
Iteration 316  HV  cores 1671 1665 5  time 1601.03 0 1426.93
Iteration 317  HV  cores 1675 1669 4  time 1616.83 0 1432.5
Iteration 318  HV  cores 1679 1673 4  time 1620.05 0 1437.91
Iteration 319  HV  cores 1684 1678 5  time 1624.19 0 1443.3
Iteration 320  HV  cores 1689 1683 5  time 1628.1 0 1448.81
Iteration 321  HV  cores 1694 1688 5  time 1632.27 0 1454.23
Iteration 322  HV  cores 1698 1692 4  time 1634.18 0 1459.99
Iteration 323  HV  cores 1702 1696 4  time 1637.09 0 1465.54
Iteration 324  HV  cores 1705 1699 3  time 1639.01 0 1471.16
Iteration 325  HV  cores 1708 1702 3  time 1640.22 0 1476.68
Iteration 326  HV  cores 1713 1707 5  time 1644.63 0 1482.23
Iteration 327  HV  cores 1718 1712 5  time 1647.1 0 1487.67
Iteration 328  HV  cores 1722 1716 4  time 1649.55 0 1493.19
Iteration 329  HV  cores 1726 1720 4  time 1651.44 0 1498.78
Iteration 330  HV  cores 1730 1724 4  time 1654.81 0 1504.28
Iteration 331  HV  cores 1735 1729 5  time 1657.66 0 1509.86
Iteration 332  HV  cores 1738 1732 3  time 1661.04 0 1515.58
Iteration 333  HV  cores 1742 1736 4  time 1663.16 0 1521.13
Iteration 334  HV  cores 1746 1740 4  time 1667.54 0 1526.69
Iteration 335  HV  cores 1750 1744 4  time 1671.35 0 1532.35
Iteration 336  HV  cores 1754 1748 4  time 1674.06 0 1537.95
Iteration 337  HV  cores 1759 1753 5  time 1677.43 0 1543.57
Iteration 338  HV  cores 1763 1757 4  time 1680.06 0 1549.17
Iteration 339  HV  cores 1768 1762 5  time 1683.32 0 1554.83
Iteration 340  HV  cores 1772 1766 4  time 1687.92 0 1560.42
Iteration 341  HV  cores 1777 1771 5  time 1690.91 0 1565.96
Iteration 342  HV  cores 1781 1775 4  time 1694.26 0 1571.68
Iteration 343  HV  cores 1786 1780 5  time 1697.38 0 1577.23
Iteration 344  HV  cores 1791 1785 5  time 1701.45 0 1582.91
Iteration 345  HV  cores 1796 1790 5  time 1703.66 0 1588.56
Iteration 346  HV  cores 1801 1795 5  time 1706.02 0 1594.18
Iteration 347  HV  cores 1806 1800 5  time 1708.06 0 1599.8
Iteration 348  HV  cores 1810 1804 4  time 1711 0 1605.4
Iteration 349  HV  cores 1815 1809 5  time 1715.69 0 1611.03
Iteration 350  HV  cores 1820 1814 5  time 1718.31 0 1616.53
Iteration 351  HV  cores 1823 1817 3  time 1721.19 0 1622.14
Iteration 352  HV  cores 1826 1820 3  time 1722.66 0 1627.81
Iteration 353  HV  cores 1829 1823 3  time 1725.78 0 1633.48
Iteration 354  HV  cores 1834 1828 5  time 1731.41 0 1639.14
Iteration 355  HV  cores 1837 1831 3  time 1735.09 0 1644.77
Iteration 356  HV  cores 1840 1834 3  time 1737.87 0 1650.42
Iteration 357  HV  cores 1844 1838 4  time 1739.1 0 1656.07
Iteration 358  HV  cores 1848 1842 4  time 1741.06 0 1661.69
Iteration 359  HV  cores 1852 1846 4  time 1742.94 0 1667.43
Iteration 360  HV  cores 1856 1850 4  time 1745.5 0 1673.21
Iteration 361  HV  cores 1860 1854 4  time 1746.79 0 1678.93
Iteration 362  HV  cores 1864 1858 4  time 1749.11 0 1684.59
Iteration 363  HV  cores 1868 1862 4  time 1751.07 0 1690.39
Iteration 364  HV  cores 1872 1866 4  time 1753.26 0 1696.1
Iteration 365  HV  cores 1876 1870 4  time 1756.01 0 1701.87
Iteration 366  HV  cores 1879 1873 3  time 1758.71 0 1707.48
Iteration 367  HV  cores 1883 1877 4  time 1761.8 0 1713.19
Iteration 368  HV  cores 1887 1881 4  time 1768.28 0 1718.9
Iteration 369  HV  cores 1891 1885 4  time 1771.01 0 1724.68
Iteration 370  HV  cores 1896 1890 5  time 1774.19 0 1730.41
Iteration 371  HV  cores 1900 1894 4  time 1776.73 0 1736.22
