lb 3750501132637 ub 512409557603043100 before adjustment
lb 0 ub 512405807101910463 after adjustment
costs ready
ub 4962805443793 after 2nd adjustment
29 variables 435 functions 3750501132637 lb, 4962805443793 ub
Iteration 0  HV  cores 4 4 4  time 0.921577 0 0.026571
Iteration 1 MHV  lb 3750501211037 ub 8713306576429  time 0.931 0.409741 0.026571
Iteration 2  HV  cores 9 9 5  time 1.54215 0.409741 0.292073
Iteration 3 MHV  lb 3750501214015 ub 6160117883312  time 1.55026 0.87098 0.292073
Iteration 4  HV  cores 12 12 3  time 1.72801 0.87098 2.86968
Iteration 5  HV  cores 14 14 2  time 1.8775 0.87098 5.43795
Iteration 6 MHV  lb 3750501214138 ub 4882751899998  time 1.88573 1.33876 5.43795
Iteration 7  HV  cores 18 18 4  time 3.80118 1.33876 8.63058
Iteration 8  HV  cores 22 22 4  time 4.6413 1.33876 11.8152
Iteration 9 MHV  lb 3750501314394 ub 4325249991929  time 4.64967 1.81065 11.8152
Iteration 10  HV  cores 26 26 4  time 4.97759 1.81065 15.2006
Iteration 11 MHV  lb 3750501314874 ub 4311880181479  time 4.98595 2.31164 15.2006
Iteration 12  HV  cores 30 29 4  time 5.87442 2.31164 18.6062
Iteration 13  HV  cores 33 32 3  time 9.84509 2.31164 21.9956
Iteration 14 MHV  lb 3750504543729 ub 4021367627344  time 9.8538 2.81232 21.9956
Iteration 15  HV  cores 38 37 5  time 10.8972 2.81232 25.4538
Iteration 16  HV  cores 40 39 2  time 12.4137 2.81232 28.8987
Iteration 17 MHV  lb 3750504660671 ub 3880389566429  time 12.4228 3.30666 28.8987
Iteration 18  HV  cores 44 43 4  time 13.9329 3.30666 32.393
Iteration 19  HV  cores 46 45 2  time 15.3385 3.30666 35.8826
Iteration 20  HV  cores 48 47 2  time 16.584 3.30666 39.3552
Iteration 21 MHV  lb 3750505184522 ub 3781854535179  time 16.5933 3.80985 39.3552
Iteration 22  HV  cores 52 51 4  time 17.2942 3.80985 43.0158
Iteration 23 MHV  lb 3750505253189 ub 3781574654987  time 17.303 4.33961 43.0158
Iteration 24  HV  cores 56 55 4  time 17.8659 4.33961 46.6951
Iteration 25  HV  cores 57 56 1  time 19.1965 4.33961 50.3383
Iteration 26  HV  cores 58 57 1  time 19.6539 4.33961 53.9664
Iteration 27  HV  cores 59 58 1  time 19.7596 4.33961 57.566
Iteration 28 MHV  lb 3750505802427 ub 3779580552985  time 19.7686 4.83444 57.566
Iteration 29  HV  cores 63 62 4  time 20.4116 4.83444 61.2069
Iteration 30  HV  cores 64 63 1  time 20.6673 4.83444 64.8223
Iteration 31  HV  cores 68 67 4  time 21.2845 4.83444 68.4359
Iteration 32  HV  cores 71 70 3  time 23.076 4.83444 72.0355
Iteration 33  HV  cores 74 73 3  time 23.5291 4.83444 75.6387
Iteration 34  HV  cores 77 76 3  time 23.8242 4.83444 79.2407
Iteration 35  HV  cores 80 79 3  time 24.1504 4.83444 82.8001
Iteration 36  HV  cores 83 82 3  time 24.6207 4.83444 86.3802
Iteration 37  HV  cores 86 85 3  time 24.877 4.83444 90.0088
Iteration 38  HV  cores 89 88 3  time 26.0187 4.83444 93.6314
Iteration 39  HV  cores 92 91 3  time 26.8101 4.83444 97.2575
Iteration 40  HV  cores 95 94 3  time 27.4922 4.83444 100.877
Iteration 41  HV  cores 98 97 3  time 27.9006 4.83444 104.498
Iteration 42  HV  cores 101 100 3  time 28.0803 4.83444 108.12
Iteration 43  HV  cores 104 103 3  time 28.2737 4.83444 111.747
Iteration 44  HV  cores 108 106 4  time 28.9924 4.83444 115.39
Iteration 45  HV  cores 111 109 3  time 29.3278 4.83444 119.036
Iteration 46  HV  cores 115 112 4  time 29.6547 4.83444 122.685
Iteration 47  HV  cores 118 113 3  time 29.8323 4.83444 126.332
Iteration 48  HV  cores 121 116 3  time 30.1543 4.83444 129.988
Iteration 49  HV  cores 124 116 3  time 30.3295 4.83444 133.655
Iteration 50  HV  cores 127 118 3  time 30.4944 4.83444 137.306
Iteration 51  HV  cores 129 120 2  time 30.8473 4.83444 141.061
Iteration 52  HV  cores 130 121 1  time 31.4406 4.83444 144.807
Iteration 53  HV  cores 131 122 1  time 32.2598 4.83444 148.465
Iteration 54 MHV  lb 3750505895981 ub 3779574501044  time 32.2687 5.3969 148.465
Iteration 55  HV  cores 135 126 4  time 33.4693 5.3969 152.149
Iteration 56 MHV  lb 3750505909624 ub 3779247765357  time 33.4788 6.01995 152.149
Iteration 57  HV  cores 139 130 4  time 34.4717 6.01995 155.852
Iteration 58 MHV  lb 3750505949004 ub 3779112571862  time 34.4813 6.65211 155.852
Iteration 59  HV  cores 143 134 4  time 34.8735 6.65211 159.535
Iteration 60  HV  cores 148 139 5  time 36.7551 6.65211 163.206
Iteration 61 MHV  lb 3750505951442 ub 3779112571828  time 36.7646 7.22991 163.206
Iteration 62  HV  cores 151 142 3  time 37.5316 7.22991 166.898
Iteration 63 MHV  lb 3750505974022 ub 3778767957817  time 37.5409 7.82869 166.898
Iteration 64  HV  cores 155 146 4  time 39.1127 7.82869 170.599
Iteration 65 MHV  lb 3750506014083 ub 3778640977343  time 39.1219 8.45851 170.599
Iteration 66  HV  cores 159 150 4  time 40.1111 8.45851 174.301
Iteration 67  HV  cores 163 154 4  time 42.0505 8.45851 177.983
Iteration 68  HV  cores 164 155 1  time 42.9825 8.45851 181.683
Iteration 69  HV  cores 165 156 1  time 43.8053 8.45851 185.377
Iteration 70  HV  cores 166 157 1  time 44.1253 8.45851 189.072
Iteration 71  HV  cores 168 159 2  time 45.0728 8.45851 192.767
Iteration 72  HV  cores 169 160 1  time 45.2809 8.45851 196.464
Iteration 73  HV  cores 170 161 1  time 45.4677 8.45851 200.168
Iteration 74 MHV  lb 3750506199351 ub 3778640977342  time 45.4768 9.12509 200.168
Iteration 75  HV  cores 173 164 3  time 45.9811 9.12509 203.904
Iteration 76 MHV  lb 3750506214730 ub 3778562914986  time 45.9906 9.85083 203.904
Iteration 77  HV  cores 177 168 4  time 47.9405 9.85083 207.631
Iteration 78 MHV  lb 3750506220653 ub 3768860589658  time 47.9501 10.6058 207.631
Iteration 79  HV  cores 181 172 4  time 48.2609 10.6058 211.34
Iteration 80  HV  cores 182 173 1  time 48.4138 10.6058 215.04
Iteration 81 MHV  lb 3750506224209 ub 3768860589647  time 48.4228 11.3214 215.04
Iteration 82  HV  cores 186 177 4  time 49.1605 11.3214 218.795
Iteration 83 MHV  lb 3750506234652 ub 3768573653480  time 49.1699 12.0953 218.795
Iteration 84  HV  cores 190 181 4  time 49.524 12.0953 222.526
Iteration 85 MHV  lb 3750506235156 ub 3768544320638  time 49.5334 12.7904 222.526
Iteration 86  HV  cores 193 184 3  time 50.7858 12.7904 226.271
Iteration 87  HV  cores 196 187 3  time 53.0766 12.7904 229.992
Iteration 88  HV  cores 197 188 1  time 53.5592 12.7904 233.707
Iteration 89  HV  cores 199 190 2  time 54.3319 12.7904 237.425
Iteration 90  HV  cores 201 192 2  time 54.5111 12.7904 241.149
Iteration 91  HV  cores 202 193 1  time 54.717 12.7904 244.869
Iteration 92  HV  cores 203 194 1  time 54.9633 12.7904 248.598
Iteration 93 MHV  lb 3750506348257 ub 3768544320601  time 54.9724 13.5955 248.598
Iteration 94  HV  cores 207 198 4  time 56.1921 13.5955 252.372
Iteration 95 MHV  lb 3750506383627 ub 3768455593462  time 56.2018 14.4654 252.372
Iteration 96  HV  cores 211 202 4  time 57.1087 14.4654 256.16
Iteration 97 MHV  lb 3750506389798 ub 3766653986444  time 57.118 15.3306 256.16
Iteration 98  HV  cores 215 206 4  time 58.7321 15.3306 259.912
Iteration 99  HV  cores 219 210 4  time 60.9678 15.3306 263.639
Iteration 100 MHV  lb 3750506419099 ub 3766653986407  time 60.9775 16.1392 263.639
Iteration 101  HV  cores 223 214 4  time 61.7365 16.1392 267.406
Iteration 102 MHV  lb 3750506421545 ub 3766249929929  time 61.7461 16.9717 267.406
Iteration 103  HV  cores 227 218 4  time 62.8614 16.9717 271.188
Iteration 104 MHV  lb 3750506452973 ub 3766175837125  time 62.871 17.7928 271.188
Iteration 105  HV  cores 230 221 3  time 63.1848 17.7928 274.967
Iteration 106  HV  cores 233 224 3  time 63.6427 17.7928 278.728
Iteration 107  HV  cores 236 227 3  time 64.1966 17.7928 282.47
Iteration 108 MHV  lb 3750506453316 ub 3766175837089  time 64.2084 18.6123 282.47
Iteration 109  HV  cores 239 230 3  time 64.8377 18.6123 286.269
Iteration 110 MHV  lb 3750506456405 ub 3766172888405  time 64.8473 19.5005 286.269
Iteration 111  HV  cores 243 234 4  time 66.1388 19.5005 290.069
Iteration 112  HV  cores 247 238 4  time 66.6953 19.5005 293.846
Iteration 113 MHV  lb 3750506474091 ub 3766081512119  time 66.7054 20.3779 293.846
Iteration 114  HV  cores 250 241 3  time 67.0572 20.3779 297.663
Iteration 115  HV  cores 253 244 3  time 68.2365 20.3779 301.446
Iteration 116  HV  cores 256 247 3  time 69.616 20.3779 305.21
Iteration 117  HV  cores 260 251 4  time 70.577 20.3779 308.963
Iteration 118  HV  cores 261 252 1  time 70.6636 20.3779 312.721
Iteration 119  HV  cores 263 254 2  time 72.3736 20.3779 316.487
Iteration 120  HV  cores 265 256 2  time 72.7324 20.3779 320.254
Iteration 121  HV  cores 267 258 2  time 73.9309 20.3779 324.027
Iteration 122  HV  cores 269 260 2  time 74.2489 20.3779 327.807
Iteration 123 MHV  lb 3750506774271 ub 3766081512099  time 74.259 21.4269 327.807
Iteration 124  HV  cores 272 263 3  time 75.9128 21.4269 331.641
Iteration 125 MHV  lb 3750506782034 ub 3765657178489  time 75.9224 22.5554 331.641
Iteration 126  HV  cores 276 267 4  time 76.8675 22.5554 335.456
Iteration 127  HV  cores 280 271 4  time 78.1166 22.5554 339.255
Iteration 128 MHV  lb 3750506821622 ub 3765529460450  time 78.1262 23.9126 339.255
Iteration 129  HV  cores 284 275 4  time 79.1078 23.9126 343.079
Iteration 130  HV  cores 287 278 3  time 79.2656 23.9126 346.891
Iteration 131  HV  cores 291 282 4  time 79.9968 23.9126 350.691
Iteration 132  HV  cores 294 285 3  time 81.5484 23.9126 354.465
Iteration 133  HV  cores 295 286 1  time 82.2822 23.9126 358.242
Iteration 134  HV  cores 297 288 2  time 82.7376 23.9126 362.027
Iteration 135  HV  cores 298 289 1  time 82.8343 23.9126 365.81
Iteration 136  HV  cores 299 290 1  time 82.9153 23.9126 369.592
Iteration 137  HV  cores 300 291 1  time 83.1623 23.9126 373.371
Iteration 138 MHV  lb 3750507726543 ub 3765529460432  time 83.1714 24.8828 373.371
Iteration 139  HV  cores 303 294 3  time 84.0078 24.8828 377.229
Iteration 140 MHV  lb 3750507728707 ub 3765474819116  time 84.0172 25.8607 377.229
Iteration 141  HV  cores 307 298 4  time 85.2707 25.8607 381.067
Iteration 142  HV  cores 310 301 3  time 85.6012 25.8607 384.883
Iteration 143 MHV  lb 3750507737982 ub 3765173165439  time 85.6109 26.8431 384.883
Iteration 144  HV  cores 314 305 4  time 87.3785 26.8431 388.688
Iteration 145  HV  cores 317 308 3  time 87.899 26.8431 392.47
Iteration 146  HV  cores 318 309 1  time 88.0065 26.8431 396.256
Iteration 147  HV  cores 319 310 1  time 88.342 26.8431 400.053
Iteration 148  HV  cores 321 312 2  time 89.6158 26.8431 403.837
Iteration 149  HV  cores 322 313 1  time 89.7564 26.8431 407.63
Iteration 150  HV  cores 324 315 2  time 90.9291 26.8431 411.422
Iteration 151  HV  cores 325 316 1  time 90.9791 26.8431 415.22
Iteration 152  HV  cores 327 318 2  time 91.4932 26.8431 419.018
Iteration 153  HV  cores 328 319 1  time 92.4109 26.8431 422.805
Iteration 154  HV  cores 329 320 1  time 93.0204 26.8431 426.594
Iteration 155  HV  cores 330 321 1  time 93.1801 26.8431 430.386
Iteration 156  HV  cores 331 322 1  time 93.5515 26.8431 434.181
Iteration 157  HV  cores 334 325 3  time 94.4827 26.8431 437.982
Iteration 158 MHV  lb 3750507885688 ub 3765173165415  time 94.4929 27.9568 437.982
Iteration 159  HV  cores 338 329 4  time 96.382 27.9568 441.847
Iteration 160 MHV  lb 3750507903255 ub 3764168559640  time 96.392 29.5443 441.847
Iteration 161  HV  cores 342 333 4  time 97.3225 29.5443 445.721
Iteration 162  HV  cores 345 336 3  time 98.7961 29.5443 449.565
Iteration 163  HV  cores 348 339 3  time 99.2953 29.5443 453.39
Iteration 164 MHV  lb 3750507909617 ub 3764162557076  time 99.3056 31.016 453.39
Iteration 165  HV  cores 351 342 3  time 100.583 31.016 457.241
Iteration 166  HV  cores 355 346 4  time 102.376 31.016 461.083
Iteration 167  HV  cores 357 348 2  time 103.4 31.016 464.898
Iteration 168  HV  cores 360 351 3  time 103.827 31.016 468.701
Iteration 169 MHV  lb 3750509449498 ub 3764162550924  time 103.837 32.1012 468.701
Iteration 170  HV  cores 364 355 4  time 104.305 32.1012 472.567
Iteration 171  HV  cores 367 358 3  time 104.933 32.1012 476.401
Iteration 172  HV  cores 371 362 4  time 105.955 32.1012 480.222
Iteration 173 MHV  lb 3750509450287 ub 3764156870162  time 105.965 33.2482 480.222
Iteration 174  HV  cores 375 366 4  time 107.004 33.2482 484.085
Iteration 175  HV  cores 378 369 3  time 107.734 33.2482 487.917
Iteration 176  HV  cores 381 372 3  time 110.142 33.2482 491.724
Iteration 177 MHV  lb 3750509462347 ub 3764156870147  time 110.152 34.3898 491.724
Iteration 178  HV  cores 385 376 4  time 111.292 34.3898 495.607
Iteration 179 MHV  lb 3750509483889 ub 3764155053311  time 111.302 35.5556 495.607
Iteration 180  HV  cores 389 380 4  time 112.248 35.5556 499.482
Iteration 181  HV  cores 393 384 4  time 113.712 35.5556 503.318
Iteration 182 MHV  lb 3750509556320 ub 3764151597364  time 113.722 36.65 503.318
Iteration 183  HV  cores 397 388 4  time 114.796 36.65 507.172
Iteration 184  HV  cores 400 391 3  time 114.998 36.65 511.021
Iteration 185  HV  cores 404 395 4  time 115.834 36.65 514.854
Iteration 186  HV  cores 408 399 4  time 116.94 36.65 518.689
Iteration 187  HV  cores 411 402 3  time 118.116 36.65 522.504
Iteration 188  HV  cores 413 404 2  time 118.568 36.65 526.321
Iteration 189  HV  cores 414 405 1  time 118.603 36.65 530.136
Iteration 190  HV  cores 415 406 1  time 118.762 36.65 533.955
Iteration 191  HV  cores 417 408 2  time 119.151 36.65 537.776
Iteration 192  HV  cores 419 410 2  time 119.512 36.65 541.597
Iteration 193  HV  cores 420 411 1  time 119.977 36.65 545.427
Iteration 194  HV  cores 421 412 1  time 120.501 36.65 549.248
Iteration 195  HV  cores 423 414 2  time 120.609 36.65 553.075
Iteration 196  HV  cores 425 416 2  time 121.324 36.65 556.899
Iteration 197  HV  cores 427 418 2  time 121.805 36.65 560.724
Iteration 198  HV  cores 429 420 2  time 121.923 36.65 564.55
Iteration 199  HV  cores 431 422 2  time 122.169 36.65 568.378
Iteration 200  HV  cores 432 423 1  time 122.204 36.65 572.205
Iteration 201  HV  cores 434 425 2  time 122.453 36.65 576.036
Iteration 202  HV  cores 435 426 1  time 122.584 36.65 579.863
Iteration 203  HV  cores 436 427 1  time 122.616 36.65 583.682
Iteration 204  HV  cores 438 429 2  time 122.8 36.65 587.507
Iteration 205  HV  cores 440 431 2  time 123.37 36.65 591.327
Iteration 206  HV  cores 442 433 2  time 123.618 36.65 595.155
Iteration 207  HV  cores 444 435 2  time 123.868 36.65 598.98
Iteration 208  HV  cores 446 437 2  time 125.171 36.65 602.807
Iteration 209  HV  cores 449 440 3  time 125.483 36.65 606.634
Iteration 210  HV  cores 451 442 2  time 125.677 36.65 610.467
Iteration 211  HV  cores 452 443 1  time 125.812 36.65 614.3
Iteration 212  HV  cores 453 444 1  time 125.974 36.65 618.131
Iteration 213  HV  cores 455 446 2  time 126.065 36.65 621.967
Iteration 214  HV  cores 457 448 2  time 126.57 36.65 625.812
Iteration 215  HV  cores 458 449 1  time 126.782 36.65 629.654
Iteration 216 MHV  lb 3750509592993 ub 3764151597363  time 126.792 38.7064 629.654
Iteration 217  HV  cores 461 452 3  time 127.496 38.7064 633.601
Iteration 218  HV  cores 464 455 3  time 128.162 38.7064 637.536
Iteration 219  HV  cores 467 457 3  time 128.957 38.7064 641.449
Iteration 220 MHV  lb 3750509603493 ub 3764143405490  time 128.967 40.123 641.449
Iteration 221  HV  cores 471 461 4  time 129.227 40.123 645.377
Iteration 222  HV  cores 474 464 3  time 129.659 40.123 649.262
Iteration 223  HV  cores 477 467 3  time 130.194 40.123 653.123
Iteration 224  HV  cores 481 471 4  time 131.015 40.123 656.985
Iteration 225  HV  cores 485 475 4  time 132.736 40.123 660.83
Iteration 226  HV  cores 488 478 3  time 133.431 40.123 664.691
Iteration 227  HV  cores 489 479 1  time 133.495 40.123 668.545
Iteration 228 MHV  lb 3750509603540 ub 3764143405489  time 133.505 42.5688 668.545
Iteration 229  HV  cores 493 483 4  time 133.791 42.5688 672.498
Iteration 230  HV  cores 496 486 3  time 134.227 42.5688 676.426
Iteration 231 MHV  lb 3750509603790 ub 3764143133692  time 134.237 44.669 676.426
Iteration 232  HV  cores 500 490 4  time 134.557 44.669 680.347
Iteration 233  HV  cores 502 492 2  time 134.705 44.669 684.261
Iteration 234  HV  cores 506 496 4  time 135.84 44.669 688.156
Iteration 235  HV  cores 510 500 4  time 137.223 44.669 692.034
Iteration 236  HV  cores 514 504 4  time 137.668 44.669 695.892
Iteration 237  HV  cores 515 505 1  time 137.983 44.669 699.751
Iteration 238  HV  cores 516 506 1  time 138.087 44.669 703.621
Iteration 239  HV  cores 517 507 1  time 138.198 44.669 707.493
Iteration 240  HV  cores 519 509 2  time 138.281 44.669 711.385
Iteration 241  HV  cores 523 513 4  time 139.017 44.669 715.252
Iteration 242  HV  cores 524 514 1  time 139.074 44.669 719.116
Iteration 243  HV  cores 525 515 1  time 139.327 44.669 722.981
Iteration 244  HV  cores 527 517 2  time 139.693 44.669 726.863
Iteration 245  HV  cores 529 519 2  time 140.49 44.669 730.715
Iteration 246  HV  cores 530 520 1  time 140.542 44.669 734.57
Iteration 247  HV  cores 531 521 1  time 140.662 44.669 738.429
Iteration 248  HV  cores 532 522 1  time 140.733 44.669 742.287
Iteration 249  HV  cores 533 523 1  time 141.194 44.669 746.145
Iteration 250  HV  cores 534 524 1  time 141.724 44.669 750.016
Iteration 251  HV  cores 536 526 2  time 142.526 44.669 753.892
Iteration 252  HV  cores 538 528 2  time 143.172 44.669 757.771
Iteration 253  HV  cores 540 530 2  time 143.792 44.669 761.638
Iteration 254  HV  cores 541 531 1  time 143.898 44.669 765.528
Iteration 255  HV  cores 545 535 4  time 144.427 44.669 769.403
Iteration 256  HV  cores 546 536 1  time 144.551 44.669 773.273
Iteration 257  HV  cores 548 538 2  time 144.738 44.669 777.144
Iteration 258  HV  cores 550 540 2  time 145.834 44.669 781.014
Iteration 259 MHV  lb 3750509605134 ub 3764143133691  time 145.844 47.005 781.014
Iteration 260  HV  cores 553 543 3  time 146.097 47.005 785.007
Iteration 261  HV  cores 557 547 4  time 146.764 47.005 788.991
Iteration 262  HV  cores 560 550 3  time 147.28 47.005 792.952
Iteration 263 MHV  lb 3750509609707 ub 3764142784980  time 147.291 49.3361 792.952
Iteration 264  HV  cores 564 554 4  time 147.928 49.3361 796.913
Iteration 265  HV  cores 567 557 3  time 148.858 49.3361 800.834
Iteration 266 MHV  lb 3750509616260 ub 3764137565773  time 148.868 51.0883 800.834
Iteration 267  HV  cores 570 560 3  time 149.905 51.0883 804.769
Iteration 268  HV  cores 573 563 3  time 150.069 51.0883 808.701
Iteration 269  HV  cores 577 567 4  time 150.847 51.0883 812.582
Iteration 270 MHV  lb 3750509624297 ub 3764137565772  time 150.857 53.6203 812.582
Iteration 271  HV  cores 580 570 3  time 151.579 53.6203 816.532
Iteration 272 MHV  lb 3750509630639 ub 3764134388793  time 151.589 56.4103 816.532
Iteration 273  HV  cores 583 573 3  time 152.092 56.4103 820.499
Iteration 274  HV  cores 586 576 3  time 152.357 56.4103 824.445
Iteration 275  HV  cores 590 580 4  time 153.519 56.4103 828.377
Iteration 276  HV  cores 594 584 4  time 154.298 56.4103 832.304
Iteration 277  HV  cores 598 588 4  time 154.876 56.4103 836.224
Iteration 278  HV  cores 602 592 4  time 155.572 56.4103 840.107
Iteration 279 MHV  lb 3750509632047 ub 3764134388781  time 155.582 58.651 840.107
Iteration 280  HV  cores 606 596 4  time 156.096 58.651 844.078
Iteration 281 MHV  lb 3750509636760 ub 3764134227378  time 156.106 61.2538 844.078
Iteration 282  HV  cores 609 599 3  time 156.352 61.2538 848.08
Iteration 283  HV  cores 612 602 3  time 157.122 61.2538 852.057
Iteration 284 MHV  lb 3750509636806 ub 3764134156712  time 157.132 64.1146 852.057
Iteration 285  HV  cores 615 605 3  time 157.399 64.1146 856.145
Iteration 286  HV  cores 618 608 3  time 157.733 64.1146 860.208
Iteration 287  HV  cores 621 611 3  time 158.874 64.1146 864.202
Iteration 288  HV  cores 625 615 4  time 160.2 64.1146 868.195
Iteration 289  HV  cores 628 618 3  time 160.758 64.1146 872.048
Iteration 290  HV  cores 629 619 1  time 160.958 64.1146 875.905
Iteration 291  HV  cores 631 621 2  time 161.327 64.1146 879.759
Iteration 292  HV  cores 632 622 1  time 161.421 64.1146 883.61
Iteration 293  HV  cores 634 624 2  time 162.166 64.1146 887.468
Iteration 294  HV  cores 637 627 3  time 162.984 64.1146 891.32
Iteration 295  HV  cores 638 628 1  time 163.089 64.1146 895.174
Iteration 296  HV  cores 640 630 2  time 163.61 64.1146 899.046
Iteration 297  HV  cores 642 632 2  time 163.688 64.1146 902.919
Iteration 298  HV  cores 645 635 3  time 163.94 64.1146 906.793
Iteration 299  HV  cores 647 637 2  time 164.28 64.1146 910.664
Iteration 300  HV  cores 648 638 1  time 164.393 64.1146 914.533
Iteration 301  HV  cores 649 639 1  time 164.435 64.1146 918.4
Iteration 302 MHV  lb 3750509676087 ub 3764134156672  time 164.445 68.0561 918.4
Iteration 303  HV  cores 653 643 4  time 164.794 68.0561 922.374
Iteration 304  HV  cores 657 647 4  time 165.324 68.0561 926.348
Iteration 305 MHV  lb 3750509676200 ub 3764110572207  time 165.334 72.0278 926.348
Iteration 306  HV  cores 661 651 4  time 165.703 72.0278 930.318
Iteration 307  HV  cores 664 654 3  time 167.654 72.0278 934.257
Iteration 308  HV  cores 668 658 4  time 168.476 72.0278 938.19
Iteration 309  HV  cores 672 662 4  time 168.75 72.0278 942.112
Iteration 310  HV  cores 675 665 3  time 169.293 72.0278 946.029
Iteration 311  HV  cores 679 669 4  time 170.088 72.0278 949.913
Iteration 312  HV  cores 680 670 1  time 170.114 72.0278 953.801
Iteration 313  HV  cores 682 672 2  time 170.358 72.0278 957.686
Iteration 314 MHV  lb 3750509676680 ub 3764110572206  time 170.368 77.231 957.686
Iteration 315  HV  cores 685 675 3  time 170.554 77.231 961.705
Iteration 316  HV  cores 688 678 3  time 170.709 77.231 965.724
Iteration 317  HV  cores 692 682 4  time 171.037 77.231 969.724
Iteration 318  HV  cores 696 686 4  time 171.581 77.231 973.7
Iteration 319 MHV  lb 3750509676687 ub 3764104009615  time 171.592 81.4086 973.7
Iteration 320  HV  cores 700 690 4  time 171.962 81.4086 977.656
Iteration 321  HV  cores 702 692 2  time 172.64 81.4086 981.603
Iteration 322  HV  cores 706 696 4  time 173.045 81.4086 985.531
Iteration 323  HV  cores 710 700 4  time 174.147 81.4086 989.457
Iteration 324  HV  cores 714 704 4  time 175.486 81.4086 993.333
Iteration 325  HV  cores 715 705 1  time 175.544 81.4086 997.208
Iteration 326  HV  cores 716 706 1  time 175.648 81.4086 1001.09
Iteration 327  HV  cores 717 707 1  time 176.098 81.4086 1004.97
Iteration 328  HV  cores 718 708 1  time 176.248 81.4086 1008.87
Iteration 329  HV  cores 723 713 5  time 177.245 81.4086 1012.75
Iteration 330  HV  cores 724 714 1  time 177.372 81.4086 1016.63
Iteration 331  HV  cores 725 715 1  time 177.428 81.4086 1020.52
Iteration 332  HV  cores 728 718 3  time 177.884 81.4086 1024.4
Iteration 333  HV  cores 731 721 3  time 178.559 81.4086 1028.29
Iteration 334  HV  cores 734 724 3  time 179.125 81.4086 1032.19
Iteration 335  HV  cores 736 726 2  time 179.822 81.4086 1036.07
Iteration 336  HV  cores 738 728 2  time 179.988 81.4086 1039.96
Iteration 337  HV  cores 739 729 1  time 180.55 81.4086 1043.85
Iteration 338  HV  cores 741 731 2  time 181.505 81.4086 1047.73
Iteration 339  HV  cores 742 732 1  time 182.037 81.4086 1051.62
Iteration 340  HV  cores 743 733 1  time 182.157 81.4086 1055.5
Iteration 341  HV  cores 745 735 2  time 182.438 81.4086 1059.38
Iteration 342  HV  cores 746 736 1  time 182.501 81.4086 1063.26
Iteration 343 MHV  lb 3750509679967 ub 3764104009614  time 182.51 85.2304 1063.26
Iteration 344  HV  cores 750 740 4  time 183.271 85.2304 1067.27
Iteration 345  HV  cores 753 743 3  time 183.445 85.2304 1071.25
Iteration 346  HV  cores 757 747 4  time 184.322 85.2304 1075.21
Iteration 347  HV  cores 761 751 4  time 185.384 85.2304 1079.17
Iteration 348  HV  cores 765 755 4  time 186.425 85.2304 1083.12
Iteration 349  HV  cores 769 759 4  time 187.63 85.2304 1087.06
Iteration 350 MHV  lb 3750509687284 ub 3764103605146  time 187.64 92.5301 1087.06
Iteration 351  HV  cores 773 763 4  time 188.452 92.5301 1091.1
Iteration 352  HV  cores 777 767 4  time 189.183 92.5301 1095.12
Iteration 353  HV  cores 781 771 4  time 189.583 92.5301 1099.13
Iteration 354  HV  cores 785 775 4  time 190.168 92.5301 1103.12
Iteration 355  HV  cores 789 779 4  time 190.765 92.5301 1107.12
Iteration 356  HV  cores 793 783 4  time 191.764 92.5301 1111.09
Iteration 357  HV  cores 797 787 4  time 192.189 92.5301 1115.05
Iteration 358  HV  cores 801 791 4  time 192.617 92.5301 1119
Iteration 359  HV  cores 806 796 5  time 193.529 92.5301 1122.94
Iteration 360  HV  cores 808 798 2  time 194.521 92.5301 1126.85
Iteration 361  HV  cores 810 800 2  time 194.639 92.5301 1130.77
Iteration 362  HV  cores 812 802 2  time 194.964 92.5301 1134.71
Iteration 363  HV  cores 814 804 2  time 195.312 92.5301 1138.67
Iteration 364  HV  cores 818 808 4  time 196.429 92.5301 1142.61
Iteration 365  HV  cores 819 809 1  time 196.471 92.5301 1146.55
Iteration 366  HV  cores 821 811 2  time 196.866 92.5301 1150.49
Iteration 367  HV  cores 823 813 2  time 197.122 92.5301 1154.43
Iteration 368  HV  cores 826 816 3  time 197.543 92.5301 1158.36
Iteration 369  HV  cores 827 817 1  time 197.705 92.5301 1162.29
Iteration 370  HV  cores 828 818 1  time 197.765 92.5301 1166.22
Iteration 371  HV  cores 830 820 2  time 197.908 92.5301 1170.16
Iteration 372  HV  cores 833 823 3  time 198.889 92.5301 1174.09
Iteration 373  HV  cores 834 824 1  time 199.104 92.5301 1178.02
Iteration 374  HV  cores 835 825 1  time 199.238 92.5301 1181.98
Iteration 375  HV  cores 837 827 2  time 200.09 92.5301 1185.96
Iteration 376  HV  cores 841 831 4  time 200.658 92.5301 1189.9
Iteration 377  HV  cores 842 832 1  time 200.702 92.5301 1193.84
Iteration 378  HV  cores 843 833 1  time 200.793 92.5301 1197.79
Iteration 379  HV  cores 845 835 2  time 200.905 92.5301 1201.73
Iteration 380  HV  cores 846 836 1  time 200.99 92.5301 1205.67
Iteration 381  HV  cores 848 838 2  time 201.465 92.5301 1209.62
Iteration 382 MHV  lb 3750509949880 ub 3764103605113  time 201.475 100.416 1209.62
Iteration 383  HV  cores 852 842 4  time 201.918 100.416 1213.68
Iteration 384  HV  cores 856 846 4  time 202.176 100.416 1217.72
Iteration 385  HV  cores 859 849 3  time 202.901 100.416 1221.75
Iteration 386  HV  cores 861 851 2  time 203.065 100.416 1225.76
Iteration 387  HV  cores 865 855 4  time 204.34 100.416 1229.76
Iteration 388  HV  cores 868 858 3  time 205.085 100.416 1233.71
Iteration 389  HV  cores 871 861 3  time 205.37 100.416 1237.65
Iteration 390 MHV  lb 3750509958421 ub 3764103428297  time 205.381 108.983 1237.65
Iteration 391  HV  cores 875 865 4  time 206.092 108.983 1241.69
Iteration 392  HV  cores 879 869 4  time 206.451 108.983 1245.7
Iteration 393  HV  cores 882 872 3  time 206.653 108.983 1249.7
Iteration 394  HV  cores 886 876 4  time 207.218 108.983 1253.66
Iteration 395  HV  cores 890 880 4  time 208.051 108.983 1257.63
Iteration 396  HV  cores 894 884 4  time 209.147 108.983 1261.57
Iteration 397  HV  cores 898 888 4  time 210.19 108.983 1265.51
Iteration 398  HV  cores 900 890 2  time 210.328 108.983 1269.42
Iteration 399  HV  cores 902 892 2  time 211.228 108.983 1273.32
Iteration 400  HV  cores 903 893 1  time 211.331 108.983 1277.25
Iteration 401  HV  cores 907 897 4  time 211.584 108.983 1281.15
Iteration 402 MHV  lb 3750509960426 ub 3764103428296  time 211.595 117.028 1281.15
Iteration 403  HV  cores 911 901 4  time 212.043 117.028 1285.2
Iteration 404  HV  cores 914 904 3  time 212.827 117.028 1289.25
Iteration 405  HV  cores 918 908 4  time 213.173 117.028 1293.26
Iteration 406 MHV  lb 3750509966441 ub 3764101430586  time 213.183 127.341 1293.26
Iteration 407  HV  cores 922 912 4  time 213.547 127.341 1297.36
Iteration 408  HV  cores 926 916 4  time 214.119 127.341 1301.42
Iteration 409  HV  cores 930 920 4  time 214.436 127.341 1305.48
Iteration 410  HV  cores 934 924 4  time 214.718 127.341 1309.52
Iteration 411  HV  cores 937 927 3  time 215.008 127.341 1313.56
Iteration 412  HV  cores 940 930 3  time 215.583 127.341 1317.58
Iteration 413  HV  cores 943 933 3  time 215.994 127.341 1321.59
Iteration 414  HV  cores 947 937 4  time 216.446 127.341 1325.58
Iteration 415  HV  cores 951 941 4  time 217.047 127.341 1329.51
Iteration 416  HV  cores 952 942 1  time 217.143 127.341 1333.44
Iteration 417  HV  cores 954 944 2  time 217.993 127.341 1337.39
Iteration 418  HV  cores 955 945 1  time 218.031 127.341 1341.34
Iteration 419  HV  cores 956 946 1  time 218.066 127.341 1345.29
Iteration 420  HV  cores 957 946 1  time 218.102 127.341 1349.25
Iteration 421  HV  cores 962 951 5  time 219.806 127.341 1353.2
Iteration 422  HV  cores 964 953 2  time 220.087 127.341 1357.14
Iteration 423  HV  cores 966 955 2  time 220.804 127.341 1361.07
Iteration 424  HV  cores 968 957 2  time 221.138 127.341 1365.01
Iteration 425  HV  cores 970 959 2  time 221.767 127.341 1368.97
Iteration 426  HV  cores 974 963 4  time 222.402 127.341 1372.92
Iteration 427  HV  cores 975 964 1  time 222.494 127.341 1376.86
Iteration 428  HV  cores 978 967 3  time 223.305 127.341 1380.81
Iteration 429  HV  cores 980 969 2  time 223.46 127.341 1384.75
Iteration 430  HV  cores 981 970 1  time 223.767 127.341 1388.7
Iteration 431  HV  cores 983 972 2  time 223.981 127.341 1392.64
Iteration 432  HV  cores 984 973 1  time 224.093 127.341 1396.58
Iteration 433  HV  cores 986 975 2  time 224.201 127.341 1400.55
Iteration 434  HV  cores 990 979 4  time 224.425 127.341 1404.51
Iteration 435  HV  cores 991 980 1  time 224.722 127.341 1408.46
Iteration 436  HV  cores 992 981 1  time 224.992 127.341 1412.41
Iteration 437  HV  cores 993 982 1  time 225.033 127.341 1416.36
Iteration 438  HV  cores 994 983 1  time 225.088 127.341 1420.32
Iteration 439  HV  cores 995 984 1  time 225.682 127.341 1424.27
Iteration 440  HV  cores 996 985 1  time 225.73 127.341 1428.22
Iteration 441  HV  cores 997 986 1  time 225.858 127.341 1432.17
Iteration 442  HV  cores 999 988 2  time 226.135 127.341 1436.12
Iteration 443  HV  cores 1001 990 2  time 226.758 127.341 1440.07
Iteration 444  HV  cores 1003 992 2  time 227.109 127.341 1444.02
Iteration 445  HV  cores 1005 994 2  time 227.173 127.341 1447.99
Iteration 446  HV  cores 1007 996 2  time 228.648 127.341 1451.94
Iteration 447  HV  cores 1009 998 2  time 228.855 127.341 1455.9
Iteration 448  HV  cores 1011 1000 2  time 229.366 127.341 1459.85
Iteration 449  HV  cores 1013 1002 2  time 229.723 127.341 1463.82
Iteration 450  HV  cores 1015 1004 2  time 230.058 127.341 1467.78
Iteration 451  HV  cores 1017 1006 2  time 230.239 127.341 1471.75
Iteration 452  HV  cores 1018 1007 1  time 230.281 127.341 1475.71
Iteration 453 MHV  lb 3750509973764 ub 3764101430567  time 230.291 137.223 1475.71
Iteration 454  HV  cores 1022 1011 4  time 231.312 137.223 1479.85
Iteration 455  HV  cores 1026 1015 4  time 231.818 137.223 1483.96
Iteration 456 MHV  lb 3750509974470 ub 3764085777046  time 231.829 145.789 1483.96
Iteration 457  HV  cores 1030 1019 4  time 232.601 145.789 1488.07
Iteration 458  HV  cores 1032 1021 2  time 232.781 145.789 1492.16
Iteration 459  HV  cores 1036 1025 4  time 233.178 145.789 1496.23
Iteration 460  HV  cores 1040 1029 4  time 233.974 145.789 1500.3
Iteration 461  HV  cores 1044 1033 4  time 234.878 145.789 1504.34
Iteration 462  HV  cores 1048 1037 4  time 235.15 145.789 1508.32
Iteration 463  HV  cores 1051 1040 3  time 235.701 145.789 1512.29
Iteration 464  HV  cores 1052 1041 1  time 235.814 145.789 1516.26
Iteration 465  HV  cores 1053 1042 1  time 235.855 145.789 1520.23
Iteration 466  HV  cores 1056 1045 3  time 236.396 145.789 1524.21
Iteration 467  HV  cores 1057 1046 1  time 236.587 145.789 1528.2
Iteration 468  HV  cores 1060 1049 3  time 236.919 145.789 1532.18
Iteration 469  HV  cores 1061 1050 1  time 236.989 145.789 1536.16
Iteration 470  HV  cores 1063 1052 2  time 237.197 145.789 1540.14
Iteration 471  HV  cores 1065 1054 2  time 237.52 145.789 1544.12
Iteration 472 MHV  lb 3750509976783 ub 3764085777044  time 237.53 156.762 1544.12
Iteration 473  HV  cores 1069 1058 4  time 237.975 156.762 1548.26
Iteration 474  HV  cores 1074 1063 5  time 240.178 156.762 1552.39
Iteration 475  HV  cores 1078 1067 4  time 241.964 156.762 1556.49
Iteration 476  HV  cores 1081 1070 3  time 242.613 156.762 1560.58
Iteration 477  HV  cores 1085 1074 4  time 243.56 156.762 1564.64
Iteration 478  HV  cores 1088 1077 3  time 243.798 156.762 1568.69
Iteration 479 MHV  lb 3750509977858 ub 3764084041881  time 243.809 167.232 1568.69
Iteration 480  HV  cores 1092 1081 4  time 244.356 167.232 1572.83
Iteration 481  HV  cores 1096 1085 4  time 245.524 167.232 1576.95
Iteration 482  HV  cores 1101 1090 5  time 246.323 167.232 1581.06
Iteration 483  HV  cores 1104 1093 3  time 246.775 167.232 1585.14
Iteration 484  HV  cores 1107 1096 3  time 247.045 167.232 1589.21
Iteration 485  HV  cores 1111 1100 4  time 247.592 167.232 1593.27
Iteration 486  HV  cores 1115 1104 4  time 248.838 167.232 1597.33
Iteration 487  HV  cores 1119 1108 4  time 250.115 167.232 1601.38
Iteration 488  HV  cores 1123 1112 4  time 250.671 167.232 1605.39
Iteration 489  HV  cores 1125 1114 2  time 251.359 167.232 1609.41
Iteration 490  HV  cores 1126 1115 1  time 251.645 167.232 1613.42
Iteration 491  HV  cores 1127 1116 1  time 251.763 167.232 1617.44
Iteration 492  HV  cores 1129 1118 2  time 251.856 167.232 1621.45
Iteration 493  HV  cores 1131 1120 2  time 252.33 167.232 1625.46
Iteration 494  HV  cores 1132 1121 1  time 252.433 167.232 1629.47
Iteration 495  HV  cores 1134 1123 2  time 252.716 167.232 1633.49
Iteration 496  HV  cores 1137 1126 3  time 253.169 167.232 1637.5
Iteration 497  HV  cores 1138 1127 1  time 253.219 167.232 1641.52
Iteration 498  HV  cores 1139 1128 1  time 253.268 167.232 1645.54
Iteration 499 MHV  lb 3750509984088 ub 3764084041875  time 253.278 178.297 1645.54
Iteration 500  HV  cores 1143 1132 4  time 254.51 178.297 1649.71
Iteration 501  HV  cores 1147 1136 4  time 254.795 178.297 1653.85
Iteration 502  HV  cores 1151 1140 4  time 255.334 178.297 1657.98
Iteration 503 MHV  lb 3750510022262 ub 3764074754422  time 255.345 187.087 1657.98
Iteration 504  HV  cores 1154 1143 3  time 255.536 187.087 1662.12
Iteration 505  HV  cores 1158 1147 4  time 255.917 187.087 1666.25
Iteration 506  HV  cores 1161 1150 3  time 256.624 187.087 1670.36
Iteration 507  HV  cores 1164 1153 3  time 257.973 187.087 1674.44
Iteration 508  HV  cores 1168 1157 4  time 258.596 187.087 1678.51
Iteration 509  HV  cores 1170 1159 2  time 258.785 187.087 1682.54
Iteration 510  HV  cores 1171 1160 1  time 258.877 187.087 1686.6
Iteration 511  HV  cores 1175 1164 4  time 259.426 187.087 1690.64
Iteration 512  HV  cores 1177 1166 2  time 259.67 187.087 1694.67
Iteration 513  HV  cores 1178 1167 1  time 259.702 187.087 1698.73
Iteration 514  HV  cores 1183 1172 5  time 260.504 187.087 1702.77
Iteration 515  HV  cores 1185 1174 2  time 260.978 187.087 1706.8
Iteration 516  HV  cores 1187 1176 2  time 261.689 187.087 1710.87
Iteration 517  HV  cores 1191 1180 4  time 262.055 187.087 1714.9
Iteration 518  HV  cores 1194 1183 3  time 262.358 187.087 1718.95
Iteration 519  HV  cores 1197 1186 3  time 262.997 187.087 1722.98
Iteration 520  HV  cores 1198 1187 1  time 263.093 187.087 1727.03
Iteration 521  HV  cores 1199 1188 1  time 263.242 187.087 1731.07
Iteration 522  HV  cores 1202 1191 3  time 263.763 187.087 1735.11
Iteration 523  HV  cores 1204 1193 2  time 264.031 187.087 1739.15
Iteration 524  HV  cores 1206 1195 2  time 264.173 187.087 1743.21
Iteration 525  HV  cores 1208 1197 2  time 264.474 187.087 1747.25
Iteration 526  HV  cores 1209 1198 1  time 264.623 187.087 1751.3
Iteration 527  HV  cores 1211 1200 2  time 264.848 187.087 1755.34
Iteration 528  HV  cores 1212 1201 1  time 264.976 187.087 1759.39
Iteration 529  HV  cores 1213 1202 1  time 265.172 187.087 1763.44
Iteration 530  HV  cores 1215 1204 2  time 265.592 187.087 1767.48
Iteration 531  HV  cores 1216 1205 1  time 265.626 187.087 1771.52
Iteration 532 MHV  lb 3750510024893 ub 3764074754421  time 265.636 202.559 1771.52
Iteration 533  HV  cores 1220 1209 4  time 265.97 202.559 1775.75
Iteration 534  HV  cores 1223 1212 3  time 266.455 202.559 1779.95
Iteration 535  HV  cores 1226 1215 3  time 266.627 202.559 1784.15
Iteration 536  HV  cores 1229 1218 3  time 266.974 202.559 1788.33
Iteration 537  HV  cores 1232 1221 3  time 267.349 202.559 1792.51
Iteration 538  HV  cores 1235 1224 3  time 267.821 202.559 1796.67
Iteration 539  HV  cores 1239 1228 4  time 268.102 202.559 1800.82
Iteration 540  HV  cores 1243 1232 4  time 268.562 202.559 1804.96
Iteration 541  HV  cores 1247 1236 4  time 269.752 202.559 1809.09
Iteration 542 MHV  lb 3750510024988 ub 3764074325849  time 269.764 212.27 1809.09
Iteration 543  HV  cores 1251 1240 4  time 270.024 212.27 1813.22
Iteration 544  HV  cores 1254 1243 3  time 270.15 212.27 1817.36
Iteration 545  HV  cores 1256 1245 2  time 271.308 212.27 1821.42
Iteration 546  HV  cores 1259 1248 3  time 271.703 212.27 1825.48
Iteration 547  HV  cores 1260 1249 1  time 271.818 212.27 1829.54
Iteration 548  HV  cores 1262 1251 2  time 272.11 212.27 1833.61
Iteration 549  HV  cores 1263 1252 1  time 272.219 212.27 1837.67
Iteration 550  HV  cores 1264 1253 1  time 272.259 212.27 1841.73
Iteration 551  HV  cores 1266 1255 2  time 272.6 212.27 1845.78
Iteration 552 MHV  lb 3750510348123 ub 3764074325848  time 272.61 226.101 1845.78
Iteration 553  HV  cores 1270 1259 4  time 273.439 226.101 1850.03
Iteration 554  HV  cores 1274 1263 4  time 274.343 226.101 1854.21
Iteration 555 MHV  lb 3750510366642 ub 3764072657967  time 274.355 237.608 1854.21
Iteration 556  HV  cores 1278 1267 4  time 274.769 237.608 1858.38
Iteration 557  HV  cores 1282 1271 4  time 275.109 237.608 1862.55
Iteration 558  HV  cores 1285 1274 3  time 275.909 237.608 1866.67
Iteration 559  HV  cores 1289 1278 4  time 276.847 237.608 1870.79
Iteration 560  HV  cores 1292 1281 3  time 277.357 237.608 1874.9
Iteration 561  HV  cores 1294 1283 2  time 277.619 237.608 1878.96
Iteration 562  HV  cores 1296 1285 2  time 277.945 237.608 1883.04
Iteration 563  HV  cores 1298 1287 2  time 278.226 237.608 1887.12
Iteration 564  HV  cores 1300 1289 2  time 278.595 237.608 1891.21
Iteration 565  HV  cores 1304 1293 4  time 279.004 237.608 1895.29
Iteration 566  HV  cores 1305 1294 1  time 279.139 237.608 1899.37
Iteration 567  HV  cores 1307 1296 2  time 279.531 237.608 1903.44
Iteration 568  HV  cores 1310 1299 3  time 279.893 237.608 1907.51
Iteration 569  HV  cores 1311 1300 1  time 279.991 237.608 1911.58
Iteration 570  HV  cores 1312 1301 1  time 280.06 237.608 1915.66
Iteration 571  HV  cores 1315 1304 3  time 280.401 237.608 1919.77
Iteration 572  HV  cores 1320 1309 5  time 281.195 237.608 1923.87
Iteration 573  HV  cores 1325 1314 5  time 281.762 237.608 1927.98
Iteration 574  HV  cores 1329 1318 4  time 282.663 237.608 1932.06
Iteration 575  HV  cores 1330 1319 1  time 283.158 237.608 1936.14
Iteration 576  HV  cores 1332 1321 2  time 283.717 237.608 1940.25
Iteration 577  HV  cores 1334 1323 2  time 284.3 237.608 1944.37
Iteration 578  HV  cores 1335 1324 1  time 284.842 237.608 1948.48
Iteration 579  HV  cores 1337 1326 2  time 285.085 237.608 1952.59
Iteration 580  HV  cores 1338 1327 1  time 285.46 237.608 1956.73
Iteration 581  HV  cores 1342 1331 4  time 286.022 237.608 1960.85
Iteration 582  HV  cores 1344 1333 2  time 286.205 237.608 1964.96
Iteration 583  HV  cores 1346 1335 2  time 287.654 237.608 1969.08
Iteration 584  HV  cores 1347 1336 1  time 288.228 237.608 1973.19
Iteration 585 MHV  lb 3750510384498 ub 3764072657966  time 288.239 253.307 1973.19
Iteration 586  HV  cores 1351 1340 4  time 289.468 253.307 1977.47
Iteration 587  HV  cores 1355 1344 4  time 290.359 253.307 1981.72
Iteration 588 MHV  lb 3750510393403 ub 3764069965207  time 290.37 268.023 1981.72
Iteration 589  HV  cores 1359 1348 4  time 292.145 268.023 1985.95
Iteration 590  HV  cores 1362 1351 3  time 292.636 268.023 1990.15
Iteration 591  HV  cores 1366 1355 4  time 292.959 268.023 1994.34
Iteration 592  HV  cores 1368 1357 2  time 293.139 268.023 1998.53
Iteration 593  HV  cores 1372 1361 4  time 294.113 268.023 2002.71
Iteration 594  HV  cores 1376 1365 4  time 294.386 268.023 2006.84
Iteration 595  HV  cores 1378 1367 2  time 294.85 268.023 2010.97
Iteration 596  HV  cores 1380 1369 2  time 295.222 268.023 2015.13
Iteration 597  HV  cores 1385 1374 5  time 295.88 268.023 2019.23
Iteration 598 MHV  lb 3750510395128 ub 3764069965191  time 295.892 285.858 2019.23
Iteration 599  HV  cores 1389 1378 4  time 297.133 285.858 2023.46
Iteration 600  HV  cores 1392 1381 3  time 297.298 285.858 2027.68
Iteration 601 MHV  lb 3750510396848 ub 3764069957276  time 297.309 300.753 2027.68
Iteration 602  HV  cores 1396 1385 4  time 298.36 300.753 2031.95
Iteration 603  HV  cores 1400 1389 4  time 298.896 300.753 2036.18
Iteration 604  HV  cores 1403 1392 3  time 299.408 300.753 2040.42
Iteration 605  HV  cores 1406 1395 3  time 299.93 300.753 2044.63
Iteration 606  HV  cores 1410 1399 4  time 300.247 300.753 2048.83
Iteration 607  HV  cores 1412 1401 2  time 300.41 300.753 2053.03
Iteration 608  HV  cores 1416 1405 4  time 301.133 300.753 2057.22
Iteration 609  HV  cores 1420 1409 4  time 301.341 300.753 2061.4
Iteration 610  HV  cores 1425 1414 5  time 301.706 300.753 2065.57
Iteration 611 MHV  lb 3750510416368 ub 3764069506950  time 301.717 316.411 2065.57
Iteration 612  HV  cores 1429 1418 4  time 302.204 316.411 2069.82
Iteration 613  HV  cores 1433 1422 4  time 302.694 316.411 2074.06
Iteration 614  HV  cores 1435 1424 2  time 302.799 316.411 2078.29
Iteration 615  HV  cores 1439 1428 4  time 303.077 316.411 2082.51
Iteration 616  HV  cores 1443 1432 4  time 303.603 316.411 2086.69
Iteration 617  HV  cores 1447 1436 4  time 303.837 316.411 2090.88
Iteration 618  HV  cores 1450 1439 3  time 304.35 316.411 2095.06
Iteration 619  HV  cores 1454 1443 4  time 304.987 316.411 2099.2
Iteration 620  HV  cores 1455 1444 1  time 305.22 316.411 2103.33
Iteration 621  HV  cores 1456 1445 1  time 305.315 316.411 2107.46
Iteration 622  HV  cores 1457 1446 1  time 305.356 316.411 2111.6
Iteration 623  HV  cores 1460 1449 3  time 305.648 316.411 2115.73
Iteration 624  HV  cores 1462 1451 2  time 305.776 316.411 2119.86
Iteration 625  HV  cores 1464 1453 2  time 306.485 316.411 2124.02
Iteration 626  HV  cores 1468 1457 4  time 306.878 316.411 2128.16
Iteration 627  HV  cores 1470 1459 2  time 307.008 316.411 2132.3
Iteration 628  HV  cores 1473 1462 3  time 307.528 316.411 2136.46
Iteration 629  HV  cores 1477 1466 4  time 308.606 316.411 2140.61
Iteration 630  HV  cores 1478 1467 1  time 308.711 316.411 2144.78
Iteration 631  HV  cores 1482 1471 4  time 309.151 316.411 2148.92
Iteration 632  HV  cores 1483 1472 1  time 309.346 316.411 2153.06
Iteration 633 MHV  lb 3750510417439 ub 3764069506916  time 309.356 331.843 2153.06
Iteration 634  HV  cores 1486 1475 3  time 309.638 331.843 2157.37
Iteration 635  HV  cores 1490 1479 4  time 309.894 331.843 2161.68
Iteration 636  HV  cores 1494 1483 4  time 310.536 331.843 2165.96
Iteration 637 MHV  lb 3750510417699 ub 3764069152349  time 310.547 344.024 2165.96
Iteration 638  HV  cores 1497 1486 3  time 311.104 344.024 2170.24
Iteration 639  HV  cores 1500 1489 3  time 311.25 344.024 2174.51
Iteration 640  HV  cores 1504 1493 4  time 311.824 344.024 2178.75
Iteration 641  HV  cores 1508 1497 4  time 312.484 344.024 2182.99
Iteration 642  HV  cores 1512 1501 4  time 313.277 344.024 2187.22
Iteration 643  HV  cores 1514 1503 2  time 313.449 344.024 2191.44
Iteration 644  HV  cores 1517 1506 3  time 314.166 344.024 2195.68
Iteration 645  HV  cores 1521 1510 4  time 314.517 344.024 2199.9
Iteration 646  HV  cores 1526 1515 5  time 314.753 344.024 2204.1
Iteration 647  HV  cores 1527 1516 1  time 314.848 344.024 2208.28
Iteration 648  HV  cores 1528 1517 1  time 315.603 344.024 2212.48
Iteration 649  HV  cores 1533 1522 5  time 316.256 344.024 2216.69
Iteration 650  HV  cores 1537 1526 4  time 316.614 344.024 2220.87
Iteration 651  HV  cores 1539 1528 2  time 316.74 344.024 2225.06
Iteration 652  HV  cores 1542 1531 3  time 317.231 344.024 2229.24
Iteration 653  HV  cores 1543 1532 1  time 317.411 344.024 2233.48
Iteration 654  HV  cores 1547 1536 4  time 317.857 344.024 2237.79
Iteration 655  HV  cores 1551 1540 4  time 318.49 344.024 2241.97
Iteration 656  HV  cores 1552 1541 1  time 318.637 344.024 2246.16
Iteration 657  HV  cores 1555 1544 3  time 319.508 344.024 2250.35
Iteration 658  HV  cores 1560 1549 5  time 320.207 344.024 2254.54
Iteration 659  HV  cores 1562 1551 2  time 320.747 344.024 2258.71
Iteration 660  HV  cores 1563 1552 1  time 320.859 344.024 2262.89
Iteration 661 MHV  lb 3750510419463 ub 3764069152322  time 320.869 359.995 2262.89
Iteration 662  HV  cores 1567 1556 4  time 321.212 359.995 2267.25
Iteration 663  HV  cores 1570 1559 3  time 321.941 359.995 2271.59
Iteration 664  HV  cores 1575 1564 5  time 322.954 359.995 2275.92
Iteration 665 MHV  lb 3750510420229 ub 3764068972459  time 322.965 373.439 2275.92
Iteration 666  HV  cores 1579 1568 4  time 323.889 373.439 2280.24
Iteration 667  HV  cores 1582 1571 3  time 324.216 373.439 2284.53
Iteration 668  HV  cores 1586 1575 4  time 324.705 373.439 2288.8
Iteration 669  HV  cores 1590 1579 4  time 325.5 373.439 2293.06
Iteration 670 MHV  lb 3750510425860 ub 3764068332213  time 325.511 389.938 2293.06
Iteration 671  HV  cores 1593 1582 3  time 326.096 389.938 2297.37
Iteration 672  HV  cores 1596 1585 3  time 326.32 389.938 2301.67
Iteration 673  HV  cores 1600 1589 4  time 326.972 389.938 2305.93
Iteration 674  HV  cores 1601 1590 1  time 327.028 389.938 2310.2
Iteration 675  HV  cores 1604 1593 3  time 327.472 389.938 2314.45
Iteration 676  HV  cores 1605 1594 1  time 328.365 389.938 2318.67
Iteration 677  HV  cores 1610 1598 5  time 328.633 389.938 2322.86
Iteration 678  HV  cores 1611 1599 1  time 328.736 389.938 2327.05
Iteration 679  HV  cores 1614 1602 3  time 329.612 389.938 2331.27
Iteration 680  HV  cores 1615 1603 1  time 330.233 389.938 2335.48
Iteration 681  HV  cores 1617 1605 2  time 330.41 389.938 2339.68
Iteration 682  HV  cores 1619 1607 2  time 330.708 389.938 2343.89
Iteration 683  HV  cores 1621 1609 2  time 330.889 389.938 2348.1
Iteration 684  HV  cores 1623 1611 2  time 331.93 389.938 2352.28
Iteration 685  HV  cores 1625 1613 2  time 332.09 389.938 2356.47
Iteration 686  HV  cores 1626 1614 1  time 332.123 389.938 2360.65
Iteration 687  HV  cores 1628 1616 2  time 332.339 389.938 2364.86
Iteration 688  HV  cores 1631 1619 3  time 332.776 389.938 2369.07
Iteration 689  HV  cores 1633 1621 2  time 333.803 389.938 2373.28
Iteration 690  HV  cores 1638 1626 5  time 334.226 389.938 2377.47
Iteration 691  HV  cores 1640 1628 2  time 334.334 389.938 2381.68
Iteration 692  HV  cores 1643 1631 3  time 334.501 389.938 2385.9
Iteration 693  HV  cores 1647 1635 4  time 334.777 389.938 2390.08
Iteration 694  HV  cores 1648 1636 1  time 334.811 389.938 2394.28
Iteration 695  HV  cores 1650 1638 2  time 335.019 389.938 2398.49
Iteration 696  HV  cores 1652 1640 2  time 335.188 389.938 2402.68
Iteration 697  HV  cores 1654 1642 2  time 335.433 389.938 2406.87
Iteration 698  HV  cores 1656 1644 2  time 335.566 389.938 2411.1
Iteration 699  HV  cores 1661 1648 5  time 335.836 389.938 2415.3
Iteration 700 MHV  lb 3750512403305 ub 3764068332212  time 335.848 410.498 2415.3
Iteration 701  HV  cores 1665 1652 4  time 336.495 410.498 2419.75
Iteration 702  HV  cores 1669 1656 4  time 337.048 410.498 2424.19
Iteration 703  HV  cores 1672 1659 3  time 337.236 410.498 2428.6
Iteration 704 MHV  lb 3750512403428 ub 3764066491857  time 337.248 423.072 2428.6
Iteration 705  HV  cores 1676 1663 4  time 337.609 423.072 2433
Iteration 706  HV  cores 1678 1665 2  time 337.794 423.072 2437.39
Iteration 707  HV  cores 1682 1669 4  time 338.371 423.072 2441.75
Iteration 708  HV  cores 1686 1673 4  time 338.769 423.072 2446.09
Iteration 709  HV  cores 1690 1677 4  time 339.244 423.072 2450.42
Iteration 710  HV  cores 1694 1681 4  time 340.593 423.072 2454.72
Iteration 711  HV  cores 1698 1685 4  time 341.439 423.072 2459.01
Iteration 712  HV  cores 1701 1688 3  time 342.212 423.072 2463.29
Iteration 713  HV  cores 1705 1692 4  time 343.138 423.072 2467.57
Iteration 714  HV  cores 1710 1697 5  time 343.396 423.072 2471.79
Iteration 715  HV  cores 1713 1700 3  time 343.574 423.072 2476.05
Iteration 716  HV  cores 1717 1704 4  time 343.78 423.072 2480.28
Iteration 717  HV  cores 1719 1706 2  time 343.856 423.072 2484.48
Iteration 718  HV  cores 1720 1707 1  time 343.959 423.072 2488.68
Iteration 719  HV  cores 1722 1709 2  time 344.12 423.072 2492.89
Iteration 720  HV  cores 1723 1710 1  time 344.196 423.072 2497.08
Iteration 721 MHV  lb 3750512482940 ub 3764066491854  time 344.206 446.011 2497.08
Iteration 722  HV  cores 1727 1714 4  time 344.949 446.011 2501.51
Iteration 723  HV  cores 1731 1718 4  time 345.226 446.011 2505.94
Iteration 724  HV  cores 1734 1721 3  time 345.448 446.011 2510.35
Iteration 725 MHV  lb 3750512483736 ub 3762543585568  time 345.459 463.759 2510.35
Iteration 726  HV  cores 1738 1725 4  time 346.112 463.759 2514.73
Iteration 727  HV  cores 1741 1728 3  time 346.439 463.759 2519.09
Iteration 728  HV  cores 1744 1731 3  time 347.969 463.759 2523.44
Iteration 729  HV  cores 1748 1735 4  time 348.571 463.759 2527.77
Iteration 730  HV  cores 1752 1739 4  time 349.63 463.759 2532.08
Iteration 731  HV  cores 1756 1743 4  time 350.284 463.759 2536.36
Iteration 732  HV  cores 1759 1746 3  time 350.411 463.759 2540.64
Iteration 733  HV  cores 1761 1748 2  time 351.524 463.759 2544.9
Iteration 734  HV  cores 1765 1752 4  time 352.005 463.759 2549.14
Iteration 735  HV  cores 1769 1756 4  time 352.611 463.759 2553.35
Iteration 736  HV  cores 1770 1757 1  time 352.694 463.759 2557.59
Iteration 737  HV  cores 1774 1761 4  time 353.005 463.759 2561.81
Iteration 738  HV  cores 1775 1762 1  time 353.058 463.759 2566.02
Iteration 739  HV  cores 1777 1764 2  time 353.32 463.759 2570.25
Iteration 740  HV  cores 1780 1767 3  time 353.693 463.759 2574.48
Iteration 741  HV  cores 1782 1769 2  time 354.611 463.759 2578.69
Iteration 742  HV  cores 1784 1771 2  time 354.882 463.759 2582.9
Iteration 743  HV  cores 1786 1773 2  time 355.098 463.759 2587.14
Iteration 744  HV  cores 1789 1776 3  time 355.851 463.759 2591.35
Iteration 745  HV  cores 1791 1778 2  time 356.149 463.759 2595.57
Iteration 746 MHV  lb 3750512485892 ub 3762543585567  time 356.16 487.063 2595.57
Iteration 747  HV  cores 1795 1782 4  time 356.473 487.063 2599.95
Iteration 748  HV  cores 1799 1786 4  time 357.111 487.063 2604.32
Iteration 749  HV  cores 1803 1790 4  time 357.548 487.063 2608.66
Iteration 750  HV  cores 1805 1792 2  time 357.863 487.063 2612.97
Iteration 751  HV  cores 1808 1795 3  time 358.614 487.063 2617.25
Iteration 752 MHV  lb 3750512490850 ub 3762521815568  time 358.624 509.823 2617.25
Iteration 753  HV  cores 1812 1799 4  time 359.166 509.823 2621.68
Iteration 754  HV  cores 1816 1803 4  time 359.352 509.823 2626.11
Iteration 755  HV  cores 1821 1808 5  time 360.229 509.823 2630.52
Iteration 756  HV  cores 1823 1810 2  time 361.022 509.823 2634.89
Iteration 757  HV  cores 1827 1814 4  time 361.427 509.823 2639.24
Iteration 758  HV  cores 1830 1817 3  time 361.697 509.823 2643.58
Iteration 759  HV  cores 1834 1821 4  time 362.032 509.823 2647.88
Iteration 760  HV  cores 1837 1824 3  time 362.413 509.823 2652.19
Iteration 761  HV  cores 1840 1827 3  time 363.595 509.823 2656.48
Iteration 762  HV  cores 1843 1830 3  time 363.682 509.823 2660.78
Iteration 763  HV  cores 1846 1833 3  time 363.919 509.823 2665.07
Iteration 764  HV  cores 1848 1835 2  time 364.558 509.823 2669.36
Iteration 765  HV  cores 1850 1837 2  time 364.785 509.823 2673.66
Iteration 766  HV  cores 1852 1839 2  time 365.066 509.823 2677.95
Iteration 767  HV  cores 1855 1842 3  time 366.011 509.823 2682.27
Iteration 768  HV  cores 1859 1846 4  time 367.15 509.823 2686.57
Iteration 769  HV  cores 1860 1847 1  time 367.195 509.823 2690.86
Iteration 770  HV  cores 1862 1849 2  time 367.395 509.823 2695.15
Iteration 771  HV  cores 1863 1850 1  time 367.44 509.823 2699.45
Iteration 772  HV  cores 1864 1851 1  time 367.47 509.823 2703.75
Iteration 773  HV  cores 1866 1852 2  time 367.904 509.823 2708.06
Iteration 774  HV  cores 1868 1854 2  time 368.246 509.823 2712.35
