lb 4960307596207 ub 512409557603043100 before adjustment
lb 0 ub 512404597295446893 after adjustment
costs ready
ub 5908943755850 after 2nd adjustment
35 variables 630 functions 4960307596207 lb, 5908943755850 ub
Iteration 0  HV  cores 5 5 5  time 13.378 0 0.142841
Iteration 1 MHV  lb 4960307635227 ub 10869251352056  time 13.4334 2.82189 0.142841
Iteration 2  HV  cores 9 9 4  time 21.0208 2.82189 1.61522
Iteration 3 MHV  lb 4960307637897 ub 8437166461258  time 21.068 5.87368 1.61522
Iteration 4  HV  cores 14 14 5  time 45.1913 5.87368 88.7733
Iteration 5 MHV  lb 4960307808480 ub 6808140272266  time 45.2399 9.07063 88.7733
Iteration 6  HV  cores 18 18 4  time 102.3 9.07063 195.519
Iteration 7  HV  cores 21 21 3  time 225.251 9.07063 301.932
Iteration 8 MHV  lb 4960308057861 ub 6149075725731  time 225.3 12.3586 301.932
Iteration 9  HV  cores 25 25 4  time 238.929 12.3586 413.371
Iteration 10 MHV  lb 4960308064007 ub 6143832545977  time 238.978 15.7188 413.371
Iteration 11  HV  cores 29 29 4  time 259.026 15.7188 531.741
Iteration 12 MHV  lb 4960308073917 ub 5758771300846  time 259.076 19.2277 531.741
Iteration 13  HV  cores 32 32 3  time 268.406 19.2277 644.976
Iteration 14  HV  cores 35 35 3  time 290.501 19.2277 769.144
Iteration 15  HV  cores 38 38 3  time 429.467 19.2277 882.215
Iteration 16 MHV  lb 4960309952411 ub 5462863510546  time 429.517 22.4908 882.215
Iteration 17  HV  cores 42 42 4  time 513.254 22.4908 999.192
Iteration 18 MHV  lb 4960310046677 ub 5452971909983  time 513.306 25.9251 999.192
Iteration 19  HV  cores 46 46 4  time 541.616 25.9251 1116.35
Iteration 20  HV  cores 49 49 3  time 617.932 25.9251 1233.02
Iteration 21 MHV  lb 4960310917493 ub 5267834482204  time 617.983 29.4791 1233.02
Iteration 22  HV  cores 53 53 4  time 661.063 29.4791 1348.69
Iteration 23  HV  cores 55 55 2  time 718.12 29.4791 1462.39
Iteration 24 MHV  lb 4960310923725 ub 5227863329987  time 718.17 33.0031 1462.39
Iteration 25  HV  cores 58 58 3  time 779.26 33.0031 1576.61
Iteration 26  HV  cores 59 59 1  time 800.559 33.0031 1691.12
Iteration 27  HV  cores 60 59 1  time 803.156 33.0031 1809.21
Iteration 28 MHV  lb 4960310971752 ub 5124094909013  time 803.207 36.5331 1809.21
Iteration 29  HV  cores 63 62 3  time 816.292 36.5331 1924.47
Iteration 30  HV  cores 65 64 2  time 825.275 36.5331 2038.43
Iteration 31 MHV  lb 4960310974311 ub 5123942851671  time 825.326 40.2349 2038.43
Iteration 32  HV  cores 69 68 4  time 852.259 40.2349 2155.69
Iteration 33  HV  cores 71 70 2  time 857.759 40.2349 2270.95
Iteration 34 MHV  lb 4960311282457 ub 5047254159541  time 857.811 43.8375 2270.95
