lb 1133725847326 ub 512409557603043100 before adjustment
lb 0 ub 512408423877195774 after adjustment
costs ready
ub 3787984542962 after 2nd adjustment
22 variables 253 functions 1133725847326 lb, 3787984542962 ub
Iteration 0  lb 1133725907540 ub 4921710390288  cores 5 5 5  time 1.61486 0.655093
Iteration 1  lb 1133727418852 ub 4921710390288  cores 9 9 4  time 5.46178 1.38342
Iteration 2  lb 1133727501540 ub 4921710390288  cores 13 13 4  time 9.37615 2.13531
Iteration 3  lb 1133727543696 ub 4921710390288  cores 16 16 3  time 9.96249 2.88664
Iteration 4  lb 1133727623454 ub 4921710390288  cores 20 20 4  time 12.9099 3.634
Iteration 5  lb 1133727630447 ub 4921710390288  cores 23 23 3  time 13.5738 4.40747
Iteration 6  lb 1133727747227 ub 4921710390288  cores 26 26 3  time 14.7688 5.18203
Iteration 7  lb 1133727761516 ub 4921710390288  cores 30 30 4  time 15.2943 5.96918
Iteration 8  lb 1133727796481 ub 4921710390288  cores 33 33 3  time 17.0817 6.77215
Iteration 9  lb 1133727824441 ub 4921710390288  cores 36 36 3  time 18.1512 7.60532
Iteration 10  lb 1133727875128 ub 4921710390288  cores 39 39 3  time 20.0329 8.42934
Iteration 11  lb 1133727937565 ub 4921710390288  cores 43 43 4  time 23.7842 9.23216
Iteration 12  lb 1133727958042 ub 4921710390288  cores 48 48 5  time 25.3546 10.0508
Iteration 13  lb 1133728119185 ub 4921710390288  cores 52 52 4  time 27.7788 10.8808
Iteration 14  lb 1133728166250 ub 4921710390288  cores 56 56 4  time 29.9597 11.7282
Iteration 15  lb 1133728244400 ub 4921710390288  cores 60 60 4  time 30.982 12.5716
Iteration 16  lb 1133728294435 ub 4921710390288  cores 64 63 4  time 33.7398 13.4535
Iteration 17  lb 1133728375636 ub 4921710390288  cores 67 66 3  time 34.9293 14.3248
Iteration 18  lb 1133728402703 ub 4921710390288  cores 71 70 4  time 36.9888 15.2046
Iteration 19  lb 1133728451756 ub 4921710390288  cores 74 73 3  time 39.1274 16.0959
Iteration 20  lb 1133728527558 ub 4921710390288  cores 77 76 3  time 41.6732 16.925
Iteration 21  lb 1133728562305 ub 4921710390288  cores 80 78 3  time 42.4462 17.7548
Iteration 22  lb 1133728686610 ub 4921710390288  cores 83 81 3  time 44.5026 18.6192
Iteration 23  lb 1133728738459 ub 4921710390288  cores 86 84 3  time 45.0237 19.4918
Iteration 24  lb 1133728834798 ub 4921710390288  cores 90 88 4  time 46.3433 20.4405
Iteration 25  lb 1133728936514 ub 4921710390288  cores 93 91 3  time 48.4302 21.3937
Iteration 26  lb 1133728940863 ub 4921710390288  cores 97 94 4  time 49.0491 22.3584
Iteration 27  lb 1133728987457 ub 4921710390288  cores 100 97 3  time 50.4535 23.4948
Iteration 28  lb 1133728995962 ub 4921710390288  cores 104 101 4  time 52.1115 24.4503
Iteration 29  lb 1133729022464 ub 4921710390288  cores 107 103 3  time 53.7249 25.3654
Iteration 30  lb 1133729144147 ub 4921710390288  cores 111 107 4  time 54.6588 26.2867
Iteration 31  lb 1133729189532 ub 4921710390288  cores 114 110 3  time 56.1797 27.2485
Iteration 32  lb 1133729231150 ub 4921710390288  cores 117 112 3  time 57.3093 28.1874
Iteration 33  lb 1133729253637 ub 4921710390288  cores 120 115 3  time 58.6798 29.1929
Iteration 34  lb 1133729272781 ub 4921710390288  cores 123 118 3  time 61.8079 30.1472
Iteration 35  lb 1133729403629 ub 4921710390288  cores 126 121 3  time 63.972 31.1834
Iteration 36  lb 1133729434050 ub 4921710390288  cores 129 124 3  time 65.0069 32.1493
Iteration 37  lb 1133730030223 ub 4921710390288  cores 132 127 3  time 68.1988 33.0191
Iteration 38  lb 1133730219410 ub 4921710390288  cores 134 128 2  time 69.0844 33.8877
Iteration 39  lb 1133730572311 ub 4921710390288  cores 136 130 2  time 70.5777 34.9556
Iteration 40  lb 1133730630520 ub 4921710390288  cores 139 133 3  time 72.1789 35.9727
Iteration 41  lb 1133730660123 ub 4921710390288  cores 142 136 3  time 73.1448 37.0751
Iteration 42  lb 1133730720606 ub 4921710390288  cores 145 139 3  time 74.2136 38.1052
Iteration 43  lb 1133730769148 ub 4921710390288  cores 147 141 2  time 75.2229 39.1748
Iteration 44  lb 1133730781813 ub 4921710390288  cores 150 144 3  time 75.8298 40.1677
Iteration 45  lb 1133730796241 ub 4921710390288  cores 153 147 3  time 76.4273 41.1641
Iteration 46  lb 1133731072326 ub 4921710390288  cores 156 150 3  time 79.6379 42.181
Iteration 47  lb 1133731306200 ub 4921710390288  cores 159 153 3  time 80.2385 43.6777
Iteration 48  lb 1133731393814 ub 4921710390288  cores 162 156 3  time 81.847 45.0218
Iteration 49  lb 1133731403190 ub 4921710390288  cores 165 159 3  time 84.1115 46.0195
Iteration 50  lb 1133731498893 ub 4921710390288  cores 168 162 3  time 85.3667 47.4701
Iteration 51  lb 1133731650235 ub 4921710390288  cores 171 165 3  time 86.2545 48.6103
Iteration 52  lb 1133731758124 ub 4921710390288  cores 174 168 3  time 86.9365 49.6866
Iteration 53  lb 1133731797393 ub 4921710390288  cores 177 171 3  time 87.9958 50.9218
Iteration 54  lb 1133732110457 ub 4921710390288  cores 180 174 3  time 89.2884 52.2858
Iteration 55  lb 1133732290010 ub 4921710390288  cores 183 177 3  time 89.7021 53.7037
Iteration 56  lb 1133732312090 ub 4921710390288  cores 186 180 3  time 90.4713 55.1252
Iteration 57  lb 1133732317426 ub 4921710390288  cores 189 182 3  time 90.6634 56.6681
Iteration 58  lb 1133732350280 ub 4921710390288  cores 192 185 3  time 91.2446 58.3862
Iteration 59  lb 1133732390504 ub 4921710390288  cores 195 188 3  time 91.649 59.966
Iteration 60  lb 1133732467598 ub 4921710390288  cores 198 191 3  time 92.7484 61.9356
Iteration 61  lb 1133732472149 ub 4921710390288  cores 201 194 3  time 93.0385 64.06
Iteration 62  lb 1133732527101 ub 4921710390288  cores 204 197 3  time 94.5239 65.4721
Iteration 63  lb 1133732597621 ub 4921710390288  cores 207 200 3  time 95.5974 67.0322
Iteration 64  lb 1133732609594 ub 4921710390288  cores 210 203 3  time 97.0976 68.4127
Iteration 65  lb 1133732672350 ub 4921710390288  cores 213 205 3  time 97.7134 69.6585
Iteration 66  lb 1133732910263 ub 4921710390288  cores 216 208 3  time 98.297 72.0331
Iteration 67  lb 1133733026667 ub 4921710390288  cores 219 209 3  time 98.7874 74.5091
Iteration 68  lb 1133733044492 ub 4921710390288  cores 222 211 3  time 100.169 76.9735
Iteration 69  lb 1133733046651 ub 4921710390288  cores 225 214 3  time 101.541 79.4137
Iteration 70  lb 1133733064163 ub 4921710390288  cores 228 216 3  time 102.322 81.5605
Iteration 71  lb 1133733080829 ub 4921710390288  cores 231 218 3  time 102.618 83.9985
Iteration 72  lb 1133733090873 ub 4921710390288  cores 234 219 3  time 102.877 86.3935
Iteration 73  lb 1133733098851 ub 4921710390288  cores 237 221 3  time 103.428 88.9557
Iteration 74  lb 1133733117496 ub 4921710390288  cores 240 223 3  time 103.669 91.1719
Iteration 75  lb 1133733122322 ub 4921710390288  cores 243 226 3  time 104.718 93.873
Iteration 76  lb 1133733131510 ub 4921710390288  cores 246 229 3  time 104.923 96.5145
Iteration 77  lb 1133733151016 ub 4921710390288  cores 249 232 3  time 105.144 98.3127
Iteration 78  lb 1133733169766 ub 4921710390288  cores 252 235 3  time 106.556 100.799
Iteration 79  lb 1133733201249 ub 4921710390288  cores 255 237 3  time 106.875 104.091
Iteration 80  lb 1133733208471 ub 4921710390288  cores 258 240 3  time 107.663 106.152
Iteration 81  lb 1133733217999 ub 4921710390288  cores 261 243 3  time 107.878 108.575
Iteration 82  lb 1133733218747 ub 4921710390288  cores 264 245 3  time 108.175 111.975
Iteration 83  lb 1133733218818 ub 4921710390288  cores 267 248 3  time 108.543 115.065
Iteration 84  lb 1133736918152 ub 4921710390288  cores 270 251 3  time 110.901 117.027
Iteration 85  lb 1133736956914 ub 4921710390288  cores 273 254 3  time 111.129 118.849
Iteration 86  lb 1133736997591 ub 4921710390288  cores 276 257 3  time 111.539 121.716
Iteration 87  lb 1133737099713 ub 4921710390288  cores 279 260 3  time 112.04 123.686
Iteration 88  lb 1133737112545 ub 4921710390288  cores 282 263 3  time 112.787 126.211
Iteration 89  lb 1133737127684 ub 4921710390288  cores 285 266 3  time 112.927 127.817
Iteration 90  lb 1133737134070 ub 4921710390288  cores 288 269 3  time 113.158 129.861
Iteration 91  lb 1133737147844 ub 4921710390288  cores 291 271 3  time 113.884 132.265
Iteration 92  lb 1133737164826 ub 4921710390288  cores 294 273 3  time 114.35 133.973
Iteration 93  lb 1133737186680 ub 4921710390288  cores 297 275 3  time 114.582 135.997
Iteration 94  lb 1133737235734 ub 4921710390288  cores 300 277 3  time 114.78 137.576
Iteration 95  lb 1133737419167 ub 4921710390288  cores 303 279 3  time 115.837 139.092
Iteration 96  lb 1133737425226 ub 4921710390288  cores 306 281 3  time 116.049 141.191
Iteration 97  lb 1133737439070 ub 4921710390288  cores 309 284 3  time 116.219 142.867
Iteration 98  lb 1133737466462 ub 4921710390288  cores 312 286 3  time 116.625 144.6
Iteration 99  lb 1133737474053 ub 4921710390288  cores 315 289 3  time 116.884 146.264
Iteration 100  lb 1133737512503 ub 4921710390288  cores 318 290 3  time 117.271 148.525
Iteration 101  lb 1133737554771 ub 4921710390288  cores 321 292 3  time 117.904 150.289
Iteration 102  lb 1133737573391 ub 4921710390288  cores 324 294 3  time 118.633 151.848
Iteration 103  lb 1133737611308 ub 4921710390288  cores 327 297 3  time 119.062 153.843
Iteration 104  lb 1133737788404 ub 4921710390288  cores 330 298 3  time 119.661 156.31
Iteration 105  lb 1133738333666 ub 4921710390288  cores 333 301 3  time 120.544 158.544
Iteration 106  lb 1133738574809 ub 4921710390288  cores 336 302 3  time 121.238 160.564
Iteration 107  lb 1133738623026 ub 4921710390288  cores 339 304 3  time 121.488 162.381
Iteration 108  lb 1133738638451 ub 4921710390288  cores 342 306 3  time 121.781 164.444
Iteration 109  lb 1133738698609 ub 4921710390288  cores 345 309 3  time 124.397 166.306
Iteration 110  lb 1133738768910 ub 4921710390288  cores 348 311 3  time 125.745 169.299
Iteration 111  lb 1133738859752 ub 4921710390288  cores 351 313 3  time 126.334 171.281
Iteration 112  lb 1133738878711 ub 4921710390288  cores 354 316 3  time 126.804 172.969
Iteration 113  lb 1133738910064 ub 4921710390288  cores 357 315 3  time 127.165 175.332
Iteration 114  lb 1133738962799 ub 4921710390288  cores 360 316 3  time 127.617 177.288
Iteration 115  lb 1133739043725 ub 4921710390288  cores 363 318 3  time 128.326 179.317
Iteration 116  lb 1133739089680 ub 4921710390288  cores 366 320 3  time 128.639 181.384
Iteration 117  lb 1133739097312 ub 4921710390288  cores 369 322 3  time 128.811 183.905
Iteration 118  lb 1133739112235 ub 4921710390288  cores 372 324 3  time 129.265 185.741
Iteration 119  lb 1133739283087 ub 4921710390288  cores 375 327 3  time 130.222 188.425
Iteration 120  lb 1133739316323 ub 4921710390288  cores 378 329 3  time 130.924 190.823
Iteration 121  lb 1133739493042 ub 4921710390288  cores 381 332 3  time 131.292 194.189
Iteration 122  lb 1133739689455 ub 4921710390288  cores 384 334 3  time 132.044 196.925
Iteration 123  lb 1133739740385 ub 4921710390288  cores 387 337 3  time 132.142 200.716
Iteration 124  lb 1133739805733 ub 4921710390288  cores 390 340 3  time 132.32 203.291
Iteration 125  lb 1133739817700 ub 4921710390288  cores 393 343 3  time 132.478 206.098
Iteration 126  lb 1133739840259 ub 4921710390288  cores 396 346 3  time 133.046 209.12
Iteration 127  lb 1133739878614 ub 4921710390288  cores 399 348 3  time 133.457 210.88
Iteration 128  lb 1133740183389 ub 4921710390288  cores 402 350 3  time 133.876 214.876
Iteration 129  lb 1133740229423 ub 4921710390288  cores 405 352 3  time 134.977 217.629
Iteration 130  lb 1133740260599 ub 4921710390288  cores 408 354 3  time 135.521 220.698
Iteration 131  lb 1133740269821 ub 4921710390288  cores 411 357 3  time 136.198 223.722
Iteration 132  lb 1133740303635 ub 4921710390288  cores 414 359 3  time 136.472 226.466
Iteration 133  lb 1133740313095 ub 4921710390288  cores 417 362 3  time 136.765 229.617
Iteration 134  lb 1133740369050 ub 4921710390288  cores 420 364 3  time 137.562 232.457
Iteration 135  lb 1133740388505 ub 4921710390288  cores 422 365 2  time 137.66 234.497
Iteration 136  lb 1133740412010 ub 4921710390288  cores 424 366 2  time 138.258 238.117
Iteration 137  lb 1133740505614 ub 4921710390288  cores 427 368 3  time 138.536 241.292
Iteration 138  lb 1133740543436 ub 4921710390288  cores 430 370 3  time 138.824 244.221
Iteration 139  lb 1133740545880 ub 4921710390288  cores 433 373 3  time 139.118 247.281
Iteration 140  lb 1133740575412 ub 4921710390288  cores 436 375 3  time 139.623 250.61
Iteration 141  lb 1133740615464 ub 4921710390288  cores 439 377 3  time 139.891 253.604
Iteration 142  lb 1133740618300 ub 4921710390288  cores 441 378 2  time 140.014 256.482
Iteration 143  lb 1133740625346 ub 4921710390288  cores 444 379 3  time 140.581 259.158
Iteration 144  lb 1133740631879 ub 4921710390288  cores 447 381 3  time 141.08 262.333
Iteration 145  lb 1133740645334 ub 4921710390288  cores 450 383 3  time 141.679 265.448
Iteration 146  lb 1133740845273 ub 4921710390288  cores 453 386 3  time 142.397 268.925
Iteration 147  lb 1133740870736 ub 4921710390288  cores 456 389 3  time 142.641 271.925
Iteration 148  lb 1133740888759 ub 4921710390288  cores 459 392 3  time 143.253 274.948
Iteration 149  lb 1133740896469 ub 4921710390288  cores 462 394 3  time 143.972 278.845
Iteration 150  lb 1133740936730 ub 4921710390288  cores 465 397 3  time 144.186 281.964
Iteration 151  lb 1133740941335 ub 4921710390288  cores 468 399 3  time 144.371 285.192
Iteration 152  lb 1133740963795 ub 4921710390288  cores 471 401 3  time 144.544 288.762
Iteration 153  lb 1133740983561 ub 4921710390288  cores 474 403 3  time 145.068 292.278
Iteration 154  lb 1133740998728 ub 4921710390288  cores 477 406 3  time 145.31 295.877
Iteration 155  lb 1133741037732 ub 4921710390288  cores 480 408 3  time 145.681 300.033
Iteration 156  lb 1133741052766 ub 4921710390288  cores 483 410 3  time 145.824 304.629
Iteration 157  lb 1133741068362 ub 4921710390288  cores 486 413 3  time 145.941 309.671
Iteration 158  lb 1133741073702 ub 4921710390288  cores 489 415 3  time 146.049 314.278
Iteration 159  lb 1133741074182 ub 4921710390288  cores 492 418 3  time 146.557 317.482
Iteration 160  lb 1133741080576 ub 4921710390288  cores 495 420 3  time 146.707 320.66
Iteration 161  lb 1133741084598 ub 4921710390288  cores 498 422 3  time 146.879 323.847
Iteration 162  lb 1133741091520 ub 4921710390288  cores 501 424 3  time 147.782 327.822
Iteration 163  lb 1133741115283 ub 4921710390288  cores 504 425 3  time 147.93 330.488
Iteration 164  lb 1133741117479 ub 4921710390288  cores 507 427 3  time 148.102 332.882
Iteration 165  lb 1133741150977 ub 4921710390288  cores 510 428 3  time 148.309 336.029
Iteration 166  lb 1133741153456 ub 4921710390288  cores 513 429 3  time 148.416 338.901
Iteration 167  lb 1133741165755 ub 4921710390288  cores 516 429 3  time 148.638 343.426
Iteration 168  lb 1133741178088 ub 4921710390288  cores 519 431 3  time 148.75 346.783
Iteration 169  lb 1133741181819 ub 4921710390288  cores 522 434 3  time 148.858 351.304
Iteration 170  lb 1133741195538 ub 4921710390288  cores 525 437 3  time 148.991 355.422
Iteration 171  lb 1133741196200 ub 4921710390288  cores 528 440 3  time 149.343 359.796
Iteration 172  lb 1133741220381 ub 4921710390288  cores 531 442 3  time 149.75 363.372
Iteration 173  lb 1133741230751 ub 4921710390288  cores 534 444 3  time 149.898 367.622
Iteration 174  lb 1133741232294 ub 4921710390288  cores 537 446 3  time 150.069 372.528
Iteration 175  lb 1133741233755 ub 4921710390288  cores 540 449 3  time 150.64 376.708
Iteration 176  lb 1133741236869 ub 4921710390288  cores 543 452 3  time 150.87 381.187
Iteration 177  lb 1133741257015 ub 4921710390288  cores 546 455 3  time 151.615 385.509
Iteration 178  lb 1133741298859 ub 4921710390288  cores 549 458 3  time 152.508 389.333
Iteration 179  lb 1133741370844 ub 4921710390288  cores 552 461 3  time 153.599 394.177
Iteration 180  lb 1133741373915 ub 4921710390288  cores 555 463 3  time 154.593 397.775
Iteration 181  lb 1133741470170 ub 4921710390288  cores 558 466 3  time 155.028 402.197
Iteration 182  lb 1133741485752 ub 4921710390288  cores 561 469 3  time 155.18 406.095
Iteration 183  lb 1133741496729 ub 4921710390288  cores 564 471 3  time 155.388 410.516
Iteration 184  lb 1133741498677 ub 4921710390288  cores 567 472 3  time 155.524 413.661
Iteration 185  lb 1133741504790 ub 4921710390288  cores 570 474 3  time 155.882 417.035
Iteration 186  lb 1133741505383 ub 4921710390288  cores 573 476 3  time 156.033 421.697
Iteration 187  lb 1133741511194 ub 4921710390288  cores 576 478 3  time 156.14 426.498
Iteration 188  lb 1133741551127 ub 4921710390288  cores 579 480 3  time 156.722 429.819
Iteration 189  lb 1133741557687 ub 4921710390288  cores 582 483 3  time 157.103 432.935
Iteration 190  lb 1133741563108 ub 4921710390288  cores 585 486 3  time 158.357 435.322
Iteration 191  lb 1133741569122 ub 4921710390288  cores 588 488 3  time 158.741 438.3
Iteration 192  lb 1133741671139 ub 4921710390288  cores 591 491 3  time 159.387 442.802
Iteration 193  lb 1133741706904 ub 4921710390288  cores 594 493 3  time 159.64 445.85
Iteration 194  lb 1133741716197 ub 4921710390288  cores 597 495 3  time 159.87 448.788
Iteration 195  lb 1133741746795 ub 4921710390288  cores 600 497 3  time 160.643 452.817
Iteration 196  lb 1133741802637 ub 4921710390288  cores 603 499 3  time 161.08 457.177
Iteration 197  lb 1133741831794 ub 4921710390288  cores 606 502 3  time 161.47 461.634
Iteration 198  lb 1133741841917 ub 4921710390288  cores 609 503 3  time 161.932 465.155
Iteration 199  lb 1133741853504 ub 4921710390288  cores 612 506 3  time 162.162 467.876
Iteration 200  lb 1133741861748 ub 4921710390288  cores 615 509 3  time 162.635 472.689
Iteration 201  lb 1133742040084 ub 4921710390288  cores 618 511 3  time 163.144 477.405
Iteration 202  lb 1133742091312 ub 4921710390288  cores 622 515 4  time 165.123 481.497
Iteration 203  lb 1133742199866 ub 4921710390288  cores 625 518 3  time 167.457 486.338
Iteration 204  lb 1133742227425 ub 4921710390288  cores 628 521 3  time 169.255 490.418
Iteration 205  lb 1133742240400 ub 4921710390288  cores 631 524 3  time 170.155 495.65
Iteration 206  lb 1133742280380 ub 4921710390288  cores 634 527 3  time 171.099 500.936
Iteration 207  lb 1133742348912 ub 4921710390288  cores 637 530 3  time 172.457 506.424
Iteration 208  lb 1133742360388 ub 4921710390288  cores 640 533 3  time 172.719 510.92
Iteration 209  lb 1133742443731 ub 4921710390288  cores 642 535 2  time 173.862 515.795
Iteration 210  lb 1133742526095 ub 4921710390288  cores 645 538 3  time 174.154 520.134
Iteration 211  lb 1133744454079 ub 4921710390288  cores 648 541 3  time 175.84 523.265
Iteration 212  lb 1133744787442 ub 4921710390288  cores 651 543 3  time 176.337 527.008
Iteration 213  lb 1133744907041 ub 4921710390288  cores 654 546 3  time 177.01 533.167
Iteration 214  lb 1133744942713 ub 4921710390288  cores 657 549 3  time 177.387 537.052
Iteration 215  lb 1133744943433 ub 4921710390288  cores 660 551 3  time 177.504 541.229
Iteration 216  lb 1133744950916 ub 4921710390288  cores 663 554 3  time 177.944 546.184
Iteration 217  lb 1133744976511 ub 4921710390288  cores 666 557 3  time 178.661 550.268
Iteration 218  lb 1133744979605 ub 4921710390288  cores 669 560 3  time 178.888 554.719
Iteration 219  lb 1133745006921 ub 4921710390288  cores 672 563 3  time 179.027 558.907
Iteration 220  lb 1133745023655 ub 4921710390288  cores 675 566 3  time 179.281 564.225
Iteration 221  lb 1133745081555 ub 4921710390288  cores 678 568 3  time 179.547 568.235
Iteration 222  lb 1133745083386 ub 4921710390288  cores 681 571 3  time 179.775 572.115
Iteration 223  lb 1133745101904 ub 4921710390288  cores 684 573 3  time 180.917 576.739
Iteration 224  lb 1133745121406 ub 4921710390288  cores 687 575 3  time 181.249 580.845
Iteration 225  lb 1133745122030 ub 4921710390288  cores 690 578 3  time 181.369 584.336
Iteration 226  lb 1133745123743 ub 4921710390288  cores 693 581 3  time 181.478 588.31
Iteration 227  lb 1133745224928 ub 4921710390288  cores 696 584 3  time 182.025 593.472
Iteration 228  lb 1133745239749 ub 4921710390288  cores 699 586 3  time 182.852 598.84
Iteration 229  lb 1133745323513 ub 4921710390288  cores 702 589 3  time 183.416 604.337
Iteration 230  lb 1133745328998 ub 4921710390288  cores 704 591 2  time 183.679 608.626
Iteration 231  lb 1133745342364 ub 4921710390288  cores 707 594 3  time 183.9 614.664
Iteration 232  lb 1133745345502 ub 4921710390288  cores 710 596 3  time 184.019 620.127
Iteration 233  lb 1133745347095 ub 4921710390288  cores 713 598 3  time 184.222 625.376
Iteration 234  lb 1133745357011 ub 4921710390288  cores 716 601 3  time 184.537 631.296
Iteration 235  lb 1133745362513 ub 4921710390288  cores 719 603 3  time 184.745 636.421
Iteration 236  lb 1133745364827 ub 4921710390288  cores 721 604 2  time 184.827 641.929
Iteration 237  lb 1133745368239 ub 4921710390288  cores 724 607 3  time 185.235 646.115
Iteration 238  lb 1133745371758 ub 4921710390288  cores 727 610 3  time 185.866 652.105
Iteration 239  lb 1133745372283 ub 4921710390288  cores 730 612 3  time 186.073 658.345
Iteration 240  lb 1133745386382 ub 4921710390288  cores 733 614 3  time 186.518 663.705
Iteration 241  lb 1133745399915 ub 4921710390288  cores 736 617 3  time 187.023 669.293
Iteration 242  lb 1133745401580 ub 4921710390288  cores 739 620 3  time 187.528 675.227
Iteration 243  lb 1133745403967 ub 4921710390288  cores 742 623 3  time 187.693 682.431
Iteration 244  lb 1133745436077 ub 4921710390288  cores 745 625 3  time 188.044 688.435
Iteration 245  lb 1133745440558 ub 4921710390288  cores 747 627 2  time 188.137 695.028
Iteration 246  lb 1133745447037 ub 4921710390288  cores 749 628 2  time 188.686 700.994
Iteration 247  lb 1133745454095 ub 4921710390288  cores 752 631 3  time 189.102 707.898
Iteration 248  lb 1133745460486 ub 4921710390288  cores 754 632 2  time 189.194 713.814
Iteration 249  lb 1133745462821 ub 4921710390288  cores 756 634 2  time 189.321 719.108
Iteration 250  lb 1133745469430 ub 4921710390288  cores 759 636 3  time 189.941 723.959
Iteration 251  lb 1133745471548 ub 4921710390288  cores 762 638 3  time 190.126 729.987
Iteration 252  lb 1133745474760 ub 4921710390288  cores 765 641 3  time 190.299 736.527
Iteration 253  lb 1133745476050 ub 4921710390288  cores 768 644 3  time 190.531 743.49
Iteration 254  lb 1133745478841 ub 4921710390288  cores 771 646 3  time 190.694 749.889
Iteration 255  lb 1133745478967 ub 4921710390288  cores 774 649 3  time 191.302 756.28
Iteration 256  lb 1133745482886 ub 4921710390288  cores 777 651 3  time 191.988 762.945
Iteration 257  lb 1133745488695 ub 4921710390288  cores 780 654 3  time 192.219 767.887
Iteration 258  lb 1133745492320 ub 4921710390288  cores 783 657 3  time 192.369 775.221
Iteration 259  lb 1133745499244 ub 4921710390288  cores 786 660 3  time 192.93 781.816
Iteration 260  lb 1133745504249 ub 4921710390288  cores 789 663 3  time 193.218 787.668
Iteration 261  lb 1133745507870 ub 4921710390288  cores 792 666 3  time 193.398 793.989
Iteration 262  lb 1133745512426 ub 4921710390288  cores 795 669 3  time 193.808 801.727
Iteration 263  lb 1133745515398 ub 4921710390288  cores 798 672 3  time 194.158 809.658
Iteration 264  lb 1133745517165 ub 4921710390288  cores 800 674 2  time 194.27 815.328
Iteration 265  lb 1133745519696 ub 4921710390288  cores 803 676 3  time 194.674 822.314
Iteration 266  lb 1133745521326 ub 4921710390288  cores 806 679 3  time 194.999 828.419
Iteration 267  lb 1133745522781 ub 4921710390288  cores 808 681 2  time 196.35 834.387
Iteration 268  lb 1133745531849 ub 4921710390288  cores 811 683 3  time 197.2 840.993
Iteration 269  lb 1133745534045 ub 4921710390288  cores 814 685 3  time 197.392 846.525
Iteration 270  lb 1133745539577 ub 4921710390288  cores 816 686 2  time 197.5 853.356
Iteration 271  lb 1133745540912 ub 4921710390288  cores 818 687 2  time 197.593 858.043
Iteration 272  lb 1133745554412 ub 4921710390288  cores 820 688 2  time 197.685 863.889
Iteration 273  lb 1133745559334 ub 4921710390288  cores 823 689 3  time 198.272 870.347
Iteration 274  lb 1133745565459 ub 4921710390288  cores 826 692 3  time 198.566 876.376
Iteration 275  lb 1133745567277 ub 4921710390288  cores 829 695 3  time 198.969 882.247
Iteration 276  lb 1133745581102 ub 4921710390288  cores 832 698 3  time 199.185 887.134
Iteration 277  lb 1133745582244 ub 4921710390288  cores 835 701 3  time 199.557 893.136
Iteration 278  lb 1133745586857 ub 4921710390288  cores 838 704 3  time 199.717 899.279
Iteration 279  lb 1133745587792 ub 4921710390288  cores 841 707 3  time 200.326 906.979
Iteration 280  lb 1133745587870 ub 4921710390288  cores 843 708 2  time 200.432 914.425
Iteration 281  lb 1133745591976 ub 4921710390288  cores 845 709 2  time 200.532 921.94
Iteration 282  lb 1133745598186 ub 4921710390288  cores 847 710 2  time 200.632 930.254
Iteration 283  lb 1133745609961 ub 4921710390288  cores 850 713 3  time 200.812 939.375
Iteration 284  lb 1133745611869 ub 4921710390288  cores 853 716 3  time 201.368 948.188
Iteration 285  lb 1133745615631 ub 4921710390288  cores 856 718 3  time 201.52 955.275
Iteration 286  lb 1133745619062 ub 4921710390288  cores 858 720 2  time 201.85 962.354
Iteration 287  lb 1133745624119 ub 4921710390288  cores 860 722 2  time 202.5 969.594
Iteration 288  lb 1133745625747 ub 4921710390288  cores 863 724 3  time 203.437 976.383
Iteration 289  lb 1133745626216 ub 4921710390288  cores 866 727 3  time 203.932 982.532
Iteration 290  lb 1133745632474 ub 4921710390288  cores 869 730 3  time 204.504 990.053
Iteration 291  lb 1133745636290 ub 4921710390288  cores 871 732 2  time 204.62 997.736
Iteration 292  lb 1133745645585 ub 4921710390288  cores 873 732 2  time 204.739 1004.63
Iteration 293  lb 1133745648093 ub 4921710390288  cores 875 733 2  time 205.313 1012.58
Iteration 294  lb 1133745655502 ub 4921710390288  cores 878 735 3  time 205.463 1020.98
Iteration 295  lb 1133745656392 ub 4921710390288  cores 881 738 3  time 205.74 1028.99
Iteration 296  lb 1133745665596 ub 4921710390288  cores 883 739 2  time 206.457 1035.83
Iteration 297  lb 1133745667836 ub 4921710390288  cores 886 742 3  time 206.67 1042.67
Iteration 298  lb 1133745671956 ub 4921710390288  cores 888 744 2  time 207.274 1051.92
Iteration 299  lb 1133745672233 ub 4921710390288  cores 891 747 3  time 207.58 1059.64
Iteration 300  lb 1133745674641 ub 4921710390288  cores 894 749 3  time 207.775 1068.32
Iteration 301  lb 1133745678358 ub 4921710390288  cores 897 752 3  time 208.327 1076.03
Iteration 302  lb 1133745679956 ub 4921710390288  cores 899 754 2  time 208.469 1083.52
Iteration 303  lb 1133745681152 ub 4921710390288  cores 902 755 3  time 208.77 1092.35
Iteration 304  lb 1133745685830 ub 4921710390288  cores 905 757 3  time 209.022 1100.22
Iteration 305  lb 1133745687175 ub 4921710390288  cores 908 759 3  time 209.178 1108.7
Iteration 306  lb 1133745689835 ub 4921710390288  cores 910 761 2  time 209.372 1115.95
Iteration 307  lb 1133745690247 ub 4921710390288  cores 913 763 3  time 209.565 1123.98
Iteration 308  lb 1133745693615 ub 4921710390288  cores 916 766 3  time 209.702 1131.45
Iteration 309  lb 1133745693703 ub 4921710390288  cores 919 768 3  time 210.03 1139.61
Iteration 310  lb 1133745693842 ub 4921710390288  cores 922 771 3  time 210.205 1146.3
Iteration 311  lb 1133745693900 ub 4921710390288  cores 925 773 3  time 210.41 1152.7
Iteration 312  lb 1133745694248 ub 4921710390288  cores 928 776 3  time 210.795 1160.28
Iteration 313  lb 1133745698192 ub 4921710390288  cores 931 779 3  time 210.933 1167.25
Iteration 314  lb 1133745698780 ub 4921710390288  cores 934 781 3  time 211.685 1176.08
Iteration 315  lb 1133745704228 ub 4921710390288  cores 937 783 3  time 211.96 1184.6
Iteration 316  lb 1133745710040 ub 4921710390288  cores 940 784 3  time 212.852 1192
Iteration 317  lb 1133745716967 ub 4921710390288  cores 943 787 3  time 213.171 1200.13
Iteration 318  lb 1133745717347 ub 4921710390288  cores 946 790 3  time 213.518 1208.55
Iteration 319  lb 1133745717718 ub 4921710390288  cores 949 793 3  time 214.214 1216.99
Iteration 320  lb 1133745718071 ub 4921710390288  cores 952 796 3  time 214.418 1225.92
Iteration 321  lb 1133745718833 ub 4921710390288  cores 954 798 2  time 214.503 1235.65
Iteration 322  lb 1133745721822 ub 4921710390288  cores 957 799 3  time 214.711 1244.79
Iteration 323  lb 1133745721853 ub 4921710390288  cores 960 800 3  time 214.913 1253.77
Iteration 324  lb 1133745726335 ub 4921710390288  cores 963 803 3  time 215.059 1263.25
Iteration 325  lb 1133745731044 ub 4921710390288  cores 966 806 3  time 215.657 1272.45
Iteration 326  lb 1133745735360 ub 4921710390288  cores 968 807 2  time 215.749 1281.4
Iteration 327  lb 1133745735530 ub 4921710390288  cores 971 810 3  time 215.947 1289.59
Iteration 328  lb 1133745738251 ub 4921710390288  cores 973 812 2  time 216.067 1298.04
Iteration 329  lb 1133745738390 ub 4921710390288  cores 975 813 2  time 216.177 1307.08
Iteration 330  lb 1133745738587 ub 4921710390288  cores 977 814 2  time 216.313 1317.14
Iteration 331  lb 1133745740484 ub 4921710390288  cores 979 816 2  time 216.514 1325.87
Iteration 332  lb 1133745741982 ub 4921710390288  cores 982 819 3  time 216.645 1335.57
Iteration 333  lb 1133745745355 ub 4921710390288  cores 985 822 3  time 217.014 1343.92
Iteration 334  lb 1133745754362 ub 4921710390288  cores 988 824 3  time 217.532 1352.68
Iteration 335  lb 1133745755868 ub 4921710390288  cores 991 827 3  time 217.744 1361.88
Iteration 336  lb 1133745755898 ub 4921710390288  cores 994 829 3  time 217.916 1372.09
Iteration 337  lb 1133745756907 ub 4921710390288  cores 997 832 3  time 218.414 1379.54
Iteration 338  lb 1133745761669 ub 4921710390288  cores 1000 835 3  time 218.543 1387.53
Iteration 339  lb 1133745766860 ub 4921710390288  cores 1003 837 3  time 218.844 1396.63
Iteration 340  lb 1133745788536 ub 4921710390288  cores 1006 840 3  time 219.366 1405.58
Iteration 341  lb 1133745793388 ub 4921710390288  cores 1009 842 3  time 219.647 1415.14
Iteration 342  lb 1133745794982 ub 4921710390288  cores 1012 844 3  time 219.788 1423.7
Iteration 343  lb 1133745799780 ub 4921710390288  cores 1014 846 2  time 219.992 1432.3
Iteration 344  lb 1133745805455 ub 4921710390288  cores 1017 849 3  time 220.7 1442.15
Iteration 345  lb 1133745813022 ub 4921710390288  cores 1020 852 3  time 220.864 1454.03
Iteration 346  lb 1133745821070 ub 4921710390288  cores 1023 855 3  time 221.066 1461.68
Iteration 347  lb 1133745827896 ub 4921710390288  cores 1025 856 2  time 221.181 1470.62
Iteration 348  lb 1133745827643 ub 4921710390288  cores 1028 858 3  time 221.444 1480.64
Iteration 349  lb 1133745830819 ub 4921710390288  cores 1030 860 2  time 221.543 1488.85
Iteration 350  lb 1133745833168 ub 4921710390288  cores 1033 863 3  time 222.445 1498.15
Iteration 351  lb 1133745835104 ub 4921710390288  cores 1036 866 3  time 223.239 1509.29
Iteration 352  lb 1133745846473 ub 4921710390288  cores 1039 869 3  time 223.903 1516.06
Iteration 353  lb 1133745848494 ub 4921710390288  cores 1042 872 3  time 224.086 1525.3
Iteration 354  lb 1133745855421 ub 4921710390288  cores 1045 875 3  time 225.542 1534.39
Iteration 355  lb 1133745860389 ub 4921710390288  cores 1048 878 3  time 226.192 1543.43
Iteration 356  lb 1133745864528 ub 4921710390288  cores 1050 879 2  time 226.282 1551.97
Iteration 357  lb 1133745864772 ub 4921710390288  cores 1053 882 3  time 226.497 1559.84
Iteration 358  lb 1133745864821 ub 4921710390288  cores 1055 883 2  time 226.588 1568.25
Iteration 359  lb 1133745866616 ub 4921710390288  cores 1058 886 3  time 227.144 1575.99
Iteration 360  lb 1133745868190 ub 4921710390288  cores 1060 887 2  time 227.245 1584.24
Iteration 361  lb 1133745869593 ub 4921710390288  cores 1063 890 3  time 228.346 1591.13
Iteration 362  lb 1133745870529 ub 4921710390288  cores 1065 891 2  time 228.456 1599.01
Iteration 363  lb 1133745871057 ub 4921710390288  cores 1067 892 2  time 228.577 1606.4
Iteration 364  lb 1133745872027 ub 4921710390288  cores 1070 893 3  time 228.775 1615.06
Iteration 365  lb 1133745874286 ub 4921710390288  cores 1073 896 3  time 228.965 1623.57
Iteration 366  lb 1133745878206 ub 4921710390288  cores 1076 899 3  time 229.246 1631.45
Iteration 367  lb 1133745882417 ub 4921710390288  cores 1078 900 2  time 229.367 1639.62
Iteration 368  lb 1133745890238 ub 4921710390288  cores 1081 903 3  time 229.653 1649.35
Iteration 369  lb 1133745891319 ub 4921710390288  cores 1083 904 2  time 229.783 1658.73
Iteration 370  lb 1133745902401 ub 4921710390288  cores 1086 905 3  time 230.031 1667.61
Iteration 371  lb 1133745902838 ub 4921710390288  cores 1089 908 3  time 231.259 1676.14
Iteration 372  lb 1133745906640 ub 4921710390288  cores 1091 910 2  time 231.452 1685.51
Iteration 373  lb 1133745906714 ub 4921710390288  cores 1094 911 3  time 231.651 1696.54
Iteration 374  lb 1133745913888 ub 4921710390288  cores 1097 913 3  time 232.099 1705.22
Iteration 375  lb 1133745915986 ub 4921710390288  cores 1099 914 2  time 232.19 1715.37
Iteration 376  lb 1133745916168 ub 4921710390288  cores 1101 916 2  time 233.071 1724.86
Iteration 377  lb 1133745917353 ub 4921710390288  cores 1104 919 3  time 233.259 1734.28
Iteration 378  lb 1133745923093 ub 4921710390288  cores 1106 920 2  time 233.39 1743.06
Iteration 379  lb 1133745926556 ub 4921710390288  cores 1108 921 2  time 233.476 1753.86
Iteration 380  lb 1133745930944 ub 4921710390288  cores 1111 924 3  time 233.844 1762.36
Iteration 381  lb 1133745937837 ub 4921710390288  cores 1113 926 2  time 233.984 1771.42
Iteration 382  lb 1133745938620 ub 4921710390288  cores 1115 928 2  time 234.077 1780.66
Iteration 383  lb 1133745940802 ub 4921710390288  cores 1118 930 3  time 234.381 1789.66
Iteration 384  lb 1133745941528 ub 4921710390288  cores 1120 931 2  time 234.726 1798.95
Iteration 385  lb 1133745943047 ub 4921710390288  cores 1123 934 3  time 234.882 1805.78
Iteration 386  lb 1133745943382 ub 4921710390288  cores 1126 937 3  time 235.282 1816.13
Iteration 387  lb 1133745945773 ub 4921710390288  cores 1129 940 3  time 235.611 1825.28
Iteration 388  lb 1133745946173 ub 4921710390288  cores 1132 943 3  time 235.87 1833.79
Iteration 389  lb 1133745947959 ub 4921710390288  cores 1135 945 3  time 236.376 1841.44
Iteration 390  lb 1133745948324 ub 4921710390288  cores 1137 947 2  time 236.451 1850.86
Iteration 391  lb 1133745956869 ub 4921710390288  cores 1140 950 3  time 238.601 1860.81
Iteration 392  lb 1133745960771 ub 4921710390288  cores 1143 953 3  time 238.931 1871.21
Iteration 393  lb 1133745962480 ub 4921710390288  cores 1146 956 3  time 239.473 1881.89
Iteration 394  lb 1133745964202 ub 4921710390288  cores 1149 959 3  time 240.083 1891.89
Iteration 395  lb 1133745971037 ub 4921710390288  cores 1152 962 3  time 240.279 1900.96
Iteration 396  lb 1133745971923 ub 4921710390288  cores 1155 965 3  time 241.712 1910.69
Iteration 397  lb 1133745973588 ub 4921710390288  cores 1157 967 2  time 241.818 1921.42
Iteration 398  lb 1133745973643 ub 4921710390288  cores 1159 968 2  time 241.945 1932.24
Iteration 399  lb 1133745975450 ub 4921710390288  cores 1161 969 2  time 242.027 1944.32
Iteration 400  lb 1133745990805 ub 4921710390288  cores 1164 971 3  time 242.876 1953.31
Iteration 401  lb 1133745991787 ub 4921710390288  cores 1167 974 3  time 243.076 1961.86
Iteration 402  lb 1133745993085 ub 4921710390288  cores 1170 977 3  time 243.225 1969.08
Iteration 403  lb 1133745996739 ub 4921710390288  cores 1173 980 3  time 243.388 1979.88
Iteration 404  lb 1133745999119 ub 4921710390288  cores 1175 982 2  time 243.482 1990.12
Iteration 405  lb 1133746000192 ub 4921710390288  cores 1178 985 3  time 243.673 2000.53
Iteration 406  lb 1133746005051 ub 4921710390288  cores 1181 988 3  time 243.924 2012.35
Iteration 407  lb 1133746005482 ub 4921710390288  cores 1184 991 3  time 244.333 2023.11
Iteration 408  lb 1133746008769 ub 4921710390288  cores 1187 994 3  time 244.68 2035.4
Iteration 409  lb 1133746010436 ub 4921710390288  cores 1189 996 2  time 244.977 2047.33
Iteration 410  lb 1133746012794 ub 4921710390288  cores 1192 999 3  time 245.396 2057.69
Iteration 411  lb 1133746013160 ub 4921710390288  cores 1195 1002 3  time 245.767 2067.25
Iteration 412  lb 1133746019584 ub 4921710390288  cores 1198 1004 3  time 246.452 2075.85
Iteration 413  lb 1133746026968 ub 4921710390288  cores 1201 1005 3  time 246.588 2087.2
Iteration 414  lb 1133746030840 ub 4921710390288  cores 1204 1007 3  time 246.854 2097.92
Iteration 415  lb 1133746039681 ub 4921710390288  cores 1207 1010 3  time 247.034 2107.77
Iteration 416  lb 1133746040353 ub 4921710390288  cores 1209 1012 2  time 247.137 2117.52
Iteration 417  lb 1133746040964 ub 4921710390288  cores 1212 1015 3  time 247.297 2129.18
Iteration 418  lb 1133746042396 ub 4921710390288  cores 1215 1018 3  time 247.57 2141.65
Iteration 419  lb 1133746043028 ub 4921710390288  cores 1217 1019 2  time 247.654 2152.08
Iteration 420  lb 1133746048164 ub 4921710390288  cores 1219 1020 2  time 247.839 2162.49
Iteration 421  lb 1133746049833 ub 4921710390288  cores 1221 1020 2  time 247.915 2174.19
Iteration 422  lb 1133746050728 ub 4921710390288  cores 1223 1020 2  time 247.99 2185.88
Iteration 423  lb 1133746051222 ub 4921710390288  cores 1225 1022 2  time 248.085 2196.93
Iteration 424  lb 1133746051893 ub 4921710390288  cores 1227 1024 2  time 248.318 2207.68
Iteration 425  lb 1133746053008 ub 4921710390288  cores 1230 1027 3  time 249.227 2218.04
Iteration 426  lb 1133746055490 ub 4921710390288  cores 1233 1030 3  time 249.562 2229.45
Iteration 427  lb 1133746057037 ub 4921710390288  cores 1236 1032 3  time 249.741 2239.66
Iteration 428  lb 1133746056975 ub 4921710390288  cores 1239 1034 3  time 250.274 2249.82
Iteration 429  lb 1133746060854 ub 4921710390288  cores 1242 1037 3  time 250.435 2260.35
Iteration 430  lb 1133746062224 ub 4921710390288  cores 1244 1039 2  time 250.549 2273.34
Iteration 431  lb 1133746062968 ub 4921710390288  cores 1247 1041 3  time 250.744 2284.98
Iteration 432  lb 1133746068005 ub 4921710390288  cores 1249 1043 2  time 250.848 2295.9
Iteration 433  lb 1133746068861 ub 4921710390288  cores 1251 1045 2  time 250.976 2307.18
Iteration 434  lb 1133746069069 ub 4921710390288  cores 1254 1046 3  time 251.172 2318.4
Iteration 435  lb 1133746072563 ub 4921710390288  cores 1257 1049 3  time 251.382 2328.83
Iteration 436  lb 1133746077020 ub 4921710390288  cores 1259 1051 2  time 251.834 2339.34
Iteration 437  lb 1133746077953 ub 4921710390288  cores 1262 1054 3  time 252.712 2350.85
Iteration 438  lb 1133746078721 ub 4921710390288  cores 1264 1056 2  time 252.851 2363.18
Iteration 439  lb 1133746081882 ub 4921710390288  cores 1266 1057 2  time 253.278 2374.37
Iteration 440  lb 1133746085009 ub 4921710390288  cores 1269 1060 3  time 253.452 2386.62
Iteration 441  lb 1133746085939 ub 4921710390288  cores 1271 1062 2  time 253.547 2398.2
Iteration 442  lb 1133746087002 ub 4921710390288  cores 1274 1065 3  time 254.133 2409.17
Iteration 443  lb 1133746088215 ub 4921710390288  cores 1276 1066 2  time 254.318 2421.75
Iteration 444  lb 1133746088927 ub 4921710390288  cores 1278 1067 2  time 254.465 2433.21
Iteration 445  lb 1133746092447 ub 4921710390288  cores 1280 1068 2  time 254.605 2445.51
Iteration 446  lb 1133746095056 ub 4921710390288  cores 1283 1071 3  time 254.913 2455.99
Iteration 447  lb 1133746097891 ub 4921710390288  cores 1286 1073 3  time 255.174 2468.11
Iteration 448  lb 1133746102767 ub 4921710390288  cores 1289 1076 3  time 255.525 2479.8
Iteration 449  lb 1133746106121 ub 4921710390288  cores 1291 1078 2  time 255.634 2494.6
Iteration 450  lb 1133746107552 ub 4921710390288  cores 1293 1080 2  time 256.075 2507.48
Iteration 451  lb 1133746109588 ub 4921710390288  cores 1295 1081 2  time 256.158 2518.51
Iteration 452  lb 1133746112511 ub 4921710390288  cores 1298 1084 3  time 256.549 2531.48
Iteration 453  lb 1133746113566 ub 4921710390288  cores 1300 1085 2  time 256.631 2545.63
Iteration 454  lb 1133746115118 ub 4921710390288  cores 1303 1088 3  time 256.753 2557.77
Iteration 455  lb 1133746116006 ub 4921710390288  cores 1305 1089 2  time 256.856 2569.88
Iteration 456  lb 1133746116200 ub 4921710390288  cores 1308 1092 3  time 257.024 2582.21
Iteration 457  lb 1133746117340 ub 4921710390288  cores 1311 1095 3  time 257.525 2594.22
Iteration 458  lb 1133746119764 ub 4921710390288  cores 1313 1096 2  time 257.734 2605.46
Iteration 459  lb 1133746121489 ub 4921710390288  cores 1316 1097 3  time 257.902 2620.04
Iteration 460  lb 1133746124707 ub 4921710390288  cores 1319 1100 3  time 258.052 2632.5
Iteration 461  lb 1133746128135 ub 4921710390288  cores 1321 1102 2  time 258.371 2644.72
Iteration 462  lb 1133746128278 ub 4921710390288  cores 1323 1103 2  time 258.473 2657.8
Iteration 463  lb 1133746128473 ub 4921710390288  cores 1325 1104 2  time 258.572 2673.22
Iteration 464  lb 1133746128772 ub 4921710390288  cores 1327 1106 2  time 258.656 2686.73
Iteration 465  lb 1133746129888 ub 4921710390288  cores 1330 1109 3  time 258.769 2699.35
Iteration 466  lb 1133746130182 ub 4921710390288  cores 1333 1111 3  time 259.151 2712.22
Iteration 467  lb 1133746130193 ub 4921710390288  cores 1336 1114 3  time 259.253 2723.99
Iteration 468  lb 1133746131300 ub 4921710390288  cores 1338 1115 2  time 259.33 2738.4
Iteration 469  lb 1133746131310 ub 4921710390288  cores 1341 1118 3  time 259.682 2751.27
Iteration 470  lb 1133746133272 ub 4921710390288  cores 1343 1120 2  time 259.783 2764.22
Iteration 471  lb 1133746133809 ub 4921710390288  cores 1345 1121 2  time 259.94 2777.3
Iteration 472  lb 1133746135100 ub 4921710390288  cores 1348 1123 3  time 260.411 2791.48
Iteration 473  lb 1133746135603 ub 4921710390288  cores 1350 1124 2  time 260.583 2803.73
Iteration 474  lb 1133746135721 ub 4921710390288  cores 1352 1125 2  time 261.04 2816.44
Iteration 475  lb 1133746136430 ub 4921710390288  cores 1354 1125 2  time 261.209 2826.95
Iteration 476  lb 1133746136749 ub 4921710390288  cores 1357 1127 3  time 261.551 2838.95
Iteration 477  lb 1133746141777 ub 4921710390288  cores 1360 1130 3  time 261.969 2851.15
Iteration 478  lb 1133746143548 ub 4921710390288  cores 1363 1132 3  time 262.424 2862.49
Iteration 479  lb 1133746145860 ub 4921710390288  cores 1365 1133 2  time 262.59 2875.72
Iteration 480  lb 1133746146276 ub 4921710390288  cores 1367 1134 2  time 262.715 2886.91
Iteration 481  lb 1133746146501 ub 4921710390288  cores 1370 1137 3  time 263.222 2900.89
Iteration 482  lb 1133746150235 ub 4921710390288  cores 1373 1139 3  time 263.783 2913.52
Iteration 483  lb 1133746151517 ub 4921710390288  cores 1376 1141 3  time 264.389 2925.58
Iteration 484  lb 1133746155403 ub 4921710390288  cores 1379 1144 3  time 265.245 2937.79
Iteration 485  lb 1133746156704 ub 4921710390288  cores 1381 1146 2  time 265.751 2950.84
Iteration 486  lb 1133746157558 ub 4921710390288  cores 1384 1149 3  time 266.416 2965.91
Iteration 487  lb 1133746161507 ub 4921710390288  cores 1386 1151 2  time 266.621 2979.32
Iteration 488  lb 1133746163799 ub 4921710390288  cores 1389 1153 3  time 266.833 2991.25
Iteration 489  lb 1133746165684 ub 4921710390288  cores 1391 1154 2  time 266.949 3003.81
Iteration 490  lb 1133746167059 ub 4921710390288  cores 1394 1157 3  time 267.851 3015.54
Iteration 491  lb 1133746167616 ub 4921710390288  cores 1397 1160 3  time 268.077 3031.27
Iteration 492  lb 1133746168012 ub 4921710390288  cores 1399 1161 2  time 268.19 3045.39
Iteration 493  lb 1133746171256 ub 4921710390288  cores 1401 1162 2  time 268.318 3058.88
Iteration 494  lb 1133746171906 ub 4921710390288  cores 1404 1164 3  time 268.529 3073.5
Iteration 495  lb 1133746172106 ub 4921710390288  cores 1407 1167 3  time 268.88 3086.38
Iteration 496  lb 1133746174312 ub 4921710390288  cores 1410 1169 3  time 269.21 3100.25
Iteration 497  lb 1133746177431 ub 4921710390288  cores 1413 1170 3  time 269.755 3114.35
Iteration 498  lb 1133746176471 ub 4921710390288  cores 1415 1172 2  time 269.913 3125.88
Iteration 499  lb 1133746177407 ub 4921710390288  cores 1418 1174 3  time 270.183 3140.03
Iteration 500  lb 1133746180436 ub 4921710390288  cores 1421 1177 3  time 270.644 3155.41
Iteration 501  lb 1133746181698 ub 4921710390288  cores 1424 1180 3  time 270.882 3171.38
Iteration 502  lb 1133746182165 ub 4921710390288  cores 1427 1182 3  time 271.221 3185.45
Iteration 503  lb 1133746183287 ub 4921710390288  cores 1429 1184 2  time 271.309 3200.05
Iteration 504  lb 1133746184351 ub 4921710390288  cores 1432 1187 3  time 271.498 3215.18
Iteration 505  lb 1133746184806 ub 4921710390288  cores 1435 1190 3  time 271.605 3230.26
Iteration 506  lb 1133746185340 ub 4921710390288  cores 1437 1192 2  time 272.476 3244.99
Iteration 507  lb 1133746186096 ub 4921710390288  cores 1440 1195 3  time 273.028 3255.85
Iteration 508  lb 1133746186790 ub 4921710390288  cores 1443 1198 3  time 273.938 3271.39
Iteration 509  lb 1133746189672 ub 4921710390288  cores 1446 1201 3  time 274.079 3285.4
Iteration 510  lb 1133746189919 ub 4921710390288  cores 1448 1203 2  time 274.244 3300.12
