lb 3750501132637 ub 512409557603043100 before adjustment
lb 0 ub 512405807101910463 after adjustment
costs ready
ub 4962805443793 after 2nd adjustment
29 variables 435 functions 3750501132637 lb, 4962805443793 ub
Iteration 0  HV  cores 4 4 4  time 0.921526 0 0.42816
Iteration 1  HV  cores 9 9 5  time 1.53094 0 0.912815
Iteration 2  HV  cores 12 12 3  time 1.71188 0 1.40413
Iteration 3  HV  cores 16 16 4  time 3.54372 0 1.90752
Iteration 4  HV  cores 21 21 5  time 5.19208 0 2.42861
Iteration 5  HV  cores 26 26 5  time 6.74421 0 2.98579
Iteration 6  HV  cores 30 30 4  time 7.9249 0 3.51836
Iteration 7  HV  cores 34 33 4  time 8.77396 0 4.0632
Iteration 8  HV  cores 39 38 5  time 9.7042 0 4.61913
Iteration 9  HV  cores 43 42 4  time 10.5119 0 5.17628
Iteration 10  HV  cores 49 48 6  time 11.6756 0 5.75083
Iteration 11  HV  cores 53 52 4  time 13.4965 0 6.33483
Iteration 12  HV  cores 57 56 4  time 14.0614 0 6.91333
Iteration 13  HV  cores 61 59 4  time 14.4755 0 7.49618
Iteration 14  HV  cores 66 64 5  time 15.2465 0 8.10163
Iteration 15  HV  cores 71 69 5  time 15.8808 0 8.71109
Iteration 16  HV  cores 75 73 4  time 16.8795 0 9.33844
Iteration 17  HV  cores 80 78 5  time 18.0419 0 9.96408
Iteration 18  HV  cores 85 83 5  time 19.414 0 10.6053
Iteration 19  HV  cores 90 88 5  time 20.7546 0 11.2351
Iteration 20  HV  cores 94 92 4  time 22.8175 0 11.8827
Iteration 21  HV  cores 98 96 4  time 23.8104 0 12.5279
Iteration 22  HV  cores 103 101 5  time 25.5427 0 13.1764
Iteration 23  HV  cores 107 105 4  time 26.5766 0 13.8269
Iteration 24  HV  cores 112 110 5  time 30.7747 0 14.4875
Iteration 25  HV  cores 116 114 4  time 33.7478 0 15.1488
Iteration 26  HV  cores 121 119 5  time 34.7416 0 15.8102
Iteration 27  HV  cores 125 123 4  time 35.6174 0 16.4853
Iteration 28  HV  cores 130 128 5  time 36.1507 0 17.1594
Iteration 29  HV  cores 135 133 5  time 37.5888 0 17.8449
Iteration 30  HV  cores 140 138 5  time 38.5474 0 18.529
Iteration 31  HV  cores 145 143 5  time 39.3315 0 19.2219
Iteration 32  HV  cores 149 147 4  time 40.4724 0 19.9116
Iteration 33  HV  cores 153 151 4  time 40.8596 0 20.6084
Iteration 34  HV  cores 156 154 3  time 41.502 0 21.3194
Iteration 35  HV  cores 161 159 5  time 42.1354 0 22.02
Iteration 36  HV  cores 165 163 4  time 42.8982 0 22.709
Iteration 37  HV  cores 171 169 6  time 44.4523 0 23.4148
Iteration 38  HV  cores 176 173 5  time 45.4251 0 24.1154
Iteration 39  HV  cores 180 177 4  time 49.3199 0 24.8242
Iteration 40  HV  cores 184 181 4  time 50.2603 0 25.5311
Iteration 41  HV  cores 189 186 5  time 50.9547 0 26.2393
Iteration 42  HV  cores 193 190 4  time 51.9097 0 26.9522
Iteration 43  HV  cores 198 195 5  time 53.3316 0 27.6746
Iteration 44  HV  cores 202 199 4  time 54.7312 0 28.3951
Iteration 45  HV  cores 205 202 3  time 55.5106 0 29.1263
Iteration 46  HV  cores 208 205 3  time 56.4983 0 29.8512
Iteration 47  HV  cores 212 209 4  time 56.6975 0 30.5864
Iteration 48  HV  cores 216 213 4  time 57.1049 0 31.3218
Iteration 49  HV  cores 220 217 4  time 58.1121 0 32.0512
Iteration 50  HV  cores 225 222 5  time 58.8493 0 32.7983
Iteration 51  HV  cores 228 225 3  time 59.3369 0 33.558
Iteration 52  HV  cores 232 229 4  time 60.9085 0 34.3074
Iteration 53  HV  cores 236 233 4  time 61.5288 0 35.0638
Iteration 54  HV  cores 240 237 4  time 62.5211 0 35.8126
Iteration 55  HV  cores 244 241 4  time 63.0461 0 36.5738
Iteration 56  HV  cores 248 245 4  time 64.0509 0 37.3322
Iteration 57  HV  cores 252 249 4  time 64.915 0 38.0961
Iteration 58  HV  cores 256 253 4  time 65.4976 0 38.8619
Iteration 59  HV  cores 259 256 3  time 65.8847 0 39.6424
Iteration 60  HV  cores 263 260 4  time 66.4456 0 40.4127
Iteration 61  HV  cores 266 263 3  time 66.8003 0 41.1866
Iteration 62  HV  cores 269 266 3  time 67.4573 0 41.9531
Iteration 63  HV  cores 272 269 3  time 68.1142 0 42.7304
Iteration 64  HV  cores 276 273 4  time 68.5014 0 43.5094
Iteration 65  HV  cores 279 276 3  time 69.0798 0 44.2853
Iteration 66  HV  cores 283 280 4  time 69.7711 0 45.0788
Iteration 67  HV  cores 286 283 3  time 70.1687 0 45.8588
Iteration 68  HV  cores 290 287 4  time 70.4841 0 46.6467
Iteration 69  HV  cores 294 291 4  time 70.984 0 47.4375
Iteration 70  HV  cores 297 294 3  time 71.5336 0 48.2174
Iteration 71  HV  cores 301 298 4  time 72.6283 0 49.0206
Iteration 72  HV  cores 305 302 4  time 73.2631 0 49.8189
Iteration 73  HV  cores 309 306 4  time 73.9043 0 50.6151
Iteration 74  HV  cores 313 310 4  time 74.3422 0 51.4225
Iteration 75  HV  cores 317 314 4  time 75.1864 0 52.2245
Iteration 76  HV  cores 321 318 4  time 75.9182 0 53.0298
Iteration 77  HV  cores 325 322 4  time 76.539 0 53.839
Iteration 78  HV  cores 330 327 5  time 77.304 0 54.6444
Iteration 79  HV  cores 334 331 4  time 78.6564 0 55.4565
Iteration 80  HV  cores 338 335 4  time 80.144 0 56.2751
Iteration 81  HV  cores 342 339 4  time 81.8191 0 57.0961
Iteration 82  HV  cores 346 343 4  time 82.3633 0 57.909
Iteration 83  HV  cores 350 347 4  time 82.8922 0 58.7343
Iteration 84  HV  cores 354 351 4  time 83.7882 0 59.5522
Iteration 85  HV  cores 358 354 4  time 85.1628 0 60.3724
Iteration 86  HV  cores 361 357 3  time 85.6174 0 61.1927
Iteration 87  HV  cores 364 360 3  time 86.1632 0 62.0283
Iteration 88  HV  cores 368 364 4  time 86.8248 0 62.8621
Iteration 89  HV  cores 372 368 4  time 87.7569 0 63.6952
Iteration 90  HV  cores 376 372 4  time 88.5613 0 64.5369
Iteration 91  HV  cores 380 376 4  time 89.7699 0 65.3704
Iteration 92  HV  cores 384 380 4  time 90.6427 0 66.2058
Iteration 93  HV  cores 388 384 4  time 91.0166 0 67.0626
Iteration 94  HV  cores 392 388 4  time 91.7839 0 67.9059
Iteration 95  HV  cores 396 392 4  time 93.4805 0 68.7607
Iteration 96  HV  cores 400 396 4  time 94.0339 0 69.6263
Iteration 97  HV  cores 404 400 4  time 94.9231 0 70.4794
Iteration 98  HV  cores 408 404 4  time 95.9329 0 71.3258
Iteration 99  HV  cores 412 408 4  time 96.4276 0 72.1975
Iteration 100  HV  cores 416 412 4  time 96.9358 0 73.072
Iteration 101  HV  cores 420 416 4  time 97.5952 0 73.9493
Iteration 102  HV  cores 424 420 4  time 98.0285 0 74.8334
Iteration 103  HV  cores 429 425 5  time 98.8798 0 75.7454
Iteration 104  HV  cores 433 429 4  time 99.4095 0 76.6549
Iteration 105  HV  cores 437 433 4  time 100.139 0 77.545
Iteration 106  HV  cores 441 436 4  time 100.754 0 78.4532
Iteration 107  HV  cores 445 440 4  time 101.401 0 79.3661
Iteration 108  HV  cores 450 445 5  time 102.327 0 80.2731
Iteration 109  HV  cores 454 449 4  time 102.789 0 81.1855
Iteration 110  HV  cores 458 453 4  time 103.317 0 82.123
Iteration 111  HV  cores 462 457 4  time 103.95 0 83.0321
Iteration 112  HV  cores 466 461 4  time 104.969 0 83.9312
Iteration 113  HV  cores 470 465 4  time 106.88 0 84.8744
Iteration 114  HV  cores 474 469 4  time 107.949 0 85.8007
Iteration 115  HV  cores 479 474 5  time 109.035 0 86.7295
Iteration 116  HV  cores 483 478 4  time 109.734 0 87.6579
Iteration 117  HV  cores 487 482 4  time 110.198 0 88.587
Iteration 118  HV  cores 491 486 4  time 110.959 0 89.5194
Iteration 119  HV  cores 494 489 3  time 111.424 0 90.4911
Iteration 120  HV  cores 497 491 3  time 112.405 0 91.4399
Iteration 121  HV  cores 501 495 4  time 112.583 0 92.4152
Iteration 122  HV  cores 504 498 3  time 112.852 0 93.3589
Iteration 123  HV  cores 507 501 3  time 113.528 0 94.3175
Iteration 124  HV  cores 510 504 3  time 113.87 0 95.2434
Iteration 125  HV  cores 513 507 3  time 114.469 0 96.1793
Iteration 126  HV  cores 517 511 4  time 115.436 0 97.136
Iteration 127  HV  cores 520 514 3  time 116.149 0 98.0916
Iteration 128  HV  cores 524 518 4  time 116.813 0 99.0574
Iteration 129  HV  cores 528 522 4  time 117.785 0 100.056
Iteration 130  HV  cores 532 525 4  time 118.277 0 101.005
Iteration 131  HV  cores 536 527 4  time 118.702 0 101.98
Iteration 132  HV  cores 540 531 4  time 119.84 0 102.96
Iteration 133  HV  cores 543 534 3  time 120.275 0 103.976
Iteration 134  HV  cores 547 538 4  time 120.742 0 104.978
Iteration 135  HV  cores 551 542 4  time 121.678 0 105.963
Iteration 136  HV  cores 555 546 4  time 122.568 0 106.948
Iteration 137  HV  cores 559 550 4  time 123.444 0 107.953
Iteration 138  HV  cores 563 553 4  time 124.862 0 108.946
Iteration 139  HV  cores 567 557 4  time 126.095 0 109.95
Iteration 140  HV  cores 571 561 4  time 126.88 0 110.957
Iteration 141  HV  cores 575 565 4  time 127.41 0 111.956
Iteration 142  HV  cores 579 568 4  time 128.05 0 112.972
Iteration 143  HV  cores 582 571 3  time 128.618 0 113.974
Iteration 144  HV  cores 586 575 4  time 129.902 0 115.017
Iteration 145  HV  cores 590 579 4  time 130.958 0 116.049
Iteration 146  HV  cores 594 583 4  time 131.728 0 117.062
Iteration 147  HV  cores 598 587 4  time 132.917 0 118.104
Iteration 148  HV  cores 602 591 4  time 133.658 0 119.139
Iteration 149  HV  cores 607 596 5  time 134.97 0 120.171
Iteration 150  HV  cores 612 601 5  time 136.954 0 121.223
Iteration 151  HV  cores 616 605 4  time 137.611 0 122.287
Iteration 152  HV  cores 620 609 4  time 138.481 0 123.356
Iteration 153  HV  cores 624 613 4  time 139.44 0 124.411
Iteration 154  HV  cores 628 617 4  time 140.049 0 125.487
Iteration 155  HV  cores 632 620 4  time 140.327 0 126.583
Iteration 156  HV  cores 636 624 4  time 140.848 0 127.629
Iteration 157  HV  cores 640 628 4  time 141.55 0 128.704
Iteration 158  HV  cores 644 632 4  time 142.044 0 129.78
Iteration 159  HV  cores 648 636 4  time 142.91 0 130.759
Iteration 160  HV  cores 651 639 3  time 143.556 0 131.766
Iteration 161  HV  cores 655 642 4  time 144.094 0 132.775
Iteration 162  HV  cores 659 645 4  time 145.304 0 133.768
Iteration 163  HV  cores 663 649 4  time 147.697 0 134.78
Iteration 164  HV  cores 667 653 4  time 148.839 0 135.778
Iteration 165  HV  cores 671 657 4  time 149.662 0 136.788
Iteration 166  HV  cores 675 661 4  time 150.412 0 137.804
Iteration 167  HV  cores 679 665 4  time 151.048 0 138.864
Iteration 168  HV  cores 683 669 4  time 151.74 0 139.864
Iteration 169  HV  cores 687 673 4  time 152.335 0 140.89
Iteration 170  HV  cores 691 677 4  time 153.699 0 141.932
Iteration 171  HV  cores 695 681 4  time 154.317 0 142.955
Iteration 172  HV  cores 699 685 4  time 154.594 0 143.984
Iteration 173  HV  cores 703 689 4  time 155.065 0 145.041
Iteration 174  HV  cores 707 693 4  time 155.579 0 146.103
Iteration 175  HV  cores 711 696 4  time 156.425 0 147.123
Iteration 176  HV  cores 715 700 4  time 156.871 0 148.171
Iteration 177  HV  cores 719 704 4  time 157.249 0 149.244
Iteration 178  HV  cores 724 709 5  time 158.245 0 150.272
Iteration 179  HV  cores 728 713 4  time 158.685 0 151.326
Iteration 180  HV  cores 732 716 4  time 159.293 0 152.395
Iteration 181  HV  cores 736 720 4  time 161.046 0 153.435
Iteration 182  HV  cores 740 724 4  time 162.501 0 154.489
Iteration 183  HV  cores 744 728 4  time 163.382 0 155.549
Iteration 184  HV  cores 748 732 4  time 164.128 0 156.595
Iteration 185  HV  cores 752 736 4  time 165.134 0 157.64
Iteration 186  HV  cores 756 740 4  time 165.36 0 158.688
Iteration 187  HV  cores 760 744 4  time 166.547 0 159.747
Iteration 188  HV  cores 764 748 4  time 167.147 0 160.805
Iteration 189  HV  cores 767 751 3  time 168.643 0 161.861
Iteration 190  HV  cores 771 755 4  time 169.417 0 162.925
Iteration 191  HV  cores 774 758 3  time 169.673 0 164.01
Iteration 192  HV  cores 778 762 4  time 171.113 0 165.072
Iteration 193  HV  cores 782 766 4  time 171.406 0 166.157
Iteration 194  HV  cores 786 770 4  time 171.812 0 167.236
Iteration 195  HV  cores 789 773 3  time 172.232 0 168.324
Iteration 196  HV  cores 793 777 4  time 173.237 0 169.402
Iteration 197  HV  cores 797 780 4  time 174.067 0 170.483
Iteration 198  HV  cores 801 784 4  time 174.372 0 171.542
Iteration 199  HV  cores 805 787 4  time 175.135 0 172.624
Iteration 200  HV  cores 809 791 4  time 175.586 0 173.719
Iteration 201  HV  cores 813 795 4  time 176.682 0 174.815
Iteration 202  HV  cores 817 798 4  time 177.418 0 175.904
Iteration 203  HV  cores 821 802 4  time 177.9 0 177.01
Iteration 204  HV  cores 825 806 4  time 178.191 0 178.091
Iteration 205  HV  cores 829 810 4  time 178.937 0 179.201
Iteration 206  HV  cores 833 814 4  time 179.833 0 180.282
Iteration 207  HV  cores 837 818 4  time 180.419 0 181.355
Iteration 208  HV  cores 841 822 4  time 180.677 0 182.462
Iteration 209  HV  cores 845 826 4  time 181.137 0 183.553
Iteration 210  HV  cores 849 830 4  time 181.66 0 184.658
Iteration 211  HV  cores 853 834 4  time 181.883 0 185.764
Iteration 212  HV  cores 857 837 4  time 182.221 0 186.872
Iteration 213  HV  cores 861 841 4  time 182.607 0 188.028
Iteration 214  HV  cores 865 845 4  time 182.965 0 189.158
Iteration 215  HV  cores 869 849 4  time 183.742 0 190.264
Iteration 216  HV  cores 873 853 4  time 184.28 0 191.387
Iteration 217  HV  cores 877 857 4  time 185.17 0 192.5
Iteration 218  HV  cores 881 861 4  time 185.404 0 193.608
Iteration 219  HV  cores 885 865 4  time 185.826 0 194.716
Iteration 220  HV  cores 889 869 4  time 186.44 0 195.857
Iteration 221  HV  cores 893 873 4  time 186.93 0 196.969
Iteration 222  HV  cores 897 877 4  time 187.341 0 198.09
Iteration 223  HV  cores 901 881 4  time 187.964 0 199.234
Iteration 224  HV  cores 905 885 4  time 188.351 0 200.384
Iteration 225  HV  cores 909 889 4  time 188.84 0 201.51
Iteration 226  HV  cores 913 893 4  time 189.123 0 202.669
Iteration 227  HV  cores 917 897 4  time 189.465 0 203.802
Iteration 228  HV  cores 921 901 4  time 189.972 0 204.97
Iteration 229  HV  cores 925 905 4  time 190.361 0 206.18
Iteration 230  HV  cores 929 907 4  time 191.034 0 207.324
Iteration 231  HV  cores 933 911 4  time 191.591 0 208.503
Iteration 232  HV  cores 937 915 4  time 191.991 0 209.664
Iteration 233  HV  cores 940 917 3  time 193.097 0 210.89
Iteration 234  HV  cores 944 920 4  time 193.402 0 212.078
Iteration 235  HV  cores 948 924 4  time 194.213 0 213.267
Iteration 236  HV  cores 952 928 4  time 194.659 0 214.463
Iteration 237  HV  cores 956 932 4  time 195.018 0 215.625
Iteration 238  HV  cores 960 936 4  time 195.557 0 216.79
Iteration 239  HV  cores 964 940 4  time 195.918 0 218.001
Iteration 240  HV  cores 968 944 4  time 196.232 0 219.205
Iteration 241  HV  cores 972 948 4  time 196.607 0 220.374
Iteration 242  HV  cores 976 951 4  time 197.371 0 221.574
Iteration 243  HV  cores 980 955 4  time 197.953 0 222.745
Iteration 244  HV  cores 984 959 4  time 198.617 0 223.914
Iteration 245  HV  cores 988 963 4  time 199.481 0 225.084
Iteration 246  HV  cores 992 967 4  time 200.036 0 226.257
Iteration 247  HV  cores 996 971 4  time 201.091 0 227.431
Iteration 248  HV  cores 999 974 3  time 201.52 0 228.655
Iteration 249  HV  cores 1003 978 4  time 202.056 0 229.884
Iteration 250  HV  cores 1007 981 4  time 202.489 0 231.1
Iteration 251  HV  cores 1010 984 3  time 202.627 0 232.283
Iteration 252  HV  cores 1014 988 4  time 202.995 0 233.474
Iteration 253  HV  cores 1018 992 4  time 203.768 0 234.724
Iteration 254  HV  cores 1022 996 4  time 204.09 0 235.964
Iteration 255  HV  cores 1026 1000 4  time 204.699 0 237.177
Iteration 256  HV  cores 1030 1004 4  time 205.071 0 238.385
Iteration 257  HV  cores 1034 1008 4  time 205.378 0 239.644
Iteration 258  HV  cores 1038 1012 4  time 205.705 0 240.856
Iteration 259  HV  cores 1042 1016 4  time 206.152 0 242.017
Iteration 260  HV  cores 1046 1020 4  time 207.426 0 243.243
Iteration 261  HV  cores 1050 1024 4  time 207.909 0 244.471
Iteration 262  HV  cores 1054 1028 4  time 208.782 0 245.682
Iteration 263  HV  cores 1058 1032 4  time 209.242 0 246.85
Iteration 264  HV  cores 1062 1036 4  time 209.547 0 248.089
Iteration 265  HV  cores 1066 1040 4  time 210.802 0 249.306
Iteration 266  HV  cores 1070 1043 4  time 211.424 0 250.569
Iteration 267  HV  cores 1074 1047 4  time 211.986 0 251.794
Iteration 268  HV  cores 1078 1051 4  time 212.627 0 253.07
Iteration 269  HV  cores 1082 1055 4  time 213.529 0 254.292
Iteration 270  HV  cores 1086 1059 4  time 213.992 0 255.548
Iteration 271  HV  cores 1090 1063 4  time 214.342 0 256.792
Iteration 272  HV  cores 1093 1065 3  time 214.593 0 258.099
Iteration 273  HV  cores 1097 1068 4  time 215.425 0 259.428
Iteration 274  HV  cores 1101 1072 4  time 215.655 0 260.663
Iteration 275  HV  cores 1105 1076 4  time 216.297 0 261.947
Iteration 276  HV  cores 1108 1078 3  time 216.545 0 263.205
Iteration 277  HV  cores 1112 1082 4  time 217.002 0 264.52
Iteration 278  HV  cores 1116 1085 4  time 217.3 0 265.712
Iteration 279  HV  cores 1120 1089 4  time 217.982 0 266.96
Iteration 280  HV  cores 1124 1093 4  time 218.275 0 268.225
Iteration 281  HV  cores 1127 1096 3  time 218.715 0 269.537
Iteration 282  HV  cores 1131 1100 4  time 219.052 0 270.806
Iteration 283  HV  cores 1135 1104 4  time 219.315 0 272.136
Iteration 284  HV  cores 1139 1108 4  time 219.508 0 273.407
Iteration 285  HV  cores 1143 1112 4  time 219.89 0 274.719
Iteration 286  HV  cores 1147 1115 4  time 220.223 0 276.021
Iteration 287  HV  cores 1151 1119 4  time 220.589 0 277.314
Iteration 288  HV  cores 1155 1123 4  time 221.093 0 278.578
Iteration 289  HV  cores 1158 1126 3  time 221.302 0 279.869
Iteration 290  HV  cores 1162 1130 4  time 221.73 0 281.14
Iteration 291  HV  cores 1166 1134 4  time 223.15 0 282.42
Iteration 292  HV  cores 1170 1138 4  time 224.211 0 283.702
Iteration 293  HV  cores 1174 1142 4  time 224.54 0 285.004
Iteration 294  HV  cores 1178 1146 4  time 225.802 0 286.294
Iteration 295  HV  cores 1182 1150 4  time 227.079 0 287.658
Iteration 296  HV  cores 1185 1153 3  time 227.277 0 288.977
Iteration 297  HV  cores 1188 1154 3  time 227.423 0 290.333
Iteration 298  HV  cores 1192 1158 4  time 228.455 0 291.643
Iteration 299  HV  cores 1195 1161 3  time 228.631 0 292.94
Iteration 300  HV  cores 1198 1164 3  time 228.802 0 294.245
Iteration 301  HV  cores 1201 1167 3  time 228.933 0 295.562
Iteration 302  HV  cores 1205 1170 4  time 229.859 0 296.886
Iteration 303  HV  cores 1209 1174 4  time 230.473 0 298.221
Iteration 304  HV  cores 1213 1178 4  time 231.279 0 299.559
Iteration 305  HV  cores 1217 1182 4  time 231.658 0 300.912
Iteration 306  HV  cores 1221 1186 4  time 232.616 0 302.257
Iteration 307  HV  cores 1224 1189 3  time 232.78 0 303.604
Iteration 308  HV  cores 1228 1193 4  time 233.65 0 304.96
Iteration 309  HV  cores 1232 1197 4  time 234.214 0 306.387
Iteration 310  HV  cores 1236 1201 4  time 234.83 0 307.737
Iteration 311  HV  cores 1239 1204 3  time 235.07 0 309.119
Iteration 312  HV  cores 1243 1208 4  time 235.528 0 310.472
Iteration 313  HV  cores 1247 1212 4  time 236.181 0 311.811
Iteration 314  HV  cores 1250 1215 3  time 236.473 0 313.187
Iteration 315  HV  cores 1254 1219 4  time 237.552 0 314.622
Iteration 316  HV  cores 1258 1223 4  time 238.319 0 315.991
Iteration 317  HV  cores 1262 1227 4  time 239.865 0 317.34
Iteration 318  HV  cores 1266 1231 4  time 240.835 0 318.691
Iteration 319  HV  cores 1270 1235 4  time 242.1 0 320.054
Iteration 320  HV  cores 1274 1239 4  time 242.659 0 321.462
Iteration 321  HV  cores 1279 1244 5  time 244.199 0 322.882
Iteration 322  HV  cores 1283 1248 4  time 245.734 0 324.32
Iteration 323  HV  cores 1287 1252 4  time 246.387 0 325.701
Iteration 324  HV  cores 1291 1256 4  time 247.314 0 327.176
Iteration 325  HV  cores 1294 1259 3  time 247.876 0 328.585
Iteration 326  HV  cores 1298 1263 4  time 248.446 0 329.985
Iteration 327  HV  cores 1302 1267 4  time 248.719 0 331.357
Iteration 328  HV  cores 1307 1272 5  time 249.608 0 332.852
Iteration 329  HV  cores 1311 1276 4  time 250.756 0 334.254
Iteration 330  HV  cores 1315 1280 4  time 250.983 0 335.652
Iteration 331  HV  cores 1319 1284 4  time 251.349 0 337.059
Iteration 332  HV  cores 1322 1287 3  time 251.761 0 338.445
Iteration 333  HV  cores 1326 1291 4  time 252.858 0 339.971
Iteration 334  HV  cores 1330 1294 4  time 253.528 0 341.355
Iteration 335  HV  cores 1334 1298 4  time 253.992 0 342.758
Iteration 336  HV  cores 1337 1301 3  time 254.122 0 344.15
Iteration 337  HV  cores 1340 1304 3  time 254.274 0 345.628
Iteration 338  HV  cores 1344 1308 4  time 254.85 0 347.045
Iteration 339  HV  cores 1348 1312 4  time 255.279 0 348.536
Iteration 340  HV  cores 1351 1315 3  time 255.645 0 349.947
Iteration 341  HV  cores 1354 1318 3  time 255.885 0 351.37
Iteration 342  HV  cores 1357 1321 3  time 256.75 0 352.82
Iteration 343  HV  cores 1360 1324 3  time 257.184 0 354.226
Iteration 344  HV  cores 1363 1327 3  time 257.858 0 355.657
Iteration 345  HV  cores 1367 1331 4  time 258.334 0 357.072
Iteration 346  HV  cores 1371 1334 4  time 259.388 0 358.622
Iteration 347  HV  cores 1375 1338 4  time 259.581 0 360.138
Iteration 348  HV  cores 1379 1342 4  time 259.974 0 361.587
Iteration 349  HV  cores 1383 1346 4  time 262.022 0 363.046
Iteration 350  HV  cores 1387 1350 4  time 262.476 0 364.48
Iteration 351  HV  cores 1391 1354 4  time 263.13 0 365.946
Iteration 352  HV  cores 1395 1358 4  time 263.586 0 367.307
Iteration 353  HV  cores 1399 1362 4  time 263.994 0 368.77
Iteration 354  HV  cores 1403 1366 4  time 265.279 0 370.24
Iteration 355  HV  cores 1407 1370 4  time 266.227 0 371.691
Iteration 356  HV  cores 1411 1374 4  time 266.74 0 373.215
Iteration 357  HV  cores 1415 1378 4  time 267.731 0 374.713
Iteration 358  HV  cores 1419 1382 4  time 268.928 0 376.169
Iteration 359  HV  cores 1422 1385 3  time 269.063 0 377.521
Iteration 360  HV  cores 1425 1388 3  time 269.215 0 379.119
Iteration 361  HV  cores 1428 1391 3  time 269.371 0 380.569
Iteration 362  HV  cores 1431 1394 3  time 269.551 0 382.059
Iteration 363  HV  cores 1434 1397 3  time 269.752 0 383.542
Iteration 364  HV  cores 1437 1400 3  time 269.91 0 385
Iteration 365  HV  cores 1443 1406 6  time 271.533 0 386.503
Iteration 366  HV  cores 1446 1409 3  time 271.679 0 387.935
Iteration 367  HV  cores 1449 1412 3  time 272.382 0 389.396
Iteration 368  HV  cores 1452 1415 3  time 274.218 0 390.856
Iteration 369  HV  cores 1456 1419 4  time 274.488 0 392.232
Iteration 370  HV  cores 1460 1423 4  time 275.555 0 393.704
Iteration 371  HV  cores 1464 1427 4  time 275.86 0 395.194
Iteration 372  HV  cores 1468 1431 4  time 276.158 0 396.654
Iteration 373  HV  cores 1472 1435 4  time 276.969 0 398.119
Iteration 374  HV  cores 1476 1439 4  time 277.242 0 399.6
Iteration 375  HV  cores 1480 1443 4  time 277.371 0 401.087
Iteration 376  HV  cores 1484 1447 4  time 278.276 0 402.584
Iteration 377  HV  cores 1488 1451 4  time 278.547 0 404.077
Iteration 378  HV  cores 1492 1455 4  time 279.193 0 405.578
Iteration 379  HV  cores 1495 1458 3  time 279.794 0 406.985
Iteration 380  HV  cores 1499 1462 4  time 281.741 0 408.468
Iteration 381  HV  cores 1503 1466 4  time 282.543 0 409.983
Iteration 382  HV  cores 1507 1470 4  time 283.599 0 411.503
Iteration 383  HV  cores 1511 1474 4  time 284.368 0 412.986
Iteration 384  HV  cores 1515 1478 4  time 284.707 0 414.504
Iteration 385  HV  cores 1519 1482 4  time 285.585 0 416.063
Iteration 386  HV  cores 1523 1486 4  time 286.274 0 417.509
Iteration 387  HV  cores 1527 1490 4  time 286.878 0 419.104
Iteration 388  HV  cores 1531 1494 4  time 287.258 0 420.625
Iteration 389  HV  cores 1535 1498 4  time 287.711 0 422.13
Iteration 390  HV  cores 1539 1502 4  time 288.099 0 423.663
Iteration 391  HV  cores 1543 1506 4  time 288.907 0 425.075
Iteration 392  HV  cores 1547 1510 4  time 289.44 0 426.586
Iteration 393  HV  cores 1551 1514 4  time 289.971 0 428.128
Iteration 394  HV  cores 1555 1517 4  time 290.307 0 429.662
Iteration 395  HV  cores 1559 1521 4  time 290.761 0 431.283
Iteration 396  HV  cores 1563 1525 4  time 290.994 0 432.771
Iteration 397  HV  cores 1567 1529 4  time 291.46 0 434.35
Iteration 398  HV  cores 1571 1533 4  time 292.064 0 435.906
Iteration 399  HV  cores 1575 1536 4  time 292.651 0 437.44
Iteration 400  HV  cores 1579 1540 4  time 293.445 0 438.953
Iteration 401  HV  cores 1583 1544 4  time 293.872 0 440.566
Iteration 402  HV  cores 1587 1548 4  time 294.366 0 442.036
Iteration 403  HV  cores 1591 1551 4  time 295.17 0 443.525
Iteration 404  HV  cores 1595 1555 4  time 295.616 0 445.134
Iteration 405  HV  cores 1600 1560 5  time 296.513 0 446.706
Iteration 406  HV  cores 1604 1563 4  time 296.928 0 448.249
Iteration 407  HV  cores 1608 1567 4  time 297.395 0 449.773
Iteration 408  HV  cores 1613 1572 5  time 297.97 0 451.329
Iteration 409  HV  cores 1617 1575 4  time 298.36 0 452.825
Iteration 410  HV  cores 1621 1576 4  time 298.662 0 454.356
Iteration 411  HV  cores 1625 1579 4  time 299.087 0 455.949
Iteration 412  HV  cores 1629 1583 4  time 300.42 0 457.543
Iteration 413  HV  cores 1633 1586 4  time 300.926 0 459.112
Iteration 414  HV  cores 1637 1590 4  time 301.385 0 460.65
Iteration 415  HV  cores 1641 1594 4  time 301.866 0 462.301
Iteration 416  HV  cores 1645 1598 4  time 302.29 0 463.967
Iteration 417  HV  cores 1649 1602 4  time 302.671 0 465.561
Iteration 418  HV  cores 1653 1606 4  time 303.206 0 467.159
Iteration 419  HV  cores 1657 1610 4  time 303.615 0 468.775
Iteration 420  HV  cores 1661 1614 4  time 303.917 0 470.293
Iteration 421  HV  cores 1665 1618 4  time 304.654 0 471.914
Iteration 422  HV  cores 1669 1622 4  time 305.358 0 473.339
Iteration 423  HV  cores 1673 1626 4  time 305.84 0 474.957
Iteration 424  HV  cores 1677 1630 4  time 306.737 0 476.557
Iteration 425  HV  cores 1681 1634 4  time 307.423 0 478.196
Iteration 426  HV  cores 1685 1638 4  time 307.608 0 479.791
Iteration 427  HV  cores 1689 1642 4  time 307.936 0 481.455
Iteration 428  HV  cores 1693 1646 4  time 308.345 0 483.034
Iteration 429  HV  cores 1697 1650 4  time 308.688 0 484.574
Iteration 430  HV  cores 1701 1654 4  time 308.946 0 486.089
Iteration 431  HV  cores 1705 1658 4  time 310.159 0 487.761
Iteration 432  HV  cores 1709 1662 4  time 312.514 0 489.477
Iteration 433  HV  cores 1713 1666 4  time 313.377 0 491.069
Iteration 434  HV  cores 1717 1670 4  time 313.881 0 492.8
Iteration 435  HV  cores 1721 1674 4  time 314.183 0 494.406
Iteration 436  HV  cores 1725 1678 4  time 314.645 0 496.056
Iteration 437  HV  cores 1729 1681 4  time 315.121 0 497.648
Iteration 438  HV  cores 1733 1684 4  time 315.584 0 499.224
Iteration 439  HV  cores 1736 1687 3  time 316.18 0 500.899
Iteration 440  HV  cores 1739 1690 3  time 316.472 0 502.583
Iteration 441  HV  cores 1742 1693 3  time 316.877 0 504.332
Iteration 442  HV  cores 1745 1695 3  time 317.447 0 505.911
Iteration 443  HV  cores 1750 1700 5  time 318.484 0 507.521
Iteration 444  HV  cores 1754 1703 4  time 319.146 0 509.112
Iteration 445  HV  cores 1758 1707 4  time 319.659 0 510.895
Iteration 446  HV  cores 1762 1711 4  time 320.091 0 512.493
Iteration 447  HV  cores 1766 1715 4  time 320.67 0 514.145
Iteration 448  HV  cores 1770 1719 4  time 321.06 0 515.755
Iteration 449  HV  cores 1774 1722 4  time 321.5 0 517.366
Iteration 450  HV  cores 1778 1726 4  time 321.99 0 519.11
Iteration 451  HV  cores 1782 1729 4  time 322.365 0 520.736
Iteration 452  HV  cores 1786 1733 4  time 323.998 0 522.448
Iteration 453  HV  cores 1790 1737 4  time 324.275 0 524.067
Iteration 454  HV  cores 1794 1741 4  time 324.758 0 525.751
Iteration 455  HV  cores 1797 1744 3  time 324.986 0 527.438
Iteration 456  HV  cores 1800 1747 3  time 325.343 0 529.113
Iteration 457  HV  cores 1803 1750 3  time 325.637 0 530.838
Iteration 458  HV  cores 1807 1754 4  time 325.824 0 532.58
Iteration 459  HV  cores 1810 1757 3  time 325.948 0 534.306
Iteration 460  HV  cores 1814 1761 4  time 326.673 0 536.009
Iteration 461  HV  cores 1817 1764 3  time 326.911 0 537.847
Iteration 462  HV  cores 1821 1768 4  time 327.423 0 539.526
Iteration 463  HV  cores 1825 1772 4  time 327.929 0 541.297
Iteration 464  HV  cores 1828 1775 3  time 328.043 0 543.049
Iteration 465  HV  cores 1832 1778 4  time 328.228 0 544.693
Iteration 466  HV  cores 1835 1781 3  time 328.358 0 546.346
Iteration 467  HV  cores 1838 1784 3  time 328.483 0 548.035
Iteration 468  HV  cores 1841 1786 3  time 328.616 0 549.797
Iteration 469  HV  cores 1844 1788 3  time 328.747 0 551.568
Iteration 470  HV  cores 1847 1790 3  time 328.873 0 553.257
Iteration 471  HV  cores 1850 1793 3  time 328.998 0 555.002
Iteration 472  HV  cores 1853 1795 3  time 329.229 0 556.777
Iteration 473  HV  cores 1856 1797 3  time 329.411 0 558.465
Iteration 474  HV  cores 1859 1800 3  time 329.623 0 560.162
Iteration 475  HV  cores 1862 1803 3  time 329.838 0 561.975
Iteration 476  HV  cores 1865 1805 3  time 330.015 0 563.793
Iteration 477  HV  cores 1869 1809 4  time 330.676 0 565.71
Iteration 478  HV  cores 1872 1812 3  time 330.88 0 567.468
Iteration 479  HV  cores 1875 1813 3  time 331.076 0 569.143
Iteration 480  HV  cores 1878 1815 3  time 331.272 0 570.869
Iteration 481  HV  cores 1881 1817 3  time 331.466 0 572.591
Iteration 482  HV  cores 1884 1820 3  time 331.657 0 574.341
Iteration 483  HV  cores 1887 1821 3  time 331.848 0 576.129
Iteration 484  HV  cores 1890 1822 3  time 332.039 0 577.962
Iteration 485  HV  cores 1893 1824 3  time 332.229 0 579.7
Iteration 486  HV  cores 1897 1828 4  time 332.677 0 581.481
Iteration 487  HV  cores 1901 1831 4  time 333.208 0 583.184
Iteration 488  HV  cores 1905 1835 4  time 333.638 0 584.886
Iteration 489  HV  cores 1909 1839 4  time 334.085 0 586.708
Iteration 490  HV  cores 1913 1840 4  time 334.509 0 588.514
Iteration 491  HV  cores 1917 1844 4  time 334.952 0 590.234
Iteration 492  HV  cores 1921 1848 4  time 335.373 0 592.006
Iteration 493  HV  cores 1924 1851 3  time 335.545 0 593.714
Iteration 494  HV  cores 1928 1852 4  time 336.081 0 595.468
Iteration 495  HV  cores 1931 1853 3  time 336.253 0 597.262
Iteration 496  HV  cores 1935 1855 4  time 336.695 0 599.03
Iteration 497  HV  cores 1939 1857 4  time 337.197 0 600.795
Iteration 498  HV  cores 1942 1860 3  time 337.389 0 602.59
Iteration 499  HV  cores 1946 1863 4  time 338.957 0 604.333
Iteration 500  HV  cores 1949 1866 3  time 339.15 0 606.25
Iteration 501  HV  cores 1952 1869 3  time 339.276 0 608.106
Iteration 502  HV  cores 1955 1870 3  time 339.403 0 609.966
Iteration 503  HV  cores 1958 1872 3  time 339.521 0 611.962
Iteration 504  HV  cores 1961 1875 3  time 339.694 0 613.748
Iteration 505  HV  cores 1964 1877 3  time 339.861 0 615.564
Iteration 506  HV  cores 1967 1880 3  time 340.026 0 617.352
Iteration 507  HV  cores 1970 1881 3  time 340.192 0 619.207
Iteration 508  HV  cores 1973 1884 3  time 340.348 0 620.995
Iteration 509  HV  cores 1976 1887 3  time 340.537 0 622.769
Iteration 510  HV  cores 1979 1890 3  time 340.724 0 624.585
Iteration 511  HV  cores 1983 1894 4  time 341.26 0 626.396
Iteration 512  HV  cores 1987 1896 4  time 341.613 0 628.258
Iteration 513  HV  cores 1990 1899 3  time 341.788 0 630.176
Iteration 514  HV  cores 1993 1900 3  time 341.961 0 631.938
Iteration 515  HV  cores 1996 1901 3  time 342.134 0 633.824
Iteration 516  HV  cores 2000 1904 4  time 342.523 0 635.73
Iteration 517  HV  cores 2004 1908 4  time 342.731 0 637.595
Iteration 518  HV  cores 2007 1911 3  time 343.57 0 639.42
Iteration 519  HV  cores 2010 1914 3  time 344.46 0 641.206
Iteration 520  HV  cores 2014 1918 4  time 344.889 0 643.023
Iteration 521  HV  cores 2018 1922 4  time 346.114 0 644.863
Iteration 522  HV  cores 2022 1926 4  time 346.566 0 646.905
Iteration 523  HV  cores 2026 1930 4  time 346.996 0 648.66
Iteration 524  HV  cores 2029 1933 3  time 348.176 0 650.643
Iteration 525  HV  cores 2032 1936 3  time 348.315 0 652.459
Iteration 526  HV  cores 2036 1940 4  time 348.778 0 654.281
Iteration 527  HV  cores 2040 1944 4  time 349.143 0 656.13
Iteration 528  HV  cores 2044 1948 4  time 349.577 0 657.89
Iteration 529  HV  cores 2048 1951 4  time 349.851 0 659.92
Iteration 530  HV  cores 2052 1954 4  time 350.204 0 661.742
Iteration 531  HV  cores 2056 1958 4  time 350.617 0 663.539
Iteration 532  HV  cores 2060 1962 4  time 350.988 0 665.515
Iteration 533  HV  cores 2064 1966 4  time 351.332 0 667.326
Iteration 534  HV  cores 2067 1968 3  time 351.586 0 669.3
Iteration 535  HV  cores 2070 1971 3  time 352.106 0 671.138
Iteration 536  HV  cores 2074 1975 4  time 352.56 0 673.045
Iteration 537  HV  cores 2078 1979 4  time 352.789 0 674.913
Iteration 538  HV  cores 2082 1983 4  time 353.157 0 676.788
Iteration 539  HV  cores 2086 1985 4  time 353.375 0 678.63
Iteration 540  HV  cores 2090 1988 4  time 353.777 0 680.594
Iteration 541  HV  cores 2093 1991 3  time 354.065 0 682.4
Iteration 542  HV  cores 2097 1995 4  time 354.423 0 684.233
Iteration 543  HV  cores 2101 1998 4  time 354.87 0 686.033
Iteration 544  HV  cores 2105 1998 4  time 355.249 0 687.879
Iteration 545  HV  cores 2109 2002 4  time 355.602 0 689.733
Iteration 546  HV  cores 2113 2006 4  time 356.11 0 691.639
Iteration 547  HV  cores 2117 2009 4  time 356.61 0 693.47
Iteration 548  HV  cores 2121 2013 4  time 356.872 0 695.425
Iteration 549  HV  cores 2125 2015 4  time 357.35 0 697.525
Iteration 550  HV  cores 2129 2019 4  time 357.758 0 699.397
Iteration 551  HV  cores 2133 2023 4  time 359.197 0 701.29
Iteration 552  HV  cores 2137 2026 4  time 360.334 0 703.323
Iteration 553  HV  cores 2141 2029 4  time 361.253 0 705.216
Iteration 554  HV  cores 2145 2032 4  time 362.024 0 707.152
Iteration 555  HV  cores 2150 2037 5  time 362.627 0 709.1
Iteration 556  HV  cores 2153 2040 3  time 362.76 0 711.066
Iteration 557  HV  cores 2157 2044 4  time 363.976 0 713.104
Iteration 558  HV  cores 2161 2047 4  time 364.967 0 715.124
Iteration 559  HV  cores 2164 2050 3  time 365.231 0 717.041
Iteration 560  HV  cores 2167 2052 3  time 365.452 0 718.934
Iteration 561  HV  cores 2170 2055 3  time 365.674 0 720.881
Iteration 562  HV  cores 2173 2058 3  time 365.867 0 722.924
Iteration 563  HV  cores 2176 2060 3  time 366.055 0 724.841
Iteration 564  HV  cores 2179 2063 3  time 366.443 0 726.939
Iteration 565  HV  cores 2182 2065 3  time 366.671 0 728.842
Iteration 566  HV  cores 2186 2069 4  time 367.504 0 730.812
Iteration 567  HV  cores 2189 2071 3  time 367.661 0 732.842
Iteration 568  HV  cores 2192 2074 3  time 367.813 0 734.847
Iteration 569  HV  cores 2196 2077 4  time 368.19 0 736.798
Iteration 570  HV  cores 2200 2078 4  time 369.364 0 738.792
Iteration 571  HV  cores 2203 2081 3  time 369.508 0 740.665
Iteration 572  HV  cores 2207 2085 4  time 370.064 0 742.654
Iteration 573  HV  cores 2211 2086 4  time 370.471 0 744.602
Iteration 574  HV  cores 2214 2087 3  time 371.831 0 746.532
Iteration 575  HV  cores 2217 2090 3  time 372.193 0 748.516
Iteration 576  HV  cores 2220 2093 3  time 372.57 0 750.675
Iteration 577  HV  cores 2223 2096 3  time 372.86 0 752.727
Iteration 578  HV  cores 2226 2097 3  time 373.106 0 754.772
Iteration 579  HV  cores 2229 2100 3  time 373.342 0 756.759
Iteration 580  HV  cores 2233 2104 4  time 373.711 0 758.706
Iteration 581  HV  cores 2236 2107 3  time 373.908 0 760.846
Iteration 582  HV  cores 2239 2110 3  time 374.104 0 762.847
Iteration 583  HV  cores 2243 2112 4  time 374.425 0 764.819
Iteration 584  HV  cores 2247 2116 4  time 374.664 0 766.783
Iteration 585  HV  cores 2250 2118 3  time 374.802 0 768.758
Iteration 586  HV  cores 2253 2117 3  time 374.94 0 770.666
Iteration 587  HV  cores 2257 2121 4  time 375.336 0 772.62
Iteration 588  HV  cores 2261 2124 4  time 375.673 0 774.585
Iteration 589  HV  cores 2265 2127 4  time 375.91 0 776.362
Iteration 590  HV  cores 2268 2130 3  time 376.423 0 778.427
Iteration 591  HV  cores 2272 2133 4  time 376.868 0 780.415
Iteration 592  HV  cores 2276 2137 4  time 378.101 0 782.432
Iteration 593  HV  cores 2280 2141 4  time 379.081 0 784.523
Iteration 594  HV  cores 2284 2143 4  time 379.898 0 786.593
Iteration 595  HV  cores 2287 2145 3  time 380.029 0 788.75
Iteration 596  HV  cores 2290 2147 3  time 380.153 0 790.834
Iteration 597  HV  cores 2294 2150 4  time 380.981 0 792.865
Iteration 598  HV  cores 2298 2154 4  time 382.292 0 794.812
Iteration 599  HV  cores 2301 2157 3  time 382.449 0 796.755
Iteration 600  HV  cores 2304 2160 3  time 382.598 0 798.74
Iteration 601  HV  cores 2307 2163 3  time 382.802 0 800.756
Iteration 602  HV  cores 2310 2165 3  time 382.997 0 802.794
Iteration 603  HV  cores 2314 2169 4  time 383.88 0 804.876
Iteration 604  HV  cores 2318 2173 4  time 384.186 0 806.654
Iteration 605  HV  cores 2321 2176 3  time 384.392 0 808.755
Iteration 606  HV  cores 2324 2178 3  time 384.544 0 810.587
Iteration 607  HV  cores 2327 2181 3  time 384.689 0 812.619
Iteration 608  HV  cores 2330 2183 3  time 384.845 0 814.661
Iteration 609  HV  cores 2334 2187 4  time 385.893 0 816.735
Iteration 610  HV  cores 2338 2191 4  time 386.19 0 818.817
Iteration 611  HV  cores 2342 2193 4  time 387.331 0 820.897
Iteration 612  HV  cores 2346 2197 4  time 387.747 0 822.934
Iteration 613  HV  cores 2350 2200 4  time 388.453 0 824.944
Iteration 614  HV  cores 2354 2202 4  time 389.039 0 827.068
Iteration 615  HV  cores 2358 2206 4  time 389.748 0 829.215
Iteration 616  HV  cores 2362 2210 4  time 389.918 0 831.275
Iteration 617  HV  cores 2366 2214 4  time 390.229 0 833.428
Iteration 618  HV  cores 2370 2218 4  time 390.824 0 835.448
Iteration 619  HV  cores 2374 2222 4  time 391.488 0 837.455
Iteration 620  HV  cores 2377 2225 3  time 391.679 0 839.602
Iteration 621  HV  cores 2381 2229 4  time 392.195 0 841.709
Iteration 622  HV  cores 2385 2233 4  time 392.638 0 843.732
Iteration 623  HV  cores 2389 2237 4  time 393.039 0 845.983
Iteration 624  HV  cores 2392 2240 3  time 393.229 0 848.243
Iteration 625  HV  cores 2396 2244 4  time 394.154 0 850.522
Iteration 626  HV  cores 2399 2247 3  time 394.632 0 852.713
Iteration 627  HV  cores 2403 2250 4  time 395.097 0 854.994
Iteration 628  HV  cores 2406 2253 3  time 395.28 0 857.142
Iteration 629  HV  cores 2409 2256 3  time 395.408 0 859.275
Iteration 630  HV  cores 2412 2258 3  time 395.595 0 861.406
Iteration 631  HV  cores 2416 2262 4  time 395.951 0 863.487
Iteration 632  HV  cores 2420 2266 4  time 396.41 0 865.665
Iteration 633  HV  cores 2424 2269 4  time 396.889 0 867.955
Iteration 634  HV  cores 2428 2272 4  time 397.582 0 870.007
Iteration 635  HV  cores 2431 2275 3  time 397.775 0 872.244
Iteration 636  HV  cores 2434 2278 3  time 397.912 0 874.496
Iteration 637  HV  cores 2438 2280 4  time 398.36 0 876.698
Iteration 638  HV  cores 2442 2284 4  time 398.697 0 878.812
Iteration 639  HV  cores 2446 2288 4  time 398.978 0 881.044
Iteration 640  HV  cores 2450 2290 4  time 399.256 0 883.219
Iteration 641  HV  cores 2454 2291 4  time 399.508 0 885.46
Iteration 642  HV  cores 2458 2295 4  time 400.162 0 887.727
Iteration 643  HV  cores 2462 2299 4  time 400.6 0 889.803
Iteration 644  HV  cores 2465 2302 3  time 400.78 0 891.929
Iteration 645  HV  cores 2469 2306 4  time 401.837 0 894.136
Iteration 646  HV  cores 2473 2310 4  time 402.011 0 896.224
Iteration 647  HV  cores 2477 2313 4  time 402.425 0 898.37
Iteration 648  HV  cores 2481 2317 4  time 402.984 0 900.571
Iteration 649  HV  cores 2485 2319 4  time 403.516 0 902.772
Iteration 650  HV  cores 2489 2323 4  time 403.925 0 904.927
Iteration 651  HV  cores 2492 2325 3  time 404.09 0 907.034
Iteration 652  HV  cores 2495 2328 3  time 404.25 0 909.196
Iteration 653  HV  cores 2499 2332 4  time 405.027 0 911.525
Iteration 654  HV  cores 2502 2335 3  time 405.226 0 913.799
Iteration 655  HV  cores 2505 2338 3  time 405.348 0 916.067
Iteration 656  HV  cores 2509 2342 4  time 405.772 0 918.315
Iteration 657  HV  cores 2513 2346 4  time 406.073 0 920.471
Iteration 658  HV  cores 2517 2348 4  time 406.377 0 922.59
Iteration 659  HV  cores 2521 2352 4  time 406.659 0 924.769
Iteration 660  HV  cores 2525 2355 4  time 406.901 0 926.95
Iteration 661  HV  cores 2529 2357 4  time 407.113 0 929.133
Iteration 662  HV  cores 2533 2361 4  time 407.613 0 931.37
Iteration 663  HV  cores 2537 2365 4  time 408.293 0 933.376
Iteration 664  HV  cores 2541 2369 4  time 408.796 0 935.566
Iteration 665  HV  cores 2544 2372 3  time 409.289 0 937.928
Iteration 666  HV  cores 2547 2374 3  time 409.559 0 940.144
Iteration 667  HV  cores 2550 2377 3  time 409.914 0 942.434
Iteration 668  HV  cores 2553 2380 3  time 410.193 0 944.724
Iteration 669  HV  cores 2557 2382 4  time 410.751 0 947.091
Iteration 670  HV  cores 2560 2385 3  time 411.011 0 949.329
Iteration 671  HV  cores 2563 2388 3  time 411.282 0 951.572
Iteration 672  HV  cores 2566 2391 3  time 411.693 0 953.753
Iteration 673  HV  cores 2569 2394 3  time 411.906 0 956.166
Iteration 674  HV  cores 2572 2397 3  time 412.141 0 958.452
Iteration 675  HV  cores 2575 2400 3  time 412.423 0 960.764
Iteration 676  HV  cores 2579 2404 4  time 412.771 0 963.02
Iteration 677  HV  cores 2583 2408 4  time 413.198 0 965.317
Iteration 678  HV  cores 2587 2412 4  time 413.54 0 967.586
Iteration 679  HV  cores 2590 2415 3  time 413.727 0 969.883
Iteration 680  HV  cores 2593 2418 3  time 413.987 0 972.24
Iteration 681  HV  cores 2596 2421 3  time 414.221 0 974.476
Iteration 682  HV  cores 2599 2424 3  time 414.46 0 976.86
Iteration 683  HV  cores 2602 2427 3  time 414.7 0 979.129
Iteration 684  HV  cores 2605 2429 3  time 414.907 0 981.477
Iteration 685  HV  cores 2608 2432 3  time 415.093 0 983.873
Iteration 686  HV  cores 2612 2436 4  time 415.462 0 986.148
Iteration 687  HV  cores 2616 2440 4  time 415.769 0 988.482
Iteration 688  HV  cores 2619 2443 3  time 416.433 0 990.845
Iteration 689  HV  cores 2623 2447 4  time 416.995 0 993.164
Iteration 690  HV  cores 2626 2450 3  time 417.738 0 995.423
Iteration 691  HV  cores 2629 2453 3  time 418.243 0 997.912
Iteration 692  HV  cores 2632 2456 3  time 418.803 0 1000.34
Iteration 693  HV  cores 2635 2457 3  time 419.07 0 1002.68
Iteration 694  HV  cores 2638 2460 3  time 419.317 0 1005.14
Iteration 695  HV  cores 2641 2463 3  time 419.757 0 1007.61
Iteration 696  HV  cores 2645 2467 4  time 420.172 0 1010.02
Iteration 697  HV  cores 2649 2471 4  time 420.684 0 1012.36
Iteration 698  HV  cores 2653 2474 4  time 421.064 0 1014.87
Iteration 699  HV  cores 2657 2478 4  time 421.536 0 1017.3
Iteration 700  HV  cores 2661 2482 4  time 421.992 0 1019.78
Iteration 701  HV  cores 2665 2486 4  time 422.434 0 1022.31
Iteration 702  HV  cores 2669 2490 4  time 422.86 0 1024.72
Iteration 703  HV  cores 2673 2494 4  time 423.282 0 1027.22
Iteration 704  HV  cores 2677 2498 4  time 423.635 0 1029.6
Iteration 705  HV  cores 2680 2501 3  time 423.782 0 1031.89
Iteration 706  HV  cores 2684 2505 4  time 424.404 0 1034.18
Iteration 707  HV  cores 2687 2508 3  time 424.519 0 1036.79
Iteration 708  HV  cores 2690 2510 3  time 424.629 0 1039.16
Iteration 709  HV  cores 2694 2514 4  time 425.047 0 1041.51
Iteration 710  HV  cores 2698 2518 4  time 425.546 0 1043.94
Iteration 711  HV  cores 2701 2521 3  time 425.664 0 1046.32
Iteration 712  HV  cores 2704 2524 3  time 425.838 0 1048.87
Iteration 713  HV  cores 2708 2528 4  time 426.282 0 1051.29
Iteration 714  HV  cores 2712 2532 4  time 426.666 0 1053.63
Iteration 715  HV  cores 2716 2536 4  time 426.925 0 1056.04
Iteration 716  HV  cores 2720 2540 4  time 427.65 0 1058.44
Iteration 717  HV  cores 2723 2543 3  time 427.808 0 1060.79
Iteration 718  HV  cores 2726 2546 3  time 427.957 0 1063.12
Iteration 719  HV  cores 2729 2548 3  time 428.142 0 1065.54
Iteration 720  HV  cores 2733 2551 4  time 428.444 0 1068.09
Iteration 721  HV  cores 2736 2553 3  time 428.607 0 1070.62
Iteration 722  HV  cores 2739 2556 3  time 428.846 0 1072.99
Iteration 723  HV  cores 2742 2559 3  time 428.999 0 1075.38
Iteration 724  HV  cores 2745 2562 3  time 429.166 0 1077.83
Iteration 725  HV  cores 2748 2565 3  time 429.336 0 1080.29
Iteration 726  HV  cores 2751 2567 3  time 429.828 0 1082.46
Iteration 727  HV  cores 2755 2571 4  time 430.132 0 1084.87
Iteration 728  HV  cores 2759 2575 4  time 430.391 0 1087.42
Iteration 729  HV  cores 2763 2579 4  time 430.989 0 1089.99
Iteration 730  HV  cores 2766 2582 3  time 431.127 0 1092.4
Iteration 731  HV  cores 2769 2585 3  time 431.266 0 1094.76
Iteration 732  HV  cores 2772 2588 3  time 431.403 0 1097.12
Iteration 733  HV  cores 2775 2590 3  time 431.746 0 1099.59
Iteration 734  HV  cores 2778 2593 3  time 431.9 0 1102.13
Iteration 735  HV  cores 2781 2596 3  time 432.081 0 1104.56
Iteration 736  HV  cores 2784 2596 3  time 432.254 0 1106.92
Iteration 737  HV  cores 2788 2600 4  time 432.527 0 1109.29
Iteration 738  HV  cores 2792 2604 4  time 432.866 0 1111.78
Iteration 739  HV  cores 2796 2607 4  time 433.178 0 1114.23
Iteration 740  HV  cores 2800 2611 4  time 433.415 0 1116.7
Iteration 741  HV  cores 2804 2614 4  time 433.707 0 1119.15
Iteration 742  HV  cores 2808 2616 4  time 434.012 0 1121.68
Iteration 743  HV  cores 2811 2618 3  time 434.174 0 1124.14
Iteration 744  HV  cores 2814 2620 3  time 434.399 0 1126.59
Iteration 745  HV  cores 2817 2622 3  time 434.557 0 1129.12
Iteration 746  HV  cores 2821 2626 4  time 434.756 0 1131.63
Iteration 747  HV  cores 2824 2628 3  time 434.908 0 1134.24
Iteration 748  HV  cores 2828 2632 4  time 435.46 0 1136.64
Iteration 749  HV  cores 2831 2635 3  time 435.737 0 1139.12
Iteration 750  HV  cores 2834 2638 3  time 435.896 0 1141.32
Iteration 751  HV  cores 2838 2642 4  time 436.456 0 1144.02
Iteration 752  HV  cores 2842 2646 4  time 436.991 0 1146.44
Iteration 753  HV  cores 2846 2649 4  time 437.444 0 1148.99
Iteration 754  HV  cores 2849 2652 3  time 437.579 0 1151.4
Iteration 755  HV  cores 2853 2656 4  time 438.144 0 1153.95
Iteration 756  HV  cores 2857 2660 4  time 439.404 0 1156.17
Iteration 757  HV  cores 2860 2663 3  time 439.62 0 1158.93
Iteration 758  HV  cores 2863 2666 3  time 439.837 0 1161.35
Iteration 759  HV  cores 2866 2669 3  time 440.04 0 1164.05
Iteration 760  HV  cores 2869 2671 3  time 440.251 0 1166.57
Iteration 761  HV  cores 2872 2674 3  time 440.455 0 1169.01
Iteration 762  HV  cores 2875 2677 3  time 440.646 0 1171.54
Iteration 763  HV  cores 2879 2681 4  time 441.419 0 1174.12
Iteration 764  HV  cores 2882 2684 3  time 441.621 0 1176.63
Iteration 765  HV  cores 2885 2685 3  time 441.811 0 1179.22
Iteration 766  HV  cores 2888 2688 3  time 442.02 0 1181.68
Iteration 767  HV  cores 2891 2690 3  time 442.239 0 1184.2
Iteration 768  HV  cores 2896 2695 5  time 443.126 0 1186.85
Iteration 769  HV  cores 2900 2699 4  time 443.423 0 1189.48
Iteration 770  HV  cores 2904 2703 4  time 443.657 0 1191.95
Iteration 771  HV  cores 2907 2706 3  time 443.9 0 1194.43
Iteration 772  HV  cores 2911 2710 4  time 444.14 0 1196.98
Iteration 773  HV  cores 2915 2714 4  time 444.353 0 1199.65
Iteration 774  HV  cores 2919 2718 4  time 444.697 0 1202.14
Iteration 775  HV  cores 2923 2722 4  time 444.99 0 1204.62
Iteration 776  HV  cores 2927 2724 4  time 445.292 0 1207.16
Iteration 777  HV  cores 2931 2728 4  time 445.602 0 1210.02
Iteration 778  HV  cores 2935 2732 4  time 445.899 0 1212.31
Iteration 779  HV  cores 2939 2734 4  time 446.253 0 1214.87
Iteration 780  HV  cores 2942 2737 3  time 446.462 0 1217.44
Iteration 781  HV  cores 2945 2739 3  time 446.652 0 1220.03
Iteration 782  HV  cores 2948 2742 3  time 446.85 0 1222.54
Iteration 783  HV  cores 2951 2745 3  time 447.059 0 1225.28
Iteration 784  HV  cores 2954 2748 3  time 447.239 0 1227.86
Iteration 785  HV  cores 2957 2750 3  time 447.445 0 1230.37
Iteration 786  HV  cores 2960 2753 3  time 447.639 0 1232.96
Iteration 787  HV  cores 2963 2756 3  time 447.839 0 1235.48
Iteration 788  HV  cores 2966 2759 3  time 448.036 0 1238.06
Iteration 789  HV  cores 2969 2761 3  time 448.378 0 1240.66
Iteration 790  HV  cores 2973 2765 4  time 448.547 0 1243.4
Iteration 791  HV  cores 2976 2768 3  time 448.885 0 1246.32
Iteration 792  HV  cores 2980 2772 4  time 449.626 0 1248.66
Iteration 793  HV  cores 2983 2775 3  time 449.845 0 1251.29
Iteration 794  HV  cores 2987 2779 4  time 450.635 0 1253.93
Iteration 795  HV  cores 2990 2782 3  time 451.094 0 1256.69
Iteration 796  HV  cores 2993 2784 3  time 451.56 0 1259.32
Iteration 797  HV  cores 2997 2788 4  time 451.912 0 1262.04
Iteration 798  HV  cores 3001 2791 4  time 452.411 0 1264.72
Iteration 799  HV  cores 3005 2795 4  time 453.417 0 1267.35
Iteration 800  HV  cores 3009 2798 4  time 454.688 0 1269.95
Iteration 801  HV  cores 3012 2801 3  time 454.812 0 1272.65
Iteration 802  HV  cores 3015 2804 3  time 454.97 0 1275.35
Iteration 803  HV  cores 3018 2806 3  time 455.126 0 1277.93
Iteration 804  HV  cores 3021 2809 3  time 455.339 0 1280.26
Iteration 805  HV  cores 3024 2812 3  time 455.555 0 1282.96
Iteration 806  HV  cores 3027 2815 3  time 455.707 0 1285.71
Iteration 807  HV  cores 3030 2818 3  time 455.895 0 1288.37
Iteration 808  HV  cores 3033 2821 3  time 456.076 0 1291.03
Iteration 809  HV  cores 3036 2824 3  time 456.232 0 1293.63
Iteration 810  HV  cores 3039 2827 3  time 456.402 0 1296.29
Iteration 811  HV  cores 3042 2830 3  time 456.546 0 1298.88
Iteration 812  HV  cores 3045 2833 3  time 456.715 0 1301.25
Iteration 813  HV  cores 3048 2836 3  time 456.931 0 1303.85
Iteration 814  HV  cores 3051 2839 3  time 457.134 0 1306.54
Iteration 815  HV  cores 3054 2842 3  time 457.334 0 1309.15
Iteration 816  HV  cores 3057 2844 3  time 457.539 0 1311.77
Iteration 817  HV  cores 3060 2847 3  time 457.71 0 1314.5
Iteration 818  HV  cores 3063 2850 3  time 457.887 0 1317.25
Iteration 819  HV  cores 3066 2853 3  time 458.049 0 1319.88
Iteration 820  HV  cores 3069 2855 3  time 458.204 0 1322.57
Iteration 821  HV  cores 3072 2858 3  time 458.376 0 1325.36
Iteration 822  HV  cores 3075 2861 3  time 458.568 0 1328.03
Iteration 823  HV  cores 3078 2864 3  time 458.719 0 1330.64
Iteration 824  HV  cores 3081 2867 3  time 458.898 0 1333.27
Iteration 825  HV  cores 3084 2870 3  time 459.081 0 1335.91
Iteration 826  HV  cores 3088 2874 4  time 459.348 0 1338.64
Iteration 827  HV  cores 3091 2877 3  time 459.544 0 1341.07
Iteration 828  HV  cores 3094 2880 3  time 459.701 0 1343.71
Iteration 829  HV  cores 3097 2883 3  time 459.89 0 1346.35
Iteration 830  HV  cores 3100 2886 3  time 460.06 0 1349.17
Iteration 831  HV  cores 3103 2889 3  time 460.26 0 1351.81
Iteration 832  HV  cores 3106 2892 3  time 460.488 0 1354.59
Iteration 833  HV  cores 3109 2893 3  time 460.674 0 1357.37
Iteration 834  HV  cores 3112 2894 3  time 460.899 0 1360.15
Iteration 835  HV  cores 3115 2897 3  time 461.048 0 1362.95
Iteration 836  HV  cores 3118 2900 3  time 461.244 0 1365.62
Iteration 837  HV  cores 3121 2903 3  time 461.434 0 1368.29
Iteration 838  HV  cores 3124 2906 3  time 461.577 0 1370.73
Iteration 839  HV  cores 3127 2909 3  time 461.792 0 1373.45
Iteration 840  HV  cores 3130 2912 3  time 462.001 0 1376.13
Iteration 841  HV  cores 3133 2915 3  time 462.139 0 1378.93
Iteration 842  HV  cores 3136 2917 3  time 462.284 0 1381.72
Iteration 843  HV  cores 3139 2919 3  time 462.434 0 1384.41
Iteration 844  HV  cores 3142 2922 3  time 462.618 0 1387.3
Iteration 845  HV  cores 3145 2925 3  time 462.817 0 1390.07
Iteration 846  HV  cores 3148 2928 3  time 463.004 0 1392.77
Iteration 847  HV  cores 3151 2930 3  time 463.208 0 1395.56
Iteration 848  HV  cores 3154 2933 3  time 463.426 0 1398.39
Iteration 849  HV  cores 3157 2934 3  time 463.571 0 1400.78
Iteration 850  HV  cores 3160 2935 3  time 463.759 0 1403.57
Iteration 851  HV  cores 3163 2937 3  time 463.968 0 1406.28
Iteration 852  HV  cores 3166 2940 3  time 464.171 0 1409.01
Iteration 853  HV  cores 3170 2944 4  time 464.442 0 1411.45
Iteration 854  HV  cores 3173 2947 3  time 464.637 0 1414.16
Iteration 855  HV  cores 3176 2950 3  time 464.804 0 1416.99
Iteration 856  HV  cores 3179 2953 3  time 465.003 0 1419.77
Iteration 857  HV  cores 3182 2955 3  time 465.161 0 1422.5
Iteration 858  HV  cores 3185 2958 3  time 465.342 0 1425.34
Iteration 859  HV  cores 3188 2960 3  time 465.557 0 1428.17
Iteration 860  HV  cores 3191 2963 3  time 465.752 0 1431.08
Iteration 861  HV  cores 3194 2966 3  time 465.926 0 1433.81
Iteration 862  HV  cores 3197 2969 3  time 466.238 0 1436.73
Iteration 863  HV  cores 3201 2973 4  time 466.575 0 1439.49
Iteration 864  HV  cores 3204 2976 3  time 466.746 0 1442.35
Iteration 865  HV  cores 3207 2979 3  time 466.891 0 1445.2
Iteration 866  HV  cores 3210 2982 3  time 467.032 0 1447.95
Iteration 867  HV  cores 3213 2984 3  time 467.171 0 1450.81
Iteration 868  HV  cores 3216 2987 3  time 467.361 0 1453.35
Iteration 869  HV  cores 3219 2989 3  time 467.52 0 1456.2
Iteration 870  HV  cores 3222 2992 3  time 467.707 0 1459.08
Iteration 871  HV  cores 3225 2994 3  time 467.877 0 1461.93
Iteration 872  HV  cores 3228 2997 3  time 468.07 0 1464.79
Iteration 873  HV  cores 3231 3000 3  time 468.26 0 1467.78
Iteration 874  HV  cores 3234 3003 3  time 468.435 0 1470.67
Iteration 875  HV  cores 3237 3006 3  time 468.645 0 1473.46
Iteration 876  HV  cores 3240 3009 3  time 468.958 0 1476.28
Iteration 877  HV  cores 3244 3013 4  time 469.245 0 1479.24
Iteration 878  HV  cores 3247 3016 3  time 469.451 0 1481.7
Iteration 879  HV  cores 3251 3020 4  time 469.646 0 1484.5
Iteration 880  HV  cores 3255 3024 4  time 470.048 0 1487.49
Iteration 881  HV  cores 3258 3027 3  time 470.45 0 1490.37
Iteration 882  HV  cores 3261 3030 3  time 470.8 0 1493.3
Iteration 883  HV  cores 3265 3034 4  time 471.07 0 1496.13
Iteration 884  HV  cores 3269 3037 4  time 471.966 0 1498.96
Iteration 885  HV  cores 3273 3040 4  time 472.154 0 1501.89
Iteration 886  HV  cores 3277 3044 4  time 472.453 0 1504.77
Iteration 887  HV  cores 3281 3048 4  time 473.554 0 1507.6
Iteration 888  HV  cores 3284 3051 3  time 473.723 0 1510.44
Iteration 889  HV  cores 3288 3055 4  time 474.349 0 1513.29
Iteration 890  HV  cores 3292 3059 4  time 474.619 0 1516.21
Iteration 891  HV  cores 3296 3063 4  time 475.429 0 1519.15
Iteration 892  HV  cores 3300 3067 4  time 475.764 0 1521.7
Iteration 893  HV  cores 3304 3071 4  time 476.093 0 1524.65
Iteration 894  HV  cores 3308 3075 4  time 476.855 0 1527.52
Iteration 895  HV  cores 3311 3078 3  time 477.025 0 1530.05
Iteration 896  HV  cores 3314 3081 3  time 477.357 0 1533.07
Iteration 897  HV  cores 3317 3084 3  time 477.654 0 1536.01
Iteration 898  HV  cores 3320 3087 3  time 477.79 0 1539.02
Iteration 899  HV  cores 3324 3091 4  time 478.331 0 1541.98
Iteration 900  HV  cores 3327 3094 3  time 478.477 0 1544.87
Iteration 901  HV  cores 3331 3098 4  time 479.172 0 1547.76
Iteration 902  HV  cores 3335 3102 4  time 480.36 0 1550.66
Iteration 903  HV  cores 3339 3106 4  time 480.692 0 1553.56
Iteration 904  HV  cores 3343 3109 4  time 481.026 0 1556.6
Iteration 905  HV  cores 3347 3112 4  time 481.318 0 1559.61
Iteration 906  HV  cores 3351 3116 4  time 482.323 0 1562.21
Iteration 907  HV  cores 3354 3118 3  time 482.448 0 1565.16
Iteration 908  HV  cores 3358 3122 4  time 482.991 0 1568.06
Iteration 909  HV  cores 3362 3126 4  time 483.464 0 1570.97
Iteration 910  HV  cores 3365 3129 3  time 483.927 0 1573.62
Iteration 911  HV  cores 3368 3132 3  time 484.103 0 1576.66
Iteration 912  HV  cores 3372 3136 4  time 484.674 0 1579.58
Iteration 913  HV  cores 3376 3140 4  time 485.389 0 1582.49
Iteration 914  HV  cores 3379 3143 3  time 485.577 0 1585.42
Iteration 915  HV  cores 3383 3147 4  time 486.159 0 1588.48
Iteration 916  HV  cores 3387 3150 4  time 486.394 0 1591.54
Iteration 917  HV  cores 3391 3154 4  time 486.817 0 1594.58
Iteration 918  HV  cores 3395 3158 4  time 487.213 0 1597.62
Iteration 919  HV  cores 3399 3161 4  time 487.559 0 1600.59
Iteration 920  HV  cores 3402 3162 3  time 487.707 0 1603.55
Iteration 921  HV  cores 3406 3166 4  time 488.048 0 1606.59
Iteration 922  HV  cores 3410 3170 4  time 488.683 0 1609.76
Iteration 923  HV  cores 3414 3173 4  time 489.186 0 1612.71
Iteration 924  HV  cores 3417 3176 3  time 489.706 0 1615.26
Iteration 925  HV  cores 3420 3179 3  time 489.881 0 1618.22
Iteration 926  HV  cores 3423 3182 3  time 490.041 0 1620.9
Iteration 927  HV  cores 3426 3185 3  time 490.278 0 1623.92
Iteration 928  HV  cores 3429 3188 3  time 490.674 0 1626.98
Iteration 929  HV  cores 3432 3191 3  time 491.138 0 1629.94
Iteration 930  HV  cores 3436 3195 4  time 491.782 0 1632.9
Iteration 931  HV  cores 3440 3199 4  time 492.1 0 1635.62
Iteration 932  HV  cores 3443 3202 3  time 492.423 0 1638.6
Iteration 933  HV  cores 3447 3206 4  time 493.009 0 1641.67
Iteration 934  HV  cores 3450 3209 3  time 493.172 0 1644.66
Iteration 935  HV  cores 3453 3212 3  time 493.344 0 1647.65
Iteration 936  HV  cores 3456 3215 3  time 493.528 0 1650.64
Iteration 937  HV  cores 3459 3218 3  time 493.704 0 1653.75
Iteration 938  HV  cores 3463 3222 4  time 494.2 0 1656.85
Iteration 939  HV  cores 3466 3225 3  time 494.409 0 1659.4
Iteration 940  HV  cores 3470 3229 4  time 494.699 0 1662.39
Iteration 941  HV  cores 3473 3232 3  time 494.873 0 1665.51
Iteration 942  HV  cores 3477 3236 4  time 495.503 0 1668.61
Iteration 943  HV  cores 3481 3240 4  time 496.074 0 1671.77
Iteration 944  HV  cores 3485 3244 4  time 496.576 0 1674.85
Iteration 945  HV  cores 3488 3247 3  time 496.714 0 1677.49
Iteration 946  HV  cores 3491 3250 3  time 496.858 0 1680.55
Iteration 947  HV  cores 3494 3253 3  time 497.03 0 1683.26
Iteration 948  HV  cores 3498 3257 4  time 498.215 0 1686.31
Iteration 949  HV  cores 3502 3261 4  time 498.8 0 1689.43
Iteration 950  HV  cores 3505 3264 3  time 498.983 0 1692.2
Iteration 951  HV  cores 3508 3267 3  time 499.186 0 1695.34
Iteration 952  HV  cores 3511 3270 3  time 499.336 0 1698.38
Iteration 953  HV  cores 3514 3273 3  time 499.502 0 1701.43
Iteration 954  HV  cores 3517 3276 3  time 499.641 0 1704.59
Iteration 955  HV  cores 3520 3279 3  time 499.87 0 1707.63
Iteration 956  HV  cores 3523 3282 3  time 500.125 0 1710.7
Iteration 957  HV  cores 3527 3286 4  time 500.379 0 1713.75
Iteration 958  HV  cores 3531 3289 4  time 500.637 0 1716.82
Iteration 959  HV  cores 3535 3293 4  time 501.087 0 1719.51
Iteration 960  HV  cores 3538 3296 3  time 501.237 0 1722.7
Iteration 961  HV  cores 3541 3299 3  time 501.386 0 1725.35
Iteration 962  HV  cores 3544 3301 3  time 501.559 0 1728.56
Iteration 963  HV  cores 3547 3303 3  time 501.714 0 1731.77
Iteration 964  HV  cores 3550 3305 3  time 501.842 0 1734.58
Iteration 965  HV  cores 3553 3307 3  time 501.974 0 1737.31
Iteration 966  HV  cores 3557 3311 4  time 502.202 0 1739.99
Iteration 967  HV  cores 3560 3314 3  time 502.343 0 1743.21
Iteration 968  HV  cores 3563 3317 3  time 502.501 0 1746.34
Iteration 969  HV  cores 3566 3320 3  time 502.635 0 1749.47
Iteration 970  HV  cores 3570 3324 4  time 502.967 0 1752.73
Iteration 971  HV  cores 3573 3327 3  time 503.156 0 1755.84
Iteration 972  HV  cores 3576 3330 3  time 503.322 0 1758.96
Iteration 973  HV  cores 3579 3332 3  time 503.473 0 1762.08
Iteration 974  HV  cores 3582 3334 3  time 503.609 0 1764.88
Iteration 975  HV  cores 3585 3336 3  time 503.759 0 1767.59
Iteration 976  HV  cores 3589 3340 4  time 504.07 0 1770.72
Iteration 977  HV  cores 3592 3342 3  time 504.225 0 1774
Iteration 978  HV  cores 3595 3345 3  time 504.464 0 1777.29
Iteration 979  HV  cores 3598 3348 3  time 504.653 0 1780.04
Iteration 980  HV  cores 3601 3351 3  time 504.826 0 1783.28
Iteration 981  HV  cores 3604 3353 3  time 504.978 0 1786.46
Iteration 982  HV  cores 3607 3355 3  time 505.15 0 1789.62
Iteration 983  HV  cores 3610 3357 3  time 505.291 0 1792.92
Iteration 984  HV  cores 3613 3359 3  time 505.447 0 1796.09
Iteration 985  HV  cores 3616 3362 3  time 505.697 0 1799.26
Iteration 986  HV  cores 3619 3365 3  time 505.854 0 1802.43
Iteration 987  HV  cores 3622 3366 3  time 506.098 0 1805.64
Iteration 988  HV  cores 3625 3369 3  time 506.299 0 1808.93
Iteration 989  HV  cores 3628 3371 3  time 506.505 0 1812.12
Iteration 990  HV  cores 3631 3374 3  time 506.707 0 1815.43
Iteration 991  HV  cores 3634 3377 3  time 506.914 0 1818.73
Iteration 992  HV  cores 3637 3379 3  time 507.112 0 1821.55
Iteration 993  HV  cores 3640 3382 3  time 507.259 0 1824.74
Iteration 994  HV  cores 3643 3384 3  time 507.408 0 1827.95
Iteration 995  HV  cores 3646 3387 3  time 507.569 0 1830.72
Iteration 996  HV  cores 3649 3390 3  time 507.857 0 1833.92
Iteration 997  HV  cores 3652 3393 3  time 508.085 0 1837.29
Iteration 998  HV  cores 3655 3396 3  time 508.253 0 1840.61
Iteration 999  HV  cores 3658 3399 3  time 508.401 0 1843.53
Iteration 1000  HV  cores 3661 3402 3  time 508.639 0 1846.26
Iteration 1001  HV  cores 3664 3405 3  time 508.822 0 1849.73
Iteration 1002  HV  cores 3667 3408 3  time 509.027 0 1852.46
Iteration 1003  HV  cores 3671 3412 4  time 509.324 0 1855.4
Iteration 1004  HV  cores 3674 3415 3  time 509.509 0 1858.6
Iteration 1005  HV  cores 3677 3417 3  time 509.708 0 1861.95
Iteration 1006  HV  cores 3680 3419 3  time 509.862 0 1865.3
Iteration 1007  HV  cores 3683 3421 3  time 510.033 0 1868.63
Iteration 1008  HV  cores 3686 3423 3  time 510.177 0 1871.86
Iteration 1009  HV  cores 3689 3425 3  time 510.322 0 1875.09
Iteration 1010  HV  cores 3692 3427 3  time 510.497 0 1878.47
Iteration 1011  HV  cores 3695 3430 3  time 510.687 0 1881.69
Iteration 1012  HV  cores 3698 3433 3  time 510.835 0 1884.92
Iteration 1013  HV  cores 3702 3437 4  time 511.095 0 1888.15
Iteration 1014  HV  cores 3705 3439 3  time 511.236 0 1891.52
Iteration 1015  HV  cores 3708 3441 3  time 511.422 0 1894.83
Iteration 1016  HV  cores 3712 3445 4  time 512.174 0 1897.75
Iteration 1017  HV  cores 3716 3449 4  time 512.435 0 1901.03
Iteration 1018  HV  cores 3720 3453 4  time 512.679 0 1904.47
Iteration 1019  HV  cores 3724 3457 4  time 512.892 0 1907.86
Iteration 1020  HV  cores 3727 3460 3  time 513.055 0 1911.28
Iteration 1021  HV  cores 3730 3463 3  time 513.441 0 1914.77
Iteration 1022  HV  cores 3733 3466 3  time 513.699 0 1917.61
Iteration 1023  HV  cores 3737 3470 4  time 514.717 0 1920.94
Iteration 1024  HV  cores 3740 3473 3  time 515.078 0 1924.25
Iteration 1025  HV  cores 3743 3476 3  time 515.291 0 1927.56
Iteration 1026  HV  cores 3746 3479 3  time 515.626 0 1930.86
Iteration 1027  HV  cores 3749 3482 3  time 515.952 0 1934.33
Iteration 1028  HV  cores 3753 3486 4  time 517.098 0 1937.69
Iteration 1029  HV  cores 3756 3489 3  time 517.372 0 1941.04
Iteration 1030  HV  cores 3760 3493 4  time 518.044 0 1943.98
Iteration 1031  HV  cores 3763 3496 3  time 519.147 0 1947.33
Iteration 1032  HV  cores 3767 3500 4  time 519.739 0 1950.67
Iteration 1033  HV  cores 3771 3504 4  time 520.052 0 1953.46
Iteration 1034  HV  cores 3775 3508 4  time 520.344 0 1956.81
Iteration 1035  HV  cores 3779 3512 4  time 520.569 0 1959.72
Iteration 1036  HV  cores 3783 3516 4  time 521.01 0 1963.06
Iteration 1037  HV  cores 3786 3519 3  time 521.193 0 1966.43
Iteration 1038  HV  cores 3790 3523 4  time 522.39 0 1969.94
Iteration 1039  HV  cores 3793 3526 3  time 522.584 0 1973.46
Iteration 1040  HV  cores 3797 3530 4  time 523.93 0 1976.86
Iteration 1041  HV  cores 3800 3533 3  time 524.137 0 1980.28
Iteration 1042  HV  cores 3803 3536 3  time 524.317 0 1983.68
Iteration 1043  HV  cores 3807 3540 4  time 525.138 0 1987.09
Iteration 1044  HV  cores 3811 3544 4  time 525.393 0 1990.14
Iteration 1045  HV  cores 3815 3548 4  time 525.703 0 1993.53
Iteration 1046  HV  cores 3818 3550 3  time 525.926 0 1996.97
Iteration 1047  HV  cores 3822 3552 4  time 526.246 0 2000.5
Iteration 1048  HV  cores 3825 3555 3  time 526.457 0 2003.89
Iteration 1049  HV  cores 3829 3559 4  time 527.324 0 2007.47
Iteration 1050  HV  cores 3833 3563 4  time 529.011 0 2010.42
Iteration 1051  HV  cores 3837 3567 4  time 530.03 0 2013.43
Iteration 1052  HV  cores 3840 3570 3  time 530.232 0 2016.86
Iteration 1053  HV  cores 3844 3574 4  time 530.428 0 2020.25
Iteration 1054  HV  cores 3847 3577 3  time 530.629 0 2023.59
Iteration 1055  HV  cores 3850 3579 3  time 530.826 0 2027.15
Iteration 1056  HV  cores 3853 3580 3  time 531.021 0 2030.75
Iteration 1057  HV  cores 3856 3582 3  time 531.212 0 2034.42
Iteration 1058  HV  cores 3860 3586 4  time 531.65 0 2037.51
Iteration 1059  HV  cores 3863 3589 3  time 531.845 0 2040.59
Iteration 1060  HV  cores 3866 3590 3  time 532.059 0 2044.17
Iteration 1061  HV  cores 3870 3594 4  time 532.51 0 2047.14
Iteration 1062  HV  cores 3874 3598 4  time 532.829 0 2050.6
Iteration 1063  HV  cores 3878 3602 4  time 534.495 0 2054.15
Iteration 1064  HV  cores 3882 3606 4  time 535.46 0 2057.74
Iteration 1065  HV  cores 3886 3610 4  time 536.22 0 2061.47
Iteration 1066  HV  cores 3890 3614 4  time 536.531 0 2064.58
Iteration 1067  HV  cores 3894 3618 4  time 537.028 0 2068.13
Iteration 1068  HV  cores 3898 3622 4  time 537.355 0 2071.1
Iteration 1069  HV  cores 3902 3626 4  time 537.703 0 2074.67
Iteration 1070  HV  cores 3906 3630 4  time 538.151 0 2078.16
Iteration 1071  HV  cores 3910 3634 4  time 538.584 0 2081.62
Iteration 1072  HV  cores 3914 3637 4  time 539.251 0 2084.51
Iteration 1073  HV  cores 3918 3641 4  time 540.18 0 2087.76
Iteration 1074  HV  cores 3922 3645 4  time 540.394 0 2090.75
Iteration 1075  HV  cores 3925 3648 3  time 540.532 0 2093.73
Iteration 1076  HV  cores 3929 3652 4  time 540.874 0 2097.04
Iteration 1077  HV  cores 3933 3656 4  time 541.232 0 2100.49
Iteration 1078  HV  cores 3937 3660 4  time 541.631 0 2103.89
Iteration 1079  HV  cores 3941 3661 4  time 542.006 0 2107.52
Iteration 1080  HV  cores 3945 3665 4  time 542.331 0 2111.03
Iteration 1081  HV  cores 3948 3668 3  time 543.297 0 2114.46
Iteration 1082  HV  cores 3952 3672 4  time 543.762 0 2117.91
Iteration 1083  HV  cores 3955 3675 3  time 544.161 0 2121.46
Iteration 1084  HV  cores 3958 3677 3  time 544.259 0 2124.53
Iteration 1085  HV  cores 3962 3681 4  time 544.847 0 2127.98
Iteration 1086  HV  cores 3965 3684 3  time 544.945 0 2131.63
Iteration 1087  HV  cores 3968 3687 3  time 545.387 0 2135.1
Iteration 1088  HV  cores 3972 3690 4  time 546.071 0 2138.75
Iteration 1089  HV  cores 3976 3694 4  time 547.228 0 2141.88
Iteration 1090  HV  cores 3979 3697 3  time 547.41 0 2145.68
Iteration 1091  HV  cores 3983 3700 4  time 548.103 0 2148.88
Iteration 1092  HV  cores 3987 3704 4  time 549.221 0 2152.2
Iteration 1093  HV  cores 3991 3707 4  time 549.503 0 2155.33
Iteration 1094  HV  cores 3995 3711 4  time 549.8 0 2158.8
Iteration 1095  HV  cores 3999 3715 4  time 550.465 0 2162.02
Iteration 1096  HV  cores 4002 3718 3  time 550.659 0 2165.28
Iteration 1097  HV  cores 4006 3722 4  time 550.943 0 2168.48
Iteration 1098  HV  cores 4010 3725 4  time 551.446 0 2171.66
Iteration 1099  HV  cores 4014 3729 4  time 551.847 0 2174.87
Iteration 1100  HV  cores 4018 3733 4  time 552.177 0 2177.94
Iteration 1101  HV  cores 4021 3736 3  time 552.356 0 2181.77
Iteration 1102  HV  cores 4025 3740 4  time 552.932 0 2184.97
Iteration 1103  HV  cores 4029 3743 4  time 553.542 0 2188.22
Iteration 1104  HV  cores 4033 3747 4  time 554.015 0 2191.82
Iteration 1105  HV  cores 4037 3751 4  time 554.356 0 2195.93
Iteration 1106  HV  cores 4041 3755 4  time 554.796 0 2199.77
Iteration 1107  HV  cores 4044 3758 3  time 554.971 0 2202.98
Iteration 1108  HV  cores 4048 3762 4  time 555.56 0 2206.03
Iteration 1109  HV  cores 4051 3765 3  time 555.706 0 2209.66
Iteration 1110  HV  cores 4055 3769 4  time 555.949 0 2212.91
Iteration 1111  HV  cores 4058 3772 3  time 556.116 0 2216.16
Iteration 1112  HV  cores 4061 3775 3  time 556.292 0 2219.78
Iteration 1113  HV  cores 4065 3779 4  time 556.686 0 2223.42
Iteration 1114  HV  cores 4068 3782 3  time 556.829 0 2226.51
Iteration 1115  HV  cores 4072 3785 4  time 557.096 0 2229.69
Iteration 1116  HV  cores 4076 3789 4  time 557.417 0 2233.58
Iteration 1117  HV  cores 4079 3789 3  time 557.554 0 2237.25
Iteration 1118  HV  cores 4083 3792 4  time 557.767 0 2241.01
Iteration 1119  HV  cores 4087 3796 4  time 558.203 0 2244.69
Iteration 1120  HV  cores 4090 3799 3  time 558.365 0 2248.32
Iteration 1121  HV  cores 4093 3802 3  time 558.526 0 2251.97
Iteration 1122  HV  cores 4096 3805 3  time 558.698 0 2255.86
Iteration 1123  HV  cores 4099 3805 3  time 558.874 0 2259.52
Iteration 1124  HV  cores 4102 3807 3  time 559.045 0 2262.75
Iteration 1125  HV  cores 4105 3810 3  time 559.247 0 2266.04
Iteration 1126  HV  cores 4108 3811 3  time 559.407 0 2269.74
Iteration 1127  HV  cores 4111 3813 3  time 559.564 0 2273.44
Iteration 1128  HV  cores 4115 3817 4  time 559.728 0 2277.11
Iteration 1129  HV  cores 4118 3820 3  time 559.885 0 2280.99
Iteration 1130  HV  cores 4121 3823 3  time 560.055 0 2284.69
Iteration 1131  HV  cores 4125 3825 4  time 560.279 0 2288.3
Iteration 1132  HV  cores 4128 3827 3  time 561.258 0 2291.46
Iteration 1133  HV  cores 4132 3831 4  time 561.857 0 2294.7
Iteration 1134  HV  cores 4136 3835 4  time 562.239 0 2298.42
Iteration 1135  HV  cores 4140 3839 4  time 562.623 0 2301.59
Iteration 1136  HV  cores 4144 3843 4  time 562.893 0 2305.25
Iteration 1137  HV  cores 4148 3847 4  time 563.663 0 2308.94
Iteration 1138  HV  cores 4152 3850 4  time 564.375 0 2312.66
Iteration 1139  HV  cores 4156 3854 4  time 564.664 0 2315.82
Iteration 1140  HV  cores 4160 3858 4  time 565.24 0 2319.52
Iteration 1141  HV  cores 4164 3862 4  time 566.69 0 2323.23
Iteration 1142  HV  cores 4168 3866 4  time 567.156 0 2326.94
Iteration 1143  HV  cores 4172 3870 4  time 567.581 0 2330.74
Iteration 1144  HV  cores 4176 3873 4  time 567.873 0 2334.45
Iteration 1145  HV  cores 4180 3877 4  time 568.14 0 2337.63
Iteration 1146  HV  cores 4184 3881 4  time 569.123 0 2341.74
Iteration 1147  HV  cores 4188 3885 4  time 569.496 0 2345.01
Iteration 1148  HV  cores 4192 3888 4  time 570.105 0 2348.29
Iteration 1149  HV  cores 4196 3891 4  time 570.791 0 2351.98
Iteration 1150  HV  cores 4200 3895 4  time 571.196 0 2355.67
Iteration 1151  HV  cores 4204 3899 4  time 571.423 0 2359.38
Iteration 1152  HV  cores 4208 3903 4  time 571.888 0 2363.08
Iteration 1153  HV  cores 4212 3906 4  time 572.135 0 2366.35
Iteration 1154  HV  cores 4216 3909 4  time 572.51 0 2370.28
Iteration 1155  HV  cores 4220 3912 4  time 572.863 0 2373.59
Iteration 1156  HV  cores 4224 3915 4  time 573.266 0 2377.5
Iteration 1157  HV  cores 4228 3919 4  time 573.501 0 2381.22
Iteration 1158  HV  cores 4232 3922 4  time 573.839 0 2384.92
Iteration 1159  HV  cores 4236 3924 4  time 574.088 0 2388.62
Iteration 1160  HV  cores 4240 3928 4  time 574.585 0 2392.34
Iteration 1161  HV  cores 4244 3932 4  time 574.895 0 2396.09
Iteration 1162  HV  cores 4248 3936 4  time 575.395 0 2399.85
Iteration 1163  HV  cores 4252 3939 4  time 575.659 0 2403.61
Iteration 1164  HV  cores 4256 3942 4  time 576.087 0 2407.36
Iteration 1165  HV  cores 4260 3946 4  time 576.569 0 2411.08
Iteration 1166  HV  cores 4264 3950 4  time 576.975 0 2414.85
Iteration 1167  HV  cores 4268 3952 4  time 577.324 0 2418.65
Iteration 1168  HV  cores 4272 3955 4  time 577.747 0 2422.45
Iteration 1169  HV  cores 4276 3957 4  time 578.223 0 2426.25
Iteration 1170  HV  cores 4280 3961 4  time 578.862 0 2430.15
Iteration 1171  HV  cores 4283 3964 3  time 579.568 0 2433.94
Iteration 1172  HV  cores 4287 3967 4  time 579.831 0 2437.73
Iteration 1173  HV  cores 4290 3970 3  time 580.672 0 2441.54
Iteration 1174  HV  cores 4293 3972 3  time 581.287 0 2445.33
Iteration 1175  HV  cores 4297 3976 4  time 581.812 0 2449.11
Iteration 1176  HV  cores 4301 3980 4  time 582.173 0 2453.13
Iteration 1177  HV  cores 4305 3984 4  time 582.456 0 2457.19
Iteration 1178  HV  cores 4309 3988 4  time 582.81 0 2460.99
Iteration 1179  HV  cores 4313 3992 4  time 584.004 0 2464.91
Iteration 1180  HV  cores 4318 3997 5  time 585.198 0 2468.67
Iteration 1181  HV  cores 4322 4001 4  time 586.128 0 2472.03
Iteration 1182  HV  cores 4326 4005 4  time 586.647 0 2475.79
Iteration 1183  HV  cores 4330 4009 4  time 586.88 0 2479.86
Iteration 1184  HV  cores 4334 4012 4  time 587.086 0 2483.64
Iteration 1185  HV  cores 4338 4016 4  time 587.297 0 2487.44
Iteration 1186  HV  cores 4342 4020 4  time 587.615 0 2491.27
Iteration 1187  HV  cores 4346 4024 4  time 587.882 0 2495.23
Iteration 1188  HV  cores 4350 4028 4  time 588.117 0 2499.1
Iteration 1189  HV  cores 4354 4032 4  time 588.581 0 2502.97
Iteration 1190  HV  cores 4357 4035 3  time 589.575 0 2506.33
Iteration 1191  HV  cores 4361 4037 4  time 589.933 0 2510.18
Iteration 1192  HV  cores 4365 4041 4  time 590.365 0 2513.99
Iteration 1193  HV  cores 4369 4042 4  time 590.64 0 2518.09
Iteration 1194  HV  cores 4373 4044 4  time 590.895 0 2522.09
Iteration 1195  HV  cores 4377 4048 4  time 591.368 0 2525.42
Iteration 1196  HV  cores 4381 4051 4  time 592.158 0 2528.83
Iteration 1197  HV  cores 4385 4055 4  time 592.494 0 2533.1
Iteration 1198  HV  cores 4389 4059 4  time 592.86 0 2536.98
Iteration 1199  HV  cores 4393 4063 4  time 593.649 0 2540.41
Iteration 1200  HV  cores 4397 4067 4  time 595.143 0 2543.87
Iteration 1201  HV  cores 4401 4070 4  time 595.643 0 2547.77
Iteration 1202  HV  cores 4405 4074 4  time 595.879 0 2551.77
Iteration 1203  HV  cores 4409 4078 4  time 596.038 0 2555.79
Iteration 1204  HV  cores 4413 4081 4  time 596.432 0 2559.71
Iteration 1205  HV  cores 4417 4085 4  time 597.054 0 2562.96
Iteration 1206  HV  cores 4420 4088 3  time 597.514 0 2567.02
Iteration 1207  HV  cores 4423 4090 3  time 598.457 0 2570.93
Iteration 1208  HV  cores 4427 4093 4  time 599.244 0 2574.79
Iteration 1209  HV  cores 4431 4096 4  time 599.585 0 2578.73
Iteration 1210  HV  cores 4435 4098 4  time 600.211 0 2582.63
Iteration 1211  HV  cores 4438 4100 3  time 600.666 0 2586.7
Iteration 1212  HV  cores 4442 4104 4  time 601.391 0 2590.64
Iteration 1213  HV  cores 4446 4108 4  time 601.744 0 2594.68
Iteration 1214  HV  cores 4450 4110 4  time 602.105 0 2598.1
Iteration 1215  HV  cores 4454 4114 4  time 602.838 0 2602.05
Iteration 1216  HV  cores 4458 4116 4  time 603.156 0 2606
Iteration 1217  HV  cores 4462 4118 4  time 603.428 0 2609.93
Iteration 1218  HV  cores 4466 4122 4  time 603.719 0 2613.21
Iteration 1219  HV  cores 4470 4126 4  time 604.452 0 2617.31
Iteration 1220  HV  cores 4474 4130 4  time 605.195 0 2621.31
Iteration 1221  HV  cores 4478 4134 4  time 605.708 0 2625.59
Iteration 1222  HV  cores 4482 4138 4  time 606.429 0 2629.06
Iteration 1223  HV  cores 4486 4142 4  time 606.943 0 2632.55
Iteration 1224  HV  cores 4490 4145 4  time 607.15 0 2636.07
Iteration 1225  HV  cores 4494 4148 4  time 607.618 0 2640.04
Iteration 1226  HV  cores 4498 4152 4  time 607.837 0 2643.53
Iteration 1227  HV  cores 4502 4156 4  time 608.255 0 2647.53
Iteration 1228  HV  cores 4506 4160 4  time 608.442 0 2651.81
Iteration 1229  HV  cores 4510 4164 4  time 608.91 0 2655.79
Iteration 1230  HV  cores 4514 4168 4  time 609.126 0 2659.8
Iteration 1231  HV  cores 4518 4172 4  time 609.277 0 2663.81
Iteration 1232  HV  cores 4522 4175 4  time 609.42 0 2668.13
Iteration 1233  HV  cores 4526 4179 4  time 609.562 0 2672.16
Iteration 1234  HV  cores 4530 4180 4  time 610.048 0 2676.18
Iteration 1235  HV  cores 4534 4184 4  time 610.262 0 2680.47
Iteration 1236  HV  cores 4538 4188 4  time 610.535 0 2684.5
Iteration 1237  HV  cores 4542 4191 4  time 610.686 0 2688.55
Iteration 1238  HV  cores 4546 4195 4  time 611.055 0 2692.6
Iteration 1239  HV  cores 4550 4198 4  time 611.324 0 2696.65
Iteration 1240  HV  cores 4554 4202 4  time 611.557 0 2700.2
Iteration 1241  HV  cores 4558 4205 4  time 612.118 0 2704.24
Iteration 1242  HV  cores 4562 4209 4  time 612.902 0 2708.31
Iteration 1243  HV  cores 4565 4212 3  time 613.889 0 2711.89
Iteration 1244  HV  cores 4568 4215 3  time 614.399 0 2715.48
Iteration 1245  HV  cores 4571 4217 3  time 614.776 0 2719.69
Iteration 1246  HV  cores 4574 4220 3  time 615.17 0 2723.92
Iteration 1247  HV  cores 4577 4221 3  time 615.471 0 2728.03
Iteration 1248  HV  cores 4580 4224 3  time 616.461 0 2732.16
Iteration 1249  HV  cores 4583 4227 3  time 617.074 0 2735.67
Iteration 1250  HV  cores 4586 4230 3  time 617.421 0 2739.74
Iteration 1251  HV  cores 4589 4233 3  time 617.873 0 2743.81
Iteration 1252  HV  cores 4593 4237 4  time 619.108 0 2748.08
Iteration 1253  HV  cores 4596 4240 3  time 619.269 0 2751.52
Iteration 1254  HV  cores 4599 4243 3  time 619.412 0 2755.6
Iteration 1255  HV  cores 4602 4245 3  time 619.53 0 2759.69
Iteration 1256  HV  cores 4605 4246 3  time 619.658 0 2763.77
Iteration 1257  HV  cores 4608 4249 3  time 619.822 0 2767.85
Iteration 1258  HV  cores 4611 4252 3  time 620.09 0 2772.11
Iteration 1259  HV  cores 4614 4255 3  time 620.37 0 2775.48
Iteration 1260  HV  cores 4617 4258 3  time 620.655 0 2779.02
Iteration 1261  HV  cores 4620 4261 3  time 621.054 0 2782.51
Iteration 1262  HV  cores 4623 4263 3  time 621.227 0 2786.62
Iteration 1263  HV  cores 4626 4265 3  time 621.57 0 2790.7
Iteration 1264  HV  cores 4629 4268 3  time 621.696 0 2794.07
Iteration 1265  HV  cores 4632 4271 3  time 621.807 0 2798.18
Iteration 1266  HV  cores 4635 4274 3  time 622.149 0 2802.28
Iteration 1267  HV  cores 4638 4277 3  time 622.262 0 2806.39
Iteration 1268  HV  cores 4641 4280 3  time 622.636 0 2810.49
Iteration 1269  HV  cores 4644 4283 3  time 623.014 0 2814.6
Iteration 1270  HV  cores 4647 4285 3  time 623.112 0 2818.86
Iteration 1271  HV  cores 4650 4286 3  time 623.473 0 2822.45
Iteration 1272  HV  cores 4653 4288 3  time 623.877 0 2826.59
Iteration 1273  HV  cores 4656 4290 3  time 624.252 0 2830.74
Iteration 1274  HV  cores 4659 4290 3  time 624.392 0 2834.36
Iteration 1275  HV  cores 4662 4293 3  time 624.582 0 2838.52
Iteration 1276  HV  cores 4665 4296 3  time 624.713 0 2842.66
Iteration 1277  HV  cores 4668 4299 3  time 624.836 0 2846.38
Iteration 1278  HV  cores 4671 4300 3  time 624.962 0 2849.78
Iteration 1279  HV  cores 4674 4302 3  time 625.173 0 2853.5
Iteration 1280  HV  cores 4677 4305 3  time 625.351 0 2857.67
Iteration 1281  HV  cores 4680 4307 3  time 625.517 0 2861.85
Iteration 1282  HV  cores 4683 4309 3  time 625.64 0 2865.98
Iteration 1283  HV  cores 4686 4311 3  time 625.758 0 2869.56
Iteration 1284  HV  cores 4689 4314 3  time 626.035 0 2873.18
Iteration 1285  HV  cores 4693 4318 4  time 626.381 0 2877.51
Iteration 1286  HV  cores 4697 4322 4  time 626.918 0 2881.7
Iteration 1287  HV  cores 4700 4325 3  time 627.22 0 2885.25
Iteration 1288  HV  cores 4703 4328 3  time 627.373 0 2889.47
Iteration 1289  HV  cores 4707 4332 4  time 627.912 0 2893.67
Iteration 1290  HV  cores 4710 4335 3  time 628.408 0 2897.42
Iteration 1291  HV  cores 4713 4338 3  time 629.325 0 2901.64
Iteration 1292  HV  cores 4717 4342 4  time 629.777 0 2905.88
Iteration 1293  HV  cores 4720 4345 3  time 629.943 0 2909.3
Iteration 1294  HV  cores 4723 4348 3  time 630.127 0 2913.53
Iteration 1295  HV  cores 4726 4351 3  time 630.729 0 2917.14
Iteration 1296  HV  cores 4730 4355 4  time 631.019 0 2920.68
Iteration 1297  HV  cores 4734 4359 4  time 631.322 0 2924.33
Iteration 1298  HV  cores 4738 4363 4  time 631.676 0 2928.01
Iteration 1299  HV  cores 4741 4366 3  time 631.843 0 2931.78
Iteration 1300  HV  cores 4745 4370 4  time 633.448 0 2936.04
Iteration 1301  HV  cores 4748 4373 3  time 633.663 0 2940.31
Iteration 1302  HV  cores 4752 4377 4  time 634.551 0 2944.57
Iteration 1303  HV  cores 4755 4380 3  time 634.808 0 2948.15
Iteration 1304  HV  cores 4758 4383 3  time 635.021 0 2952.12
Iteration 1305  HV  cores 4761 4386 3  time 635.255 0 2956.12
