lb 1133725847326 ub 512409557603043100 before adjustment
lb 0 ub 512408423877195774 after adjustment
costs ready
ub 3787984542962 after 2nd adjustment
22 variables 253 functions 1133725847326 lb, 3787984542962 ub
Iteration 0  HV  cores 5 5 5  time 1.61464 0 0.656253
Iteration 1  HV  cores 9 9 4  time 5.45995 0 1.38321
Iteration 2  HV  cores 13 13 4  time 9.36998 0 2.13512
Iteration 3  HV  cores 16 16 3  time 9.95567 0 2.88503
Iteration 4  HV  cores 20 20 4  time 12.9208 0 3.63486
Iteration 5  HV  cores 23 23 3  time 13.5844 0 4.40832
Iteration 6  HV  cores 26 26 3  time 14.7724 0 5.19132
Iteration 7  HV  cores 30 30 4  time 15.297 0 5.99275
Iteration 8  HV  cores 33 33 3  time 17.0815 0 6.79961
Iteration 9  HV  cores 36 36 3  time 18.1508 0 7.60411
Iteration 10  HV  cores 39 39 3  time 19.1441 0 8.40498
Iteration 11  HV  cores 42 42 3  time 22.3274 0 9.25311
Iteration 12  HV  cores 45 45 3  time 22.7366 0 10.1126
Iteration 13  HV  cores 47 47 2  time 28.2884 0 10.9889
Iteration 14  HV  cores 50 50 3  time 30.4396 0 11.8631
Iteration 15  HV  cores 52 52 2  time 34.9815 0 12.7545
Iteration 16  HV  cores 54 54 2  time 36.0889 0 13.6425
Iteration 17  HV  cores 56 56 2  time 36.8557 0 14.527
Iteration 18  HV  cores 59 59 3  time 38.5144 0 15.4133
Iteration 19  HV  cores 62 61 3  time 39.6703 0 16.2976
Iteration 20  HV  cores 65 64 3  time 41.3012 0 17.181
Iteration 21  HV  cores 68 66 3  time 42.5929 0 18.0759
Iteration 22  HV  cores 70 68 2  time 43.2262 0 18.9698
Iteration 23  HV  cores 73 71 3  time 44.7084 0 19.8656
Iteration 24  HV  cores 76 73 3  time 45.4557 0 20.7727
Iteration 25  HV  cores 79 76 3  time 48.4962 0 21.6654
Iteration 26  HV  cores 82 79 3  time 55.7274 0 22.5682
Iteration 27  HV  cores 85 82 3  time 56.6071 0 23.4763
Iteration 28  HV  cores 88 85 3  time 57.1965 0 24.3913
Iteration 29  HV  cores 91 88 3  time 58.1156 0 25.3095
Iteration 30  HV  cores 94 91 3  time 60.875 0 26.2311
Iteration 31  HV  cores 97 94 3  time 61.9697 0 27.1526
Iteration 32  HV  cores 100 97 3  time 63.1637 0 28.0741
Iteration 33  HV  cores 102 99 2  time 63.5133 0 28.9987
Iteration 34  HV  cores 105 101 3  time 66.3374 0 29.9276
Iteration 35  HV  cores 108 104 3  time 70.447 0 30.8282
Iteration 36  HV  cores 111 107 3  time 72.8034 0 31.732
Iteration 37  HV  cores 114 110 3  time 73.7683 0 32.6393
Iteration 38  HV  cores 117 112 3  time 74.4498 0 33.54
Iteration 39  HV  cores 120 115 3  time 75.9954 0 34.4481
Iteration 40  HV  cores 123 118 3  time 76.5882 0 35.3552
Iteration 41  HV  cores 125 120 2  time 78.2628 0 36.2645
Iteration 42  HV  cores 128 123 3  time 78.8308 0 37.1761
Iteration 43  HV  cores 131 126 3  time 80.6596 0 38.0875
Iteration 44  HV  cores 133 128 2  time 81.7282 0 38.9997
Iteration 45  HV  cores 136 131 3  time 84.6739 0 39.9153
Iteration 46  HV  cores 139 134 3  time 86.3573 0 40.8325
Iteration 47  HV  cores 142 137 3  time 88.931 0 41.7483
Iteration 48  HV  cores 146 140 4  time 90.9659 0 42.6643
Iteration 49  HV  cores 149 143 3  time 92.3087 0 43.5879
Iteration 50  HV  cores 152 145 3  time 92.6611 0 44.5072
Iteration 51  HV  cores 156 149 4  time 94.158 0 45.4293
Iteration 52  HV  cores 159 151 3  time 94.4496 0 46.351
Iteration 53  HV  cores 162 154 3  time 95.3499 0 47.2799
Iteration 54  HV  cores 165 157 3  time 95.9723 0 48.2018
Iteration 55  HV  cores 168 160 3  time 96.5412 0 49.13
Iteration 56  HV  cores 171 163 3  time 101.898 0 50.0815
Iteration 57  HV  cores 174 166 3  time 102.576 0 51.014
Iteration 58  HV  cores 177 169 3  time 102.935 0 51.9436
Iteration 59  HV  cores 180 172 3  time 104.936 0 52.8784
Iteration 60  HV  cores 183 174 3  time 106.611 0 53.8182
Iteration 61  HV  cores 186 177 3  time 107.47 0 54.7561
Iteration 62  HV  cores 189 179 3  time 108.305 0 55.6949
Iteration 63  HV  cores 192 180 3  time 108.625 0 56.6331
Iteration 64  HV  cores 195 182 3  time 109.777 0 57.5763
Iteration 65  HV  cores 198 185 3  time 110.648 0 58.5215
Iteration 66  HV  cores 201 186 3  time 111.368 0 59.4766
Iteration 67  HV  cores 204 189 3  time 112.078 0 60.4239
Iteration 68  HV  cores 207 191 3  time 112.72 0 61.3678
Iteration 69  HV  cores 210 193 3  time 113.205 0 62.3134
Iteration 70  HV  cores 213 195 3  time 113.623 0 63.2577
Iteration 71  HV  cores 216 198 3  time 116.572 0 64.2107
Iteration 72  HV  cores 219 201 3  time 119.211 0 65.165
Iteration 73  HV  cores 222 204 3  time 119.993 0 66.1224
Iteration 74  HV  cores 225 207 3  time 122.139 0 67.0803
Iteration 75  HV  cores 228 210 3  time 122.686 0 68.0411
Iteration 76  HV  cores 231 213 3  time 124.581 0 69.0161
Iteration 77  HV  cores 234 216 3  time 125.755 0 69.9841
Iteration 78  HV  cores 237 219 3  time 127.474 0 70.954
Iteration 79  HV  cores 240 222 3  time 129.529 0 71.9272
Iteration 80  HV  cores 243 225 3  time 129.981 0 72.8901
Iteration 81  HV  cores 246 228 3  time 134.004 0 73.8618
Iteration 82  HV  cores 249 229 3  time 134.354 0 74.8324
Iteration 83  HV  cores 252 232 3  time 135.107 0 75.7962
Iteration 84  HV  cores 255 235 3  time 136.423 0 76.7734
Iteration 85  HV  cores 258 237 3  time 136.659 0 77.746
Iteration 86  HV  cores 262 241 4  time 138.067 0 78.7211
Iteration 87  HV  cores 265 244 3  time 138.75 0 79.6986
Iteration 88  HV  cores 269 248 4  time 139.491 0 80.6808
Iteration 89  HV  cores 272 250 3  time 140.083 0 81.6654
Iteration 90  HV  cores 275 253 3  time 141.096 0 82.6445
Iteration 91  HV  cores 278 256 3  time 143.658 0 83.6432
Iteration 92  HV  cores 281 258 3  time 143.967 0 84.6535
Iteration 93  HV  cores 284 259 3  time 144.677 0 85.6509
Iteration 94  HV  cores 287 262 3  time 145.818 0 86.6533
Iteration 95  HV  cores 290 265 3  time 146.927 0 87.6516
Iteration 96  HV  cores 293 267 3  time 147.698 0 88.66
Iteration 97  HV  cores 296 270 3  time 148.145 0 89.6816
Iteration 98  HV  cores 299 272 3  time 148.492 0 90.6914
Iteration 99  HV  cores 302 274 3  time 148.764 0 91.7034
Iteration 100  HV  cores 305 276 3  time 149.25 0 92.7221
Iteration 101  HV  cores 308 277 3  time 149.462 0 93.735
Iteration 102  HV  cores 311 279 3  time 149.662 0 94.7397
Iteration 103  HV  cores 314 282 3  time 150.407 0 95.7515
Iteration 104  HV  cores 317 285 3  time 151.421 0 96.7634
Iteration 105  HV  cores 320 285 3  time 152.059 0 97.7908
Iteration 106  HV  cores 323 286 3  time 152.486 0 98.7962
Iteration 107  HV  cores 326 288 3  time 152.85 0 99.8264
Iteration 108  HV  cores 329 289 3  time 153.313 0 100.837
Iteration 109  HV  cores 332 292 3  time 154.256 0 101.855
Iteration 110  HV  cores 335 294 3  time 154.817 0 102.866
Iteration 111  HV  cores 338 296 3  time 155.028 0 103.885
Iteration 112  HV  cores 341 297 3  time 155.411 0 104.923
Iteration 113  HV  cores 344 299 3  time 156.213 0 105.939
Iteration 114  HV  cores 347 300 3  time 156.457 0 107.007
Iteration 115  HV  cores 350 302 3  time 157.273 0 108.035
Iteration 116  HV  cores 353 300 3  time 157.592 0 109.062
Iteration 117  HV  cores 356 303 3  time 158.49 0 110.085
Iteration 118  HV  cores 359 304 3  time 159.663 0 111.118
Iteration 119  HV  cores 362 307 3  time 160.562 0 112.155
Iteration 120  HV  cores 365 308 3  time 161.483 0 113.179
Iteration 121  HV  cores 369 310 4  time 163.114 0 114.209
Iteration 122  HV  cores 372 312 3  time 163.598 0 115.241
Iteration 123  HV  cores 376 314 4  time 164.126 0 116.278
Iteration 124  HV  cores 380 318 4  time 164.97 0 117.325
Iteration 125  HV  cores 384 319 4  time 165.923 0 118.355
Iteration 126  HV  cores 388 322 4  time 166.763 0 119.403
Iteration 127  HV  cores 391 323 3  time 167.491 0 120.449
Iteration 128  HV  cores 394 326 3  time 167.966 0 121.494
Iteration 129  HV  cores 397 328 3  time 168.989 0 122.532
Iteration 130  HV  cores 400 331 3  time 169.615 0 123.577
Iteration 131  HV  cores 403 330 3  time 170.595 0 124.631
Iteration 132  HV  cores 406 332 3  time 171.375 0 125.669
Iteration 133  HV  cores 409 333 3  time 172.045 0 126.714
Iteration 134  HV  cores 412 333 3  time 172.593 0 127.766
Iteration 135  HV  cores 416 336 4  time 173.099 0 128.82
Iteration 136  HV  cores 419 337 3  time 173.618 0 129.874
Iteration 137  HV  cores 422 339 3  time 174.672 0 130.928
Iteration 138  HV  cores 425 342 3  time 175.219 0 132.025
Iteration 139  HV  cores 428 343 3  time 175.665 0 133.083
Iteration 140  HV  cores 431 344 3  time 176.089 0 134.144
Iteration 141  HV  cores 434 345 3  time 176.534 0 135.198
Iteration 142  HV  cores 438 349 4  time 177.215 0 136.268
Iteration 143  HV  cores 441 351 3  time 178.429 0 137.354
Iteration 144  HV  cores 444 354 3  time 179.348 0 138.436
Iteration 145  HV  cores 447 354 3  time 180.096 0 139.509
Iteration 146  HV  cores 450 357 3  time 180.638 0 140.567
Iteration 147  HV  cores 453 359 3  time 181.067 0 141.654
Iteration 148  HV  cores 456 361 3  time 181.502 0 142.729
Iteration 149  HV  cores 459 362 3  time 181.886 0 143.811
Iteration 150  HV  cores 462 361 3  time 182.341 0 144.882
Iteration 151  HV  cores 465 363 3  time 182.872 0 145.962
Iteration 152  HV  cores 468 364 3  time 183.222 0 147.032
Iteration 153  HV  cores 471 366 3  time 183.847 0 148.13
Iteration 154  HV  cores 474 366 3  time 184.143 0 149.213
Iteration 155  HV  cores 477 369 3  time 184.606 0 150.304
Iteration 156  HV  cores 480 372 3  time 185.082 0 151.395
Iteration 157  HV  cores 483 375 3  time 185.324 0 152.472
Iteration 158  HV  cores 486 376 3  time 185.536 0 153.556
Iteration 159  HV  cores 489 377 3  time 185.72 0 154.622
Iteration 160  HV  cores 492 379 3  time 186.061 0 155.698
Iteration 161  HV  cores 495 381 3  time 186.493 0 156.807
Iteration 162  HV  cores 498 383 3  time 186.851 0 157.92
Iteration 163  HV  cores 501 383 3  time 187.071 0 159.053
Iteration 164  HV  cores 504 383 3  time 187.267 0 160.159
Iteration 165  HV  cores 507 384 3  time 188.055 0 161.314
Iteration 166  HV  cores 510 386 3  time 188.363 0 162.428
Iteration 167  HV  cores 513 384 3  time 189.081 0 163.542
Iteration 168  HV  cores 516 387 3  time 189.298 0 164.666
Iteration 169  HV  cores 519 388 3  time 189.534 0 165.788
Iteration 170  HV  cores 522 390 3  time 189.743 0 166.905
Iteration 171  HV  cores 525 391 3  time 191.244 0 168.027
Iteration 172  HV  cores 528 393 3  time 191.495 0 169.13
Iteration 173  HV  cores 531 396 3  time 192.163 0 170.24
Iteration 174  HV  cores 534 399 3  time 192.618 0 171.323
Iteration 175  HV  cores 537 398 3  time 193.006 0 172.425
Iteration 176  HV  cores 540 399 3  time 193.201 0 173.516
Iteration 177  HV  cores 543 401 3  time 196.635 0 174.609
Iteration 178  HV  cores 546 401 3  time 197.292 0 175.704
Iteration 179  HV  cores 550 405 4  time 197.831 0 176.789
Iteration 180  HV  cores 554 408 4  time 199.023 0 177.881
Iteration 181  HV  cores 557 410 3  time 199.619 0 178.97
Iteration 182  HV  cores 560 410 3  time 200.732 0 180.056
Iteration 183  HV  cores 563 411 3  time 200.963 0 181.176
Iteration 184  HV  cores 566 412 3  time 201.349 0 182.283
Iteration 185  HV  cores 569 414 3  time 202.283 0 183.376
Iteration 186  HV  cores 573 416 4  time 204.192 0 184.462
Iteration 187  HV  cores 577 419 4  time 204.904 0 185.57
Iteration 188  HV  cores 581 421 4  time 205.487 0 186.685
Iteration 189  HV  cores 585 423 4  time 205.976 0 187.767
Iteration 190  HV  cores 589 426 4  time 206.598 0 188.877
Iteration 191  HV  cores 593 428 4  time 206.958 0 189.996
Iteration 192  HV  cores 597 429 4  time 207.472 0 191.119
Iteration 193  HV  cores 601 430 4  time 207.999 0 192.236
Iteration 194  HV  cores 605 433 4  time 208.373 0 193.344
Iteration 195  HV  cores 609 435 4  time 208.748 0 194.466
Iteration 196  HV  cores 612 437 3  time 209.134 0 195.57
Iteration 197  HV  cores 616 439 4  time 209.432 0 196.692
Iteration 198  HV  cores 620 439 4  time 209.924 0 197.807
Iteration 199  HV  cores 624 443 4  time 210.177 0 198.931
Iteration 200  HV  cores 628 443 4  time 210.425 0 200.089
Iteration 201  HV  cores 632 444 4  time 210.715 0 201.215
Iteration 202  HV  cores 636 444 4  time 210.91 0 202.323
Iteration 203  HV  cores 639 446 3  time 211.318 0 203.458
Iteration 204  HV  cores 642 447 3  time 211.671 0 204.578
Iteration 205  HV  cores 645 448 3  time 212.032 0 205.693
Iteration 206  HV  cores 648 449 3  time 212.393 0 206.799
Iteration 207  HV  cores 651 451 3  time 212.685 0 207.907
Iteration 208  HV  cores 654 452 3  time 212.83 0 209.032
Iteration 209  HV  cores 657 451 3  time 212.968 0 210.17
Iteration 210  HV  cores 660 453 3  time 213.095 0 211.29
Iteration 211  HV  cores 664 456 4  time 213.358 0 212.414
Iteration 212  HV  cores 668 459 4  time 213.585 0 213.547
Iteration 213  HV  cores 672 461 4  time 213.824 0 214.675
Iteration 214  HV  cores 676 462 4  time 214.036 0 215.827
Iteration 215  HV  cores 680 465 4  time 215.137 0 216.961
Iteration 216  HV  cores 684 467 4  time 215.441 0 218.093
Iteration 217  HV  cores 688 468 4  time 215.782 0 219.226
Iteration 218  HV  cores 691 470 3  time 216.342 0 220.352
Iteration 219  HV  cores 695 470 4  time 216.733 0 221.496
Iteration 220  HV  cores 698 471 3  time 216.889 0 222.642
Iteration 221  HV  cores 701 471 3  time 217.046 0 223.79
Iteration 222  HV  cores 704 473 3  time 217.196 0 224.918
Iteration 223  HV  cores 707 472 3  time 217.331 0 226.067
Iteration 224  HV  cores 710 474 3  time 217.63 0 227.23
Iteration 225  HV  cores 714 478 4  time 218.333 0 228.38
Iteration 226  HV  cores 718 480 4  time 218.655 0 229.52
Iteration 227  HV  cores 722 484 4  time 219.235 0 230.663
Iteration 228  HV  cores 726 486 4  time 219.67 0 231.822
Iteration 229  HV  cores 730 489 4  time 220.145 0 232.976
Iteration 230  HV  cores 734 491 4  time 220.487 0 234.138
Iteration 231  HV  cores 738 493 4  time 221.191 0 235.294
Iteration 232  HV  cores 741 496 3  time 221.386 0 236.469
Iteration 233  HV  cores 744 498 3  time 221.936 0 237.622
Iteration 234  HV  cores 748 500 4  time 222.635 0 238.766
Iteration 235  HV  cores 752 502 4  time 224.511 0 239.931
Iteration 236  HV  cores 756 505 4  time 225.163 0 241.088
Iteration 237  HV  cores 760 509 4  time 225.894 0 242.25
Iteration 238  HV  cores 764 511 4  time 226.426 0 243.404
Iteration 239  HV  cores 768 515 4  time 226.956 0 244.58
Iteration 240  HV  cores 772 518 4  time 228.587 0 245.747
Iteration 241  HV  cores 775 520 3  time 229.353 0 246.946
Iteration 242  HV  cores 778 519 3  time 229.812 0 248.109
Iteration 243  HV  cores 781 522 3  time 230.152 0 249.279
Iteration 244  HV  cores 784 525 3  time 230.38 0 250.472
Iteration 245  HV  cores 787 526 3  time 230.849 0 251.644
Iteration 246  HV  cores 790 529 3  time 231.075 0 252.815
Iteration 247  HV  cores 793 531 3  time 231.217 0 254.018
Iteration 248  HV  cores 796 532 3  time 231.36 0 255.199
Iteration 249  HV  cores 799 534 3  time 231.51 0 256.372
Iteration 250  HV  cores 802 535 3  time 231.64 0 257.547
Iteration 251  HV  cores 805 538 3  time 231.912 0 258.731
Iteration 252  HV  cores 808 540 3  time 232.181 0 259.926
Iteration 253  HV  cores 811 541 3  time 232.322 0 261.096
Iteration 254  HV  cores 814 543 3  time 232.938 0 262.299
Iteration 255  HV  cores 817 545 3  time 233.348 0 263.491
Iteration 256  HV  cores 820 547 3  time 233.703 0 264.681
Iteration 257  HV  cores 823 547 3  time 234.15 0 265.88
Iteration 258  HV  cores 827 549 4  time 235.744 0 267.069
Iteration 259  HV  cores 830 551 3  time 236.308 0 268.266
Iteration 260  HV  cores 833 554 3  time 236.822 0 269.464
Iteration 261  HV  cores 836 557 3  time 237.342 0 270.684
Iteration 262  HV  cores 839 560 3  time 240.61 0 271.875
Iteration 263  HV  cores 842 562 3  time 241.289 0 273.072
Iteration 264  HV  cores 845 561 3  time 241.729 0 274.294
Iteration 265  HV  cores 848 564 3  time 242.562 0 275.499
Iteration 266  HV  cores 852 568 4  time 243.102 0 276.715
Iteration 267  HV  cores 855 571 3  time 243.416 0 277.928
Iteration 268  HV  cores 858 574 3  time 243.874 0 279.126
Iteration 269  HV  cores 861 577 3  time 246.004 0 280.331
Iteration 270  HV  cores 865 580 4  time 246.529 0 281.524
Iteration 271  HV  cores 869 584 4  time 247.004 0 282.736
Iteration 272  HV  cores 872 587 3  time 248.689 0 283.972
Iteration 273  HV  cores 876 591 4  time 249.015 0 285.22
Iteration 274  HV  cores 880 594 4  time 249.379 0 286.433
Iteration 275  HV  cores 884 598 4  time 249.729 0 287.631
Iteration 276  HV  cores 888 602 4  time 250.046 0 288.863
Iteration 277  HV  cores 891 605 3  time 251.142 0 290.1
Iteration 278  HV  cores 894 607 3  time 251.505 0 291.336
Iteration 279  HV  cores 897 610 3  time 252.85 0 292.535
Iteration 280  HV  cores 900 611 3  time 253.599 0 293.765
Iteration 281  HV  cores 903 614 3  time 253.882 0 295.003
Iteration 282  HV  cores 906 616 3  time 254.076 0 296.223
Iteration 283  HV  cores 909 616 3  time 254.335 0 297.457
Iteration 284  HV  cores 912 617 3  time 254.59 0 298.701
Iteration 285  HV  cores 915 620 3  time 254.882 0 299.936
Iteration 286  HV  cores 918 620 3  time 255.276 0 301.171
Iteration 287  HV  cores 921 623 3  time 257.878 0 302.408
Iteration 288  HV  cores 924 625 3  time 258.605 0 303.704
Iteration 289  HV  cores 927 627 3  time 259.202 0 304.914
Iteration 290  HV  cores 930 630 3  time 259.896 0 306.191
Iteration 291  HV  cores 933 633 3  time 260.897 0 307.449
Iteration 292  HV  cores 936 636 3  time 261.671 0 308.719
Iteration 293  HV  cores 939 639 3  time 262.148 0 309.966
Iteration 294  HV  cores 942 641 3  time 262.525 0 311.245
Iteration 295  HV  cores 945 643 3  time 262.955 0 312.501
Iteration 296  HV  cores 948 645 3  time 263.336 0 313.75
Iteration 297  HV  cores 951 646 3  time 263.582 0 315.018
Iteration 298  HV  cores 954 645 3  time 263.902 0 316.27
Iteration 299  HV  cores 957 648 3  time 264.267 0 317.534
Iteration 300  HV  cores 960 650 3  time 264.67 0 318.801
Iteration 301  HV  cores 963 651 3  time 265.067 0 320.061
Iteration 302  HV  cores 966 653 3  time 265.483 0 321.328
Iteration 303  HV  cores 969 655 3  time 266.489 0 322.577
Iteration 304  HV  cores 972 657 3  time 267.347 0 323.834
Iteration 305  HV  cores 975 658 3  time 268.397 0 325.113
Iteration 306  HV  cores 978 659 3  time 268.966 0 326.385
Iteration 307  HV  cores 981 662 3  time 269.135 0 327.666
Iteration 308  HV  cores 984 662 3  time 269.277 0 328.931
Iteration 309  HV  cores 987 664 3  time 269.437 0 330.255
Iteration 310  HV  cores 990 665 3  time 269.802 0 331.549
Iteration 311  HV  cores 993 666 3  time 269.974 0 332.828
Iteration 312  HV  cores 996 667 3  time 270.626 0 334.124
Iteration 313  HV  cores 999 667 3  time 271.948 0 335.397
Iteration 314  HV  cores 1002 670 3  time 272.315 0 336.702
Iteration 315  HV  cores 1005 672 3  time 272.736 0 337.975
Iteration 316  HV  cores 1008 674 3  time 272.855 0 339.242
Iteration 317  HV  cores 1011 675 3  time 273.369 0 340.53
Iteration 318  HV  cores 1014 675 3  time 273.73 0 341.829
Iteration 319  HV  cores 1017 678 3  time 274.481 0 343.141
Iteration 320  HV  cores 1020 678 3  time 274.924 0 344.407
Iteration 321  HV  cores 1023 681 3  time 275.08 0 345.716
Iteration 322  HV  cores 1026 682 3  time 275.65 0 347.016
Iteration 323  HV  cores 1029 683 3  time 276.153 0 348.33
Iteration 324  HV  cores 1032 683 3  time 276.672 0 349.616
Iteration 325  HV  cores 1035 684 3  time 277.189 0 350.9
Iteration 326  HV  cores 1038 684 3  time 277.684 0 352.187
Iteration 327  HV  cores 1041 686 3  time 277.828 0 353.46
Iteration 328  HV  cores 1044 687 3  time 277.977 0 354.776
Iteration 329  HV  cores 1047 688 3  time 278.133 0 356.051
Iteration 330  HV  cores 1050 690 3  time 278.285 0 357.33
Iteration 331  HV  cores 1053 693 3  time 280.518 0 358.624
Iteration 332  HV  cores 1056 694 3  time 281.675 0 359.927
Iteration 333  HV  cores 1059 697 3  time 282.379 0 361.235
Iteration 334  HV  cores 1062 698 3  time 282.797 0 362.56
Iteration 335  HV  cores 1065 700 3  time 283.333 0 363.876
Iteration 336  HV  cores 1068 701 3  time 283.82 0 365.197
Iteration 337  HV  cores 1071 701 3  time 284.314 0 366.497
Iteration 338  HV  cores 1074 703 3  time 284.663 0 367.809
Iteration 339  HV  cores 1077 705 3  time 285.067 0 369.166
Iteration 340  HV  cores 1080 704 3  time 285.237 0 370.467
Iteration 341  HV  cores 1083 706 3  time 285.579 0 371.804
Iteration 342  HV  cores 1086 707 3  time 285.909 0 373.12
Iteration 343  HV  cores 1089 709 3  time 286.291 0 374.416
Iteration 344  HV  cores 1092 710 3  time 286.602 0 375.758
Iteration 345  HV  cores 1095 711 3  time 286.753 0 377.103
Iteration 346  HV  cores 1098 711 3  time 287.09 0 378.418
Iteration 347  HV  cores 1101 714 3  time 287.692 0 379.71
Iteration 348  HV  cores 1104 715 3  time 288.757 0 381.042
Iteration 349  HV  cores 1107 718 3  time 290.379 0 382.402
Iteration 350  HV  cores 1110 721 3  time 290.619 0 383.724
Iteration 351  HV  cores 1113 724 3  time 290.869 0 385.051
Iteration 352  HV  cores 1116 724 3  time 291.06 0 386.397
Iteration 353  HV  cores 1119 726 3  time 291.616 0 387.742
Iteration 354  HV  cores 1122 729 3  time 291.806 0 389.049
Iteration 355  HV  cores 1125 730 3  time 291.955 0 390.405
Iteration 356  HV  cores 1128 733 3  time 292.104 0 391.728
Iteration 357  HV  cores 1131 733 3  time 292.242 0 393.096
Iteration 358  HV  cores 1134 736 3  time 292.469 0 394.43
Iteration 359  HV  cores 1137 736 3  time 292.631 0 395.761
Iteration 360  HV  cores 1140 736 3  time 292.85 0 397.132
Iteration 361  HV  cores 1143 739 3  time 293.018 0 398.454
Iteration 362  HV  cores 1146 740 3  time 293.157 0 399.792
Iteration 363  HV  cores 1149 741 3  time 293.313 0 401.106
Iteration 364  HV  cores 1152 742 3  time 293.461 0 402.426
Iteration 365  HV  cores 1155 741 3  time 293.617 0 403.759
Iteration 366  HV  cores 1158 743 3  time 293.81 0 405.061
Iteration 367  HV  cores 1161 744 3  time 293.98 0 406.387
Iteration 368  HV  cores 1164 746 3  time 294.434 0 407.722
Iteration 369  HV  cores 1167 747 3  time 294.574 0 409.074
Iteration 370  HV  cores 1170 749 3  time 294.767 0 410.422
Iteration 371  HV  cores 1173 751 3  time 294.909 0 411.752
Iteration 372  HV  cores 1176 751 3  time 295.112 0 413.08
Iteration 373  HV  cores 1179 754 3  time 295.314 0 414.409
Iteration 374  HV  cores 1182 756 3  time 295.501 0 415.783
Iteration 375  HV  cores 1185 758 3  time 295.646 0 417.186
Iteration 376  HV  cores 1188 760 3  time 295.785 0 418.505
Iteration 377  HV  cores 1191 762 3  time 295.943 0 419.864
Iteration 378  HV  cores 1194 765 3  time 296.122 0 421.237
Iteration 379  HV  cores 1197 763 3  time 296.288 0 422.587
Iteration 380  HV  cores 1200 762 3  time 296.433 0 423.937
Iteration 381  HV  cores 1203 765 3  time 296.579 0 425.3
Iteration 382  HV  cores 1206 765 3  time 296.711 0 426.714
Iteration 383  HV  cores 1209 767 3  time 296.841 0 428.047
Iteration 384  HV  cores 1212 765 3  time 296.971 0 429.405
Iteration 385  HV  cores 1215 765 3  time 297.396 0 430.749
Iteration 386  HV  cores 1218 765 3  time 297.519 0 432.097
Iteration 387  HV  cores 1221 765 3  time 297.642 0 433.437
Iteration 388  HV  cores 1224 765 3  time 297.774 0 434.794
Iteration 389  HV  cores 1227 768 3  time 297.978 0 436.15
Iteration 390  HV  cores 1230 770 3  time 298.129 0 437.505
Iteration 391  HV  cores 1233 771 3  time 298.303 0 438.842
Iteration 392  HV  cores 1236 771 3  time 298.419 0 440.189
Iteration 393  HV  cores 1239 772 3  time 298.551 0 441.538
Iteration 394  HV  cores 1242 774 3  time 299.411 0 442.901
Iteration 395  HV  cores 1245 776 3  time 299.554 0 444.269
Iteration 396  HV  cores 1248 776 3  time 299.673 0 445.707
Iteration 397  HV  cores 1251 774 3  time 299.796 0 447.08
Iteration 398  HV  cores 1254 776 3  time 300.961 0 448.454
Iteration 399  HV  cores 1257 778 3  time 301.082 0 449.82
Iteration 400  HV  cores 1260 781 3  time 302.673 0 451.176
Iteration 401  HV  cores 1264 784 4  time 304.012 0 452.593
Iteration 402  HV  cores 1267 786 3  time 305.459 0 453.983
Iteration 403  HV  cores 1271 789 4  time 306.551 0 455.382
Iteration 404  HV  cores 1274 791 3  time 307.132 0 456.782
Iteration 405  HV  cores 1277 790 3  time 307.621 0 458.201
Iteration 406  HV  cores 1280 793 3  time 308.612 0 459.593
Iteration 407  HV  cores 1283 795 3  time 309.331 0 460.982
Iteration 408  HV  cores 1286 798 3  time 309.909 0 462.345
Iteration 409  HV  cores 1288 800 2  time 310.064 0 463.694
Iteration 410  HV  cores 1291 803 3  time 311.104 0 465.099
Iteration 411  HV  cores 1294 804 3  time 312.641 0 466.488
Iteration 412  HV  cores 1297 806 3  time 313.325 0 467.835
Iteration 413  HV  cores 1300 807 3  time 313.863 0 469.267
Iteration 414  HV  cores 1303 808 3  time 314.384 0 470.669
Iteration 415  HV  cores 1306 809 3  time 314.837 0 472.072
Iteration 416  HV  cores 1309 812 3  time 315.312 0 473.452
Iteration 417  HV  cores 1312 814 3  time 315.469 0 474.851
Iteration 418  HV  cores 1315 816 3  time 315.838 0 476.235
Iteration 419  HV  cores 1318 818 3  time 315.96 0 477.6
Iteration 420  HV  cores 1321 819 3  time 316.083 0 479.015
Iteration 421  HV  cores 1324 822 3  time 316.196 0 480.389
Iteration 422  HV  cores 1327 823 3  time 316.318 0 481.773
Iteration 423  HV  cores 1330 824 3  time 316.43 0 483.212
Iteration 424  HV  cores 1333 825 3  time 316.922 0 484.577
Iteration 425  HV  cores 1336 826 3  time 317.045 0 485.966
Iteration 426  HV  cores 1339 829 3  time 317.467 0 487.386
Iteration 427  HV  cores 1342 831 3  time 317.88 0 488.755
Iteration 428  HV  cores 1345 831 3  time 318.181 0 490.17
Iteration 429  HV  cores 1348 832 3  time 318.439 0 491.591
Iteration 430  HV  cores 1351 835 3  time 318.696 0 493.034
Iteration 431  HV  cores 1354 837 3  time 319.389 0 494.469
Iteration 432  HV  cores 1357 838 3  time 319.658 0 495.886
Iteration 433  HV  cores 1360 836 3  time 320.183 0 497.313
Iteration 434  HV  cores 1363 837 3  time 320.452 0 498.718
Iteration 435  HV  cores 1366 836 3  time 320.982 0 500.131
Iteration 436  HV  cores 1369 835 3  time 321.252 0 501.54
Iteration 437  HV  cores 1372 837 3  time 321.758 0 502.988
Iteration 438  HV  cores 1375 839 3  time 322.335 0 504.394
Iteration 439  HV  cores 1378 839 3  time 322.787 0 505.796
Iteration 440  HV  cores 1381 839 3  time 323.377 0 507.206
Iteration 441  HV  cores 1384 840 3  time 323.949 0 508.673
Iteration 442  HV  cores 1387 841 3  time 324.074 0 510.072
Iteration 443  HV  cores 1391 844 4  time 324.279 0 511.445
Iteration 444  HV  cores 1395 847 4  time 324.465 0 512.879
Iteration 445  HV  cores 1399 851 4  time 324.656 0 514.298
Iteration 446  HV  cores 1402 852 3  time 324.787 0 515.719
Iteration 447  HV  cores 1406 853 4  time 324.956 0 517.119
Iteration 448  HV  cores 1410 857 4  time 325.124 0 518.598
Iteration 449  HV  cores 1414 858 4  time 325.284 0 520.031
Iteration 450  HV  cores 1417 860 3  time 325.662 0 521.462
Iteration 451  HV  cores 1421 862 4  time 325.836 0 522.873
Iteration 452  HV  cores 1425 866 4  time 325.995 0 524.302
Iteration 453  HV  cores 1429 868 4  time 326.151 0 525.716
Iteration 454  HV  cores 1432 868 3  time 326.282 0 527.128
Iteration 455  HV  cores 1436 869 4  time 326.449 0 528.592
Iteration 456  HV  cores 1439 869 3  time 326.831 0 530.001
Iteration 457  HV  cores 1442 871 3  time 327.268 0 531.424
Iteration 458  HV  cores 1445 871 3  time 327.395 0 532.828
Iteration 459  HV  cores 1449 875 4  time 327.581 0 534.3
Iteration 460  HV  cores 1452 877 3  time 327.714 0 535.737
Iteration 461  HV  cores 1456 881 4  time 327.879 0 537.155
Iteration 462  HV  cores 1460 880 4  time 328.045 0 538.58
Iteration 463  HV  cores 1464 881 4  time 328.21 0 539.991
Iteration 464  HV  cores 1467 879 3  time 328.714 0 541.416
Iteration 465  HV  cores 1470 881 3  time 329.087 0 542.854
Iteration 466  HV  cores 1473 883 3  time 329.996 0 544.298
Iteration 467  HV  cores 1476 886 3  time 330.481 0 545.741
Iteration 468  HV  cores 1479 888 3  time 331.13 0 547.17
Iteration 469  HV  cores 1482 886 3  time 331.596 0 548.596
Iteration 470  HV  cores 1485 888 3  time 331.891 0 550.068
Iteration 471  HV  cores 1488 889 3  time 332.161 0 551.501
Iteration 472  HV  cores 1491 888 3  time 332.422 0 552.926
Iteration 473  HV  cores 1495 889 4  time 332.605 0 554.377
Iteration 474  HV  cores 1499 888 4  time 332.788 0 555.813
Iteration 475  HV  cores 1502 886 3  time 332.921 0 557.251
Iteration 476  HV  cores 1505 889 3  time 333.135 0 558.715
Iteration 477  HV  cores 1508 892 3  time 334.298 0 560.164
Iteration 478  HV  cores 1511 894 3  time 334.85 0 561.631
Iteration 479  HV  cores 1514 896 3  time 335.956 0 563.076
Iteration 480  HV  cores 1517 899 3  time 336.95 0 564.551
Iteration 481  HV  cores 1520 900 3  time 337.894 0 566.002
Iteration 482  HV  cores 1523 903 3  time 340.789 0 567.46
Iteration 483  HV  cores 1526 906 3  time 343.811 0 568.928
Iteration 484  HV  cores 1529 909 3  time 344.71 0 570.399
Iteration 485  HV  cores 1532 910 3  time 345.155 0 571.867
Iteration 486  HV  cores 1535 913 3  time 346.105 0 573.344
Iteration 487  HV  cores 1538 914 3  time 346.743 0 574.812
Iteration 488  HV  cores 1541 915 3  time 347.114 0 576.302
Iteration 489  HV  cores 1544 918 3  time 347.917 0 577.774
Iteration 490  HV  cores 1547 921 3  time 349.507 0 579.257
Iteration 491  HV  cores 1550 924 3  time 350.332 0 580.726
Iteration 492  HV  cores 1553 926 3  time 350.843 0 582.225
Iteration 493  HV  cores 1556 928 3  time 352.559 0 583.717
Iteration 494  HV  cores 1559 930 3  time 353.263 0 585.203
Iteration 495  HV  cores 1562 933 3  time 354.298 0 586.728
Iteration 496  HV  cores 1565 936 3  time 355.288 0 588.206
Iteration 497  HV  cores 1568 939 3  time 357.404 0 589.749
Iteration 498  HV  cores 1571 940 3  time 357.616 0 591.262
Iteration 499  HV  cores 1574 943 3  time 357.935 0 592.778
Iteration 500  HV  cores 1577 945 3  time 358.493 0 594.255
Iteration 501  HV  cores 1580 948 3  time 359.054 0 595.754
Iteration 502  HV  cores 1583 949 3  time 359.544 0 597.265
Iteration 503  HV  cores 1586 952 3  time 359.938 0 598.798
Iteration 504  HV  cores 1589 953 3  time 360.477 0 600.331
Iteration 505  HV  cores 1592 956 3  time 361.281 0 601.821
Iteration 506  HV  cores 1595 958 3  time 362.012 0 603.325
Iteration 507  HV  cores 1598 959 3  time 363.182 0 604.818
Iteration 508  HV  cores 1601 959 3  time 363.749 0 606.378
Iteration 509  HV  cores 1604 962 3  time 364.339 0 607.882
Iteration 510  HV  cores 1607 964 3  time 364.753 0 609.397
Iteration 511  HV  cores 1610 967 3  time 367.294 0 610.94
Iteration 512  HV  cores 1613 969 3  time 369.68 0 612.466
Iteration 513  HV  cores 1616 971 3  time 371.106 0 614.003
Iteration 514  HV  cores 1619 974 3  time 371.799 0 615.549
Iteration 515  HV  cores 1622 977 3  time 372.616 0 617.131
Iteration 516  HV  cores 1625 980 3  time 373.029 0 618.66
Iteration 517  HV  cores 1628 983 3  time 373.302 0 620.176
Iteration 518  HV  cores 1631 986 3  time 375.157 0 621.767
Iteration 519  HV  cores 1634 988 3  time 376.157 0 623.312
Iteration 520  HV  cores 1637 991 3  time 376.613 0 624.834
Iteration 521  HV  cores 1640 993 3  time 376.804 0 626.397
Iteration 522  HV  cores 1643 995 3  time 377.379 0 627.959
Iteration 523  HV  cores 1646 998 3  time 378.089 0 629.524
Iteration 524  HV  cores 1649 1000 3  time 378.921 0 631.084
Iteration 525  HV  cores 1652 1002 3  time 379.147 0 632.634
Iteration 526  HV  cores 1655 1004 3  time 379.428 0 634.195
Iteration 527  HV  cores 1658 1007 3  time 379.674 0 635.764
Iteration 528  HV  cores 1661 1010 3  time 380.048 0 637.34
Iteration 529  HV  cores 1664 1013 3  time 380.658 0 638.903
Iteration 530  HV  cores 1667 1016 3  time 381.627 0 640.45
Iteration 531  HV  cores 1670 1019 3  time 382.88 0 642.01
Iteration 532  HV  cores 1673 1021 3  time 383.381 0 643.58
Iteration 533  HV  cores 1676 1024 3  time 384.002 0 645.19
Iteration 534  HV  cores 1679 1027 3  time 384.305 0 646.833
Iteration 535  HV  cores 1682 1030 3  time 384.492 0 648.376
Iteration 536  HV  cores 1685 1033 3  time 384.619 0 650.006
Iteration 537  HV  cores 1688 1036 3  time 385.003 0 651.546
Iteration 538  HV  cores 1691 1037 3  time 385.371 0 653.133
Iteration 539  HV  cores 1694 1038 3  time 385.545 0 654.689
Iteration 540  HV  cores 1697 1041 3  time 385.904 0 656.293
Iteration 541  HV  cores 1700 1044 3  time 386.13 0 657.86
Iteration 542  HV  cores 1703 1046 3  time 386.291 0 659.44
Iteration 543  HV  cores 1706 1048 3  time 387.409 0 661.007
Iteration 544  HV  cores 1709 1048 3  time 387.522 0 662.592
Iteration 545  HV  cores 1712 1050 3  time 387.694 0 664.215
Iteration 546  HV  cores 1715 1053 3  time 389.224 0 665.826
Iteration 547  HV  cores 1718 1056 3  time 389.353 0 667.433
Iteration 548  HV  cores 1721 1058 3  time 389.499 0 669.052
Iteration 549  HV  cores 1724 1061 3  time 389.819 0 670.738
Iteration 550  HV  cores 1727 1064 3  time 390.002 0 672.417
Iteration 551  HV  cores 1730 1067 3  time 390.232 0 674.031
Iteration 552  HV  cores 1733 1069 3  time 390.363 0 675.648
Iteration 553  HV  cores 1736 1072 3  time 390.505 0 677.312
Iteration 554  HV  cores 1739 1073 3  time 390.661 0 678.958
Iteration 555  HV  cores 1742 1076 3  time 391.352 0 680.624
Iteration 556  HV  cores 1745 1079 3  time 392.552 0 682.281
Iteration 557  HV  cores 1748 1081 3  time 392.995 0 683.935
Iteration 558  HV  cores 1751 1082 3  time 393.218 0 685.608
Iteration 559  HV  cores 1754 1085 3  time 393.455 0 687.258
Iteration 560  HV  cores 1757 1086 3  time 393.664 0 688.868
Iteration 561  HV  cores 1760 1089 3  time 393.917 0 690.536
Iteration 562  HV  cores 1763 1091 3  time 394.225 0 692.153
Iteration 563  HV  cores 1766 1093 3  time 394.414 0 693.798
Iteration 564  HV  cores 1769 1095 3  time 394.735 0 695.421
Iteration 565  HV  cores 1772 1097 3  time 394.918 0 697.057
Iteration 566  HV  cores 1775 1097 3  time 395.209 0 698.693
Iteration 567  HV  cores 1778 1100 3  time 395.807 0 700.332
Iteration 568  HV  cores 1781 1102 3  time 396.168 0 701.975
Iteration 569  HV  cores 1784 1105 3  time 396.523 0 703.615
Iteration 570  HV  cores 1787 1108 3  time 397.48 0 705.319
Iteration 571  HV  cores 1790 1111 3  time 397.734 0 706.98
Iteration 572  HV  cores 1793 1113 3  time 398.056 0 708.645
Iteration 573  HV  cores 1796 1115 3  time 398.282 0 710.279
Iteration 574  HV  cores 1799 1118 3  time 398.791 0 711.985
Iteration 575  HV  cores 1802 1120 3  time 399.102 0 713.62
Iteration 576  HV  cores 1805 1123 3  time 399.719 0 715.273
Iteration 577  HV  cores 1808 1126 3  time 399.923 0 716.932
Iteration 578  HV  cores 1811 1126 3  time 401.241 0 718.593
Iteration 579  HV  cores 1814 1129 3  time 402.871 0 720.257
Iteration 580  HV  cores 1817 1132 3  time 403.569 0 721.905
Iteration 581  HV  cores 1820 1135 3  time 404.198 0 723.56
Iteration 582  HV  cores 1823 1137 3  time 404.814 0 725.245
Iteration 583  HV  cores 1826 1140 3  time 405.292 0 726.928
Iteration 584  HV  cores 1829 1143 3  time 405.541 0 728.582
Iteration 585  HV  cores 1832 1144 3  time 405.764 0 730.246
Iteration 586  HV  cores 1835 1145 3  time 405.949 0 731.948
Iteration 587  HV  cores 1838 1147 3  time 407.198 0 733.687
Iteration 588  HV  cores 1841 1149 3  time 407.321 0 735.373
Iteration 589  HV  cores 1844 1151 3  time 407.553 0 737.049
Iteration 590  HV  cores 1847 1153 3  time 407.727 0 738.826
Iteration 591  HV  cores 1850 1156 3  time 407.876 0 740.507
Iteration 592  HV  cores 1853 1156 3  time 408.088 0 742.187
Iteration 593  HV  cores 1856 1158 3  time 408.238 0 743.851
Iteration 594  HV  cores 1859 1159 3  time 408.467 0 745.538
Iteration 595  HV  cores 1862 1162 3  time 408.617 0 747.256
Iteration 596  HV  cores 1865 1163 3  time 408.971 0 748.961
Iteration 597  HV  cores 1868 1165 3  time 409.261 0 750.721
Iteration 598  HV  cores 1871 1168 3  time 409.727 0 752.436
Iteration 599  HV  cores 1874 1170 3  time 410.069 0 754.166
Iteration 600  HV  cores 1877 1171 3  time 410.842 0 755.9
Iteration 601  HV  cores 1880 1173 3  time 411.445 0 757.587
Iteration 602  HV  cores 1883 1175 3  time 411.678 0 759.315
Iteration 603  HV  cores 1886 1177 3  time 411.894 0 761.046
Iteration 604  HV  cores 1889 1180 3  time 412.086 0 762.797
Iteration 605  HV  cores 1892 1183 3  time 412.268 0 764.526
Iteration 606  HV  cores 1895 1185 3  time 412.422 0 766.197
Iteration 607  HV  cores 1898 1186 3  time 413.251 0 768.017
Iteration 608  HV  cores 1901 1189 3  time 414.196 0 769.818
Iteration 609  HV  cores 1904 1191 3  time 414.45 0 771.577
Iteration 610  HV  cores 1907 1193 3  time 414.711 0 773.323
Iteration 611  HV  cores 1910 1196 3  time 415.859 0 775.035
Iteration 612  HV  cores 1913 1199 3  time 416.142 0 776.796
Iteration 613  HV  cores 1916 1202 3  time 416.245 0 778.521
Iteration 614  HV  cores 1919 1205 3  time 416.394 0 780.199
Iteration 615  HV  cores 1922 1208 3  time 416.803 0 781.941
Iteration 616  HV  cores 1925 1210 3  time 417.119 0 783.624
Iteration 617  HV  cores 1928 1213 3  time 417.349 0 785.342
Iteration 618  HV  cores 1931 1215 3  time 417.587 0 787.068
Iteration 619  HV  cores 1934 1217 3  time 417.735 0 788.822
Iteration 620  HV  cores 1937 1220 3  time 417.941 0 790.545
Iteration 621  HV  cores 1940 1223 3  time 418.235 0 792.266
Iteration 622  HV  cores 1943 1226 3  time 418.509 0 794.053
Iteration 623  HV  cores 1946 1228 3  time 418.719 0 795.733
Iteration 624  HV  cores 1949 1231 3  time 418.892 0 797.482
Iteration 625  HV  cores 1952 1232 3  time 419.034 0 799.13
Iteration 626  HV  cores 1955 1235 3  time 419.378 0 800.866
Iteration 627  HV  cores 1958 1236 3  time 419.555 0 802.613
Iteration 628  HV  cores 1961 1238 3  time 419.703 0 804.388
Iteration 629  HV  cores 1964 1241 3  time 419.815 0 806.198
Iteration 630  HV  cores 1967 1242 3  time 419.937 0 807.955
Iteration 631  HV  cores 1970 1244 3  time 420.097 0 809.741
Iteration 632  HV  cores 1973 1247 3  time 420.257 0 811.453
Iteration 633  HV  cores 1976 1247 3  time 420.421 0 813.195
Iteration 634  HV  cores 1979 1250 3  time 420.61 0 814.978
Iteration 635  HV  cores 1982 1253 3  time 420.775 0 816.713
Iteration 636  HV  cores 1985 1256 3  time 420.902 0 818.465
Iteration 637  HV  cores 1988 1259 3  time 421.121 0 820.263
Iteration 638  HV  cores 1991 1261 3  time 422.284 0 822.029
Iteration 639  HV  cores 1994 1264 3  time 422.422 0 823.849
Iteration 640  HV  cores 1997 1267 3  time 422.671 0 825.585
Iteration 641  HV  cores 2000 1270 3  time 422.893 0 827.359
Iteration 642  HV  cores 2003 1273 3  time 424.032 0 829.147
Iteration 643  HV  cores 2006 1272 3  time 425.197 0 830.977
Iteration 644  HV  cores 2009 1274 3  time 425.336 0 832.755
Iteration 645  HV  cores 2012 1277 3  time 425.643 0 834.528
Iteration 646  HV  cores 2015 1280 3  time 426.312 0 836.374
Iteration 647  HV  cores 2018 1280 3  time 426.6 0 838.248
Iteration 648  HV  cores 2021 1282 3  time 427.139 0 840.095
Iteration 649  HV  cores 2024 1285 3  time 427.512 0 841.873
Iteration 650  HV  cores 2027 1287 3  time 429.312 0 843.685
Iteration 651  HV  cores 2030 1289 3  time 429.884 0 845.456
Iteration 652  HV  cores 2033 1288 3  time 430.966 0 847.218
Iteration 653  HV  cores 2036 1288 3  time 431.156 0 849.007
Iteration 654  HV  cores 2039 1289 3  time 432.392 0 850.793
Iteration 655  HV  cores 2042 1292 3  time 433.023 0 852.589
Iteration 656  HV  cores 2045 1294 3  time 433.19 0 854.442
Iteration 657  HV  cores 2048 1297 3  time 433.331 0 856.233
Iteration 658  HV  cores 2051 1300 3  time 433.644 0 857.948
Iteration 659  HV  cores 2054 1303 3  time 433.776 0 859.713
Iteration 660  HV  cores 2057 1305 3  time 434.646 0 861.533
Iteration 661  HV  cores 2060 1308 3  time 434.834 0 863.328
Iteration 662  HV  cores 2063 1310 3  time 435.018 0 865.16
Iteration 663  HV  cores 2066 1312 3  time 435.176 0 866.951
Iteration 664  HV  cores 2069 1314 3  time 435.851 0 868.742
Iteration 665  HV  cores 2072 1317 3  time 435.981 0 870.561
Iteration 666  HV  cores 2075 1320 3  time 436.091 0 872.361
Iteration 667  HV  cores 2078 1320 3  time 436.216 0 874.151
Iteration 668  HV  cores 2081 1323 3  time 436.357 0 875.926
Iteration 669  HV  cores 2084 1325 3  time 437.479 0 877.738
Iteration 670  HV  cores 2087 1328 3  time 438.071 0 879.555
Iteration 671  HV  cores 2090 1330 3  time 438.298 0 881.403
Iteration 672  HV  cores 2093 1333 3  time 439.514 0 883.248
Iteration 673  HV  cores 2096 1334 3  time 440.54 0 885.076
Iteration 674  HV  cores 2099 1337 3  time 440.729 0 886.793
Iteration 675  HV  cores 2102 1338 3  time 441.018 0 888.618
Iteration 676  HV  cores 2105 1341 3  time 441.134 0 890.454
Iteration 677  HV  cores 2108 1343 3  time 441.27 0 892.285
Iteration 678  HV  cores 2111 1346 3  time 441.469 0 894.111
Iteration 679  HV  cores 2114 1348 3  time 442.608 0 895.959
Iteration 680  HV  cores 2117 1351 3  time 442.859 0 897.801
Iteration 681  HV  cores 2120 1352 3  time 443.507 0 899.657
Iteration 682  HV  cores 2123 1355 3  time 444.116 0 901.514
Iteration 683  HV  cores 2126 1357 3  time 444.442 0 903.412
Iteration 684  HV  cores 2129 1360 3  time 444.665 0 905.27
Iteration 685  HV  cores 2132 1362 3  time 445.269 0 907.133
Iteration 686  HV  cores 2135 1365 3  time 445.871 0 909.036
Iteration 687  HV  cores 2138 1366 3  time 446.021 0 910.896
Iteration 688  HV  cores 2141 1367 3  time 447.052 0 912.765
Iteration 689  HV  cores 2144 1369 3  time 447.212 0 914.546
Iteration 690  HV  cores 2147 1370 3  time 448.338 0 916.432
Iteration 691  HV  cores 2150 1373 3  time 448.455 0 918.311
Iteration 692  HV  cores 2153 1374 3  time 448.71 0 920.23
Iteration 693  HV  cores 2156 1375 3  time 448.826 0 922.157
Iteration 694  HV  cores 2159 1378 3  time 449.061 0 924.032
Iteration 695  HV  cores 2162 1381 3  time 449.279 0 925.932
Iteration 696  HV  cores 2165 1381 3  time 449.42 0 927.812
Iteration 697  HV  cores 2168 1384 3  time 449.562 0 929.687
Iteration 698  HV  cores 2171 1386 3  time 449.959 0 931.597
Iteration 699  HV  cores 2174 1388 3  time 450.117 0 933.466
Iteration 700  HV  cores 2177 1391 3  time 450.4 0 935.369
Iteration 701  HV  cores 2180 1393 3  time 450.559 0 937.159
Iteration 702  HV  cores 2183 1395 3  time 450.699 0 939.05
Iteration 703  HV  cores 2186 1397 3  time 450.859 0 940.949
Iteration 704  HV  cores 2189 1399 3  time 450.997 0 942.846
Iteration 705  HV  cores 2192 1401 3  time 451.143 0 944.737
Iteration 706  HV  cores 2195 1402 3  time 451.514 0 946.542
Iteration 707  HV  cores 2198 1403 3  time 451.822 0 948.346
Iteration 708  HV  cores 2201 1406 3  time 451.984 0 950.201
Iteration 709  HV  cores 2204 1407 3  time 452.1 0 952.101
Iteration 710  HV  cores 2207 1407 3  time 452.284 0 953.987
Iteration 711  HV  cores 2210 1407 3  time 452.4 0 955.907
Iteration 712  HV  cores 2213 1410 3  time 452.534 0 957.779
Iteration 713  HV  cores 2216 1411 3  time 452.924 0 959.55
Iteration 714  HV  cores 2219 1414 3  time 453.136 0 961.441
Iteration 715  HV  cores 2222 1417 3  time 453.339 0 963.303
Iteration 716  HV  cores 2225 1419 3  time 453.503 0 965.188
Iteration 717  HV  cores 2228 1422 3  time 453.71 0 967.113
Iteration 718  HV  cores 2231 1425 3  time 454.072 0 969.018
Iteration 719  HV  cores 2234 1428 3  time 454.254 0 970.956
Iteration 720  HV  cores 2237 1430 3  time 454.92 0 972.878
Iteration 721  HV  cores 2240 1433 3  time 455.665 0 974.773
Iteration 722  HV  cores 2243 1434 3  time 456.367 0 976.558
Iteration 723  HV  cores 2246 1437 3  time 456.566 0 978.497
Iteration 724  HV  cores 2249 1438 3  time 456.776 0 980.353
Iteration 725  HV  cores 2252 1441 3  time 456.965 0 982.269
Iteration 726  HV  cores 2255 1442 3  time 457.133 0 984.161
Iteration 727  HV  cores 2258 1442 3  time 457.407 0 986.057
Iteration 728  HV  cores 2261 1445 3  time 459.28 0 987.99
Iteration 729  HV  cores 2264 1448 3  time 460.296 0 989.901
Iteration 730  HV  cores 2268 1451 4  time 460.889 0 991.886
Iteration 731  HV  cores 2272 1455 4  time 461.208 0 993.835
Iteration 732  HV  cores 2275 1458 3  time 461.501 0 995.774
Iteration 733  HV  cores 2279 1461 4  time 461.674 0 997.691
Iteration 734  HV  cores 2283 1463 4  time 461.861 0 999.654
Iteration 735  HV  cores 2287 1465 4  time 462.911 0 1001.58
Iteration 736  HV  cores 2290 1468 3  time 463.787 0 1003.54
Iteration 737  HV  cores 2293 1470 3  time 464.783 0 1005.37
Iteration 738  HV  cores 2296 1473 3  time 464.917 0 1007.33
Iteration 739  HV  cores 2299 1475 3  time 465.063 0 1009.18
Iteration 740  HV  cores 2302 1476 3  time 465.223 0 1011.14
Iteration 741  HV  cores 2305 1479 3  time 465.453 0 1013.12
Iteration 742  HV  cores 2308 1482 3  time 465.739 0 1015.06
Iteration 743  HV  cores 2311 1484 3  time 465.883 0 1016.99
Iteration 744  HV  cores 2314 1487 3  time 466.034 0 1018.97
Iteration 745  HV  cores 2317 1490 3  time 466.179 0 1020.92
Iteration 746  HV  cores 2320 1490 3  time 467.021 0 1022.86
Iteration 747  HV  cores 2323 1492 3  time 467.145 0 1024.78
Iteration 748  HV  cores 2326 1494 3  time 467.288 0 1026.76
Iteration 749  HV  cores 2329 1495 3  time 467.413 0 1028.7
Iteration 750  HV  cores 2332 1498 3  time 467.522 0 1030.56
Iteration 751  HV  cores 2335 1501 3  time 467.814 0 1032.55
Iteration 752  HV  cores 2338 1502 3  time 467.951 0 1034.53
Iteration 753  HV  cores 2341 1505 3  time 468.215 0 1036.52
Iteration 754  HV  cores 2344 1506 3  time 468.383 0 1038.38
Iteration 755  HV  cores 2347 1508 3  time 468.658 0 1040.36
Iteration 756  HV  cores 2350 1511 3  time 468.768 0 1042.35
Iteration 757  HV  cores 2353 1513 3  time 468.956 0 1044.23
Iteration 758  HV  cores 2356 1514 3  time 469.101 0 1046.11
Iteration 759  HV  cores 2359 1517 3  time 469.344 0 1048.1
Iteration 760  HV  cores 2362 1520 3  time 469.922 0 1050.1
Iteration 761  HV  cores 2365 1520 3  time 470.173 0 1052.1
Iteration 762  HV  cores 2368 1522 3  time 470.93 0 1054.01
Iteration 763  HV  cores 2371 1525 3  time 471.848 0 1056.02
Iteration 764  HV  cores 2374 1528 3  time 472.026 0 1057.89
Iteration 765  HV  cores 2377 1531 3  time 472.136 0 1059.87
Iteration 766  HV  cores 2380 1534 3  time 472.367 0 1061.76
Iteration 767  HV  cores 2383 1536 3  time 473.255 0 1063.77
Iteration 768  HV  cores 2386 1538 3  time 473.453 0 1065.64
Iteration 769  HV  cores 2389 1540 3  time 473.581 0 1067.68
Iteration 770  HV  cores 2392 1543 3  time 473.695 0 1069.59
Iteration 771  HV  cores 2395 1546 3  time 473.856 0 1071.52
Iteration 772  HV  cores 2398 1549 3  time 473.972 0 1073.49
Iteration 773  HV  cores 2401 1551 3  time 474.088 0 1075.53
Iteration 774  HV  cores 2404 1551 3  time 474.236 0 1077.53
Iteration 775  HV  cores 2407 1551 3  time 474.385 0 1079.42
Iteration 776  HV  cores 2410 1553 3  time 474.491 0 1081.44
Iteration 777  HV  cores 2413 1555 3  time 474.701 0 1083.46
Iteration 778  HV  cores 2416 1558 3  time 474.848 0 1085.5
Iteration 779  HV  cores 2419 1560 3  time 474.977 0 1087.49
Iteration 780  HV  cores 2422 1561 3  time 475.134 0 1089.49
Iteration 781  HV  cores 2425 1563 3  time 475.329 0 1091.44
Iteration 782  HV  cores 2428 1565 3  time 475.488 0 1093.38
Iteration 783  HV  cores 2431 1568 3  time 475.604 0 1095.46
Iteration 784  HV  cores 2434 1568 3  time 475.721 0 1097.5
Iteration 785  HV  cores 2437 1570 3  time 475.828 0 1099.4
Iteration 786  HV  cores 2440 1573 3  time 475.945 0 1101.4
Iteration 787  HV  cores 2443 1576 3  time 476.066 0 1103.44
Iteration 788  HV  cores 2446 1578 3  time 476.164 0 1105.35
Iteration 789  HV  cores 2449 1579 3  time 476.322 0 1107.42
Iteration 790  HV  cores 2452 1580 3  time 476.473 0 1109.47
Iteration 791  HV  cores 2455 1583 3  time 476.638 0 1111.52
Iteration 792  HV  cores 2458 1584 3  time 476.807 0 1113.44
Iteration 793  HV  cores 2461 1586 3  time 476.905 0 1115.48
Iteration 794  HV  cores 2464 1589 3  time 477.014 0 1117.48
Iteration 795  HV  cores 2467 1588 3  time 477.131 0 1119.38
Iteration 796  HV  cores 2470 1587 3  time 477.277 0 1121.43
Iteration 797  HV  cores 2473 1590 3  time 477.481 0 1123.49
Iteration 798  HV  cores 2476 1591 3  time 477.618 0 1125.39
Iteration 799  HV  cores 2479 1592 3  time 477.802 0 1127.35
Iteration 800  HV  cores 2482 1595 3  time 477.939 0 1129.42
Iteration 801  HV  cores 2485 1596 3  time 478.075 0 1131.49
Iteration 802  HV  cores 2488 1598 3  time 478.177 0 1133.42
Iteration 803  HV  cores 2491 1600 3  time 478.275 0 1135.37
Iteration 804  HV  cores 2494 1603 3  time 478.479 0 1137.49
Iteration 805  HV  cores 2497 1604 3  time 478.67 0 1139.59
Iteration 806  HV  cores 2500 1606 3  time 478.808 0 1141.64
Iteration 807  HV  cores 2503 1608 3  time 478.936 0 1143.7
Iteration 808  HV  cores 2506 1610 3  time 479.034 0 1145.67
Iteration 809  HV  cores 2509 1612 3  time 479.131 0 1147.61
Iteration 810  HV  cores 2512 1615 3  time 479.27 0 1149.56
Iteration 811  HV  cores 2515 1616 3  time 479.373 0 1151.57
Iteration 812  HV  cores 2518 1618 3  time 479.483 0 1153.5
Iteration 813  HV  cores 2521 1619 3  time 479.582 0 1155.53
Iteration 814  HV  cores 2524 1621 3  time 479.693 0 1157.6
Iteration 815  HV  cores 2527 1622 3  time 479.833 0 1159.65
Iteration 816  HV  cores 2530 1625 3  time 480.034 0 1161.74
Iteration 817  HV  cores 2533 1627 3  time 480.161 0 1163.84
Iteration 818  HV  cores 2536 1629 3  time 480.613 0 1165.93
Iteration 819  HV  cores 2539 1631 3  time 481.168 0 1167.86
Iteration 820  HV  cores 2542 1634 3  time 481.368 0 1169.8
Iteration 821  HV  cores 2545 1632 3  time 481.513 0 1171.79
Iteration 822  HV  cores 2548 1635 3  time 481.703 0 1173.74
Iteration 823  HV  cores 2551 1638 3  time 481.862 0 1175.69
Iteration 824  HV  cores 2554 1639 3  time 482.56 0 1177.65
Iteration 825  HV  cores 2557 1642 3  time 482.892 0 1179.73
Iteration 826  HV  cores 2560 1644 3  time 483.236 0 1181.83
Iteration 827  HV  cores 2563 1646 3  time 484.33 0 1183.94
Iteration 828  HV  cores 2566 1648 3  time 485.447 0 1185.93
Iteration 829  HV  cores 2569 1651 3  time 485.706 0 1188.05
Iteration 830  HV  cores 2572 1654 3  time 486.829 0 1190.15
Iteration 831  HV  cores 2575 1657 3  time 487.961 0 1192.05
Iteration 832  HV  cores 2578 1659 3  time 488.126 0 1194.18
Iteration 833  HV  cores 2581 1661 3  time 488.262 0 1196.3
Iteration 834  HV  cores 2584 1662 3  time 488.409 0 1198.44
Iteration 835  HV  cores 2587 1664 3  time 488.654 0 1200.43
Iteration 836  HV  cores 2590 1667 3  time 488.89 0 1202.44
Iteration 837  HV  cores 2593 1667 3  time 489.121 0 1204.46
Iteration 838  HV  cores 2596 1670 3  time 489.534 0 1206.45
Iteration 839  HV  cores 2599 1672 3  time 489.75 0 1208.58
Iteration 840  HV  cores 2602 1675 3  time 491.566 0 1210.61
Iteration 841  HV  cores 2605 1678 3  time 492.807 0 1212.59
Iteration 842  HV  cores 2608 1678 3  time 494.01 0 1214.75
Iteration 843  HV  cores 2611 1681 3  time 495.461 0 1216.76
Iteration 844  HV  cores 2614 1684 3  time 496.275 0 1218.92
Iteration 845  HV  cores 2617 1686 3  time 496.606 0 1220.95
Iteration 846  HV  cores 2620 1689 3  time 497.362 0 1223.13
Iteration 847  HV  cores 2623 1692 3  time 497.941 0 1225.3
Iteration 848  HV  cores 2626 1695 3  time 498.765 0 1227.35
Iteration 849  HV  cores 2630 1699 4  time 499.199 0 1229.37
Iteration 850  HV  cores 2634 1699 4  time 499.617 0 1231.53
Iteration 851  HV  cores 2638 1702 4  time 499.993 0 1233.66
Iteration 852  HV  cores 2642 1706 4  time 501.825 0 1235.84
Iteration 853  HV  cores 2646 1710 4  time 502.46 0 1237.85
Iteration 854  HV  cores 2650 1712 4  time 502.827 0 1239.9
Iteration 855  HV  cores 2654 1716 4  time 503.446 0 1241.92
Iteration 856  HV  cores 2657 1719 3  time 503.709 0 1243.99
Iteration 857  HV  cores 2661 1721 4  time 504.014 0 1246.07
Iteration 858  HV  cores 2665 1723 4  time 504.359 0 1248.26
Iteration 859  HV  cores 2669 1724 4  time 504.643 0 1250.31
Iteration 860  HV  cores 2673 1727 4  time 505.204 0 1252.52
Iteration 861  HV  cores 2677 1730 4  time 505.501 0 1254.58
Iteration 862  HV  cores 2681 1734 4  time 505.852 0 1256.77
Iteration 863  HV  cores 2685 1736 4  time 506.253 0 1258.82
Iteration 864  HV  cores 2689 1738 4  time 506.496 0 1261.07
Iteration 865  HV  cores 2693 1742 4  time 506.728 0 1263.27
Iteration 866  HV  cores 2697 1745 4  time 507.026 0 1265.32
Iteration 867  HV  cores 2701 1749 4  time 507.26 0 1267.56
Iteration 868  HV  cores 2705 1752 4  time 507.761 0 1269.81
Iteration 869  HV  cores 2709 1754 4  time 508.091 0 1271.92
Iteration 870  HV  cores 2713 1757 4  time 508.259 0 1274.02
Iteration 871  HV  cores 2716 1760 3  time 508.527 0 1276.1
Iteration 872  HV  cores 2720 1764 4  time 508.856 0 1278.21
Iteration 873  HV  cores 2724 1768 4  time 509.115 0 1280.47
Iteration 874  HV  cores 2728 1771 4  time 509.6 0 1282.67
Iteration 875  HV  cores 2732 1771 4  time 509.886 0 1284.75
Iteration 876  HV  cores 2736 1774 4  time 510.321 0 1287.03
Iteration 877  HV  cores 2739 1776 3  time 510.988 0 1289.28
Iteration 878  HV  cores 2743 1780 4  time 511.314 0 1291.56
Iteration 879  HV  cores 2746 1782 3  time 511.771 0 1293.61
Iteration 880  HV  cores 2749 1785 3  time 511.935 0 1295.87
Iteration 881  HV  cores 2753 1788 4  time 512.398 0 1297.95
Iteration 882  HV  cores 2756 1791 3  time 512.638 0 1300.02
Iteration 883  HV  cores 2759 1793 3  time 512.874 0 1302.13
Iteration 884  HV  cores 2762 1794 3  time 513.118 0 1304.39
Iteration 885  HV  cores 2765 1796 3  time 513.336 0 1306.59
Iteration 886  HV  cores 2769 1798 4  time 513.561 0 1308.86
Iteration 887  HV  cores 2773 1801 4  time 513.755 0 1311
Iteration 888  HV  cores 2777 1802 4  time 513.986 0 1313.07
Iteration 889  HV  cores 2781 1806 4  time 514.192 0 1315.22
Iteration 890  HV  cores 2784 1808 3  time 514.352 0 1317.52
Iteration 891  HV  cores 2787 1811 3  time 514.483 0 1319.59
Iteration 892  HV  cores 2791 1815 4  time 514.78 0 1321.89
Iteration 893  HV  cores 2795 1817 4  time 514.932 0 1324.17
Iteration 894  HV  cores 2799 1819 4  time 515.218 0 1326.27
Iteration 895  HV  cores 2803 1822 4  time 515.369 0 1328.56
Iteration 896  HV  cores 2807 1825 4  time 515.575 0 1330.86
Iteration 897  HV  cores 2811 1828 4  time 515.878 0 1333.17
Iteration 898  HV  cores 2815 1832 4  time 516.156 0 1335.51
Iteration 899  HV  cores 2819 1833 4  time 516.423 0 1337.82
Iteration 900  HV  cores 2823 1831 4  time 516.591 0 1340.13
Iteration 901  HV  cores 2827 1835 4  time 516.749 0 1342.2
Iteration 902  HV  cores 2831 1836 4  time 516.9 0 1344.51
Iteration 903  HV  cores 2835 1836 4  time 517.157 0 1346.73
Iteration 904  HV  cores 2839 1840 4  time 517.669 0 1349.08
Iteration 905  HV  cores 2843 1844 4  time 517.934 0 1351.41
Iteration 906  HV  cores 2847 1846 4  time 518.275 0 1353.59
Iteration 907  HV  cores 2851 1848 4  time 518.507 0 1355.66
Iteration 908  HV  cores 2855 1849 4  time 518.834 0 1357.89
Iteration 909  HV  cores 2859 1851 4  time 519.075 0 1360.04
Iteration 910  HV  cores 2863 1851 4  time 519.328 0 1362.23
Iteration 911  HV  cores 2867 1855 4  time 521.038 0 1364.55
Iteration 912  HV  cores 2871 1859 4  time 521.425 0 1366.73
Iteration 913  HV  cores 2875 1862 4  time 522.409 0 1369.05
Iteration 914  HV  cores 2879 1865 4  time 523.329 0 1371.17
Iteration 915  HV  cores 2882 1868 3  time 523.835 0 1373.34
Iteration 916  HV  cores 2886 1872 4  time 524.446 0 1375.67
Iteration 917  HV  cores 2890 1876 4  time 524.923 0 1378.01
Iteration 918  HV  cores 2894 1879 4  time 525.273 0 1380.19
Iteration 919  HV  cores 2898 1883 4  time 525.847 0 1382.43
Iteration 920  HV  cores 2901 1884 3  time 526.104 0 1384.76
Iteration 921  HV  cores 2905 1885 4  time 526.655 0 1386.92
Iteration 922  HV  cores 2909 1889 4  time 527.051 0 1389.19
Iteration 923  HV  cores 2913 1890 4  time 527.597 0 1391.59
Iteration 924  HV  cores 2917 1892 4  time 527.941 0 1393.79
Iteration 925  HV  cores 2921 1895 4  time 528.625 0 1396.15
Iteration 926  HV  cores 2925 1898 4  time 530.163 0 1398.5
Iteration 927  HV  cores 2929 1902 4  time 530.924 0 1400.86
Iteration 928  HV  cores 2933 1906 4  time 532.583 0 1403.21
Iteration 929  HV  cores 2937 1909 4  time 533.88 0 1405.38
Iteration 930  HV  cores 2941 1911 4  time 534.992 0 1407.69
Iteration 931  HV  cores 2945 1914 4  time 535.648 0 1410.02
Iteration 932  HV  cores 2949 1915 4  time 536.823 0 1412.34
Iteration 933  HV  cores 2953 1918 4  time 537.931 0 1414.67
Iteration 934  HV  cores 2957 1922 4  time 538.555 0 1417.02
Iteration 935  HV  cores 2961 1923 4  time 539.292 0 1419.38
Iteration 936  HV  cores 2965 1926 4  time 540.035 0 1421.71
Iteration 937  HV  cores 2969 1927 4  time 540.788 0 1424.06
Iteration 938  HV  cores 2973 1929 4  time 541.558 0 1426.39
Iteration 939  HV  cores 2977 1928 4  time 542.438 0 1428.8
Iteration 940  HV  cores 2981 1928 4  time 543.276 0 1431.17
Iteration 941  HV  cores 2985 1930 4  time 544.113 0 1433.53
Iteration 942  HV  cores 2989 1933 4  time 545.214 0 1435.87
Iteration 943  HV  cores 2993 1937 4  time 545.643 0 1438.23
Iteration 944  HV  cores 2996 1939 3  time 546.729 0 1440.62
Iteration 945  HV  cores 3000 1941 4  time 548.259 0 1442.99
Iteration 946  HV  cores 3004 1943 4  time 549.094 0 1445.36
Iteration 947  HV  cores 3008 1941 4  time 549.881 0 1447.72
Iteration 948  HV  cores 3012 1945 4  time 550.204 0 1449.94
Iteration 949  HV  cores 3016 1949 4  time 550.436 0 1452.31
Iteration 950  HV  cores 3020 1951 4  time 551.212 0 1454.7
Iteration 951  HV  cores 3024 1954 4  time 551.542 0 1457.07
Iteration 952  HV  cores 3028 1957 4  time 552.4 0 1459.44
Iteration 953  HV  cores 3032 1961 4  time 552.639 0 1461.73
Iteration 954  HV  cores 3036 1964 4  time 554.248 0 1464.15
Iteration 955  HV  cores 3039 1967 3  time 554.564 0 1466.58
Iteration 956  HV  cores 3042 1969 3  time 554.861 0 1468.99
Iteration 957  HV  cores 3045 1971 3  time 555.792 0 1471.38
Iteration 958  HV  cores 3048 1973 3  time 556.017 0 1473.62
Iteration 959  HV  cores 3052 1976 4  time 556.572 0 1476.03
Iteration 960  HV  cores 3055 1979 3  time 557.001 0 1478.43
Iteration 961  HV  cores 3059 1982 4  time 558.161 0 1480.87
Iteration 962  HV  cores 3062 1985 3  time 558.568 0 1483.29
Iteration 963  HV  cores 3066 1988 4  time 559.859 0 1485.72
Iteration 964  HV  cores 3070 1990 4  time 560.246 0 1488.16
Iteration 965  HV  cores 3074 1993 4  time 561.037 0 1490.62
Iteration 966  HV  cores 3078 1995 4  time 561.445 0 1492.94
Iteration 967  HV  cores 3082 1998 4  time 562.134 0 1495.17
Iteration 968  HV  cores 3086 2002 4  time 562.474 0 1497.7
Iteration 969  HV  cores 3089 2003 3  time 562.654 0 1500.21
Iteration 970  HV  cores 3092 2004 3  time 562.855 0 1502.75
Iteration 971  HV  cores 3095 2003 3  time 563.744 0 1505.26
Iteration 972  HV  cores 3098 2005 3  time 564.834 0 1507.75
Iteration 973  HV  cores 3102 2009 4  time 565.111 0 1510.23
Iteration 974  HV  cores 3105 2012 3  time 565.349 0 1512.73
Iteration 975  HV  cores 3108 2014 3  time 565.615 0 1515.07
Iteration 976  HV  cores 3111 2016 3  time 566.026 0 1517.6
Iteration 977  HV  cores 3114 2018 3  time 567.079 0 1520.12
Iteration 978  HV  cores 3117 2020 3  time 567.498 0 1522.47
Iteration 979  HV  cores 3120 2023 3  time 567.893 0 1524.96
Iteration 980  HV  cores 3123 2024 3  time 568.237 0 1527.48
Iteration 981  HV  cores 3126 2026 3  time 569.276 0 1529.8
Iteration 982  HV  cores 3129 2028 3  time 570.122 0 1532.32
Iteration 983  HV  cores 3132 2030 3  time 570.481 0 1534.66
Iteration 984  HV  cores 3135 2033 3  time 570.843 0 1537.19
Iteration 985  HV  cores 3138 2036 3  time 571.814 0 1539.73
Iteration 986  HV  cores 3141 2038 3  time 572.739 0 1542.3
Iteration 987  HV  cores 3144 2039 3  time 573.499 0 1544.59
Iteration 988  HV  cores 3147 2041 3  time 574.422 0 1546.9
Iteration 989  HV  cores 3150 2043 3  time 575.487 0 1549.44
Iteration 990  HV  cores 3153 2046 3  time 575.696 0 1551.86
Iteration 991  HV  cores 3156 2047 3  time 575.862 0 1554.38
Iteration 992  HV  cores 3159 2050 3  time 576.259 0 1556.89
Iteration 993  HV  cores 3162 2053 3  time 576.525 0 1559.45
Iteration 994  HV  cores 3165 2056 3  time 576.851 0 1561.79
Iteration 995  HV  cores 3169 2057 4  time 578.641 0 1564.18
Iteration 996  HV  cores 3172 2060 3  time 579.337 0 1566.53
Iteration 997  HV  cores 3175 2062 3  time 580.109 0 1568.93
Iteration 998  HV  cores 3179 2064 4  time 580.925 0 1571.35
Iteration 999  HV  cores 3182 2066 3  time 581.896 0 1573.75
Iteration 1000  HV  cores 3185 2069 3  time 583.489 0 1576.34
Iteration 1001  HV  cores 3188 2069 3  time 583.73 0 1578.76
Iteration 1002  HV  cores 3192 2073 4  time 585.052 0 1581.11
Iteration 1003  HV  cores 3195 2074 3  time 585.325 0 1583.49
Iteration 1004  HV  cores 3198 2076 3  time 585.594 0 1585.93
Iteration 1005  HV  cores 3202 2078 4  time 586.335 0 1588.33
Iteration 1006  HV  cores 3205 2080 3  time 586.607 0 1590.78
Iteration 1007  HV  cores 3208 2081 3  time 586.903 0 1593.2
Iteration 1008  HV  cores 3212 2083 4  time 588.288 0 1595.44
Iteration 1009  HV  cores 3216 2087 4  time 589.314 0 1597.84
Iteration 1010  HV  cores 3220 2091 4  time 590.406 0 1600.24
Iteration 1011  HV  cores 3223 2094 3  time 591.101 0 1602.61
Iteration 1012  HV  cores 3227 2096 4  time 591.714 0 1605.03
Iteration 1013  HV  cores 3231 2100 4  time 591.916 0 1607.4
Iteration 1014  HV  cores 3235 2103 4  time 592.401 0 1609.79
Iteration 1015  HV  cores 3239 2106 4  time 593.242 0 1612.23
Iteration 1016  HV  cores 3243 2110 4  time 593.475 0 1614.66
Iteration 1017  HV  cores 3247 2113 4  time 594.426 0 1617.16
Iteration 1018  HV  cores 3251 2116 4  time 594.69 0 1619.62
Iteration 1019  HV  cores 3255 2119 4  time 595.046 0 1622.02
Iteration 1020  HV  cores 3258 2121 3  time 595.643 0 1624.44
Iteration 1021  HV  cores 3261 2122 3  time 596.104 0 1626.85
Iteration 1022  HV  cores 3265 2122 4  time 597.053 0 1629.41
Iteration 1023  HV  cores 3269 2123 4  time 597.943 0 1631.86
Iteration 1024  HV  cores 3273 2125 4  time 598.809 0 1634.32
Iteration 1025  HV  cores 3276 2124 3  time 599.69 0 1636.81
Iteration 1026  HV  cores 3279 2126 3  time 600.617 0 1639.24
Iteration 1027  HV  cores 3282 2127 3  time 601.52 0 1641.65
Iteration 1028  HV  cores 3285 2126 3  time 602.431 0 1644.16
Iteration 1029  HV  cores 3288 2128 3  time 603.377 0 1646.67
Iteration 1030  HV  cores 3291 2129 3  time 604.294 0 1649.12
Iteration 1031  HV  cores 3294 2130 3  time 605.216 0 1651.68
Iteration 1032  HV  cores 3297 2129 3  time 606.115 0 1654.19
Iteration 1033  HV  cores 3301 2132 4  time 607.65 0 1656.66
Iteration 1034  HV  cores 3304 2135 3  time 608.509 0 1659.15
Iteration 1035  HV  cores 3308 2136 4  time 609.946 0 1661.55
Iteration 1036  HV  cores 3311 2137 3  time 610.779 0 1664.04
Iteration 1037  HV  cores 3314 2138 3  time 610.892 0 1666.58
Iteration 1038  HV  cores 3317 2139 3  time 611.002 0 1669.04
Iteration 1039  HV  cores 3320 2140 3  time 611.787 0 1671.52
Iteration 1040  HV  cores 3324 2141 4  time 613.003 0 1674
Iteration 1041  HV  cores 3328 2145 4  time 613.569 0 1676.62
Iteration 1042  HV  cores 3332 2149 4  time 614.047 0 1679.15
Iteration 1043  HV  cores 3336 2151 4  time 614.767 0 1681.72
Iteration 1044  HV  cores 3340 2154 4  time 615.438 0 1684.24
Iteration 1045  HV  cores 3343 2156 3  time 616.391 0 1686.54
Iteration 1046  HV  cores 3346 2158 3  time 616.635 0 1689.03
Iteration 1047  HV  cores 3349 2161 3  time 616.879 0 1691.5
Iteration 1048  HV  cores 3352 2161 3  time 617.825 0 1693.99
Iteration 1049  HV  cores 3355 2163 3  time 618.791 0 1696.49
Iteration 1050  HV  cores 3358 2161 3  time 619.736 0 1699.07
Iteration 1051  HV  cores 3361 2163 3  time 620.643 0 1701.57
Iteration 1052  HV  cores 3364 2163 3  time 621.539 0 1704.07
Iteration 1053  HV  cores 3367 2165 3  time 622.456 0 1706.61
Iteration 1054  HV  cores 3370 2167 3  time 623.333 0 1709.14
Iteration 1055  HV  cores 3373 2164 3  time 624.279 0 1711.68
Iteration 1056  HV  cores 3376 2163 3  time 625.154 0 1714.2
Iteration 1057  HV  cores 3379 2166 3  time 626.099 0 1716.71
Iteration 1058  HV  cores 3382 2165 3  time 626.985 0 1719.21
Iteration 1059  HV  cores 3385 2165 3  time 627.93 0 1721.73
Iteration 1060  HV  cores 3388 2164 3  time 628.826 0 1724.06
Iteration 1061  HV  cores 3391 2167 3  time 629.792 0 1726.59
Iteration 1062  HV  cores 3394 2167 3  time 630.67 0 1729.15
Iteration 1063  HV  cores 3397 2169 3  time 631.625 0 1731.69
Iteration 1064  HV  cores 3400 2168 3  time 632.511 0 1734.2
Iteration 1065  HV  cores 3403 2169 3  time 633.407 0 1736.79
Iteration 1066  HV  cores 3407 2173 4  time 633.889 0 1739.3
Iteration 1067  HV  cores 3411 2175 4  time 634.212 0 1741.84
Iteration 1068  HV  cores 3415 2178 4  time 634.487 0 1744.34
Iteration 1069  HV  cores 3419 2181 4  time 634.95 0 1746.86
Iteration 1070  HV  cores 3423 2184 4  time 635.163 0 1749.42
Iteration 1071  HV  cores 3427 2186 4  time 635.371 0 1751.98
Iteration 1072  HV  cores 3431 2189 4  time 635.58 0 1754.52
Iteration 1073  HV  cores 3435 2189 4  time 635.853 0 1757.03
Iteration 1074  HV  cores 3439 2190 4  time 636.481 0 1759.61
Iteration 1075  HV  cores 3442 2193 3  time 637.222 0 1762.21
Iteration 1076  HV  cores 3445 2196 3  time 637.455 0 1764.77
Iteration 1077  HV  cores 3448 2198 3  time 637.7 0 1767.3
Iteration 1078  HV  cores 3452 2200 4  time 639.339 0 1769.86
Iteration 1079  HV  cores 3455 2199 3  time 639.567 0 1772.4
Iteration 1080  HV  cores 3458 2199 3  time 639.775 0 1774.96
Iteration 1081  HV  cores 3461 2202 3  time 640.543 0 1777.56
Iteration 1082  HV  cores 3464 2205 3  time 640.722 0 1780.13
Iteration 1083  HV  cores 3468 2209 4  time 641.706 0 1782.71
Iteration 1084  HV  cores 3471 2212 3  time 641.891 0 1785.32
Iteration 1085  HV  cores 3475 2216 4  time 642.577 0 1787.91
Iteration 1086  HV  cores 3478 2218 3  time 643.109 0 1790.51
Iteration 1087  HV  cores 3481 2220 3  time 643.477 0 1793.13
Iteration 1088  HV  cores 3484 2222 3  time 643.873 0 1795.66
Iteration 1089  HV  cores 3487 2222 3  time 644.533 0 1798.2
Iteration 1090  HV  cores 3491 2223 4  time 645.052 0 1800.81
Iteration 1091  HV  cores 3494 2226 3  time 645.859 0 1803.4
Iteration 1092  HV  cores 3498 2230 4  time 647.217 0 1805.98
Iteration 1093  HV  cores 3502 2234 4  time 647.993 0 1808.61
Iteration 1094  HV  cores 3506 2238 4  time 649.043 0 1811.26
Iteration 1095  HV  cores 3510 2242 4  time 649.874 0 1813.79
Iteration 1096  HV  cores 3514 2243 4  time 650.433 0 1816.37
Iteration 1097  HV  cores 3518 2245 4  time 651.193 0 1818.98
Iteration 1098  HV  cores 3522 2247 4  time 651.78 0 1821.36
Iteration 1099  HV  cores 3526 2249 4  time 656.877 0 1823.96
Iteration 1100  HV  cores 3529 2251 3  time 657.443 0 1826.59
Iteration 1101  HV  cores 3532 2254 3  time 658.489 0 1829.15
Iteration 1102  HV  cores 3535 2256 3  time 658.752 0 1831.52
Iteration 1103  HV  cores 3538 2259 3  time 659.451 0 1834.12
Iteration 1104  HV  cores 3540 2260 2  time 659.56 0 1836.73
Iteration 1105  HV  cores 3543 2263 3  time 659.859 0 1839.35
Iteration 1106  HV  cores 3546 2265 3  time 661.879 0 1841.99
Iteration 1107  HV  cores 3549 2268 3  time 662.263 0 1844.6
Iteration 1108  HV  cores 3552 2270 3  time 662.488 0 1847.25
Iteration 1109  HV  cores 3555 2272 3  time 664.175 0 1849.85
Iteration 1110  HV  cores 3558 2273 3  time 664.375 0 1852.54
Iteration 1111  HV  cores 3561 2274 3  time 664.756 0 1855.25
Iteration 1112  HV  cores 3564 2275 3  time 666.102 0 1857.89
Iteration 1113  HV  cores 3568 2279 4  time 666.373 0 1860.6
Iteration 1114  HV  cores 3572 2283 4  time 666.62 0 1863.27
Iteration 1115  HV  cores 3576 2285 4  time 667.002 0 1865.92
Iteration 1116  HV  cores 3580 2288 4  time 667.366 0 1868.55
Iteration 1117  HV  cores 3584 2291 4  time 667.827 0 1871.2
Iteration 1118  HV  cores 3588 2293 4  time 668.174 0 1873.88
Iteration 1119  HV  cores 3591 2296 3  time 668.676 0 1876.51
Iteration 1120  HV  cores 3594 2298 3  time 669.696 0 1879.14
Iteration 1121  HV  cores 3597 2301 3  time 670.1 0 1881.8
Iteration 1122  HV  cores 3600 2303 3  time 670.512 0 1884.48
Iteration 1123  HV  cores 3603 2305 3  time 670.914 0 1887.15
Iteration 1124  HV  cores 3606 2306 3  time 672.16 0 1889.82
Iteration 1125  HV  cores 3609 2308 3  time 672.536 0 1892.46
Iteration 1126  HV  cores 3612 2308 3  time 672.895 0 1895.17
Iteration 1127  HV  cores 3615 2308 3  time 673.777 0 1897.79
Iteration 1128  HV  cores 3618 2309 3  time 674.086 0 1900.46
Iteration 1129  HV  cores 3621 2312 3  time 674.325 0 1903.16
Iteration 1130  HV  cores 3624 2315 3  time 674.972 0 1905.88
Iteration 1131  HV  cores 3627 2317 3  time 675.4 0 1908.52
Iteration 1132  HV  cores 3631 2321 4  time 675.887 0 1911.28
Iteration 1133  HV  cores 3634 2324 3  time 676.251 0 1914.02
Iteration 1134  HV  cores 3637 2324 3  time 676.62 0 1916.68
Iteration 1135  HV  cores 3640 2327 3  time 677.217 0 1919.38
Iteration 1136  HV  cores 3643 2329 3  time 677.596 0 1922.13
Iteration 1137  HV  cores 3646 2332 3  time 677.915 0 1924.89
Iteration 1138  HV  cores 3649 2334 3  time 678.275 0 1927.61
Iteration 1139  HV  cores 3652 2336 3  time 678.645 0 1930.33
Iteration 1140  HV  cores 3655 2339 3  time 679.022 0 1933.03
Iteration 1141  HV  cores 3658 2340 3  time 679.38 0 1935.73
Iteration 1142  HV  cores 3661 2343 3  time 679.832 0 1938.49
Iteration 1143  HV  cores 3664 2346 3  time 680.224 0 1941.19
Iteration 1144  HV  cores 3667 2348 3  time 680.988 0 1943.88
Iteration 1145  HV  cores 3670 2351 3  time 681.397 0 1946.37
Iteration 1146  HV  cores 3673 2354 3  time 682.271 0 1949.13
Iteration 1147  HV  cores 3676 2356 3  time 682.626 0 1951.86
Iteration 1148  HV  cores 3679 2359 3  time 683.787 0 1954.62
Iteration 1149  HV  cores 3683 2361 4  time 684.921 0 1957.42
Iteration 1150  HV  cores 3687 2365 4  time 685.806 0 1960.12
Iteration 1151  HV  cores 3691 2366 4  time 686.39 0 1962.82
Iteration 1152  HV  cores 3695 2370 4  time 687.017 0 1965.71
Iteration 1153  HV  cores 3699 2373 4  time 687.556 0 1968.46
Iteration 1154  HV  cores 3703 2377 4  time 688.317 0 1971.19
Iteration 1155  HV  cores 3707 2380 4  time 688.819 0 1974.01
Iteration 1156  HV  cores 3711 2384 4  time 690.514 0 1976.75
Iteration 1157  HV  cores 3715 2387 4  time 691.018 0 1979.58
Iteration 1158  HV  cores 3719 2390 4  time 692.073 0 1982.37
Iteration 1159  HV  cores 3723 2394 4  time 692.587 0 1985.13
Iteration 1160  HV  cores 3727 2395 4  time 692.977 0 1987.89
Iteration 1161  HV  cores 3731 2398 4  time 693.418 0 1990.71
Iteration 1162  HV  cores 3734 2401 3  time 693.886 0 1993.49
Iteration 1163  HV  cores 3737 2402 3  time 694.208 0 1996.27
Iteration 1164  HV  cores 3741 2404 4  time 694.644 0 1999.02
Iteration 1165  HV  cores 3745 2403 4  time 695.099 0 2001.71
Iteration 1166  HV  cores 3749 2405 4  time 695.592 0 2004.48
Iteration 1167  HV  cores 3753 2409 4  time 696.054 0 2007.21
Iteration 1168  HV  cores 3757 2411 4  time 696.537 0 2010.06
Iteration 1169  HV  cores 3761 2415 4  time 697.082 0 2012.88
Iteration 1170  HV  cores 3765 2416 4  time 697.705 0 2015.43
Iteration 1171  HV  cores 3769 2419 4  time 698.283 0 2018.15
Iteration 1172  HV  cores 3772 2421 3  time 700.105 0 2020.98
Iteration 1173  HV  cores 3775 2424 3  time 701.796 0 2023.75
Iteration 1174  HV  cores 3778 2424 3  time 702.855 0 2026.55
Iteration 1175  HV  cores 3781 2427 3  time 703.312 0 2029.37
Iteration 1176  HV  cores 3784 2429 3  time 703.687 0 2032.2
Iteration 1177  HV  cores 3787 2432 3  time 705.083 0 2034.97
Iteration 1178  HV  cores 3790 2433 3  time 705.737 0 2037.78
Iteration 1179  HV  cores 3794 2437 4  time 706.635 0 2040.62
Iteration 1180  HV  cores 3797 2440 3  time 707.78 0 2043.48
Iteration 1181  HV  cores 3800 2442 3  time 708.089 0 2046.44
Iteration 1182  HV  cores 3803 2445 3  time 709.162 0 2049.25
Iteration 1183  HV  cores 3807 2449 4  time 710.127 0 2052.08
Iteration 1184  HV  cores 3810 2451 3  time 711.108 0 2054.85
Iteration 1185  HV  cores 3814 2453 4  time 712.383 0 2057.83
Iteration 1186  HV  cores 3818 2457 4  time 713.459 0 2060.61
Iteration 1187  HV  cores 3822 2458 4  time 714.521 0 2063.63
Iteration 1188  HV  cores 3825 2461 3  time 715.497 0 2066.52
Iteration 1189  HV  cores 3828 2464 3  time 716.314 0 2069.41
Iteration 1190  HV  cores 3832 2468 4  time 717.584 0 2072.32
Iteration 1191  HV  cores 3836 2471 4  time 718.944 0 2075.14
Iteration 1192  HV  cores 3839 2474 3  time 719.292 0 2077.95
Iteration 1193  HV  cores 3842 2476 3  time 719.597 0 2080.84
Iteration 1194  HV  cores 3845 2478 3  time 719.928 0 2083.72
Iteration 1195  HV  cores 3848 2481 3  time 720.452 0 2086.66
Iteration 1196  HV  cores 3851 2484 3  time 720.869 0 2089.69
Iteration 1197  HV  cores 3854 2485 3  time 721.307 0 2092.73
Iteration 1198  HV  cores 3857 2488 3  time 721.647 0 2095.63
Iteration 1199  HV  cores 3860 2488 3  time 722.058 0 2098.52
Iteration 1200  HV  cores 3863 2490 3  time 723.125 0 2101.37
Iteration 1201  HV  cores 3866 2492 3  time 723.812 0 2104.31
Iteration 1202  HV  cores 3869 2494 3  time 724.624 0 2107.16
Iteration 1203  HV  cores 3872 2497 3  time 725.005 0 2110.12
Iteration 1204  HV  cores 3875 2498 3  time 725.405 0 2112.94
Iteration 1205  HV  cores 3878 2501 3  time 726.416 0 2116.01
Iteration 1206  HV  cores 3881 2504 3  time 726.854 0 2118.93
Iteration 1207  HV  cores 3884 2506 3  time 727.086 0 2121.78
Iteration 1208  HV  cores 3887 2509 3  time 727.28 0 2124.74
Iteration 1209  HV  cores 3890 2512 3  time 727.476 0 2127.61
Iteration 1210  HV  cores 3893 2515 3  time 727.771 0 2130.61
Iteration 1211  HV  cores 3896 2515 3  time 727.953 0 2133.6
Iteration 1212  HV  cores 3899 2518 3  time 728.303 0 2136.52
Iteration 1213  HV  cores 3902 2521 3  time 728.591 0 2139.48
Iteration 1214  HV  cores 3905 2523 3  time 728.769 0 2142.42
Iteration 1215  HV  cores 3908 2526 3  time 728.949 0 2145.33
Iteration 1216  HV  cores 3911 2526 3  time 729.149 0 2148.45
Iteration 1217  HV  cores 3915 2530 4  time 732.26 0 2151.39
Iteration 1218  HV  cores 3918 2533 3  time 732.435 0 2154.48
Iteration 1219  HV  cores 3921 2536 3  time 733.189 0 2157.53
Iteration 1220  HV  cores 3924 2539 3  time 733.652 0 2160.39
Iteration 1221  HV  cores 3927 2542 3  time 734.924 0 2163.36
Iteration 1222  HV  cores 3930 2544 3  time 735.429 0 2166.34
Iteration 1223  HV  cores 3933 2546 3  time 736.118 0 2169.37
Iteration 1224  HV  cores 3936 2549 3  time 736.908 0 2172.29
Iteration 1225  HV  cores 3939 2552 3  time 738.143 0 2175.26
Iteration 1226  HV  cores 3942 2555 3  time 738.517 0 2178.3
Iteration 1227  HV  cores 3945 2556 3  time 738.807 0 2181.27
Iteration 1228  HV  cores 3948 2559 3  time 739.066 0 2184.25
Iteration 1229  HV  cores 3951 2561 3  time 739.533 0 2187.23
Iteration 1230  HV  cores 3954 2564 3  time 739.831 0 2190.28
Iteration 1231  HV  cores 3957 2566 3  time 740.142 0 2193.2
Iteration 1232  HV  cores 3960 2569 3  time 741.116 0 2196.4
Iteration 1233  HV  cores 3963 2571 3  time 741.705 0 2199.38
Iteration 1234  HV  cores 3966 2574 3  time 742.665 0 2202.34
Iteration 1235  HV  cores 3970 2578 4  time 743.776 0 2205.23
Iteration 1236  HV  cores 3973 2581 3  time 744.687 0 2208.29
Iteration 1237  HV  cores 3976 2582 3  time 745.067 0 2211.34
Iteration 1238  HV  cores 3979 2585 3  time 745.886 0 2214.44
Iteration 1239  HV  cores 3982 2587 3  time 746.689 0 2217.5
Iteration 1240  HV  cores 3985 2589 3  time 747.776 0 2220.53
Iteration 1241  HV  cores 3988 2591 3  time 748.706 0 2223.57
Iteration 1242  HV  cores 3991 2593 3  time 749.359 0 2226.67
Iteration 1243  HV  cores 3994 2594 3  time 749.752 0 2229.7
Iteration 1244  HV  cores 3997 2595 3  time 750.457 0 2232.84
Iteration 1245  HV  cores 4000 2598 3  time 751.065 0 2235.89
Iteration 1246  HV  cores 4003 2601 3  time 751.249 0 2238.99
Iteration 1247  HV  cores 4006 2603 3  time 752.063 0 2242.09
Iteration 1248  HV  cores 4009 2605 3  time 752.266 0 2245.13
Iteration 1249  HV  cores 4012 2607 3  time 752.52 0 2248.27
Iteration 1250  HV  cores 4015 2609 3  time 753.173 0 2251.43
Iteration 1251  HV  cores 4018 2610 3  time 754.054 0 2254.49
Iteration 1252  HV  cores 4021 2613 3  time 754.685 0 2257.56
Iteration 1253  HV  cores 4024 2615 3  time 754.843 0 2260.72
Iteration 1254  HV  cores 4027 2617 3  time 755.028 0 2263.8
Iteration 1255  HV  cores 4030 2619 3  time 755.21 0 2267.01
Iteration 1256  HV  cores 4033 2621 3  time 756.304 0 2270.33
Iteration 1257  HV  cores 4036 2622 3  time 757.258 0 2273.62
Iteration 1258  HV  cores 4039 2624 3  time 757.886 0 2276.91
Iteration 1259  HV  cores 4042 2626 3  time 758.536 0 2280.04
Iteration 1260  HV  cores 4045 2626 3  time 759.077 0 2283.25
Iteration 1261  HV  cores 4048 2627 3  time 759.615 0 2286.5
Iteration 1262  HV  cores 4051 2630 3  time 760.321 0 2289.69
Iteration 1263  HV  cores 4054 2633 3  time 760.85 0 2292.91
Iteration 1264  HV  cores 4057 2634 3  time 761.412 0 2295.95
Iteration 1265  HV  cores 4060 2637 3  time 762.185 0 2299.06
Iteration 1266  HV  cores 4063 2639 3  time 762.759 0 2302.18
Iteration 1267  HV  cores 4066 2642 3  time 763.262 0 2305.35
Iteration 1268  HV  cores 4069 2644 3  time 763.843 0 2308.63
Iteration 1269  HV  cores 4072 2646 3  time 764.339 0 2311.83
Iteration 1270  HV  cores 4075 2644 3  time 764.863 0 2314.94
Iteration 1271  HV  cores 4078 2646 3  time 765.279 0 2318.18
Iteration 1272  HV  cores 4081 2648 3  time 765.624 0 2321.31
Iteration 1273  HV  cores 4084 2650 3  time 766.11 0 2324.57
Iteration 1274  HV  cores 4087 2653 3  time 766.681 0 2327.81
Iteration 1275  HV  cores 4089 2655 2  time 767.152 0 2331.06
Iteration 1276  HV  cores 4092 2657 3  time 767.871 0 2334.27
Iteration 1277  HV  cores 4095 2658 3  time 768.533 0 2337.38
Iteration 1278  HV  cores 4098 2658 3  time 769.197 0 2340.51
Iteration 1279  HV  cores 4101 2661 3  time 769.768 0 2343.67
Iteration 1280  HV  cores 4104 2664 3  time 770.416 0 2346.83
Iteration 1281  HV  cores 4107 2667 3  time 771.034 0 2349.99
Iteration 1282  HV  cores 4110 2669 3  time 771.649 0 2353.12
Iteration 1283  HV  cores 4113 2672 3  time 772.255 0 2356.24
Iteration 1284  HV  cores 4116 2675 3  time 772.706 0 2359.43
Iteration 1285  HV  cores 4119 2675 3  time 773.463 0 2362.6
Iteration 1286  HV  cores 4122 2676 3  time 773.809 0 2365.79
Iteration 1287  HV  cores 4125 2678 3  time 774.243 0 2368.96
Iteration 1288  HV  cores 4128 2681 3  time 774.728 0 2372.11
Iteration 1289  HV  cores 4131 2683 3  time 775.286 0 2375.34
Iteration 1290  HV  cores 4134 2685 3  time 775.766 0 2378.54
Iteration 1291  HV  cores 4137 2688 3  time 776.527 0 2381.75
Iteration 1292  HV  cores 4140 2688 3  time 777.548 0 2384.89
Iteration 1293  HV  cores 4143 2689 3  time 777.92 0 2388.09
Iteration 1294  HV  cores 4146 2691 3  time 778.279 0 2391.52
Iteration 1295  HV  cores 4149 2691 3  time 778.924 0 2394.64
Iteration 1296  HV  cores 4152 2694 3  time 779.303 0 2397.82
Iteration 1297  HV  cores 4155 2693 3  time 779.664 0 2401.03
Iteration 1298  HV  cores 4158 2693 3  time 780.008 0 2404.21
Iteration 1299  HV  cores 4161 2692 3  time 780.365 0 2407.39
Iteration 1300  HV  cores 4164 2694 3  time 780.719 0 2410.57
Iteration 1301  HV  cores 4167 2696 3  time 781.083 0 2413.78
Iteration 1302  HV  cores 4170 2697 3  time 781.42 0 2417.06
Iteration 1303  HV  cores 4173 2697 3  time 781.794 0 2420.33
Iteration 1304  HV  cores 4176 2699 3  time 782.069 0 2423.64
Iteration 1305  HV  cores 4179 2702 3  time 782.218 0 2426.98
Iteration 1306  HV  cores 4182 2705 3  time 782.369 0 2430.16
Iteration 1307  HV  cores 4185 2708 3  time 782.519 0 2433.39
Iteration 1308  HV  cores 4188 2709 3  time 782.694 0 2436.77
Iteration 1309  HV  cores 4191 2710 3  time 783.461 0 2439.95
Iteration 1310  HV  cores 4194 2713 3  time 783.626 0 2443.18
Iteration 1311  HV  cores 4197 2715 3  time 783.8 0 2446.49
Iteration 1312  HV  cores 4200 2718 3  time 784.012 0 2449.68
Iteration 1313  HV  cores 4203 2721 3  time 784.227 0 2452.85
Iteration 1314  HV  cores 4206 2724 3  time 784.379 0 2455.98
Iteration 1315  HV  cores 4209 2726 3  time 784.805 0 2459.31
Iteration 1316  HV  cores 4212 2729 3  time 784.974 0 2462.61
Iteration 1317  HV  cores 4215 2732 3  time 785.42 0 2465.9
Iteration 1318  HV  cores 4218 2733 3  time 785.802 0 2469.09
Iteration 1319  HV  cores 4221 2736 3  time 786.245 0 2472.27
Iteration 1320  HV  cores 4224 2739 3  time 786.437 0 2475.5
Iteration 1321  HV  cores 4227 2742 3  time 787.209 0 2478.78
Iteration 1322  HV  cores 4230 2745 3  time 788.092 0 2482.03
Iteration 1323  HV  cores 4233 2748 3  time 789.083 0 2485.56
Iteration 1324  HV  cores 4237 2751 4  time 789.29 0 2488.81
Iteration 1325  HV  cores 4240 2754 3  time 789.623 0 2492.07
Iteration 1326  HV  cores 4243 2754 3  time 789.961 0 2495.34
Iteration 1327  HV  cores 4246 2757 3  time 790.112 0 2498.6
Iteration 1328  HV  cores 4249 2757 3  time 790.503 0 2501.87
Iteration 1329  HV  cores 4252 2760 3  time 791.042 0 2505.34
Iteration 1330  HV  cores 4255 2762 3  time 791.811 0 2508.53
Iteration 1331  HV  cores 4258 2765 3  time 792.161 0 2511.87
Iteration 1332  HV  cores 4261 2768 3  time 792.309 0 2515.21
Iteration 1333  HV  cores 4264 2770 3  time 792.599 0 2518.57
Iteration 1334  HV  cores 4267 2772 3  time 792.968 0 2521.98
Iteration 1335  HV  cores 4270 2774 3  time 793.144 0 2525.34
Iteration 1336  HV  cores 4273 2777 3  time 793.374 0 2528.77
Iteration 1337  HV  cores 4276 2778 3  time 793.736 0 2532.17
Iteration 1338  HV  cores 4279 2778 3  time 793.866 0 2535.67
Iteration 1339  HV  cores 4282 2780 3  time 794.239 0 2539.04
Iteration 1340  HV  cores 4285 2782 3  time 794.398 0 2542.48
Iteration 1341  HV  cores 4288 2785 3  time 794.752 0 2545.9
Iteration 1342  HV  cores 4291 2788 3  time 796.077 0 2549.24
Iteration 1343  HV  cores 4294 2791 3  time 796.897 0 2552.64
Iteration 1344  HV  cores 4297 2794 3  time 797.816 0 2555.99
Iteration 1345  HV  cores 4300 2797 3  time 798.678 0 2559.38
Iteration 1346  HV  cores 4303 2800 3  time 800.487 0 2562.79
Iteration 1347  HV  cores 4306 2802 3  time 801.441 0 2566.14
Iteration 1348  HV  cores 4310 2806 4  time 802.287 0 2569.53
Iteration 1349  HV  cores 4313 2808 3  time 802.714 0 2572.97
Iteration 1350  HV  cores 4316 2811 3  time 803.168 0 2576.38
Iteration 1351  HV  cores 4320 2815 4  time 803.83 0 2579.79
Iteration 1352  HV  cores 4323 2818 3  time 804.011 0 2583.3
Iteration 1353  HV  cores 4326 2820 3  time 804.674 0 2586.78
Iteration 1354  HV  cores 4329 2820 3  time 805.718 0 2590.2
Iteration 1355  HV  cores 4333 2823 4  time 806.129 0 2593.83
Iteration 1356  HV  cores 4336 2826 3  time 809.315 0 2597.29
Iteration 1357  HV  cores 4339 2828 3  time 809.976 0 2600.84
Iteration 1358  HV  cores 4342 2829 3  time 810.628 0 2604.42
Iteration 1359  HV  cores 4346 2833 4  time 811.423 0 2607.86
Iteration 1360  HV  cores 4349 2835 3  time 811.618 0 2611.33
Iteration 1361  HV  cores 4353 2835 4  time 811.992 0 2614.82
Iteration 1362  HV  cores 4356 2838 3  time 813.043 0 2618.34
Iteration 1363  HV  cores 4359 2841 3  time 813.842 0 2621.83
Iteration 1364  HV  cores 4362 2844 3  time 814.348 0 2625.37
Iteration 1365  HV  cores 4365 2843 3  time 815.516 0 2629.01
Iteration 1366  HV  cores 4368 2845 3  time 815.975 0 2632.53
Iteration 1367  HV  cores 4371 2848 3  time 816.428 0 2636.07
Iteration 1368  HV  cores 4374 2850 3  time 816.846 0 2639.57
Iteration 1369  HV  cores 4377 2851 3  time 817.722 0 2643
Iteration 1370  HV  cores 4380 2854 3  time 818.03 0 2646.67
Iteration 1371  HV  cores 4383 2857 3  time 818.623 0 2650.35
Iteration 1372  HV  cores 4386 2858 3  time 819.257 0 2653.83
Iteration 1373  HV  cores 4389 2860 3  time 819.512 0 2657.42
Iteration 1374  HV  cores 4392 2863 3  time 819.76 0 2660.91
Iteration 1375  HV  cores 4395 2864 3  time 820.403 0 2664.41
Iteration 1376  HV  cores 4398 2866 3  time 820.675 0 2667.95
Iteration 1377  HV  cores 4402 2870 4  time 821.035 0 2671.52
Iteration 1378  HV  cores 4406 2873 4  time 821.67 0 2675.13
Iteration 1379  HV  cores 4410 2877 4  time 822.013 0 2678.67
Iteration 1380  HV  cores 4413 2879 3  time 822.356 0 2682.18
Iteration 1381  HV  cores 4417 2882 4  time 822.728 0 2685.64
Iteration 1382  HV  cores 4420 2884 3  time 823.191 0 2689.19
Iteration 1383  HV  cores 4424 2888 4  time 823.984 0 2692.8
Iteration 1384  HV  cores 4428 2892 4  time 824.505 0 2696.36
Iteration 1385  HV  cores 4432 2895 4  time 825.284 0 2699.86
Iteration 1386  HV  cores 4436 2898 4  time 826.269 0 2703.26
Iteration 1387  HV  cores 4440 2901 4  time 826.829 0 2706.56
Iteration 1388  HV  cores 4444 2904 4  time 827.378 0 2710.03
Iteration 1389  HV  cores 4448 2907 4  time 827.956 0 2713.43
Iteration 1390  HV  cores 4452 2909 4  time 828.592 0 2716.94
Iteration 1391  HV  cores 4456 2913 4  time 829.747 0 2720.44
Iteration 1392  HV  cores 4459 2916 3  time 830.814 0 2724.04
Iteration 1393  HV  cores 4462 2919 3  time 831.053 0 2727.63
Iteration 1394  HV  cores 4466 2923 4  time 831.525 0 2731.55
Iteration 1395  HV  cores 4469 2926 3  time 831.987 0 2735.05
Iteration 1396  HV  cores 4472 2928 3  time 832.626 0 2738.63
