lb 4193035912954 ub 512409557603043100 before adjustment
lb 0 ub 512405364567130146 after adjustment
costs ready
ub 12929876455869 after 2nd adjustment
45 variables 1035 functions 4193035912954 lb, 12929876455869 ub
Iteration 0  HV  cores 12 12 12  time 72.4304 0 5.90783
Iteration 1  HV  cores 23 23 11  time 122.273 0 12.5372
Iteration 2  HV  cores 33 33 10  time 189.822 0 19.3996
Iteration 3  HV  cores 43 43 10  time 263.625 0 26.2474
Iteration 4  HV  cores 53 53 10  time 354.889 0 33.1961
Iteration 5  HV  cores 62 62 9  time 409.611 0 40.1712
Iteration 6  HV  cores 74 74 12  time 745.621 0 47.0947
Iteration 7  HV  cores 81 81 7  time 797.976 0 54.0242
Iteration 8  HV  cores 91 91 10  time 888.486 0 61.2655
Iteration 9  HV  cores 102 102 11  time 939.497 0 68.7851
Iteration 10  HV  cores 114 114 12  time 1298.64 0 76.5527
Iteration 11  HV  cores 124 123 10  time 1419.59 0 84.3706
Iteration 12  HV  cores 133 132 9  time 1517.53 0 92.1416
Iteration 13  HV  cores 143 142 10  time 1609.33 0 99.9622
Iteration 14  HV  cores 151 150 8  time 1700.32 0 107.618
Iteration 15  HV  cores 159 158 8  time 1787.7 0 115.251
Iteration 16  HV  cores 168 167 9  time 1871.61 0 122.907
Iteration 17  HV  cores 177 176 9  time 1948.21 0 130.693
Iteration 18  HV  cores 187 186 10  time 2067.54 0 138.375
Iteration 19  HV  cores 196 195 9  time 2126.28 0 146.169
Iteration 20  HV  cores 205 204 9  time 2202.44 0 154.029
Iteration 21  HV  cores 213 212 8  time 2247.49 0 162.042
Iteration 22  HV  cores 222 221 9  time 2375.06 0 170.046
Iteration 23  HV  cores 232 231 10  time 2545.83 0 178.062
Iteration 24  HV  cores 241 240 9  time 2616.56 0 186.13
Iteration 25  HV  cores 250 249 9  time 2670.62 0 194.205
Iteration 26  HV  cores 259 258 9  time 2735 0 202.262
Iteration 27  HV  cores 269 268 10  time 2781.84 0 210.404
