lb 13533668743544 ub 512409557603043100 before adjustment
lb 0 ub 512396023934299556 after adjustment
costs ready
ub 12339212645603 after 2nd adjustment
65 variables 2138 functions 13533668743544 lb, 12339212645603 ub
Iteration 0  HV  cores 5 5 5  time 13.2554 0 0
Iteration 1  HV  cores 8 8 3  time 23.9604 0 0
Iteration 2  HV  cores 12 12 4  time 77.9131 0 0
Iteration 3  HV  cores 15 15 3  time 104.621 0 0
Iteration 4  HV  cores 19 19 4  time 124.641 0 0
Iteration 5  HV  cores 23 23 4  time 160.182 0 0
Iteration 6  HV  cores 27 27 4  time 217.623 0 0
Iteration 7  HV  cores 30 30 3  time 312.842 0 0
Iteration 8  HV  cores 34 34 4  time 381.953 0 0
Iteration 9  HV  cores 38 38 4  time 419.772 0 0
Iteration 10  HV  cores 41 41 3  time 447.069 0 0
Iteration 11  HV  cores 43 43 2  time 477.566 0 0
Iteration 12  HV  cores 46 46 3  time 512.569 0 0
Iteration 13  HV  cores 49 49 3  time 574.928 0 0
Iteration 14  HV  cores 52 52 3  time 602.854 0 0
Iteration 15  HV  cores 56 56 4  time 633.3 0 0
Iteration 16  HV  cores 60 59 4  time 648.487 0 0
Iteration 17  HV  cores 64 61 4  time 663.07 0 0
Iteration 18  HV  cores 68 65 4  time 686.807 0 0
Iteration 19  HV  cores 72 69 4  time 720.621 0 0
Iteration 20  HV  cores 76 73 4  time 748.312 0 0
Iteration 21  HV  cores 80 75 4  time 761.761 0 0
Iteration 22  HV  cores 84 79 4  time 805.805 0 0
Iteration 23  HV  cores 88 83 4  time 827.87 0 0
Iteration 24  HV  cores 92 86 4  time 862.079 0 0
Iteration 25  HV  cores 96 89 4  time 920.798 0 0
Iteration 26  HV  cores 98 91 2  time 963.26 0 0
Iteration 27  HV  cores 101 94 3  time 1154.03 0 0
Iteration 28  HV  cores 104 97 3  time 1167.6 0 0
Iteration 29  HV  cores 108 101 4  time 1215.96 0 0
Iteration 30  HV  cores 111 104 3  time 1333.55 0 0
Iteration 31  HV  cores 114 107 3  time 1379.78 0 0
Iteration 32  HV  cores 117 110 3  time 1405.21 0 0
Iteration 33  HV  cores 120 113 3  time 1430.94 0 0
Iteration 34  HV  cores 123 116 3  time 1438.87 0 0
Iteration 35  HV  cores 126 119 3  time 1444.35 0 0
Iteration 36  HV  cores 129 122 3  time 1458.97 0 0
Iteration 37  HV  cores 132 124 3  time 1477.57 0 0
Iteration 38  HV  cores 134 125 2  time 1483.14 0 0
Iteration 39  HV  cores 136 127 2  time 1496.35 0 0
Iteration 40  HV  cores 138 128 2  time 1501.14 0 0
Iteration 41  HV  cores 140 129 2  time 1509.4 0 0
Iteration 42  HV  cores 142 131 2  time 1515 0 0
Iteration 43  HV  cores 144 133 2  time 1543.53 0 0
Iteration 44  HV  cores 147 135 3  time 1553.97 0 0
Iteration 45  HV  cores 149 137 2  time 1562.55 0 0
Iteration 46  HV  cores 151 139 2  time 1596.62 0 0
Iteration 47  HV  cores 153 141 2  time 1612.34 0 0
Iteration 48  HV  cores 156 144 3  time 1631.31 0 0
Iteration 49  HV  cores 159 147 3  time 1654.77 0 0
Iteration 50  HV  cores 162 150 3  time 1665.55 0 0
Iteration 51  HV  cores 165 153 3  time 1676.93 0 0
Iteration 52  HV  cores 168 156 3  time 1682.53 0 0
Iteration 53  HV  cores 171 158 3  time 1688.3 0 0
Iteration 54  HV  cores 173 160 2  time 1696.02 0 0
Iteration 55  HV  cores 175 162 2  time 1699.17 0 0
Iteration 56  HV  cores 177 164 2  time 1704.3 0 0
Iteration 57  HV  cores 179 165 2  time 1709.56 0 0
Iteration 58  HV  cores 181 165 2  time 1714.31 0 0
Iteration 59  HV  cores 183 166 2  time 1742.3 0 0
Iteration 60  HV  cores 185 167 2  time 1865.3 0 0
Iteration 61  HV  cores 187 169 2  time 1890.33 0 0
Iteration 62  HV  cores 189 171 2  time 1902.92 0 0
Iteration 63  HV  cores 191 172 2  time 1913.01 0 0
Iteration 64  HV  cores 193 173 2  time 1920.27 0 0
Iteration 65  HV  cores 196 176 3  time 1959.96 0 0
Iteration 66  HV  cores 199 179 3  time 1972.76 0 0
Iteration 67  HV  cores 202 182 3  time 1981.35 0 0
Iteration 68  HV  cores 205 185 3  time 1988.21 0 0
Iteration 69  HV  cores 208 187 3  time 1994.25 0 0
Iteration 70  HV  cores 211 189 3  time 2015.38 0 0
Iteration 71  HV  cores 214 191 3  time 2024.93 0 0
Iteration 72  HV  cores 217 193 3  time 2030.08 0 0
Iteration 73  HV  cores 220 194 3  time 2037.44 0 0
Iteration 74  HV  cores 223 196 3  time 2052.46 0 0
Iteration 75  HV  cores 226 198 3  time 2065.41 0 0
Iteration 76  HV  cores 229 200 3  time 2079.38 0 0
Iteration 77  HV  cores 232 202 3  time 2094.74 0 0
Iteration 78  HV  cores 235 205 3  time 2109.46 0 0
Iteration 79  HV  cores 238 208 3  time 2155.36 0 0
Iteration 80  HV  cores 240 210 2  time 2178.98 0 0
Iteration 81  HV  cores 242 212 2  time 2199.69 0 0
Iteration 82  HV  cores 244 213 2  time 2209.48 0 0
Iteration 83  HV  cores 246 215 2  time 2222.72 0 0
Iteration 84  HV  cores 248 216 2  time 2240 0 0
Iteration 85  HV  cores 250 218 2  time 2253.76 0 0
Iteration 86  HV  cores 252 219 2  time 2265.5 0 0
Iteration 87  HV  cores 254 220 2  time 2274.97 0 0
Iteration 88  HV  cores 256 221 2  time 2286.28 0 0
Iteration 89  HV  cores 258 223 2  time 2297.65 0 0
Iteration 90  HV  cores 260 224 2  time 2312.58 0 0
Iteration 91  HV  cores 262 224 2  time 2323.99 0 0
Iteration 92  HV  cores 264 225 2  time 2338.01 0 0
Iteration 93  HV  cores 266 226 2  time 2347.35 0 0
Iteration 94  HV  cores 268 228 2  time 2359.72 0 0
Iteration 95  HV  cores 270 229 2  time 2381.52 0 0
Iteration 96  HV  cores 272 230 2  time 2406.82 0 0
Iteration 97  HV  cores 274 232 2  time 2448.88 0 0
Iteration 98  HV  cores 276 234 2  time 2467.49 0 0
Iteration 99  HV  cores 278 235 2  time 2486.77 0 0
Iteration 100  HV  cores 280 237 2  time 2508.02 0 0
Iteration 101  HV  cores 282 239 2  time 2520.1 0 0
Iteration 102  HV  cores 284 241 2  time 2537.51 0 0
Iteration 103  HV  cores 286 243 2  time 2548.31 0 0
Iteration 104  HV  cores 288 245 2  time 2561.99 0 0
Iteration 105  HV  cores 290 247 2  time 2574.78 0 0
Iteration 106  HV  cores 292 249 2  time 2590.49 0 0
Iteration 107  HV  cores 294 251 2  time 2621.35 0 0
Iteration 108  HV  cores 296 252 2  time 2636.48 0 0
Iteration 109  HV  cores 298 253 2  time 2653.42 0 0
Iteration 110  HV  cores 300 254 2  time 2668.34 0 0
Iteration 111  HV  cores 302 255 2  time 2682.71 0 0
Iteration 112  HV  cores 304 255 2  time 2695.06 0 0
Iteration 113  HV  cores 306 256 2  time 2708.77 0 0
Iteration 114  HV  cores 308 258 2  time 2727.77 0 0
Iteration 115  HV  cores 310 259 2  time 2740.09 0 0
Iteration 116  HV  cores 312 261 2  time 2762.97 0 0
Iteration 117  HV  cores 315 263 3  time 2785.38 0 0
Iteration 118  HV  cores 317 265 2  time 2804.5 0 0
Iteration 119  HV  cores 319 266 2  time 2822.48 0 0
Iteration 120  HV  cores 321 268 2  time 2841.28 0 0
Iteration 121  HV  cores 323 269 2  time 2863.5 0 0
Iteration 122  HV  cores 325 270 2  time 2879.02 0 0
Iteration 123  HV  cores 327 272 2  time 2895.96 0 0
Iteration 124  HV  cores 329 272 2  time 2908.95 0 0
Iteration 125  HV  cores 331 273 2  time 2923.59 0 0
Iteration 126  HV  cores 333 275 2  time 2940.3 0 0
Iteration 127  HV  cores 335 277 2  time 2959.88 0 0
Iteration 128  HV  cores 337 278 2  time 2972.41 0 0
Iteration 129  HV  cores 339 279 2  time 3082.88 0 0
