lb 12892682042706 ub 512409557603043100 before adjustment
lb 0 ub 512396664921000394 after adjustment
costs ready
ub 12887057437736 after 2nd adjustment
72 variables 2627 functions 12892682042706 lb, 12887057437736 ub
Iteration 0  HV  cores 6 6 6  time 4.56776 0 0
Iteration 1  HV  cores 10 10 4  time 9.86002 0 0
Iteration 2  HV  cores 16 16 6  time 13.4012 0 0
Iteration 3  HV  cores 21 21 5  time 22.9679 0 0
Iteration 4  HV  cores 26 26 5  time 24.9574 0 0
Iteration 5  HV  cores 32 32 6  time 32.0153 0 0
Iteration 6  HV  cores 38 38 6  time 38.4908 0 0
Iteration 7  HV  cores 45 45 7  time 52.5015 0 0
Iteration 8  HV  cores 52 52 7  time 59.3918 0 0
Iteration 9  HV  cores 59 58 7  time 64.7443 0 0
Iteration 10  HV  cores 65 64 6  time 70.1382 0 0
Iteration 11  HV  cores 71 70 6  time 76.3491 0 0
Iteration 12  HV  cores 77 76 6  time 82.8718 0 0
Iteration 13  HV  cores 83 82 6  time 98.172 0 0
Iteration 14  HV  cores 89 88 6  time 102.427 0 0
Iteration 15  HV  cores 94 92 5  time 106.17 0 0
Iteration 16  HV  cores 99 97 5  time 108.358 0 0
Iteration 17  HV  cores 104 101 5  time 111.904 0 0
Iteration 18  HV  cores 110 107 6  time 117.573 0 0
Iteration 19  HV  cores 116 113 6  time 126.045 0 0
Iteration 20  HV  cores 121 118 5  time 130.824 0 0
Iteration 21  HV  cores 127 124 6  time 139.926 0 0
Iteration 22  HV  cores 133 130 6  time 159.831 0 0
Iteration 23  HV  cores 139 136 6  time 167.205 0 0
Iteration 24  HV  cores 145 142 6  time 176.915 0 0
Iteration 25  HV  cores 150 147 5  time 182.168 0 0
Iteration 26  HV  cores 156 153 6  time 195.571 0 0
Iteration 27  HV  cores 161 158 5  time 199.119 0 0
Iteration 28  HV  cores 168 165 7  time 203.372 0 0
Iteration 29  HV  cores 174 171 6  time 209.491 0 0
Iteration 30  HV  cores 180 177 6  time 228.264 0 0
Iteration 31  HV  cores 184 181 4  time 233.965 0 0
Iteration 32  HV  cores 190 187 6  time 238.136 0 0
Iteration 33  HV  cores 195 192 5  time 242.093 0 0
Iteration 34  HV  cores 200 197 5  time 246.462 0 0
Iteration 35  HV  cores 205 201 5  time 249.28 0 0
Iteration 36  HV  cores 210 206 5  time 251.038 0 0
Iteration 37  HV  cores 215 211 5  time 253.474 0 0
Iteration 38  HV  cores 221 217 6  time 258.744 0 0
Iteration 39  HV  cores 226 222 5  time 263.199 0 0
Iteration 40  HV  cores 231 227 5  time 265.557 0 0
Iteration 41  HV  cores 236 232 5  time 271.554 0 0
Iteration 42  HV  cores 242 238 6  time 277.924 0 0
Iteration 43  HV  cores 247 243 5  time 284.692 0 0
Iteration 44  HV  cores 252 247 5  time 289.287 0 0
Iteration 45  HV  cores 257 251 5  time 292.286 0 0
Iteration 46  HV  cores 262 256 5  time 300.622 0 0
Iteration 47  HV  cores 268 262 6  time 319.396 0 0
Iteration 48  HV  cores 274 268 6  time 323.271 0 0
Iteration 49  HV  cores 279 273 5  time 327.387 0 0
Iteration 50  HV  cores 284 278 5  time 330.708 0 0
Iteration 51  HV  cores 289 283 5  time 333.177 0 0
Iteration 52  HV  cores 295 289 6  time 337.99 0 0
Iteration 53  HV  cores 301 295 6  time 341.891 0 0
Iteration 54  HV  cores 307 301 6  time 347.34 0 0
Iteration 55  HV  cores 313 307 6  time 351.122 0 0
Iteration 56  HV  cores 319 313 6  time 354.651 0 0
Iteration 57  HV  cores 325 318 6  time 359.133 0 0
Iteration 58  HV  cores 331 324 6  time 363.225 0 0
Iteration 59  HV  cores 337 330 6  time 367.099 0 0
Iteration 60  HV  cores 343 334 6  time 375.436 0 0
Iteration 61  HV  cores 349 340 6  time 383.242 0 0
Iteration 62  HV  cores 354 345 5  time 391.13 0 0
Iteration 63  HV  cores 359 350 5  time 397.201 0 0
Iteration 64  HV  cores 364 355 5  time 402.167 0 0
Iteration 65  HV  cores 369 360 5  time 406.794 0 0
Iteration 66  HV  cores 375 366 6  time 412.768 0 0
Iteration 67  HV  cores 381 370 6  time 418.212 0 0
Iteration 68  HV  cores 387 375 6  time 435.431 0 0
Iteration 69  HV  cores 393 381 6  time 439.932 0 0
Iteration 70  HV  cores 398 386 5  time 445.695 0 0
Iteration 71  HV  cores 403 391 5  time 447.57 0 0
Iteration 72  HV  cores 409 395 6  time 451.933 0 0
Iteration 73  HV  cores 415 401 6  time 458.558 0 0
Iteration 74  HV  cores 421 406 6  time 462.527 0 0
Iteration 75  HV  cores 427 412 6  time 469.223 0 0
Iteration 76  HV  cores 432 417 5  time 473.991 0 0
Iteration 77  HV  cores 438 422 6  time 479.906 0 0
Iteration 78  HV  cores 443 426 5  time 482.693 0 0
Iteration 79  HV  cores 448 429 5  time 485.521 0 0
Iteration 80  HV  cores 454 433 6  time 493.855 0 0
Iteration 81  HV  cores 460 438 6  time 502.12 0 0
Iteration 82  HV  cores 466 441 6  time 507.421 0 0
Iteration 83  HV  cores 471 446 5  time 511.945 0 0
Iteration 84  HV  cores 476 451 5  time 517.489 0 0
Iteration 85  HV  cores 481 456 5  time 522.853 0 0
Iteration 86  HV  cores 486 460 5  time 524.301 0 0
Iteration 87  HV  cores 492 466 6  time 529.27 0 0
Iteration 88  HV  cores 497 471 5  time 533.269 0 0
Iteration 89  HV  cores 502 476 5  time 536.663 0 0
Iteration 90  HV  cores 507 481 5  time 539.082 0 0
Iteration 91  HV  cores 512 486 5  time 542.207 0 0
Iteration 92  HV  cores 517 491 5  time 544.554 0 0
Iteration 93  HV  cores 522 496 5  time 547.218 0 0
Iteration 94  HV  cores 527 501 5  time 550.03 0 0
Iteration 95  HV  cores 533 506 6  time 553.97 0 0
Iteration 96  HV  cores 538 510 5  time 556.207 0 0
Iteration 97  HV  cores 543 515 5  time 559.847 0 0
Iteration 98  HV  cores 549 521 6  time 564.598 0 0
Iteration 99  HV  cores 554 526 5  time 568.126 0 0
Iteration 100  HV  cores 559 531 5  time 572.825 0 0
Iteration 101  HV  cores 564 536 5  time 576.207 0 0
Iteration 102  HV  cores 569 541 5  time 597.362 0 0
Iteration 103  HV  cores 574 545 5  time 600.228 0 0
Iteration 104  HV  cores 579 550 5  time 603.149 0 0
Iteration 105  HV  cores 584 555 5  time 606.166 0 0
Iteration 106  HV  cores 589 559 5  time 607.796 0 0
Iteration 107  HV  cores 594 564 5  time 610.184 0 0
Iteration 108  HV  cores 599 569 5  time 614.497 0 0
Iteration 109  HV  cores 605 575 6  time 619.187 0 0
Iteration 110  HV  cores 610 580 5  time 622.116 0 0
Iteration 111  HV  cores 616 586 6  time 626.067 0 0
Iteration 112  HV  cores 621 591 5  time 629.871 0 0
Iteration 113  HV  cores 626 596 5  time 634.702 0 0
Iteration 114  HV  cores 631 601 5  time 637.323 0 0
Iteration 115  HV  cores 637 607 6  time 640.845 0 0
Iteration 116  HV  cores 642 612 5  time 643.158 0 0
Iteration 117  HV  cores 647 616 5  time 645.437 0 0
Iteration 118  HV  cores 652 621 5  time 647.358 0 0
Iteration 119  HV  cores 657 626 5  time 648.925 0 0
Iteration 120  HV  cores 663 632 6  time 651.083 0 0
Iteration 121  HV  cores 669 638 6  time 653.923 0 0
Iteration 122  HV  cores 675 644 6  time 658.569 0 0
Iteration 123  HV  cores 681 650 6  time 662.807 0 0
Iteration 124  HV  cores 686 655 5  time 666.438 0 0
Iteration 125  HV  cores 691 660 5  time 673.05 0 0
Iteration 126  HV  cores 696 665 5  time 676.165 0 0
Iteration 127  HV  cores 701 668 5  time 680.451 0 0
Iteration 128  HV  cores 706 673 5  time 683.734 0 0
Iteration 129  HV  cores 712 679 6  time 686.041 0 0
Iteration 130  HV  cores 717 683 5  time 687.969 0 0
Iteration 131  HV  cores 722 686 5  time 692.306 0 0
Iteration 132  HV  cores 728 691 6  time 695.392 0 0
Iteration 133  HV  cores 733 696 5  time 697.425 0 0
Iteration 134  HV  cores 738 699 5  time 699.504 0 0
Iteration 135  HV  cores 744 705 6  time 702.006 0 0
Iteration 136  HV  cores 750 711 6  time 705.158 0 0
Iteration 137  HV  cores 755 716 5  time 707.654 0 0
Iteration 138  HV  cores 760 721 5  time 710.792 0 0
Iteration 139  HV  cores 765 726 5  time 712.769 0 0
Iteration 140  HV  cores 770 731 5  time 715.171 0 0
Iteration 141  HV  cores 775 735 5  time 716.986 0 0
Iteration 142  HV  cores 780 739 5  time 718.971 0 0
Iteration 143  HV  cores 785 743 5  time 721.923 0 0
Iteration 144  HV  cores 791 749 6  time 727.963 0 0
Iteration 145  HV  cores 797 755 6  time 732.353 0 0
Iteration 146  HV  cores 803 761 6  time 736.841 0 0
Iteration 147  HV  cores 809 767 6  time 739.552 0 0
Iteration 148  HV  cores 814 772 5  time 742.509 0 0
Iteration 149  HV  cores 820 778 6  time 746.358 0 0
Iteration 150  HV  cores 825 783 5  time 752.238 0 0
Iteration 151  HV  cores 830 787 5  time 754.104 0 0
Iteration 152  HV  cores 836 792 6  time 759.223 0 0
Iteration 153  HV  cores 842 797 6  time 775.331 0 0
Iteration 154  HV  cores 847 802 5  time 778.38 0 0
Iteration 155  HV  cores 853 808 6  time 781.756 0 0
Iteration 156  HV  cores 858 813 5  time 783.519 0 0
Iteration 157  HV  cores 863 818 5  time 785.238 0 0
Iteration 158  HV  cores 868 820 5  time 787.019 0 0
Iteration 159  HV  cores 873 823 5  time 788.794 0 0
Iteration 160  HV  cores 878 828 5  time 792.544 0 0
Iteration 161  HV  cores 883 833 5  time 797.496 0 0
Iteration 162  HV  cores 888 838 5  time 801.569 0 0
Iteration 163  HV  cores 893 843 5  time 803.638 0 0
Iteration 164  HV  cores 899 849 6  time 808.171 0 0
Iteration 165  HV  cores 905 854 6  time 813.536 0 0
Iteration 166  HV  cores 911 859 6  time 817.084 0 0
Iteration 167  HV  cores 916 863 5  time 821.881 0 0
Iteration 168  HV  cores 922 869 6  time 827.645 0 0
Iteration 169  HV  cores 928 875 6  time 833.073 0 0
Iteration 170  HV  cores 934 881 6  time 839.57 0 0
Iteration 171  HV  cores 939 886 5  time 845.159 0 0
Iteration 172  HV  cores 945 892 6  time 852.142 0 0
Iteration 173  HV  cores 951 897 6  time 856.206 0 0
Iteration 174  HV  cores 956 902 5  time 859.397 0 0
Iteration 175  HV  cores 962 908 6  time 862.83 0 0
Iteration 176  HV  cores 968 913 6  time 865.977 0 0
Iteration 177  HV  cores 974 917 6  time 870.425 0 0
Iteration 178  HV  cores 980 922 6  time 875.656 0 0
Iteration 179  HV  cores 986 927 6  time 879.847 0 0
Iteration 180  HV  cores 992 932 6  time 883.867 0 0
Iteration 181  HV  cores 998 938 6  time 887.058 0 0
Iteration 182  HV  cores 1003 943 5  time 891.929 0 0
Iteration 183  HV  cores 1008 948 5  time 895.203 0 0
Iteration 184  HV  cores 1014 954 6  time 898.728 0 0
Iteration 185  HV  cores 1019 959 5  time 901.659 0 0
Iteration 186  HV  cores 1024 964 5  time 907.519 0 0
Iteration 187  HV  cores 1030 969 6  time 912.062 0 0
Iteration 188  HV  cores 1034 973 4  time 914.494 0 0
Iteration 189  HV  cores 1038 977 4  time 916.571 0 0
Iteration 190  HV  cores 1043 982 5  time 920.649 0 0
Iteration 191  HV  cores 1048 987 5  time 923.687 0 0
Iteration 192  HV  cores 1053 991 5  time 924.681 0 0
Iteration 193  HV  cores 1058 995 5  time 925.892 0 0
Iteration 194  HV  cores 1063 999 5  time 927.192 0 0
Iteration 195  HV  cores 1068 1004 5  time 929.572 0 0
Iteration 196  HV  cores 1073 1009 5  time 931.042 0 0
Iteration 197  HV  cores 1078 1014 5  time 932.62 0 0
Iteration 198  HV  cores 1082 1018 4  time 935.589 0 0
Iteration 199  HV  cores 1086 1022 4  time 937.963 0 0
Iteration 200  HV  cores 1090 1026 4  time 939.415 0 0
Iteration 201  HV  cores 1094 1030 4  time 941.696 0 0
Iteration 202  HV  cores 1098 1034 4  time 946.413 0 0
Iteration 203  HV  cores 1103 1039 5  time 952.199 0 0
Iteration 204  HV  cores 1107 1043 4  time 961.883 0 0
Iteration 205  HV  cores 1111 1047 4  time 970.466 0 0
Iteration 206  HV  cores 1115 1051 4  time 974.793 0 0
Iteration 207  HV  cores 1119 1055 4  time 993.871 0 0
Iteration 208  HV  cores 1123 1059 4  time 996.549 0 0
Iteration 209  HV  cores 1127 1063 4  time 1000.35 0 0
Iteration 210  HV  cores 1131 1067 4  time 1003.56 0 0
Iteration 211  HV  cores 1136 1072 5  time 1006.79 0 0
Iteration 212  HV  cores 1141 1077 5  time 1010.75 0 0
Iteration 213  HV  cores 1145 1081 4  time 1015.03 0 0
Iteration 214  HV  cores 1150 1085 5  time 1017.76 0 0
Iteration 215  HV  cores 1155 1090 5  time 1020.06 0 0
Iteration 216  HV  cores 1160 1095 5  time 1025.38 0 0
Iteration 217  HV  cores 1165 1100 5  time 1028.21 0 0
Iteration 218  HV  cores 1170 1105 5  time 1030.78 0 0
Iteration 219  HV  cores 1175 1110 5  time 1033.17 0 0
Iteration 220  HV  cores 1179 1114 4  time 1037.69 0 0
Iteration 221  HV  cores 1183 1118 4  time 1040.74 0 0
Iteration 222  HV  cores 1187 1122 4  time 1046.77 0 0
Iteration 223  HV  cores 1191 1126 4  time 1048.52 0 0
Iteration 224  HV  cores 1195 1127 4  time 1050.17 0 0
Iteration 225  HV  cores 1199 1131 4  time 1051.76 0 0
Iteration 226  HV  cores 1203 1135 4  time 1053.42 0 0
Iteration 227  HV  cores 1207 1139 4  time 1054.84 0 0
Iteration 228  HV  cores 1211 1143 4  time 1058.77 0 0
Iteration 229  HV  cores 1215 1147 4  time 1062.7 0 0
Iteration 230  HV  cores 1219 1151 4  time 1065.73 0 0
Iteration 231  HV  cores 1223 1155 4  time 1068.16 0 0
Iteration 232  HV  cores 1227 1158 4  time 1070.67 0 0
Iteration 233  HV  cores 1231 1161 4  time 1073.05 0 0
Iteration 234  HV  cores 1235 1165 4  time 1075.65 0 0
Iteration 235  HV  cores 1238 1167 3  time 1078.5 0 0
Iteration 236  HV  cores 1242 1171 4  time 1084.88 0 0
Iteration 237  HV  cores 1247 1176 5  time 1087.67 0 0
Iteration 238  HV  cores 1251 1180 4  time 1091.86 0 0
Iteration 239  HV  cores 1255 1184 4  time 1096.26 0 0
Iteration 240  HV  cores 1260 1189 5  time 1101.27 0 0
Iteration 241  HV  cores 1265 1194 5  time 1104.32 0 0
Iteration 242  HV  cores 1270 1199 5  time 1108.54 0 0
Iteration 243  HV  cores 1275 1204 5  time 1115.59 0 0
Iteration 244  HV  cores 1280 1209 5  time 1119.03 0 0
Iteration 245  HV  cores 1285 1214 5  time 1123.04 0 0
Iteration 246  HV  cores 1290 1219 5  time 1129.09 0 0
Iteration 247  HV  cores 1295 1224 5  time 1133.39 0 0
Iteration 248  HV  cores 1300 1229 5  time 1139.48 0 0
Iteration 249  HV  cores 1305 1234 5  time 1144.9 0 0
Iteration 250  HV  cores 1310 1239 5  time 1150.86 0 0
Iteration 251  HV  cores 1315 1243 5  time 1154.31 0 0
Iteration 252  HV  cores 1320 1247 5  time 1159.31 0 0
Iteration 253  HV  cores 1325 1251 5  time 1164.79 0 0
Iteration 254  HV  cores 1330 1255 5  time 1171.83 0 0
Iteration 255  HV  cores 1335 1259 5  time 1177.42 0 0
Iteration 256  HV  cores 1340 1263 5  time 1179.56 0 0
Iteration 257  HV  cores 1345 1267 5  time 1182.34 0 0
Iteration 258  HV  cores 1350 1272 5  time 1187.94 0 0
Iteration 259  HV  cores 1354 1276 4  time 1190.3 0 0
Iteration 260  HV  cores 1358 1280 4  time 1194.12 0 0
Iteration 261  HV  cores 1362 1284 4  time 1201.76 0 0
Iteration 262  HV  cores 1366 1288 4  time 1208.48 0 0
Iteration 263  HV  cores 1371 1293 5  time 1212.1 0 0
Iteration 264  HV  cores 1375 1297 4  time 1216.09 0 0
Iteration 265  HV  cores 1379 1301 4  time 1218.67 0 0
Iteration 266  HV  cores 1384 1306 5  time 1225.75 0 0
Iteration 267  HV  cores 1388 1310 4  time 1228.8 0 0
Iteration 268  HV  cores 1392 1314 4  time 1232.87 0 0
Iteration 269  HV  cores 1397 1319 5  time 1235.19 0 0
Iteration 270  HV  cores 1401 1323 4  time 1238.65 0 0
Iteration 271  HV  cores 1405 1327 4  time 1244.83 0 0
Iteration 272  HV  cores 1409 1331 4  time 1246.61 0 0
Iteration 273  HV  cores 1413 1335 4  time 1253.99 0 0
Iteration 274  HV  cores 1417 1339 4  time 1270.26 0 0
Iteration 275  HV  cores 1421 1343 4  time 1272.65 0 0
Iteration 276  HV  cores 1425 1347 4  time 1279.87 0 0
Iteration 277  HV  cores 1429 1351 4  time 1284.76 0 0
Iteration 278  HV  cores 1433 1355 4  time 1292.82 0 0
Iteration 279  HV  cores 1437 1359 4  time 1294.98 0 0
Iteration 280  HV  cores 1441 1363 4  time 1296.72 0 0
Iteration 281  HV  cores 1445 1367 4  time 1301.99 0 0
Iteration 282  HV  cores 1449 1371 4  time 1304.06 0 0
Iteration 283  HV  cores 1453 1375 4  time 1306.04 0 0
Iteration 284  HV  cores 1457 1379 4  time 1308.12 0 0
Iteration 285  HV  cores 1461 1383 4  time 1314.47 0 0
Iteration 286  HV  cores 1465 1387 4  time 1316.37 0 0
Iteration 287  HV  cores 1469 1391 4  time 1317.83 0 0
Iteration 288  HV  cores 1473 1395 4  time 1319.44 0 0
Iteration 289  HV  cores 1477 1399 4  time 1321.41 0 0
Iteration 290  HV  cores 1481 1403 4  time 1323.03 0 0
Iteration 291  HV  cores 1485 1407 4  time 1324.67 0 0
Iteration 292  HV  cores 1489 1411 4  time 1326.25 0 0
Iteration 293  HV  cores 1493 1415 4  time 1328.34 0 0
Iteration 294  HV  cores 1497 1419 4  time 1330.06 0 0
Iteration 295  HV  cores 1501 1423 4  time 1331.61 0 0
Iteration 296  HV  cores 1505 1427 4  time 1333.18 0 0
Iteration 297  HV  cores 1509 1430 4  time 1334.74 0 0
Iteration 298  HV  cores 1513 1434 4  time 1336.34 0 0
Iteration 299  HV  cores 1517 1438 4  time 1337.92 0 0
Iteration 300  HV  cores 1521 1442 4  time 1340.17 0 0
Iteration 301  HV  cores 1525 1446 4  time 1341.73 0 0
Iteration 302  HV  cores 1529 1449 4  time 1343.24 0 0
Iteration 303  HV  cores 1533 1453 4  time 1346.11 0 0
Iteration 304  HV  cores 1537 1457 4  time 1349.14 0 0
Iteration 305  HV  cores 1541 1461 4  time 1351.23 0 0
Iteration 306  HV  cores 1545 1465 4  time 1355.03 0 0
Iteration 307  HV  cores 1549 1469 4  time 1357.46 0 0
Iteration 308  HV  cores 1553 1472 4  time 1359.34 0 0
Iteration 309  HV  cores 1557 1475 4  time 1360.72 0 0
Iteration 310  HV  cores 1561 1479 4  time 1362 0 0
Iteration 311  HV  cores 1565 1483 4  time 1365.78 0 0
Iteration 312  HV  cores 1569 1487 4  time 1368.02 0 0
Iteration 313  HV  cores 1573 1491 4  time 1375.33 0 0
Iteration 314  HV  cores 1577 1495 4  time 1382.17 0 0
Iteration 315  HV  cores 1581 1499 4  time 1385.04 0 0
Iteration 316  HV  cores 1585 1503 4  time 1388.36 0 0
Iteration 317  HV  cores 1589 1507 4  time 1391.35 0 0
Iteration 318  HV  cores 1593 1511 4  time 1394.89 0 0
Iteration 319  HV  cores 1597 1515 4  time 1398.58 0 0
Iteration 320  HV  cores 1601 1519 4  time 1401.39 0 0
Iteration 321  HV  cores 1605 1523 4  time 1402.8 0 0
Iteration 322  HV  cores 1609 1527 4  time 1407 0 0
Iteration 323  HV  cores 1613 1531 4  time 1410.59 0 0
Iteration 324  HV  cores 1617 1535 4  time 1413.81 0 0
Iteration 325  HV  cores 1621 1539 4  time 1415.09 0 0
Iteration 326  HV  cores 1625 1543 4  time 1416.74 0 0
Iteration 327  HV  cores 1629 1547 4  time 1421.05 0 0
Iteration 328  HV  cores 1633 1551 4  time 1424.27 0 0
Iteration 329  HV  cores 1637 1555 4  time 1431.44 0 0
Iteration 330  HV  cores 1641 1559 4  time 1434.91 0 0
Iteration 331  HV  cores 1645 1563 4  time 1440.48 0 0
Iteration 332  HV  cores 1649 1566 4  time 1444.12 0 0
Iteration 333  HV  cores 1653 1570 4  time 1447.05 0 0
Iteration 334  HV  cores 1657 1573 4  time 1449.87 0 0
Iteration 335  HV  cores 1661 1576 4  time 1454.12 0 0
Iteration 336  HV  cores 1665 1580 4  time 1457.77 0 0
Iteration 337  HV  cores 1669 1584 4  time 1461.04 0 0
Iteration 338  HV  cores 1673 1587 4  time 1463.76 0 0
Iteration 339  HV  cores 1677 1591 4  time 1466.45 0 0
Iteration 340  HV  cores 1681 1594 4  time 1469.42 0 0
Iteration 341  HV  cores 1685 1597 4  time 1472.24 0 0
Iteration 342  HV  cores 1690 1602 5  time 1479.99 0 0
Iteration 343  HV  cores 1694 1606 4  time 1485.7 0 0
Iteration 344  HV  cores 1698 1610 4  time 1488.83 0 0
Iteration 345  HV  cores 1702 1614 4  time 1490.64 0 0
Iteration 346  HV  cores 1706 1618 4  time 1493.08 0 0
Iteration 347  HV  cores 1710 1621 4  time 1495.42 0 0
Iteration 348  HV  cores 1714 1625 4  time 1498.21 0 0
Iteration 349  HV  cores 1718 1628 4  time 1501.42 0 0
Iteration 350  HV  cores 1722 1632 4  time 1503.77 0 0
Iteration 351  HV  cores 1726 1636 4  time 1505.69 0 0
Iteration 352  HV  cores 1731 1641 5  time 1511.06 0 0
Iteration 353  HV  cores 1735 1645 4  time 1514.9 0 0
Iteration 354  HV  cores 1740 1650 5  time 1520.98 0 0
Iteration 355  HV  cores 1744 1654 4  time 1523.12 0 0
Iteration 356  HV  cores 1748 1657 4  time 1526.19 0 0
Iteration 357  HV  cores 1752 1660 4  time 1529.91 0 0
Iteration 358  HV  cores 1757 1664 5  time 1536.52 0 0
Iteration 359  HV  cores 1761 1667 4  time 1538.93 0 0
Iteration 360  HV  cores 1767 1673 6  time 1546.08 0 0
Iteration 361  HV  cores 1772 1678 5  time 1550.19 0 0
Iteration 362  HV  cores 1777 1683 5  time 1558.08 0 0
Iteration 363  HV  cores 1783 1689 6  time 1563.82 0 0
Iteration 364  HV  cores 1787 1693 4  time 1568.07 0 0
Iteration 365  HV  cores 1791 1696 4  time 1572.19 0 0
Iteration 366  HV  cores 1795 1700 4  time 1577.19 0 0
Iteration 367  HV  cores 1799 1704 4  time 1581.8 0 0
Iteration 368  HV  cores 1803 1708 4  time 1585.59 0 0
Iteration 369  HV  cores 1807 1712 4  time 1588.61 0 0
Iteration 370  HV  cores 1811 1715 4  time 1591.73 0 0
Iteration 371  HV  cores 1815 1717 4  time 1594.66 0 0
Iteration 372  HV  cores 1819 1721 4  time 1598.65 0 0
Iteration 373  HV  cores 1824 1726 5  time 1601.92 0 0
Iteration 374  HV  cores 1828 1729 4  time 1605.2 0 0
Iteration 375  HV  cores 1833 1734 5  time 1614.93 0 0
Iteration 376  HV  cores 1838 1739 5  time 1622.15 0 0
Iteration 377  HV  cores 1842 1743 4  time 1628.44 0 0
Iteration 378  HV  cores 1847 1747 5  time 1634.2 0 0
Iteration 379  HV  cores 1852 1752 5  time 1641.32 0 0
Iteration 380  HV  cores 1857 1757 5  time 1649 0 0
Iteration 381  HV  cores 1861 1761 4  time 1654.85 0 0
Iteration 382  HV  cores 1865 1765 4  time 1674.33 0 0
Iteration 383  HV  cores 1869 1769 4  time 1678.68 0 0
Iteration 384  HV  cores 1873 1773 4  time 1681.34 0 0
Iteration 385  HV  cores 1878 1778 5  time 1687.53 0 0
Iteration 386  HV  cores 1882 1782 4  time 1693.3 0 0
Iteration 387  HV  cores 1886 1786 4  time 1695.86 0 0
Iteration 388  HV  cores 1891 1790 5  time 1701.09 0 0
Iteration 389  HV  cores 1895 1794 4  time 1705.39 0 0
Iteration 390  HV  cores 1900 1799 5  time 1708.92 0 0
Iteration 391  HV  cores 1905 1804 5  time 1713.35 0 0
Iteration 392  HV  cores 1909 1808 4  time 1716.76 0 0
Iteration 393  HV  cores 1913 1811 4  time 1720.62 0 0
Iteration 394  HV  cores 1918 1815 5  time 1725.33 0 0
Iteration 395  HV  cores 1922 1819 4  time 1728.95 0 0
Iteration 396  HV  cores 1926 1823 4  time 1730.76 0 0
Iteration 397  HV  cores 1930 1826 4  time 1733.05 0 0
Iteration 398  HV  cores 1934 1830 4  time 1734.62 0 0
Iteration 399  HV  cores 1938 1834 4  time 1739.54 0 0
Iteration 400  HV  cores 1943 1838 5  time 1744.15 0 0
Iteration 401  HV  cores 1947 1842 4  time 1746.36 0 0
Iteration 402  HV  cores 1952 1845 5  time 1750.47 0 0
Iteration 403  HV  cores 1956 1848 4  time 1753.72 0 0
Iteration 404  HV  cores 1961 1853 5  time 1758.17 0 0
Iteration 405  HV  cores 1965 1856 4  time 1759.33 0 0
Iteration 406  HV  cores 1969 1859 4  time 1761.21 0 0
Iteration 407  HV  cores 1973 1863 4  time 1765.17 0 0
Iteration 408  HV  cores 1977 1867 4  time 1769.04 0 0
Iteration 409  HV  cores 1981 1870 4  time 1773.01 0 0
Iteration 410  HV  cores 1985 1874 4  time 1775.65 0 0
Iteration 411  HV  cores 1989 1878 4  time 1779.33 0 0
Iteration 412  HV  cores 1993 1882 4  time 1782.02 0 0
Iteration 413  HV  cores 1997 1886 4  time 1785.39 0 0
Iteration 414  HV  cores 2001 1890 4  time 1787.62 0 0
Iteration 415  HV  cores 2005 1893 4  time 1790.01 0 0
Iteration 416  HV  cores 2009 1896 4  time 1794.49 0 0
Iteration 417  HV  cores 2013 1899 4  time 1798.67 0 0
Iteration 418  HV  cores 2017 1901 4  time 1802.03 0 0
Iteration 419  HV  cores 2021 1904 4  time 1806.06 0 0
Iteration 420  HV  cores 2025 1907 4  time 1808.11 0 0
Iteration 421  HV  cores 2030 1910 5  time 1810.85 0 0
Iteration 422  HV  cores 2034 1914 4  time 1812.4 0 0
Iteration 423  HV  cores 2038 1918 4  time 1813.95 0 0
Iteration 424  HV  cores 2042 1921 4  time 1817.18 0 0
Iteration 425  HV  cores 2046 1925 4  time 1821.83 0 0
Iteration 426  HV  cores 2050 1929 4  time 1824.6 0 0
Iteration 427  HV  cores 2054 1932 4  time 1827.12 0 0
Iteration 428  HV  cores 2058 1934 4  time 1830.49 0 0
Iteration 429  HV  cores 2062 1938 4  time 1833.58 0 0
Iteration 430  HV  cores 2066 1942 4  time 1837.55 0 0
Iteration 431  HV  cores 2070 1945 4  time 1841.59 0 0
Iteration 432  HV  cores 2074 1948 4  time 1845.58 0 0
Iteration 433  HV  cores 2078 1952 4  time 1852.11 0 0
Iteration 434  HV  cores 2082 1956 4  time 1857.48 0 0
Iteration 435  HV  cores 2086 1960 4  time 1864.05 0 0
Iteration 436  HV  cores 2090 1964 4  time 1868.43 0 0
Iteration 437  HV  cores 2094 1968 4  time 1874.67 0 0
Iteration 438  HV  cores 2098 1970 4  time 1880.12 0 0
Iteration 439  HV  cores 2102 1973 4  time 1884.53 0 0
Iteration 440  HV  cores 2106 1976 4  time 1889.74 0 0
Iteration 441  HV  cores 2110 1980 4  time 1894.9 0 0
Iteration 442  HV  cores 2115 1985 5  time 1899.65 0 0
Iteration 443  HV  cores 2119 1989 4  time 1905.15 0 0
Iteration 444  HV  cores 2123 1992 4  time 1909.5 0 0
Iteration 445  HV  cores 2127 1996 4  time 1913.63 0 0
Iteration 446  HV  cores 2131 2000 4  time 1915.84 0 0
Iteration 447  HV  cores 2134 2003 3  time 1920.62 0 0
Iteration 448  HV  cores 2137 2006 3  time 1923.86 0 0
Iteration 449  HV  cores 2140 2009 3  time 1926.32 0 0
Iteration 450  HV  cores 2143 2011 3  time 1928.22 0 0
Iteration 451  HV  cores 2146 2014 3  time 1930.5 0 0
Iteration 452  HV  cores 2149 2017 3  time 1934.87 0 0
Iteration 453  HV  cores 2152 2020 3  time 1936.94 0 0
Iteration 454  HV  cores 2155 2023 3  time 1940.34 0 0
Iteration 455  HV  cores 2158 2026 3  time 1943.81 0 0
Iteration 456  HV  cores 2161 2029 3  time 1946.73 0 0
Iteration 457  HV  cores 2164 2032 3  time 1949.48 0 0
Iteration 458  HV  cores 2167 2035 3  time 1952.19 0 0
Iteration 459  HV  cores 2170 2038 3  time 1956.47 0 0
Iteration 460  HV  cores 2174 2042 4  time 1965.46 0 0
Iteration 461  HV  cores 2177 2045 3  time 1967.78 0 0
Iteration 462  HV  cores 2180 2048 3  time 1970.04 0 0
Iteration 463  HV  cores 2183 2050 3  time 1973.2 0 0
Iteration 464  HV  cores 2186 2053 3  time 1976.4 0 0
Iteration 465  HV  cores 2189 2056 3  time 1978.98 0 0
Iteration 466  HV  cores 2192 2059 3  time 1980.76 0 0
Iteration 467  HV  cores 2195 2062 3  time 1982.67 0 0
Iteration 468  HV  cores 2198 2064 3  time 1984.44 0 0
Iteration 469  HV  cores 2201 2065 3  time 1986.02 0 0
Iteration 470  HV  cores 2204 2065 3  time 1987.7 0 0
Iteration 471  HV  cores 2207 2068 3  time 1989.34 0 0
Iteration 472  HV  cores 2210 2070 3  time 1991.09 0 0
Iteration 473  HV  cores 2213 2071 3  time 1993.11 0 0
Iteration 474  HV  cores 2216 2073 3  time 1994.98 0 0
Iteration 475  HV  cores 2219 2075 3  time 1996.88 0 0
Iteration 476  HV  cores 2222 2077 3  time 1998.83 0 0
Iteration 477  HV  cores 2225 2077 3  time 2000.74 0 0
Iteration 478  HV  cores 2228 2079 3  time 2002.52 0 0
Iteration 479  HV  cores 2231 2081 3  time 2004.51 0 0
Iteration 480  HV  cores 2234 2082 3  time 2006.47 0 0
Iteration 481  HV  cores 2238 2085 4  time 2009.91 0 0
Iteration 482  HV  cores 2242 2089 4  time 2013.34 0 0
Iteration 483  HV  cores 2246 2092 4  time 2016.87 0 0
Iteration 484  HV  cores 2250 2095 4  time 2019.73 0 0
Iteration 485  HV  cores 2254 2098 4  time 2022.56 0 0
Iteration 486  HV  cores 2258 2102 4  time 2027 0 0
Iteration 487  HV  cores 2261 2105 3  time 2031.01 0 0
Iteration 488  HV  cores 2265 2109 4  time 2035.13 0 0
Iteration 489  HV  cores 2268 2112 3  time 2038.23 0 0
Iteration 490  HV  cores 2271 2114 3  time 2040.67 0 0
Iteration 491  HV  cores 2274 2117 3  time 2043.21 0 0
Iteration 492  HV  cores 2277 2120 3  time 2045.41 0 0
Iteration 493  HV  cores 2280 2123 3  time 2048.43 0 0
Iteration 494  HV  cores 2283 2126 3  time 2051.93 0 0
Iteration 495  HV  cores 2286 2128 3  time 2055.03 0 0
Iteration 496  HV  cores 2289 2129 3  time 2058.15 0 0
Iteration 497  HV  cores 2292 2131 3  time 2061.06 0 0
Iteration 498  HV  cores 2295 2133 3  time 2064.16 0 0
Iteration 499  HV  cores 2298 2136 3  time 2067.25 0 0
Iteration 500  HV  cores 2301 2139 3  time 2069.66 0 0
Iteration 501  HV  cores 2304 2141 3  time 2071.96 0 0
Iteration 502  HV  cores 2307 2144 3  time 2075.36 0 0
Iteration 503  HV  cores 2310 2147 3  time 2079.07 0 0
Iteration 504  HV  cores 2313 2150 3  time 2082.06 0 0
Iteration 505  HV  cores 2316 2152 3  time 2084.63 0 0
Iteration 506  HV  cores 2319 2153 3  time 2087.3 0 0
Iteration 507  HV  cores 2322 2154 3  time 2089.99 0 0
Iteration 508  HV  cores 2325 2157 3  time 2092.74 0 0
Iteration 509  HV  cores 2328 2160 3  time 2095.62 0 0
Iteration 510  HV  cores 2331 2162 3  time 2098.4 0 0
Iteration 511  HV  cores 2334 2164 3  time 2101.03 0 0
Iteration 512  HV  cores 2337 2167 3  time 2103.86 0 0
Iteration 513  HV  cores 2340 2170 3  time 2111.64 0 0
Iteration 514  HV  cores 2343 2173 3  time 2113.61 0 0
Iteration 515  HV  cores 2346 2176 3  time 2115.76 0 0
Iteration 516  HV  cores 2350 2180 4  time 2120.45 0 0
Iteration 517  HV  cores 2353 2183 3  time 2123.76 0 0
Iteration 518  HV  cores 2356 2186 3  time 2126.4 0 0
Iteration 519  HV  cores 2359 2189 3  time 2129.22 0 0
Iteration 520  HV  cores 2362 2192 3  time 2132.11 0 0
Iteration 521  HV  cores 2365 2193 3  time 2134.92 0 0
Iteration 522  HV  cores 2368 2196 3  time 2138.44 0 0
Iteration 523  HV  cores 2371 2199 3  time 2141.52 0 0
Iteration 524  HV  cores 2374 2202 3  time 2144.24 0 0
Iteration 525  HV  cores 2377 2204 3  time 2147.29 0 0
Iteration 526  HV  cores 2380 2207 3  time 2149.7 0 0
Iteration 527  HV  cores 2383 2209 3  time 2152.46 0 0
Iteration 528  HV  cores 2386 2212 3  time 2155.34 0 0
Iteration 529  HV  cores 2390 2216 4  time 2159.38 0 0
Iteration 530  HV  cores 2393 2218 3  time 2162.51 0 0
Iteration 531  HV  cores 2396 2221 3  time 2165.36 0 0
Iteration 532  HV  cores 2399 2222 3  time 2167.99 0 0
Iteration 533  HV  cores 2402 2223 3  time 2170.63 0 0
Iteration 534  HV  cores 2405 2225 3  time 2173.45 0 0
Iteration 535  HV  cores 2408 2226 3  time 2176.73 0 0
Iteration 536  HV  cores 2411 2229 3  time 2179.1 0 0
Iteration 537  HV  cores 2414 2232 3  time 2181.27 0 0
Iteration 538  HV  cores 2417 2235 3  time 2183.66 0 0
Iteration 539  HV  cores 2420 2238 3  time 2185.71 0 0
Iteration 540  HV  cores 2423 2241 3  time 2190.75 0 0
Iteration 541  HV  cores 2426 2244 3  time 2193.81 0 0
Iteration 542  HV  cores 2429 2247 3  time 2196.91 0 0
Iteration 543  HV  cores 2432 2249 3  time 2202.05 0 0
Iteration 544  HV  cores 2436 2253 4  time 2209.33 0 0
Iteration 545  HV  cores 2439 2256 3  time 2215.74 0 0
Iteration 546  HV  cores 2442 2259 3  time 2220.24 0 0
Iteration 547  HV  cores 2445 2262 3  time 2224.84 0 0
Iteration 548  HV  cores 2448 2265 3  time 2228.59 0 0
Iteration 549  HV  cores 2451 2268 3  time 2232.85 0 0
Iteration 550  HV  cores 2455 2272 4  time 2237.64 0 0
Iteration 551  HV  cores 2458 2274 3  time 2241.78 0 0
Iteration 552  HV  cores 2461 2276 3  time 2245.46 0 0
Iteration 553  HV  cores 2464 2279 3  time 2247.74 0 0
Iteration 554  HV  cores 2467 2281 3  time 2251.53 0 0
Iteration 555  HV  cores 2470 2284 3  time 2255.32 0 0
Iteration 556  HV  cores 2473 2286 3  time 2257.99 0 0
Iteration 557  HV  cores 2476 2288 3  time 2262.02 0 0
Iteration 558  HV  cores 2479 2291 3  time 2281.9 0 0
Iteration 559  HV  cores 2482 2294 3  time 2285.96 0 0
Iteration 560  HV  cores 2485 2297 3  time 2288.85 0 0
Iteration 561  HV  cores 2488 2300 3  time 2292.03 0 0
Iteration 562  HV  cores 2491 2303 3  time 2294.59 0 0
Iteration 563  HV  cores 2494 2306 3  time 2297.39 0 0
Iteration 564  HV  cores 2497 2309 3  time 2303.24 0 0
Iteration 565  HV  cores 2500 2312 3  time 2306.78 0 0
Iteration 566  HV  cores 2503 2315 3  time 2308.42 0 0
Iteration 567  HV  cores 2506 2318 3  time 2311.76 0 0
Iteration 568  HV  cores 2509 2321 3  time 2313.25 0 0
Iteration 569  HV  cores 2512 2324 3  time 2316 0 0
Iteration 570  HV  cores 2515 2327 3  time 2317.9 0 0
Iteration 571  HV  cores 2518 2330 3  time 2319.67 0 0
Iteration 572  HV  cores 2521 2330 3  time 2321.62 0 0
Iteration 573  HV  cores 2524 2333 3  time 2323.93 0 0
Iteration 574  HV  cores 2527 2336 3  time 2325.94 0 0
Iteration 575  HV  cores 2530 2339 3  time 2329.17 0 0
Iteration 576  HV  cores 2533 2342 3  time 2331.25 0 0
Iteration 577  HV  cores 2536 2344 3  time 2333.26 0 0
Iteration 578  HV  cores 2539 2347 3  time 2335.05 0 0
Iteration 579  HV  cores 2542 2349 3  time 2336.76 0 0
Iteration 580  HV  cores 2545 2352 3  time 2339.35 0 0
Iteration 581  HV  cores 2548 2353 3  time 2344.41 0 0
Iteration 582  HV  cores 2551 2356 3  time 2349.99 0 0
Iteration 583  HV  cores 2554 2358 3  time 2352.58 0 0
Iteration 584  HV  cores 2557 2361 3  time 2355.74 0 0
Iteration 585  HV  cores 2560 2364 3  time 2358.41 0 0
Iteration 586  HV  cores 2563 2367 3  time 2361.19 0 0
Iteration 587  HV  cores 2566 2369 3  time 2363.16 0 0
Iteration 588  HV  cores 2569 2371 3  time 2364.94 0 0
Iteration 589  HV  cores 2572 2373 3  time 2366.71 0 0
Iteration 590  HV  cores 2575 2375 3  time 2368.49 0 0
Iteration 591  HV  cores 2578 2378 3  time 2370.41 0 0
Iteration 592  HV  cores 2581 2380 3  time 2372.09 0 0
Iteration 593  HV  cores 2584 2382 3  time 2373.81 0 0
Iteration 594  HV  cores 2587 2384 3  time 2376.5 0 0
Iteration 595  HV  cores 2590 2386 3  time 2380.73 0 0
Iteration 596  HV  cores 2593 2389 3  time 2384.35 0 0
Iteration 597  HV  cores 2596 2392 3  time 2386.11 0 0
Iteration 598  HV  cores 2599 2395 3  time 2388.75 0 0
Iteration 599  HV  cores 2602 2398 3  time 2392.61 0 0
Iteration 600  HV  cores 2605 2401 3  time 2394.19 0 0
Iteration 601  HV  cores 2608 2404 3  time 2397.73 0 0
Iteration 602  HV  cores 2611 2407 3  time 2400.99 0 0
Iteration 603  HV  cores 2613 2409 2  time 2403.83 0 0
Iteration 604  HV  cores 2615 2411 2  time 2406.89 0 0
Iteration 605  HV  cores 2617 2413 2  time 2413.63 0 0
Iteration 606  HV  cores 2619 2415 2  time 2416.25 0 0
Iteration 607  HV  cores 2621 2417 2  time 2418.8 0 0
Iteration 608  HV  cores 2623 2419 2  time 2421.15 0 0
Iteration 609  HV  cores 2625 2421 2  time 2423.7 0 0
Iteration 610  HV  cores 2627 2422 2  time 2426.11 0 0
Iteration 611  HV  cores 2629 2423 2  time 2428.51 0 0
Iteration 612  HV  cores 2631 2424 2  time 2430.91 0 0
Iteration 613  HV  cores 2633 2426 2  time 2435.07 0 0
Iteration 614  HV  cores 2635 2428 2  time 2438.98 0 0
Iteration 615  HV  cores 2637 2430 2  time 2441.26 0 0
Iteration 616  HV  cores 2639 2432 2  time 2445.96 0 0
Iteration 617  HV  cores 2641 2434 2  time 2450.81 0 0
Iteration 618  HV  cores 2643 2436 2  time 2455.45 0 0
Iteration 619  HV  cores 2645 2438 2  time 2457.37 0 0
Iteration 620  HV  cores 2647 2440 2  time 2459.79 0 0
Iteration 621  HV  cores 2649 2441 2  time 2462.1 0 0
Iteration 622  HV  cores 2651 2443 2  time 2464.17 0 0
Iteration 623  HV  cores 2653 2445 2  time 2467.19 0 0
Iteration 624  HV  cores 2655 2445 2  time 2469.3 0 0
Iteration 625  HV  cores 2657 2447 2  time 2472.44 0 0
Iteration 626  HV  cores 2659 2449 2  time 2476.41 0 0
Iteration 627  HV  cores 2661 2451 2  time 2480.75 0 0
Iteration 628  HV  cores 2663 2452 2  time 2484.34 0 0
Iteration 629  HV  cores 2665 2454 2  time 2487.86 0 0
Iteration 630  HV  cores 2667 2456 2  time 2491.06 0 0
Iteration 631  HV  cores 2669 2458 2  time 2493.24 0 0
Iteration 632  HV  cores 2671 2459 2  time 2495.54 0 0
Iteration 633  HV  cores 2673 2461 2  time 2497.96 0 0
Iteration 634  HV  cores 2675 2462 2  time 2499.95 0 0
Iteration 635  HV  cores 2677 2464 2  time 2502.53 0 0
Iteration 636  HV  cores 2679 2466 2  time 2505.13 0 0
Iteration 637  HV  cores 2681 2467 2  time 2507.34 0 0
Iteration 638  HV  cores 2683 2469 2  time 2509.99 0 0
Iteration 639  HV  cores 2685 2470 2  time 2512.28 0 0
Iteration 640  HV  cores 2687 2472 2  time 2514.78 0 0
Iteration 641  HV  cores 2689 2474 2  time 2517.88 0 0
Iteration 642  HV  cores 2691 2473 2  time 2520.57 0 0
Iteration 643  HV  cores 2693 2475 2  time 2523.32 0 0
Iteration 644  HV  cores 2695 2476 2  time 2525.77 0 0
Iteration 645  HV  cores 2697 2478 2  time 2528.29 0 0
Iteration 646  HV  cores 2699 2477 2  time 2531.05 0 0
Iteration 647  HV  cores 2701 2479 2  time 2533.54 0 0
Iteration 648  HV  cores 2703 2480 2  time 2536.25 0 0
Iteration 649  HV  cores 2705 2482 2  time 2539.74 0 0
Iteration 650  HV  cores 2707 2484 2  time 2542.41 0 0
Iteration 651  HV  cores 2709 2484 2  time 2545.23 0 0
Iteration 652  HV  cores 2711 2483 2  time 2548.21 0 0
Iteration 653  HV  cores 2713 2485 2  time 2551.48 0 0
Iteration 654  HV  cores 2715 2487 2  time 2554.62 0 0
Iteration 655  HV  cores 2717 2487 2  time 2557.89 0 0
Iteration 656  HV  cores 2719 2488 2  time 2560.4 0 0
Iteration 657  HV  cores 2721 2490 2  time 2563.68 0 0
Iteration 658  HV  cores 2723 2492 2  time 2567.57 0 0
Iteration 659  HV  cores 2725 2494 2  time 2571.59 0 0
Iteration 660  HV  cores 2727 2496 2  time 2574.44 0 0
Iteration 661  HV  cores 2729 2498 2  time 2576.96 0 0
Iteration 662  HV  cores 2731 2500 2  time 2579.6 0 0
Iteration 663  HV  cores 2733 2502 2  time 2582.7 0 0
Iteration 664  HV  cores 2735 2504 2  time 2585.27 0 0
Iteration 665  HV  cores 2737 2506 2  time 2587.73 0 0
Iteration 666  HV  cores 2739 2507 2  time 2589.75 0 0
Iteration 667  HV  cores 2741 2509 2  time 2592.1 0 0
Iteration 668  HV  cores 2743 2510 2  time 2594.61 0 0
Iteration 669  HV  cores 2745 2512 2  time 2596.88 0 0
Iteration 670  HV  cores 2747 2514 2  time 2598.88 0 0
Iteration 671  HV  cores 2749 2516 2  time 2600.95 0 0
Iteration 672  HV  cores 2751 2517 2  time 2602.89 0 0
Iteration 673  HV  cores 2753 2519 2  time 2604.89 0 0
Iteration 674  HV  cores 2755 2520 2  time 2606.82 0 0
Iteration 675  HV  cores 2757 2521 2  time 2608.91 0 0
Iteration 676  HV  cores 2759 2522 2  time 2611.38 0 0
Iteration 677  HV  cores 2761 2523 2  time 2614.06 0 0
Iteration 678  HV  cores 2763 2523 2  time 2616.12 0 0
Iteration 679  HV  cores 2765 2523 2  time 2618.14 0 0
Iteration 680  HV  cores 2767 2525 2  time 2619.67 0 0
Iteration 681  HV  cores 2769 2527 2  time 2621.89 0 0
Iteration 682  HV  cores 2771 2529 2  time 2623.7 0 0
Iteration 683  HV  cores 2773 2530 2  time 2625.71 0 0
Iteration 684  HV  cores 2775 2532 2  time 2627.56 0 0
Iteration 685  HV  cores 2777 2532 2  time 2629.36 0 0
Iteration 686  HV  cores 2779 2534 2  time 2631.61 0 0
Iteration 687  HV  cores 2781 2536 2  time 2634.34 0 0
Iteration 688  HV  cores 2783 2538 2  time 2636.38 0 0
Iteration 689  HV  cores 2785 2539 2  time 2638.19 0 0
Iteration 690  HV  cores 2787 2541 2  time 2641.89 0 0
Iteration 691  HV  cores 2789 2542 2  time 2645.66 0 0
Iteration 692  HV  cores 2791 2544 2  time 2649.34 0 0
Iteration 693  HV  cores 2793 2546 2  time 2651.83 0 0
Iteration 694  HV  cores 2795 2548 2  time 2654.14 0 0
Iteration 695  HV  cores 2797 2550 2  time 2656.2 0 0
Iteration 696  HV  cores 2799 2552 2  time 2658.14 0 0
Iteration 697  HV  cores 2801 2554 2  time 2660.15 0 0
Iteration 698  HV  cores 2803 2555 2  time 2662.35 0 0
Iteration 699  HV  cores 2805 2557 2  time 2663.25 0 0
Iteration 700  HV  cores 2807 2559 2  time 2664.2 0 0
Iteration 701  HV  cores 2809 2561 2  time 2666.25 0 0
Iteration 702  HV  cores 2811 2563 2  time 2667.5 0 0
Iteration 703  HV  cores 2813 2564 2  time 2669.33 0 0
Iteration 704  HV  cores 2815 2566 2  time 2671.16 0 0
Iteration 705  HV  cores 2817 2568 2  time 2672.96 0 0
Iteration 706  HV  cores 2819 2570 2  time 2673.89 0 0
Iteration 707  HV  cores 2821 2570 2  time 2674.76 0 0
Iteration 708  HV  cores 2823 2570 2  time 2675.85 0 0
Iteration 709  HV  cores 2825 2570 2  time 2676.72 0 0
Iteration 710  HV  cores 2827 2571 2  time 2677.62 0 0
Iteration 711  HV  cores 2829 2572 2  time 2678.49 0 0
Iteration 712  HV  cores 2831 2574 2  time 2680.02 0 0
Iteration 713  HV  cores 2833 2576 2  time 2681.68 0 0
Iteration 714  HV  cores 2835 2577 2  time 2682.62 0 0
Iteration 715  HV  cores 2837 2579 2  time 2683.47 0 0
Iteration 716  HV  cores 2839 2579 2  time 2684.3 0 0
Iteration 717  HV  cores 2841 2580 2  time 2685.14 0 0
Iteration 718  HV  cores 2843 2582 2  time 2686.23 0 0
Iteration 719  HV  cores 2845 2583 2  time 2687.41 0 0
Iteration 720  HV  cores 2847 2585 2  time 2688.39 0 0
Iteration 721  HV  cores 2849 2587 2  time 2689.44 0 0
Iteration 722  HV  cores 2851 2587 2  time 2690.53 0 0
Iteration 723  HV  cores 2853 2588 2  time 2691.46 0 0
Iteration 724  HV  cores 2855 2590 2  time 2692.88 0 0
Iteration 725  HV  cores 2857 2592 2  time 2693.98 0 0
Iteration 726  HV  cores 2859 2593 2  time 2695.06 0 0
Iteration 727  HV  cores 2861 2594 2  time 2696.16 0 0
Iteration 728  HV  cores 2863 2594 2  time 2697.18 0 0
Iteration 729  HV  cores 2865 2596 2  time 2698.26 0 0
Iteration 730  HV  cores 2867 2597 2  time 2699.33 0 0
Iteration 731  HV  cores 2869 2599 2  time 2700.38 0 0
Iteration 732  HV  cores 2871 2600 2  time 2702.15 0 0
Iteration 733  HV  cores 2873 2601 2  time 2703.33 0 0
Iteration 734  HV  cores 2875 2603 2  time 2705.14 0 0
Iteration 735  HV  cores 2877 2605 2  time 2706.56 0 0
Iteration 736  HV  cores 2879 2607 2  time 2711.59 0 0
Iteration 737  HV  cores 2881 2609 2  time 2715.04 0 0
Iteration 738  HV  cores 2883 2611 2  time 2717.1 0 0
Iteration 739  HV  cores 2885 2613 2  time 2719.25 0 0
Iteration 740  HV  cores 2888 2616 3  time 2723.39 0 0
Iteration 741  HV  cores 2891 2619 3  time 2727.82 0 0
Iteration 742  HV  cores 2894 2622 3  time 2732.67 0 0
Iteration 743  HV  cores 2897 2625 3  time 2736.68 0 0
Iteration 744  HV  cores 2900 2628 3  time 2740.56 0 0
Iteration 745  HV  cores 2903 2631 3  time 2742.87 0 0
Iteration 746  HV  cores 2906 2634 3  time 2745.03 0 0
Iteration 747  HV  cores 2909 2637 3  time 2747.04 0 0
Iteration 748  HV  cores 2912 2640 3  time 2748.66 0 0
Iteration 749  HV  cores 2915 2643 3  time 2751.88 0 0
Iteration 750  HV  cores 2918 2646 3  time 2756.1 0 0
Iteration 751  HV  cores 2920 2648 2  time 2759.82 0 0
Iteration 752  HV  cores 2922 2650 2  time 2763.32 0 0
Iteration 753  HV  cores 2924 2652 2  time 2766.36 0 0
Iteration 754  HV  cores 2926 2654 2  time 2769.06 0 0
Iteration 755  HV  cores 2928 2655 2  time 2771.01 0 0
Iteration 756  HV  cores 2930 2657 2  time 2773.54 0 0
Iteration 757  HV  cores 2932 2659 2  time 2776.45 0 0
Iteration 758  HV  cores 2934 2660 2  time 2779.05 0 0
Iteration 759  HV  cores 2936 2662 2  time 2781.35 0 0
Iteration 760  HV  cores 2938 2663 2  time 2783.65 0 0
Iteration 761  HV  cores 2940 2664 2  time 2785.1 0 0
Iteration 762  HV  cores 2942 2664 2  time 2786.32 0 0
Iteration 763  HV  cores 2944 2666 2  time 2787.94 0 0
Iteration 764  HV  cores 2946 2668 2  time 2789.39 0 0
Iteration 765  HV  cores 2948 2669 2  time 2790.39 0 0
Iteration 766  HV  cores 2950 2670 2  time 2791.46 0 0
Iteration 767  HV  cores 2952 2671 2  time 2792.65 0 0
Iteration 768  HV  cores 2954 2673 2  time 2794.28 0 0
Iteration 769  HV  cores 2956 2675 2  time 2796.75 0 0
Iteration 770  HV  cores 2958 2677 2  time 2798.34 0 0
Iteration 771  HV  cores 2960 2679 2  time 2799.51 0 0
Iteration 772  HV  cores 2962 2681 2  time 2800.82 0 0
Iteration 773  HV  cores 2964 2683 2  time 2803.04 0 0
Iteration 774  HV  cores 2966 2685 2  time 2804.87 0 0
Iteration 775  HV  cores 2968 2686 2  time 2806.48 0 0
Iteration 776  HV  cores 2970 2688 2  time 2808.1 0 0
Iteration 777  HV  cores 2972 2690 2  time 2809.92 0 0
Iteration 778  HV  cores 2974 2691 2  time 2811.61 0 0
Iteration 779  HV  cores 2976 2693 2  time 2814.14 0 0
Iteration 780  HV  cores 2978 2695 2  time 2815.81 0 0
Iteration 781  HV  cores 2980 2697 2  time 2817.4 0 0
Iteration 782  HV  cores 2982 2695 2  time 2819.36 0 0
Iteration 783  HV  cores 2984 2697 2  time 2821.62 0 0
Iteration 784  HV  cores 2986 2699 2  time 2823.32 0 0
Iteration 785  HV  cores 2988 2701 2  time 2825.57 0 0
Iteration 786  HV  cores 2990 2703 2  time 2827.7 0 0
Iteration 787  HV  cores 2992 2704 2  time 2828.98 0 0
Iteration 788  HV  cores 2994 2705 2  time 2830.85 0 0
Iteration 789  HV  cores 2996 2707 2  time 2832.51 0 0
Iteration 790  HV  cores 2998 2708 2  time 2833.86 0 0
Iteration 791  HV  cores 3000 2708 2  time 2835.24 0 0
Iteration 792  HV  cores 3002 2710 2  time 2837.42 0 0
Iteration 793  HV  cores 3004 2712 2  time 2839.12 0 0
Iteration 794  HV  cores 3006 2714 2  time 2839.64 0 0
Iteration 795  HV  cores 3008 2716 2  time 2842.16 0 0
Iteration 796  HV  cores 3010 2718 2  time 2849.16 0 0
Iteration 797  HV  cores 3012 2720 2  time 2849.81 0 0
Iteration 798  HV  cores 3014 2722 2  time 2852.04 0 0
Iteration 799  HV  cores 3016 2723 2  time 2853.86 0 0
Iteration 800  HV  cores 3018 2723 2  time 2855.5 0 0
Iteration 801  HV  cores 3020 2723 2  time 2857.07 0 0
Iteration 802  HV  cores 3022 2724 2  time 2859.03 0 0
Iteration 803  HV  cores 3024 2726 2  time 2860.9 0 0
Iteration 804  HV  cores 3026 2726 2  time 2862.58 0 0
Iteration 805  HV  cores 3028 2727 2  time 2864.33 0 0
Iteration 806  HV  cores 3030 2727 2  time 2866.06 0 0
Iteration 807  HV  cores 3032 2727 2  time 2867.84 0 0
Iteration 808  HV  cores 3034 2728 2  time 2869.61 0 0
Iteration 809  HV  cores 3036 2728 2  time 2871.41 0 0
Iteration 810  HV  cores 3038 2728 2  time 2873.21 0 0
Iteration 811  HV  cores 3040 2730 2  time 2875.02 0 0
Iteration 812  HV  cores 3042 2731 2  time 2876.8 0 0
Iteration 813  HV  cores 3044 2732 2  time 2878.69 0 0
Iteration 814  HV  cores 3046 2731 2  time 2880.6 0 0
Iteration 815  HV  cores 3048 2733 2  time 2882.76 0 0
Iteration 816  HV  cores 3050 2735 2  time 2884.84 0 0
Iteration 817  HV  cores 3052 2737 2  time 2886.81 0 0
Iteration 818  HV  cores 3054 2738 2  time 2888.66 0 0
Iteration 819  HV  cores 3056 2739 2  time 2889.58 0 0
Iteration 820  HV  cores 3058 2740 2  time 2890.63 0 0
Iteration 821  HV  cores 3060 2742 2  time 2893.38 0 0
Iteration 822  HV  cores 3062 2743 2  time 2895.05 0 0
Iteration 823  HV  cores 3064 2744 2  time 2896.65 0 0
Iteration 824  HV  cores 3066 2745 2  time 2898.19 0 0
Iteration 825  HV  cores 3068 2747 2  time 2899.83 0 0
Iteration 826  HV  cores 3070 2749 2  time 2903.49 0 0
Iteration 827  HV  cores 3072 2751 2  time 2922.5 0 0
Iteration 828  HV  cores 3074 2753 2  time 2926.08 0 0
Iteration 829  HV  cores 3077 2756 3  time 2928.1 0 0
Iteration 830  HV  cores 3079 2758 2  time 2930.89 0 0
Iteration 831  HV  cores 3081 2760 2  time 2934.22 0 0
Iteration 832  HV  cores 3083 2762 2  time 2936.61 0 0
Iteration 833  HV  cores 3085 2764 2  time 2944.28 0 0
Iteration 834  HV  cores 3087 2766 2  time 2949.74 0 0
Iteration 835  HV  cores 3089 2768 2  time 2954.66 0 0
Iteration 836  HV  cores 3091 2770 2  time 2960.81 0 0
Iteration 837  HV  cores 3093 2772 2  time 2968.64 0 0
Iteration 838  HV  cores 3095 2773 2  time 2972.88 0 0
Iteration 839  HV  cores 3097 2775 2  time 2977.7 0 0
Iteration 840  HV  cores 3099 2777 2  time 2981.31 0 0
Iteration 841  HV  cores 3101 2779 2  time 2984.8 0 0
Iteration 842  HV  cores 3103 2781 2  time 2987.43 0 0
Iteration 843  HV  cores 3105 2783 2  time 2990.34 0 0
Iteration 844  HV  cores 3107 2785 2  time 2993.21 0 0
Iteration 845  HV  cores 3109 2787 2  time 2996.05 0 0
Iteration 846  HV  cores 3111 2789 2  time 3001.38 0 0
Iteration 847  HV  cores 3113 2791 2  time 3003.78 0 0
Iteration 848  HV  cores 3115 2793 2  time 3008.16 0 0
Iteration 849  HV  cores 3117 2795 2  time 3009.46 0 0
Iteration 850  HV  cores 3119 2797 2  time 3010.87 0 0
Iteration 851  HV  cores 3121 2798 2  time 3011.79 0 0
Iteration 852  HV  cores 3123 2800 2  time 3012.97 0 0
Iteration 853  HV  cores 3125 2802 2  time 3013.87 0 0
Iteration 854  HV  cores 3127 2803 2  time 3016.02 0 0
Iteration 855  HV  cores 3129 2805 2  time 3020.12 0 0
Iteration 856  HV  cores 3131 2807 2  time 3023.04 0 0
Iteration 857  HV  cores 3133 2809 2  time 3025.43 0 0
Iteration 858  HV  cores 3135 2811 2  time 3027.88 0 0
Iteration 859  HV  cores 3137 2813 2  time 3030.35 0 0
Iteration 860  HV  cores 3139 2815 2  time 3035.56 0 0
Iteration 861  HV  cores 3141 2817 2  time 3036.6 0 0
Iteration 862  HV  cores 3143 2819 2  time 3037.63 0 0
Iteration 863  HV  cores 3145 2821 2  time 3038.8 0 0
Iteration 864  HV  cores 3147 2822 2  time 3039.93 0 0
Iteration 865  HV  cores 3149 2824 2  time 3041.51 0 0
Iteration 866  HV  cores 3151 2826 2  time 3042.49 0 0
Iteration 867  HV  cores 3153 2828 2  time 3043.84 0 0
Iteration 868  HV  cores 3155 2830 2  time 3046.64 0 0
Iteration 869  HV  cores 3157 2832 2  time 3048.03 0 0
Iteration 870  HV  cores 3159 2834 2  time 3049.28 0 0
Iteration 871  HV  cores 3161 2835 2  time 3050.34 0 0
Iteration 872  HV  cores 3163 2837 2  time 3052.31 0 0
Iteration 873  HV  cores 3165 2839 2  time 3053.47 0 0
Iteration 874  HV  cores 3167 2841 2  time 3057.67 0 0
Iteration 875  HV  cores 3169 2842 2  time 3059.65 0 0
Iteration 876  HV  cores 3171 2844 2  time 3062.67 0 0
Iteration 877  HV  cores 3173 2846 2  time 3065.3 0 0
Iteration 878  HV  cores 3175 2848 2  time 3067.88 0 0
Iteration 879  HV  cores 3177 2850 2  time 3071.5 0 0
Iteration 880  HV  cores 3179 2852 2  time 3074.52 0 0
Iteration 881  HV  cores 3181 2854 2  time 3076.1 0 0
Iteration 882  HV  cores 3183 2856 2  time 3078.04 0 0
Iteration 883  HV  cores 3185 2858 2  time 3079.44 0 0
Iteration 884  HV  cores 3187 2860 2  time 3080.34 0 0
Iteration 885  HV  cores 3189 2862 2  time 3081.22 0 0
Iteration 886  HV  cores 3191 2864 2  time 3082.17 0 0
Iteration 887  HV  cores 3193 2866 2  time 3083.06 0 0
Iteration 888  HV  cores 3195 2868 2  time 3083.96 0 0
Iteration 889  HV  cores 3197 2869 2  time 3084.83 0 0
Iteration 890  HV  cores 3199 2871 2  time 3085.7 0 0
Iteration 891  HV  cores 3201 2873 2  time 3087.08 0 0
Iteration 892  HV  cores 3203 2874 2  time 3089.35 0 0
Iteration 893  HV  cores 3205 2875 2  time 3091.56 0 0
Iteration 894  HV  cores 3207 2876 2  time 3094.1 0 0
Iteration 895  HV  cores 3209 2878 2  time 3095.98 0 0
Iteration 896  HV  cores 3211 2880 2  time 3098.46 0 0
Iteration 897  HV  cores 3213 2882 2  time 3099.87 0 0
Iteration 898  HV  cores 3215 2884 2  time 3101.19 0 0
Iteration 899  HV  cores 3217 2886 2  time 3102.6 0 0
Iteration 900  HV  cores 3219 2888 2  time 3104.01 0 0
Iteration 901  HV  cores 3221 2890 2  time 3107.74 0 0
Iteration 902  HV  cores 3223 2892 2  time 3112.27 0 0
Iteration 903  HV  cores 3225 2894 2  time 3115.73 0 0
Iteration 904  HV  cores 3227 2896 2  time 3117.09 0 0
Iteration 905  HV  cores 3229 2898 2  time 3119.82 0 0
Iteration 906  HV  cores 3231 2900 2  time 3121.74 0 0
Iteration 907  HV  cores 3233 2902 2  time 3125.07 0 0
Iteration 908  HV  cores 3235 2904 2  time 3126.85 0 0
Iteration 909  HV  cores 3237 2906 2  time 3129.83 0 0
Iteration 910  HV  cores 3239 2908 2  time 3133.14 0 0
Iteration 911  HV  cores 3241 2910 2  time 3135.91 0 0
Iteration 912  HV  cores 3243 2912 2  time 3137.93 0 0
Iteration 913  HV  cores 3245 2914 2  time 3139.16 0 0
Iteration 914  HV  cores 3247 2916 2  time 3142.1 0 0
Iteration 915  HV  cores 3249 2918 2  time 3151.22 0 0
Iteration 916  HV  cores 3251 2920 2  time 3155.25 0 0
Iteration 917  HV  cores 3253 2922 2  time 3157.52 0 0
Iteration 918  HV  cores 3255 2924 2  time 3160.28 0 0
Iteration 919  HV  cores 3257 2926 2  time 3162.76 0 0
Iteration 920  HV  cores 3259 2927 2  time 3164.8 0 0
Iteration 921  HV  cores 3261 2929 2  time 3166.39 0 0
Iteration 922  HV  cores 3263 2931 2  time 3169.42 0 0
Iteration 923  HV  cores 3265 2933 2  time 3170.96 0 0
Iteration 924  HV  cores 3267 2935 2  time 3173.77 0 0
Iteration 925  HV  cores 3269 2937 2  time 3177.19 0 0
Iteration 926  HV  cores 3271 2939 2  time 3181.08 0 0
Iteration 927  HV  cores 3273 2939 2  time 3183.6 0 0
Iteration 928  HV  cores 3275 2940 2  time 3185.04 0 0
Iteration 929  HV  cores 3277 2941 2  time 3187.01 0 0
Iteration 930  HV  cores 3279 2943 2  time 3188.47 0 0
Iteration 931  HV  cores 3281 2945 2  time 3191.96 0 0
Iteration 932  HV  cores 3283 2946 2  time 3194.52 0 0
Iteration 933  HV  cores 3285 2948 2  time 3196.79 0 0
Iteration 934  HV  cores 3287 2950 2  time 3199.74 0 0
Iteration 935  HV  cores 3289 2952 2  time 3202.47 0 0
Iteration 936  HV  cores 3291 2953 2  time 3204.94 0 0
Iteration 937  HV  cores 3293 2954 2  time 3207.33 0 0
Iteration 938  HV  cores 3295 2956 2  time 3209.94 0 0
Iteration 939  HV  cores 3297 2957 2  time 3212.5 0 0
Iteration 940  HV  cores 3299 2959 2  time 3215.22 0 0
Iteration 941  HV  cores 3301 2961 2  time 3217.81 0 0
Iteration 942  HV  cores 3303 2963 2  time 3220.28 0 0
Iteration 943  HV  cores 3305 2965 2  time 3222.16 0 0
Iteration 944  HV  cores 3307 2967 2  time 3223.91 0 0
Iteration 945  HV  cores 3309 2968 2  time 3225.8 0 0
Iteration 946  HV  cores 3311 2970 2  time 3228.59 0 0
Iteration 947  HV  cores 3313 2972 2  time 3230.91 0 0
Iteration 948  HV  cores 3315 2974 2  time 3232.51 0 0
Iteration 949  HV  cores 3317 2976 2  time 3235.29 0 0
Iteration 950  HV  cores 3319 2978 2  time 3238.39 0 0
Iteration 951  HV  cores 3321 2980 2  time 3240.92 0 0
Iteration 952  HV  cores 3323 2982 2  time 3243.19 0 0
Iteration 953  HV  cores 3325 2984 2  time 3245.69 0 0
Iteration 954  HV  cores 3326 2985 1  time 3248.4 0 0
Iteration 955  HV  cores 3327 2986 1  time 3250.58 0 0
Iteration 956  HV  cores 3328 2987 1  time 3252.69 0 0
Iteration 957  HV  cores 3329 2988 1  time 3254.99 0 0
Iteration 958  HV  cores 3330 2989 1  time 3257.01 0 0
Iteration 959  HV  cores 3331 2990 1  time 3259.7 0 0
Iteration 960  HV  cores 3332 2991 1  time 3261.84 0 0
Iteration 961  HV  cores 3333 2991 1  time 3263.56 0 0
Iteration 962  HV  cores 3334 2992 1  time 3265.32 0 0
Iteration 963  HV  cores 3335 2993 1  time 3267.01 0 0
Iteration 964  HV  cores 3336 2994 1  time 3268.78 0 0
Iteration 965  HV  cores 3337 2994 1  time 3270.49 0 0
Iteration 966  HV  cores 3338 2995 1  time 3272.23 0 0
Iteration 967  HV  cores 3339 2996 1  time 3273.96 0 0
Iteration 968  HV  cores 3340 2996 1  time 3275.71 0 0
Iteration 969  HV  cores 3341 2997 1  time 3277.54 0 0
Iteration 970  HV  cores 3342 2997 1  time 3279.31 0 0
Iteration 971  HV  cores 3343 2997 1  time 3280.97 0 0
Iteration 972  HV  cores 3344 2998 1  time 3282.5 0 0
Iteration 973  HV  cores 3345 2999 1  time 3284.05 0 0
Iteration 974  HV  cores 3346 3000 1  time 3285.24 0 0
Iteration 975  HV  cores 3347 3001 1  time 3286.41 0 0
Iteration 976  HV  cores 3348 3002 1  time 3287.33 0 0
Iteration 977  HV  cores 3349 3003 1  time 3291.66 0 0
Iteration 978  HV  cores 3350 3004 1  time 3294.36 0 0
Iteration 979  HV  cores 3351 3004 1  time 3296.94 0 0
Iteration 980  HV  cores 3352 3005 1  time 3299.37 0 0
Iteration 981  HV  cores 3353 3005 1  time 3302.16 0 0
Iteration 982  HV  cores 3354 3006 1  time 3305.08 0 0
Iteration 983  HV  cores 3355 3006 1  time 3307.73 0 0
Iteration 984  HV  cores 3356 3006 1  time 3309.81 0 0
Iteration 985  HV  cores 3357 3006 1  time 3312.03 0 0
Iteration 986  HV  cores 3358 3007 1  time 3314.14 0 0
Iteration 987  HV  cores 3359 3006 1  time 3316.49 0 0
Iteration 988  HV  cores 3360 3007 1  time 3320 0 0
Iteration 989  HV  cores 3361 3007 1  time 3322.4 0 0
Iteration 990  HV  cores 3362 3008 1  time 3325.18 0 0
Iteration 991  HV  cores 3363 3009 1  time 3328.12 0 0
Iteration 992  HV  cores 3364 3010 1  time 3330.95 0 0
Iteration 993  HV  cores 3365 3011 1  time 3334.39 0 0
Iteration 994  HV  cores 3366 3012 1  time 3336.86 0 0
Iteration 995  HV  cores 3367 3013 1  time 3340.95 0 0
Iteration 996  HV  cores 3368 3014 1  time 3343.29 0 0
Iteration 997  HV  cores 3369 3015 1  time 3345.46 0 0
Iteration 998  HV  cores 3370 3016 1  time 3348.03 0 0
Iteration 999  HV  cores 3371 3017 1  time 3353.61 0 0
Iteration 1000  HV  cores 3372 3017 1  time 3356.26 0 0
Iteration 1001  HV  cores 3373 3017 1  time 3359.08 0 0
Iteration 1002  HV  cores 3374 3018 1  time 3362.39 0 0
Iteration 1003  HV  cores 3375 3018 1  time 3365.28 0 0
Iteration 1004  HV  cores 3376 3019 1  time 3368.42 0 0
Iteration 1005  HV  cores 3377 3020 1  time 3371.58 0 0
Iteration 1006  HV  cores 3378 3021 1  time 3375.21 0 0
Iteration 1007  HV  cores 3379 3022 1  time 3380.4 0 0
Iteration 1008  HV  cores 3380 3023 1  time 3383.94 0 0
Iteration 1009  HV  cores 3381 3022 1  time 3387.16 0 0
Iteration 1010  HV  cores 3382 3023 1  time 3389.32 0 0
Iteration 1011  HV  cores 3383 3024 1  time 3391.56 0 0
Iteration 1012  HV  cores 3384 3025 1  time 3393.57 0 0
Iteration 1013  HV  cores 3385 3026 1  time 3395.22 0 0
Iteration 1014  HV  cores 3386 3027 1  time 3399.74 0 0
Iteration 1015  HV  cores 3387 3028 1  time 3401.41 0 0
Iteration 1016  HV  cores 3388 3028 1  time 3402.85 0 0
Iteration 1017  HV  cores 3389 3029 1  time 3404.15 0 0
Iteration 1018  HV  cores 3390 3030 1  time 3405.46 0 0
Iteration 1019  HV  cores 3391 3031 1  time 3406.66 0 0
Iteration 1020  HV  cores 3392 3032 1  time 3407.68 0 0
Iteration 1021  HV  cores 3393 3032 1  time 3408.65 0 0
Iteration 1022  HV  cores 3394 3033 1  time 3409.62 0 0
Iteration 1023  HV  cores 3395 3034 1  time 3412.17 0 0
Iteration 1024  HV  cores 3396 3034 1  time 3414.46 0 0
Iteration 1025  HV  cores 3397 3035 1  time 3416.64 0 0
Iteration 1026  HV  cores 3398 3036 1  time 3417.88 0 0
Iteration 1027  HV  cores 3399 3037 1  time 3422 0 0
Iteration 1028  HV  cores 3400 3038 1  time 3425.63 0 0
Iteration 1029  HV  cores 3401 3039 1  time 3428.65 0 0
Iteration 1030  HV  cores 3402 3040 1  time 3431.62 0 0
Iteration 1031  HV  cores 3403 3041 1  time 3435.73 0 0
Iteration 1032  HV  cores 3404 3042 1  time 3438.65 0 0
Iteration 1033  HV  cores 3405 3043 1  time 3442.01 0 0
Iteration 1034  HV  cores 3406 3044 1  time 3445.79 0 0
Iteration 1035  HV  cores 3407 3045 1  time 3446.52 0 0
Iteration 1036  HV  cores 3408 3046 1  time 3447.33 0 0
Iteration 1037  HV  cores 3409 3046 1  time 3448.15 0 0
Iteration 1038  HV  cores 3410 3047 1  time 3448.96 0 0
Iteration 1039  HV  cores 3411 3048 1  time 3449.78 0 0
Iteration 1040  HV  cores 3412 3047 1  time 3450.59 0 0
Iteration 1041  HV  cores 3413 3048 1  time 3454.85 0 0
Iteration 1042  HV  cores 3414 3049 1  time 3458.51 0 0
Iteration 1043  HV  cores 3415 3050 1  time 3459.24 0 0
Iteration 1044  HV  cores 3416 3051 1  time 3459.95 0 0
Iteration 1045  HV  cores 3417 3052 1  time 3460.66 0 0
Iteration 1046  HV  cores 3418 3053 1  time 3461.35 0 0
Iteration 1047  HV  cores 3419 3054 1  time 3462.05 0 0
Iteration 1048  HV  cores 3420 3055 1  time 3462.77 0 0
Iteration 1049  HV  cores 3421 3056 1  time 3463.44 0 0
Iteration 1050  HV  cores 3422 3057 1  time 3464.14 0 0
Iteration 1051  HV  cores 3423 3058 1  time 3464.83 0 0
Iteration 1052  HV  cores 3424 3059 1  time 3465.47 0 0
Iteration 1053  HV  cores 3425 3060 1  time 3466.13 0 0
Iteration 1054  HV  cores 3426 3061 1  time 3466.82 0 0
Iteration 1055  HV  cores 3427 3062 1  time 3467.5 0 0
Iteration 1056  HV  cores 3428 3063 1  time 3468.18 0 0
Iteration 1057  HV  cores 3429 3064 1  time 3468.86 0 0
Iteration 1058  HV  cores 3430 3065 1  time 3469.53 0 0
Iteration 1059  HV  cores 3431 3066 1  time 3470.2 0 0
Iteration 1060  HV  cores 3432 3066 1  time 3470.87 0 0
Iteration 1061  HV  cores 3433 3065 1  time 3471.53 0 0
Iteration 1062  HV  cores 3434 3066 1  time 3472.2 0 0
Iteration 1063  HV  cores 3435 3067 1  time 3472.87 0 0
Iteration 1064  HV  cores 3436 3067 1  time 3473.55 0 0
Iteration 1065  HV  cores 3437 3068 1  time 3474.23 0 0
Iteration 1066  HV  cores 3438 3067 1  time 3474.9 0 0
Iteration 1067  HV  cores 3439 3068 1  time 3475.57 0 0
Iteration 1068  HV  cores 3440 3068 1  time 3476.19 0 0
Iteration 1069  HV  cores 3441 3069 1  time 3476.93 0 0
Iteration 1070  HV  cores 3442 3070 1  time 3477.59 0 0
Iteration 1071  HV  cores 3443 3071 1  time 3478.22 0 0
Iteration 1072  HV  cores 3444 3072 1  time 3478.91 0 0
Iteration 1073  HV  cores 3445 3073 1  time 3479.54 0 0
Iteration 1074  HV  cores 3446 3074 1  time 3488.46 0 0
Iteration 1075  HV  cores 3447 3075 1  time 3494.26 0 0
Iteration 1076  HV  cores 3448 3076 1  time 3500.02 0 0
Iteration 1077  HV  cores 3449 3077 1  time 3505.03 0 0
Iteration 1078  HV  cores 3450 3078 1  time 3508.57 0 0
Iteration 1079  HV  cores 3451 3079 1  time 3513.91 0 0
