lb 2520576639957 ub 512409557603043100 before adjustment
lb 0 ub 512407037026403143 after adjustment
costs ready
ub 3496024724338 after 2nd adjustment
14 variables 105 functions 2520576639957 lb, 3496024724338 ub
Iteration 0  HV  cores 2 2 2  time 74.1848 0 0
Iteration 1  HV  cores 5 5 3  time 116.787 0 0
Iteration 2  HV  cores 8 7 3  time 126.358 0 0
Iteration 3  HV  cores 11 10 3  time 151.108 0 0
Iteration 4  HV  cores 14 13 3  time 156.291 0 0
Iteration 5  HV  cores 16 15 2  time 163.653 0 0
Iteration 6  HV  cores 18 17 2  time 846.256 0 0
Iteration 7  HV  cores 20 18 2  time 850.109 0 0
Iteration 8  HV  cores 22 20 2  time 858.977 0 0
Iteration 9  HV  cores 24 22 2  time 861.805 0 0
Iteration 10  HV  cores 26 23 2  time 864.093 0 0
Iteration 11  HV  cores 28 23 2  time 865.641 0 0
Iteration 12  HV  cores 30 25 2  time 867.586 0 0
Iteration 13  HV  cores 32 25 2  time 869.331 0 0
Iteration 14  HV  cores 34 24 2  time 871.144 0 0
Iteration 15  HV  cores 36 25 2  time 872.283 0 0
Iteration 16  HV  cores 38 25 2  time 874.084 0 0
Iteration 17  HV  cores 40 25 2  time 875.812 0 0
Iteration 18  HV  cores 42 26 2  time 879.243 0 0
Iteration 19  HV  cores 44 26 2  time 882.215 0 0
Iteration 20  HV  cores 46 27 2  time 885.823 0 0
Iteration 21  HV  cores 48 27 2  time 889.292 0 0
Iteration 22  HV  cores 50 27 2  time 892.83 0 0
Iteration 23  HV  cores 52 27 2  time 896.036 0 0
Iteration 24  HV  cores 54 28 2  time 906.1 0 0
Iteration 25  HV  cores 56 29 2  time 909.977 0 0
Iteration 26  HV  cores 58 29 2  time 913.384 0 0
Iteration 27  HV  cores 60 29 2  time 917.511 0 0
Iteration 28  HV  cores 62 29 2  time 921.503 0 0
Iteration 29  HV  cores 64 29 2  time 925.869 0 0
Iteration 30  HV  cores 66 31 2  time 942.235 0 0
Iteration 31  HV  cores 68 32 2  time 948.389 0 0
Iteration 32  HV  cores 70 33 2  time 951.801 0 0
Iteration 33  HV  cores 72 35 2  time 956.594 0 0
Iteration 34  HV  cores 74 37 2  time 958.089 0 0
Iteration 35  HV  cores 76 37 2  time 963.102 0 0
Iteration 36  HV  cores 78 37 2  time 965.69 0 0
Iteration 37  HV  cores 80 37 2  time 970.619 0 0
Iteration 38  HV  cores 82 37 2  time 973.004 0 0
Iteration 39  HV  cores 84 37 2  time 977.602 0 0
Iteration 40  HV  cores 86 37 2  time 982.801 0 0
Iteration 41  HV  cores 88 37 2  time 986.583 0 0
Iteration 42  HV  cores 90 39 2  time 988.276 0 0
Iteration 43  HV  cores 92 40 2  time 989.597 0 0
Iteration 44  HV  cores 94 39 2  time 994.273 0 0
Iteration 45  HV  cores 96 39 2  time 998.249 0 0
Iteration 46  HV  cores 98 38 2  time 1002.8 0 0
Iteration 47  HV  cores 100 39 2  time 1006.78 0 0
Iteration 48  HV  cores 102 39 2  time 1010.79 0 0
Iteration 49  HV  cores 104 39 2  time 1014.84 0 0
Iteration 50  HV  cores 106 40 2  time 1019.01 0 0
Iteration 51  HV  cores 108 42 2  time 1023.37 0 0
Iteration 52  HV  cores 110 40 2  time 1027.54 0 0
Iteration 53  HV  cores 112 41 2  time 1031.25 0 0
Iteration 54  HV  cores 114 42 2  time 1035.56 0 0
Iteration 55  HV  cores 116 42 2  time 1040.13 0 0
Iteration 56  HV  cores 118 43 2  time 1043.95 0 0
Iteration 57  HV  cores 120 44 2  time 1047.86 0 0
Iteration 58  HV  cores 122 44 2  time 1052.46 0 0
Iteration 59  HV  cores 124 44 2  time 1056.32 0 0
Iteration 60  HV  cores 126 45 2  time 1060.4 0 0
Iteration 61  HV  cores 128 45 2  time 1064.22 0 0
Iteration 62  HV  cores 130 46 2  time 1068.34 0 0
Iteration 63  HV  cores 132 48 2  time 1069.84 0 0
Iteration 64  HV  cores 134 50 2  time 1076.5 0 0
Iteration 65  HV  cores 136 51 2  time 1077.25 0 0
Iteration 66  HV  cores 138 53 2  time 1078.79 0 0
Iteration 67  HV  cores 140 53 2  time 1080.61 0 0
Iteration 68  HV  cores 142 54 2  time 1085.03 0 0
Iteration 69  HV  cores 144 55 2  time 1086.27 0 0
Iteration 70  HV  cores 146 55 2  time 1087.57 0 0
Iteration 71  HV  cores 148 56 2  time 1092.88 0 0
Iteration 72  HV  cores 150 58 2  time 1172.33 0 0
Iteration 73  HV  cores 151 59 1  time 1177.24 0 0
Iteration 74  HV  cores 152 60 1  time 1178.42 0 0
Iteration 75  HV  cores 153 61 1  time 1181.38 0 0
Iteration 76  HV  cores 154 62 1  time 1184.38 0 0
Iteration 77  HV  cores 155 62 1  time 1186.53 0 0
Iteration 78  HV  cores 156 62 1  time 1189.35 0 0
Iteration 79  HV  cores 157 62 1  time 1191.22 0 0
Iteration 80  HV  cores 158 62 1  time 1194 0 0
Iteration 81  HV  cores 159 63 1  time 1197.2 0 0
Iteration 82  HV  cores 160 63 1  time 1199.15 0 0
Iteration 83  HV  cores 161 63 1  time 1202.81 0 0
Iteration 84  HV  cores 162 63 1  time 1204.1 0 0
Iteration 85  HV  cores 163 63 1  time 1207.55 0 0
Iteration 86  HV  cores 164 64 1  time 1208.81 0 0
Iteration 87  HV  cores 165 64 1  time 1209.49 0 0
Iteration 88  HV  cores 166 64 1  time 1211.21 0 0
Iteration 89  HV  cores 167 64 1  time 1214.32 0 0
Iteration 90  HV  cores 168 64 1  time 1216.21 0 0
Iteration 91  HV  cores 169 64 1  time 1218.21 0 0
Iteration 92  HV  cores 170 65 1  time 1218.81 0 0
Iteration 93  HV  cores 171 65 1  time 1219.35 0 0
Iteration 94  HV  cores 172 66 1  time 1220.45 0 0
Iteration 95  HV  cores 173 67 1  time 1221.19 0 0
Iteration 96  HV  cores 174 68 1  time 1222.23 0 0
Iteration 97  HV  cores 175 69 1  time 1222.88 0 0
Iteration 98  HV  cores 176 69 1  time 1223.39 0 0
Iteration 99  HV  cores 177 69 1  time 1224.04 0 0
Iteration 100  HV  cores 178 70 1  time 1224.74 0 0
Iteration 101  HV  cores 179 71 1  time 1225.54 0 0
Iteration 102  HV  cores 180 71 1  time 1226.73 0 0
Iteration 103  HV  cores 181 71 1  time 1227.43 0 0
Iteration 104  HV  cores 182 71 1  time 1228.04 0 0
Iteration 105  HV  cores 183 71 1  time 1229.68 0 0
Iteration 106  HV  cores 184 72 1  time 1230.67 0 0
Iteration 107  HV  cores 185 73 1  time 1236.55 0 0
Iteration 108  HV  cores 186 74 1  time 1237.78 0 0
Iteration 109  HV  cores 187 75 1  time 1241.52 0 0
Iteration 110  HV  cores 188 73 1  time 1242.15 0 0
Iteration 111  HV  cores 189 73 1  time 1242.9 0 0
Iteration 112  HV  cores 190 74 1  time 1244.18 0 0
Iteration 113  HV  cores 191 75 1  time 1246.36 0 0
Iteration 114  HV  cores 192 76 1  time 1259.36 0 0
Iteration 115  HV  cores 193 76 1  time 1260.35 0 0
Iteration 116  HV  cores 194 76 1  time 1260.96 0 0
Iteration 117  HV  cores 195 76 1  time 1262.15 0 0
Iteration 118  HV  cores 196 76 1  time 1262.71 0 0
Iteration 119  HV  cores 197 76 1  time 1263.61 0 0
Iteration 120  HV  cores 198 76 1  time 1264.65 0 0
Iteration 121  HV  cores 199 77 1  time 1265.55 0 0
Iteration 122  HV  cores 200 77 1  time 1266.21 0 0
Iteration 123  HV  cores 201 77 1  time 1266.97 0 0
Iteration 124  HV  cores 202 77 1  time 1267.61 0 0
Iteration 125  HV  cores 203 77 1  time 1268.14 0 0
Iteration 126  HV  cores 204 77 1  time 1269.07 0 0
Iteration 127  HV  cores 205 78 1  time 1271.8 0 0
Iteration 128  HV  cores 206 78 1  time 1272.47 0 0
Iteration 129  HV  cores 207 78 1  time 1273.25 0 0
Iteration 130  HV  cores 208 78 1  time 1273.98 0 0
Iteration 131  HV  cores 209 78 1  time 1275.06 0 0
Iteration 132  HV  cores 210 79 1  time 1277.82 0 0
Iteration 133  HV  cores 211 78 1  time 1278.36 0 0
Iteration 134  HV  cores 212 78 1  time 1279.34 0 0
Iteration 135  HV  cores 213 78 1  time 1280.03 0 0
Iteration 136  HV  cores 214 79 1  time 1281.47 0 0
Iteration 137  HV  cores 215 78 1  time 1282.39 0 0
Iteration 138  HV  cores 216 78 1  time 1283.35 0 0
Iteration 139  HV  cores 217 78 1  time 1284.03 0 0
Iteration 140  HV  cores 218 78 1  time 1284.64 0 0
Iteration 141  HV  cores 219 78 1  time 1285.21 0 0
Iteration 142  HV  cores 220 78 1  time 1285.74 0 0
Iteration 143  HV  cores 221 78 1  time 1286.24 0 0
Iteration 144  HV  cores 222 78 1  time 1286.82 0 0
Iteration 145  HV  cores 223 78 1  time 1287.41 0 0
Iteration 146  HV  cores 224 78 1  time 1287.99 0 0
Iteration 147  HV  cores 225 78 1  time 1288.59 0 0
Iteration 148  HV  cores 226 78 1  time 1289.24 0 0
Iteration 149  HV  cores 227 79 1  time 1291.37 0 0
Iteration 150  HV  cores 228 80 1  time 1299.46 0 0
Iteration 151  HV  cores 229 81 1  time 1302.13 0 0
Iteration 152  HV  cores 230 81 1  time 1305.47 0 0
Iteration 153  HV  cores 231 81 1  time 1307.88 0 0
Iteration 154  HV  cores 232 82 1  time 1311.44 0 0
Iteration 155  HV  cores 233 83 1  time 1314.78 0 0
Iteration 156  HV  cores 234 83 1  time 1316.29 0 0
Iteration 157  HV  cores 235 84 1  time 1318.35 0 0
Iteration 158  HV  cores 236 83 1  time 1319.69 0 0
Iteration 159  HV  cores 237 84 1  time 1324.97 0 0
Iteration 160  HV  cores 238 85 1  time 1342.24 0 0
Iteration 161  HV  cores 239 86 1  time 1344.15 0 0
Iteration 162  HV  cores 240 86 1  time 1344.65 0 0
Iteration 163  HV  cores 241 87 1  time 1390.13 0 0
Iteration 164  HV  cores 242 87 1  time 1391.08 0 0
Iteration 165  HV  cores 243 88 1  time 1393.25 0 0
Iteration 166  HV  cores 244 88 1  time 1395.21 0 0
Iteration 167  HV  cores 245 88 1  time 1397.49 0 0
Iteration 168  HV  cores 246 88 1  time 1399.93 0 0
Iteration 169  HV  cores 247 88 1  time 1402.54 0 0
Iteration 170  HV  cores 248 88 1  time 1406.01 0 0
Iteration 171  HV  cores 249 88 1  time 1407.62 0 0
Iteration 172  HV  cores 250 88 1  time 1409.44 0 0
Iteration 173  HV  cores 251 88 1  time 1411.25 0 0
Iteration 174  HV  cores 252 89 1  time 1416.1 0 0
Iteration 175  HV  cores 253 90 1  time 1418.83 0 0
Iteration 176  HV  cores 254 91 1  time 1422.58 0 0
Iteration 177  HV  cores 255 92 1  time 1424.85 0 0
Iteration 178  HV  cores 256 92 1  time 1426.88 0 0
Iteration 179  HV  cores 257 93 1  time 1430.14 0 0
Iteration 180  HV  cores 258 93 1  time 1431.05 0 0
Iteration 181  HV  cores 259 93 1  time 1432.98 0 0
Iteration 182  HV  cores 260 94 1  time 1436.85 0 0
Iteration 183  HV  cores 261 95 1  time 1441.2 0 0
Iteration 184  HV  cores 262 95 1  time 1442.3 0 0
Iteration 185  HV  cores 263 95 1  time 1444.16 0 0
Iteration 186  HV  cores 264 96 1  time 1446.89 0 0
Iteration 187  HV  cores 265 97 1  time 1448.78 0 0
Iteration 188  HV  cores 266 97 1  time 1450.45 0 0
Iteration 189  HV  cores 267 97 1  time 1452.6 0 0
Iteration 190  HV  cores 268 98 1  time 1456.42 0 0
Iteration 191  HV  cores 269 98 1  time 1458.78 0 0
Iteration 192  HV  cores 270 99 1  time 1462.14 0 0
Iteration 193  HV  cores 271 100 1  time 1466.29 0 0
Iteration 194  HV  cores 272 100 1  time 1467.57 0 0
Iteration 195  HV  cores 273 100 1  time 1469.21 0 0
Iteration 196  HV  cores 274 100 1  time 1470.51 0 0
Iteration 197  HV  cores 275 101 1  time 1472.29 0 0
Iteration 198  HV  cores 276 102 1  time 1473.69 0 0
Iteration 199  HV  cores 277 103 1  time 1474.32 0 0
Iteration 200  HV  cores 278 101 1  time 1475.85 0 0
Iteration 201  HV  cores 279 101 1  time 1477.43 0 0
Iteration 202  HV  cores 280 102 1  time 1478.05 0 0
Iteration 203  HV  cores 281 102 1  time 1478.67 0 0
Iteration 204  HV  cores 282 103 1  time 1479.26 0 0
Iteration 205  HV  cores 283 102 1  time 1479.95 0 0
Iteration 206  HV  cores 284 103 1  time 1480.67 0 0
Iteration 207  HV  cores 285 104 1  time 1481.84 0 0
Iteration 208  HV  cores 286 104 1  time 1482.45 0 0
Iteration 209  HV  cores 287 105 1  time 1482.86 0 0
Iteration 210  HV  cores 288 106 1  time 1483.52 0 0
Iteration 211  HV  cores 289 104 1  time 1484.14 0 0
Iteration 212  HV  cores 290 105 1  time 1485.86 0 0
Iteration 213  HV  cores 291 106 1  time 1487.38 0 0
Iteration 214  HV  cores 292 106 1  time 1487.98 0 0
Iteration 215  HV  cores 293 106 1  time 1489.4 0 0
Iteration 216  HV  cores 294 107 1  time 1490.26 0 0
Iteration 217  HV  cores 295 107 1  time 1490.71 0 0
Iteration 218  HV  cores 296 107 1  time 1491.33 0 0
Iteration 219  HV  cores 297 107 1  time 1492.32 0 0
Iteration 220  HV  cores 298 107 1  time 1492.67 0 0
Iteration 221  HV  cores 299 108 1  time 1493.47 0 0
Iteration 222  HV  cores 300 108 1  time 1493.95 0 0
Iteration 223  HV  cores 301 108 1  time 1494.66 0 0
Iteration 224  HV  cores 302 106 1  time 1495.76 0 0
Iteration 225  HV  cores 303 106 1  time 1496.19 0 0
Iteration 226  HV  cores 304 106 1  time 1496.85 0 0
Iteration 227  HV  cores 305 107 1  time 1497.64 0 0
Iteration 228  HV  cores 306 107 1  time 1498.22 0 0
Iteration 229  HV  cores 307 107 1  time 1498.52 0 0
Iteration 230  HV  cores 308 107 1  time 1498.87 0 0
Iteration 231  HV  cores 309 107 1  time 1499.39 0 0
Iteration 232  HV  cores 310 107 1  time 1499.81 0 0
Iteration 233  HV  cores 311 107 1  time 1500.31 0 0
Iteration 234  HV  cores 312 106 1  time 1501.14 0 0
Iteration 235  HV  cores 313 106 1  time 1501.54 0 0
Iteration 236  HV  cores 314 106 1  time 1501.93 0 0
Iteration 237  HV  cores 315 107 1  time 1502.63 0 0
Iteration 238  HV  cores 316 107 1  time 1503.29 0 0
Iteration 239  HV  cores 317 107 1  time 1503.86 0 0
Iteration 240  HV  cores 318 107 1  time 1504.39 0 0
Iteration 241  HV  cores 319 108 1  time 1504.72 0 0
Iteration 242  HV  cores 320 107 1  time 1505.27 0 0
Iteration 243  HV  cores 321 107 1  time 1505.81 0 0
Iteration 244  HV  cores 322 107 1  time 1506.59 0 0
Iteration 245  HV  cores 323 107 1  time 1507.01 0 0
Iteration 246  HV  cores 324 107 1  time 1507.68 0 0
Iteration 247  HV  cores 325 107 1  time 1508.32 0 0
Iteration 248  HV  cores 326 108 1  time 1509.23 0 0
Iteration 249  HV  cores 327 108 1  time 1509.62 0 0
Iteration 250  HV  cores 328 108 1  time 1509.98 0 0
Iteration 251  HV  cores 329 108 1  time 1510.34 0 0
Iteration 252  HV  cores 330 109 1  time 1510.98 0 0
Iteration 253  HV  cores 331 109 1  time 1511.36 0 0
Iteration 254  HV  cores 332 110 1  time 1513.27 0 0
Iteration 255  HV  cores 333 110 1  time 1513.65 0 0
Iteration 256  HV  cores 334 111 1  time 1515.78 0 0
Iteration 257  HV  cores 335 111 1  time 1516.81 0 0
Iteration 258  HV  cores 336 111 1  time 1517.88 0 0
Iteration 259  HV  cores 337 112 1  time 1519.96 0 0
Iteration 260  HV  cores 338 112 1  time 1520.57 0 0
Iteration 261  HV  cores 339 112 1  time 1521.69 0 0
Iteration 262  HV  cores 340 112 1  time 1522.15 0 0
Iteration 263  HV  cores 341 112 1  time 1522.58 0 0
Iteration 264  HV  cores 342 113 1  time 1525.51 0 0
Iteration 265  HV  cores 343 113 1  time 1526.23 0 0
Iteration 266  HV  cores 344 114 1  time 1528.38 0 0
Iteration 267  HV  cores 345 114 1  time 1530.2 0 0
Iteration 268  HV  cores 346 114 1  time 1531.78 0 0
Iteration 269  HV  cores 347 113 1  time 1532.14 0 0
Iteration 270  HV  cores 348 113 1  time 1532.29 0 0
Iteration 271  HV  cores 349 113 1  time 1534.55 0 0
Iteration 272  HV  cores 350 113 1  time 1535.98 0 0
Iteration 273  HV  cores 351 113 1  time 1536.36 0 0
Iteration 274  HV  cores 352 113 1  time 1537.51 0 0
Iteration 275  HV  cores 353 114 1  time 1538.51 0 0
Iteration 276  HV  cores 354 115 1  time 1540.89 0 0
Iteration 277  HV  cores 355 115 1  time 1541.11 0 0
Iteration 278  HV  cores 356 115 1  time 1541.97 0 0
Iteration 279  HV  cores 357 116 1  time 1543.07 0 0
Iteration 280  HV  cores 358 116 1  time 1543.76 0 0
Iteration 281  HV  cores 359 116 1  time 1546.3 0 0
Iteration 282  HV  cores 360 117 1  time 1555.11 0 0
Iteration 283  HV  cores 361 118 1  time 1561.05 0 0
Iteration 284  HV  cores 362 118 1  time 1561.78 0 0
Iteration 285  HV  cores 363 118 1  time 1562.22 0 0
Iteration 286  HV  cores 364 118 1  time 1562.84 0 0
Iteration 287  HV  cores 365 118 1  time 1563.85 0 0
Iteration 288  HV  cores 366 119 1  time 1564.57 0 0
Iteration 289  HV  cores 367 119 1  time 1565.11 0 0
Iteration 290  HV  cores 368 119 1  time 1566.1 0 0
Iteration 291  HV  cores 369 119 1  time 1566.75 0 0
Iteration 292  HV  cores 370 119 1  time 1567.27 0 0
Iteration 293  HV  cores 371 120 1  time 1568.01 0 0
Iteration 294  HV  cores 372 120 1  time 1570.76 0 0
Iteration 295  HV  cores 373 119 1  time 1573.79 0 0
Iteration 296  HV  cores 374 120 1  time 1574.39 0 0
Iteration 297  HV  cores 375 120 1  time 1574.98 0 0
Iteration 298  HV  cores 376 120 1  time 1575.54 0 0
Iteration 299  HV  cores 377 120 1  time 1576.23 0 0
Iteration 300  HV  cores 378 120 1  time 1576.97 0 0
Iteration 301  HV  cores 379 120 1  time 1577.58 0 0
Iteration 302  HV  cores 380 120 1  time 1578.49 0 0
Iteration 303  HV  cores 381 121 1  time 1579.16 0 0
Iteration 304  HV  cores 382 120 1  time 1579.84 0 0
Iteration 305  HV  cores 383 121 1  time 1581.24 0 0
Iteration 306  HV  cores 384 122 1  time 1582.81 0 0
Iteration 307  HV  cores 385 122 1  time 1584.86 0 0
Iteration 308  HV  cores 386 122 1  time 1585.5 0 0
Iteration 309  HV  cores 387 123 1  time 1586.74 0 0
Iteration 310  HV  cores 388 123 1  time 1588.02 0 0
Iteration 311  HV  cores 389 122 1  time 1588.87 0 0
Iteration 312  HV  cores 390 123 1  time 1590.31 0 0
Iteration 313  HV  cores 391 124 1  time 1591.6 0 0
Iteration 314  HV  cores 392 124 1  time 1592.21 0 0
Iteration 315  HV  cores 393 123 1  time 1593.39 0 0
Iteration 316  HV  cores 394 123 1  time 1594.47 0 0
Iteration 317  HV  cores 395 124 1  time 1595.93 0 0
Iteration 318  HV  cores 396 125 1  time 1600.19 0 0
Iteration 319  HV  cores 397 125 1  time 1601.34 0 0
Iteration 320  HV  cores 398 124 1  time 1602.03 0 0
Iteration 321  HV  cores 399 125 1  time 1603.05 0 0
Iteration 322  HV  cores 400 125 1  time 1604.37 0 0
Iteration 323  HV  cores 401 125 1  time 1605.37 0 0
Iteration 324  HV  cores 402 126 1  time 1606.27 0 0
Iteration 325  HV  cores 403 127 1  time 1607.18 0 0
Iteration 326  HV  cores 404 127 1  time 1608.14 0 0
Iteration 327  HV  cores 405 127 1  time 1609.27 0 0
Iteration 328  HV  cores 406 128 1  time 1610.34 0 0
Iteration 329  HV  cores 407 129 1  time 1611.51 0 0
Iteration 330  HV  cores 408 130 1  time 1612.48 0 0
Iteration 331  HV  cores 409 131 1  time 1613.57 0 0
Iteration 332  HV  cores 410 131 1  time 1614.3 0 0
Iteration 333  HV  cores 411 131 1  time 1615.7 0 0
Iteration 334  HV  cores 412 132 1  time 1617.09 0 0
Iteration 335  HV  cores 413 132 1  time 1617.95 0 0
Iteration 336  HV  cores 414 133 1  time 1619.06 0 0
Iteration 337  HV  cores 415 134 1  time 1620.3 0 0
Iteration 338  HV  cores 416 133 1  time 1621.37 0 0
Iteration 339  HV  cores 417 133 1  time 1621.81 0 0
Iteration 340  HV  cores 418 133 1  time 1622.9 0 0
Iteration 341  HV  cores 419 133 1  time 1623.5 0 0
Iteration 342  HV  cores 420 134 1  time 1624.61 0 0
Iteration 343  HV  cores 421 132 1  time 1626.51 0 0
Iteration 344  HV  cores 422 133 1  time 1627.25 0 0
Iteration 345  HV  cores 423 133 1  time 1628.15 0 0
Iteration 346  HV  cores 424 134 1  time 1629.33 0 0
Iteration 347  HV  cores 425 135 1  time 1630.03 0 0
Iteration 348  HV  cores 426 135 1  time 1630.84 0 0
Iteration 349  HV  cores 427 135 1  time 1631.55 0 0
Iteration 350  HV  cores 428 135 1  time 1632.53 0 0
Iteration 351  HV  cores 429 134 1  time 1633.56 0 0
Iteration 352  HV  cores 430 135 1  time 1635.51 0 0
Iteration 353  HV  cores 431 135 1  time 1636.1 0 0
Iteration 354  HV  cores 432 135 1  time 1636.87 0 0
Iteration 355  HV  cores 433 136 1  time 1638.05 0 0
Iteration 356  HV  cores 434 136 1  time 1638.83 0 0
Iteration 357  HV  cores 435 137 1  time 1639.91 0 0
Iteration 358  HV  cores 436 137 1  time 1640.58 0 0
Iteration 359  HV  cores 437 137 1  time 1641.21 0 0
Iteration 360  HV  cores 438 138 1  time 1665.06 0 0
Iteration 361  HV  cores 439 139 1  time 1670.36 0 0
Iteration 362  HV  cores 440 140 1  time 1672.54 0 0
Iteration 363  HV  cores 441 140 1  time 1673.87 0 0
Iteration 364  HV  cores 442 140 1  time 1675.06 0 0
Iteration 365  HV  cores 443 141 1  time 1676.96 0 0
Iteration 366  HV  cores 444 141 1  time 1677.88 0 0
Iteration 367  HV  cores 445 141 1  time 1678.8 0 0
Iteration 368  HV  cores 446 142 1  time 1681.76 0 0
Iteration 369  HV  cores 447 142 1  time 1683.23 0 0
Iteration 370  HV  cores 448 142 1  time 1685.2 0 0
Iteration 371  HV  cores 449 142 1  time 1686.26 0 0
Iteration 372  HV  cores 450 142 1  time 1687.38 0 0
Iteration 373  HV  cores 451 143 1  time 1693.55 0 0
Iteration 374  HV  cores 452 143 1  time 1698.74 0 0
Iteration 375  HV  cores 453 144 1  time 1699.85 0 0
Iteration 376  HV  cores 454 144 1  time 1700.86 0 0
Iteration 377  HV  cores 455 145 1  time 1703.08 0 0
Iteration 378  HV  cores 456 145 1  time 1705 0 0
Iteration 379  HV  cores 457 145 1  time 1707.66 0 0
Iteration 380  HV  cores 458 146 1  time 1708.63 0 0
Iteration 381  HV  cores 459 146 1  time 1709.51 0 0
Iteration 382  HV  cores 460 146 1  time 1710.88 0 0
Iteration 383  HV  cores 461 146 1  time 1712.55 0 0
Iteration 384  HV  cores 462 147 1  time 1714.07 0 0
Iteration 385  HV  cores 463 148 1  time 1715.54 0 0
Iteration 386  HV  cores 464 148 1  time 1716.5 0 0
Iteration 387  HV  cores 465 148 1  time 1717.63 0 0
Iteration 388  HV  cores 466 149 1  time 1720.14 0 0
Iteration 389  HV  cores 467 149 1  time 1720.91 0 0
Iteration 390  HV  cores 468 149 1  time 1722.08 0 0
Iteration 391  HV  cores 469 149 1  time 1723.21 0 0
Iteration 392  HV  cores 470 149 1  time 1724.27 0 0
Iteration 393  HV  cores 471 149 1  time 1725.32 0 0
Iteration 394  HV  cores 472 149 1  time 1726.32 0 0
Iteration 395  HV  cores 473 149 1  time 1728.29 0 0
Iteration 396  HV  cores 474 150 1  time 1729.78 0 0
Iteration 397  HV  cores 475 150 1  time 1730.5 0 0
Iteration 398  HV  cores 476 150 1  time 1731.14 0 0
Iteration 399  HV  cores 477 149 1  time 1732.84 0 0
Iteration 400  HV  cores 478 150 1  time 1733.6 0 0
Iteration 401  HV  cores 479 151 1  time 1736.8 0 0
Iteration 402  HV  cores 480 151 1  time 1738.82 0 0
Iteration 403  HV  cores 481 152 1  time 1741.33 0 0
Iteration 404  HV  cores 482 153 1  time 1930.65 0 0
Iteration 405  HV  cores 483 154 1  time 2021.18 0 0
Iteration 406  HV  cores 484 154 1  time 2029.82 0 0
Iteration 407  HV  cores 485 154 1  time 2031.22 0 0
Iteration 408  HV  cores 486 155 1  time 2039.33 0 0
Iteration 409  HV  cores 487 156 1  time 2044.68 0 0
Iteration 410  HV  cores 488 155 1  time 2049.3 0 0
Iteration 411  HV  cores 489 155 1  time 2052.87 0 0
Iteration 412  HV  cores 490 156 1  time 2057.94 0 0
Iteration 413  HV  cores 491 154 1  time 2060.87 0 0
Iteration 414  HV  cores 492 154 1  time 2062.58 0 0
Iteration 415  HV  cores 493 155 1  time 2068.68 0 0
Iteration 416  HV  cores 494 155 1  time 2071.73 0 0
Iteration 417  HV  cores 495 156 1  time 2077.93 0 0
Iteration 418  HV  cores 496 156 1  time 2080.02 0 0
Iteration 419  HV  cores 497 157 1  time 2086.79 0 0
Iteration 420  HV  cores 498 157 1  time 2092.6 0 0
Iteration 421  HV  cores 499 157 1  time 2095.22 0 0
Iteration 422  HV  cores 500 157 1  time 2099.5 0 0
Iteration 423  HV  cores 501 157 1  time 2102.26 0 0
Iteration 424  HV  cores 502 157 1  time 2105.01 0 0
Iteration 425  HV  cores 503 156 1  time 2107.61 0 0
Iteration 426  HV  cores 504 156 1  time 2111.11 0 0
Iteration 427  HV  cores 505 157 1  time 2118.32 0 0
Iteration 428  HV  cores 506 157 1  time 2123.83 0 0
Iteration 429  HV  cores 507 156 1  time 2127.09 0 0
Iteration 430  HV  cores 508 157 1  time 2130.68 0 0
Iteration 431  HV  cores 509 157 1  time 2136.7 0 0
Iteration 432  HV  cores 510 157 1  time 2139.7 0 0
Iteration 433  HV  cores 511 157 1  time 2146.63 0 0
Iteration 434  HV  cores 512 157 1  time 2150.87 0 0
Iteration 435  HV  cores 513 157 1  time 2159.35 0 0
Iteration 436  HV  cores 514 157 1  time 2162.37 0 0
Iteration 437  HV  cores 515 157 1  time 2163.98 0 0
Iteration 438  HV  cores 516 157 1  time 2168.07 0 0
Iteration 439  HV  cores 517 157 1  time 2174.23 0 0
Iteration 440  HV  cores 518 157 1  time 2177.71 0 0
Iteration 441  HV  cores 519 157 1  time 2181.92 0 0
Iteration 442  HV  cores 520 157 1  time 2183.98 0 0
Iteration 443  HV  cores 521 157 1  time 2186.06 0 0
Iteration 444  HV  cores 522 157 1  time 2188.14 0 0
Iteration 445  HV  cores 523 157 1  time 2191.24 0 0
Iteration 446  HV  cores 524 157 1  time 2197.49 0 0
Iteration 447  HV  cores 525 157 1  time 2200.22 0 0
Iteration 448  HV  cores 526 157 1  time 2204.48 0 0
Iteration 449  HV  cores 527 157 1  time 2206.09 0 0
Iteration 450  HV  cores 528 157 1  time 2208.44 0 0
Iteration 451  HV  cores 529 157 1  time 2210.69 0 0
Iteration 452  HV  cores 530 157 1  time 2221.13 0 0
Iteration 453  HV  cores 531 157 1  time 2222.94 0 0
Iteration 454  HV  cores 532 157 1  time 2230.94 0 0
Iteration 455  HV  cores 533 157 1  time 2232.6 0 0
Iteration 456  HV  cores 534 157 1  time 2233.79 0 0
Iteration 457  HV  cores 535 157 1  time 2241.72 0 0
Iteration 458  HV  cores 536 157 1  time 2244.63 0 0
Iteration 459  HV  cores 537 157 1  time 2253.69 0 0
Iteration 460  HV  cores 538 157 1  time 2258.67 0 0
Iteration 461  HV  cores 539 158 1  time 2263.69 0 0
Iteration 462  HV  cores 540 158 1  time 2267.39 0 0
Iteration 463  HV  cores 541 157 1  time 2273.64 0 0
Iteration 464  HV  cores 542 158 1  time 2280.06 0 0
Iteration 465  HV  cores 543 158 1  time 2284.33 0 0
Iteration 466  HV  cores 544 158 1  time 2286.04 0 0
Iteration 467  HV  cores 545 158 1  time 2287.94 0 0
Iteration 468  HV  cores 546 158 1  time 2289.74 0 0
Iteration 469  HV  cores 547 158 1  time 2292.93 0 0
Iteration 470  HV  cores 548 158 1  time 2294.88 0 0
Iteration 471  HV  cores 549 158 1  time 2299.08 0 0
Iteration 472  HV  cores 550 158 1  time 2300.91 0 0
Iteration 473  HV  cores 551 158 1  time 2306.31 0 0
Iteration 474  HV  cores 552 158 1  time 2312.49 0 0
Iteration 475  HV  cores 553 158 1  time 2314.4 0 0
Iteration 476  HV  cores 554 157 1  time 2318.07 0 0
Iteration 477  HV  cores 555 157 1  time 2321 0 0
Iteration 478  HV  cores 556 157 1  time 2323.83 0 0
Iteration 479  HV  cores 557 157 1  time 2325.96 0 0
Iteration 480  HV  cores 558 157 1  time 2328.11 0 0
Iteration 481  HV  cores 559 157 1  time 2332.06 0 0
Iteration 482  HV  cores 560 157 1  time 2333.89 0 0
Iteration 483  HV  cores 561 157 1  time 2337.42 0 0
Iteration 484  HV  cores 562 157 1  time 2344.94 0 0
Iteration 485  HV  cores 563 157 1  time 2347.75 0 0
Iteration 486  HV  cores 564 158 1  time 2374.68 0 0
Iteration 487  HV  cores 565 158 1  time 2381.27 0 0
Iteration 488  HV  cores 566 158 1  time 2386.88 0 0
Iteration 489  HV  cores 567 158 1  time 2389.6 0 0
Iteration 490  HV  cores 568 158 1  time 2393.12 0 0
Iteration 491  HV  cores 569 158 1  time 2395.05 0 0
Iteration 492  HV  cores 570 158 1  time 2401.16 0 0
Iteration 493  HV  cores 571 159 1  time 2412.43 0 0
Iteration 494  HV  cores 572 159 1  time 2414.02 0 0
Iteration 495  HV  cores 573 159 1  time 2416.11 0 0
Iteration 496  HV  cores 574 159 1  time 2417.54 0 0
Iteration 497  HV  cores 575 159 1  time 2421.33 0 0
Iteration 498  HV  cores 576 159 1  time 2422.53 0 0
Iteration 499  HV  cores 577 159 1  time 2423.62 0 0
Iteration 500  HV  cores 578 159 1  time 2425.34 0 0
Iteration 501  HV  cores 579 159 1  time 2426.28 0 0
Iteration 502  HV  cores 580 159 1  time 2427.88 0 0
Iteration 503  HV  cores 581 159 1  time 2430.33 0 0
Iteration 504  HV  cores 582 159 1  time 2431.9 0 0
Iteration 505  HV  cores 583 160 1  time 2438.41 0 0
Iteration 506  HV  cores 584 160 1  time 2441.78 0 0
Iteration 507  HV  cores 585 160 1  time 2444.05 0 0
Iteration 508  HV  cores 586 160 1  time 2446.9 0 0
Iteration 509  HV  cores 587 161 1  time 2453.6 0 0
Iteration 510  HV  cores 588 162 1  time 2456.32 0 0
Iteration 511  HV  cores 589 163 1  time 2458.81 0 0
Iteration 512  HV  cores 590 163 1  time 2460.94 0 0
Iteration 513  HV  cores 591 163 1  time 2463.49 0 0
Iteration 514  HV  cores 592 163 1  time 2466.39 0 0
Iteration 515  HV  cores 593 163 1  time 2469.29 0 0
Iteration 516  HV  cores 594 163 1  time 2471.38 0 0
Iteration 517  HV  cores 595 164 1  time 2478.93 0 0
Iteration 518  HV  cores 596 164 1  time 2481.35 0 0
Iteration 519  HV  cores 597 164 1  time 2483.51 0 0
Iteration 520  HV  cores 598 164 1  time 2485.94 0 0
Iteration 521  HV  cores 599 165 1  time 2495.09 0 0
Iteration 522  HV  cores 600 165 1  time 2498.19 0 0
Iteration 523  HV  cores 601 165 1  time 2499.68 0 0
Iteration 524  HV  cores 602 165 1  time 2502.95 0 0
Iteration 525  HV  cores 603 165 1  time 2505.63 0 0
Iteration 526  HV  cores 604 166 1  time 2508.47 0 0
Iteration 527  HV  cores 605 165 1  time 2513.04 0 0
Iteration 528  HV  cores 606 165 1  time 2516.47 0 0
Iteration 529  HV  cores 607 165 1  time 2518.34 0 0
Iteration 530  HV  cores 608 165 1  time 2520.1 0 0
Iteration 531  HV  cores 609 165 1  time 2522.97 0 0
Iteration 532  HV  cores 610 164 1  time 2526.05 0 0
Iteration 533  HV  cores 611 164 1  time 2528.01 0 0
Iteration 534  HV  cores 612 164 1  time 2530.43 0 0
Iteration 535  HV  cores 613 164 1  time 2533.3 0 0
Iteration 536  HV  cores 614 164 1  time 2534.79 0 0
Iteration 537  HV  cores 615 164 1  time 2536.68 0 0
Iteration 538  HV  cores 616 164 1  time 2539.3 0 0
Iteration 539  HV  cores 617 164 1  time 2541.31 0 0
Iteration 540  HV  cores 618 164 1  time 2543.65 0 0
Iteration 541  HV  cores 619 164 1  time 2545.87 0 0
Iteration 542  HV  cores 620 164 1  time 2547.1 0 0
Iteration 543  HV  cores 621 164 1  time 2548.68 0 0
Iteration 544  HV  cores 622 165 1  time 2563.36 0 0
Iteration 545  HV  cores 623 165 1  time 2566.92 0 0
Iteration 546  HV  cores 624 165 1  time 2570.47 0 0
Iteration 547  HV  cores 625 165 1  time 2572.5 0 0
Iteration 548  HV  cores 626 165 1  time 2575.14 0 0
Iteration 549  HV  cores 627 165 1  time 2577.47 0 0
Iteration 550  HV  cores 628 166 1  time 2579.34 0 0
Iteration 551  HV  cores 629 167 1  time 2586.22 0 0
Iteration 552  HV  cores 630 167 1  time 2587.97 0 0
Iteration 553  HV  cores 631 167 1  time 2589.21 0 0
Iteration 554  HV  cores 632 168 1  time 2597.57 0 0
Iteration 555  HV  cores 633 168 1  time 2601.8 0 0
Iteration 556  HV  cores 634 168 1  time 2603.33 0 0
Iteration 557  HV  cores 635 168 1  time 2608.25 0 0
Iteration 558  HV  cores 636 168 1  time 2616.33 0 0
Iteration 559  HV  cores 637 169 1  time 2619.18 0 0
Iteration 560  HV  cores 638 170 1  time 2621.53 0 0
Iteration 561  HV  cores 639 170 1  time 2624.32 0 0
Iteration 562  HV  cores 640 170 1  time 2627.05 0 0
Iteration 563  HV  cores 641 169 1  time 2632.52 0 0
Iteration 564  HV  cores 642 169 1  time 2642.24 0 0
Iteration 565  HV  cores 643 169 1  time 2646.62 0 0
Iteration 566  HV  cores 644 170 1  time 2654.21 0 0
Iteration 567  HV  cores 645 171 1  time 2658.81 0 0
Iteration 568  HV  cores 646 172 1  time 2660.3 0 0
Iteration 569  HV  cores 647 172 1  time 2663.98 0 0
Iteration 570  HV  cores 648 172 1  time 2666.27 0 0
Iteration 571  HV  cores 649 170 1  time 2672.1 0 0
Iteration 572  HV  cores 650 170 1  time 2673.78 0 0
Iteration 573  HV  cores 651 171 1  time 2675.46 0 0
Iteration 574  HV  cores 652 172 1  time 2677.14 0 0
Iteration 575  HV  cores 653 172 1  time 2679.61 0 0
Iteration 576  HV  cores 654 173 1  time 2683.24 0 0
Iteration 577  HV  cores 655 173 1  time 2687.06 0 0
Iteration 578  HV  cores 656 173 1  time 2690.24 0 0
Iteration 579  HV  cores 657 174 1  time 2701.38 0 0
Iteration 580  HV  cores 658 174 1  time 2704.26 0 0
Iteration 581  HV  cores 659 175 1  time 2714.82 0 0
Iteration 582  HV  cores 660 176 1  time 2716.7 0 0
Iteration 583  HV  cores 661 177 1  time 2723.55 0 0
Iteration 584  HV  cores 662 178 1  time 2732.14 0 0
Iteration 585  HV  cores 663 179 1  time 2735.89 0 0
Iteration 586  HV  cores 664 180 1  time 2740.95 0 0
Iteration 587  HV  cores 665 179 1  time 2745.1 0 0
Iteration 588  HV  cores 666 179 1  time 2747.12 0 0
Iteration 589  HV  cores 667 180 1  time 2753.14 0 0
Iteration 590  HV  cores 668 180 1  time 2756.32 0 0
Iteration 591  HV  cores 669 181 1  time 2760.18 0 0
Iteration 592  HV  cores 670 180 1  time 2766.06 0 0
Iteration 593  HV  cores 671 181 1  time 2769.8 0 0
Iteration 594  HV  cores 672 181 1  time 2773.23 0 0
Iteration 595  HV  cores 673 181 1  time 2781.56 0 0
Iteration 596  HV  cores 674 180 1  time 2783.38 0 0
Iteration 597  HV  cores 675 181 1  time 2789.78 0 0
Iteration 598  HV  cores 676 182 1  time 2791.78 0 0
Iteration 599  HV  cores 677 183 1  time 2794.15 0 0
Iteration 600  HV  cores 678 183 1  time 2797.76 0 0
Iteration 601  HV  cores 679 184 1  time 2798.95 0 0
Iteration 602  HV  cores 680 185 1  time 2800.52 0 0
Iteration 603  HV  cores 681 186 1  time 2824.69 0 0
Iteration 604  HV  cores 682 187 1  time 2831.82 0 0
Iteration 605  HV  cores 683 188 1  time 2859.21 0 0
Iteration 606  HV  cores 684 188 1  time 2864.55 0 0
Iteration 607  HV  cores 685 188 1  time 2866.04 0 0
Iteration 608  HV  cores 686 189 1  time 2870.58 0 0
Iteration 609  HV  cores 687 187 1  time 2876.45 0 0
Iteration 610  HV  cores 688 187 1  time 2880.77 0 0
Iteration 611  HV  cores 689 187 1  time 2886.6 0 0
Iteration 612  HV  cores 690 187 1  time 2892.11 0 0
Iteration 613  HV  cores 691 187 1  time 2896.68 0 0
Iteration 614  HV  cores 692 187 1  time 2902.89 0 0
Iteration 615  HV  cores 693 187 1  time 2905.62 0 0
Iteration 616  HV  cores 694 187 1  time 2908.94 0 0
Iteration 617  HV  cores 695 187 1  time 2914.02 0 0
Iteration 618  HV  cores 696 187 1  time 2920.04 0 0
Iteration 619  HV  cores 697 187 1  time 2921.94 0 0
Iteration 620  HV  cores 698 186 1  time 2925.8 0 0
Iteration 621  HV  cores 699 187 1  time 2930.22 0 0
Iteration 622  HV  cores 700 187 1  time 2935.75 0 0
Iteration 623  HV  cores 701 187 1  time 2941.09 0 0
Iteration 624  HV  cores 702 187 1  time 2946.33 0 0
Iteration 625  HV  cores 703 188 1  time 2950.66 0 0
Iteration 626  HV  cores 704 187 1  time 2955.92 0 0
Iteration 627  HV  cores 705 187 1  time 2961.01 0 0
Iteration 628  HV  cores 706 187 1  time 2966.34 0 0
Iteration 629  HV  cores 707 188 1  time 2970.62 0 0
Iteration 630  HV  cores 708 187 1  time 2975.7 0 0
Iteration 631  HV  cores 709 187 1  time 2981.98 0 0
Iteration 632  HV  cores 710 188 1  time 2987.21 0 0
Iteration 633  HV  cores 711 187 1  time 2992.43 0 0
Iteration 634  HV  cores 712 187 1  time 2997.64 0 0
Iteration 635  HV  cores 713 187 1  time 3001.89 0 0
Iteration 636  HV  cores 714 187 1  time 3006.96 0 0
Iteration 637  HV  cores 715 188 1  time 3012.29 0 0
Iteration 638  HV  cores 716 188 1  time 3016.01 0 0
Iteration 639  HV  cores 717 188 1  time 3021.12 0 0
Iteration 640  HV  cores 718 189 1  time 3026.34 0 0
Iteration 641  HV  cores 719 189 1  time 3030.86 0 0
Iteration 642  HV  cores 720 189 1  time 3035.85 0 0
Iteration 643  HV  cores 721 189 1  time 3040.83 0 0
Iteration 644  HV  cores 722 189 1  time 3045.91 0 0
Iteration 645  HV  cores 723 189 1  time 3050.97 0 0
Iteration 646  HV  cores 724 189 1  time 3055.32 0 0
Iteration 647  HV  cores 725 189 1  time 3060.17 0 0
Iteration 648  HV  cores 726 189 1  time 3065.45 0 0
Iteration 649  HV  cores 727 189 1  time 3070.48 0 0
Iteration 650  HV  cores 728 189 1  time 3075.61 0 0
Iteration 651  HV  cores 729 189 1  time 3080.69 0 0
Iteration 652  HV  cores 730 188 1  time 3085.71 0 0
Iteration 653  HV  cores 731 189 1  time 3091.93 0 0
Iteration 654  HV  cores 732 189 1  time 3097.05 0 0
Iteration 655  HV  cores 733 189 1  time 3102.9 0 0
Iteration 656  HV  cores 734 189 1  time 3108.22 0 0
Iteration 657  HV  cores 735 189 1  time 3113.91 0 0
Iteration 658  HV  cores 736 189 1  time 3119.31 0 0
Iteration 659  HV  cores 737 189 1  time 3125.6 0 0
Iteration 660  HV  cores 738 189 1  time 3130.71 0 0
Iteration 661  HV  cores 739 189 1  time 3136.21 0 0
Iteration 662  HV  cores 740 189 1  time 3142 0 0
Iteration 663  HV  cores 741 189 1  time 3149.31 0 0
Iteration 664  HV  cores 742 190 1  time 3154.85 0 0
Iteration 665  HV  cores 743 188 1  time 3159.96 0 0
Iteration 666  HV  cores 744 189 1  time 3164.69 0 0
Iteration 667  HV  cores 745 190 1  time 3174.57 0 0
Iteration 668  HV  cores 746 190 1  time 3176.49 0 0
Iteration 669  HV  cores 747 189 1  time 3181.27 0 0
Iteration 670  HV  cores 748 190 1  time 3185.14 0 0
Iteration 671  HV  cores 749 191 1  time 3191.31 0 0
Iteration 672  HV  cores 750 192 1  time 3198.04 0 0
Iteration 673  HV  cores 751 191 1  time 3209.92 0 0
Iteration 674  HV  cores 752 191 1  time 3212.12 0 0
Iteration 675  HV  cores 753 191 1  time 3215.39 0 0
Iteration 676  HV  cores 754 192 1  time 3218.22 0 0
Iteration 677  HV  cores 755 193 1  time 3219.82 0 0
Iteration 678  HV  cores 756 194 1  time 3220.85 0 0
Iteration 679  HV  cores 757 195 1  time 3222.34 0 0
Iteration 680  HV  cores 758 196 1  time 3224.08 0 0
Iteration 681  HV  cores 759 197 1  time 3225.75 0 0
Iteration 682  HV  cores 760 196 1  time 3227.19 0 0
Iteration 683  HV  cores 761 197 1  time 3228.65 0 0
Iteration 684  HV  cores 762 197 1  time 3230.06 0 0
Iteration 685  HV  cores 763 197 1  time 3231.38 0 0
Iteration 686  HV  cores 764 197 1  time 3233.27 0 0
Iteration 687  HV  cores 765 198 1  time 3235.38 0 0
Iteration 688  HV  cores 766 199 1  time 3237.32 0 0
Iteration 689  HV  cores 767 200 1  time 3239.33 0 0
Iteration 690  HV  cores 768 201 1  time 3241.06 0 0
Iteration 691  HV  cores 769 202 1  time 3241.52 0 0
Iteration 692  HV  cores 770 203 1  time 3243.12 0 0
Iteration 693  HV  cores 771 203 1  time 3244.61 0 0
Iteration 694  HV  cores 772 204 1  time 3246.88 0 0
Iteration 695  HV  cores 773 204 1  time 3248.47 0 0
Iteration 696  HV  cores 774 205 1  time 3250.4 0 0
Iteration 697  HV  cores 775 206 1  time 3252.03 0 0
Iteration 698  HV  cores 776 207 1  time 3253.98 0 0
Iteration 699  HV  cores 777 207 1  time 3255.42 0 0
Iteration 700  HV  cores 778 207 1  time 3257.53 0 0
Iteration 701  HV  cores 779 207 1  time 3259.45 0 0
Iteration 702  HV  cores 780 208 1  time 3264.68 0 0
Iteration 703  HV  cores 781 207 1  time 3266.74 0 0
Iteration 704  HV  cores 782 207 1  time 3267.81 0 0
Iteration 705  HV  cores 783 208 1  time 3269.89 0 0
Iteration 706  HV  cores 784 209 1  time 3272.81 0 0
Iteration 707  HV  cores 785 210 1  time 3275.25 0 0
Iteration 708  HV  cores 786 211 1  time 3286.36 0 0
Iteration 709  HV  cores 787 211 1  time 3288.04 0 0
Iteration 710  HV  cores 788 212 1  time 3298.05 0 0
Iteration 711  HV  cores 789 212 1  time 3300.55 0 0
Iteration 712  HV  cores 790 212 1  time 3303.08 0 0
Iteration 713  HV  cores 791 212 1  time 3314.41 0 0
Iteration 714  HV  cores 792 213 1  time 3321.56 0 0
Iteration 715  HV  cores 793 214 1  time 3329.03 0 0
Iteration 716  HV  cores 794 214 1  time 3336.96 0 0
Iteration 717  HV  cores 795 214 1  time 3338.14 0 0
Iteration 718  HV  cores 796 214 1  time 3342.13 0 0
Iteration 719  HV  cores 797 215 1  time 3359.11 0 0
Iteration 720  HV  cores 798 216 1  time 3366.74 0 0
Iteration 721  HV  cores 799 217 1  time 3369.04 0 0
Iteration 722  HV  cores 800 218 1  time 3370.8 0 0
Iteration 723  HV  cores 801 219 1  time 3372.63 0 0
Iteration 724  HV  cores 802 220 1  time 3374.47 0 0
Iteration 725  HV  cores 803 221 1  time 3377.17 0 0
Iteration 726  HV  cores 804 222 1  time 3380.33 0 0
Iteration 727  HV  cores 805 223 1  time 3380.91 0 0
Iteration 728  HV  cores 806 224 1  time 3382.57 0 0
Iteration 729  HV  cores 807 225 1  time 3383.59 0 0
Iteration 730  HV  cores 808 225 1  time 3384.82 0 0
Iteration 731  HV  cores 809 226 1  time 3386.32 0 0
Iteration 732  HV  cores 810 226 1  time 3387.33 0 0
Iteration 733  HV  cores 811 226 1  time 3388.22 0 0
Iteration 734  HV  cores 812 227 1  time 3389.81 0 0
Iteration 735  HV  cores 813 227 1  time 3391.23 0 0
Iteration 736  HV  cores 814 227 1  time 3393.25 0 0
Iteration 737  HV  cores 815 228 1  time 3394.36 0 0
Iteration 738  HV  cores 816 228 1  time 3395.19 0 0
Iteration 739  HV  cores 817 228 1  time 3396.1 0 0
Iteration 740  HV  cores 818 228 1  time 3397.48 0 0
Iteration 741  HV  cores 819 229 1  time 3399.16 0 0
Iteration 742  HV  cores 820 229 1  time 3400.85 0 0
Iteration 743  HV  cores 821 230 1  time 3406.2 0 0
Iteration 744  HV  cores 822 230 1  time 3407.18 0 0
Iteration 745  HV  cores 823 230 1  time 3408.37 0 0
Iteration 746  HV  cores 824 231 1  time 3411.9 0 0
Iteration 747  HV  cores 825 232 1  time 3413.37 0 0
Iteration 748  HV  cores 826 233 1  time 3415.83 0 0
Iteration 749  HV  cores 827 233 1  time 3417.24 0 0
Iteration 750  HV  cores 828 233 1  time 3418.45 0 0
Iteration 751  HV  cores 829 233 1  time 3419.4 0 0
Iteration 752  HV  cores 830 233 1  time 3419.91 0 0
Iteration 753  HV  cores 831 234 1  time 3423.43 0 0
Iteration 754  HV  cores 832 234 1  time 3424.31 0 0
Iteration 755  HV  cores 833 234 1  time 3426.86 0 0
Iteration 756  HV  cores 834 235 1  time 3427.89 0 0
Iteration 757  HV  cores 835 235 1  time 3429.01 0 0
Iteration 758  HV  cores 836 235 1  time 3430.32 0 0
Iteration 759  HV  cores 837 235 1  time 3431.98 0 0
Iteration 760  HV  cores 838 236 1  time 3434.75 0 0
Iteration 761  HV  cores 839 236 1  time 3437.01 0 0
Iteration 762  HV  cores 840 237 1  time 3439.28 0 0
Iteration 763  HV  cores 841 237 1  time 3441.54 0 0
Iteration 764  HV  cores 842 238 1  time 3443.8 0 0
Iteration 765  HV  cores 843 237 1  time 3445.8 0 0
Iteration 766  HV  cores 844 238 1  time 3447.44 0 0
Iteration 767  HV  cores 845 238 1  time 3449.45 0 0
Iteration 768  HV  cores 846 239 1  time 3451.4 0 0
Iteration 769  HV  cores 847 240 1  time 3452.72 0 0
Iteration 770  HV  cores 848 240 1  time 3454.03 0 0
Iteration 771  HV  cores 849 239 1  time 3455.4 0 0
Iteration 772  HV  cores 850 240 1  time 3456.54 0 0
Iteration 773  HV  cores 851 240 1  time 3457.67 0 0
Iteration 774  HV  cores 852 240 1  time 3458.97 0 0
Iteration 775  HV  cores 853 240 1  time 3460.19 0 0
Iteration 776  HV  cores 854 240 1  time 3461.32 0 0
Iteration 777  HV  cores 855 240 1  time 3462.5 0 0
Iteration 778  HV  cores 856 241 1  time 3462.57 0 0
Iteration 779  HV  cores 857 241 1  time 3462.63 0 0
Iteration 780  HV  cores 858 241 1  time 3462.69 0 0
Iteration 781  HV  cores 859 241 1  time 3462.75 0 0
Iteration 782  HV  cores 860 241 1  time 3462.81 0 0
Iteration 783  HV  cores 861 241 1  time 3462.87 0 0
Iteration 784  HV  cores 862 241 1  time 3462.94 0 0
Iteration 785  HV  cores 863 241 1  time 3463 0 0
Iteration 786  HV  cores 864 242 1  time 3463.06 0 0
Iteration 787  HV  cores 865 242 1  time 3463.12 0 0
Iteration 788  HV  cores 866 243 1  time 3463.19 0 0
Iteration 789  HV  cores 867 243 1  time 3463.25 0 0
Iteration 790  HV  cores 868 242 1  time 3463.32 0 0
Iteration 791  HV  cores 869 242 1  time 3463.38 0 0
Iteration 792  HV  cores 870 242 1  time 3463.45 0 0
Iteration 793  HV  cores 871 242 1  time 3463.51 0 0
Iteration 794  HV  cores 872 242 1  time 3463.57 0 0
Iteration 795  HV  cores 873 243 1  time 3463.64 0 0
Iteration 796  HV  cores 874 243 1  time 3463.7 0 0
Iteration 797  HV  cores 875 243 1  time 3463.76 0 0
Iteration 798  HV  cores 876 243 1  time 3463.82 0 0
Iteration 799  HV  cores 877 243 1  time 3463.88 0 0
Iteration 800  HV  cores 878 243 1  time 3463.94 0 0
Iteration 801  HV  cores 879 244 1  time 3464.03 0 0
Iteration 802  HV  cores 880 244 1  time 3464.11 0 0
Iteration 803  HV  cores 881 244 1  time 3464.19 0 0
Iteration 804  HV  cores 882 244 1  time 3464.27 0 0
Iteration 805  HV  cores 883 244 1  time 3464.36 0 0
Iteration 806  HV  cores 884 245 1  time 3464.44 0 0
Iteration 807  HV  cores 885 245 1  time 3464.52 0 0
Iteration 808  HV  cores 886 245 1  time 3464.6 0 0
Iteration 809  HV  cores 887 246 1  time 3464.69 0 0
Iteration 810  HV  cores 888 246 1  time 3464.78 0 0
Iteration 811  HV  cores 889 246 1  time 3464.86 0 0
Iteration 812  HV  cores 890 246 1  time 3464.94 0 0
Iteration 813  HV  cores 891 246 1  time 3465.02 0 0
Iteration 814  HV  cores 892 246 1  time 3465.11 0 0
Iteration 815  HV  cores 893 247 1  time 3465.21 0 0
Iteration 816  HV  cores 894 247 1  time 3465.29 0 0
Iteration 817  HV  cores 895 247 1  time 3465.37 0 0
Iteration 818  HV  cores 896 247 1  time 3465.45 0 0
Iteration 819  HV  cores 897 247 1  time 3465.53 0 0
Iteration 820  HV  cores 898 247 1  time 3465.62 0 0
Iteration 821  HV  cores 899 247 1  time 3465.71 0 0
Iteration 822  HV  cores 900 247 1  time 3465.78 0 0
Iteration 823  HV  cores 901 243 1  time 3465.85 0 0
Iteration 824  HV  cores 902 243 1  time 3465.91 0 0
Iteration 825  HV  cores 903 243 1  time 3465.98 0 0
Iteration 826  HV  cores 904 243 1  time 3466.05 0 0
Iteration 827  HV  cores 905 244 1  time 3466.11 0 0
Iteration 828  HV  cores 906 244 1  time 3466.18 0 0
Iteration 829  HV  cores 907 244 1  time 3466.24 0 0
Iteration 830  HV  cores 908 244 1  time 3466.34 0 0
Iteration 831  HV  cores 909 244 1  time 3466.42 0 0
Iteration 832  HV  cores 910 244 1  time 3466.51 0 0
Iteration 833  HV  cores 911 245 1  time 3466.6 0 0
Iteration 834  HV  cores 912 245 1  time 3466.69 0 0
Iteration 835  HV  cores 913 246 1  time 3466.78 0 0
Iteration 836  HV  cores 914 245 1  time 3466.87 0 0
Iteration 837  HV  cores 915 246 1  time 3466.97 0 0
Iteration 838  HV  cores 916 246 1  time 3467.06 0 0
Iteration 839  HV  cores 917 246 1  time 3467.14 0 0
Iteration 840  HV  cores 918 243 1  time 3467.21 0 0
Iteration 841  HV  cores 919 244 1  time 3467.33 0 0
Iteration 842  HV  cores 920 244 1  time 3467.45 0 0
Iteration 843  HV  cores 921 245 1  time 3467.55 0 0
Iteration 844  HV  cores 922 246 1  time 3467.62 0 0
