lb 13533668743544 ub 512409557603043100 before adjustment
lb 0 ub 512396023934299556 after adjustment
costs ready
ub 12339212645603 after 2nd adjustment
65 variables 2138 functions 13533668743544 lb, 12339212645603 ub
Iteration 0  HV  cores 5 5 5  time 13.2627 0 5.42308
Iteration 1  HV  cores 9 9 4  time 35.6786 0 11.4138
Iteration 2  HV  cores 13 13 4  time 84.9488 0 17.5694
Iteration 3  HV  cores 16 16 3  time 110.307 0 23.806
Iteration 4  HV  cores 19 19 3  time 120.125 0 30.1529
Iteration 5  HV  cores 22 22 3  time 128.416 0 36.5069
Iteration 6  HV  cores 25 25 3  time 136.159 0 42.995
Iteration 7  HV  cores 28 27 3  time 141.377 0 49.5335
Iteration 8  HV  cores 31 30 3  time 145.702 0 56.1286
Iteration 9  HV  cores 34 33 3  time 154.409 0 62.6372
Iteration 10  HV  cores 37 36 3  time 165.686 0 69.1867
Iteration 11  HV  cores 40 38 3  time 185.502 0 75.7387
Iteration 12  HV  cores 43 40 3  time 196.559 0 82.2882
Iteration 13  HV  cores 47 44 4  time 203.222 0 88.8502
Iteration 14  HV  cores 50 47 3  time 212.454 0 95.3986
Iteration 15  HV  cores 54 51 4  time 224.649 0 101.97
Iteration 16  HV  cores 57 54 3  time 229.639 0 108.559
Iteration 17  HV  cores 60 57 3  time 232.275 0 115.212
Iteration 18  HV  cores 64 61 4  time 252.168 0 121.721
Iteration 19  HV  cores 68 65 4  time 265.72 0 127.791
Iteration 20  HV  cores 71 68 3  time 271.308 0 133.999
Iteration 21  HV  cores 75 71 4  time 276.526 0 140.097
Iteration 22  HV  cores 78 74 3  time 391.068 0 146.271
Iteration 23  HV  cores 81 77 3  time 395.996 0 152.73
Iteration 24  HV  cores 83 79 2  time 420.53 0 159.178
Iteration 25  HV  cores 84 80 1  time 427.788 0 165.25
Iteration 26  HV  cores 85 81 1  time 434.411 0 171.219
Iteration 27  HV  cores 88 84 3  time 443.39 0 177.457
Iteration 28  HV  cores 90 86 2  time 451.262 0 183.823
Iteration 29  HV  cores 92 88 2  time 519.017 0 190.06
Iteration 30  HV  cores 95 91 3  time 534.232 0 196.482
Iteration 31  HV  cores 98 94 3  time 544.012 0 203.399
Iteration 32  HV  cores 101 97 3  time 553.855 0 210.289
Iteration 33  HV  cores 103 99 2  time 557.365 0 217.17
Iteration 34  HV  cores 106 102 3  time 574.25 0 223.989
Iteration 35  HV  cores 109 105 3  time 584.852 0 230.884
Iteration 36  HV  cores 112 108 3  time 628.827 0 237.825
Iteration 37  HV  cores 114 110 2  time 651.555 0 244.655
Iteration 38  HV  cores 117 113 3  time 669.064 0 251.453
Iteration 39  HV  cores 119 115 2  time 686.272 0 258.245
Iteration 40  HV  cores 122 118 3  time 731.042 0 265.01
Iteration 41  HV  cores 125 121 3  time 745.24 0 271.885
Iteration 42  HV  cores 128 123 3  time 755.521 0 278.782
Iteration 43  HV  cores 131 126 3  time 798.673 0 285.655
Iteration 44  HV  cores 133 128 2  time 921.749 0 292.448
Iteration 45  HV  cores 135 130 2  time 939.74 0 299.305
Iteration 46  HV  cores 137 131 2  time 947.366 0 306.199
Iteration 47  HV  cores 139 132 2  time 956.764 0 313.032
Iteration 48  HV  cores 141 134 2  time 977.195 0 319.936
Iteration 49  HV  cores 143 136 2  time 985.691 0 326.845
Iteration 50  HV  cores 145 135 2  time 992.999 0 333.751
Iteration 51  HV  cores 147 137 2  time 1006.66 0 340.664
Iteration 52  HV  cores 149 138 2  time 1013.86 0 347.623
Iteration 53  HV  cores 151 140 2  time 1028.2 0 354.574
Iteration 54  HV  cores 153 142 2  time 1035.31 0 361.498
Iteration 55  HV  cores 155 143 2  time 1051.42 0 368.429
Iteration 56  HV  cores 157 144 2  time 1059.69 0 375.397
Iteration 57  HV  cores 159 145 2  time 1065.97 0 382.329
Iteration 58  HV  cores 161 147 2  time 1080.05 0 389.282
Iteration 59  HV  cores 163 148 2  time 1087.88 0 396.269
Iteration 60  HV  cores 165 149 2  time 1091.66 0 403.251
Iteration 61  HV  cores 167 151 2  time 1095.96 0 410.111
Iteration 62  HV  cores 169 153 2  time 1102.89 0 417.057
Iteration 63  HV  cores 171 153 2  time 1109.55 0 424.038
Iteration 64  HV  cores 173 155 2  time 1125.41 0 431.037
Iteration 65  HV  cores 175 156 2  time 1137.25 0 438.026
Iteration 66  HV  cores 177 158 2  time 1149.1 0 445.021
Iteration 67  HV  cores 179 158 2  time 1153.97 0 451.913
Iteration 68  HV  cores 181 159 2  time 1157.55 0 458.766
Iteration 69  HV  cores 183 160 2  time 1173.43 0 465.74
Iteration 70  HV  cores 185 162 2  time 1178.17 0 472.757
Iteration 71  HV  cores 187 163 2  time 1184 0 479.745
Iteration 72  HV  cores 189 165 2  time 1189.15 0 486.731
Iteration 73  HV  cores 191 167 2  time 1197.79 0 493.603
Iteration 74  HV  cores 193 169 2  time 1203.09 0 500.472
Iteration 75  HV  cores 195 169 2  time 1209.02 0 507.308
Iteration 76  HV  cores 197 171 2  time 1227.11 0 514.189
Iteration 77  HV  cores 199 172 2  time 1237.11 0 521.112
Iteration 78  HV  cores 201 174 2  time 1255.87 0 528.006
Iteration 79  HV  cores 203 175 2  time 1260.7 0 534.896
Iteration 80  HV  cores 205 176 2  time 1263.76 0 541.843
Iteration 81  HV  cores 207 177 2  time 1269.67 0 548.734
Iteration 82  HV  cores 209 179 2  time 1272.67 0 555.63
Iteration 83  HV  cores 211 180 2  time 1275.73 0 562.517
Iteration 84  HV  cores 213 182 2  time 1283.86 0 569.447
Iteration 85  HV  cores 215 183 2  time 1295.69 0 576.353
Iteration 86  HV  cores 217 185 2  time 1302.58 0 583.253
Iteration 87  HV  cores 219 186 2  time 1309.58 0 590.15
Iteration 88  HV  cores 221 188 2  time 1319.75 0 597.047
Iteration 89  HV  cores 223 189 2  time 1324.76 0 603.926
Iteration 90  HV  cores 225 190 2  time 1329.37 0 610.83
Iteration 91  HV  cores 227 189 2  time 1337.8 0 617.734
Iteration 92  HV  cores 229 189 2  time 1343.3 0 624.686
Iteration 93  HV  cores 231 191 2  time 1360.31 0 631.564
Iteration 94  HV  cores 233 193 2  time 1373.01 0 638.486
Iteration 95  HV  cores 235 193 2  time 1385.75 0 645.433
Iteration 96  HV  cores 237 193 2  time 1392.38 0 652.387
Iteration 97  HV  cores 239 194 2  time 1398.91 0 659.329
Iteration 98  HV  cores 241 195 2  time 1407.34 0 666.277
Iteration 99  HV  cores 243 197 2  time 1411.91 0 673.165
Iteration 100  HV  cores 245 196 2  time 1417.85 0 680.093
Iteration 101  HV  cores 247 198 2  time 1426.29 0 686.964
Iteration 102  HV  cores 249 198 2  time 1432.86 0 693.858
Iteration 103  HV  cores 251 199 2  time 1439.97 0 700.842
Iteration 104  HV  cores 253 200 2  time 1446.51 0 707.739
Iteration 105  HV  cores 255 201 2  time 1450.78 0 714.706
Iteration 106  HV  cores 257 203 2  time 1472.3 0 721.63
Iteration 107  HV  cores 259 204 2  time 1478.6 0 728.602
Iteration 108  HV  cores 261 206 2  time 1485.45 0 735.622
Iteration 109  HV  cores 263 206 2  time 1504.92 0 742.58
Iteration 110  HV  cores 265 208 2  time 1520.46 0 749.631
Iteration 111  HV  cores 267 210 2  time 1533.51 0 756.561
Iteration 112  HV  cores 269 211 2  time 1540.05 0 763.509
Iteration 113  HV  cores 271 212 2  time 1546.4 0 770.469
Iteration 114  HV  cores 273 213 2  time 1553.19 0 777.408
Iteration 115  HV  cores 275 215 2  time 1562.16 0 784.393
Iteration 116  HV  cores 277 216 2  time 1569.41 0 791.339
Iteration 117  HV  cores 279 217 2  time 1578.17 0 798.286
Iteration 118  HV  cores 281 219 2  time 1586.91 0 805.262
Iteration 119  HV  cores 283 220 2  time 1593.9 0 812.263
Iteration 120  HV  cores 285 221 2  time 1601.02 0 819.283
Iteration 121  HV  cores 287 222 2  time 1607.31 0 826.287
Iteration 122  HV  cores 289 223 2  time 1615.62 0 833.265
Iteration 123  HV  cores 291 224 2  time 1626.76 0 840.279
Iteration 124  HV  cores 293 224 2  time 1634.47 0 847.331
Iteration 125  HV  cores 295 225 2  time 1640.49 0 854.283
Iteration 126  HV  cores 297 226 2  time 1649.25 0 861.312
Iteration 127  HV  cores 299 227 2  time 1655.16 0 868.357
Iteration 128  HV  cores 301 227 2  time 1661 0 875.403
Iteration 129  HV  cores 303 228 2  time 1669.41 0 882.376
Iteration 130  HV  cores 305 230 2  time 1674.86 0 889.361
Iteration 131  HV  cores 307 232 2  time 1680.46 0 896.382
Iteration 132  HV  cores 309 234 2  time 1685.75 0 903.383
Iteration 133  HV  cores 311 236 2  time 1691.52 0 910.413
Iteration 134  HV  cores 313 237 2  time 1696.81 0 917.462
Iteration 135  HV  cores 315 238 2  time 1702.74 0 924.532
Iteration 136  HV  cores 317 240 2  time 1712.64 0 931.56
Iteration 137  HV  cores 319 241 2  time 1721.22 0 938.587
Iteration 138  HV  cores 321 241 2  time 1729.62 0 945.642
Iteration 139  HV  cores 323 243 2  time 1735.25 0 952.73
Iteration 140  HV  cores 325 244 2  time 1742.68 0 959.874
Iteration 141  HV  cores 327 244 2  time 1750.43 0 966.979
Iteration 142  HV  cores 329 245 2  time 1755.83 0 974.091
Iteration 143  HV  cores 331 246 2  time 1761.05 0 981.126
Iteration 144  HV  cores 333 246 2  time 1768.54 0 988.172
Iteration 145  HV  cores 335 247 2  time 1776.64 0 995.23
Iteration 146  HV  cores 337 248 2  time 1784.85 0 1002.24
Iteration 147  HV  cores 339 249 2  time 1792.56 0 1009.28
Iteration 148  HV  cores 341 251 2  time 1798.99 0 1016.44
Iteration 149  HV  cores 343 253 2  time 1807.65 0 1023.46
Iteration 150  HV  cores 345 254 2  time 1816.47 0 1030.56
Iteration 151  HV  cores 347 256 2  time 1825.21 0 1037.6
Iteration 152  HV  cores 349 257 2  time 1833.44 0 1044.63
Iteration 153  HV  cores 351 259 2  time 1838.83 0 1051.76
Iteration 154  HV  cores 353 260 2  time 1846.99 0 1058.79
Iteration 155  HV  cores 355 261 2  time 1854.5 0 1065.91
Iteration 156  HV  cores 357 262 2  time 1862.53 0 1072.97
Iteration 157  HV  cores 359 263 2  time 1870.48 0 1080.05
Iteration 158  HV  cores 361 264 2  time 1875.33 0 1087.13
Iteration 159  HV  cores 363 266 2  time 1880.56 0 1094.21
Iteration 160  HV  cores 365 268 2  time 1886.39 0 1101.25
Iteration 161  HV  cores 367 270 2  time 1902.53 0 1108.38
Iteration 162  HV  cores 369 272 2  time 1909.71 0 1115.5
Iteration 163  HV  cores 371 273 2  time 1916.91 0 1122.54
Iteration 164  HV  cores 373 275 2  time 1924.38 0 1129.6
Iteration 165  HV  cores 375 277 2  time 1932.37 0 1136.76
Iteration 166  HV  cores 377 279 2  time 1940.86 0 1143.84
Iteration 167  HV  cores 379 279 2  time 1946.74 0 1150.9
Iteration 168  HV  cores 381 281 2  time 1952.26 0 1158.01
Iteration 169  HV  cores 383 282 2  time 1957.99 0 1165.08
Iteration 170  HV  cores 385 283 2  time 1963.51 0 1172.23
