lb 2520576639957 ub 512409557603043100 before adjustment
lb 0 ub 512407037026403143 after adjustment
costs ready
ub 3496024724338 after 2nd adjustment
14 variables 105 functions 2520576639957 lb, 3496024724338 ub
Iteration 0  HV  cores 2 2 2  time 74.0096 0 0.056299
Iteration 1 MHV  lb 2520577264614 ub 6016601364294  time 74.033 1.02731 0.056299
Iteration 2  HV  cores 5 5 3  time 118.062 1.02731 0.668754
Iteration 3 MHV  lb 2520577267858 ub 4813077261347  time 118.083 2.18097 0.668754
Iteration 4  HV  cores 7 7 2  time 130.774 2.18097 13.8948
Iteration 5 MHV  lb 2520577315203 ub 4246219923927  time 130.794 3.34502 13.8948
Iteration 6  HV  cores 10 8 3  time 131.299 3.34502 30.2578
Iteration 7 MHV  lb 2520577318116 ub 3646518651796  time 131.319 4.48805 30.2578
Iteration 8  HV  cores 13 10 3  time 133.5 4.48805 47.516
Iteration 9  HV  cores 14 11 1  time 781.146 4.48805 64.7512
Iteration 10 MHV  lb 2520604010173 ub 3338000128208  time 781.167 5.66028 64.7512
Iteration 11  HV  cores 15 11 1  time 782.104 5.66028 82.3423
Iteration 12 MHV  lb 2520604048418 ub 3284123679544  time 782.125 6.84678 82.3423
Iteration 13  HV  cores 16 12 1  time 783.182 6.84678 99.9319
Iteration 14 MHV  lb 2520604083222 ub 2945676249278  time 783.203 8.07279 99.9319
Iteration 15  HV  cores 17 12 1  time 784.436 8.07279 117.635
Iteration 16  HV  cores 18 13 1  time 793.418 8.07279 135.441
Iteration 17 MHV  lb 2520611941599 ub 2736871913577  time 793.439 9.24101 135.441
Iteration 18  HV  cores 19 14 1  time 849.065 9.24101 153.19
Iteration 19 MHV  lb 2520612083454 ub 2735618013321  time 849.087 10.455 153.19
Iteration 20  HV  cores 20 15 1  time 887.385 10.455 171.037
Iteration 21  HV  cores 21 16 1  time 890.332 10.455 189.366
Iteration 22  HV  cores 22 17 1  time 892.814 10.455 207.236
Iteration 23  HV  cores 23 18 1  time 894.323 10.455 224.981
Iteration 24 MHV  lb 2520612397164 ub 2606286772626  time 894.344 11.6884 224.981
Iteration 25  HV  cores 24 18 1  time 901.202 11.6884 242.878
Iteration 26 MHV  lb 2520612928934 ub 2595229439718  time 901.223 12.9083 242.878
Iteration 27  HV  cores 25 19 1  time 903.169 12.9083 260.82
Iteration 28  HV  cores 26 20 1  time 910.473 12.9083 279.261
Iteration 29 MHV  lb 2520613539975 ub 2547060105946  time 910.494 14.111 279.261
Iteration 30  HV  cores 27 21 1  time 928.021 14.111 297.157
Iteration 31 MHV  lb 2520613642100 ub 2527982725827  time 928.044 15.3484 297.157
Iteration 32  HV  cores 28 22 1  time 936.487 15.3484 315.662
Iteration 33  HV  cores 29 23 1  time 937.621 15.3484 334.143
Iteration 34  HV  cores 30 24 1  time 938.319 15.3484 352.618
Iteration 35  HV  cores 31 25 1  time 939.258 15.3484 371.21
Iteration 36  HV  cores 32 26 1  time 940.12 15.3484 389.814
Iteration 37 MHV  lb 2520613719477 ub 2526795893177  time 940.141 16.5743 389.814
Iteration 38  HV  cores 33 27 1  time 947.869 16.5743 408.482
Iteration 39  HV  cores 34 28 1  time 948.636 16.5743 427.1
Iteration 40  HV  cores 35 29 1  time 949.197 16.5743 446.379
Iteration 41  HV  cores 36 30 1  time 950.745 16.5743 465.031
Iteration 42 MHV  lb 2520613828426 ub 2523302591321  time 950.767 17.8223 465.031
Iteration 43  HV  cores 37 31 1  time 977.267 17.8223 484.445
Iteration 44 MHV  lb 2520613970016 ub 2523184195862  time 977.292 19.1297 484.445
Iteration 45  HV  cores 38 32 1  time 984.463 19.1297 503.169
Iteration 46  HV  cores 39 33 1  time 987.046 19.1297 521.881
Iteration 47  HV  cores 40 34 1  time 988.032 19.1297 541.17
Iteration 48  HV  cores 41 35 1  time 990.348 19.1297 560.482
Iteration 49  HV  cores 42 36 1  time 992.418 19.1297 579.828
Iteration 50  HV  cores 43 37 1  time 993.594 19.1297 598.532
Iteration 51  HV  cores 44 37 1  time 994.306 19.1297 617.238
Iteration 52  HV  cores 45 38 1  time 995.494 19.1297 635.952
Iteration 53  HV  cores 46 39 1  time 996.064 19.1297 654.698
Iteration 54  HV  cores 47 40 1  time 997.39 19.1297 673.446
Iteration 55  HV  cores 48 41 1  time 997.718 19.1297 692.211
Iteration 56 MHV  lb 2520630606517 ub 2523128873168  time 997.74 20.3824 692.211
Iteration 57  HV  cores 49 42 1  time 1076.14 20.3824 710.98
Iteration 58  HV  cores 50 43 1  time 1076.93 20.3824 729.621
Iteration 59  HV  cores 51 44 1  time 1113.63 20.3824 748.244
Iteration 60 MHV  lb 2520635274009 ub 2523114023410  time 1113.65 21.5735 748.244
Iteration 61  HV  cores 52 45 1  time 1124.44 21.5735 766.971
Iteration 62  HV  cores 53 46 1  time 1129.6 21.5735 785.662
Iteration 63  HV  cores 54 47 1  time 1130.79 21.5735 804.309
Iteration 64  HV  cores 55 48 1  time 1137.86 21.5735 822.972
Iteration 65  HV  cores 56 49 1  time 1139.64 21.5735 841.756
Iteration 66  HV  cores 57 49 1  time 1140.63 21.5735 860.395
Iteration 67  HV  cores 58 50 1  time 1143.03 21.5735 879.706
Iteration 68  HV  cores 59 51 1  time 1145.78 21.5735 899.076
Iteration 69  HV  cores 60 52 1  time 1147.06 21.5735 918.43
Iteration 70  HV  cores 61 53 1  time 1150.25 21.5735 937.121
Iteration 71  HV  cores 62 54 1  time 1155.11 21.5735 955.77
Iteration 72  HV  cores 63 55 1  time 1155.88 21.5735 974.415
Iteration 73  HV  cores 64 55 1  time 1158.16 21.5735 993.705
Iteration 74  HV  cores 65 56 1  time 1248.39 21.5735 1013.06
Iteration 75  HV  cores 66 57 1  time 1275.02 21.5735 1032.43
Iteration 76  HV  cores 67 58 1  time 1290.04 21.5735 1052.01
Iteration 77  HV  cores 68 59 1  time 1305.03 21.5735 1071.31
Iteration 78  HV  cores 69 60 1  time 1308.34 21.5735 1090.61
Iteration 79  HV  cores 70 61 1  time 1332.97 21.5735 1109.95
Iteration 80  HV  cores 71 61 1  time 1335.75 21.5735 1129.24
Iteration 81  HV  cores 72 62 1  time 1342 21.5735 1148.49
Iteration 82  HV  cores 73 62 1  time 1346.15 21.5735 1167.76
Iteration 83  HV  cores 74 62 1  time 1350.54 21.5735 1187.09
Iteration 84  HV  cores 75 62 1  time 1352.41 21.5735 1206.34
Iteration 85  HV  cores 76 62 1  time 1355.09 21.5735 1225.62
Iteration 86  HV  cores 77 62 1  time 1359.1 21.5735 1245.2
Iteration 87  HV  cores 78 62 1  time 1360.44 21.5735 1265.87
Iteration 88  HV  cores 79 62 1  time 1363.65 21.5735 1285.15
Iteration 89  HV  cores 80 62 1  time 1366.53 21.5735 1304.43
Iteration 90  HV  cores 81 62 1  time 1371.03 21.5735 1323.81
Iteration 91  HV  cores 82 62 1  time 1374.6 21.5735 1343.05
Iteration 92  HV  cores 83 62 1  time 1376.53 21.5735 1362.42
Iteration 93  HV  cores 84 61 1  time 1379.01 21.5735 1381.72
Iteration 94  HV  cores 85 61 1  time 1381.52 21.5735 1401.34
Iteration 95  HV  cores 86 61 1  time 1384.85 21.5735 1420.63
Iteration 96  HV  cores 87 61 1  time 1389.52 21.5735 1439.92
Iteration 97  HV  cores 88 61 1  time 1393.34 21.5735 1459.24
Iteration 98  HV  cores 89 61 1  time 1396.7 21.5735 1478.57
Iteration 99  HV  cores 90 62 1  time 1406.07 21.5735 1497.97
Iteration 100  HV  cores 91 63 1  time 1416.92 21.5735 1518.29
Iteration 101  HV  cores 92 63 1  time 1419.1 21.5735 1537.72
Iteration 102  HV  cores 93 64 1  time 1422.19 21.5735 1557.05
Iteration 103  HV  cores 94 64 1  time 1426.04 21.5735 1576.46
Iteration 104  HV  cores 95 64 1  time 1430.32 21.5735 1595.83
Iteration 105  HV  cores 96 64 1  time 1431.25 21.5735 1615.16
Iteration 106  HV  cores 97 64 1  time 1431.76 21.5735 1634.56
Iteration 107  HV  cores 98 64 1  time 1433.7 21.5735 1653.89
Iteration 108  HV  cores 99 64 1  time 1435.15 21.5735 1673.36
Iteration 109  HV  cores 100 64 1  time 1437.21 21.5735 1692.72
Iteration 110  HV  cores 101 64 1  time 1443.54 21.5735 1712.11
Iteration 111  HV  cores 102 64 1  time 1446.55 21.5735 1731.46
Iteration 112  HV  cores 103 64 1  time 1450.18 21.5735 1750.8
Iteration 113  HV  cores 104 64 1  time 1451.62 21.5735 1770.14
Iteration 114  HV  cores 105 64 1  time 1453.71 21.5735 1790.78
Iteration 115  HV  cores 106 64 1  time 1455.23 21.5735 1810.16
Iteration 116  HV  cores 107 64 1  time 1456.98 21.5735 1829.49
Iteration 117  HV  cores 108 64 1  time 1460.11 21.5735 1848.83
Iteration 118  HV  cores 109 64 1  time 1462.91 21.5735 1868.2
Iteration 119  HV  cores 110 64 1  time 1465.12 21.5735 1887.53
Iteration 120  HV  cores 111 64 1  time 1467.9 21.5735 1906.9
Iteration 121  HV  cores 112 64 1  time 1471.6 21.5735 1926.27
Iteration 122  HV  cores 113 64 1  time 1476.95 21.5735 1945.77
Iteration 123  HV  cores 114 64 1  time 1478.83 21.5735 1965.22
