lb 2520576639957 ub 512409557603043100 before adjustment
lb 0 ub 512407037026403143 after adjustment
costs ready
ub 3496024724338 after 2nd adjustment
14 variables 105 functions 2520576639957 lb, 3496024724338 ub
Iteration 0  HV  cores 2 2 2  time 74.1738 0 0.980411
Iteration 1  HV  cores 5 5 3  time 116.719 0 2.2428
Iteration 2  HV  cores 8 7 3  time 126.578 0 3.48935
Iteration 3  HV  cores 10 8 2  time 127.106 0 4.72751
Iteration 4  HV  cores 12 8 2  time 135.776 0 5.94388
Iteration 5  HV  cores 14 10 2  time 139.398 0 7.17671
Iteration 6  HV  cores 16 12 2  time 143.752 0 8.43028
Iteration 7  HV  cores 18 12 2  time 147.627 0 9.70309
Iteration 8  HV  cores 20 13 2  time 150.292 0 11.0367
Iteration 9  HV  cores 22 15 2  time 154.018 0 12.3852
Iteration 10  HV  cores 24 17 2  time 157.788 0 13.7235
Iteration 11  HV  cores 27 20 3  time 177.134 0 14.9291
Iteration 12  HV  cores 29 22 2  time 375.177 0 16.1528
Iteration 13  HV  cores 31 23 2  time 376.427 0 17.4012
Iteration 14  HV  cores 33 24 2  time 377.408 0 18.6657
Iteration 15  HV  cores 35 26 2  time 381.431 0 19.9517
Iteration 16  HV  cores 37 28 2  time 392.821 0 21.2158
Iteration 17  HV  cores 38 29 1  time 477.452 0 22.5122
Iteration 18  HV  cores 39 30 1  time 486.056 0 23.7547
Iteration 19  HV  cores 40 31 1  time 495.558 0 24.9841
Iteration 20  HV  cores 41 32 1  time 523.639 0 26.203
Iteration 21  HV  cores 42 33 1  time 533.748 0 27.4455
Iteration 22  HV  cores 43 33 1  time 534.494 0 28.6806
Iteration 23  HV  cores 44 34 1  time 548.428 0 29.8782
Iteration 24  HV  cores 45 34 1  time 549.484 0 31.0627
Iteration 25  HV  cores 46 35 1  time 552.213 0 32.2557
Iteration 26  HV  cores 47 36 1  time 556.153 0 33.4497
Iteration 27  HV  cores 48 37 1  time 558.539 0 34.6474
Iteration 28  HV  cores 49 37 1  time 559.862 0 35.8579
Iteration 29  HV  cores 50 38 1  time 560.197 0 37.0595
Iteration 30  HV  cores 51 39 1  time 560.29 0 38.2737
Iteration 31  HV  cores 52 40 1  time 560.808 0 39.4878
Iteration 32  HV  cores 53 41 1  time 594.796 0 40.7139
Iteration 33  HV  cores 55 43 2  time 684.946 0 41.9437
Iteration 34  HV  cores 57 45 2  time 701.248 0 43.2274
Iteration 35  HV  cores 59 47 2  time 745.395 0 44.5407
Iteration 36  HV  cores 61 48 2  time 774.114 0 45.8334
Iteration 37  HV  cores 63 50 2  time 801.742 0 47.1785
Iteration 38  HV  cores 65 52 2  time 876.261 0 48.5792
Iteration 39  HV  cores 67 54 2  time 882.969 0 49.9543
Iteration 40  HV  cores 69 56 2  time 904.608 0 51.3426
Iteration 41  HV  cores 71 58 2  time 906.852 0 52.7312
Iteration 42  HV  cores 73 60 2  time 1597.55 0 54.1328
Iteration 43  HV  cores 75 62 2  time 1744 0 55.5009
Iteration 44  HV  cores 77 63 2  time 1748.58 0 56.8873
Iteration 45  HV  cores 79 64 2  time 1752.07 0 58.2851
Iteration 46  HV  cores 81 66 2  time 1754.09 0 59.6905
Iteration 47  HV  cores 83 67 2  time 1758.95 0 61.1012
Iteration 48  HV  cores 85 68 2  time 1760.88 0 62.5068
Iteration 49  HV  cores 87 69 2  time 1768.35 0 63.923
Iteration 50  HV  cores 89 69 2  time 1770.21 0 65.3271
Iteration 51  HV  cores 91 71 2  time 1771.39 0 66.7452
Iteration 52  HV  cores 93 73 2  time 1960.31 0 68.1308
Iteration 53  HV  cores 95 75 2  time 1973.71 0 69.5121
Iteration 54  HV  cores 97 75 2  time 1994.86 0 70.9201
Iteration 55  HV  cores 99 76 2  time 2000.17 0 72.3327
Iteration 56  HV  cores 101 76 2  time 2003.57 0 73.7402
Iteration 57  HV  cores 103 76 2  time 2006.72 0 75.147
Iteration 58  HV  cores 105 76 2  time 2018.02 0 76.545
Iteration 59  HV  cores 107 76 2  time 2021.17 0 77.9402
Iteration 60  HV  cores 109 76 2  time 2023.39 0 79.336
Iteration 61  HV  cores 111 75 2  time 2038.29 0 80.7321
Iteration 62  HV  cores 113 75 2  time 2042.82 0 82.1293
Iteration 63  HV  cores 115 75 2  time 2049.68 0 83.5192
Iteration 64  HV  cores 117 76 2  time 2059.07 0 84.9086
Iteration 65  HV  cores 119 75 2  time 2081.35 0 86.2956
Iteration 66  HV  cores 121 76 2  time 2086.24 0 87.6837
Iteration 67  HV  cores 123 76 2  time 2090.15 0 89.0713
Iteration 68  HV  cores 125 77 2  time 2103.44 0 90.4616
Iteration 69  HV  cores 127 77 2  time 2107.47 0 91.8509
Iteration 70  HV  cores 129 77 2  time 2113.48 0 93.2388
Iteration 71  HV  cores 131 77 2  time 2119.24 0 94.6279
Iteration 72  HV  cores 133 79 2  time 2124.52 0 96.0239
Iteration 73  HV  cores 135 79 2  time 2128.82 0 97.4143
Iteration 74  HV  cores 137 78 2  time 2133.18 0 98.802
Iteration 75  HV  cores 139 79 2  time 2139.51 0 100.192
Iteration 76  HV  cores 141 79 2  time 2144.97 0 101.581
Iteration 77  HV  cores 143 80 2  time 2152.75 0 102.971
Iteration 78  HV  cores 145 78 2  time 2163.15 0 104.364
Iteration 79  HV  cores 147 77 2  time 2165.96 0 105.758
Iteration 80  HV  cores 149 79 2  time 2170.84 0 107.17
Iteration 81  HV  cores 151 80 2  time 2177.43 0 108.592
Iteration 82  HV  cores 153 79 2  time 2181.38 0 110.029
Iteration 83  HV  cores 155 80 2  time 2184.28 0 111.462
Iteration 84  HV  cores 157 80 2  time 2188.39 0 112.881
Iteration 85  HV  cores 159 79 2  time 2191.5 0 114.295
Iteration 86  HV  cores 161 79 2  time 2199.66 0 115.705
Iteration 87  HV  cores 163 78 2  time 2204.51 0 117.108
Iteration 88  HV  cores 165 79 2  time 2206.69 0 118.511
Iteration 89  HV  cores 167 80 2  time 2208.3 0 119.915
Iteration 90  HV  cores 169 80 2  time 2212.55 0 121.32
Iteration 91  HV  cores 171 82 2  time 2225.67 0 122.723
Iteration 92  HV  cores 173 83 2  time 2227.92 0 124.126
Iteration 93  HV  cores 175 84 2  time 2230 0 125.532
Iteration 94  HV  cores 177 84 2  time 2238.78 0 126.939
Iteration 95  HV  cores 178 84 1  time 2242.44 0 128.341
Iteration 96  HV  cores 179 84 1  time 2244.02 0 129.746
Iteration 97  HV  cores 180 85 1  time 2245.34 0 131.148
Iteration 98  HV  cores 181 85 1  time 2247.83 0 132.551
Iteration 99  HV  cores 182 85 1  time 2250.62 0 133.952
Iteration 100  HV  cores 183 86 1  time 2255.28 0 135.357
Iteration 101  HV  cores 184 86 1  time 2262.41 0 136.762
Iteration 102  HV  cores 185 86 1  time 2265.13 0 138.165
Iteration 103  HV  cores 186 86 1  time 2266.75 0 139.572
Iteration 104  HV  cores 187 86 1  time 2270.3 0 140.978
Iteration 105  HV  cores 188 86 1  time 2271.56 0 142.382
Iteration 106  HV  cores 189 87 1  time 2277.96 0 143.787
Iteration 107  HV  cores 190 87 1  time 2279.1 0 145.191
Iteration 108  HV  cores 191 87 1  time 2282.46 0 146.599
Iteration 109  HV  cores 192 87 1  time 2287.3 0 148.004
Iteration 110  HV  cores 193 87 1  time 2287.95 0 149.406
Iteration 111  HV  cores 194 87 1  time 2289.24 0 150.806
Iteration 112  HV  cores 195 87 1  time 2294.78 0 152.235
Iteration 113  HV  cores 196 87 1  time 2295.66 0 153.659
Iteration 114  HV  cores 197 87 1  time 2310.89 0 155.077
Iteration 115  HV  cores 198 87 1  time 2312.44 0 156.493
Iteration 116  HV  cores 199 88 1  time 2314.75 0 157.911
Iteration 117  HV  cores 200 86 1  time 2316.08 0 159.328
Iteration 118  HV  cores 201 86 1  time 2317.21 0 160.745
Iteration 119  HV  cores 202 87 1  time 2319.44 0 162.16
Iteration 120  HV  cores 203 87 1  time 2319.97 0 163.579
Iteration 121  HV  cores 204 87 1  time 2323.3 0 164.994
Iteration 122  HV  cores 205 87 1  time 2324.76 0 166.407
Iteration 123  HV  cores 206 87 1  time 2327.54 0 167.821
Iteration 124  HV  cores 207 88 1  time 2337.69 0 169.233
Iteration 125  HV  cores 208 88 1  time 2339.51 0 170.641
Iteration 126  HV  cores 209 87 1  time 2353.53 0 172.051
Iteration 127  HV  cores 210 87 1  time 2355.44 0 173.46
Iteration 128  HV  cores 211 87 1  time 2356.84 0 174.87
Iteration 129  HV  cores 212 87 1  time 2358.9 0 176.28
Iteration 130  HV  cores 213 87 1  time 2361.01 0 177.692
Iteration 131  HV  cores 214 87 1  time 2362.3 0 179.099
Iteration 132  HV  cores 215 87 1  time 2364.29 0 180.513
Iteration 133  HV  cores 216 87 1  time 2365.72 0 181.922
Iteration 134  HV  cores 217 87 1  time 2370.29 0 183.332
Iteration 135  HV  cores 218 87 1  time 2377.84 0 184.742
Iteration 136  HV  cores 219 87 1  time 2390.3 0 186.151
Iteration 137  HV  cores 220 87 1  time 2393.3 0 187.559
Iteration 138  HV  cores 221 88 1  time 2395.72 0 188.967
Iteration 139  HV  cores 222 88 1  time 2397.41 0 190.378
Iteration 140  HV  cores 223 89 1  time 2404.99 0 191.786
Iteration 141  HV  cores 224 90 1  time 2410.98 0 193.193
Iteration 142  HV  cores 225 90 1  time 2412.28 0 194.598
Iteration 143  HV  cores 226 90 1  time 2418.02 0 196.008
Iteration 144  HV  cores 227 90 1  time 2420.42 0 197.417
Iteration 145  HV  cores 228 90 1  time 2425.02 0 198.826
Iteration 146  HV  cores 229 90 1  time 2429.71 0 200.237
Iteration 147  HV  cores 230 90 1  time 2431.2 0 201.647
Iteration 148  HV  cores 231 90 1  time 2437.13 0 203.063
Iteration 149  HV  cores 232 90 1  time 2443.13 0 204.47
Iteration 150  HV  cores 233 89 1  time 2447.65 0 205.879
Iteration 151  HV  cores 234 89 1  time 2449.68 0 207.288
Iteration 152  HV  cores 235 89 1  time 2452.72 0 208.698
Iteration 153  HV  cores 236 89 1  time 2455.54 0 210.11
Iteration 154  HV  cores 237 89 1  time 2457.65 0 211.52
Iteration 155  HV  cores 238 89 1  time 2459.81 0 212.931
Iteration 156  HV  cores 239 89 1  time 2462.18 0 214.342
Iteration 157  HV  cores 240 88 1  time 2476.41 0 215.803
Iteration 158  HV  cores 241 88 1  time 2478.19 0 217.234
Iteration 159  HV  cores 242 88 1  time 2480.01 0 218.687
Iteration 160  HV  cores 243 89 1  time 2483.18 0 220.117
Iteration 161  HV  cores 244 88 1  time 2487.41 0 221.554
Iteration 162  HV  cores 245 89 1  time 2490.73 0 222.989
Iteration 163  HV  cores 246 88 1  time 2498.4 0 224.436
Iteration 164  HV  cores 247 89 1  time 2508.89 0 225.888
Iteration 165  HV  cores 248 89 1  time 2511.33 0 227.349
Iteration 166  HV  cores 249 89 1  time 2513.76 0 228.785
Iteration 167  HV  cores 250 89 1  time 2527.43 0 230.234
Iteration 168  HV  cores 251 89 1  time 2537.44 0 231.689
Iteration 169  HV  cores 252 89 1  time 2540.03 0 233.125
Iteration 170  HV  cores 253 89 1  time 2543.08 0 234.562
Iteration 171  HV  cores 254 89 1  time 2548.34 0 236
Iteration 172  HV  cores 255 89 1  time 2549.84 0 237.454
Iteration 173  HV  cores 256 89 1  time 2551.5 0 238.91
Iteration 174  HV  cores 257 90 1  time 2556.22 0 240.351
Iteration 175  HV  cores 258 90 1  time 2557.86 0 241.784
Iteration 176  HV  cores 259 90 1  time 2563.06 0 243.225
Iteration 177  HV  cores 260 90 1  time 2566.33 0 244.664
Iteration 178  HV  cores 261 89 1  time 2582.85 0 246.117
Iteration 179  HV  cores 262 90 1  time 2587.93 0 247.56
Iteration 180  HV  cores 263 90 1  time 2590.15 0 248.998
Iteration 181  HV  cores 264 91 1  time 2594.91 0 250.437
Iteration 182  HV  cores 266 93 2  time 2602.02 0 251.884
Iteration 183  HV  cores 267 94 1  time 2610.82 0 253.341
Iteration 184  HV  cores 268 94 1  time 2612.57 0 254.786
Iteration 185  HV  cores 269 94 1  time 2617.42 0 256.231
Iteration 186  HV  cores 271 96 2  time 2625.9 0 257.669
Iteration 187  HV  cores 273 97 2  time 2627.48 0 259.104
Iteration 188  HV  cores 275 96 2  time 2629.09 0 260.544
Iteration 189  HV  cores 277 97 2  time 2630.8 0 261.982
Iteration 190  HV  cores 278 97 1  time 2639.05 0 263.421
Iteration 191  HV  cores 280 98 2  time 2647.03 0 264.851
Iteration 192  HV  cores 281 99 1  time 2649.15 0 266.283
Iteration 193  HV  cores 282 100 1  time 2653.14 0 267.718
Iteration 194  HV  cores 283 101 1  time 2659.12 0 269.16
Iteration 195  HV  cores 284 102 1  time 2662.83 0 270.591
Iteration 196  HV  cores 285 102 1  time 2663.89 0 272.019
Iteration 197  HV  cores 286 103 1  time 2667.77 0 273.447
Iteration 198  HV  cores 287 103 1  time 2671.67 0 274.878
Iteration 199  HV  cores 288 104 1  time 2677.63 0 276.318
Iteration 200  HV  cores 289 105 1  time 2682.35 0 277.757
Iteration 201  HV  cores 290 104 1  time 2686.23 0 279.192
Iteration 202  HV  cores 291 102 1  time 2693.7 0 280.643
Iteration 203  HV  cores 292 103 1  time 2697.96 0 282.085
Iteration 204  HV  cores 293 104 1  time 2703.28 0 283.538
Iteration 205  HV  cores 294 104 1  time 2705.86 0 284.992
Iteration 206  HV  cores 295 104 1  time 2708.22 0 286.449
Iteration 207  HV  cores 296 104 1  time 2710.63 0 287.902
Iteration 208  HV  cores 297 101 1  time 2713.93 0 289.36
Iteration 209  HV  cores 298 101 1  time 2715.21 0 290.806
Iteration 210  HV  cores 299 102 1  time 2718.85 0 292.245
Iteration 211  HV  cores 300 102 1  time 2721 0 293.687
Iteration 212  HV  cores 301 103 1  time 2724.78 0 295.132
Iteration 213  HV  cores 302 102 1  time 2726.52 0 296.571
Iteration 214  HV  cores 303 102 1  time 2728.77 0 298.012
Iteration 215  HV  cores 304 103 1  time 2732.27 0 299.452
Iteration 216  HV  cores 305 103 1  time 2735.37 0 300.893
Iteration 217  HV  cores 306 104 1  time 2737.15 0 302.332
Iteration 218  HV  cores 307 105 1  time 2738.83 0 303.764
Iteration 219  HV  cores 308 104 1  time 2740.73 0 305.199
Iteration 220  HV  cores 309 105 1  time 2747.63 0 306.639
Iteration 221  HV  cores 310 106 1  time 2750.72 0 308.079
Iteration 222  HV  cores 311 104 1  time 2754.27 0 309.517
Iteration 223  HV  cores 312 102 1  time 2757.65 0 310.96
Iteration 224  HV  cores 313 101 1  time 2759.23 0 312.4
Iteration 225  HV  cores 314 102 1  time 2762.99 0 313.844
Iteration 226  HV  cores 315 103 1  time 2776.49 0 315.279
Iteration 227  HV  cores 316 104 1  time 2781.94 0 316.716
Iteration 228  HV  cores 317 104 1  time 2786.85 0 318.16
Iteration 229  HV  cores 318 104 1  time 2791.02 0 319.601
Iteration 230  HV  cores 319 103 1  time 2797.26 0 321.038
Iteration 231  HV  cores 320 104 1  time 2801.51 0 322.473
Iteration 232  HV  cores 321 104 1  time 2806.09 0 323.906
Iteration 233  HV  cores 322 105 1  time 2807.94 0 325.344
Iteration 234  HV  cores 323 105 1  time 2810.46 0 326.781
Iteration 235  HV  cores 324 106 1  time 2814.56 0 328.221
Iteration 236  HV  cores 325 105 1  time 2820.74 0 329.651
Iteration 237  HV  cores 326 106 1  time 2826.09 0 331.079
Iteration 238  HV  cores 327 107 1  time 2831.16 0 332.511
Iteration 239  HV  cores 328 108 1  time 2835.43 0 333.951
Iteration 240  HV  cores 329 109 1  time 2839.22 0 335.392
Iteration 241  HV  cores 330 109 1  time 2844.74 0 336.836
Iteration 242  HV  cores 331 110 1  time 2848.16 0 338.277
Iteration 243  HV  cores 332 109 1  time 2853.37 0 339.703
Iteration 244  HV  cores 333 110 1  time 2856.84 0 341.136
Iteration 245  HV  cores 334 111 1  time 2861.52 0 342.575
Iteration 246  HV  cores 335 109 1  time 2865.88 0 344.009
Iteration 247  HV  cores 336 110 1  time 2871.75 0 345.446
Iteration 248  HV  cores 337 110 1  time 2877.26 0 346.877
Iteration 249  HV  cores 338 109 1  time 2882.37 0 348.307
Iteration 250  HV  cores 339 110 1  time 2887.82 0 349.74
Iteration 251  HV  cores 340 108 1  time 2894.03 0 351.169
Iteration 252  HV  cores 341 109 1  time 2897.56 0 352.598
Iteration 253  HV  cores 342 110 1  time 2898.95 0 354.04
Iteration 254  HV  cores 343 109 1  time 2900.46 0 355.474
Iteration 255  HV  cores 344 110 1  time 2906.33 0 356.926
Iteration 256  HV  cores 345 111 1  time 2912.01 0 358.384
Iteration 257  HV  cores 346 112 1  time 2916.45 0 359.856
Iteration 258  HV  cores 347 113 1  time 2920.11 0 361.328
Iteration 259  HV  cores 348 114 1  time 2923.9 0 362.799
Iteration 260  HV  cores 349 113 1  time 2928.21 0 364.275
Iteration 261  HV  cores 350 114 1  time 2932.04 0 365.749
Iteration 262  HV  cores 351 114 1  time 2936.12 0 367.239
Iteration 263  HV  cores 352 114 1  time 2939.45 0 368.726
Iteration 264  HV  cores 353 114 1  time 2943.47 0 370.201
Iteration 265  HV  cores 354 113 1  time 2946.94 0 371.659
Iteration 266  HV  cores 355 112 1  time 2950.78 0 373.123
Iteration 267  HV  cores 356 113 1  time 2954.71 0 374.584
Iteration 268  HV  cores 357 114 1  time 2959.78 0 376.062
Iteration 269  HV  cores 358 114 1  time 2964.39 0 377.54
Iteration 270  HV  cores 359 115 1  time 2967.92 0 379.004
Iteration 271  HV  cores 360 116 1  time 2972.49 0 380.471
Iteration 272  HV  cores 361 112 1  time 2977.17 0 381.939
Iteration 273  HV  cores 362 110 1  time 2981.73 0 383.403
Iteration 274  HV  cores 363 111 1  time 2995.88 0 384.865
Iteration 275  HV  cores 364 112 1  time 2997.62 0 386.328
Iteration 276  HV  cores 365 112 1  time 3001.34 0 387.788
Iteration 277  HV  cores 366 112 1  time 3003.56 0 389.233
Iteration 278  HV  cores 367 113 1  time 3005.95 0 390.686
Iteration 279  HV  cores 368 114 1  time 3011.26 0 392.152
Iteration 280  HV  cores 369 115 1  time 3017.41 0 393.601
Iteration 281  HV  cores 370 116 1  time 3019.32 0 395.055
Iteration 282  HV  cores 371 116 1  time 3021.54 0 396.514
Iteration 283  HV  cores 372 117 1  time 3023.51 0 397.958
Iteration 284  HV  cores 373 115 1  time 3030.08 0 399.395
Iteration 285  HV  cores 374 116 1  time 3033.75 0 400.83
Iteration 286  HV  cores 375 117 1  time 3036.03 0 402.284
Iteration 287  HV  cores 376 115 1  time 3038 0 403.73
Iteration 288  HV  cores 377 116 1  time 3043.54 0 405.184
Iteration 289  HV  cores 378 117 1  time 3049.41 0 406.637
Iteration 290  HV  cores 379 117 1  time 3055.51 0 408.094
