lb 7023198122937 ub 512409557603043100 before adjustment
lb 0 ub 512402534404920163 after adjustment
costs ready
ub 10828464363126 after 2nd adjustment
53 variables 1431 functions 7023198122937 lb, 10828464363126 ub
Iteration 0  HV  cores 11 11 11  time 4.03003 0 1.23729
Iteration 1  HV  cores 20 20 9  time 8.72017 0 2.66742
Iteration 2  HV  cores 29 29 9  time 11.706 0 4.12727
Iteration 3  HV  cores 40 40 11  time 18.2249 0 5.63873
Iteration 4  HV  cores 49 49 9  time 21.4587 0 7.10839
Iteration 5  HV  cores 57 57 8  time 25.7107 0 8.61998
Iteration 6  HV  cores 66 66 9  time 29.6627 0 10.1999
Iteration 7  HV  cores 74 74 8  time 35.8417 0 11.8577
Iteration 8  HV  cores 82 82 8  time 38.0704 0 13.5226
Iteration 9  HV  cores 89 89 7  time 40.3356 0 15.2289
Iteration 10  HV  cores 96 96 7  time 42.433 0 16.9251
Iteration 11  HV  cores 103 103 7  time 45.7858 0 18.6587
Iteration 12  HV  cores 110 110 7  time 49.4169 0 20.3824
Iteration 13  HV  cores 117 116 7  time 58.6276 0 22.1759
Iteration 14  HV  cores 126 125 9  time 63.0742 0 24.0035
Iteration 15  HV  cores 133 132 7  time 66.3105 0 25.8526
Iteration 16  HV  cores 139 138 6  time 68.8936 0 27.6962
Iteration 17  HV  cores 147 146 8  time 72.1183 0 29.5336
Iteration 18  HV  cores 156 155 9  time 76.846 0 31.3707
Iteration 19  HV  cores 164 163 8  time 85.1914 0 33.2225
Iteration 20  HV  cores 171 170 7  time 88.5955 0 35.0782
Iteration 21  HV  cores 178 177 7  time 93.809 0 36.942
Iteration 22  HV  cores 185 184 7  time 97.4333 0 38.8288
Iteration 23  HV  cores 191 190 6  time 99.6823 0 40.7294
Iteration 24  HV  cores 198 197 7  time 102.325 0 42.6745
Iteration 25  HV  cores 206 205 8  time 106.866 0 44.594
Iteration 26  HV  cores 212 211 6  time 110.323 0 46.5356
Iteration 27  HV  cores 219 218 7  time 116.968 0 48.4993
Iteration 28  HV  cores 227 226 8  time 121.718 0 50.4567
Iteration 29  HV  cores 234 233 7  time 124.641 0 52.4306
Iteration 30  HV  cores 241 240 7  time 126.478 0 54.3987
Iteration 31  HV  cores 248 247 7  time 128.392 0 56.4308
Iteration 32  HV  cores 254 253 6  time 130.278 0 58.4389
Iteration 33  HV  cores 261 260 7  time 132.485 0 60.4481
Iteration 34  HV  cores 270 269 9  time 136.693 0 62.4859
Iteration 35  HV  cores 277 276 7  time 140.132 0 64.5253
Iteration 36  HV  cores 284 283 7  time 143.71 0 66.5746
Iteration 37  HV  cores 291 290 7  time 147.004 0 68.6351
Iteration 38  HV  cores 298 297 7  time 150.406 0 70.6981
Iteration 39  HV  cores 305 304 7  time 152.666 0 72.7578
Iteration 40  HV  cores 311 310 6  time 156.351 0 74.8443
Iteration 41  HV  cores 319 318 8  time 159.323 0 76.9382
Iteration 42  HV  cores 327 326 8  time 165.975 0 79.0615
Iteration 43  HV  cores 334 333 7  time 168.185 0 81.1845
Iteration 44  HV  cores 342 341 8  time 171.333 0 83.3328
Iteration 45  HV  cores 349 348 7  time 173.602 0 85.4664
Iteration 46  HV  cores 356 355 7  time 176.968 0 87.6106
Iteration 47  HV  cores 364 363 8  time 181.944 0 89.7585
Iteration 48  HV  cores 370 369 6  time 185.253 0 91.9194
Iteration 49  HV  cores 378 377 8  time 190.041 0 94.085
Iteration 50  HV  cores 385 384 7  time 191.667 0 96.2465
Iteration 51  HV  cores 393 392 8  time 194.381 0 98.4502
Iteration 52  HV  cores 399 398 6  time 196.839 0 100.691
Iteration 53  HV  cores 405 404 6  time 199.263 0 102.891
Iteration 54  HV  cores 411 410 6  time 202.809 0 105.109
Iteration 55  HV  cores 418 417 7  time 205.506 0 107.341
Iteration 56  HV  cores 425 424 7  time 209.288 0 109.581
Iteration 57  HV  cores 431 430 6  time 217.228 0 111.83
Iteration 58  HV  cores 438 437 7  time 219.279 0 114.089
Iteration 59  HV  cores 444 443 6  time 221.851 0 116.357
Iteration 60  HV  cores 450 449 6  time 223.252 0 118.614
Iteration 61  HV  cores 457 456 7  time 225.04 0 120.904
Iteration 62  HV  cores 463 462 6  time 227.302 0 123.146
Iteration 63  HV  cores 471 470 8  time 230.009 0 125.385
Iteration 64  HV  cores 478 477 7  time 232.163 0 127.634
Iteration 65  HV  cores 484 483 6  time 235.725 0 129.9
Iteration 66  HV  cores 491 490 7  time 237.263 0 132.174
Iteration 67  HV  cores 498 497 7  time 240.09 0 134.423
Iteration 68  HV  cores 505 504 7  time 241.771 0 136.697
Iteration 69  HV  cores 511 510 6  time 242.806 0 138.968
Iteration 70  HV  cores 518 516 7  time 243.889 0 141.253
Iteration 71  HV  cores 524 522 6  time 245.529 0 143.55
Iteration 72  HV  cores 531 529 7  time 247.486 0 145.864
Iteration 73  HV  cores 538 536 7  time 248.89 0 148.175
Iteration 74  HV  cores 545 543 7  time 253.806 0 150.501
Iteration 75  HV  cores 553 551 8  time 255.804 0 152.83
Iteration 76  HV  cores 559 557 6  time 257.427 0 155.163
Iteration 77  HV  cores 565 563 6  time 260.13 0 157.499
Iteration 78  HV  cores 572 570 7  time 263.896 0 159.827
Iteration 79  HV  cores 578 576 6  time 265.174 0 162.166
Iteration 80  HV  cores 584 582 6  time 266.094 0 164.538
Iteration 81  HV  cores 590 588 6  time 269.055 0 166.906
Iteration 82  HV  cores 597 595 7  time 271.483 0 169.274
Iteration 83  HV  cores 603 601 6  time 274.124 0 171.648
Iteration 84  HV  cores 610 608 7  time 276.695 0 174.018
Iteration 85  HV  cores 616 614 6  time 278.244 0 176.413
Iteration 86  HV  cores 623 621 7  time 282.739 0 178.818
Iteration 87  HV  cores 630 628 7  time 289.058 0 181.219
Iteration 88  HV  cores 636 634 6  time 290.422 0 183.619
Iteration 89  HV  cores 643 641 7  time 293.683 0 186.047
Iteration 90  HV  cores 649 647 6  time 295.121 0 188.492
Iteration 91  HV  cores 655 653 6  time 297.449 0 190.935
Iteration 92  HV  cores 662 660 7  time 299.949 0 193.37
Iteration 93  HV  cores 668 666 6  time 301.572 0 195.799
Iteration 94  HV  cores 674 672 6  time 303.592 0 198.244
Iteration 95  HV  cores 681 679 7  time 305.808 0 200.695
Iteration 96  HV  cores 687 685 6  time 307.898 0 203.138
Iteration 97  HV  cores 694 692 7  time 313.753 0 205.64
Iteration 98  HV  cores 700 698 6  time 315.254 0 208.121
Iteration 99  HV  cores 706 704 6  time 317.427 0 210.62
Iteration 100  HV  cores 713 711 7  time 318.734 0 213.131
Iteration 101  HV  cores 719 717 6  time 320.109 0 215.618
Iteration 102  HV  cores 726 724 7  time 322.931 0 218.137
Iteration 103  HV  cores 733 731 7  time 325.434 0 220.638
Iteration 104  HV  cores 740 738 7  time 327.14 0 223.17
Iteration 105  HV  cores 747 745 7  time 329.504 0 225.662
Iteration 106  HV  cores 753 751 6  time 330.491 0 228.173
Iteration 107  HV  cores 759 757 6  time 332.218 0 230.681
Iteration 108  HV  cores 765 763 6  time 335.03 0 233.254
Iteration 109  HV  cores 772 770 7  time 339.068 0 235.781
Iteration 110  HV  cores 778 776 6  time 343.112 0 238.376
Iteration 111  HV  cores 785 783 7  time 346.013 0 240.966
Iteration 112  HV  cores 791 789 6  time 347.011 0 243.545
Iteration 113  HV  cores 798 796 7  time 349.949 0 246.239
Iteration 114  HV  cores 804 802 6  time 351.975 0 248.817
Iteration 115  HV  cores 811 809 7  time 354.638 0 251.404
Iteration 116  HV  cores 817 815 6  time 356.274 0 254.029
Iteration 117  HV  cores 824 822 7  time 358.929 0 256.632
Iteration 118  HV  cores 830 828 6  time 361.249 0 259.226
Iteration 119  HV  cores 836 834 6  time 365.074 0 261.882
Iteration 120  HV  cores 842 840 6  time 366.941 0 264.558
Iteration 121  HV  cores 848 846 6  time 369.78 0 267.255
Iteration 122  HV  cores 854 852 6  time 376.452 0 269.979
Iteration 123  HV  cores 859 857 5  time 377.327 0 272.643
Iteration 124  HV  cores 865 863 6  time 378.846 0 275.345
Iteration 125  HV  cores 871 869 6  time 379.732 0 278.025
Iteration 126  HV  cores 878 876 7  time 382.178 0 280.714
Iteration 127  HV  cores 884 882 6  time 384.589 0 283.532
Iteration 128  HV  cores 889 887 5  time 386.413 0 286.358
Iteration 129  HV  cores 895 893 6  time 388.729 0 289.007
Iteration 130  HV  cores 903 901 8  time 391.131 0 291.722
Iteration 131  HV  cores 910 908 7  time 394.746 0 294.549
Iteration 132  HV  cores 916 914 6  time 396.727 0 297.33
Iteration 133  HV  cores 922 920 6  time 398.043 0 300.168
Iteration 134  HV  cores 928 926 6  time 400.636 0 303.019
Iteration 135  HV  cores 935 933 7  time 402.427 0 305.876
Iteration 136  HV  cores 941 939 6  time 407.918 0 308.764
Iteration 137  HV  cores 947 945 6  time 413.423 0 311.661
Iteration 138  HV  cores 953 951 6  time 415.605 0 314.553
Iteration 139  HV  cores 959 957 6  time 416.98 0 317.389
Iteration 140  HV  cores 965 963 6  time 419.32 0 320.308
Iteration 141  HV  cores 971 969 6  time 422.71 0 323.304
Iteration 142  HV  cores 977 975 6  time 424.556 0 326.252
Iteration 143  HV  cores 983 981 6  time 427.025 0 329.243
Iteration 144  HV  cores 990 988 7  time 429.963 0 332.25
Iteration 145  HV  cores 996 994 6  time 432.625 0 335.184
Iteration 146  HV  cores 1003 1001 7  time 434.385 0 338.153
Iteration 147  HV  cores 1009 1007 6  time 436.424 0 341.096
Iteration 148  HV  cores 1015 1013 6  time 438.357 0 344.109
Iteration 149  HV  cores 1021 1019 6  time 439.839 0 347.161
Iteration 150  HV  cores 1027 1025 6  time 440.801 0 350.226
Iteration 151  HV  cores 1033 1031 6  time 442.65 0 353.231
Iteration 152  HV  cores 1039 1037 6  time 444.221 0 356.247
Iteration 153  HV  cores 1045 1043 6  time 445.841 0 359.283
Iteration 154  HV  cores 1052 1050 7  time 448.573 0 362.328
Iteration 155  HV  cores 1058 1056 6  time 450.001 0 365.418
Iteration 156  HV  cores 1064 1062 6  time 451.74 0 368.493
Iteration 157  HV  cores 1070 1068 6  time 453.89 0 371.629
Iteration 158  HV  cores 1076 1074 6  time 457.374 0 374.684
Iteration 159  HV  cores 1082 1080 6  time 458.845 0 377.866
Iteration 160  HV  cores 1089 1087 7  time 461.95 0 381.012
Iteration 161  HV  cores 1094 1092 5  time 462.965 0 384.14
Iteration 162  HV  cores 1101 1099 7  time 465.59 0 387.235
Iteration 163  HV  cores 1108 1105 7  time 466.644 0 390.55
Iteration 164  HV  cores 1114 1111 6  time 467.715 0 393.769
Iteration 165  HV  cores 1120 1117 6  time 470.812 0 396.863
Iteration 166  HV  cores 1126 1123 6  time 473.084 0 400.027
Iteration 167  HV  cores 1133 1130 7  time 476.04 0 403.3
Iteration 168  HV  cores 1140 1137 7  time 483.696 0 406.557
Iteration 169  HV  cores 1146 1143 6  time 485.751 0 409.877
Iteration 170  HV  cores 1152 1149 6  time 487.818 0 413.058
Iteration 171  HV  cores 1158 1155 6  time 489.751 0 416.297
Iteration 172  HV  cores 1164 1161 6  time 490.571 0 419.51
Iteration 173  HV  cores 1171 1168 7  time 492.979 0 422.771
Iteration 174  HV  cores 1177 1174 6  time 494.33 0 426.009
Iteration 175  HV  cores 1184 1181 7  time 496.226 0 429.267
Iteration 176  HV  cores 1190 1187 6  time 499.119 0 432.502
Iteration 177  HV  cores 1196 1193 6  time 502.246 0 435.825
Iteration 178  HV  cores 1202 1199 6  time 504.115 0 439.104
Iteration 179  HV  cores 1208 1205 6  time 506.108 0 442.399
Iteration 180  HV  cores 1214 1211 6  time 508.959 0 445.647
Iteration 181  HV  cores 1220 1217 6  time 510.721 0 448.954
Iteration 182  HV  cores 1227 1224 7  time 513.322 0 452.208
Iteration 183  HV  cores 1233 1230 6  time 515.23 0 455.638
Iteration 184  HV  cores 1239 1236 6  time 516.15 0 458.98
Iteration 185  HV  cores 1245 1242 6  time 517.287 0 462.312
Iteration 186  HV  cores 1252 1249 7  time 518.585 0 465.668
Iteration 187  HV  cores 1258 1255 6  time 520.216 0 469.201
Iteration 188  HV  cores 1264 1261 6  time 521.199 0 472.633
Iteration 189  HV  cores 1270 1267 6  time 523.413 0 476.031
Iteration 190  HV  cores 1276 1273 6  time 524.637 0 479.352
Iteration 191  HV  cores 1282 1279 6  time 526.143 0 482.756
Iteration 192  HV  cores 1288 1285 6  time 528.079 0 486.165
Iteration 193  HV  cores 1295 1292 7  time 529.751 0 489.464
Iteration 194  HV  cores 1301 1298 6  time 531.139 0 492.795
Iteration 195  HV  cores 1307 1304 6  time 533.7 0 496.374
Iteration 196  HV  cores 1313 1310 6  time 534.637 0 499.867
Iteration 197  HV  cores 1319 1316 6  time 535.813 0 503.34
Iteration 198  HV  cores 1325 1322 6  time 538.867 0 506.78
Iteration 199  HV  cores 1331 1328 6  time 540.501 0 510.193
Iteration 200  HV  cores 1338 1335 7  time 542.645 0 513.607
Iteration 201  HV  cores 1344 1341 6  time 543.947 0 517.021
Iteration 202  HV  cores 1350 1347 6  time 544.68 0 520.548
Iteration 203  HV  cores 1356 1353 6  time 545.637 0 523.983
Iteration 204  HV  cores 1363 1359 7  time 547.272 0 527.488
Iteration 205  HV  cores 1369 1365 6  time 549.011 0 530.985
Iteration 206  HV  cores 1375 1371 6  time 550.212 0 534.517
Iteration 207  HV  cores 1382 1378 7  time 552.495 0 538.035
Iteration 208  HV  cores 1388 1384 6  time 553.82 0 541.559
Iteration 209  HV  cores 1394 1390 6  time 554.829 0 545.139
Iteration 210  HV  cores 1400 1396 6  time 557.293 0 548.712
Iteration 211  HV  cores 1406 1402 6  time 560.132 0 552.276
Iteration 212  HV  cores 1413 1409 7  time 563.035 0 555.808
Iteration 213  HV  cores 1420 1416 7  time 568.368 0 559.427
Iteration 214  HV  cores 1427 1423 7  time 570.599 0 563.162
Iteration 215  HV  cores 1433 1429 6  time 572.551 0 566.764
Iteration 216  HV  cores 1439 1435 6  time 576.947 0 570.422
Iteration 217  HV  cores 1446 1442 7  time 580.585 0 574.315
Iteration 218  HV  cores 1453 1449 7  time 581.978 0 577.85
Iteration 219  HV  cores 1460 1456 7  time 583.554 0 581.42
Iteration 220  HV  cores 1467 1463 7  time 586.288 0 585.038
Iteration 221  HV  cores 1474 1470 7  time 588.148 0 588.702
Iteration 222  HV  cores 1481 1477 7  time 591.562 0 592.307
Iteration 223  HV  cores 1487 1483 6  time 593.516 0 596.111
Iteration 224  HV  cores 1493 1489 6  time 594.961 0 599.779
Iteration 225  HV  cores 1499 1495 6  time 598.21 0 603.473
Iteration 226  HV  cores 1506 1502 7  time 599.938 0 607.136
Iteration 227  HV  cores 1512 1508 6  time 601.751 0 610.794
Iteration 228  HV  cores 1518 1514 6  time 603.19 0 614.665
Iteration 229  HV  cores 1525 1521 7  time 605.555 0 618.486
Iteration 230  HV  cores 1532 1528 7  time 607.266 0 622.302
Iteration 231  HV  cores 1538 1534 6  time 611.201 0 626.056
Iteration 232  HV  cores 1545 1541 7  time 614.518 0 629.725
Iteration 233  HV  cores 1551 1547 6  time 615.222 0 633.753
Iteration 234  HV  cores 1557 1553 6  time 617.351 0 637.518
Iteration 235  HV  cores 1564 1560 7  time 619.876 0 641.199
Iteration 236  HV  cores 1571 1567 7  time 628.291 0 644.924
Iteration 237  HV  cores 1577 1573 6  time 630.251 0 648.823
Iteration 238  HV  cores 1583 1579 6  time 631.495 0 652.644
Iteration 239  HV  cores 1590 1586 7  time 632.542 0 656.823
Iteration 240  HV  cores 1596 1592 6  time 633.937 0 660.761
Iteration 241  HV  cores 1603 1599 7  time 635.281 0 664.543
Iteration 242  HV  cores 1609 1605 6  time 636.411 0 668.422
Iteration 243  HV  cores 1616 1612 7  time 638.817 0 672.23
Iteration 244  HV  cores 1622 1618 6  time 640.341 0 676.183
Iteration 245  HV  cores 1628 1624 6  time 642.351 0 680.081
Iteration 246  HV  cores 1634 1630 6  time 643.81 0 683.915
Iteration 247  HV  cores 1641 1637 7  time 645.612 0 687.913
Iteration 248  HV  cores 1648 1644 7  time 647.631 0 691.767
Iteration 249  HV  cores 1654 1650 6  time 648.651 0 695.851
Iteration 250  HV  cores 1660 1656 6  time 649.813 0 699.989
Iteration 251  HV  cores 1667 1663 7  time 652.111 0 704.01
Iteration 252  HV  cores 1673 1669 6  time 653.666 0 707.966
Iteration 253  HV  cores 1679 1675 6  time 654.819 0 712.202
Iteration 254  HV  cores 1686 1682 7  time 657.199 0 716.123
Iteration 255  HV  cores 1693 1689 7  time 662.134 0 720.043
Iteration 256  HV  cores 1699 1695 6  time 663.085 0 724.063
Iteration 257  HV  cores 1705 1701 6  time 663.949 0 728.149
Iteration 258  HV  cores 1711 1707 6  time 666.378 0 732.169
Iteration 259  HV  cores 1717 1713 6  time 668.25 0 736.067
Iteration 260  HV  cores 1723 1719 6  time 669.66 0 739.964
Iteration 261  HV  cores 1729 1725 6  time 670.6 0 743.928
Iteration 262  HV  cores 1736 1732 7  time 673.578 0 748.199
Iteration 263  HV  cores 1742 1738 6  time 674.615 0 752.284
Iteration 264  HV  cores 1749 1745 7  time 675.702 0 756.268
Iteration 265  HV  cores 1755 1751 6  time 677.098 0 760.501
Iteration 266  HV  cores 1762 1758 7  time 678.256 0 764.684
Iteration 267  HV  cores 1770 1766 8  time 681.307 0 768.769
Iteration 268  HV  cores 1776 1772 6  time 684.347 0 772.856
Iteration 269  HV  cores 1782 1778 6  time 685.327 0 777.334
Iteration 270  HV  cores 1788 1784 6  time 686.559 0 781.469
Iteration 271  HV  cores 1796 1792 8  time 689.31 0 785.655
Iteration 272  HV  cores 1802 1798 6  time 690.914 0 790.135
Iteration 273  HV  cores 1808 1804 6  time 691.795 0 794.258
Iteration 274  HV  cores 1815 1811 7  time 693.12 0 798.72
Iteration 275  HV  cores 1822 1818 7  time 694.741 0 802.981
Iteration 276  HV  cores 1828 1824 6  time 697.304 0 807.578
Iteration 277  HV  cores 1835 1831 7  time 699.147 0 811.936
Iteration 278  HV  cores 1842 1838 7  time 700.981 0 816.318
Iteration 279  HV  cores 1848 1844 6  time 702.081 0 820.96
Iteration 280  HV  cores 1854 1850 6  time 703.846 0 825.303
Iteration 281  HV  cores 1860 1856 6  time 705.232 0 829.944
Iteration 282  HV  cores 1866 1862 6  time 706.775 0 834.383
Iteration 283  HV  cores 1873 1869 7  time 708.905 0 838.821
Iteration 284  HV  cores 1880 1876 7  time 712.251 0 843.229
Iteration 285  HV  cores 1886 1882 6  time 714.326 0 847.658
Iteration 286  HV  cores 1892 1888 6  time 716.641 0 851.943
Iteration 287  HV  cores 1898 1894 6  time 717.846 0 856.338
Iteration 288  HV  cores 1904 1900 6  time 719.226 0 861.06
Iteration 289  HV  cores 1910 1906 6  time 720.614 0 865.666
Iteration 290  HV  cores 1916 1912 6  time 726.459 0 870.273
Iteration 291  HV  cores 1922 1918 6  time 728.274 0 874.839
Iteration 292  HV  cores 1929 1925 7  time 729.889 0 879.338
Iteration 293  HV  cores 1935 1931 6  time 730.98 0 884.072
Iteration 294  HV  cores 1941 1937 6  time 733.205 0 888.908
Iteration 295  HV  cores 1947 1943 6  time 735.211 0 893.406
Iteration 296  HV  cores 1953 1949 6  time 737.001 0 898.095
Iteration 297  HV  cores 1959 1955 6  time 739.807 0 902.868
Iteration 298  HV  cores 1965 1961 6  time 742.367 0 907.248
Iteration 299  HV  cores 1971 1967 6  time 744.094 0 911.782
Iteration 300  HV  cores 1977 1973 6  time 746.383 0 916.468
Iteration 301  HV  cores 1983 1979 6  time 749.351 0 921.176
Iteration 302  HV  cores 1989 1985 6  time 750.918 0 925.847
Iteration 303  HV  cores 1995 1991 6  time 752.849 0 930.196
Iteration 304  HV  cores 2001 1997 6  time 754.45 0 934.787
Iteration 305  HV  cores 2007 2003 6  time 755.395 0 939.273
Iteration 306  HV  cores 2015 2011 8  time 757.593 0 944.392
Iteration 307  HV  cores 2022 2018 7  time 760.356 0 949.01
Iteration 308  HV  cores 2028 2024 6  time 761.041 0 953.683
Iteration 309  HV  cores 2035 2031 7  time 762.828 0 958.226
Iteration 310  HV  cores 2041 2037 6  time 764.586 0 963.097
Iteration 311  HV  cores 2047 2043 6  time 765.837 0 967.69
Iteration 312  HV  cores 2054 2050 7  time 767.05 0 972.688
Iteration 313  HV  cores 2060 2056 6  time 768.902 0 977.757
Iteration 314  HV  cores 2067 2063 7  time 770.715 0 982.744
Iteration 315  HV  cores 2073 2069 6  time 771.68 0 987.762
Iteration 316  HV  cores 2079 2075 6  time 773.029 0 992.515
Iteration 317  HV  cores 2086 2082 7  time 774.225 0 997.121
Iteration 318  HV  cores 2093 2089 7  time 776.075 0 1001.84
Iteration 319  HV  cores 2100 2096 7  time 777.138 0 1006.81
Iteration 320  HV  cores 2107 2103 7  time 783.19 0 1011.41
Iteration 321  HV  cores 2113 2109 6  time 786.087 0 1016.35
Iteration 322  HV  cores 2120 2116 7  time 787.308 0 1021.3
Iteration 323  HV  cores 2127 2123 7  time 788.79 0 1025.97
Iteration 324  HV  cores 2134 2129 7  time 789.782 0 1030.9
Iteration 325  HV  cores 2141 2136 7  time 792.011 0 1035.9
Iteration 326  HV  cores 2147 2142 6  time 793.487 0 1041.05
Iteration 327  HV  cores 2153 2148 6  time 794.598 0 1046.24
Iteration 328  HV  cores 2159 2154 6  time 795.86 0 1051.28
Iteration 329  HV  cores 2165 2160 6  time 797.338 0 1056.7
Iteration 330  HV  cores 2172 2167 7  time 799.277 0 1062.23
Iteration 331  HV  cores 2178 2173 6  time 801.534 0 1067.11
Iteration 332  HV  cores 2185 2180 7  time 803.307 0 1072.18
Iteration 333  HV  cores 2191 2186 6  time 804.576 0 1077.23
Iteration 334  HV  cores 2197 2192 6  time 806.479 0 1082.45
Iteration 335  HV  cores 2203 2198 6  time 807.309 0 1087.75
Iteration 336  HV  cores 2209 2204 6  time 808.371 0 1092.97
Iteration 337  HV  cores 2215 2210 6  time 809.904 0 1098.23
Iteration 338  HV  cores 2222 2217 7  time 811.321 0 1103.38
Iteration 339  HV  cores 2228 2223 6  time 812.942 0 1108.6
Iteration 340  HV  cores 2235 2230 7  time 822.244 0 1113.71
Iteration 341  HV  cores 2241 2236 6  time 823.814 0 1118.43
Iteration 342  HV  cores 2246 2241 5  time 824.433 0 1123.5
Iteration 343  HV  cores 2253 2248 7  time 826.569 0 1128.86
Iteration 344  HV  cores 2259 2254 6  time 829.491 0 1134.08
Iteration 345  HV  cores 2266 2261 7  time 831.876 0 1139.31
Iteration 346  HV  cores 2272 2267 6  time 833.357 0 1144.68
Iteration 347  HV  cores 2278 2273 6  time 834.631 0 1150.18
Iteration 348  HV  cores 2285 2280 7  time 837.361 0 1155.58
Iteration 349  HV  cores 2291 2286 6  time 839.542 0 1161
Iteration 350  HV  cores 2297 2292 6  time 840.574 0 1166.22
Iteration 351  HV  cores 2303 2298 6  time 842.062 0 1171.29
Iteration 352  HV  cores 2309 2304 6  time 843.67 0 1176.64
Iteration 353  HV  cores 2316 2311 7  time 845.066 0 1181.68
Iteration 354  HV  cores 2322 2317 6  time 846.404 0 1186.76
Iteration 355  HV  cores 2328 2323 6  time 848.14 0 1191.87
Iteration 356  HV  cores 2334 2329 6  time 849.385 0 1197.01
Iteration 357  HV  cores 2341 2336 7  time 852.107 0 1202.2
Iteration 358  HV  cores 2348 2343 7  time 853.504 0 1207.68
Iteration 359  HV  cores 2354 2349 6  time 856.244 0 1212.79
Iteration 360  HV  cores 2360 2355 6  time 858.986 0 1218.11
Iteration 361  HV  cores 2366 2361 6  time 860.5 0 1223.64
Iteration 362  HV  cores 2372 2367 6  time 862.7 0 1229.22
Iteration 363  HV  cores 2378 2373 6  time 864.761 0 1234.57
Iteration 364  HV  cores 2384 2379 6  time 865.662 0 1239.83
Iteration 365  HV  cores 2390 2385 6  time 866.578 0 1245.75
Iteration 366  HV  cores 2396 2391 6  time 867.908 0 1251.22
Iteration 367  HV  cores 2402 2397 6  time 870.317 0 1257.09
Iteration 368  HV  cores 2409 2404 7  time 872.452 0 1262.65
Iteration 369  HV  cores 2415 2410 6  time 875.7 0 1268.83
Iteration 370  HV  cores 2422 2416 7  time 877.318 0 1274.72
Iteration 371  HV  cores 2428 2422 6  time 878.721 0 1280.16
Iteration 372  HV  cores 2434 2428 6  time 879.738 0 1286
Iteration 373  HV  cores 2440 2434 6  time 880.878 0 1292.14
Iteration 374  HV  cores 2447 2441 7  time 883.246 0 1297.69
Iteration 375  HV  cores 2453 2447 6  time 884.314 0 1303.18
Iteration 376  HV  cores 2459 2453 6  time 886.436 0 1309.11
Iteration 377  HV  cores 2465 2459 6  time 887.225 0 1314.96
Iteration 378  HV  cores 2472 2466 7  time 889.203 0 1320.91
Iteration 379  HV  cores 2478 2472 6  time 890.705 0 1327.06
Iteration 380  HV  cores 2484 2478 6  time 891.995 0 1332.74
Iteration 381  HV  cores 2490 2484 6  time 893.238 0 1338.7
Iteration 382  HV  cores 2496 2490 6  time 896.437 0 1344.73
Iteration 383  HV  cores 2501 2495 5  time 897.722 0 1350.68
Iteration 384  HV  cores 2507 2501 6  time 899.207 0 1356.7
Iteration 385  HV  cores 2513 2507 6  time 901.782 0 1362.44
Iteration 386  HV  cores 2520 2514 7  time 904.623 0 1368.35
Iteration 387  HV  cores 2526 2520 6  time 905.101 0 1374.19
Iteration 388  HV  cores 2532 2526 6  time 906.451 0 1380
Iteration 389  HV  cores 2539 2533 7  time 909.449 0 1385.83
Iteration 390  HV  cores 2545 2539 6  time 910.512 0 1392.18
Iteration 391  HV  cores 2551 2545 6  time 912.207 0 1398.44
Iteration 392  HV  cores 2557 2551 6  time 914.301 0 1404.3
Iteration 393  HV  cores 2563 2557 6  time 916.582 0 1410.7
Iteration 394  HV  cores 2569 2563 6  time 920.374 0 1416.31
Iteration 395  HV  cores 2575 2569 6  time 921.314 0 1422.2
Iteration 396  HV  cores 2581 2575 6  time 922.578 0 1428.31
Iteration 397  HV  cores 2587 2581 6  time 925.134 0 1434.27
Iteration 398  HV  cores 2593 2587 6  time 926.637 0 1440.36
Iteration 399  HV  cores 2599 2593 6  time 929.639 0 1446.64
Iteration 400  HV  cores 2606 2600 7  time 931.192 0 1452.78
Iteration 401  HV  cores 2613 2607 7  time 932.586 0 1459.02
Iteration 402  HV  cores 2619 2613 6  time 933.666 0 1465.04
Iteration 403  HV  cores 2625 2619 6  time 934.856 0 1471.44
Iteration 404  HV  cores 2631 2624 6  time 936.348 0 1478.15
Iteration 405  HV  cores 2637 2630 6  time 937.992 0 1483.61
Iteration 406  HV  cores 2643 2636 6  time 940.14 0 1490.57
Iteration 407  HV  cores 2649 2642 6  time 941.616 0 1496.9
Iteration 408  HV  cores 2655 2646 6  time 942.775 0 1502.87
Iteration 409  HV  cores 2662 2653 7  time 944.358 0 1509.41
Iteration 410  HV  cores 2668 2659 6  time 945.441 0 1515.72
Iteration 411  HV  cores 2674 2665 6  time 949.523 0 1521.68
Iteration 412  HV  cores 2680 2671 6  time 953.754 0 1528.36
Iteration 413  HV  cores 2686 2677 6  time 955.245 0 1535.15
Iteration 414  HV  cores 2693 2684 7  time 957.634 0 1541.45
Iteration 415  HV  cores 2698 2689 5  time 958.795 0 1548.37
Iteration 416  HV  cores 2704 2695 6  time 960.351 0 1554.24
Iteration 417  HV  cores 2710 2701 6  time 962.395 0 1560.36
Iteration 418  HV  cores 2717 2708 7  time 964.047 0 1566.56
Iteration 419  HV  cores 2723 2714 6  time 965.356 0 1572.71
Iteration 420  HV  cores 2729 2720 6  time 966.615 0 1579.59
Iteration 421  HV  cores 2735 2726 6  time 968.694 0 1585.7
Iteration 422  HV  cores 2741 2732 6  time 970.249 0 1592.44
Iteration 423  HV  cores 2747 2738 6  time 971.943 0 1598.9
Iteration 424  HV  cores 2753 2744 6  time 973.697 0 1605.5
Iteration 425  HV  cores 2759 2750 6  time 974.722 0 1611.64
Iteration 426  HV  cores 2765 2756 6  time 976.963 0 1618.14
Iteration 427  HV  cores 2772 2763 7  time 979.302 0 1624.93
Iteration 428  HV  cores 2778 2769 6  time 980.538 0 1631.21
Iteration 429  HV  cores 2784 2775 6  time 981.991 0 1637.66
Iteration 430  HV  cores 2790 2781 6  time 983.847 0 1644.16
Iteration 431  HV  cores 2796 2787 6  time 984.857 0 1650.67
Iteration 432  HV  cores 2803 2794 7  time 986.117 0 1657.32
Iteration 433  HV  cores 2809 2800 6  time 987.962 0 1664.21
Iteration 434  HV  cores 2816 2807 7  time 989.97 0 1670.44
Iteration 435  HV  cores 2822 2813 6  time 991.967 0 1676.49
Iteration 436  HV  cores 2828 2819 6  time 993.42 0 1683.36
Iteration 437  HV  cores 2834 2825 6  time 995.322 0 1689.83
Iteration 438  HV  cores 2840 2831 6  time 997.475 0 1697.27
Iteration 439  HV  cores 2846 2837 6  time 999.57 0 1703.97
Iteration 440  HV  cores 2852 2843 6  time 1002.1 0 1710.54
Iteration 441  HV  cores 2858 2849 6  time 1003.66 0 1717.22
Iteration 442  HV  cores 2865 2856 7  time 1007.2 0 1724.35
Iteration 443  HV  cores 2871 2862 6  time 1008.43 0 1730.95
Iteration 444  HV  cores 2877 2868 6  time 1009.46 0 1737.13
Iteration 445  HV  cores 2883 2874 6  time 1011.38 0 1743.46
Iteration 446  HV  cores 2889 2880 6  time 1013.07 0 1750.29
Iteration 447  HV  cores 2895 2886 6  time 1014.28 0 1757.42
Iteration 448  HV  cores 2901 2892 6  time 1016.29 0 1763.99
Iteration 449  HV  cores 2908 2899 7  time 1018.16 0 1770.66
Iteration 450  HV  cores 2915 2906 7  time 1020.53 0 1777.23
Iteration 451  HV  cores 2922 2913 7  time 1022.64 0 1784.94
Iteration 452  HV  cores 2928 2919 6  time 1024.84 0 1791.51
Iteration 453  HV  cores 2935 2926 7  time 1027.7 0 1798.43
Iteration 454  HV  cores 2941 2932 6  time 1034.14 0 1805.68
Iteration 455  HV  cores 2948 2939 7  time 1036.17 0 1812.36
Iteration 456  HV  cores 2955 2946 7  time 1039.37 0 1819
Iteration 457  HV  cores 2963 2954 8  time 1042.62 0 1825.34
Iteration 458  HV  cores 2969 2960 6  time 1046.35 0 1832.47
Iteration 459  HV  cores 2977 2968 8  time 1048.37 0 1839.55
Iteration 460  HV  cores 2984 2975 7  time 1050.79 0 1846.76
Iteration 461  HV  cores 2990 2981 6  time 1052.96 0 1853.94
Iteration 462  HV  cores 2996 2987 6  time 1054.32 0 1861.15
Iteration 463  HV  cores 3002 2993 6  time 1055.28 0 1868.51
Iteration 464  HV  cores 3008 2999 6  time 1057.02 0 1875.58
Iteration 465  HV  cores 3014 3005 6  time 1058.05 0 1882.99
Iteration 466  HV  cores 3020 3011 6  time 1059.27 0 1890.5
Iteration 467  HV  cores 3027 3018 7  time 1062.77 0 1897.26
Iteration 468  HV  cores 3034 3025 7  time 1064.91 0 1904.29
Iteration 469  HV  cores 3041 3032 7  time 1067.03 0 1911.16
Iteration 470  HV  cores 3048 3039 7  time 1068.96 0 1918.09
Iteration 471  HV  cores 3055 3046 7  time 1071.02 0 1925.72
Iteration 472  HV  cores 3062 3053 7  time 1073.57 0 1933.16
Iteration 473  HV  cores 3069 3060 7  time 1075.11 0 1940.46
Iteration 474  HV  cores 3076 3067 7  time 1076.21 0 1948.69
Iteration 475  HV  cores 3083 3074 7  time 1077.42 0 1955.58
Iteration 476  HV  cores 3091 3082 8  time 1079.19 0 1962.95
Iteration 477  HV  cores 3098 3089 7  time 1081.04 0 1970.83
Iteration 478  HV  cores 3104 3095 6  time 1083.01 0 1978.56
Iteration 479  HV  cores 3111 3102 7  time 1086.08 0 1985.5
Iteration 480  HV  cores 3118 3109 7  time 1087.18 0 1992.52
Iteration 481  HV  cores 3125 3116 7  time 1089.8 0 2000.12
Iteration 482  HV  cores 3132 3123 7  time 1091.2 0 2007.74
Iteration 483  HV  cores 3138 3129 6  time 1092.24 0 2015.2
Iteration 484  HV  cores 3145 3136 7  time 1093.62 0 2023.17
Iteration 485  HV  cores 3151 3142 6  time 1095.27 0 2030.28
Iteration 486  HV  cores 3158 3149 7  time 1098.96 0 2037.91
Iteration 487  HV  cores 3165 3156 7  time 1100.83 0 2045.37
Iteration 488  HV  cores 3171 3162 6  time 1102.12 0 2052.63
Iteration 489  HV  cores 3178 3169 7  time 1105.18 0 2059.58
Iteration 490  HV  cores 3185 3176 7  time 1107.57 0 2067.39
Iteration 491  HV  cores 3192 3183 7  time 1109.11 0 2074.63
Iteration 492  HV  cores 3199 3190 7  time 1111.11 0 2082.68
Iteration 493  HV  cores 3206 3197 7  time 1112.26 0 2090.52
Iteration 494  HV  cores 3213 3204 7  time 1114.39 0 2097.96
Iteration 495  HV  cores 3220 3211 7  time 1117.26 0 2105.01
Iteration 496  HV  cores 3226 3217 6  time 1119.29 0 2112.62
Iteration 497  HV  cores 3233 3224 7  time 1121.01 0 2120.49
Iteration 498  HV  cores 3241 3232 8  time 1123.33 0 2128.36
Iteration 499  HV  cores 3249 3240 8  time 1126.78 0 2135.99
Iteration 500  HV  cores 3256 3247 7  time 1129.53 0 2143.53
Iteration 501  HV  cores 3262 3253 6  time 1130.9 0 2151.1
Iteration 502  HV  cores 3269 3260 7  time 1135.9 0 2158.49
Iteration 503  HV  cores 3275 3266 6  time 1139.87 0 2165.37
Iteration 504  HV  cores 3281 3272 6  time 1141.96 0 2172.41
Iteration 505  HV  cores 3288 3279 7  time 1143.15 0 2179.26
Iteration 506  HV  cores 3294 3285 6  time 1145.9 0 2186.48
Iteration 507  HV  cores 3300 3291 6  time 1146.97 0 2194.32
Iteration 508  HV  cores 3306 3297 6  time 1148.51 0 2201.66
Iteration 509  HV  cores 3313 3304 7  time 1152.08 0 2208.98
Iteration 510  HV  cores 3319 3310 6  time 1153.35 0 2216.25
Iteration 511  HV  cores 3326 3317 7  time 1156.39 0 2223.48
Iteration 512  HV  cores 3332 3323 6  time 1157.31 0 2230.87
Iteration 513  HV  cores 3339 3330 7  time 1158.93 0 2239.64
Iteration 514  HV  cores 3345 3336 6  time 1160.44 0 2246.98
Iteration 515  HV  cores 3351 3342 6  time 1162.08 0 2253.95
Iteration 516  HV  cores 3358 3349 7  time 1165.87 0 2261.42
Iteration 517  HV  cores 3364 3355 6  time 1166.73 0 2268.77
Iteration 518  HV  cores 3371 3362 7  time 1168.09 0 2276.6
Iteration 519  HV  cores 3377 3368 6  time 1169.57 0 2283.85
Iteration 520  HV  cores 3383 3374 6  time 1171.16 0 2291.73
Iteration 521  HV  cores 3390 3381 7  time 1173.64 0 2299.48
Iteration 522  HV  cores 3396 3387 6  time 1174.61 0 2307.21
Iteration 523  HV  cores 3403 3394 7  time 1177.03 0 2315.09
Iteration 524  HV  cores 3409 3400 6  time 1178.21 0 2322.88
Iteration 525  HV  cores 3415 3406 6  time 1179.75 0 2331.19
Iteration 526  HV  cores 3421 3412 6  time 1181.77 0 2339.3
Iteration 527  HV  cores 3427 3418 6  time 1182.57 0 2347.41
Iteration 528  HV  cores 3434 3425 7  time 1184.8 0 2355.79
Iteration 529  HV  cores 3441 3432 7  time 1186.43 0 2363.89
Iteration 530  HV  cores 3448 3439 7  time 1188.17 0 2371.92
Iteration 531  HV  cores 3455 3446 7  time 1190.61 0 2380.12
Iteration 532  HV  cores 3461 3452 6  time 1191.41 0 2388.96
Iteration 533  HV  cores 3468 3459 7  time 1192.47 0 2397.04
