lb 5457 ub 138006 before adjustment
1072 unsorted cost functions
lb 0 ub 132549 after adjustment
costs ready
ub 101537 after 2nd adjustment
727 variables 1912 functions 5457 lb, 101537 ub
Iteration 0  HV  cores 18 18 18  time 0.009765 0 0
Iteration 1  HV  cores 28 28 10  time 0.013963 0 0
Iteration 2  HV  cores 35 35 7  time 0.0172 0 0
Iteration 3  HV  cores 42 42 7  time 0.020271 0 0
Iteration 4  HV  cores 47 46 5  time 0.022588 0 0
Iteration 5  HV  cores 52 50 5  time 0.024948 0 0
Iteration 6  HV  cores 57 54 5  time 0.027163 0 0
Iteration 7  HV  cores 62 58 5  time 0.029794 0 0
Iteration 8  HV  cores 67 63 5  time 0.031991 0 0
Iteration 9  HV  cores 69 65 2  time 0.033135 0 0
Iteration 10  HV  cores 71 67 2  time 0.034194 0 0
Iteration 11  HV  cores 73 69 2  time 0.035264 0 0
Iteration 12  HV  cores 74 70 1  time 0.035972 0 0
Iteration 13  HV  cores 75 71 1  time 0.036749 0 0
Iteration 14  HV  cores 76 72 1  time 0.037524 0 0
Iteration 15  HV  cores 77 73 1  time 0.038292 0 0
Iteration 16  HV  cores 78 74 1  time 0.038967 0 0
Iteration 17  HV  cores 79 75 1  time 0.039768 0 0
Iteration 18  HV  cores 80 76 1  time 0.040439 0 0
Iteration 19  HV  cores 81 77 1  time 0.041154 0 0
Iteration 20  HV  cores 82 78 1  time 0.041828 0 0
Iteration 21  HV  cores 83 79 1  time 0.042505 0 0
Iteration 22  HV  cores 84 80 1  time 0.04321 0 0
Iteration 23  HV  cores 85 81 1  time 0.04389 0 0
Iteration 24  HV  cores 86 82 1  time 0.044564 0 0
Iteration 25  HV  cores 87 83 1  time 0.045264 0 0
Iteration 26  HV  cores 88 84 1  time 0.045939 0 0
Iteration 27  HV  cores 89 85 1  time 0.046613 0 0
Iteration 28  HV  cores 90 82 1  time 0.047287 0 0
Iteration 29  HV  cores 91 83 1  time 0.047956 0 0
Iteration 30  HV  cores 92 84 1  time 0.048628 0 0
Iteration 31 MHV  lb 7130 ub 10271  time 0.048959 0.006683 0
Iteration 32  HV  cores 98 90 6  time 0.051794 0.006683 0
Iteration 33  HV  cores 103 94 5  time 0.053969 0.006683 0
Iteration 34  HV  cores 107 98 4  time 0.055965 0.006683 0
Iteration 35  HV  cores 111 102 4  time 0.057992 0.006683 0
Iteration 36  HV  cores 113 103 2  time 0.059058 0.006683 0
Iteration 37  HV  cores 115 105 2  time 0.060142 0.006683 0
Iteration 38  HV  cores 117 107 2  time 0.061253 0.006683 0
Iteration 39  HV  cores 119 109 2  time 0.062318 0.006683 0
Iteration 40  HV  cores 121 110 2  time 0.063381 0.006683 0
Iteration 41  HV  cores 123 112 2  time 0.064417 0.006683 0
Iteration 42  HV  cores 125 114 2  time 0.06551 0.006683 0
Iteration 43  HV  cores 127 116 2  time 0.066587 0.006683 0
Iteration 44  HV  cores 129 118 2  time 0.067719 0.006683 0
Iteration 45  HV  cores 131 120 2  time 0.069303 0.006683 0
Iteration 46  HV  cores 132 121 1  time 0.070285 0.006683 0
Iteration 47  HV  cores 133 122 1  time 0.07096 0.006683 0
Iteration 48  HV  cores 134 122 1  time 0.071648 0.006683 0
Iteration 49  HV  cores 135 122 1  time 0.072298 0.006683 0
Iteration 50  HV  cores 136 123 1  time 0.072978 0.006683 0
Iteration 51  HV  cores 137 124 1  time 0.073628 0.006683 0
Iteration 52  HV  cores 138 125 1  time 0.07428 0.006683 0
Iteration 53  HV  cores 139 126 1  time 0.07493 0.006683 0
Iteration 54  HV  cores 140 127 1  time 0.075586 0.006683 0
Iteration 55  HV  cores 141 128 1  time 0.076237 0.006683 0
Iteration 56  HV  cores 142 129 1  time 0.076901 0.006683 0
Iteration 57  HV  cores 143 130 1  time 0.077558 0.006683 0
Iteration 58  HV  cores 144 131 1  time 0.078213 0.006683 0
Iteration 59  HV  cores 145 131 1  time 0.078906 0.006683 0
Iteration 60  HV  cores 146 132 1  time 0.079578 0.006683 0
Iteration 61  HV  cores 147 133 1  time 0.080483 0.006683 0
Iteration 62  HV  cores 148 134 1  time 0.081285 0.006683 0
Iteration 63  HV  cores 149 135 1  time 0.081935 0.006683 0
Iteration 64  HV  cores 150 136 1  time 0.082728 0.006683 0
Iteration 65  HV  cores 151 137 1  time 0.083379 0.006683 0
Iteration 66  HV  cores 152 138 1  time 0.084094 0.006683 0
Iteration 67  HV  cores 153 139 1  time 0.084757 0.006683 0
Iteration 68  HV  cores 154 140 1  time 0.085551 0.006683 0
Iteration 69  HV  cores 155 141 1  time 0.08631 0.006683 0
Iteration 70  HV  cores 157 143 2  time 0.087814 0.006683 0
Iteration 71  HV  cores 159 145 2  time 0.08907 0.006683 0
Iteration 72  HV  cores 160 146 1  time 0.089757 0.006683 0
Iteration 73  HV  cores 161 147 1  time 0.090542 0.006683 0
Iteration 74  HV  cores 162 148 1  time 0.091292 0.006683 0
Iteration 75  HV  cores 163 149 1  time 0.092005 0.006683 0
Iteration 76  HV  cores 164 150 1  time 0.092687 0.006683 0
Iteration 77 MHV  lb 7241 ub 9609  time 0.092968 0.021384 0
Iteration 78  HV  cores 170 156 6  time 0.095799 0.021384 0
Iteration 79  HV  cores 177 163 7  time 0.098958 0.021384 0
Iteration 80  HV  cores 182 167 5  time 0.101228 0.021384 0
Iteration 81  HV  cores 185 170 3  time 0.102735 0.021384 0
Iteration 82  HV  cores 186 171 1  time 0.103453 0.021384 0
Iteration 83  HV  cores 187 172 1  time 0.104157 0.021384 0
Iteration 84  HV  cores 189 174 2  time 0.105383 0.021384 0
Iteration 85  HV  cores 191 176 2  time 0.106451 0.021384 0
Iteration 86  HV  cores 193 178 2  time 0.10774 0.021384 0
Iteration 87  HV  cores 195 180 2  time 0.109063 0.021384 0
Iteration 88  HV  cores 197 182 2  time 0.110256 0.021384 0
Iteration 89  HV  cores 198 183 1  time 0.110974 0.021384 0
Iteration 90  HV  cores 200 185 2  time 0.112315 0.021384 0
Iteration 91  HV  cores 202 187 2  time 0.113452 0.021384 0
Iteration 92  HV  cores 204 189 2  time 0.114643 0.021384 0
Iteration 93  HV  cores 206 191 2  time 0.115874 0.021384 0
Iteration 94  HV  cores 208 192 2  time 0.117092 0.021384 0
Iteration 95  HV  cores 209 193 1  time 0.117782 0.021384 0
Iteration 96  HV  cores 210 194 1  time 0.11849 0.021384 0
Iteration 97  HV  cores 211 195 1  time 0.119286 0.021384 0
Iteration 98  HV  cores 212 196 1  time 0.120194 0.021384 0
Iteration 99  HV  cores 213 197 1  time 0.121172 0.021384 0
Iteration 100  HV  cores 214 198 1  time 0.122088 0.021384 0
Iteration 101  HV  cores 215 198 1  time 0.122893 0.021384 0
Iteration 102  HV  cores 218 201 3  time 0.124523 0.021384 0
Iteration 103  HV  cores 220 203 2  time 0.125815 0.021384 0
Iteration 104  HV  cores 221 204 1  time 0.126608 0.021384 0
Iteration 105  HV  cores 222 205 1  time 0.127379 0.021384 0
Iteration 106  HV  cores 223 205 1  time 0.128159 0.021384 0
Iteration 107  HV  cores 224 206 1  time 0.128836 0.021384 0
Iteration 108  HV  cores 225 207 1  time 0.129498 0.021384 0
Iteration 109  HV  cores 226 208 1  time 0.13018 0.021384 0
Iteration 110  HV  cores 227 209 1  time 0.130875 0.021384 0
Iteration 111  HV  cores 228 209 1  time 0.131552 0.021384 0
Iteration 112  HV  cores 229 210 1  time 0.132226 0.021384 0
Iteration 113  HV  cores 230 210 1  time 0.132898 0.021384 0
Iteration 114 MHV  lb 7325 ub 9609  time 0.133178 0.051921 0
Iteration 115  HV  cores 233 213 3  time 0.134759 0.051921 0
Iteration 116  HV  cores 236 216 3  time 0.136359 0.051921 0
Iteration 117  HV  cores 239 219 3  time 0.1378 0.051921 0
Iteration 118  HV  cores 242 220 3  time 0.13941 0.051921 0
Iteration 119  HV  cores 245 223 3  time 0.141109 0.051921 0
Iteration 120  HV  cores 247 224 2  time 0.142242 0.051921 0
Iteration 121  HV  cores 249 226 2  time 0.143386 0.051921 0
Iteration 122  HV  cores 251 228 2  time 0.144658 0.051921 0
Iteration 123  HV  cores 252 229 1  time 0.145351 0.051921 0
Iteration 124  HV  cores 253 230 1  time 0.146013 0.051921 0
Iteration 125  HV  cores 254 231 1  time 0.146698 0.051921 0
Iteration 126  HV  cores 255 232 1  time 0.147359 0.051921 0
Iteration 127  HV  cores 256 233 1  time 0.148019 0.051921 0
Iteration 128  HV  cores 257 234 1  time 0.148678 0.051921 0
Iteration 129  HV  cores 258 235 1  time 0.149343 0.051921 0
Iteration 130  HV  cores 259 236 1  time 0.150037 0.051921 0
Iteration 131  HV  cores 260 237 1  time 0.150698 0.051921 0
Iteration 132  HV  cores 261 238 1  time 0.151356 0.051921 0
Iteration 133  HV  cores 262 239 1  time 0.152015 0.051921 0
Iteration 134  HV  cores 263 240 1  time 0.152675 0.051921 0
Iteration 135  HV  cores 264 241 1  time 0.153358 0.051921 0
Iteration 136  HV  cores 266 243 2  time 0.154627 0.051921 0
Iteration 137  HV  cores 267 244 1  time 0.155372 0.051921 0
Iteration 138  HV  cores 269 246 2  time 0.156489 0.051921 0
Iteration 139  HV  cores 271 248 2  time 0.157599 0.051921 0
Iteration 140  HV  cores 272 248 1  time 0.158308 0.051921 0
Iteration 141  HV  cores 273 249 1  time 0.158965 0.051921 0
Iteration 142  HV  cores 274 250 1  time 0.159616 0.051921 0
Iteration 143  HV  cores 275 251 1  time 0.160302 0.051921 0
Iteration 144  HV  cores 276 252 1  time 0.16123 0.051921 0
Iteration 145  HV  cores 277 253 1  time 0.161922 0.051921 0
Iteration 146  HV  cores 278 254 1  time 0.162619 0.051921 0
Iteration 147  HV  cores 279 255 1  time 0.16331 0.051921 0
Iteration 148 MHV  lb 7339 ub 9101  time 0.163589 0.095325 0
Iteration 149  HV  cores 281 257 2  time 0.164814 0.095325 0
Iteration 150  HV  cores 283 259 2  time 0.165983 0.095325 0
Iteration 151  HV  cores 285 261 2  time 0.167104 0.095325 0
Iteration 152  HV  cores 286 262 1  time 0.167772 0.095325 0
Iteration 153  HV  cores 287 263 1  time 0.168431 0.095325 0
Iteration 154 MHV  lb 7341 ub 7421  time 0.168732 0.137502 0
Iteration 155  HV  cores 289 265 2  time 0.169897 0.137502 0
Iteration 156  HV  cores 291 267 2  time 0.17097 0.137502 0
Iteration 157  HV  cores 293 269 2  time 0.171982 0.137502 0
Iteration 158  HV  cores 295 269 2  time 0.173062 0.137502 0
Iteration 159  HV  cores 296 270 1  time 0.173774 0.137502 0
Iteration 160  HV  cores 298 272 2  time 0.174877 0.137502 0
Iteration 161  HV  cores 300 274 2  time 0.175956 0.137502 0
Iteration 162  HV  cores 301 275 1  time 0.176908 0.137502 0
Iteration 163  HV  cores 302 276 1  time 0.177608 0.137502 0
Iteration 164  HV  cores 303 276 1  time 0.178347 0.137502 0
Iteration 165  HV  cores 304 277 1  time 0.17974 0.137502 0
Iteration 166  HV  cores 305 278 1  time 0.180459 0.137502 0
Iteration 167  HV  cores 306 279 1  time 0.18118 0.137502 0
Iteration 168  HV  cores 307 280 1  time 0.181924 0.137502 0
Iteration 169  HV  cores 308 281 1  time 0.182623 0.137502 0
Iteration 170  HV  cores 309 282 1  time 0.183318 0.137502 0
Iteration 171  HV  cores 310 283 1  time 0.184012 0.137502 0
Iteration 172  HV  cores 311 284 1  time 0.184699 0.137502 0
Iteration 173  HV  cores 312 285 1  time 0.185398 0.137502 0
Iteration 174  HV  cores 313 286 1  time 0.186158 0.137502 0
Iteration 175  HV  cores 314 287 1  time 0.186847 0.137502 0
Iteration 176  HV  cores 315 288 1  time 0.187549 0.137502 0
Iteration 177  HV  cores 316 289 1  time 0.188249 0.137502 0
Iteration 178  HV  cores 317 290 1  time 0.189017 0.137502 0
Iteration 179  HV  cores 318 291 1  time 0.189818 0.137502 0
Iteration 180  HV  cores 319 292 1  time 0.190589 0.137502 0
Iteration 181 MHV  lb 7341 ub 7421  time 0.190869 0.187475 0
Iteration 182 MHV  lb 7341 ub 7341  time 0.191303 0.188106 0
Optimal value: 7341
Real time: 0.41483
CPU time: 0.54172
