lb 3915 ub 120355 before adjustment
1055 unsorted cost functions
lb 0 ub 116440 after adjustment
costs ready
ub 95672 after 2nd adjustment
684 variables 1813 functions 3915 lb, 95672 ub
Iteration 0  HV  cores 16 16 16  time 0.00746 0 0.002123
Iteration 1  HV  cores 27 27 11  time 0.012689 0 0.007168
Iteration 2  HV  cores 37 35 10  time 0.017475 0 0.010842
Iteration 3  HV  cores 43 41 6  time 0.01996 0 0.015775
Iteration 4  HV  cores 49 46 6  time 0.022496 0 0.020491
Iteration 5  HV  cores 57 54 8  time 0.026305 0 0.02544
Iteration 6  HV  cores 63 60 6  time 0.02896 0 0.030988
Iteration 7  HV  cores 70 66 7  time 0.031927 0 0.03563
Iteration 8  HV  cores 77 72 7  time 0.035239 0 0.041104
Iteration 9  HV  cores 85 80 8  time 0.038546 0 0.047097
Iteration 10  HV  cores 90 85 5  time 0.040893 0 0.052714
Iteration 11  HV  cores 97 92 7  time 0.043761 0 0.059578
Iteration 12  HV  cores 104 98 7  time 0.046844 0 0.066709
Iteration 13  HV  cores 110 104 6  time 0.049533 0 0.073762
Iteration 14  HV  cores 116 110 6  time 0.052192 0 0.080862
Iteration 15  HV  cores 120 114 4  time 0.054042 0 0.088015
Iteration 16  HV  cores 122 116 2  time 0.055198 0 0.095189
Iteration 17  HV  cores 131 125 9  time 0.058971 0 0.102951
Iteration 18  HV  cores 138 132 7  time 0.062026 0 0.11141
Iteration 19  HV  cores 145 139 7  time 0.065066 0 0.120464
Iteration 20  HV  cores 146 140 1  time 0.065803 0 0.130035
Iteration 21  HV  cores 150 144 4  time 0.067614 0 0.139536
Iteration 22  HV  cores 152 146 2  time 0.068665 0 0.149113
Iteration 23  HV  cores 159 153 7  time 0.071507 0 0.159498
Iteration 24  HV  cores 166 160 7  time 0.074423 0 0.170082
Iteration 25  HV  cores 172 166 6  time 0.077195 0 0.18087
Iteration 26  HV  cores 178 172 6  time 0.079977 0 0.191886
Iteration 27  HV  cores 183 177 5  time 0.082494 0 0.203398
Iteration 28  HV  cores 188 182 5  time 0.084759 0 0.21553
Iteration 29  HV  cores 194 188 6  time 0.087862 0 0.227991
Iteration 30  HV  cores 198 192 4  time 0.089849 0 0.240652
Iteration 31  HV  cores 203 197 5  time 0.092286 0 0.253611
Iteration 32  HV  cores 208 202 5  time 0.094419 0 0.266706
Iteration 33  HV  cores 213 207 5  time 0.096578 0 0.279937
Iteration 34  HV  cores 217 211 4  time 0.09852 0 0.293668
Iteration 35  HV  cores 223 217 6  time 0.101063 0 0.307904
Iteration 36  HV  cores 228 222 5  time 0.103541 0 0.32224
Iteration 37  HV  cores 233 227 5  time 0.105782 0 0.336854
Iteration 38  HV  cores 238 232 5  time 0.108006 0 0.351456
Iteration 39  HV  cores 243 236 5  time 0.110389 0 0.366043
Iteration 40  HV  cores 251 243 8  time 0.113689 0 0.380745
Iteration 41  HV  cores 256 248 5  time 0.115848 0 0.395802
Iteration 42  HV  cores 262 254 6  time 0.118494 0 0.411116
Iteration 43  HV  cores 268 260 6  time 0.121248 0 0.426508
Iteration 44  HV  cores 274 265 6  time 0.123751 0 0.441892
Iteration 45  HV  cores 280 271 6  time 0.126566 0 0.457733
Iteration 46  HV  cores 286 277 6  time 0.129193 0 0.473916
Iteration 47  HV  cores 290 281 4  time 0.131013 0 0.490628
Iteration 48  HV  cores 296 287 6  time 0.133659 0 0.507595
Iteration 49  HV  cores 301 292 5  time 0.135919 0 0.524515
Iteration 50  HV  cores 307 298 6  time 0.138481 0 0.541595
Iteration 51  HV  cores 311 302 4  time 0.140487 0 0.559249
Iteration 52  HV  cores 317 308 6  time 0.143217 0 0.577323
Iteration 53  HV  cores 322 313 5  time 0.145662 0 0.595474
Iteration 54  HV  cores 327 318 5  time 0.147844 0 0.614239
Iteration 55  HV  cores 331 322 4  time 0.149976 0 0.633015
Iteration 56  HV  cores 336 326 5  time 0.152388 0 0.652029
Iteration 57  HV  cores 341 331 5  time 0.155048 0 0.67082
Iteration 58  HV  cores 346 336 5  time 0.157374 0 0.690568
Iteration 59  HV  cores 352 342 6  time 0.1599 0 0.710757
Iteration 60  HV  cores 355 345 3  time 0.161507 0 0.730777
Iteration 61  HV  cores 358 348 3  time 0.163016 0 0.75106
Iteration 62  HV  cores 363 352 5  time 0.165486 0 0.771267
Iteration 63  HV  cores 368 357 5  time 0.167683 0 0.79167
Iteration 64  HV  cores 373 361 5  time 0.170239 0 0.812176
Iteration 65  HV  cores 379 367 6  time 0.172754 0 0.8331
Iteration 66  HV  cores 382 370 3  time 0.174248 0 0.855049
Iteration 67  HV  cores 388 376 6  time 0.176972 0 0.875883
Iteration 68  HV  cores 391 379 3  time 0.178468 0 0.896757
Iteration 69  HV  cores 397 385 6  time 0.181005 0 0.918131
Iteration 70  HV  cores 402 390 5  time 0.183356 0 0.939937
Iteration 71  HV  cores 405 393 3  time 0.185079 0 0.963149
Iteration 72  HV  cores 409 397 4  time 0.187029 0 0.986508
Iteration 73  HV  cores 411 399 2  time 0.188212 0 1.01035
Iteration 74  HV  cores 416 404 5  time 0.190465 0 1.03462
Iteration 75  HV  cores 421 409 5  time 0.193428 0 1.05987
Iteration 76  HV  cores 424 412 3  time 0.195011 0 1.0862
Iteration 77  HV  cores 430 416 6  time 0.197481 0 1.11394
Iteration 78  HV  cores 434 420 4  time 0.199421 0 1.14187
Iteration 79  HV  cores 438 424 4  time 0.201327 0 1.1702
Iteration 80  HV  cores 442 428 4  time 0.203096 0 1.19963
Iteration 81  HV  cores 445 431 3  time 0.204666 0 1.22887
Iteration 82  HV  cores 447 433 2  time 0.205812 0 1.25662
Iteration 83  HV  cores 451 437 4  time 0.207719 0 1.2871
Iteration 84  HV  cores 455 441 4  time 0.209568 0 1.317
Iteration 85  HV  cores 458 444 3  time 0.211058 0 1.3479
Iteration 86  HV  cores 462 448 4  time 0.212929 0 1.37775
Iteration 87  HV  cores 466 452 4  time 0.214739 0 1.40839
Iteration 88  HV  cores 470 456 4  time 0.21671 0 1.4388
Iteration 89  HV  cores 472 458 2  time 0.217897 0 1.46917
Iteration 90  HV  cores 475 461 3  time 0.219356 0 1.50057
Iteration 91  HV  cores 479 465 4  time 0.221198 0 1.53305
Iteration 92  HV  cores 484 470 5  time 0.223305 0 1.56563
Iteration 93  HV  cores 486 472 2  time 0.224398 0 1.59877
Iteration 94  HV  cores 489 475 3  time 0.225887 0 1.63181
Iteration 95  HV  cores 494 480 5  time 0.228147 0 1.66341
Iteration 96  HV  cores 498 484 4  time 0.230174 0 1.69344
Iteration 97  HV  cores 501 487 3  time 0.231638 0 1.72361
Iteration 98  HV  cores 505 491 4  time 0.233995 0 1.75542
Iteration 99  HV  cores 508 494 3  time 0.235538 0 1.78713
Iteration 100  HV  cores 512 498 4  time 0.237484 0 1.81897
Iteration 101  HV  cores 513 499 1  time 0.238193 0 1.8507
Iteration 102  HV  cores 515 501 2  time 0.239322 0 1.88271
Iteration 103  HV  cores 520 505 5  time 0.241515 0 1.91434
Iteration 104  HV  cores 524 509 4  time 0.243713 0 1.94809
Iteration 105  HV  cores 529 514 5  time 0.246106 0 1.98176
Iteration 106  HV  cores 532 517 3  time 0.247971 0 2.01578
Iteration 107  HV  cores 537 522 5  time 0.250477 0 2.04847
Iteration 108  HV  cores 542 527 5  time 0.252851 0 2.08178
Iteration 109  HV  cores 548 533 6  time 0.25545 0 2.11835
Iteration 110  HV  cores 551 536 3  time 0.257203 0 2.15551
Iteration 111  HV  cores 554 539 3  time 0.258875 0 2.19097
Iteration 112  HV  cores 557 542 3  time 0.260419 0 2.22762
Iteration 113  HV  cores 560 545 3  time 0.261901 0 2.26449
Iteration 114  HV  cores 564 549 4  time 0.263808 0 2.30236
Iteration 115  HV  cores 568 553 4  time 0.265813 0 2.33964
Iteration 116  HV  cores 571 556 3  time 0.267483 0 2.37766
Iteration 117  HV  cores 574 559 3  time 0.268977 0 2.41503
Iteration 118  HV  cores 576 561 2  time 0.270215 0 2.45288
Iteration 119  HV  cores 580 565 4  time 0.272032 0 2.4912
Iteration 120  HV  cores 583 568 3  time 0.273541 0 2.53092
Iteration 121  HV  cores 591 576 8  time 0.276656 0 2.56978
Iteration 122  HV  cores 594 579 3  time 0.278326 0 2.60885
Iteration 123  HV  cores 597 582 3  time 0.279966 0 2.64957
Iteration 124  HV  cores 600 584 3  time 0.281567 0 2.68992
Iteration 125  HV  cores 605 589 5  time 0.283826 0 2.73039
Iteration 126  HV  cores 610 594 5  time 0.286221 0 2.77004
Iteration 127  HV  cores 614 597 4  time 0.288347 0 2.80996
Iteration 128  HV  cores 618 601 4  time 0.290237 0 2.84921
Iteration 129  HV  cores 621 604 3  time 0.29185 0 2.8895
Iteration 130  HV  cores 628 611 7  time 0.294686 0 2.92902
Iteration 131  HV  cores 629 612 1  time 0.29545 0 2.96856
Iteration 132  HV  cores 631 614 2  time 0.296541 0 3.00982
Iteration 133  HV  cores 634 617 3  time 0.298141 0 3.05154
Iteration 134  HV  cores 637 620 3  time 0.299745 0 3.0937
Iteration 135  HV  cores 642 625 5  time 0.301931 0 3.13429
Iteration 136  HV  cores 645 628 3  time 0.303421 0 3.17576
Iteration 137  HV  cores 649 632 4  time 0.305305 0 3.21724
Iteration 138  HV  cores 654 637 5  time 0.307454 0 3.25915
Iteration 139  HV  cores 659 642 5  time 0.309659 0 3.30138
Iteration 140  HV  cores 665 648 6  time 0.312213 0 3.34385
Iteration 141  HV  cores 670 653 5  time 0.314685 0 3.3878
Iteration 142  HV  cores 672 655 2  time 0.315857 0 3.4321
Iteration 143  HV  cores 673 656 1  time 0.316829 0 3.4751
Iteration 144  HV  cores 678 661 5  time 0.319012 0 3.51834
Iteration 145  HV  cores 680 663 2  time 0.320323 0 3.56264
Iteration 146  HV  cores 684 667 4  time 0.322575 0 3.60724
Iteration 147  HV  cores 688 670 4  time 0.324549 0 3.65122
Iteration 148  HV  cores 690 672 2  time 0.325708 0 3.6957
Iteration 149  HV  cores 694 676 4  time 0.327723 0 3.74118
Iteration 150  HV  cores 695 677 1  time 0.328452 0 3.78541
Iteration 151  HV  cores 697 679 2  time 0.329636 0 3.83019
Iteration 152  HV  cores 700 682 3  time 0.331166 0 3.8758
Iteration 153  HV  cores 703 685 3  time 0.332773 0 3.92197
Iteration 154  HV  cores 706 688 3  time 0.334285 0 3.96853
Iteration 155  HV  cores 707 689 1  time 0.335107 0 4.01553
Iteration 156  HV  cores 709 691 2  time 0.33624 0 4.06188
Iteration 157  HV  cores 713 695 4  time 0.338279 0 4.10824
Iteration 158  HV  cores 715 697 2  time 0.339389 0 4.15498
Iteration 159  HV  cores 717 699 2  time 0.340626 0 4.20286
Iteration 160  HV  cores 720 702 3  time 0.342201 0 4.24998
Iteration 161  HV  cores 723 705 3  time 0.343733 0 4.29812
Iteration 162  HV  cores 727 709 4  time 0.345596 0 4.34525
Iteration 163  HV  cores 730 712 3  time 0.347152 0 4.39198
Iteration 164  HV  cores 734 716 4  time 0.349044 0 4.43879
Iteration 165  HV  cores 737 719 3  time 0.350575 0 4.4853
Iteration 166  HV  cores 742 724 5  time 0.352692 0 4.5334
Iteration 167  HV  cores 745 727 3  time 0.354243 0 4.58179
Iteration 168  HV  cores 747 729 2  time 0.355477 0 4.62916
Iteration 169  HV  cores 749 731 2  time 0.356594 0 4.6777
Iteration 170  HV  cores 755 737 6  time 0.35912 0 4.72666
Iteration 171  HV  cores 757 739 2  time 0.360311 0 4.77491
Iteration 172  HV  cores 759 741 2  time 0.361462 0 4.82317
Iteration 173  HV  cores 761 743 2  time 0.362701 0 4.87126
Iteration 174  HV  cores 764 746 3  time 0.364219 0 4.92032
Iteration 175  HV  cores 766 748 2  time 0.365544 0 4.96916
Iteration 176  HV  cores 768 750 2  time 0.366646 0 5.01824
Iteration 177  HV  cores 771 753 3  time 0.368299 0 5.0674
Iteration 178  HV  cores 774 756 3  time 0.369871 0 5.11655
Iteration 179  HV  cores 776 758 2  time 0.371033 0 5.16609
Iteration 180  HV  cores 778 760 2  time 0.372237 0 5.21596
Iteration 181  HV  cores 782 764 4  time 0.374275 0 5.26579
Iteration 182  HV  cores 785 767 3  time 0.375752 0 5.35036
Iteration 183  HV  cores 790 772 5  time 0.378034 0 5.39964
Iteration 184  HV  cores 792 774 2  time 0.37921 0 5.44874
Iteration 185  HV  cores 794 776 2  time 0.380391 0 5.49807
Iteration 186  HV  cores 797 779 3  time 0.381906 0 5.54811
Iteration 187  HV  cores 800 782 3  time 0.383369 0 5.59778
Iteration 188  HV  cores 804 786 4  time 0.385238 0 5.64695
Iteration 189  HV  cores 809 791 5  time 0.387547 0 5.69634
Iteration 190  HV  cores 812 794 3  time 0.389083 0 5.74575
Iteration 191  HV  cores 814 796 2  time 0.390363 0 5.79588
Iteration 192  HV  cores 816 798 2  time 0.391564 0 5.84575
Iteration 193  HV  cores 819 801 3  time 0.393033 0 5.89614
Iteration 194  HV  cores 821 803 2  time 0.394176 0 5.94634
Iteration 195  HV  cores 824 806 3  time 0.395675 0 5.99697
Iteration 196  HV  cores 826 808 2  time 0.396852 0 6.04759
Iteration 197  HV  cores 827 809 1  time 0.397599 0 6.09848
Iteration 198  HV  cores 829 811 2  time 0.398747 0 6.14927
Iteration 199  HV  cores 832 814 3  time 0.400234 0 6.20039
Iteration 200  HV  cores 835 817 3  time 0.401801 0 6.25328
Iteration 201  HV  cores 838 820 3  time 0.403483 0 6.30642
Iteration 202  HV  cores 839 821 1  time 0.404272 0 6.35882
Iteration 203  HV  cores 843 825 4  time 0.406472 0 6.4126
Iteration 204  HV  cores 845 827 2  time 0.407689 0 6.46636
Iteration 205  HV  cores 847 829 2  time 0.408831 0 6.52023
Iteration 206  HV  cores 848 830 1  time 0.409605 0 6.57412
Iteration 207  HV  cores 852 834 4  time 0.411548 0 6.62807
Iteration 208  HV  cores 854 836 2  time 0.412732 0 6.68157
Iteration 209  HV  cores 857 839 3  time 0.414201 0 6.73562
Iteration 210  HV  cores 859 841 2  time 0.415365 0 6.78917
Iteration 211  HV  cores 863 845 4  time 0.417328 0 6.84298
Iteration 212  HV  cores 867 849 4  time 0.419347 0 6.89705
Iteration 213  HV  cores 870 852 3  time 0.421107 0 6.94969
Iteration 214  HV  cores 873 855 3  time 0.422647 0 7.00453
Iteration 215  HV  cores 874 856 1  time 0.42348 0 7.05907
Iteration 216  HV  cores 877 859 3  time 0.425002 0 7.11371
Iteration 217  HV  cores 878 860 1  time 0.425772 0 7.16859
Iteration 218  HV  cores 880 862 2  time 0.426972 0 7.22399
Iteration 219  HV  cores 885 866 5  time 0.429359 0 7.27815
Iteration 220  HV  cores 889 870 4  time 0.43122 0 7.33295
Iteration 221  HV  cores 892 873 3  time 0.432926 0 7.38539
Iteration 222  HV  cores 897 878 5  time 0.435182 0 7.43771
Iteration 223  HV  cores 898 879 1  time 0.435966 0 7.48992
Iteration 224  HV  cores 900 881 2  time 0.437272 0 7.54223
Iteration 225  HV  cores 902 883 2  time 0.43838 0 7.59512
Iteration 226  HV  cores 905 886 3  time 0.439935 0 7.64905
Iteration 227  HV  cores 909 890 4  time 0.441832 0 7.70315
Iteration 228  HV  cores 911 892 2  time 0.443064 0 7.75863
Iteration 229  HV  cores 913 894 2  time 0.444311 0 7.81463
Iteration 230  HV  cores 914 895 1  time 0.445068 0 7.87053
Iteration 231  HV  cores 917 898 3  time 0.44652 0 7.92648
Iteration 232  HV  cores 919 900 2  time 0.447798 0 7.9827
Iteration 233  HV  cores 923 904 4  time 0.449777 0 8.03728
Iteration 234  HV  cores 929 909 6  time 0.452454 0 8.09303
Iteration 235  HV  cores 932 912 3  time 0.454011 0 8.14961
Iteration 236  HV  cores 934 914 2  time 0.455159 0 8.20627
Iteration 237  HV  cores 936 916 2  time 0.456344 0 8.2629
Iteration 238  HV  cores 938 918 2  time 0.457511 0 8.3217
Iteration 239  HV  cores 939 919 1  time 0.458273 0 8.37887
Iteration 240  HV  cores 943 921 4  time 0.46032 0 8.43616
Iteration 241  HV  cores 944 922 1  time 0.461089 0 8.49405
Iteration 242  HV  cores 946 924 2  time 0.462356 0 8.54973
Iteration 243  HV  cores 949 927 3  time 0.464175 0 8.60735
Iteration 244  HV  cores 951 929 2  time 0.465432 0 8.66613
Iteration 245  HV  cores 952 930 1  time 0.466197 0 8.72529
Iteration 246  HV  cores 955 933 3  time 0.46772 0 8.78223
Iteration 247  HV  cores 956 934 1  time 0.468488 0 8.83905
Iteration 248  HV  cores 960 938 4  time 0.470475 0 8.89623
Iteration 249  HV  cores 964 942 4  time 0.472361 0 8.95397
Iteration 250  HV  cores 967 945 3  time 0.473954 0 9.01345
Iteration 251  HV  cores 968 946 1  time 0.474804 0 9.07293
Iteration 252  HV  cores 970 948 2  time 0.476052 0 9.13188
Iteration 253  HV  cores 974 952 4  time 0.477929 0 9.19167
Iteration 254  HV  cores 976 954 2  time 0.479062 0 9.25157
Iteration 255  HV  cores 980 958 4  time 0.481059 0 9.31271
Iteration 256  HV  cores 982 960 2  time 0.482258 0 9.37451
Iteration 257  HV  cores 985 963 3  time 0.483686 0 9.43637
Iteration 258  HV  cores 986 964 1  time 0.484486 0 9.49841
Iteration 259  HV  cores 988 966 2  time 0.485627 0 9.56053
Iteration 260  HV  cores 989 967 1  time 0.486423 0 9.62266
Iteration 261  HV  cores 993 971 4  time 0.488454 0 9.68526
Iteration 262  HV  cores 997 975 4  time 0.490511 0 9.74836
Iteration 263  HV  cores 1000 977 3  time 0.49211 0 9.81136
Iteration 264  HV  cores 1004 981 4  time 0.493925 0 9.875
Iteration 265  HV  cores 1006 983 2  time 0.495045 0 9.93861
Iteration 266  HV  cores 1008 985 2  time 0.496315 0 10.0024
Iteration 267  HV  cores 1012 989 4  time 0.49827 0 10.0666
Iteration 268  HV  cores 1014 991 2  time 0.499545 0 10.131
Iteration 269  HV  cores 1016 993 2  time 0.500701 0 10.1958
Iteration 270  HV  cores 1019 996 3  time 0.502264 0 10.2621
Iteration 271  HV  cores 1021 998 2  time 0.50373 0 10.328
Iteration 272  HV  cores 1023 1000 2  time 0.504889 0 10.3934
Iteration 273  HV  cores 1025 1002 2  time 0.506062 0 10.4589
Iteration 274  HV  cores 1028 1003 3  time 0.507687 0 10.5246
Iteration 275  HV  cores 1031 1005 3  time 0.509215 0 10.5907
Iteration 276  HV  cores 1037 1011 6  time 0.511976 0 10.6575
Iteration 277  HV  cores 1038 1012 1  time 0.512919 0 10.7246
Iteration 278  HV  cores 1042 1016 4  time 0.514867 0 10.7927
Iteration 279  HV  cores 1044 1018 2  time 0.51612 0 10.8605
Iteration 280  HV  cores 1046 1020 2  time 0.517413 0 10.9287
Iteration 281  HV  cores 1050 1024 4  time 0.519385 0 10.9973
Iteration 282  HV  cores 1055 1029 5  time 0.52177 0 11.0664
Iteration 283  HV  cores 1058 1032 3  time 0.523237 0 11.1361
Iteration 284  HV  cores 1060 1034 2  time 0.524685 0 11.2058
Iteration 285  HV  cores 1064 1038 4  time 0.526675 0 11.2756
Iteration 286  HV  cores 1066 1040 2  time 0.527943 0 11.3461
Iteration 287  HV  cores 1068 1042 2  time 0.529184 0 11.4172
Iteration 288  HV  cores 1069 1043 1  time 0.53002 0 11.4881
Iteration 289 MHV  lb 6296 ub 7366  time 0.530418 0.091542 11.4881
Iteration 290  HV  cores 1072 1045 3  time 0.532068 0.091542 11.5585
Iteration 291  HV  cores 1074 1047 2  time 0.53324 0.091542 11.6359
Iteration 292  HV  cores 1076 1049 2  time 0.534462 0.091542 11.7122
Iteration 293  HV  cores 1079 1052 3  time 0.535941 0.091542 11.789
Iteration 294  HV  cores 1080 1053 1  time 0.536691 0.091542 11.8665
Iteration 295  HV  cores 1083 1055 3  time 0.538167 0.091542 11.9432
Iteration 296  HV  cores 1085 1057 2  time 0.539341 0.091542 12.0215
Iteration 297  HV  cores 1087 1059 2  time 0.540557 0.091542 12.0993
Iteration 298 MHV  lb 6372 ub 6406  time 0.540916 0.162331 12.0993
Iteration 299  HV  cores 1088 1060 1  time 0.541718 0.162331 12.2278
Iteration 300  HV  cores 1090 1062 2  time 0.54301 0.162331 12.3549
Iteration 301  HV  cores 1092 1064 2  time 0.544268 0.162331 12.5337
Iteration 302  HV  cores 1093 1065 1  time 0.545019 0.162331 12.6625
Iteration 303  HV  cores 1094 1066 1  time 0.545821 0.162331 12.7895
Iteration 304  HV  cores 1095 1067 1  time 0.54659 0.162331 13.0013
Iteration 305 MHV  lb 6406 ub 6406  time 0.546937 0.163096 13.0013
Optimal value: 6406
Real time: 13.806
CPU time: 17.9248
