lb 4532 ub 131424 before adjustment
1005 unsorted cost functions
lb 0 ub 126892 after adjustment
costs ready
ub 119259 after 2nd adjustment
685 variables 1843 functions 4532 lb, 119259 ub
Iteration 0  HV  cores 17 17 17  time 0.009343 0 0.002615
Iteration 1  HV  cores 31 30 14  time 0.015926 0 0.006855
Iteration 2  HV  cores 43 41 12  time 0.021378 0 0.011132
Iteration 3  HV  cores 54 51 11  time 0.026395 0 0.019142
Iteration 4  HV  cores 66 61 12  time 0.032293 0 0.027243
Iteration 5  HV  cores 73 67 7  time 0.035838 0 0.035092
Iteration 6  HV  cores 76 70 3  time 0.037852 0 0.043501
Iteration 7  HV  cores 85 79 9  time 0.042543 0 0.052588
Iteration 8  HV  cores 92 86 7  time 0.045877 0 0.061879
Iteration 9  HV  cores 98 92 6  time 0.048834 0 0.071275
Iteration 10  HV  cores 99 93 1  time 0.049719 0 0.081098
Iteration 11  HV  cores 105 99 6  time 0.052677 0 0.090834
Iteration 12 MHV  lb 6315 ub 18045  time 0.053241 0.008794 0.090834
Iteration 13  HV  cores 112 105 7  time 0.056796 0.008794 0.102085
Iteration 14  HV  cores 117 110 5  time 0.059296 0.008794 0.113808
Iteration 15  HV  cores 125 118 8  time 0.063107 0.008794 0.126581
Iteration 16  HV  cores 130 123 5  time 0.06561 0.008794 0.139112
Iteration 17  HV  cores 136 129 6  time 0.068803 0.008794 0.153567
Iteration 18  HV  cores 142 135 6  time 0.07165 0.008794 0.167593
Iteration 19  HV  cores 148 141 6  time 0.074794 0.008794 0.183095
Iteration 20  HV  cores 152 145 4  time 0.077248 0.008794 0.198701
Iteration 21  HV  cores 156 148 4  time 0.079344 0.008794 0.21467
Iteration 22  HV  cores 161 153 5  time 0.082172 0.008794 0.23072
Iteration 23  HV  cores 166 158 5  time 0.084652 0.008794 0.247054
Iteration 24  HV  cores 171 163 5  time 0.087333 0.008794 0.263689
Iteration 25  HV  cores 176 168 5  time 0.090046 0.008794 0.280553
Iteration 26  HV  cores 181 173 5  time 0.093173 0.008794 0.297871
Iteration 27  HV  cores 187 179 6  time 0.096334 0.008794 0.315672
Iteration 28  HV  cores 192 183 5  time 0.098948 0.008794 0.333694
Iteration 29  HV  cores 195 186 3  time 0.100839 0.008794 0.352115
Iteration 30  HV  cores 197 188 2  time 0.102106 0.008794 0.370869
Iteration 31  HV  cores 200 191 3  time 0.104015 0.008794 0.390318
Iteration 32  HV  cores 203 194 3  time 0.105847 0.008794 0.409557
Iteration 33  HV  cores 206 197 3  time 0.107591 0.008794 0.42898
Iteration 34  HV  cores 208 198 2  time 0.10884 0.008794 0.448663
Iteration 35  HV  cores 210 200 2  time 0.110152 0.008794 0.468447
Iteration 36  HV  cores 212 202 2  time 0.111576 0.008794 0.488389
Iteration 37  HV  cores 215 205 3  time 0.113231 0.008794 0.508115
Iteration 38  HV  cores 218 208 3  time 0.114912 0.008794 0.528536
Iteration 39  HV  cores 220 210 2  time 0.116195 0.008794 0.549271
Iteration 40  HV  cores 223 213 3  time 0.117845 0.008794 0.570196
Iteration 41  HV  cores 225 215 2  time 0.119449 0.008794 0.591172
Iteration 42  HV  cores 228 218 3  time 0.121125 0.008794 0.612257
Iteration 43  HV  cores 230 220 2  time 0.122402 0.008794 0.633859
Iteration 44  HV  cores 233 222 3  time 0.124246 0.008794 0.655494
Iteration 45  HV  cores 236 225 3  time 0.125947 0.008794 0.67765
Iteration 46  HV  cores 239 226 3  time 0.127775 0.008794 0.699366
Iteration 47  HV  cores 242 228 3  time 0.129548 0.008794 0.721324
Iteration 48  HV  cores 245 231 3  time 0.131481 0.008794 0.743564
Iteration 49  HV  cores 247 233 2  time 0.132731 0.008794 0.766007
Iteration 50  HV  cores 250 236 3  time 0.13451 0.008794 0.7886
Iteration 51  HV  cores 255 240 5  time 0.137084 0.008794 0.81141
Iteration 52  HV  cores 260 243 5  time 0.139642 0.008794 0.834561
Iteration 53  HV  cores 265 247 5  time 0.142172 0.008794 0.858053
Iteration 54  HV  cores 267 249 2  time 0.143641 0.008794 0.881648
Iteration 55  HV  cores 272 254 5  time 0.146314 0.008794 0.905862
Iteration 56  HV  cores 275 257 3  time 0.1482 0.008794 0.930736
Iteration 57  HV  cores 279 261 4  time 0.150466 0.008794 0.955683
Iteration 58  HV  cores 283 265 4  time 0.152612 0.008794 0.980362
Iteration 59  HV  cores 286 268 3  time 0.154334 0.008794 1.00497
Iteration 60  HV  cores 289 271 3  time 0.156096 0.008794 1.03
Iteration 61  HV  cores 292 274 3  time 0.157883 0.008794 1.05532
Iteration 62  HV  cores 296 278 4  time 0.159997 0.008794 1.08094
Iteration 63  HV  cores 300 282 4  time 0.162123 0.008794 1.10716
Iteration 64  HV  cores 304 286 4  time 0.16436 0.008794 1.13348
Iteration 65  HV  cores 307 289 3  time 0.166107 0.008794 1.15983
Iteration 66  HV  cores 312 293 5  time 0.16878 0.008794 1.18657
Iteration 67  HV  cores 316 296 4  time 0.170911 0.008794 1.21345
Iteration 68  HV  cores 318 298 2  time 0.172102 0.008794 1.24065
Iteration 69  HV  cores 321 300 3  time 0.173866 0.008794 1.26781
Iteration 70  HV  cores 324 302 3  time 0.175681 0.008794 1.29501
Iteration 71  HV  cores 328 306 4  time 0.17778 0.008794 1.32238
Iteration 72  HV  cores 330 308 2  time 0.179219 0.008794 1.35024
Iteration 73  HV  cores 332 309 2  time 0.180458 0.008794 1.37822
Iteration 74  HV  cores 334 311 2  time 0.181818 0.008794 1.40612
Iteration 75  HV  cores 336 312 2  time 0.183075 0.008794 1.43423
Iteration 76  HV  cores 338 313 2  time 0.184328 0.008794 1.46279
Iteration 77  HV  cores 341 316 3  time 0.186175 0.008794 1.49158
Iteration 78  HV  cores 343 318 2  time 0.18741 0.008794 1.52017
Iteration 79  HV  cores 345 319 2  time 0.18864 0.008794 1.5487
Iteration 80  HV  cores 348 322 3  time 0.190287 0.008794 1.57744
Iteration 81  HV  cores 350 324 2  time 0.191535 0.008794 1.60646
Iteration 82  HV  cores 352 325 2  time 0.192874 0.008794 1.63536
Iteration 83  HV  cores 355 328 3  time 0.19468 0.008794 1.6648
Iteration 84  HV  cores 358 329 3  time 0.1965 0.008794 1.69488
Iteration 85  HV  cores 361 331 3  time 0.198203 0.008794 1.72539
Iteration 86  HV  cores 363 333 2  time 0.199579 0.008794 1.75567
Iteration 87  HV  cores 366 336 3  time 0.201405 0.008794 1.78602
Iteration 88  HV  cores 368 338 2  time 0.202665 0.008794 1.81679
Iteration 89  HV  cores 370 340 2  time 0.203975 0.008794 1.84786
Iteration 90  HV  cores 372 342 2  time 0.205225 0.008794 1.87913
Iteration 91  HV  cores 374 344 2  time 0.206491 0.008794 1.91057
Iteration 92  HV  cores 375 345 1  time 0.207414 0.008794 1.94174
Iteration 93  HV  cores 377 347 2  time 0.208748 0.008794 1.97307
Iteration 94  HV  cores 379 349 2  time 0.210015 0.008794 2.00468
Iteration 95  HV  cores 381 351 2  time 0.211506 0.008794 2.03668
Iteration 96  HV  cores 383 353 2  time 0.212993 0.008794 2.0689
Iteration 97  HV  cores 384 354 1  time 0.213791 0.008794 2.10131
Iteration 98  HV  cores 385 355 1  time 0.214822 0.008794 2.13379
Iteration 99  HV  cores 387 357 2  time 0.216194 0.008794 2.16636
Iteration 100  HV  cores 389 359 2  time 0.217463 0.008794 2.19932
Iteration 101  HV  cores 391 361 2  time 0.218813 0.008794 2.2324
Iteration 102  HV  cores 393 363 2  time 0.220302 0.008794 2.26669
Iteration 103  HV  cores 394 364 1  time 0.221216 0.008794 2.30104
Iteration 104  HV  cores 395 364 1  time 0.222074 0.008794 2.33539
Iteration 105  HV  cores 399 367 4  time 0.224265 0.008794 2.36911
Iteration 106  HV  cores 402 370 3  time 0.226012 0.008794 2.40363
Iteration 107  HV  cores 405 373 3  time 0.228219 0.008794 2.43819
Iteration 108  HV  cores 408 376 3  time 0.229991 0.008794 2.47282
Iteration 109  HV  cores 410 378 2  time 0.231245 0.008794 2.50782
Iteration 110  HV  cores 413 380 3  time 0.233178 0.008794 2.54329
Iteration 111  HV  cores 415 382 2  time 0.234446 0.008794 2.5782
Iteration 112  HV  cores 418 385 3  time 0.236294 0.008794 2.61401
Iteration 113  HV  cores 420 387 2  time 0.237614 0.008794 2.64963
Iteration 114  HV  cores 422 389 2  time 0.239073 0.008794 2.68541
Iteration 115  HV  cores 423 390 1  time 0.240245 0.008794 2.72147
Iteration 116  HV  cores 424 391 1  time 0.241192 0.008794 2.75767
Iteration 117  HV  cores 425 392 1  time 0.242024 0.008794 2.7939
Iteration 118  HV  cores 427 394 2  time 0.243425 0.008794 2.83039
Iteration 119  HV  cores 428 395 1  time 0.244259 0.008794 2.86684
Iteration 120  HV  cores 429 396 1  time 0.245123 0.008794 2.90329
Iteration 121  HV  cores 430 397 1  time 0.245934 0.008794 2.94016
Iteration 122  HV  cores 431 398 1  time 0.246774 0.008794 2.97702
Iteration 123  HV  cores 432 399 1  time 0.247681 0.008794 3.01388
Iteration 124  HV  cores 433 400 1  time 0.248501 0.008794 3.05101
Iteration 125  HV  cores 435 402 2  time 0.249738 0.008794 3.08816
Iteration 126  HV  cores 436 403 1  time 0.250578 0.008794 3.12556
Iteration 127  HV  cores 437 404 1  time 0.251525 0.008794 3.16303
Iteration 128  HV  cores 438 405 1  time 0.252349 0.008794 3.2007
Iteration 129  HV  cores 440 407 2  time 0.253829 0.008794 3.23858
Iteration 130  HV  cores 442 409 2  time 0.255411 0.008794 3.27607
Iteration 131  HV  cores 444 411 2  time 0.256778 0.008794 3.31479
Iteration 132  HV  cores 445 411 1  time 0.257685 0.008794 3.35297
Iteration 133  HV  cores 447 413 2  time 0.258966 0.008794 3.3918
Iteration 134  HV  cores 448 413 1  time 0.259797 0.008794 3.43074
Iteration 135  HV  cores 451 416 3  time 0.261496 0.008794 3.47047
Iteration 136  HV  cores 453 418 2  time 0.262846 0.008794 3.54132
Iteration 137  HV  cores 455 420 2  time 0.264427 0.008794 3.58154
Iteration 138  HV  cores 457 422 2  time 0.26569 0.008794 3.62186
Iteration 139  HV  cores 459 424 2  time 0.266971 0.008794 3.66237
Iteration 140  HV  cores 461 426 2  time 0.2682 0.008794 3.70266
Iteration 141  HV  cores 463 428 2  time 0.269549 0.008794 3.74298
Iteration 142  HV  cores 464 429 1  time 0.270349 0.008794 3.7842
Iteration 143  HV  cores 468 433 4  time 0.272569 0.008794 3.8256
Iteration 144  HV  cores 469 434 1  time 0.273475 0.008794 3.86676
Iteration 145  HV  cores 470 435 1  time 0.274289 0.008794 3.90771
Iteration 146  HV  cores 471 436 1  time 0.27515 0.008794 3.94855
Iteration 147  HV  cores 472 437 1  time 0.276004 0.008794 3.99016
Iteration 148  HV  cores 474 439 2  time 0.277421 0.008794 4.03219
Iteration 149  HV  cores 475 440 1  time 0.278337 0.008794 4.07399
Iteration 150  HV  cores 477 442 2  time 0.279635 0.008794 4.11589
Iteration 151  HV  cores 478 443 1  time 0.28046 0.008794 4.15805
Iteration 152  HV  cores 479 444 1  time 0.281275 0.008794 4.19992
Iteration 153  HV  cores 480 445 1  time 0.282322 0.008794 4.24198
Iteration 154  HV  cores 482 447 2  time 0.283642 0.008794 4.28471
Iteration 155  HV  cores 483 448 1  time 0.284617 0.008794 4.32792
Iteration 156  HV  cores 485 450 2  time 0.286214 0.008794 4.37104
Iteration 157  HV  cores 487 452 2  time 0.287456 0.008794 4.4142
Iteration 158  HV  cores 489 454 2  time 0.288967 0.008794 4.45744
Iteration 159  HV  cores 491 456 2  time 0.290229 0.008794 4.50136
Iteration 160  HV  cores 492 457 1  time 0.291081 0.008794 4.54516
Iteration 161  HV  cores 493 458 1  time 0.29193 0.008794 4.58892
Iteration 162  HV  cores 494 458 1  time 0.292748 0.008794 4.63302
Iteration 163  HV  cores 496 460 2  time 0.29407 0.008794 4.67753
Iteration 164  HV  cores 497 460 1  time 0.294888 0.008794 4.72215
Iteration 165  HV  cores 498 460 1  time 0.295986 0.008794 4.76674
Iteration 166  HV  cores 500 462 2  time 0.29741 0.008794 4.811
Iteration 167  HV  cores 502 464 2  time 0.298712 0.008794 4.85581
Iteration 168  HV  cores 505 467 3  time 0.300547 0.008794 4.90116
Iteration 169  HV  cores 507 469 2  time 0.302122 0.008794 4.94648
Iteration 170  HV  cores 510 472 3  time 0.303876 0.008794 4.99176
Iteration 171  HV  cores 511 473 1  time 0.30473 0.008794 5.03722
Iteration 172  HV  cores 512 474 1  time 0.305585 0.008794 5.08239
Iteration 173  HV  cores 513 475 1  time 0.306419 0.008794 5.12797
Iteration 174  HV  cores 514 476 1  time 0.307423 0.008794 5.17357
Iteration 175  HV  cores 515 477 1  time 0.308311 0.008794 5.21938
Iteration 176  HV  cores 516 478 1  time 0.309141 0.008794 5.26523
Iteration 177  HV  cores 517 479 1  time 0.309972 0.008794 5.31193
Iteration 178  HV  cores 518 480 1  time 0.310956 0.008794 5.35823
Iteration 179  HV  cores 519 481 1  time 0.311829 0.008794 5.40467
Iteration 180  HV  cores 521 483 2  time 0.313228 0.008794 5.45136
Iteration 181  HV  cores 523 485 2  time 0.314568 0.008794 5.49946
Iteration 182  HV  cores 524 485 1  time 0.315432 0.008794 5.5474
Iteration 183  HV  cores 525 486 1  time 0.316231 0.008794 5.59495
Iteration 184  HV  cores 526 487 1  time 0.3171 0.008794 5.64244
Iteration 185  HV  cores 528 489 2  time 0.318492 0.008794 5.69007
Iteration 186  HV  cores 529 490 1  time 0.319329 0.008794 5.73802
Iteration 187  HV  cores 531 492 2  time 0.320619 0.008794 5.78646
Iteration 188  HV  cores 533 494 2  time 0.32196 0.008794 5.83483
Iteration 189  HV  cores 536 497 3  time 0.323715 0.008794 5.88329
Iteration 190  HV  cores 538 499 2  time 0.325085 0.008794 5.93337
Iteration 191  HV  cores 541 502 3  time 0.326857 0.008794 5.98395
Iteration 192  HV  cores 543 504 2  time 0.328137 0.008794 6.03457
Iteration 193  HV  cores 545 506 2  time 0.329475 0.008794 6.08518
Iteration 194  HV  cores 547 508 2  time 0.330934 0.008794 6.16866
Iteration 195  HV  cores 549 510 2  time 0.332243 0.008794 6.22022
Iteration 196  HV  cores 551 512 2  time 0.33365 0.008794 6.27104
Iteration 197  HV  cores 552 513 1  time 0.334608 0.008794 6.32169
Iteration 198  HV  cores 553 513 1  time 0.335476 0.008794 6.37314
Iteration 199  HV  cores 555 515 2  time 0.33688 0.008794 6.42488
Iteration 200  HV  cores 557 517 2  time 0.338605 0.008794 6.47681
Iteration 201  HV  cores 558 518 1  time 0.339419 0.008794 6.52849
Iteration 202  HV  cores 559 519 1  time 0.340284 0.008794 6.5809
Iteration 203  HV  cores 560 520 1  time 0.341124 0.008794 6.63337
Iteration 204  HV  cores 561 521 1  time 0.341952 0.008794 6.68558
Iteration 205  HV  cores 562 522 1  time 0.342814 0.008794 6.73816
Iteration 206  HV  cores 563 523 1  time 0.34369 0.008794 6.79081
Iteration 207  HV  cores 564 524 1  time 0.344589 0.008794 6.84366
Iteration 208  HV  cores 565 525 1  time 0.34539 0.008794 6.89658
Iteration 209  HV  cores 566 526 1  time 0.346526 0.008794 6.94945
Iteration 210  HV  cores 567 527 1  time 0.347359 0.008794 7.00264
Iteration 211  HV  cores 568 528 1  time 0.348252 0.008794 7.05589
Iteration 212  HV  cores 569 529 1  time 0.34909 0.008794 7.10933
Iteration 213  HV  cores 570 530 1  time 0.349875 0.008794 7.16282
Iteration 214  HV  cores 571 531 1  time 0.351 0.008794 7.21588
Iteration 215  HV  cores 572 532 1  time 0.351893 0.008794 7.26982
Iteration 216  HV  cores 573 533 1  time 0.352869 0.008794 7.32374
Iteration 217  HV  cores 574 534 1  time 0.353803 0.008794 7.37784
Iteration 218  HV  cores 575 535 1  time 0.354588 0.008794 7.43124
Iteration 219  HV  cores 578 538 3  time 0.35643 0.008794 7.48526
Iteration 220  HV  cores 580 540 2  time 0.357806 0.008794 7.53991
Iteration 221  HV  cores 583 543 3  time 0.359582 0.008794 7.59434
Iteration 222  HV  cores 584 544 1  time 0.360434 0.008794 7.6489
Iteration 223  HV  cores 586 546 2  time 0.361727 0.008794 7.70328
Iteration 224  HV  cores 588 548 2  time 0.363039 0.008794 7.75797
Iteration 225  HV  cores 589 549 1  time 0.363872 0.008794 7.81304
Iteration 226  HV  cores 591 550 2  time 0.365374 0.008794 7.86813
Iteration 227  HV  cores 594 552 3  time 0.367165 0.008794 7.92374
Iteration 228  HV  cores 596 554 2  time 0.368532 0.008794 7.97916
Iteration 229  HV  cores 598 556 2  time 0.370214 0.008794 8.07488
Iteration 230  HV  cores 599 557 1  time 0.371084 0.008794 8.13067
Iteration 231  HV  cores 601 559 2  time 0.372644 0.008794 8.18675
Iteration 232  HV  cores 603 561 2  time 0.374037 0.008794 8.24247
Iteration 233  HV  cores 604 562 1  time 0.375017 0.008794 8.29856
Iteration 234  HV  cores 606 564 2  time 0.376408 0.008794 8.3919
Iteration 235  HV  cores 608 566 2  time 0.377881 0.008794 8.4484
Iteration 236  HV  cores 611 569 3  time 0.379726 0.008794 8.50529
Iteration 237  HV  cores 614 572 3  time 0.382418 0.008794 8.56251
Iteration 238  HV  cores 618 576 4  time 0.384927 0.008794 8.61938
Iteration 239  HV  cores 620 578 2  time 0.386261 0.008794 8.67734
Iteration 240  HV  cores 623 581 3  time 0.388136 0.008794 8.7358
Iteration 241  HV  cores 626 584 3  time 0.389918 0.008794 8.7945
Iteration 242  HV  cores 628 586 2  time 0.391218 0.008794 8.85328
Iteration 243  HV  cores 630 588 2  time 0.39269 0.008794 8.91279
Iteration 244  HV  cores 633 591 3  time 0.394434 0.008794 8.97185
Iteration 245  HV  cores 636 594 3  time 0.396282 0.008794 9.0319
Iteration 246  HV  cores 639 597 3  time 0.398146 0.008794 9.09193
Iteration 247  HV  cores 641 599 2  time 0.399494 0.008794 9.15292
Iteration 248  HV  cores 644 602 3  time 0.401331 0.008794 9.21351
Iteration 249  HV  cores 646 604 2  time 0.402653 0.008794 9.27425
Iteration 250  HV  cores 648 606 2  time 0.404015 0.008794 9.37355
Iteration 251  HV  cores 649 607 1  time 0.405363 0.008794 9.43301
Iteration 252  HV  cores 650 608 1  time 0.406565 0.008794 9.49286
Iteration 253  HV  cores 652 610 2  time 0.407848 0.008794 9.55312
Iteration 254  HV  cores 655 613 3  time 0.409551 0.008794 9.61321
Iteration 255  HV  cores 660 616 5  time 0.412262 0.008794 9.67436
Iteration 256  HV  cores 661 617 1  time 0.413166 0.008794 9.73576
Iteration 257  HV  cores 662 618 1  time 0.413995 0.008794 9.79503
Iteration 258  HV  cores 663 618 1  time 0.414794 0.008794 9.85457
Iteration 259  HV  cores 665 620 2  time 0.41612 0.008794 9.91382
Iteration 260  HV  cores 666 621 1  time 0.416999 0.008794 9.97394
Iteration 261  HV  cores 667 622 1  time 0.417823 0.008794 10.034
Iteration 262  HV  cores 669 624 2  time 0.4191 0.008794 10.0945
Iteration 263  HV  cores 672 627 3  time 0.42092 0.008794 10.1545
Iteration 264  HV  cores 675 630 3  time 0.42265 0.008794 10.2151
Iteration 265  HV  cores 677 632 2  time 0.423916 0.008794 10.2754
Iteration 266  HV  cores 680 634 3  time 0.425791 0.008794 10.3363
Iteration 267  HV  cores 681 635 1  time 0.426724 0.008794 10.3976
Iteration 268  HV  cores 683 637 2  time 0.428005 0.008794 10.4584
Iteration 269  HV  cores 684 638 1  time 0.428863 0.008794 10.5197
Iteration 270  HV  cores 685 639 1  time 0.429682 0.008794 10.5809
Iteration 271  HV  cores 688 642 3  time 0.431462 0.008794 10.6424
Iteration 272  HV  cores 690 644 2  time 0.432727 0.008794 10.7043
Iteration 273  HV  cores 694 648 4  time 0.435002 0.008794 10.7656
Iteration 274  HV  cores 696 650 2  time 0.436384 0.008794 10.8281
Iteration 275  HV  cores 699 653 3  time 0.438201 0.008794 10.8905
Iteration 276  HV  cores 701 655 2  time 0.439671 0.008794 10.9531
Iteration 277  HV  cores 703 657 2  time 0.441066 0.008794 11.0162
Iteration 278  HV  cores 705 659 2  time 0.44235 0.008794 11.0802
Iteration 279  HV  cores 709 663 4  time 0.445091 0.008794 11.1441
Iteration 280  HV  cores 711 665 2  time 0.446417 0.008794 11.2085
Iteration 281  HV  cores 713 667 2  time 0.447759 0.008794 11.2727
Iteration 282  HV  cores 716 670 3  time 0.449496 0.008794 11.3381
Iteration 283  HV  cores 718 672 2  time 0.450773 0.008794 11.4022
Iteration 284  HV  cores 720 674 2  time 0.45228 0.008794 11.4664
Iteration 285  HV  cores 721 675 1  time 0.453297 0.008794 11.5316
Iteration 286  HV  cores 723 677 2  time 0.454662 0.008794 11.5968
Iteration 287  HV  cores 725 679 2  time 0.45608 0.008794 11.6624
Iteration 288  HV  cores 727 681 2  time 0.4577 0.008794 11.7279
Iteration 289  HV  cores 729 683 2  time 0.459131 0.008794 11.7965
Iteration 290  HV  cores 731 684 2  time 0.460853 0.008794 11.8627
Iteration 291  HV  cores 733 686 2  time 0.462294 0.008794 11.9309
Iteration 292  HV  cores 735 688 2  time 0.463623 0.008794 11.9986
Iteration 293  HV  cores 736 689 1  time 0.464462 0.008794 12.066
Iteration 294  HV  cores 737 690 1  time 0.465291 0.008794 12.1335
Iteration 295  HV  cores 739 692 2  time 0.466719 0.008794 12.2007
Iteration 296  HV  cores 741 694 2  time 0.468038 0.008794 12.2681
Iteration 297  HV  cores 742 695 1  time 0.468959 0.008794 12.3355
Iteration 298  HV  cores 743 696 1  time 0.469911 0.008794 12.4044
Iteration 299  HV  cores 744 697 1  time 0.470958 0.008794 12.4729
Iteration 300  HV  cores 746 699 2  time 0.472256 0.008794 12.542
Iteration 301  HV  cores 748 701 2  time 0.474228 0.008794 12.612
Iteration 302  HV  cores 750 703 2  time 0.475693 0.008794 12.6814
Iteration 303  HV  cores 752 704 2  time 0.47706 0.008794 12.7512
Iteration 304  HV  cores 756 708 4  time 0.479294 0.008794 12.8214
Iteration 305  HV  cores 757 709 1  time 0.480233 0.008794 12.8923
Iteration 306  HV  cores 759 711 2  time 0.481779 0.008794 12.9616
Iteration 307  HV  cores 761 713 2  time 0.483103 0.008794 13.0319
Iteration 308  HV  cores 763 715 2  time 0.484396 0.008794 13.1025
Iteration 309  HV  cores 765 717 2  time 0.485733 0.008794 13.1734
Iteration 310  HV  cores 767 719 2  time 0.487035 0.008794 13.2461
Iteration 311  HV  cores 770 722 3  time 0.488934 0.008794 13.3189
Iteration 312  HV  cores 772 724 2  time 0.490183 0.008794 13.3921
Iteration 313  HV  cores 773 725 1  time 0.490978 0.008794 13.4649
Iteration 314  HV  cores 774 726 1  time 0.491853 0.008794 13.5367
Iteration 315  HV  cores 777 729 3  time 0.493716 0.008794 13.6094
Iteration 316  HV  cores 778 730 1  time 0.494562 0.008794 13.6815
Iteration 317  HV  cores 779 731 1  time 0.495395 0.008794 13.7543
Iteration 318  HV  cores 780 732 1  time 0.496302 0.008794 13.8259
Iteration 319  HV  cores 781 733 1  time 0.497149 0.008794 13.8985
Iteration 320  HV  cores 782 734 1  time 0.497993 0.008794 13.9712
Iteration 321  HV  cores 783 735 1  time 0.498895 0.008794 14.0441
Iteration 322  HV  cores 784 736 1  time 0.499741 0.008794 14.117
Iteration 323  HV  cores 785 737 1  time 0.50066 0.008794 14.1899
Iteration 324  HV  cores 787 739 2  time 0.502095 0.008794 14.2621
Iteration 325  HV  cores 788 740 1  time 0.503024 0.008794 14.336
Iteration 326  HV  cores 790 742 2  time 0.504336 0.008794 14.4102
Iteration 327  HV  cores 792 744 2  time 0.505703 0.008794 14.4846
Iteration 328  HV  cores 793 744 1  time 0.506574 0.008794 14.558
Iteration 329  HV  cores 794 745 1  time 0.507415 0.008794 14.6321
Iteration 330  HV  cores 795 746 1  time 0.508304 0.008794 14.7065
Iteration 331  HV  cores 796 747 1  time 0.509184 0.008794 14.7801
Iteration 332  HV  cores 797 748 1  time 0.510033 0.008794 14.8539
Iteration 333  HV  cores 798 748 1  time 0.510887 0.008794 14.928
Iteration 334  HV  cores 799 749 1  time 0.511769 0.008794 15.0024
Iteration 335  HV  cores 800 750 1  time 0.51267 0.008794 15.0766
Iteration 336  HV  cores 801 751 1  time 0.513501 0.008794 15.1512
Iteration 337  HV  cores 802 752 1  time 0.514369 0.008794 15.2272
Iteration 338  HV  cores 803 753 1  time 0.515304 0.008794 15.3036
Iteration 339  HV  cores 804 754 1  time 0.516248 0.008794 15.3789
Iteration 340  HV  cores 805 755 1  time 0.51708 0.008794 15.4543
Iteration 341  HV  cores 806 756 1  time 0.5179 0.008794 15.5296
Iteration 342  HV  cores 807 757 1  time 0.518725 0.008794 15.6057
Iteration 343  HV  cores 808 758 1  time 0.519495 0.008794 15.681
Iteration 344  HV  cores 809 759 1  time 0.520641 0.008794 15.7568
Iteration 345  HV  cores 810 760 1  time 0.521714 0.008794 15.8316
Iteration 346  HV  cores 811 761 1  time 0.522477 0.008794 15.9397
Iteration 347  HV  cores 812 762 1  time 0.523318 0.008794 16.0149
Iteration 348  HV  cores 814 764 2  time 0.52475 0.008794 16.091
Iteration 349  HV  cores 815 765 1  time 0.525645 0.008794 16.1664
Iteration 350  HV  cores 817 767 2  time 0.52709 0.008794 16.2424
Iteration 351  HV  cores 818 768 1  time 0.527926 0.008794 16.3181
Iteration 352  HV  cores 819 769 1  time 0.528763 0.008794 16.3938
Iteration 353  HV  cores 820 770 1  time 0.529644 0.008794 16.47
Iteration 354  HV  cores 821 771 1  time 0.530475 0.008794 16.5454
Iteration 355  HV  cores 822 772 1  time 0.531317 0.008794 16.6223
Iteration 356  HV  cores 823 773 1  time 0.532166 0.008794 16.6989
Iteration 357  HV  cores 824 774 1  time 0.533003 0.008794 16.7752
Iteration 358  HV  cores 825 775 1  time 0.533949 0.008794 16.8519
Iteration 359  HV  cores 826 776 1  time 0.534932 0.008794 16.9287
Iteration 360  HV  cores 827 777 1  time 0.53576 0.008794 17.0055
Iteration 361  HV  cores 829 779 2  time 0.537115 0.008794 17.0827
Iteration 362  HV  cores 830 780 1  time 0.537962 0.008794 17.1603
Iteration 363  HV  cores 831 781 1  time 0.538785 0.008794 17.2377
Iteration 364  HV  cores 833 783 2  time 0.540116 0.008794 17.3163
Iteration 365  HV  cores 834 784 1  time 0.540979 0.008794 17.3952
Iteration 366  HV  cores 835 785 1  time 0.541882 0.008794 17.475
Iteration 367  HV  cores 836 785 1  time 0.542752 0.008794 17.5538
Iteration 368  HV  cores 837 786 1  time 0.543684 0.008794 17.634
Iteration 369  HV  cores 838 787 1  time 0.544508 0.008794 17.7134
Iteration 370  HV  cores 839 788 1  time 0.545347 0.008794 17.7936
Iteration 371  HV  cores 840 789 1  time 0.546565 0.008794 17.8731
Iteration 372  HV  cores 841 790 1  time 0.54741 0.008794 17.9525
Iteration 373  HV  cores 842 791 1  time 0.548254 0.008794 18.0323
Iteration 374  HV  cores 843 792 1  time 0.549098 0.008794 18.1116
Iteration 375  HV  cores 844 793 1  time 0.550196 0.008794 18.1914
Iteration 376  HV  cores 845 794 1  time 0.55109 0.008794 18.2709
Iteration 377  HV  cores 846 795 1  time 0.551994 0.008794 18.3509
Iteration 378  HV  cores 847 796 1  time 0.552872 0.008794 18.4306
Iteration 379  HV  cores 848 797 1  time 0.553703 0.008794 18.5109
Iteration 380  HV  cores 849 798 1  time 0.55462 0.008794 18.5912
Iteration 381  HV  cores 850 798 1  time 0.555483 0.008794 18.6711
Iteration 382  HV  cores 851 798 1  time 0.556331 0.008794 18.7525
Iteration 383  HV  cores 852 798 1  time 0.557275 0.008794 18.8331
Iteration 384  HV  cores 853 798 1  time 0.558111 0.008794 18.9134
Iteration 385  HV  cores 854 799 1  time 0.55901 0.008794 18.9946
Iteration 386  HV  cores 855 800 1  time 0.560056 0.008794 19.0765
Iteration 387  HV  cores 856 801 1  time 0.560895 0.008794 19.1571
Iteration 388  HV  cores 857 801 1  time 0.561859 0.008794 19.238
Iteration 389  HV  cores 858 802 1  time 0.562695 0.008794 19.3189
Iteration 390  HV  cores 859 803 1  time 0.56379 0.008794 19.4003
Iteration 391  HV  cores 860 804 1  time 0.564612 0.008794 19.4831
Iteration 392  HV  cores 862 806 2  time 0.566242 0.008794 19.5655
Iteration 393  HV  cores 863 807 1  time 0.567071 0.008794 19.6476
Iteration 394  HV  cores 864 808 1  time 0.567948 0.008794 19.73
Iteration 395  HV  cores 865 809 1  time 0.569163 0.008794 19.8119
Iteration 396  HV  cores 866 810 1  time 0.570006 0.008794 19.8938
Iteration 397  HV  cores 867 811 1  time 0.570838 0.008794 19.9758
Iteration 398  HV  cores 869 813 2  time 0.572467 0.008794 20.058
Iteration 399  HV  cores 872 816 3  time 0.574182 0.008794 20.1407
Iteration 400  HV  cores 875 818 3  time 0.57593 0.008794 20.2237
Iteration 401  HV  cores 876 819 1  time 0.576823 0.008794 20.3064
Iteration 402  HV  cores 878 821 2  time 0.578524 0.008794 20.3891
Iteration 403  HV  cores 881 823 3  time 0.580299 0.008794 20.4732
Iteration 404  HV  cores 884 825 3  time 0.582014 0.008794 20.5583
Iteration 405  HV  cores 885 826 1  time 0.582887 0.008794 20.6858
Iteration 406  HV  cores 886 826 1  time 0.583727 0.008794 20.7699
Iteration 407  HV  cores 887 827 1  time 0.58463 0.008794 20.8536
Iteration 408  HV  cores 888 828 1  time 0.585462 0.008794 20.9376
Iteration 409  HV  cores 890 830 2  time 0.586758 0.008794 21.0207
Iteration 410  HV  cores 892 832 2  time 0.588153 0.008794 21.1048
Iteration 411  HV  cores 893 833 1  time 0.589164 0.008794 21.1882
Iteration 412  HV  cores 894 834 1  time 0.589996 0.008794 21.2725
Iteration 413  HV  cores 895 835 1  time 0.590835 0.008794 21.3569
Iteration 414  HV  cores 896 836 1  time 0.591666 0.008794 21.4415
Iteration 415  HV  cores 897 837 1  time 0.592516 0.008794 21.5259
Iteration 416  HV  cores 899 839 2  time 0.59391 0.008794 21.6105
Iteration 417  HV  cores 900 840 1  time 0.594885 0.008794 21.6951
Iteration 418  HV  cores 901 841 1  time 0.595855 0.008794 21.7805
Iteration 419  HV  cores 903 843 2  time 0.597145 0.008794 21.866
Iteration 420  HV  cores 904 844 1  time 0.597994 0.008794 21.9508
Iteration 421  HV  cores 905 845 1  time 0.598838 0.008794 22.0733
Iteration 422  HV  cores 906 846 1  time 0.599651 0.008794 22.1578
Iteration 423  HV  cores 907 847 1  time 0.600592 0.008794 22.243
Iteration 424  HV  cores 908 848 1  time 0.601429 0.008794 22.3281
Iteration 425  HV  cores 909 849 1  time 0.602315 0.008794 22.4127
Iteration 426  HV  cores 911 851 2  time 0.603648 0.008794 22.4991
Iteration 427  HV  cores 912 852 1  time 0.604491 0.008794 22.5847
Iteration 428  HV  cores 913 853 1  time 0.605337 0.008794 22.6711
Iteration 429  HV  cores 914 853 1  time 0.606376 0.008794 22.7575
Iteration 430  HV  cores 915 854 1  time 0.607276 0.008794 22.8798
Iteration 431  HV  cores 916 854 1  time 0.608119 0.008794 22.9663
Iteration 432  HV  cores 918 856 2  time 0.609403 0.008794 23.0528
Iteration 433  HV  cores 919 857 1  time 0.610242 0.008794 23.139
Iteration 434  HV  cores 920 858 1  time 0.61107 0.008794 23.225
Iteration 435  HV  cores 921 859 1  time 0.611896 0.008794 23.3119
Iteration 436  HV  cores 923 861 2  time 0.613184 0.008794 23.3976
Iteration 437  HV  cores 925 863 2  time 0.61463 0.008794 23.4848
Iteration 438  HV  cores 926 864 1  time 0.615465 0.008794 23.572
Iteration 439  HV  cores 927 865 1  time 0.616443 0.008794 23.6605
Iteration 440  HV  cores 928 866 1  time 0.617299 0.008794 23.7482
Iteration 441  HV  cores 929 867 1  time 0.618253 0.008794 23.835
Iteration 442  HV  cores 930 868 1  time 0.619166 0.008794 23.9228
Iteration 443  HV  cores 932 870 2  time 0.620516 0.008794 24.0112
Iteration 444  HV  cores 933 870 1  time 0.621309 0.008794 24.0984
Iteration 445  HV  cores 934 871 1  time 0.62214 0.008794 24.1873
Iteration 446  HV  cores 935 872 1  time 0.623056 0.008794 24.2751
Iteration 447  HV  cores 936 873 1  time 0.62401 0.008794 24.3632
Iteration 448  HV  cores 937 874 1  time 0.624832 0.008794 24.4522
Iteration 449  HV  cores 938 875 1  time 0.625651 0.008794 24.5411
Iteration 450  HV  cores 940 877 2  time 0.62699 0.008794 24.631
Iteration 451  HV  cores 941 878 1  time 0.627844 0.008794 24.7197
Iteration 452  HV  cores 942 879 1  time 0.628674 0.008794 24.8089
Iteration 453  HV  cores 943 880 1  time 0.629535 0.008794 24.8992
Iteration 454  HV  cores 944 881 1  time 0.630374 0.008794 24.9886
Iteration 455  HV  cores 945 881 1  time 0.631196 0.008794 25.0772
Iteration 456  HV  cores 947 883 2  time 0.632404 0.008794 25.1666
Iteration 457  HV  cores 949 885 2  time 0.633684 0.008794 25.256
Iteration 458  HV  cores 950 886 1  time 0.634621 0.008794 25.3455
Iteration 459  HV  cores 951 887 1  time 0.635464 0.008794 25.4344
Iteration 460  HV  cores 952 888 1  time 0.636302 0.008794 25.5241
Iteration 461  HV  cores 954 890 2  time 0.63774 0.008794 25.6145
Iteration 462  HV  cores 955 891 1  time 0.638646 0.008794 25.7062
Iteration 463  HV  cores 957 893 2  time 0.64007 0.008794 25.7975
Iteration 464  HV  cores 958 894 1  time 0.640921 0.008794 25.888
Iteration 465  HV  cores 960 896 2  time 0.642206 0.008794 25.9896
Iteration 466  HV  cores 961 897 1  time 0.643108 0.008794 26.0901
Iteration 467  HV  cores 962 898 1  time 0.643951 0.008794 26.1911
Iteration 468  HV  cores 963 899 1  time 0.644845 0.008794 26.2927
Iteration 469  HV  cores 964 900 1  time 0.645682 0.008794 26.3937
Iteration 470  HV  cores 965 901 1  time 0.646529 0.008794 26.495
Iteration 471  HV  cores 966 902 1  time 0.647363 0.008794 26.5966
Iteration 472  HV  cores 967 902 1  time 0.648232 0.008794 26.6976
Iteration 473  HV  cores 968 902 1  time 0.649125 0.008794 26.7986
Iteration 474  HV  cores 969 903 1  time 0.649964 0.008794 26.8999
Iteration 475  HV  cores 970 904 1  time 0.650842 0.008794 27.0023
Iteration 476  HV  cores 971 905 1  time 0.651681 0.008794 27.1036
Iteration 477  HV  cores 972 906 1  time 0.652531 0.008794 27.2057
Iteration 478  HV  cores 973 907 1  time 0.653486 0.008794 27.3077
Iteration 479  HV  cores 974 908 1  time 0.654475 0.008794 27.4093
Iteration 480  HV  cores 975 909 1  time 0.655333 0.008794 27.5117
Iteration 481  HV  cores 976 910 1  time 0.656238 0.008794 27.6143
Iteration 482  HV  cores 977 910 1  time 0.657107 0.008794 27.717
Iteration 483  HV  cores 978 911 1  time 0.657966 0.008794 27.8201
Iteration 484  HV  cores 979 912 1  time 0.658798 0.008794 27.923
Iteration 485  HV  cores 980 913 1  time 0.65964 0.008794 28.0263
Iteration 486  HV  cores 981 914 1  time 0.660472 0.008794 28.1298
Iteration 487  HV  cores 982 915 1  time 0.661322 0.008794 28.2328
Iteration 488  HV  cores 983 916 1  time 0.662351 0.008794 28.337
Iteration 489  HV  cores 986 918 3  time 0.66405 0.008794 28.4409
Iteration 490  HV  cores 987 919 1  time 0.664956 0.008794 28.5456
Iteration 491  HV  cores 988 920 1  time 0.665859 0.008794 28.6502
Iteration 492  HV  cores 989 920 1  time 0.666703 0.008794 28.7546
Iteration 493  HV  cores 990 921 1  time 0.667585 0.008794 28.8585
Iteration 494  HV  cores 991 922 1  time 0.668443 0.008794 28.9633
Iteration 495  HV  cores 992 923 1  time 0.669307 0.008794 29.0687
Iteration 496  HV  cores 993 924 1  time 0.670157 0.008794 29.174
Iteration 497  HV  cores 994 925 1  time 0.670993 0.008794 29.2797
Iteration 498  HV  cores 995 926 1  time 0.67183 0.008794 29.3848
Iteration 499  HV  cores 996 927 1  time 0.672787 0.008794 29.4906
Iteration 500  HV  cores 997 928 1  time 0.673621 0.008794 29.5968
Iteration 501  HV  cores 998 929 1  time 0.674532 0.008794 29.703
Iteration 502  HV  cores 999 930 1  time 0.675375 0.008794 29.8096
Iteration 503  HV  cores 1000 931 1  time 0.676459 0.008794 29.9156
Iteration 504  HV  cores 1001 932 1  time 0.677429 0.008794 30.0228
Iteration 505  HV  cores 1002 933 1  time 0.678267 0.008794 30.1287
Iteration 506  HV  cores 1003 934 1  time 0.679199 0.008794 30.2359
Iteration 507  HV  cores 1004 935 1  time 0.680029 0.008794 30.3437
Iteration 508  HV  cores 1006 937 2  time 0.681447 0.008794 30.4512
Iteration 509  HV  cores 1007 938 1  time 0.682281 0.008794 30.5591
Iteration 510  HV  cores 1009 940 2  time 0.683723 0.008794 30.6678
Iteration 511  HV  cores 1010 940 1  time 0.684569 0.008794 30.7756
Iteration 512  HV  cores 1011 941 1  time 0.685501 0.008794 30.8831
Iteration 513  HV  cores 1012 942 1  time 0.686389 0.008794 30.9915
Iteration 514  HV  cores 1013 943 1  time 0.687223 0.008794 31.1004
Iteration 515  HV  cores 1014 944 1  time 0.688069 0.008794 31.2098
Iteration 516  HV  cores 1015 945 1  time 0.68891 0.008794 31.3177
Iteration 517  HV  cores 1016 946 1  time 0.690017 0.008794 31.4274
Iteration 518  HV  cores 1017 946 1  time 0.690842 0.008794 31.5367
Iteration 519  HV  cores 1018 947 1  time 0.69184 0.008794 31.6464
Iteration 520  HV  cores 1019 948 1  time 0.69269 0.008794 31.7559
Iteration 521  HV  cores 1021 950 2  time 0.693926 0.008794 31.8671
Iteration 522  HV  cores 1022 951 1  time 0.694765 0.008794 31.9777
Iteration 523  HV  cores 1024 953 2  time 0.696134 0.008794 32.0879
Iteration 524  HV  cores 1025 954 1  time 0.696977 0.008794 32.1979
Iteration 525  HV  cores 1026 955 1  time 0.697798 0.008794 32.3086
Iteration 526  HV  cores 1027 956 1  time 0.698676 0.008794 32.4205
Iteration 527  HV  cores 1028 956 1  time 0.699499 0.008794 32.5315
Iteration 528  HV  cores 1030 958 2  time 0.700783 0.008794 32.6424
Iteration 529  HV  cores 1031 959 1  time 0.701655 0.008794 32.7542
Iteration 530  HV  cores 1033 961 2  time 0.703045 0.008794 32.8658
Iteration 531  HV  cores 1034 962 1  time 0.704082 0.008794 32.9769
Iteration 532  HV  cores 1035 963 1  time 0.705619 0.008794 33.0898
Iteration 533  HV  cores 1036 964 1  time 0.70663 0.008794 33.2026
Iteration 534  HV  cores 1037 965 1  time 0.707468 0.008794 33.3162
Iteration 535  HV  cores 1038 966 1  time 0.708398 0.008794 33.4294
Iteration 536  HV  cores 1040 968 2  time 0.709828 0.008794 33.5421
Iteration 537  HV  cores 1041 969 1  time 0.71071 0.008794 33.6556
Iteration 538  HV  cores 1042 970 1  time 0.711538 0.008794 33.8119
Iteration 539  HV  cores 1043 971 1  time 0.712413 0.008794 33.9243
Iteration 540  HV  cores 1044 972 1  time 0.713359 0.008794 34.0382
Iteration 541  HV  cores 1045 973 1  time 0.714235 0.008794 34.1521
Iteration 542  HV  cores 1046 974 1  time 0.715118 0.008794 34.2655
Iteration 543  HV  cores 1047 974 1  time 0.716114 0.008794 34.3796
Iteration 544  HV  cores 1049 976 2  time 0.71742 0.008794 34.4936
Iteration 545  HV  cores 1050 977 1  time 0.718366 0.008794 34.6079
Iteration 546  HV  cores 1051 978 1  time 0.7192 0.008794 34.7215
Iteration 547  HV  cores 1052 979 1  time 0.720082 0.008794 34.836
Iteration 548  HV  cores 1053 980 1  time 0.720909 0.008794 34.9504
Iteration 549  HV  cores 1054 981 1  time 0.721739 0.008794 35.0649
Iteration 550  HV  cores 1055 982 1  time 0.722567 0.008794 35.1799
Iteration 551  HV  cores 1056 983 1  time 0.723528 0.008794 35.295
Iteration 552  HV  cores 1057 984 1  time 0.724358 0.008794 35.4101
Iteration 553  HV  cores 1058 985 1  time 0.725188 0.008794 35.5259
Iteration 554  HV  cores 1060 987 2  time 0.726638 0.008794 35.64
Iteration 555  HV  cores 1061 988 1  time 0.727484 0.008794 35.7555
Iteration 556  HV  cores 1062 989 1  time 0.728374 0.008794 35.8714
Iteration 557  HV  cores 1063 990 1  time 0.729218 0.008794 35.9872
Iteration 558  HV  cores 1065 992 2  time 0.730583 0.008794 36.1033
Iteration 559  HV  cores 1066 993 1  time 0.731457 0.008794 36.2195
Iteration 560  HV  cores 1067 994 1  time 0.732649 0.008794 36.3359
Iteration 561  HV  cores 1069 996 2  time 0.733922 0.008794 36.452
Iteration 562  HV  cores 1070 997 1  time 0.734755 0.008794 36.569
Iteration 563  HV  cores 1072 999 2  time 0.736031 0.008794 36.6853
Iteration 564  HV  cores 1074 1001 2  time 0.737465 0.008794 36.7877
Iteration 565  HV  cores 1075 1002 1  time 0.738368 0.008794 36.9051
Iteration 566  HV  cores 1076 1003 1  time 0.739203 0.008794 37.0221
Iteration 567  HV  cores 1079 1006 3  time 0.740915 0.008794 37.1396
Iteration 568  HV  cores 1080 1007 1  time 0.741828 0.008794 37.2488
Iteration 569  HV  cores 1082 1009 2  time 0.743086 0.008794 37.3655
Iteration 570  HV  cores 1083 1010 1  time 0.743909 0.008794 37.4824
Iteration 571  HV  cores 1086 1011 3  time 0.745714 0.008794 37.6
Iteration 572  HV  cores 1087 1012 1  time 0.746554 0.008794 37.7172
Iteration 573  HV  cores 1088 1013 1  time 0.747464 0.008794 37.835
Iteration 574  HV  cores 1089 1014 1  time 0.748312 0.008794 37.9534
Iteration 575  HV  cores 1090 1015 1  time 0.749205 0.008794 38.0689
Iteration 576  HV  cores 1091 1015 1  time 0.750037 0.008794 38.1886
Iteration 577  HV  cores 1092 1016 1  time 0.750885 0.008794 38.3073
Iteration 578  HV  cores 1093 1017 1  time 0.751727 0.008794 38.426
Iteration 579  HV  cores 1094 1018 1  time 0.752561 0.008794 38.5446
Iteration 580  HV  cores 1096 1020 2  time 0.75395 0.008794 38.6632
Iteration 581  HV  cores 1098 1022 2  time 0.755218 0.008794 38.7797
Iteration 582  HV  cores 1099 1023 1  time 0.756082 0.008794 38.8988
Iteration 583  HV  cores 1100 1024 1  time 0.75693 0.008794 39.0182
Iteration 584  HV  cores 1101 1025 1  time 0.75794 0.008794 39.138
Iteration 585  HV  cores 1102 1026 1  time 0.758883 0.008794 39.2584
Iteration 586  HV  cores 1103 1027 1  time 0.759717 0.008794 39.3777
Iteration 587  HV  cores 1104 1028 1  time 0.760678 0.008794 39.498
Iteration 588  HV  cores 1105 1029 1  time 0.761552 0.008794 39.618
Iteration 589  HV  cores 1107 1031 2  time 0.762925 0.008794 39.7374
Iteration 590  HV  cores 1108 1032 1  time 0.763768 0.008794 39.8567
Iteration 591  HV  cores 1109 1033 1  time 0.764599 0.008794 39.9755
Iteration 592  HV  cores 1111 1035 2  time 0.765926 0.008794 40.0955
Iteration 593  HV  cores 1112 1036 1  time 0.766814 0.008794 40.2155
Iteration 594  HV  cores 1113 1037 1  time 0.767686 0.008794 40.3359
Iteration 595  HV  cores 1114 1038 1  time 0.768538 0.008794 40.4415
Iteration 596  HV  cores 1115 1039 1  time 0.769493 0.008794 40.5618
Iteration 597  HV  cores 1116 1040 1  time 0.770325 0.008794 40.6842
Iteration 598  HV  cores 1117 1041 1  time 0.771156 0.008794 40.8079
Iteration 599  HV  cores 1118 1042 1  time 0.772003 0.008794 40.9315
Iteration 600  HV  cores 1119 1043 1  time 0.772928 0.008794 41.0544
Iteration 601  HV  cores 1120 1044 1  time 0.773861 0.008794 41.1767
Iteration 602  HV  cores 1121 1045 1  time 0.774748 0.008794 41.3001
Iteration 603  HV  cores 1122 1046 1  time 0.775668 0.008794 41.4213
Iteration 604  HV  cores 1123 1047 1  time 0.776504 0.008794 41.5452
Iteration 605  HV  cores 1124 1048 1  time 0.777343 0.008794 41.6701
Iteration 606  HV  cores 1125 1049 1  time 0.778175 0.008794 41.7782
Iteration 607  HV  cores 1126 1050 1  time 0.779033 0.008794 41.903
Iteration 608  HV  cores 1127 1051 1  time 0.779957 0.008794 42.0283
Iteration 609  HV  cores 1128 1052 1  time 0.78084 0.008794 42.1524
Iteration 610  HV  cores 1129 1053 1  time 0.781732 0.008794 42.277
Iteration 611  HV  cores 1130 1054 1  time 0.782609 0.008794 42.4021
Iteration 612  HV  cores 1131 1055 1  time 0.783502 0.008794 42.5267
Iteration 613  HV  cores 1132 1056 1  time 0.784326 0.008794 42.6351
Iteration 614  HV  cores 1133 1057 1  time 0.78517 0.008794 42.7613
Iteration 615  HV  cores 1134 1058 1  time 0.786019 0.008794 42.888
Iteration 616  HV  cores 1135 1059 1  time 0.786927 0.008794 43.0115
Iteration 617  HV  cores 1136 1060 1  time 0.787766 0.008794 43.1356
Iteration 618  HV  cores 1137 1061 1  time 0.788644 0.008794 43.2617
Iteration 619  HV  cores 1138 1062 1  time 0.789465 0.008794 43.3871
Iteration 620  HV  cores 1140 1064 2  time 0.790759 0.008794 43.5556
Iteration 621  HV  cores 1142 1066 2  time 0.79212 0.008794 43.6803
Iteration 622  HV  cores 1143 1067 1  time 0.792957 0.008794 43.8055
Iteration 623  HV  cores 1144 1068 1  time 0.794241 0.008794 43.9306
Iteration 624  HV  cores 1145 1069 1  time 0.795072 0.008794 44.0563
Iteration 625  HV  cores 1147 1071 2  time 0.796347 0.008794 44.1817
Iteration 626  HV  cores 1148 1072 1  time 0.797259 0.008794 44.3498
Iteration 627  HV  cores 1149 1073 1  time 0.798215 0.008794 44.4759
Iteration 628  HV  cores 1150 1074 1  time 0.799057 0.008794 44.6017
Iteration 629  HV  cores 1151 1075 1  time 0.799941 0.008794 44.728
Iteration 630  HV  cores 1152 1076 1  time 0.80078 0.008794 44.8545
Iteration 631  HV  cores 1153 1077 1  time 0.80161 0.008794 44.98
Iteration 632  HV  cores 1154 1078 1  time 0.802424 0.008794 45.1057
Iteration 633  HV  cores 1155 1079 1  time 0.803304 0.008794 45.2321
Iteration 634  HV  cores 1156 1080 1  time 0.804128 0.008794 45.3582
Iteration 635  HV  cores 1157 1081 1  time 0.804954 0.008794 45.4851
Iteration 636  HV  cores 1158 1082 1  time 0.805775 0.008794 45.6122
Iteration 637  HV  cores 1159 1083 1  time 0.806597 0.008794 45.7382
Iteration 638  HV  cores 1160 1084 1  time 0.807415 0.008794 45.866
Iteration 639  HV  cores 1161 1085 1  time 0.808256 0.008794 45.9934
Iteration 640  HV  cores 1162 1086 1  time 0.80909 0.008794 46.1224
Iteration 641  HV  cores 1163 1087 1  time 0.80992 0.008794 46.2501
Iteration 642  HV  cores 1164 1088 1  time 0.810744 0.008794 46.3783
Iteration 643  HV  cores 1165 1089 1  time 0.811568 0.008794 46.5069
Iteration 644  HV  cores 1166 1090 1  time 0.812439 0.008794 46.6346
Iteration 645  HV  cores 1167 1091 1  time 0.813276 0.008794 46.7629
Iteration 646  HV  cores 1168 1092 1  time 0.814137 0.008794 46.8928
Iteration 647  HV  cores 1169 1093 1  time 0.814983 0.008794 47.0213
Iteration 648  HV  cores 1171 1095 2  time 0.816306 0.008794 47.134
Iteration 649  HV  cores 1173 1097 2  time 0.817531 0.008794 47.2471
Iteration 650  HV  cores 1174 1098 1  time 0.818502 0.008794 47.3991
Iteration 651  HV  cores 1175 1099 1  time 0.819354 0.008794 47.5121
Iteration 652  HV  cores 1177 1100 2  time 0.820661 0.008794 47.6248
Iteration 653  HV  cores 1178 1100 1  time 0.821497 0.008794 47.7379
Iteration 654  HV  cores 1180 1101 2  time 0.822779 0.008794 47.8509
Iteration 655  HV  cores 1181 1102 1  time 0.82366 0.008794 47.964
Iteration 656  HV  cores 1182 1103 1  time 0.82457 0.008794 48.0769
Iteration 657  HV  cores 1184 1105 2  time 0.825906 0.008794 48.1914
Iteration 658  HV  cores 1185 1106 1  time 0.826731 0.008794 48.3058
Iteration 659  HV  cores 1187 1108 2  time 0.828049 0.008794 48.419
Iteration 660  HV  cores 1189 1110 2  time 0.829309 0.008794 48.533
Iteration 661  HV  cores 1190 1111 1  time 0.830137 0.008794 48.6469
Iteration 662  HV  cores 1192 1113 2  time 0.831415 0.008794 48.7612
Iteration 663  HV  cores 1194 1115 2  time 0.832717 0.008794 48.8756
Iteration 664  HV  cores 1195 1116 1  time 0.833552 0.008794 48.99
Iteration 665  HV  cores 1196 1117 1  time 0.83438 0.008794 49.1038
Iteration 666  HV  cores 1197 1118 1  time 0.83526 0.008794 49.2177
Iteration 667  HV  cores 1198 1119 1  time 0.836208 0.008794 49.3322
Iteration 668  HV  cores 1199 1120 1  time 0.837088 0.008794 49.4471
Iteration 669  HV  cores 1200 1121 1  time 0.837991 0.008794 49.5622
Iteration 670  HV  cores 1201 1122 1  time 0.838857 0.008794 49.7174
Iteration 671  HV  cores 1202 1123 1  time 0.8397 0.008794 49.8327
Iteration 672  HV  cores 1203 1124 1  time 0.840624 0.008794 49.9477
Iteration 673  HV  cores 1204 1122 1  time 0.841556 0.008794 50.0627
Iteration 674  HV  cores 1205 1123 1  time 0.842439 0.008794 50.1775
Iteration 675  HV  cores 1206 1124 1  time 0.843387 0.008794 50.2926
Iteration 676  HV  cores 1207 1125 1  time 0.844225 0.008794 50.4085
Iteration 677  HV  cores 1208 1126 1  time 0.845066 0.008794 50.524
Iteration 678  HV  cores 1209 1127 1  time 0.84591 0.008794 50.6395
Iteration 679  HV  cores 1210 1128 1  time 0.846737 0.008794 50.7554
Iteration 680  HV  cores 1211 1129 1  time 0.847664 0.008794 50.8711
Iteration 681  HV  cores 1212 1129 1  time 0.848501 0.008794 50.987
Iteration 682  HV  cores 1213 1130 1  time 0.849318 0.008794 51.1036
Iteration 683  HV  cores 1214 1130 1  time 0.850152 0.008794 51.2201
Iteration 684  HV  cores 1215 1131 1  time 0.850977 0.008794 51.3361
Iteration 685  HV  cores 1216 1132 1  time 0.851798 0.008794 51.4524
Iteration 686  HV  cores 1217 1133 1  time 0.852616 0.008794 51.5689
Iteration 687  HV  cores 1218 1133 1  time 0.853448 0.008794 51.6852
Iteration 688  HV  cores 1219 1134 1  time 0.854272 0.008794 51.8007
Iteration 689  HV  cores 1220 1135 1  time 0.855121 0.008794 51.9182
Iteration 690  HV  cores 1221 1136 1  time 0.855964 0.008794 52.0355
Iteration 691  HV  cores 1222 1137 1  time 0.856841 0.008794 52.1521
Iteration 692  HV  cores 1223 1138 1  time 0.857666 0.008794 52.2687
Iteration 693  HV  cores 1224 1139 1  time 0.858491 0.008794 52.3865
Iteration 694  HV  cores 1225 1140 1  time 0.859317 0.008794 52.5036
Iteration 695  HV  cores 1226 1141 1  time 0.860198 0.008794 52.6205
Iteration 696  HV  cores 1227 1142 1  time 0.861022 0.008794 52.7384
Iteration 697  HV  cores 1228 1143 1  time 0.861888 0.008794 52.8557
Iteration 698  HV  cores 1229 1144 1  time 0.862767 0.008794 52.9734
Iteration 699  HV  cores 1230 1145 1  time 0.863605 0.008794 53.0911
Iteration 700  HV  cores 1231 1146 1  time 0.864532 0.008794 53.2084
Iteration 701  HV  cores 1232 1147 1  time 0.86559 0.008794 53.3261
Iteration 702  HV  cores 1233 1148 1  time 0.866435 0.008794 53.4438
Iteration 703  HV  cores 1234 1149 1  time 0.867266 0.008794 53.5609
Iteration 704  HV  cores 1235 1149 1  time 0.868159 0.008794 53.6785
Iteration 705  HV  cores 1236 1150 1  time 0.868987 0.008794 53.7971
Iteration 706  HV  cores 1237 1151 1  time 0.869938 0.008794 53.9154
Iteration 707  HV  cores 1238 1152 1  time 0.870809 0.008794 54.0334
Iteration 708  HV  cores 1239 1152 1  time 0.871656 0.008794 54.1514
Iteration 709  HV  cores 1240 1152 1  time 0.872643 0.008794 54.2693
Iteration 710  HV  cores 1241 1152 1  time 0.873474 0.008794 54.3877
Iteration 711  HV  cores 1242 1153 1  time 0.874298 0.008794 54.5065
Iteration 712  HV  cores 1243 1154 1  time 0.875206 0.008794 54.6249
Iteration 713  HV  cores 1244 1155 1  time 0.876379 0.008794 54.7442
Iteration 714  HV  cores 1245 1156 1  time 0.877344 0.008794 54.8631
Iteration 715  HV  cores 1246 1157 1  time 0.878396 0.008794 54.9826
Iteration 716  HV  cores 1247 1158 1  time 0.879396 0.008794 55.1029
Iteration 717  HV  cores 1248 1159 1  time 0.880332 0.008794 55.2226
Iteration 718  HV  cores 1249 1160 1  time 0.881196 0.008794 55.344
Iteration 719  HV  cores 1250 1161 1  time 0.882032 0.008794 55.4637
Iteration 720  HV  cores 1251 1162 1  time 0.882879 0.008794 55.5832
Iteration 721  HV  cores 1252 1163 1  time 0.88372 0.008794 55.7031
Iteration 722  HV  cores 1253 1164 1  time 0.88456 0.008794 55.8231
Iteration 723  HV  cores 1254 1165 1  time 0.885463 0.008794 55.9437
Iteration 724  HV  cores 1255 1166 1  time 0.886312 0.008794 56.0647
Iteration 725  HV  cores 1256 1167 1  time 0.887197 0.008794 56.1852
Iteration 726  HV  cores 1257 1167 1  time 0.888106 0.008794 56.3058
Iteration 727  HV  cores 1258 1168 1  time 0.889029 0.008794 56.4256
Iteration 728  HV  cores 1259 1169 1  time 0.889876 0.008794 56.546
Iteration 729  HV  cores 1260 1170 1  time 0.89072 0.008794 56.6666
Iteration 730  HV  cores 1261 1171 1  time 0.891621 0.008794 56.7876
Iteration 731  HV  cores 1262 1172 1  time 0.892581 0.008794 56.9093
Iteration 732  HV  cores 1263 1173 1  time 0.893637 0.008794 57.0306
Iteration 733  HV  cores 1264 1174 1  time 0.894472 0.008794 57.1514
Iteration 734  HV  cores 1265 1175 1  time 0.8953 0.008794 57.273
Iteration 735  HV  cores 1266 1176 1  time 0.896285 0.008794 57.3948
Iteration 736  HV  cores 1267 1177 1  time 0.897451 0.008794 57.5168
Iteration 737  HV  cores 1268 1178 1  time 0.898308 0.008794 57.639
Iteration 738  HV  cores 1269 1179 1  time 0.89913 0.008794 57.7615
Iteration 739  HV  cores 1271 1181 2  time 0.900771 0.008794 57.8853
Iteration 740  HV  cores 1272 1182 1  time 0.901609 0.008794 58.0072
Iteration 741  HV  cores 1273 1183 1  time 0.90245 0.008794 58.1286
Iteration 742  HV  cores 1274 1184 1  time 0.903305 0.008794 58.2505
Iteration 743  HV  cores 1276 1186 2  time 0.905212 0.008794 58.3722
Iteration 744  HV  cores 1277 1187 1  time 0.906111 0.008794 58.494
Iteration 745  HV  cores 1278 1188 1  time 0.906934 0.008794 58.6163
Iteration 746  HV  cores 1279 1189 1  time 0.907767 0.008794 58.7394
Iteration 747  HV  cores 1280 1189 1  time 0.908596 0.008794 58.8626
Iteration 748  HV  cores 1281 1190 1  time 0.909421 0.008794 58.9857
Iteration 749  HV  cores 1282 1191 1  time 0.910248 0.008794 59.1083
Iteration 750  HV  cores 1283 1192 1  time 0.911116 0.008794 59.2314
Iteration 751  HV  cores 1284 1193 1  time 0.911957 0.008794 59.3548
Iteration 752  HV  cores 1285 1194 1  time 0.912788 0.008794 59.4781
Iteration 753  HV  cores 1286 1195 1  time 0.913689 0.008794 59.6004
Iteration 754  HV  cores 1287 1196 1  time 0.914528 0.008794 59.7267
Iteration 755  HV  cores 1288 1197 1  time 0.91537 0.008794 59.8527
Iteration 756  HV  cores 1289 1198 1  time 0.916202 0.008794 59.9787
Iteration 757  HV  cores 1290 1199 1  time 0.917022 0.008794 60.105
Iteration 758  HV  cores 1291 1200 1  time 0.91792 0.008794 60.231
Iteration 759  HV  cores 1292 1201 1  time 0.918735 0.008794 60.3577
Iteration 760  HV  cores 1293 1202 1  time 0.919557 0.008794 60.4843
Iteration 761  HV  cores 1294 1202 1  time 0.9204 0.008794 60.6103
Iteration 762  HV  cores 1295 1203 1  time 0.921235 0.008794 60.7365
Iteration 763  HV  cores 1296 1204 1  time 0.922275 0.008794 60.8634
Iteration 764  HV  cores 1297 1204 1  time 0.92312 0.008794 60.9901
Iteration 765  HV  cores 1298 1205 1  time 0.923969 0.008794 61.1171
Iteration 766  HV  cores 1299 1205 1  time 0.924922 0.008794 61.2444
Iteration 767  HV  cores 1300 1206 1  time 0.925755 0.008794 61.3703
Iteration 768  HV  cores 1302 1207 2  time 0.927092 0.008794 61.4973
Iteration 769  HV  cores 1304 1209 2  time 0.928367 0.008794 61.6248
Iteration 770  HV  cores 1305 1209 1  time 0.929209 0.008794 61.7523
Iteration 771  HV  cores 1306 1210 1  time 0.930041 0.008794 61.8798
Iteration 772  HV  cores 1307 1211 1  time 0.930876 0.008794 62.0073
Iteration 773  HV  cores 1308 1211 1  time 0.931697 0.008794 62.1353
Iteration 774  HV  cores 1310 1213 2  time 0.933021 0.008794 62.2629
Iteration 775  HV  cores 1311 1214 1  time 0.933842 0.008794 62.3903
Iteration 776  HV  cores 1312 1214 1  time 0.934656 0.008794 62.558
Iteration 777  HV  cores 1313 1215 1  time 0.93549 0.008794 62.6865
Iteration 778  HV  cores 1314 1216 1  time 0.936377 0.008794 62.8139
Iteration 779  HV  cores 1316 1218 2  time 0.937928 0.008794 62.9424
Iteration 780  HV  cores 1317 1219 1  time 0.93888 0.008794 63.0716
Iteration 781  HV  cores 1318 1220 1  time 0.939739 0.008794 63.2419
Iteration 782  HV  cores 1320 1222 2  time 0.941111 0.008794 63.412
Iteration 783  HV  cores 1321 1223 1  time 0.942 0.008794 63.5406
Iteration 784  HV  cores 1323 1225 2  time 0.943295 0.008794 63.669
Iteration 785  HV  cores 1325 1227 2  time 0.944734 0.008794 63.798
Iteration 786  HV  cores 1327 1228 2  time 0.946206 0.008794 63.9274
Iteration 787  HV  cores 1328 1229 1  time 0.947045 0.008794 64.0564
Iteration 788  HV  cores 1329 1230 1  time 0.948075 0.008794 64.1867
Iteration 789  HV  cores 1330 1231 1  time 0.948959 0.008794 64.317
Iteration 790  HV  cores 1332 1232 2  time 0.95031 0.008794 64.4472
Iteration 791  HV  cores 1333 1233 1  time 0.951402 0.008794 64.5772
Iteration 792  HV  cores 1334 1234 1  time 0.952247 0.008794 64.7076
Iteration 793  HV  cores 1335 1235 1  time 0.953085 0.008794 64.8376
Iteration 794  HV  cores 1336 1235 1  time 0.953909 0.008794 64.968
Iteration 795  HV  cores 1337 1236 1  time 0.954749 0.008794 65.0982
Iteration 796  HV  cores 1338 1237 1  time 0.955674 0.008794 65.2285
Iteration 797  HV  cores 1339 1238 1  time 0.95672 0.008794 65.3587
Iteration 798  HV  cores 1340 1239 1  time 0.957563 0.008794 65.4895
Iteration 799  HV  cores 1341 1240 1  time 0.958401 0.008794 65.6207
Iteration 800  HV  cores 1342 1241 1  time 0.959239 0.008794 65.7518
Iteration 801  HV  cores 1344 1243 2  time 0.960587 0.008794 65.8828
Iteration 802  HV  cores 1345 1244 1  time 0.961468 0.008794 66.012
Iteration 803  HV  cores 1346 1245 1  time 0.962298 0.008794 66.1432
Iteration 804  HV  cores 1347 1246 1  time 0.963124 0.008794 66.2749
Iteration 805  HV  cores 1348 1247 1  time 0.963998 0.008794 66.4049
Iteration 806  HV  cores 1349 1248 1  time 0.964813 0.008794 66.5356
Iteration 807  HV  cores 1350 1249 1  time 0.965637 0.008794 66.6675
Iteration 808  HV  cores 1351 1250 1  time 0.966465 0.008794 66.7995
Iteration 809  HV  cores 1352 1251 1  time 0.96738 0.008794 66.9312
Iteration 810  HV  cores 1353 1252 1  time 0.968208 0.008794 67.1043
Iteration 811  HV  cores 1354 1253 1  time 0.969043 0.008794 67.2367
Iteration 812  HV  cores 1355 1254 1  time 0.970006 0.008794 67.3693
Iteration 813  HV  cores 1356 1255 1  time 0.970854 0.008794 67.5023
Iteration 814  HV  cores 1357 1256 1  time 0.971693 0.008794 67.635
Iteration 815  HV  cores 1358 1257 1  time 0.972559 0.008794 67.7682
Iteration 816  HV  cores 1359 1258 1  time 0.973401 0.008794 67.9005
Iteration 817  HV  cores 1360 1259 1  time 0.974248 0.008794 68.0327
Iteration 818  HV  cores 1361 1260 1  time 0.975251 0.008794 68.1659
Iteration 819  HV  cores 1362 1261 1  time 0.976202 0.008794 68.2975
Iteration 820 MHV  lb 6897 ub 7258  time 0.976602 0.333404 68.2975
Iteration 821  HV  cores 1365 1262 3  time 0.978486 0.333404 68.4363
Iteration 822  HV  cores 1368 1263 3  time 0.980411 0.333404 68.6847
Iteration 823  HV  cores 1372 1267 4  time 0.982605 0.333404 68.8145
Iteration 824  HV  cores 1375 1270 3  time 0.984304 0.333404 68.9551
Iteration 825  HV  cores 1379 1274 4  time 0.986696 0.333404 69.0999
Iteration 826  HV  cores 1383 1278 4  time 0.988958 0.333404 69.2452
Iteration 827  HV  cores 1384 1279 1  time 0.989781 0.333404 69.5905
Iteration 828  HV  cores 1387 1282 3  time 0.991649 0.333404 69.8182
Iteration 829  HV  cores 1388 1283 1  time 0.992599 0.333404 70.1338
Iteration 830  HV  cores 1391 1286 3  time 0.994346 0.333404 70.4571
Iteration 831  HV  cores 1394 1289 3  time 0.996241 0.333404 70.7747
Iteration 832  HV  cores 1396 1291 2  time 0.997551 0.333404 70.9119
Iteration 833  HV  cores 1400 1295 4  time 0.999965 0.333404 71.3909
Iteration 834  HV  cores 1402 1297 2  time 1.00129 0.333404 71.527
Iteration 835  HV  cores 1404 1299 2  time 1.00261 0.333404 71.9169
Iteration 836  HV  cores 1408 1303 4  time 1.00473 0.333404 72.0563
Iteration 837  HV  cores 1410 1304 2  time 1.00622 0.333404 72.397
Iteration 838  HV  cores 1412 1306 2  time 1.00744 0.333404 72.7615
Iteration 839  HV  cores 1414 1308 2  time 1.00867 0.333404 73.0551
Iteration 840  HV  cores 1417 1311 3  time 1.01046 0.333404 73.3878
Iteration 841  HV  cores 1421 1315 4  time 1.01282 0.333404 73.6255
Iteration 842  HV  cores 1424 1318 3  time 1.01459 0.333404 73.8643
Iteration 843  HV  cores 1425 1319 1  time 1.01552 0.333404 74.2556
Iteration 844  HV  cores 1428 1322 3  time 1.01714 0.333404 74.6231
Iteration 845  HV  cores 1431 1325 3  time 1.01894 0.333404 74.9709
Iteration 846  HV  cores 1434 1328 3  time 1.02078 0.333404 75.439
Iteration 847  HV  cores 1435 1329 1  time 1.02167 0.333404 75.9227
Iteration 848  HV  cores 1436 1330 1  time 1.0225 0.333404 76.2475
Iteration 849  HV  cores 1437 1331 1  time 1.02331 0.333404 76.6362
Iteration 850  HV  cores 1440 1334 3  time 1.02536 0.333404 76.9918
Iteration 851  HV  cores 1442 1336 2  time 1.02663 0.333404 77.2277
Iteration 852  HV  cores 1444 1338 2  time 1.02794 0.333404 78.3695
Iteration 853  HV  cores 1446 1340 2  time 1.02926 0.333404 78.5133
Iteration 854  HV  cores 1447 1341 1  time 1.03015 0.333404 78.6564
Iteration 855  HV  cores 1449 1343 2  time 1.03193 0.333404 78.7985
Iteration 856  HV  cores 1453 1347 4  time 1.03404 0.333404 79.4274
Iteration 857  HV  cores 1455 1349 2  time 1.03549 0.333404 79.5695
Iteration 858  HV  cores 1456 1350 1  time 1.03636 0.333404 79.8167
Iteration 859  HV  cores 1459 1353 3  time 1.03816 0.333404 80.1119
Iteration 860  HV  cores 1461 1355 2  time 1.03969 0.333404 80.592
Iteration 861  HV  cores 1463 1357 2  time 1.04093 0.333404 80.9444
Iteration 862  HV  cores 1465 1359 2  time 1.04226 0.333404 81.1894
Iteration 863  HV  cores 1467 1361 2  time 1.04376 0.333404 81.5718
Iteration 864  HV  cores 1470 1364 3  time 1.04548 0.333404 81.8475
Iteration 865  HV  cores 1472 1366 2  time 1.04696 0.333404 82.4031
Iteration 866  HV  cores 1477 1370 5  time 1.04971 0.333404 83.1656
Iteration 867  HV  cores 1479 1372 2  time 1.05099 0.333404 83.8049
Iteration 868  HV  cores 1480 1373 1  time 1.05188 0.333404 83.9513
Iteration 869  HV  cores 1481 1374 1  time 1.05278 0.333404 84.3621
Iteration 870  HV  cores 1483 1376 2  time 1.05414 0.333404 85.6595
Iteration 871  HV  cores 1484 1377 1  time 1.05499 0.333404 85.8065
Iteration 872  HV  cores 1485 1378 1  time 1.05585 0.333404 85.9526
Iteration 873  HV  cores 1486 1379 1  time 1.05693 0.333404 86.3735
Iteration 874  HV  cores 1489 1382 3  time 1.05869 0.333404 87.0408
Iteration 875  HV  cores 1491 1384 2  time 1.06001 0.333404 87.5741
Iteration 876  HV  cores 1494 1386 3  time 1.06185 0.333404 87.8321
Iteration 877  HV  cores 1496 1388 2  time 1.06322 0.333404 88.1137
Iteration 878  HV  cores 1497 1389 1  time 1.06418 0.333404 88.7352
Iteration 879  HV  cores 1498 1390 1  time 1.06515 0.333404 89.2629
Iteration 880  HV  cores 1499 1391 1  time 1.06609 0.333404 89.9175
Iteration 881  HV  cores 1501 1393 2  time 1.0674 0.333404 91.0337
Iteration 882  HV  cores 1502 1394 1  time 1.06824 0.333404 91.1813
Iteration 883  HV  cores 1504 1396 2  time 1.06961 0.333404 91.6939
Iteration 884  HV  cores 1506 1398 2  time 1.0711 0.333404 92.7885
Iteration 885  HV  cores 1508 1400 2  time 1.07243 0.333404 92.9362
Iteration 886  HV  cores 1510 1402 2  time 1.0737 0.333404 93.6572
Iteration 887  HV  cores 1513 1405 3  time 1.07538 0.333404 94.1886
Iteration 888  HV  cores 1516 1407 3  time 1.07744 0.333404 94.8068
Iteration 889  HV  cores 1517 1408 1  time 1.07825 0.333404 95.4357
Iteration 890  HV  cores 1519 1410 2  time 1.0799 0.333404 96.1435
Iteration 891  HV  cores 1521 1412 2  time 1.08123 0.333404 96.9009
Iteration 892  HV  cores 1525 1416 4  time 1.08336 0.333404 97.353
Iteration 893  HV  cores 1526 1417 1  time 1.08429 0.333404 97.995
Iteration 894  HV  cores 1527 1418 1  time 1.08519 0.333404 98.2523
Iteration 895  HV  cores 1528 1419 1  time 1.08607 0.333404 98.8728
Iteration 896  HV  cores 1529 1420 1  time 1.08696 0.333404 99.326
Iteration 897  HV  cores 1530 1421 1  time 1.08786 0.333404 99.478
Iteration 898  HV  cores 1531 1422 1  time 1.08883 0.333404 100.309
Iteration 899  HV  cores 1532 1423 1  time 1.08971 0.333404 100.943
Iteration 900  HV  cores 1533 1424 1  time 1.09052 0.333404 101.282
Iteration 901  HV  cores 1534 1425 1  time 1.09138 0.333404 102.083
Iteration 902  HV  cores 1536 1427 2  time 1.09268 0.333404 102.523
Iteration 903  HV  cores 1537 1428 1  time 1.09353 0.333404 103.083
Iteration 904  HV  cores 1538 1429 1  time 1.09437 0.333404 103.953
Iteration 905  HV  cores 1540 1431 2  time 1.09587 0.333404 104.614
Iteration 906  HV  cores 1541 1432 1  time 1.0967 0.333404 105.228
Iteration 907  HV  cores 1545 1436 4  time 1.09894 0.333404 107.106
Iteration 908  HV  cores 1546 1437 1  time 1.09979 0.333404 107.26
Iteration 909  HV  cores 1547 1438 1  time 1.10066 0.333404 107.413
Iteration 910  HV  cores 1549 1440 2  time 1.10248 0.333404 107.567
Iteration 911  HV  cores 1551 1442 2  time 1.10402 0.333404 108.425
Iteration 912  HV  cores 1552 1443 1  time 1.10503 0.333404 109.09
Iteration 913  HV  cores 1554 1445 2  time 1.10628 0.333404 109.924
Iteration 914  HV  cores 1555 1446 1  time 1.10716 0.333404 110.68
Iteration 915  HV  cores 1557 1448 2  time 1.10853 0.333404 111.207
Iteration 916  HV  cores 1558 1449 1  time 1.10941 0.333404 111.588
Iteration 917  HV  cores 1559 1450 1  time 1.11025 0.333404 112.376
Iteration 918  HV  cores 1561 1452 2  time 1.11157 0.333404 112.924
Iteration 919  HV  cores 1563 1454 2  time 1.11286 0.333404 114.644
Iteration 920  HV  cores 1564 1455 1  time 1.11373 0.333404 114.801
Iteration 921  HV  cores 1565 1456 1  time 1.1147 0.333404 114.958
Iteration 922  HV  cores 1566 1457 1  time 1.11553 0.333404 115.109
Iteration 923  HV  cores 1567 1458 1  time 1.11636 0.333404 115.749
Iteration 924  HV  cores 1569 1460 2  time 1.11781 0.333404 116.676
Iteration 925 MHV  lb 6978 ub 7135  time 1.11823 1.09884 116.676
Iteration 926  HV  cores 1570 1461 1  time 1.11913 1.09884 117.497
Iteration 927  HV  cores 1571 1462 1  time 1.1202 1.09884 118.184
Iteration 928  HV  cores 1572 1463 1  time 1.12106 1.09884 118.597
Iteration 929  HV  cores 1573 1464 1  time 1.12193 1.09884 119.155
Iteration 930  HV  cores 1575 1466 2  time 1.12325 1.09884 119.816
Iteration 931  HV  cores 1576 1467 1  time 1.12423 1.09884 120.761
Iteration 932  HV  cores 1577 1468 1  time 1.12516 1.09884 122.254
Iteration 933  HV  cores 1578 1469 1  time 1.12604 1.09884 122.408
Iteration 934  HV  cores 1579 1470 1  time 1.12691 1.09884 122.559
Iteration 935  HV  cores 1580 1471 1  time 1.12776 1.09884 123.239
Iteration 936  HV  cores 1581 1472 1  time 1.12859 1.09884 124.545
Iteration 937  HV  cores 1582 1473 1  time 1.1294 1.09884 124.698
Iteration 938  HV  cores 1584 1475 2  time 1.13077 1.09884 126.121
Iteration 939  HV  cores 1585 1476 1  time 1.13168 1.09884 126.281
Iteration 940  HV  cores 1586 1477 1  time 1.13254 1.09884 126.435
Iteration 941  HV  cores 1587 1478 1  time 1.13347 1.09884 127.264
Iteration 942  HV  cores 1589 1480 2  time 1.13479 1.09884 128.909
Iteration 943  HV  cores 1590 1481 1  time 1.13568 1.09884 129.068
Iteration 944  HV  cores 1593 1484 3  time 1.13784 1.09884 129.227
Iteration 945  HV  cores 1594 1485 1  time 1.13869 1.09884 129.381
Iteration 946  HV  cores 1595 1486 1  time 1.13955 1.09884 129.536
Iteration 947  HV  cores 1596 1487 1  time 1.14043 1.09884 130.361
Iteration 948  HV  cores 1597 1488 1  time 1.14133 1.09884 131.145
Iteration 949 MHV  lb 7009 ub 7040  time 1.14174 2.40492 131.145
Iteration 950  HV  cores 1598 1489 1  time 1.14263 2.40492 131.304
Iteration 951  HV  cores 1599 1490 1  time 1.14353 2.40492 132.696
Iteration 952  HV  cores 1600 1491 1  time 1.14441 2.40492 132.857
Iteration 953  HV  cores 1601 1492 1  time 1.14568 2.40492 133.701
Iteration 954  HV  cores 1602 1493 1  time 1.14654 2.40492 134.839
Iteration 955  HV  cores 1603 1494 1  time 1.14744 2.40492 136.091
Iteration 956  HV  cores 1605 1496 2  time 1.14877 2.40492 137.36
Iteration 957  HV  cores 1606 1497 1  time 1.14969 2.40492 137.523
Iteration 958  HV  cores 1607 1498 1  time 1.1506 2.40492 138.58
Iteration 959  HV  cores 1608 1499 1  time 1.15143 2.40492 139.974
Iteration 960  HV  cores 1609 1500 1  time 1.15227 2.40492 140.136
Iteration 961  HV  cores 1611 1502 2  time 1.15398 2.40492 141.276
Iteration 962  HV  cores 1613 1504 2  time 1.15532 2.40492 141.436
Iteration 963  HV  cores 1614 1505 1  time 1.15625 2.40492 141.598
Iteration 964  HV  cores 1615 1506 1  time 1.15708 2.40492 143.109
Iteration 965  HV  cores 1616 1507 1  time 1.15796 2.40492 144.462
Iteration 966  HV  cores 1617 1508 1  time 1.15882 2.40492 145.262
Iteration 967  HV  cores 1618 1509 1  time 1.15969 2.40492 145.429
Iteration 968  HV  cores 1619 1510 1  time 1.16051 2.40492 146.351
Iteration 969  HV  cores 1620 1511 1  time 1.16136 2.40492 146.514
Iteration 970  HV  cores 1621 1512 1  time 1.1622 2.40492 146.941
Iteration 971  HV  cores 1622 1513 1  time 1.16303 2.40492 147.874
Iteration 972  HV  cores 1623 1514 1  time 1.16388 2.40492 148.036
Iteration 973  HV  cores 1624 1515 1  time 1.16472 2.40492 149.791
Iteration 974  HV  cores 1626 1517 2  time 1.16603 2.40492 150.842
Iteration 975  HV  cores 1628 1519 2  time 1.16743 2.40492 152.073
Iteration 976  HV  cores 1630 1521 2  time 1.16875 2.40492 152.237
Iteration 977  HV  cores 1632 1523 2  time 1.17007 2.40492 153.417
Iteration 978  HV  cores 1633 1524 1  time 1.17092 2.40492 154.54
Iteration 979  HV  cores 1634 1525 1  time 1.17218 2.40492 155.712
Iteration 980  HV  cores 1636 1527 2  time 1.17373 2.40492 156.736
Iteration 981  HV  cores 1637 1527 1  time 1.17462 2.40492 157.927
Iteration 982  HV  cores 1638 1528 1  time 1.1755 2.40492 159.411
Iteration 983  HV  cores 1639 1529 1  time 1.17632 2.40492 161.569
Iteration 984  HV  cores 1640 1530 1  time 1.17737 2.40492 163.005
Iteration 985  HV  cores 1641 1531 1  time 1.17821 2.40492 165.288
Iteration 986  HV  cores 1642 1532 1  time 1.17906 2.40492 168.836
Iteration 987 MHV  lb 7040 ub 7040  time 1.17946 2.40563 168.836
Optimal value: 7040
Real time: 172.704
CPU time: 392.478
