lb 10148 ub 147342 before adjustment
745 unsorted cost functions
lb 0 ub 137194 after adjustment
costs ready
ub 86661 after 2nd adjustment
536 variables 1338 functions 10148 lb, 86661 ub
Iteration 0  HV  cores 9 9 9  time 0.003918 0 0
Iteration 1  HV  cores 16 16 7  time 0.006508 0 0
Iteration 2  HV  cores 23 23 7  time 0.009046 0 0
Iteration 3  HV  cores 28 28 5  time 0.011206 0 0
Iteration 4  HV  cores 33 33 5  time 0.01305 0 0
Iteration 5  HV  cores 36 36 3  time 0.014225 0 0
Iteration 6  HV  cores 40 39 4  time 0.015619 0 0
Iteration 7  HV  cores 44 43 4  time 0.016971 0 0
Iteration 8  HV  cores 46 45 2  time 0.017809 0 0
Iteration 9  HV  cores 49 47 3  time 0.018912 0 0
Iteration 10  HV  cores 51 49 2  time 0.01973 0 0
Iteration 11  HV  cores 53 51 2  time 0.020534 0 0
Iteration 12  HV  cores 55 53 2  time 0.021322 0 0
Iteration 13  HV  cores 56 54 1  time 0.021814 0 0
Iteration 14  HV  cores 57 55 1  time 0.022331 0 0
Iteration 15  HV  cores 58 56 1  time 0.022831 0 0
Iteration 16  HV  cores 59 57 1  time 0.023307 0 0
Iteration 17  HV  cores 60 58 1  time 0.023777 0 0
Iteration 18  HV  cores 61 59 1  time 0.024253 0 0
Iteration 19  HV  cores 62 60 1  time 0.02472 0 0
Iteration 20  HV  cores 64 62 2  time 0.025644 0 0
Iteration 21  HV  cores 65 63 1  time 0.026133 0 0
Iteration 22  HV  cores 66 63 1  time 0.026612 0 0
Iteration 23  HV  cores 67 64 1  time 0.027096 0 0
Iteration 24  HV  cores 68 65 1  time 0.027565 0 0
Iteration 25  HV  cores 69 66 1  time 0.028107 0 0
Iteration 26  HV  cores 70 66 1  time 0.028648 0 0
Iteration 27  HV  cores 71 67 1  time 0.029182 0 0
Iteration 28  HV  cores 72 68 1  time 0.029668 0 0
Iteration 29  HV  cores 73 68 1  time 0.03018 0 0
Iteration 30  HV  cores 74 69 1  time 0.030662 0 0
Iteration 31  HV  cores 75 70 1  time 0.031156 0 0
Iteration 32  HV  cores 76 71 1  time 0.031649 0 0
Iteration 33  HV  cores 77 72 1  time 0.03213 0 0
Iteration 34  HV  cores 78 73 1  time 0.032699 0 0
Iteration 35  HV  cores 79 74 1  time 0.033253 0 0
Iteration 36 MHV  lb 11356 ub 14738  time 0.033493 0.007482 0
Iteration 37  HV  cores 86 80 7  time 0.035943 0.007482 0
Iteration 38  HV  cores 91 84 5  time 0.037645 0.007482 0
Iteration 39  HV  cores 95 87 4  time 0.039075 0.007482 0
Iteration 40  HV  cores 98 90 3  time 0.040194 0.007482 0
Iteration 41  HV  cores 100 92 2  time 0.040975 0.007482 0
Iteration 42  HV  cores 102 94 2  time 0.04177 0.007482 0
Iteration 43  HV  cores 104 96 2  time 0.042558 0.007482 0
Iteration 44  HV  cores 106 98 2  time 0.043487 0.007482 0
Iteration 45  HV  cores 108 99 2  time 0.044324 0.007482 0
Iteration 46  HV  cores 110 101 2  time 0.045113 0.007482 0
Iteration 47  HV  cores 111 102 1  time 0.045633 0.007482 0
Iteration 48  HV  cores 113 104 2  time 0.046471 0.007482 0
Iteration 49  HV  cores 114 105 1  time 0.046976 0.007482 0
Iteration 50  HV  cores 116 107 2  time 0.047775 0.007482 0
Iteration 51  HV  cores 117 107 1  time 0.048259 0.007482 0
Iteration 52  HV  cores 118 108 1  time 0.048734 0.007482 0
Iteration 53  HV  cores 119 109 1  time 0.049545 0.007482 0
Iteration 54  HV  cores 120 110 1  time 0.050254 0.007482 0
Iteration 55  HV  cores 121 111 1  time 0.050989 0.007482 0
Iteration 56  HV  cores 122 112 1  time 0.051723 0.007482 0
Iteration 57  HV  cores 123 112 1  time 0.052433 0.007482 0
Iteration 58  HV  cores 124 113 1  time 0.053153 0.007482 0
Iteration 59  HV  cores 125 114 1  time 0.053665 0.007482 0
Iteration 60  HV  cores 126 115 1  time 0.05417 0.007482 0
Iteration 61  HV  cores 127 116 1  time 0.054665 0.007482 0
Iteration 62  HV  cores 128 117 1  time 0.055172 0.007482 0
Iteration 63  HV  cores 129 117 1  time 0.055662 0.007482 0
Iteration 64  HV  cores 130 118 1  time 0.05615 0.007482 0
Iteration 65  HV  cores 131 118 1  time 0.05664 0.007482 0
Iteration 66 MHV  lb 11548 ub 14721  time 0.056852 0.040248 0
Iteration 67  HV  cores 138 125 7  time 0.059245 0.040248 0
Iteration 68  HV  cores 144 131 6  time 0.061258 0.040248 0
Iteration 69  HV  cores 148 135 4  time 0.062783 0.040248 0
Iteration 70  HV  cores 151 138 3  time 0.063928 0.040248 0
Iteration 71  HV  cores 154 141 3  time 0.064995 0.040248 0
Iteration 72  HV  cores 157 144 3  time 0.066099 0.040248 0
Iteration 73  HV  cores 159 146 2  time 0.066888 0.040248 0
Iteration 74  HV  cores 160 147 1  time 0.067554 0.040248 0
Iteration 75  HV  cores 161 148 1  time 0.06802 0.040248 0
Iteration 76  HV  cores 162 149 1  time 0.068569 0.040248 0
Iteration 77  HV  cores 163 150 1  time 0.069036 0.040248 0
Iteration 78  HV  cores 164 151 1  time 0.06949 0.040248 0
Iteration 79  HV  cores 165 152 1  time 0.070235 0.040248 0
Iteration 80  HV  cores 167 154 2  time 0.07122 0.040248 0
Iteration 81  HV  cores 169 156 2  time 0.071985 0.040248 0
Iteration 82  HV  cores 171 158 2  time 0.072913 0.040248 0
Iteration 83  HV  cores 173 160 2  time 0.073707 0.040248 0
Iteration 84  HV  cores 175 162 2  time 0.074498 0.040248 0
Iteration 85  HV  cores 177 164 2  time 0.075328 0.040248 0
Iteration 86  HV  cores 179 166 2  time 0.076118 0.040248 0
Iteration 87  HV  cores 181 168 2  time 0.076944 0.040248 0
Iteration 88  HV  cores 183 169 2  time 0.077789 0.040248 0
Iteration 89  HV  cores 184 170 1  time 0.078277 0.040248 0
Iteration 90  HV  cores 185 171 1  time 0.078785 0.040248 0
Iteration 91  HV  cores 186 172 1  time 0.079335 0.040248 0
Iteration 92  HV  cores 187 172 1  time 0.079938 0.040248 0
Iteration 93  HV  cores 188 173 1  time 0.080467 0.040248 0
Iteration 94  HV  cores 190 175 2  time 0.081348 0.040248 0
Iteration 95  HV  cores 191 176 1  time 0.08185 0.040248 0
Iteration 96  HV  cores 192 177 1  time 0.082366 0.040248 0
Iteration 97  HV  cores 193 178 1  time 0.082853 0.040248 0
Iteration 98  HV  cores 194 179 1  time 0.083361 0.040248 0
Iteration 99  HV  cores 195 180 1  time 0.083854 0.040248 0
Iteration 100 MHV  lb 11725 ub 14721  time 0.084063 0.161483 0
Iteration 101  HV  cores 198 183 3  time 0.085291 0.161483 0
Iteration 102  HV  cores 201 186 3  time 0.086359 0.161483 0
Iteration 103  HV  cores 203 188 2  time 0.087162 0.161483 0
Iteration 104  HV  cores 205 190 2  time 0.08796 0.161483 0
Iteration 105  HV  cores 207 192 2  time 0.088875 0.161483 0
Iteration 106  HV  cores 209 194 2  time 0.089697 0.161483 0
Iteration 107  HV  cores 211 196 2  time 0.090676 0.161483 0
Iteration 108  HV  cores 213 198 2  time 0.091467 0.161483 0
Iteration 109  HV  cores 215 200 2  time 0.092312 0.161483 0
Iteration 110  HV  cores 217 202 2  time 0.093107 0.161483 0
Iteration 111  HV  cores 218 203 1  time 0.093682 0.161483 0
Iteration 112  HV  cores 219 204 1  time 0.094253 0.161483 0
Iteration 113  HV  cores 220 204 1  time 0.094824 0.161483 0
Iteration 114  HV  cores 221 205 1  time 0.095396 0.161483 0
Iteration 115  HV  cores 222 206 1  time 0.095888 0.161483 0
Iteration 116  HV  cores 223 207 1  time 0.096544 0.161483 0
Iteration 117  HV  cores 224 208 1  time 0.097038 0.161483 0
Iteration 118  HV  cores 225 209 1  time 0.097526 0.161483 0
Iteration 119  HV  cores 226 210 1  time 0.098194 0.161483 0
Iteration 120  HV  cores 227 210 1  time 0.098832 0.161483 0
Iteration 121  HV  cores 228 211 1  time 0.099318 0.161483 0
Iteration 122  HV  cores 229 212 1  time 0.099915 0.161483 0
Iteration 123  HV  cores 230 213 1  time 0.100482 0.161483 0
Iteration 124  HV  cores 231 214 1  time 0.101129 0.161483 0
Iteration 125  HV  cores 232 215 1  time 0.101858 0.161483 0
Iteration 126 MHV  lb 11731 ub 13874  time 0.102068 0.343727 0
Iteration 127  HV  cores 235 218 3  time 0.103222 0.343727 0
Iteration 128  HV  cores 237 219 2  time 0.104091 0.343727 0
Iteration 129  HV  cores 239 221 2  time 0.104919 0.343727 0
Iteration 130  HV  cores 240 222 1  time 0.10554 0.343727 0
Iteration 131  HV  cores 241 223 1  time 0.106028 0.343727 0
Iteration 132  HV  cores 242 224 1  time 0.106659 0.343727 0
Iteration 133 MHV  lb 11756 ub 12049  time 0.106866 0.460933 0
Iteration 134  HV  cores 244 226 2  time 0.1078 0.460933 0
Iteration 135  HV  cores 246 228 2  time 0.108586 0.460933 0
Iteration 136  HV  cores 248 229 2  time 0.109364 0.460933 0
Iteration 137  HV  cores 250 230 2  time 0.11014 0.460933 0
Iteration 138  HV  cores 252 232 2  time 0.110961 0.460933 0
Iteration 139  HV  cores 254 234 2  time 0.111851 0.460933 0
Iteration 140  HV  cores 256 236 2  time 0.112657 0.460933 0
Iteration 141  HV  cores 257 237 1  time 0.113139 0.460933 0
Iteration 142  HV  cores 259 239 2  time 0.114248 0.460933 0
Iteration 143  HV  cores 260 240 1  time 0.114729 0.460933 0
Iteration 144  HV  cores 261 241 1  time 0.115385 0.460933 0
Iteration 145  HV  cores 262 242 1  time 0.115851 0.460933 0
Iteration 146  HV  cores 263 243 1  time 0.116317 0.460933 0
Iteration 147  HV  cores 264 244 1  time 0.116785 0.460933 0
Iteration 148  HV  cores 265 245 1  time 0.117252 0.460933 0
Iteration 149  HV  cores 266 246 1  time 0.117718 0.460933 0
Iteration 150  HV  cores 267 247 1  time 0.118184 0.460933 0
Iteration 151  HV  cores 268 248 1  time 0.118653 0.460933 0
Iteration 152  HV  cores 269 249 1  time 0.119171 0.460933 0
Iteration 153  HV  cores 270 250 1  time 0.119637 0.460933 0
Iteration 154  HV  cores 271 251 1  time 0.120277 0.460933 0
Iteration 155  HV  cores 272 252 1  time 0.120743 0.460933 0
Iteration 156  HV  cores 273 253 1  time 0.121204 0.460933 0
Iteration 157  HV  cores 274 254 1  time 0.121669 0.460933 0
Iteration 158  HV  cores 275 255 1  time 0.122134 0.460933 0
Iteration 159  HV  cores 276 255 1  time 0.122598 0.460933 0
Iteration 160  HV  cores 277 256 1  time 0.123105 0.460933 0
Iteration 161  HV  cores 278 257 1  time 0.123598 0.460933 0
Iteration 162 MHV  lb 11766 ub 12049  time 0.123809 0.676839 0
Iteration 163  HV  cores 280 259 2  time 0.12493 0.676839 0
Iteration 164  HV  cores 281 260 1  time 0.125431 0.676839 0
Iteration 165  HV  cores 282 261 1  time 0.126012 0.676839 0
Iteration 166  HV  cores 283 262 1  time 0.126648 0.676839 0
Iteration 167 MHV  lb 11770 ub 11869  time 0.126857 0.787958 0
Iteration 168  HV  cores 286 265 3  time 0.128219 0.787958 0
Iteration 169  HV  cores 289 268 3  time 0.129335 0.787958 0
Iteration 170  HV  cores 292 271 3  time 0.130445 0.787958 0
Iteration 171  HV  cores 294 273 2  time 0.131274 0.787958 0
Iteration 172  HV  cores 296 275 2  time 0.132063 0.787958 0
Iteration 173  HV  cores 297 276 1  time 0.132565 0.787958 0
Iteration 174  HV  cores 298 277 1  time 0.133058 0.787958 0
Iteration 175  HV  cores 299 278 1  time 0.133544 0.787958 0
Iteration 176 MHV  lb 11771 ub 11869  time 0.133753 1.01708 0
Iteration 177  HV  cores 303 282 4  time 0.135252 1.01708 0
Iteration 178  HV  cores 305 284 2  time 0.136036 1.01708 0
Iteration 179  HV  cores 308 287 3  time 0.137168 1.01708 0
Iteration 180  HV  cores 311 290 3  time 0.138298 1.01708 0
Iteration 181  HV  cores 314 293 3  time 0.139443 1.01708 0
Iteration 182  HV  cores 316 295 2  time 0.140252 1.01708 0
Iteration 183  HV  cores 317 296 1  time 0.140759 1.01708 0
Iteration 184  HV  cores 318 297 1  time 0.141308 1.01708 0
Iteration 185  HV  cores 319 298 1  time 0.141802 1.01708 0
Iteration 186  HV  cores 320 299 1  time 0.142296 1.01708 0
Iteration 187  HV  cores 321 300 1  time 0.142789 1.01708 0
Iteration 188  HV  cores 322 301 1  time 0.143371 1.01708 0
Iteration 189  HV  cores 323 302 1  time 0.143857 1.01708 0
Iteration 190  HV  cores 324 303 1  time 0.144339 1.01708 0
Iteration 191  HV  cores 325 304 1  time 0.144872 1.01708 0
Iteration 192  HV  cores 326 305 1  time 0.145358 1.01708 0
Iteration 193  HV  cores 327 306 1  time 0.145841 1.01708 0
Iteration 194  HV  cores 328 307 1  time 0.146371 1.01708 0
Iteration 195  HV  cores 329 308 1  time 0.146867 1.01708 0
Iteration 196  HV  cores 330 309 1  time 0.147403 1.01708 0
Iteration 197  HV  cores 331 310 1  time 0.147989 1.01708 0
Iteration 198  HV  cores 332 311 1  time 0.148605 1.01708 0
Iteration 199  HV  cores 333 312 1  time 0.149158 1.01708 0
Iteration 200  HV  cores 334 313 1  time 0.149676 1.01708 0
Iteration 201  HV  cores 335 314 1  time 0.15016 1.01708 0
Iteration 202  HV  cores 336 315 1  time 0.150747 1.01708 0
Iteration 203  HV  cores 337 316 1  time 0.151275 1.01708 0
Iteration 204  HV  cores 338 317 1  time 0.151965 1.01708 0
Iteration 205  HV  cores 339 318 1  time 0.1525 1.01708 0
Iteration 206  HV  cores 340 319 1  time 0.152991 1.01708 0
Iteration 207  HV  cores 341 320 1  time 0.153479 1.01708 0
Iteration 208  HV  cores 342 321 1  time 0.153968 1.01708 0
Iteration 209  HV  cores 343 322 1  time 0.154456 1.01708 0
Iteration 210  HV  cores 344 322 1  time 0.154941 1.01708 0
Iteration 211  HV  cores 345 323 1  time 0.155431 1.01708 0
Iteration 212  HV  cores 346 324 1  time 0.156039 1.01708 0
Iteration 213  HV  cores 347 325 1  time 0.156554 1.01708 0
Iteration 214  HV  cores 348 325 1  time 0.157059 1.01708 0
Iteration 215  HV  cores 349 326 1  time 0.157559 1.01708 0
Iteration 216  HV  cores 350 327 1  time 0.158051 1.01708 0
Iteration 217  HV  cores 351 328 1  time 0.15854 1.01708 0
Iteration 218  HV  cores 352 329 1  time 0.159025 1.01708 0
Iteration 219  HV  cores 353 330 1  time 0.159564 1.01708 0
Iteration 220  HV  cores 354 331 1  time 0.160065 1.01708 0
Iteration 221  HV  cores 355 332 1  time 0.16059 1.01708 0
Iteration 222  HV  cores 356 333 1  time 0.161099 1.01708 0
Iteration 223  HV  cores 357 334 1  time 0.161689 1.01708 0
Iteration 224 MHV  lb 11793 ub 11869  time 0.161902 1.16442 0
Iteration 225 MHV  lb 11793 ub 11793  time 0.162179 1.16502 0
Optimal value: 11793
Real time: 1.3585
CPU time: 3.56039
