lb 2349 ub 114318 before adjustment
674 unsorted cost functions
lb 0 ub 111969 after adjustment
costs ready
ub 70595 after 2nd adjustment
464 variables 1178 functions 2349 lb, 70595 ub
Iteration 0  HV  cores 7 7 7  time 0.002771 0 0.001814
Iteration 1  HV  cores 12 12 5  time 0.004397 0 0.003738
Iteration 2  HV  cores 17 16 5  time 0.006092 0 0.007989
Iteration 3  HV  cores 21 19 4  time 0.00732 0 0.011566
Iteration 4  HV  cores 27 25 6  time 0.009159 0 0.014867
Iteration 5  HV  cores 31 29 4  time 0.010737 0 0.018267
Iteration 6  HV  cores 34 32 3  time 0.011749 0 0.022137
Iteration 7  HV  cores 38 36 4  time 0.013015 0 0.025466
Iteration 8  HV  cores 43 39 5  time 0.014408 0 0.02957
Iteration 9  HV  cores 46 42 3  time 0.015341 0 0.034183
Iteration 10  HV  cores 49 45 3  time 0.016318 0 0.038626
Iteration 11  HV  cores 53 49 4  time 0.017527 0 0.043368
Iteration 12  HV  cores 57 53 4  time 0.018728 0 0.048096
Iteration 13  HV  cores 61 57 4  time 0.019929 0 0.053125
Iteration 14  HV  cores 63 59 2  time 0.020644 0 0.05869
Iteration 15  HV  cores 65 61 2  time 0.021271 0 0.06466
Iteration 16  HV  cores 68 64 3  time 0.022187 0 0.070745
Iteration 17  HV  cores 71 67 3  time 0.023314 0 0.076912
Iteration 18  HV  cores 74 70 3  time 0.024666 0 0.083561
Iteration 19  HV  cores 76 71 2  time 0.025385 0 0.090173
Iteration 20  HV  cores 79 74 3  time 0.02633 0 0.096999
Iteration 21  HV  cores 81 76 2  time 0.027009 0 0.103875
Iteration 22  HV  cores 83 77 2  time 0.027695 0 0.110835
Iteration 23  HV  cores 85 79 2  time 0.028393 0 0.117885
Iteration 24  HV  cores 86 80 1  time 0.028847 0 0.124882
Iteration 25  HV  cores 87 79 1  time 0.029285 0 0.131872
Iteration 26  HV  cores 89 81 2  time 0.030003 0 0.138988
Iteration 27  HV  cores 92 84 3  time 0.031059 0 0.146072
Iteration 28  HV  cores 93 84 1  time 0.031531 0 0.153096
Iteration 29  HV  cores 95 86 2  time 0.032354 0 0.160198
Iteration 30  HV  cores 96 86 1  time 0.032778 0 0.167376
Iteration 31  HV  cores 97 87 1  time 0.033246 0 0.174512
Iteration 32  HV  cores 98 87 1  time 0.033711 0 0.181722
Iteration 33  HV  cores 100 89 2  time 0.034417 0 0.189113
Iteration 34  HV  cores 101 90 1  time 0.034864 0 0.196665
Iteration 35  HV  cores 103 92 2  time 0.035724 0 0.204179
Iteration 36  HV  cores 105 94 2  time 0.036529 0 0.211501
Iteration 37  HV  cores 108 96 3  time 0.037631 0 0.218861
Iteration 38  HV  cores 110 98 2  time 0.038364 0 0.226297
Iteration 39  HV  cores 111 99 1  time 0.038811 0 0.233876
Iteration 40  HV  cores 112 100 1  time 0.039236 0 0.24143
Iteration 41  HV  cores 114 102 2  time 0.03993 0 0.249047
Iteration 42  HV  cores 117 105 3  time 0.040909 0 0.257076
Iteration 43  HV  cores 118 106 1  time 0.041378 0 0.265621
Iteration 44  HV  cores 120 108 2  time 0.042196 0 0.274104
Iteration 45  HV  cores 122 110 2  time 0.042916 0 0.282891
Iteration 46  HV  cores 124 111 2  time 0.043564 0 0.291554
Iteration 47  HV  cores 125 112 1  time 0.044255 0 0.300391
Iteration 48  HV  cores 126 113 1  time 0.044871 0 0.309149
Iteration 49  HV  cores 127 114 1  time 0.045391 0 0.318009
Iteration 50  HV  cores 129 116 2  time 0.046138 0 0.327131
Iteration 51  HV  cores 130 117 1  time 0.046598 0 0.336164
Iteration 52  HV  cores 131 118 1  time 0.047223 0 0.345291
Iteration 53  HV  cores 132 118 1  time 0.047825 0 0.354343
Iteration 54  HV  cores 133 118 1  time 0.048348 0 0.363467
Iteration 55  HV  cores 134 119 1  time 0.048824 0 0.372745
Iteration 56  HV  cores 135 120 1  time 0.049287 0 0.381923
Iteration 57  HV  cores 137 120 2  time 0.050067 0 0.391143
Iteration 58  HV  cores 138 120 1  time 0.050529 0 0.40045
Iteration 59  HV  cores 139 121 1  time 0.050969 0 0.409775
Iteration 60  HV  cores 140 122 1  time 0.051428 0 0.419117
Iteration 61  HV  cores 141 122 1  time 0.051885 0 0.428417
Iteration 62 MHV  lb 3390 ub 3744  time 0.052129 0.007679 0.428417
Iteration 63  HV  cores 143 124 2  time 0.052843 0.007679 0.43791
Iteration 64  HV  cores 145 126 2  time 0.05357 0.007679 0.448487
Iteration 65  HV  cores 147 128 2  time 0.054282 0.007679 0.459001
Iteration 66  HV  cores 150 130 3  time 0.055468 0.007679 0.469584
Iteration 67  HV  cores 152 132 2  time 0.056126 0.007679 0.480387
Iteration 68  HV  cores 153 133 1  time 0.056599 0.007679 0.491322
Iteration 69 MHV  lb 3526 ub 3548  time 0.056815 0.015752 0.491322
Iteration 70  HV  cores 154 134 1  time 0.057287 0.015752 0.501509
Iteration 71  HV  cores 156 136 2  time 0.057965 0.015752 0.519874
Iteration 72  HV  cores 158 138 2  time 0.058618 0.015752 0.530079
Iteration 73  HV  cores 159 139 1  time 0.05914 0.015752 0.546962
Iteration 74  HV  cores 160 139 1  time 0.059573 0.015752 0.557328
Iteration 75  HV  cores 161 140 1  time 0.060145 0.015752 0.574152
Iteration 76  HV  cores 162 141 1  time 0.060616 0.015752 0.591158
Iteration 77  HV  cores 163 141 1  time 0.061134 0.015752 0.607598
Iteration 78  HV  cores 164 142 1  time 0.061714 0.015752 0.62823
Iteration 79  HV  cores 165 143 1  time 0.062189 0.015752 0.649035
Iteration 80  HV  cores 166 144 1  time 0.062641 0.015752 0.678494
Iteration 81  HV  cores 167 145 1  time 0.063397 0.015752 0.702325
Iteration 82  HV  cores 168 146 1  time 0.063871 0.015752 0.721714
Iteration 83  HV  cores 170 148 2  time 0.064624 0.015752 0.739932
Iteration 84 MHV  lb 3548 ub 3548  time 0.064857 0.016363 0.739932
Optimal value: 3548
Real time: 0.851024
CPU time: 1.15753
