lb 3335 ub 138893 before adjustment
995 unsorted cost functions
lb 0 ub 135558 after adjustment
costs ready
ub 114099 after 2nd adjustment
745 variables 1820 functions 3335 lb, 114099 ub
Iteration 0  HV  cores 14 14 14  time 0.008057 0 0.001424
Iteration 1 MHV  lb 3811 ub 117433  time 0.008425 0.002313 0.001424
Iteration 2  HV  cores 26 26 12  time 0.015115 0.002313 0.002927
Iteration 3  HV  cores 39 39 13  time 0.021209 0.002313 0.004304
Iteration 4  HV  cores 47 47 8  time 0.024755 0.002313 0.005647
Iteration 5  HV  cores 57 56 10  time 0.02925 0.002313 0.006916
Iteration 6  HV  cores 65 63 8  time 0.032968 0.002313 0.008319
Iteration 7  HV  cores 73 71 8  time 0.036531 0.002313 0.009828
Iteration 8  HV  cores 78 76 5  time 0.038888 0.002313 0.011343
Iteration 9  HV  cores 83 81 5  time 0.041252 0.002313 0.012884
Iteration 10  HV  cores 89 87 6  time 0.044075 0.002313 0.014459
Iteration 11  HV  cores 95 93 6  time 0.046914 0.002313 0.016029
Iteration 12  HV  cores 101 99 6  time 0.049807 0.002313 0.017613
Iteration 13  HV  cores 104 102 3  time 0.051319 0.002313 0.019287
Iteration 14  HV  cores 108 106 4  time 0.053508 0.002313 0.020918
Iteration 15  HV  cores 112 110 4  time 0.055567 0.002313 0.022631
Iteration 16  HV  cores 116 114 4  time 0.057573 0.002313 0.024291
Iteration 17  HV  cores 120 118 4  time 0.059641 0.002313 0.025938
Iteration 18  HV  cores 123 121 3  time 0.061283 0.002313 0.027596
Iteration 19  HV  cores 126 124 3  time 0.062853 0.002313 0.029334
Iteration 20  HV  cores 129 127 3  time 0.064623 0.002313 0.031115
Iteration 21  HV  cores 132 130 3  time 0.06625 0.002313 0.032913
Iteration 22  HV  cores 135 133 3  time 0.068052 0.002313 0.034735
Iteration 23  HV  cores 137 135 2  time 0.069686 0.002313 0.036622
Iteration 24  HV  cores 140 138 3  time 0.071307 0.002313 0.038466
Iteration 25  HV  cores 142 140 2  time 0.072533 0.002313 0.040339
Iteration 26  HV  cores 144 142 2  time 0.073757 0.002313 0.042246
Iteration 27  HV  cores 146 144 2  time 0.074853 0.002313 0.044102
Iteration 28  HV  cores 148 146 2  time 0.076057 0.002313 0.045948
Iteration 29  HV  cores 150 148 2  time 0.077206 0.002313 0.047841
Iteration 30  HV  cores 152 149 2  time 0.078361 0.002313 0.049783
Iteration 31  HV  cores 154 151 2  time 0.07942 0.002313 0.051735
Iteration 32  HV  cores 155 152 1  time 0.080105 0.002313 0.053646
Iteration 33  HV  cores 156 153 1  time 0.080806 0.002313 0.055531
Iteration 34  HV  cores 157 154 1  time 0.081517 0.002313 0.057503
Iteration 35  HV  cores 158 155 1  time 0.082221 0.002313 0.059459
Iteration 36  HV  cores 159 156 1  time 0.082956 0.002313 0.06146
Iteration 37  HV  cores 160 157 1  time 0.083634 0.002313 0.063473
Iteration 38  HV  cores 161 157 1  time 0.084302 0.002313 0.065419
Iteration 39 MHV  lb 4504 ub 9032  time 0.084611 0.014086 0.065419
Iteration 40  HV  cores 171 167 10  time 0.08961 0.014086 0.075446
Iteration 41  HV  cores 178 173 7  time 0.093204 0.014086 0.085586
Iteration 42  HV  cores 185 180 7  time 0.097032 0.014086 0.087162
Iteration 43  HV  cores 190 185 5  time 0.099512 0.014086 0.097725
Iteration 44  HV  cores 195 190 5  time 0.101831 0.014086 0.108507
Iteration 45  HV  cores 202 197 7  time 0.105096 0.014086 0.119605
Iteration 46  HV  cores 209 203 7  time 0.108352 0.014086 0.121123
Iteration 47  HV  cores 213 207 4  time 0.110411 0.014086 0.132963
Iteration 48  HV  cores 221 215 8  time 0.114089 0.014086 0.144638
Iteration 49  HV  cores 226 220 5  time 0.116663 0.014086 0.156523
Iteration 50  HV  cores 234 226 8  time 0.120579 0.014086 0.168978
Iteration 51  HV  cores 241 233 7  time 0.124241 0.014086 0.18165
Iteration 52  HV  cores 247 239 6  time 0.127337 0.014086 0.19466
Iteration 53  HV  cores 252 244 5  time 0.129853 0.014086 0.207903
Iteration 54  HV  cores 258 250 6  time 0.132786 0.014086 0.22175
Iteration 55  HV  cores 265 257 7  time 0.135992 0.014086 0.236042
Iteration 56  HV  cores 270 262 5  time 0.138514 0.014086 0.250663
Iteration 57  HV  cores 278 270 8  time 0.14227 0.014086 0.265699
Iteration 58  HV  cores 285 277 7  time 0.145449 0.014086 0.28094
Iteration 59  HV  cores 290 282 5  time 0.148168 0.014086 0.297443
Iteration 60  HV  cores 296 288 6  time 0.151099 0.014086 0.313923
Iteration 61  HV  cores 303 295 7  time 0.154417 0.014086 0.330578
Iteration 62  HV  cores 310 302 7  time 0.157793 0.014086 0.347697
Iteration 63  HV  cores 315 307 5  time 0.160315 0.014086 0.365066
Iteration 64  HV  cores 321 313 6  time 0.163129 0.014086 0.382936
Iteration 65  HV  cores 327 318 6  time 0.166137 0.014086 0.40093
Iteration 66  HV  cores 331 322 4  time 0.168273 0.014086 0.419195
Iteration 67  HV  cores 337 328 6  time 0.171191 0.014086 0.438009
Iteration 68  HV  cores 343 334 6  time 0.174138 0.014086 0.457243
Iteration 69  HV  cores 350 341 7  time 0.177578 0.014086 0.459178
Iteration 70  HV  cores 353 343 3  time 0.179165 0.014086 0.478515
Iteration 71  HV  cores 359 348 6  time 0.181935 0.014086 0.498575
Iteration 72  HV  cores 365 354 6  time 0.184961 0.014086 0.51902
Iteration 73  HV  cores 371 360 6  time 0.187846 0.014086 0.539548
Iteration 74  HV  cores 378 367 7  time 0.191592 0.014086 0.560204
Iteration 75  HV  cores 384 372 6  time 0.194473 0.014086 0.581206
Iteration 76  HV  cores 391 379 7  time 0.197822 0.014086 0.602139
Iteration 77  HV  cores 398 386 7  time 0.201069 0.014086 0.623341
Iteration 78  HV  cores 404 392 6  time 0.203893 0.014086 0.645337
Iteration 79  HV  cores 409 397 5  time 0.206416 0.014086 0.667498
Iteration 80  HV  cores 416 404 7  time 0.209657 0.014086 0.689906
Iteration 81  HV  cores 422 408 6  time 0.212538 0.014086 0.712394
Iteration 82  HV  cores 429 414 7  time 0.215901 0.014086 0.732921
Iteration 83  HV  cores 436 421 7  time 0.219364 0.014086 0.753446
Iteration 84  HV  cores 440 425 4  time 0.222241 0.014086 0.774247
Iteration 85  HV  cores 445 429 5  time 0.224717 0.014086 0.794923
Iteration 86  HV  cores 452 435 7  time 0.227964 0.014086 0.815807
Iteration 87  HV  cores 456 439 4  time 0.230064 0.014086 0.836896
Iteration 88  HV  cores 463 445 7  time 0.233435 0.014086 0.858294
Iteration 89  HV  cores 471 452 8  time 0.237032 0.014086 0.879854
Iteration 90  HV  cores 476 457 5  time 0.239666 0.014086 0.901696
Iteration 91  HV  cores 484 465 8  time 0.243303 0.014086 0.92389
Iteration 92  HV  cores 490 471 6  time 0.246187 0.014086 0.946431
Iteration 93  HV  cores 498 478 8  time 0.249792 0.014086 0.968927
Iteration 94  HV  cores 505 485 7  time 0.25315 0.014086 0.992401
Iteration 95  HV  cores 510 490 5  time 0.255713 0.014086 1.01486
Iteration 96  HV  cores 516 495 6  time 0.258638 0.014086 1.03731
Iteration 97  HV  cores 523 502 7  time 0.261854 0.014086 1.06025
Iteration 98  HV  cores 530 507 7  time 0.265173 0.014086 1.08318
Iteration 99  HV  cores 536 511 6  time 0.268066 0.014086 1.10619
Iteration 100  HV  cores 541 515 5  time 0.270556 0.014086 1.12941
Iteration 101  HV  cores 546 520 5  time 0.273023 0.014086 1.15272
Iteration 102  HV  cores 552 526 6  time 0.275923 0.014086 1.17614
Iteration 103  HV  cores 557 530 5  time 0.278456 0.014086 1.19969
Iteration 104  HV  cores 561 534 4  time 0.28048 0.014086 1.2235
Iteration 105  HV  cores 567 540 6  time 0.283398 0.014086 1.2475
Iteration 106  HV  cores 570 543 3  time 0.285138 0.014086 1.27158
Iteration 107  HV  cores 575 548 5  time 0.287595 0.014086 1.29579
Iteration 108  HV  cores 580 553 5  time 0.290079 0.014086 1.31998
Iteration 109  HV  cores 582 555 2  time 0.291438 0.014086 1.34484
Iteration 110  HV  cores 587 560 5  time 0.29394 0.014086 1.3681
Iteration 111  HV  cores 594 567 7  time 0.297174 0.014086 1.39148
Iteration 112  HV  cores 599 572 5  time 0.29961 0.014086 1.41519
Iteration 113  HV  cores 605 578 6  time 0.302682 0.014086 1.4392
Iteration 114  HV  cores 611 584 6  time 0.30573 0.014086 1.46336
Iteration 115  HV  cores 615 588 4  time 0.307927 0.014086 1.48656
Iteration 116  HV  cores 620 593 5  time 0.310451 0.014086 1.50994
Iteration 117  HV  cores 624 597 4  time 0.312646 0.014086 1.53341
Iteration 118  HV  cores 629 602 5  time 0.315107 0.014086 1.55744
Iteration 119  HV  cores 633 606 4  time 0.317301 0.014086 1.58118
Iteration 120  HV  cores 637 610 4  time 0.319481 0.014086 1.60487
Iteration 121  HV  cores 642 615 5  time 0.322163 0.014086 1.62949
Iteration 122  HV  cores 646 619 4  time 0.324301 0.014086 1.6542
Iteration 123  HV  cores 649 621 3  time 0.325991 0.014086 1.67883
Iteration 124  HV  cores 653 624 4  time 0.328018 0.014086 1.70371
Iteration 125  HV  cores 657 627 4  time 0.330029 0.014086 1.72863
Iteration 126  HV  cores 661 631 4  time 0.332089 0.014086 1.75399
Iteration 127  HV  cores 666 636 5  time 0.334514 0.014086 1.77917
Iteration 128  HV  cores 670 640 4  time 0.33662 0.014086 1.80505
Iteration 129  HV  cores 675 645 5  time 0.339151 0.014086 1.831
Iteration 130  HV  cores 679 649 4  time 0.341202 0.014086 1.85704
Iteration 131  HV  cores 683 651 4  time 0.343399 0.014086 1.8831
Iteration 132  HV  cores 691 659 8  time 0.34717 0.014086 1.90958
Iteration 133  HV  cores 697 665 6  time 0.350121 0.014086 1.93612
Iteration 134  HV  cores 702 670 5  time 0.352654 0.014086 1.96311
Iteration 135  HV  cores 706 674 4  time 0.354826 0.014086 1.99033
Iteration 136  HV  cores 711 679 5  time 0.35735 0.014086 2.01738
Iteration 137  HV  cores 716 684 5  time 0.359942 0.014086 2.04482
Iteration 138  HV  cores 719 687 3  time 0.36168 0.014086 2.07227
Iteration 139  HV  cores 726 694 7  time 0.365031 0.014086 2.0999
Iteration 140  HV  cores 732 699 6  time 0.367898 0.014086 2.1275
Iteration 141  HV  cores 737 704 5  time 0.370479 0.014086 2.15544
Iteration 142  HV  cores 742 709 5  time 0.373034 0.014086 2.18348
Iteration 143  HV  cores 747 713 5  time 0.375681 0.014086 2.21167
Iteration 144  HV  cores 752 717 5  time 0.378261 0.014086 2.24003
Iteration 145  HV  cores 755 720 3  time 0.379966 0.014086 2.26862
Iteration 146  HV  cores 758 723 3  time 0.381645 0.014086 2.29733
Iteration 147  HV  cores 764 728 6  time 0.384776 0.014086 2.32596
Iteration 148  HV  cores 768 732 4  time 0.386791 0.014086 2.35491
Iteration 149  HV  cores 772 736 4  time 0.388962 0.014086 2.3843
Iteration 150  HV  cores 779 743 7  time 0.392377 0.014086 2.41331
Iteration 151  HV  cores 784 748 5  time 0.394905 0.014086 2.44265
Iteration 152  HV  cores 790 753 6  time 0.397901 0.014086 2.4722
Iteration 153  HV  cores 799 761 9  time 0.402059 0.014086 2.50219
Iteration 154  HV  cores 804 766 5  time 0.404583 0.014086 2.53225
Iteration 155  HV  cores 808 770 4  time 0.406693 0.014086 2.56241
Iteration 156  HV  cores 813 775 5  time 0.409151 0.014086 2.60455
Iteration 157  HV  cores 817 778 4  time 0.411378 0.014086 2.63525
Iteration 158  HV  cores 822 782 5  time 0.414007 0.014086 2.6661
Iteration 159  HV  cores 829 789 7  time 0.417319 0.014086 2.69718
Iteration 160  HV  cores 836 796 7  time 0.420592 0.014086 2.72848
Iteration 161  HV  cores 842 800 6  time 0.423602 0.014086 2.73149
Iteration 162  HV  cores 846 804 4  time 0.425702 0.014086 2.77486
Iteration 163  HV  cores 849 806 3  time 0.427444 0.014086 2.80701
Iteration 164  HV  cores 853 810 4  time 0.42955 0.014086 2.83891
Iteration 165  HV  cores 857 814 4  time 0.431595 0.014086 2.87092
Iteration 166  HV  cores 861 818 4  time 0.43374 0.014086 2.90293
Iteration 167  HV  cores 866 822 5  time 0.436306 0.014086 2.93535
Iteration 168  HV  cores 871 826 5  time 0.43899 0.014086 2.96782
Iteration 169  HV  cores 876 831 5  time 0.441851 0.014086 3.00083
Iteration 170  HV  cores 882 836 6  time 0.444984 0.014086 3.03401
Iteration 171  HV  cores 889 843 7  time 0.448335 0.014086 3.06734
Iteration 172  HV  cores 896 849 7  time 0.451747 0.014086 3.10085
Iteration 173  HV  cores 900 852 4  time 0.453979 0.014086 3.13448
Iteration 174  HV  cores 906 858 6  time 0.45688 0.014086 3.16815
Iteration 175  HV  cores 910 861 4  time 0.458977 0.014086 3.20187
Iteration 176  HV  cores 917 867 7  time 0.462334 0.014086 3.23594
Iteration 177  HV  cores 922 872 5  time 0.465159 0.014086 3.27103
Iteration 178  HV  cores 928 878 6  time 0.46824 0.014086 3.31809
Iteration 179  HV  cores 931 881 3  time 0.470036 0.014086 3.35217
Iteration 180  HV  cores 936 885 5  time 0.472712 0.014086 3.38754
Iteration 181  HV  cores 942 891 6  time 0.475603 0.014086 3.42211
Iteration 182  HV  cores 946 895 4  time 0.477725 0.014086 3.46894
Iteration 183  HV  cores 948 897 2  time 0.479191 0.014086 3.50395
Iteration 184  HV  cores 952 901 4  time 0.481374 0.014086 3.53918
Iteration 185  HV  cores 956 905 4  time 0.483521 0.014086 3.57442
Iteration 186  HV  cores 960 909 4  time 0.485645 0.014086 3.6105
Iteration 187  HV  cores 965 914 5  time 0.48851 0.014086 3.64662
Iteration 188  HV  cores 969 918 4  time 0.490737 0.014086 3.69592
Iteration 189  HV  cores 970 919 1  time 0.491558 0.014086 3.73321
Iteration 190  HV  cores 975 924 5  time 0.494127 0.014086 3.77007
Iteration 191  HV  cores 981 930 6  time 0.497074 0.014086 3.82039
Iteration 192  HV  cores 983 932 2  time 0.498362 0.014086 3.87034
Iteration 193  HV  cores 985 934 2  time 0.49977 0.014086 3.90766
Iteration 194  HV  cores 992 941 7  time 0.503032 0.014086 3.94454
Iteration 195  HV  cores 997 946 5  time 0.505586 0.014086 3.99663
Iteration 196  HV  cores 998 947 1  time 0.506527 0.014086 4.03456
Iteration 197  HV  cores 1005 954 7  time 0.509917 0.014086 4.0726
Iteration 198  HV  cores 1010 959 5  time 0.512617 0.014086 4.11087
Iteration 199  HV  cores 1014 963 4  time 0.514998 0.014086 4.16329
Iteration 200  HV  cores 1015 964 1  time 0.515821 0.014086 4.20161
Iteration 201  HV  cores 1020 968 5  time 0.518549 0.014086 4.25433
Iteration 202  HV  cores 1022 970 2  time 0.519874 0.014086 4.30758
Iteration 203  HV  cores 1025 973 3  time 0.521622 0.014086 4.3614
Iteration 204  HV  cores 1026 974 1  time 0.522449 0.014086 4.41465
Iteration 205  HV  cores 1029 977 3  time 0.524173 0.014086 4.46769
Iteration 206  HV  cores 1030 978 1  time 0.525098 0.014086 4.52096
Iteration 207  HV  cores 1033 981 3  time 0.526847 0.014086 4.57454
Iteration 208  HV  cores 1036 984 3  time 0.528676 0.014086 4.62827
Iteration 209  HV  cores 1039 987 3  time 0.530591 0.014086 4.66746
Iteration 210  HV  cores 1041 989 2  time 0.531891 0.014086 4.70672
Iteration 211  HV  cores 1043 991 2  time 0.53317 0.014086 4.74597
Iteration 212  HV  cores 1046 994 3  time 0.534855 0.014086 4.78528
Iteration 213  HV  cores 1048 996 2  time 0.536191 0.014086 4.82463
Iteration 214  HV  cores 1050 998 2  time 0.537508 0.014086 4.86426
Iteration 215  HV  cores 1052 1000 2  time 0.538759 0.014086 4.90396
Iteration 216  HV  cores 1055 1003 3  time 0.540551 0.014086 4.94495
Iteration 217  HV  cores 1059 1007 4  time 0.542625 0.014086 4.98605
Iteration 218  HV  cores 1065 1013 6  time 0.545559 0.014086 5.02736
Iteration 219  HV  cores 1070 1018 5  time 0.548192 0.014086 5.08407
Iteration 220  HV  cores 1072 1020 2  time 0.549607 0.014086 5.12577
Iteration 221  HV  cores 1076 1024 4  time 0.551736 0.014086 5.18328
Iteration 222  HV  cores 1079 1027 3  time 0.553496 0.014086 5.2243
Iteration 223  HV  cores 1084 1032 5  time 0.556247 0.014086 5.26508
Iteration 224  HV  cores 1088 1036 4  time 0.558467 0.014086 5.30756
Iteration 225  HV  cores 1093 1041 5  time 0.561151 0.014086 5.35057
Iteration 226  HV  cores 1099 1047 6  time 0.564111 0.014086 5.39378
Iteration 227  HV  cores 1102 1050 3  time 0.566035 0.014086 5.43717
Iteration 228  HV  cores 1107 1055 5  time 0.56848 0.014086 5.48121
Iteration 229  HV  cores 1111 1058 4  time 0.570733 0.014086 5.52529
Iteration 230  HV  cores 1116 1063 5  time 0.57325 0.014086 5.5695
Iteration 231  HV  cores 1119 1066 3  time 0.575054 0.014086 5.61372
Iteration 232  HV  cores 1122 1069 3  time 0.576863 0.014086 5.65817
Iteration 233  HV  cores 1126 1072 4  time 0.578847 0.014086 5.70252
Iteration 234  HV  cores 1129 1075 3  time 0.580569 0.014086 5.74707
Iteration 235  HV  cores 1133 1078 4  time 0.582754 0.014086 5.79152
Iteration 236  HV  cores 1137 1082 4  time 0.585001 0.014086 5.83642
Iteration 237  HV  cores 1139 1084 2  time 0.586404 0.014086 5.88147
Iteration 238  HV  cores 1141 1086 2  time 0.587771 0.014086 5.92765
Iteration 239  HV  cores 1144 1089 3  time 0.589529 0.014086 5.9732
Iteration 240  HV  cores 1147 1092 3  time 0.5914 0.014086 6.01865
Iteration 241  HV  cores 1152 1097 5  time 0.593857 0.014086 6.06421
Iteration 242  HV  cores 1156 1101 4  time 0.595974 0.014086 6.11002
Iteration 243  HV  cores 1159 1104 3  time 0.597687 0.014086 6.15587
Iteration 244  HV  cores 1162 1104 3  time 0.599344 0.014086 6.20189
Iteration 245  HV  cores 1165 1106 3  time 0.601045 0.014086 6.24793
Iteration 246  HV  cores 1170 1111 5  time 0.603545 0.014086 6.29446
Iteration 247  HV  cores 1173 1113 3  time 0.605329 0.014086 6.34076
Iteration 248  HV  cores 1174 1114 1  time 0.606174 0.014086 6.38717
Iteration 249  HV  cores 1176 1116 2  time 0.607464 0.014086 6.43377
Iteration 250  HV  cores 1179 1119 3  time 0.609298 0.014086 6.48068
Iteration 251  HV  cores 1182 1122 3  time 0.610978 0.014086 6.52764
Iteration 252  HV  cores 1184 1124 2  time 0.61225 0.014086 6.59055
Iteration 253  HV  cores 1186 1126 2  time 0.613544 0.014086 6.63818
Iteration 254  HV  cores 1190 1129 4  time 0.615765 0.014086 6.68506
Iteration 255  HV  cores 1194 1133 4  time 0.617943 0.014086 6.73331
Iteration 256  HV  cores 1198 1137 4  time 0.620074 0.014086 6.78117
Iteration 257  HV  cores 1202 1141 4  time 0.622366 0.014086 6.82901
Iteration 258  HV  cores 1205 1144 3  time 0.624119 0.014086 6.87759
Iteration 259  HV  cores 1209 1147 4  time 0.62626 0.014086 6.92572
Iteration 260  HV  cores 1215 1153 6  time 0.629265 0.014086 6.97414
Iteration 261  HV  cores 1221 1157 6  time 0.632333 0.014086 7.02288
Iteration 262  HV  cores 1226 1162 5  time 0.634998 0.014086 7.07163
Iteration 263  HV  cores 1230 1166 4  time 0.637155 0.014086 7.12015
Iteration 264  HV  cores 1235 1171 5  time 0.639726 0.014086 7.17011
Iteration 265  HV  cores 1240 1176 5  time 0.642215 0.014086 7.21951
Iteration 266  HV  cores 1244 1180 4  time 0.644443 0.014086 7.26879
Iteration 267  HV  cores 1249 1184 5  time 0.647348 0.014086 7.31826
Iteration 268  HV  cores 1254 1188 5  time 0.650104 0.014086 7.36849
Iteration 269  HV  cores 1259 1193 5  time 0.652821 0.014086 7.41844
Iteration 270  HV  cores 1263 1196 4  time 0.654998 0.014086 7.48574
Iteration 271  HV  cores 1264 1197 1  time 0.655894 0.014086 7.53572
Iteration 272  HV  cores 1268 1200 4  time 0.658242 0.014086 7.58609
Iteration 273  HV  cores 1272 1204 4  time 0.66043 0.014086 7.63654
Iteration 274  HV  cores 1276 1208 4  time 0.662665 0.014086 7.68705
Iteration 275  HV  cores 1281 1213 5  time 0.665257 0.014086 7.73799
Iteration 276  HV  cores 1287 1219 6  time 0.668239 0.014086 7.78929
Iteration 277  HV  cores 1290 1222 3  time 0.670193 0.014086 7.84036
Iteration 278  HV  cores 1298 1229 8  time 0.673915 0.014086 7.89204
Iteration 279  HV  cores 1302 1233 4  time 0.676117 0.014086 7.94345
Iteration 280  HV  cores 1306 1237 4  time 0.678267 0.014086 8.01283
Iteration 281  HV  cores 1307 1238 1  time 0.679235 0.014086 8.08203
Iteration 282 MHV  lb 4989 ub 8990  time 0.679632 0.537339 8.08203
Iteration 283  HV  cores 1311 1242 4  time 0.681908 0.537339 8.13092
Iteration 284  HV  cores 1313 1244 2  time 0.683349 0.537339 8.18182
Iteration 285  HV  cores 1316 1247 3  time 0.685215 0.537339 8.23288
Iteration 286  HV  cores 1319 1250 3  time 0.687 0.537339 8.28409
Iteration 287  HV  cores 1325 1256 6  time 0.690006 0.537339 8.33562
Iteration 288  HV  cores 1329 1260 4  time 0.692269 0.537339 8.3872
Iteration 289  HV  cores 1332 1263 3  time 0.694129 0.537339 8.43918
Iteration 290  HV  cores 1336 1267 4  time 0.696258 0.537339 8.49076
Iteration 291  HV  cores 1340 1271 4  time 0.698527 0.537339 8.54185
Iteration 292  HV  cores 1343 1274 3  time 0.700186 0.537339 8.59373
Iteration 293  HV  cores 1347 1278 4  time 0.70233 0.537339 8.64578
Iteration 294  HV  cores 1352 1283 5  time 0.704963 0.537339 8.69837
Iteration 295  HV  cores 1357 1288 5  time 0.707604 0.537339 8.76865
Iteration 296 MHV  lb 5005 ub 8918  time 0.708043 1.18327 8.76865
Iteration 297  HV  cores 1360 1291 3  time 0.709918 1.18327 8.81938
Iteration 298  HV  cores 1362 1293 2  time 0.711332 1.18327 8.87014
Iteration 299  HV  cores 1364 1295 2  time 0.7127 1.18327 8.92316
Iteration 300  HV  cores 1368 1299 4  time 0.71505 1.18327 8.97569
Iteration 301  HV  cores 1373 1304 5  time 0.717519 1.18327 9.04787
Iteration 302  HV  cores 1374 1305 1  time 0.718362 1.18327 9.10105
Iteration 303  HV  cores 1379 1310 5  time 0.720897 1.18327 9.15415
Iteration 304  HV  cores 1383 1314 4  time 0.723081 1.18327 9.20763
Iteration 305  HV  cores 1387 1318 4  time 0.725294 1.18327 9.26083
Iteration 306  HV  cores 1392 1323 5  time 0.728043 1.18327 9.31426
Iteration 307  HV  cores 1397 1328 5  time 0.730767 1.18327 9.36847
Iteration 308  HV  cores 1401 1332 4  time 0.732996 1.18327 9.44132
Iteration 309  HV  cores 1403 1334 2  time 0.73435 1.18327 9.51586
Iteration 310  HV  cores 1404 1335 1  time 0.735276 1.18327 9.59027
Iteration 311  HV  cores 1407 1338 3  time 0.736976 1.18327 9.66441
Iteration 312  HV  cores 1410 1339 3  time 0.738892 1.18327 9.73904
Iteration 313  HV  cores 1414 1343 4  time 0.741064 1.18327 9.81416
Iteration 314  HV  cores 1415 1344 1  time 0.741966 1.18327 9.88934
Iteration 315  HV  cores 1417 1346 2  time 0.743411 1.18327 9.96383
Iteration 316  HV  cores 1418 1347 1  time 0.74423 1.18327 10.039
Iteration 317  HV  cores 1420 1349 2  time 0.745747 1.18327 10.1147
Iteration 318  HV  cores 1421 1350 1  time 0.746693 1.18327 10.1901
Iteration 319  HV  cores 1422 1351 1  time 0.74753 1.18327 10.2657
Iteration 320  HV  cores 1425 1354 3  time 0.749309 1.18327 10.3414
Iteration 321  HV  cores 1428 1357 3  time 0.750971 1.18327 10.4177
Iteration 322  HV  cores 1429 1358 1  time 0.751795 1.18327 10.494
Iteration 323  HV  cores 1432 1360 3  time 0.753515 1.18327 10.5707
Iteration 324  HV  cores 1435 1363 3  time 0.755417 1.18327 10.6477
Iteration 325  HV  cores 1437 1365 2  time 0.756757 1.18327 10.7269
Iteration 326  HV  cores 1439 1367 2  time 0.758048 1.18327 10.8036
Iteration 327  HV  cores 1441 1369 2  time 0.759429 1.18327 10.8807
Iteration 328  HV  cores 1442 1370 1  time 0.760294 1.18327 10.9576
Iteration 329  HV  cores 1445 1373 3  time 0.76196 1.18327 11.0354
Iteration 330  HV  cores 1448 1376 3  time 0.763673 1.18327 11.113
Iteration 331  HV  cores 1451 1379 3  time 0.765455 1.18327 11.1906
Iteration 332  HV  cores 1454 1382 3  time 0.767277 1.18327 11.2679
Iteration 333  HV  cores 1456 1384 2  time 0.768682 1.18327 11.3456
Iteration 334  HV  cores 1458 1386 2  time 0.77013 1.18327 11.4236
Iteration 335  HV  cores 1460 1388 2  time 0.77143 1.18327 11.5018
Iteration 336  HV  cores 1461 1389 1  time 0.772262 1.18327 11.5801
Iteration 337  HV  cores 1463 1391 2  time 0.773713 1.18327 11.6586
Iteration 338  HV  cores 1464 1392 1  time 0.7746 1.18327 11.7362
Iteration 339  HV  cores 1466 1393 2  time 0.775949 1.18327 11.8144
Iteration 340  HV  cores 1468 1395 2  time 0.777306 1.18327 11.8932
Iteration 341  HV  cores 1469 1396 1  time 0.778166 1.18327 11.9724
Iteration 342  HV  cores 1471 1398 2  time 0.779559 1.18327 12.0305
Iteration 343  HV  cores 1474 1400 3  time 0.781416 1.18327 12.0887
Iteration 344  HV  cores 1477 1403 3  time 0.783123 1.18327 12.1472
Iteration 345  HV  cores 1480 1406 3  time 0.784856 1.18327 12.2276
Iteration 346  HV  cores 1481 1407 1  time 0.785839 1.18327 12.2873
Iteration 347  HV  cores 1486 1412 5  time 0.788434 1.18327 12.3462
Iteration 348  HV  cores 1490 1416 4  time 0.790835 1.18327 12.4267
Iteration 349  HV  cores 1492 1418 2  time 0.792231 1.18327 12.4861
Iteration 350  HV  cores 1495 1420 3  time 0.794023 1.18327 12.5456
Iteration 351  HV  cores 1498 1421 3  time 0.795772 1.18327 12.605
Iteration 352  HV  cores 1501 1423 3  time 0.797482 1.18327 12.6652
Iteration 353  HV  cores 1504 1426 3  time 0.799304 1.18327 12.7455
Iteration 354  HV  cores 1508 1430 4  time 0.801523 1.18327 12.8259
Iteration 355  HV  cores 1510 1432 2  time 0.802941 1.18327 12.886
Iteration 356  HV  cores 1512 1434 2  time 0.804246 1.18327 12.9673
Iteration 357  HV  cores 1515 1437 3  time 0.806049 1.18327 13.0489
Iteration 358  HV  cores 1517 1438 2  time 0.807263 1.18327 13.1289
Iteration 359 MHV  lb 5006 ub 8902  time 0.807681 2.06324 13.1289
Iteration 360  HV  cores 1520 1441 3  time 0.809462 2.06324 13.1877
Iteration 361  HV  cores 1524 1445 4  time 0.811905 2.06324 13.2464
Iteration 362  HV  cores 1525 1446 1  time 0.812812 2.06324 13.3079
Iteration 363  HV  cores 1529 1450 4  time 0.81511 2.06324 13.389
Iteration 364 MHV  lb 5016 ub 8862  time 0.81559 2.72368 13.389
Iteration 365  HV  cores 1532 1453 3  time 0.81735 2.72368 13.4484
Iteration 366  HV  cores 1535 1456 3  time 0.819277 2.72368 13.5071
Iteration 367  HV  cores 1536 1457 1  time 0.820215 2.72368 13.5659
Iteration 368  HV  cores 1539 1460 3  time 0.822137 2.72368 13.6247
Iteration 369 MHV  lb 5017 ub 5462  time 0.822573 3.53051 13.6247
Iteration 370  HV  cores 1542 1463 3  time 0.824599 3.53051 13.6841
Iteration 371  HV  cores 1546 1467 4  time 0.826902 3.53051 13.7802
Iteration 372  HV  cores 1548 1469 2  time 0.82822 3.53051 13.8693
Iteration 373  HV  cores 1551 1472 3  time 0.830349 3.53051 13.9577
Iteration 374  HV  cores 1555 1476 4  time 0.832664 3.53051 14.0423
Iteration 375  HV  cores 1559 1479 4  time 0.83482 3.53051 14.1262
Iteration 376  HV  cores 1561 1481 2  time 0.836293 3.53051 14.2108
Iteration 377  HV  cores 1564 1484 3  time 0.838057 3.53051 14.3233
Iteration 378  HV  cores 1569 1488 5  time 0.84066 3.53051 14.4157
Iteration 379  HV  cores 1571 1490 2  time 0.842053 3.53051 14.5017
Iteration 380  HV  cores 1574 1493 3  time 0.843874 3.53051 14.5912
Iteration 381  HV  cores 1576 1495 2  time 0.845198 3.53051 14.6828
Iteration 382  HV  cores 1579 1498 3  time 0.84719 3.53051 14.7766
Iteration 383  HV  cores 1581 1500 2  time 0.848553 3.53051 14.8652
Iteration 384  HV  cores 1584 1503 3  time 0.850624 3.53051 14.9943
Iteration 385  HV  cores 1587 1506 3  time 0.852408 3.53051 15.0901
Iteration 386  HV  cores 1591 1510 4  time 0.85475 3.53051 15.1895
Iteration 387  HV  cores 1595 1513 4  time 0.856845 3.53051 15.299
Iteration 388  HV  cores 1598 1516 3  time 0.858763 3.53051 15.386
Iteration 389  HV  cores 1600 1518 2  time 0.860133 3.53051 15.4739
Iteration 390  HV  cores 1603 1521 3  time 0.861941 3.53051 15.5618
Iteration 391  HV  cores 1607 1525 4  time 0.864156 3.53051 15.6695
Iteration 392  HV  cores 1609 1527 2  time 0.86566 3.53051 15.7575
Iteration 393  HV  cores 1612 1529 3  time 0.86745 3.53051 15.8468
Iteration 394  HV  cores 1615 1532 3  time 0.869403 3.53051 15.9367
Iteration 395  HV  cores 1619 1536 4  time 0.871637 3.53051 16.0806
Iteration 396  HV  cores 1622 1539 3  time 0.873565 3.53051 16.1913
Iteration 397  HV  cores 1624 1541 2  time 0.875047 3.53051 16.2824
Iteration 398  HV  cores 1625 1542 1  time 0.875928 3.53051 16.3832
Iteration 399  HV  cores 1627 1544 2  time 0.877533 3.53051 16.473
Iteration 400  HV  cores 1630 1547 3  time 0.879345 3.53051 16.5745
Iteration 401  HV  cores 1634 1551 4  time 0.88173 3.53051 16.6684
Iteration 402  HV  cores 1635 1552 1  time 0.882662 3.53051 16.7611
Iteration 403  HV  cores 1639 1556 4  time 0.884857 3.53051 16.8694
Iteration 404  HV  cores 1642 1559 3  time 0.886715 3.53051 16.9713
Iteration 405  HV  cores 1646 1563 4  time 0.888982 3.53051 17.0616
Iteration 406  HV  cores 1650 1566 4  time 0.891248 3.53051 17.1534
Iteration 407  HV  cores 1652 1568 2  time 0.892548 3.53051 17.2564
Iteration 408  HV  cores 1656 1572 4  time 0.894782 3.53051 17.3822
Iteration 409  HV  cores 1658 1574 2  time 0.896163 3.53051 17.4746
Iteration 410  HV  cores 1660 1576 2  time 0.897608 3.53051 17.5668
Iteration 411  HV  cores 1663 1579 3  time 0.899425 3.53051 17.6625
Iteration 412  HV  cores 1666 1582 3  time 0.901172 3.53051 17.7544
Iteration 413  HV  cores 1669 1585 3  time 0.903048 3.53051 17.8544
Iteration 414  HV  cores 1670 1586 1  time 0.903983 3.53051 17.9465
Iteration 415  HV  cores 1673 1589 3  time 0.905853 3.53051 18.0384
Iteration 416  HV  cores 1676 1592 3  time 0.907782 3.53051 18.1409
Iteration 417  HV  cores 1680 1596 4  time 0.909997 3.53051 18.236
Iteration 418  HV  cores 1683 1599 3  time 0.912056 3.53051 18.3299
Iteration 419  HV  cores 1685 1601 2  time 0.913326 3.53051 18.4403
Iteration 420  HV  cores 1688 1604 3  time 0.915136 3.53051 18.5364
Iteration 421  HV  cores 1691 1607 3  time 0.916922 3.53051 18.7921
Iteration 422  HV  cores 1693 1609 2  time 0.918377 3.53051 18.8926
Iteration 423  HV  cores 1695 1611 2  time 0.919776 3.53051 18.987
Iteration 424  HV  cores 1698 1614 3  time 0.921644 3.53051 19.0943
Iteration 425  HV  cores 1700 1616 2  time 0.922966 3.53051 19.1959
Iteration 426  HV  cores 1702 1618 2  time 0.924361 3.53051 19.2922
Iteration 427  HV  cores 1704 1620 2  time 0.925992 3.53051 19.3989
Iteration 428  HV  cores 1706 1622 2  time 0.927254 3.53051 19.4958
Iteration 429  HV  cores 1708 1624 2  time 0.928612 3.53051 19.6148
Iteration 430  HV  cores 1711 1626 3  time 0.930353 3.53051 19.7114
Iteration 431  HV  cores 1713 1628 2  time 0.931718 3.53051 19.8147
Iteration 432  HV  cores 1715 1630 2  time 0.933126 3.53051 19.9372
Iteration 433  HV  cores 1719 1633 4  time 0.935395 3.53051 20.0529
Iteration 434  HV  cores 1721 1635 2  time 0.936741 3.53051 20.1668
Iteration 435  HV  cores 1724 1638 3  time 0.938547 3.53051 20.2698
Iteration 436  HV  cores 1726 1640 2  time 0.940102 3.53051 20.3679
Iteration 437  HV  cores 1728 1641 2  time 0.941475 3.53051 20.4704
Iteration 438  HV  cores 1730 1643 2  time 0.942993 3.53051 20.5742
Iteration 439  HV  cores 1732 1645 2  time 0.944252 3.53051 20.6792
Iteration 440  HV  cores 1734 1647 2  time 0.945613 3.53051 20.7897
Iteration 441  HV  cores 1737 1649 3  time 0.947466 3.53051 20.8918
Iteration 442  HV  cores 1738 1650 1  time 0.948301 3.53051 21.0061
Iteration 443  HV  cores 1740 1651 2  time 0.9497 3.53051 21.1034
Iteration 444  HV  cores 1742 1653 2  time 0.951213 3.53051 21.2144
Iteration 445  HV  cores 1745 1655 3  time 0.952963 3.53051 21.3133
Iteration 446  HV  cores 1748 1658 3  time 0.954818 3.53051 21.4126
Iteration 447  HV  cores 1750 1660 2  time 0.956342 3.53051 21.5124
Iteration 448  HV  cores 1753 1663 3  time 0.958121 3.53051 21.621
Iteration 449  HV  cores 1754 1664 1  time 0.959096 3.53051 21.7324
Iteration 450  HV  cores 1756 1666 2  time 0.960409 3.53051 21.8333
Iteration 451  HV  cores 1759 1669 3  time 0.962265 3.53051 21.9325
Iteration 452 MHV  lb 5029 ub 5433  time 0.962687 5.07503 21.9325
Iteration 453  HV  cores 1762 1672 3  time 0.964844 5.07503 22.0025
Iteration 454 MHV  lb 5036 ub 5384  time 0.965285 7.23508 22.0025
Iteration 455  HV  cores 1763 1673 1  time 0.966278 7.23508 22.0727
Iteration 456  HV  cores 1766 1676 3  time 0.968201 7.23508 22.1426
Iteration 457  HV  cores 1769 1679 3  time 0.970124 7.23508 22.2736
Iteration 458  HV  cores 1772 1682 3  time 0.971992 7.23508 22.3944
Iteration 459  HV  cores 1774 1684 2  time 0.973319 7.23508 22.4988
Iteration 460  HV  cores 1777 1686 3  time 0.975229 7.23508 22.6168
Iteration 461  HV  cores 1780 1689 3  time 0.977022 7.23508 22.7177
Iteration 462  HV  cores 1782 1691 2  time 0.97844 7.23508 22.8387
Iteration 463  HV  cores 1784 1693 2  time 0.979969 7.23508 22.9465
Iteration 464  HV  cores 1788 1697 4  time 0.982285 7.23508 23.0652
Iteration 465  HV  cores 1790 1699 2  time 0.983768 7.23508 23.1886
Iteration 466  HV  cores 1793 1702 3  time 0.98567 7.23508 23.3076
Iteration 467  HV  cores 1795 1704 2  time 0.987159 7.23508 23.4183
Iteration 468  HV  cores 1797 1706 2  time 0.988593 7.23508 23.5377
Iteration 469  HV  cores 1801 1710 4  time 0.990827 7.23508 23.651
Iteration 470  HV  cores 1803 1711 2  time 0.99231 7.23508 23.7536
Iteration 471  HV  cores 1805 1713 2  time 0.993601 7.23508 23.8931
Iteration 472  HV  cores 1810 1718 5  time 0.99622 7.23508 24.0132
Iteration 473  HV  cores 1814 1722 4  time 0.998535 7.23508 24.1504
Iteration 474  HV  cores 1816 1724 2  time 0.999936 7.23508 24.254
Iteration 475  HV  cores 1818 1726 2  time 1.00135 7.23508 24.3789
Iteration 476  HV  cores 1820 1728 2  time 1.00286 7.23508 24.5033
Iteration 477  HV  cores 1824 1731 4  time 1.00513 7.23508 24.641
Iteration 478  HV  cores 1827 1734 3  time 1.00698 7.23508 24.749
Iteration 479  HV  cores 1828 1735 1  time 1.00787 7.23508 24.8689
Iteration 480  HV  cores 1832 1738 4  time 1.0101 7.23508 24.9913
Iteration 481  HV  cores 1836 1742 4  time 1.01232 7.23508 25.1223
Iteration 482  HV  cores 1839 1745 3  time 1.01413 7.23508 25.2596
Iteration 483  HV  cores 1842 1748 3  time 1.0159 7.23508 25.3773
Iteration 484  HV  cores 1845 1751 3  time 1.01763 7.23508 25.4966
Iteration 485  HV  cores 1847 1753 2  time 1.01922 7.23508 25.6177
Iteration 486  HV  cores 1849 1755 2  time 1.02056 7.23508 25.7473
Iteration 487  HV  cores 1852 1757 3  time 1.02229 7.23508 25.8756
Iteration 488  HV  cores 1856 1760 4  time 1.0246 7.23508 25.9944
Iteration 489  HV  cores 1857 1761 1  time 1.02577 7.23508 26.1236
Iteration 490  HV  cores 1858 1762 1  time 1.02674 7.23508 26.433
Iteration 491  HV  cores 1860 1764 2  time 1.02807 7.23508 26.591
Iteration 492  HV  cores 1864 1768 4  time 1.03034 7.23508 26.7136
Iteration 493  HV  cores 1866 1770 2  time 1.03193 7.23508 27.1316
Iteration 494  HV  cores 1868 1772 2  time 1.0333 7.23508 27.2509
Iteration 495  HV  cores 1870 1774 2  time 1.03465 7.23508 27.38
Iteration 496  HV  cores 1874 1776 4  time 1.03689 7.23508 27.4901
Iteration 497  HV  cores 1875 1777 1  time 1.0378 7.23508 27.6166
Iteration 498  HV  cores 1879 1781 4  time 1.04082 7.23508 27.7439
Iteration 499  HV  cores 1882 1784 3  time 1.04264 7.23508 27.8713
Iteration 500  HV  cores 1886 1788 4  time 1.04499 7.23508 28.0004
Iteration 501  HV  cores 1890 1791 4  time 1.0472 7.23508 28.1368
Iteration 502  HV  cores 1892 1793 2  time 1.04855 7.23508 28.5153
Iteration 503 MHV  lb 5036 ub 5346  time 1.04899 8.76164 28.5153
Iteration 504  HV  cores 1893 1794 1  time 1.04991 8.76164 28.5937
Iteration 505  HV  cores 1894 1795 1  time 1.05079 8.76164 28.6708
Iteration 506  HV  cores 1897 1798 3  time 1.05266 8.76164 28.796
Iteration 507  HV  cores 1899 1800 2  time 1.054 8.76164 28.9097
Iteration 508  HV  cores 1902 1801 3  time 1.05574 8.76164 29.3671
Iteration 509  HV  cores 1904 1803 2  time 1.05726 8.76164 29.5011
Iteration 510  HV  cores 1907 1806 3  time 1.05909 8.76164 29.6282
Iteration 511  HV  cores 1911 1809 4  time 1.06135 8.76164 30.0124
Iteration 512  HV  cores 1913 1811 2  time 1.06275 8.76164 30.1311
Iteration 513  HV  cores 1916 1814 3  time 1.06462 8.76164 30.2807
Iteration 514  HV  cores 1919 1816 3  time 1.06642 8.76164 30.4163
Iteration 515  HV  cores 1922 1819 3  time 1.06826 8.76164 30.5594
Iteration 516  HV  cores 1924 1820 2  time 1.06964 8.76164 30.6769
Iteration 517  HV  cores 1926 1821 2  time 1.07115 8.76164 30.8142
Iteration 518  HV  cores 1929 1824 3  time 1.07295 8.76164 30.9781
Iteration 519  HV  cores 1932 1827 3  time 1.07466 8.76164 31.104
Iteration 520  HV  cores 1935 1830 3  time 1.07647 8.76164 31.2688
Iteration 521  HV  cores 1938 1833 3  time 1.07829 8.76164 31.3826
Iteration 522  HV  cores 1939 1834 1  time 1.07926 8.76164 31.5394
Iteration 523  HV  cores 1941 1836 2  time 1.08062 8.76164 31.6723
Iteration 524  HV  cores 1944 1839 3  time 1.08243 8.76164 31.8325
Iteration 525  HV  cores 1947 1841 3  time 1.08425 8.76164 31.9916
Iteration 526  HV  cores 1951 1844 4  time 1.08654 8.76164 32.4248
Iteration 527  HV  cores 1954 1846 3  time 1.08832 8.76164 32.566
Iteration 528  HV  cores 1957 1849 3  time 1.09011 8.76164 32.6906
Iteration 529  HV  cores 1959 1851 2  time 1.0915 8.76164 32.8586
Iteration 530  HV  cores 1962 1854 3  time 1.09324 8.76164 32.9976
Iteration 531  HV  cores 1964 1856 2  time 1.09465 8.76164 33.1614
Iteration 532  HV  cores 1966 1858 2  time 1.09601 8.76164 33.2936
Iteration 533  HV  cores 1968 1860 2  time 1.09734 8.76164 33.437
Iteration 534  HV  cores 1970 1862 2  time 1.0987 8.76164 33.9368
Iteration 535  HV  cores 1972 1864 2  time 1.10002 8.76164 34.077
Iteration 536  HV  cores 1974 1866 2  time 1.10146 8.76164 34.2086
Iteration 537  HV  cores 1975 1867 1  time 1.10251 8.76164 34.335
Iteration 538  HV  cores 1978 1870 3  time 1.10432 8.76164 34.4909
Iteration 539  HV  cores 1980 1872 2  time 1.10574 8.76164 34.6386
Iteration 540  HV  cores 1984 1875 4  time 1.1081 8.76164 35.0703
Iteration 541  HV  cores 1986 1877 2  time 1.10945 8.76164 35.2324
Iteration 542  HV  cores 1989 1880 3  time 1.11125 8.76164 35.3974
Iteration 543  HV  cores 1991 1882 2  time 1.11262 8.76164 35.5439
Iteration 544  HV  cores 1994 1885 3  time 1.11444 8.76164 36.2925
Iteration 545  HV  cores 1997 1888 3  time 1.11626 8.76164 36.4356
Iteration 546  HV  cores 1999 1890 2  time 1.11768 8.76164 37.1923
Iteration 547  HV  cores 2001 1891 2  time 1.11901 8.76164 37.3256
Iteration 548  HV  cores 2003 1892 2  time 1.12032 8.76164 37.835
Iteration 549  HV  cores 2005 1894 2  time 1.12166 8.76164 37.9776
Iteration 550  HV  cores 2007 1896 2  time 1.12299 8.76164 38.1118
Iteration 551  HV  cores 2010 1899 3  time 1.12475 8.76164 38.2739
Iteration 552  HV  cores 2013 1902 3  time 1.12651 8.76164 38.7538
Iteration 553  HV  cores 2015 1903 2  time 1.1279 8.76164 38.8934
Iteration 554  HV  cores 2016 1904 1  time 1.12881 8.76164 39.602
Iteration 555  HV  cores 2018 1906 2  time 1.13016 8.76164 40.052
Iteration 556  HV  cores 2020 1908 2  time 1.13149 8.76164 40.5263
Iteration 557  HV  cores 2022 1909 2  time 1.13288 8.76164 40.9715
Iteration 558  HV  cores 2025 1912 3  time 1.13461 8.76164 41.0986
Iteration 559  HV  cores 2028 1915 3  time 1.1365 8.76164 41.2214
Iteration 560  HV  cores 2029 1916 1  time 1.13743 8.76164 41.9764
Iteration 561  HV  cores 2032 1918 3  time 1.13928 8.76164 42.6865
Iteration 562  HV  cores 2035 1921 3  time 1.14112 8.76164 42.8184
Iteration 563  HV  cores 2036 1922 1  time 1.14202 8.76164 42.9568
Iteration 564  HV  cores 2038 1924 2  time 1.14341 8.76164 43.732
Iteration 565  HV  cores 2040 1926 2  time 1.14475 8.76164 43.8776
Iteration 566  HV  cores 2043 1929 3  time 1.14668 8.76164 44.0151
Iteration 567  HV  cores 2046 1932 3  time 1.14863 8.76164 44.1384
Iteration 568  HV  cores 2048 1934 2  time 1.15003 8.76164 44.2958
Iteration 569  HV  cores 2051 1937 3  time 1.1519 8.76164 44.8113
Iteration 570  HV  cores 2053 1939 2  time 1.15329 8.76164 44.9616
Iteration 571  HV  cores 2055 1941 2  time 1.15468 8.76164 45.1059
Iteration 572  HV  cores 2057 1943 2  time 1.15597 8.76164 45.2543
Iteration 573  HV  cores 2059 1945 2  time 1.15734 8.76164 45.9548
Iteration 574  HV  cores 2061 1947 2  time 1.15865 8.76164 46.1049
Iteration 575  HV  cores 2065 1951 4  time 1.16085 8.76164 46.5006
Iteration 576  HV  cores 2067 1953 2  time 1.16218 8.76164 46.627
Iteration 577  HV  cores 2069 1955 2  time 1.16351 8.76164 46.7764
Iteration 578  HV  cores 2072 1957 3  time 1.1653 8.76164 47.6214
Iteration 579  HV  cores 2074 1959 2  time 1.16666 8.76164 47.7796
Iteration 580  HV  cores 2076 1961 2  time 1.1681 8.76164 47.9312
Iteration 581  HV  cores 2078 1963 2  time 1.16953 8.76164 48.0863
Iteration 582  HV  cores 2080 1965 2  time 1.17095 8.76164 48.2493
Iteration 583  HV  cores 2082 1967 2  time 1.17239 8.76164 48.4161
Iteration 584  HV  cores 2084 1969 2  time 1.17385 8.76164 48.564
Iteration 585  HV  cores 2087 1972 3  time 1.17561 8.76164 48.7391
Iteration 586  HV  cores 2088 1973 1  time 1.1765 8.76164 49.5528
Iteration 587  HV  cores 2091 1976 3  time 1.1783 8.76164 49.7149
Iteration 588  HV  cores 2093 1978 2  time 1.17963 8.76164 49.8581
Iteration 589  HV  cores 2095 1980 2  time 1.181 8.76164 50.0034
Iteration 590  HV  cores 2097 1982 2  time 1.18229 8.76164 50.1593
Iteration 591  HV  cores 2099 1984 2  time 1.18361 8.76164 50.3134
Iteration 592  HV  cores 2102 1987 3  time 1.18545 8.76164 50.777
Iteration 593  HV  cores 2104 1989 2  time 1.18682 8.76164 50.9299
Iteration 594  HV  cores 2106 1991 2  time 1.18813 8.76164 51.466
Iteration 595  HV  cores 2107 1992 1  time 1.18908 8.76164 51.9504
Iteration 596  HV  cores 2110 1995 3  time 1.1909 8.76164 52.0925
Iteration 597  HV  cores 2112 1997 2  time 1.19225 8.76164 52.2479
Iteration 598  HV  cores 2114 1999 2  time 1.19363 8.76164 52.4085
Iteration 599  HV  cores 2116 2000 2  time 1.19501 8.76164 52.5718
Iteration 600  HV  cores 2119 2003 3  time 1.19686 8.76164 52.7036
Iteration 601  HV  cores 2122 2006 3  time 1.19868 8.76164 52.8741
Iteration 602  HV  cores 2125 2008 3  time 1.20056 8.76164 53.0594
Iteration 603  HV  cores 2127 2010 2  time 1.20205 8.76164 53.2065
Iteration 604  HV  cores 2128 2011 1  time 1.20301 8.76164 53.3648
Iteration 605  HV  cores 2131 2014 3  time 1.20483 8.76164 53.5372
Iteration 606  HV  cores 2133 2016 2  time 1.20637 8.76164 54.0163
Iteration 607  HV  cores 2135 2018 2  time 1.20781 8.76164 54.3976
Iteration 608  HV  cores 2137 2020 2  time 1.20925 8.76164 55.1358
Iteration 609  HV  cores 2139 2022 2  time 1.21067 8.76164 55.3065
Iteration 610  HV  cores 2142 2025 3  time 1.2126 8.76164 55.7963
Iteration 611  HV  cores 2144 2027 2  time 1.21398 8.76164 55.9761
Iteration 612  HV  cores 2147 2030 3  time 1.21581 8.76164 56.1509
Iteration 613  HV  cores 2150 2033 3  time 1.21765 8.76164 56.3119
Iteration 614  HV  cores 2151 2034 1  time 1.21881 8.76164 56.4888
Iteration 615  HV  cores 2155 2038 4  time 1.221 8.76164 56.622
Iteration 616  HV  cores 2157 2040 2  time 1.22239 8.76164 56.7728
Iteration 617  HV  cores 2159 2041 2  time 1.22373 8.76164 56.9288
Iteration 618  HV  cores 2161 2043 2  time 1.22517 8.76164 57.0721
Iteration 619  HV  cores 2163 2045 2  time 1.22657 8.76164 57.2364
Iteration 620  HV  cores 2164 2046 1  time 1.2275 8.76164 57.4538
Iteration 621  HV  cores 2166 2048 2  time 1.22903 8.76164 57.6074
Iteration 622  HV  cores 2169 2051 3  time 1.23079 8.76164 57.7869
Iteration 623  HV  cores 2172 2054 3  time 1.23259 8.76164 57.9336
Iteration 624  HV  cores 2173 2055 1  time 1.23355 8.76164 58.4107
Iteration 625  HV  cores 2175 2057 2  time 1.2351 8.76164 58.9147
Iteration 626  HV  cores 2177 2059 2  time 1.23657 8.76164 59.7464
Iteration 627  HV  cores 2179 2061 2  time 1.23811 8.76164 60.2572
Iteration 628  HV  cores 2182 2064 3  time 1.23995 8.76164 60.7641
Iteration 629  HV  cores 2184 2066 2  time 1.2413 8.76164 60.9309
Iteration 630  HV  cores 2186 2068 2  time 1.24277 8.76164 61.6849
Iteration 631  HV  cores 2189 2070 3  time 1.24457 8.76164 61.8489
Iteration 632  HV  cores 2191 2072 2  time 1.24604 8.76164 62.0209
Iteration 633  HV  cores 2192 2073 1  time 1.24692 8.76164 62.1803
Iteration 634  HV  cores 2194 2075 2  time 1.24822 8.76164 62.3385
Iteration 635  HV  cores 2196 2077 2  time 1.24955 8.76164 63.2353
Iteration 636  HV  cores 2199 2080 3  time 1.25146 8.76164 63.4215
Iteration 637  HV  cores 2202 2083 3  time 1.25338 8.76164 63.6152
Iteration 638  HV  cores 2204 2085 2  time 1.25476 8.76164 64.1041
Iteration 639  HV  cores 2206 2087 2  time 1.25612 8.76164 64.9048
Iteration 640  HV  cores 2208 2089 2  time 1.25761 8.76164 65.0572
Iteration 641  HV  cores 2210 2091 2  time 1.259 8.76164 65.218
Iteration 642  HV  cores 2213 2094 3  time 1.26076 8.76164 65.3731
Iteration 643  HV  cores 2215 2096 2  time 1.26209 8.76164 65.8614
Iteration 644  HV  cores 2217 2098 2  time 1.26343 8.76164 66.3902
Iteration 645  HV  cores 2219 2100 2  time 1.26478 8.76164 67.2268
Iteration 646  HV  cores 2223 2104 4  time 1.26694 8.76164 67.3933
Iteration 647  HV  cores 2226 2107 3  time 1.26872 8.76164 68.4943
Iteration 648  HV  cores 2229 2110 3  time 1.2706 8.76164 68.6558
Iteration 649  HV  cores 2231 2112 2  time 1.27198 8.76164 69.4633
Iteration 650  HV  cores 2232 2113 1  time 1.27297 8.76164 70.3394
Iteration 651  HV  cores 2234 2115 2  time 1.27441 8.76164 71.0961
Iteration 652  HV  cores 2237 2118 3  time 1.27623 8.76164 71.2915
Iteration 653  HV  cores 2239 2120 2  time 1.27763 8.76164 71.8344
Iteration 654  HV  cores 2241 2122 2  time 1.27898 8.76164 72.2911
Iteration 655  HV  cores 2243 2124 2  time 1.28033 8.76164 72.849
Iteration 656  HV  cores 2244 2125 1  time 1.28121 8.76164 73.3352
Iteration 657  HV  cores 2245 2126 1  time 1.28207 8.76164 73.9062
Iteration 658  HV  cores 2247 2128 2  time 1.2834 8.76164 74.3828
Iteration 659 MHV  lb 5057 ub 5330  time 1.28382 11.0129 74.3828
Iteration 660  HV  cores 2249 2130 2  time 1.2852 11.0129 74.4827
Iteration 661 MHV  lb 5068 ub 5258  time 1.28562 13.7908 74.4827
Iteration 662  HV  cores 2250 2131 1  time 1.28656 13.7908 74.583
Iteration 663  HV  cores 2251 2132 1  time 1.28767 13.7908 74.6831
Iteration 664  HV  cores 2252 2133 1  time 1.28855 13.7908 74.783
Iteration 665  HV  cores 2253 2134 1  time 1.28949 13.7908 74.8831
Iteration 666  HV  cores 2254 2135 1  time 1.29036 13.7908 75.7944
Iteration 667  HV  cores 2257 2138 3  time 1.29231 13.7908 75.9692
Iteration 668  HV  cores 2258 2139 1  time 1.2932 13.7908 76.1708
Iteration 669  HV  cores 2260 2141 2  time 1.29462 13.7908 76.3427
Iteration 670  HV  cores 2262 2143 2  time 1.29603 13.7908 77.1778
Iteration 671  HV  cores 2264 2145 2  time 1.2974 13.7908 77.7103
Iteration 672  HV  cores 2266 2147 2  time 1.29896 13.7908 78.16
Iteration 673  HV  cores 2268 2149 2  time 1.30028 13.7908 78.7084
Iteration 674  HV  cores 2269 2150 1  time 1.30117 13.7908 78.8658
Iteration 675  HV  cores 2271 2152 2  time 1.30253 13.7908 79.3908
Iteration 676  HV  cores 2273 2154 2  time 1.30395 13.7908 80.3164
Iteration 677  HV  cores 2276 2157 3  time 1.30588 13.7908 80.9119
Iteration 678  HV  cores 2278 2159 2  time 1.3073 13.7908 81.8839
Iteration 679  HV  cores 2280 2160 2  time 1.30872 13.7908 82.0789
Iteration 680  HV  cores 2282 2162 2  time 1.31002 13.7908 82.6438
Iteration 681  HV  cores 2283 2163 1  time 1.31092 13.7908 83.2028
Iteration 682  HV  cores 2285 2165 2  time 1.31222 13.7908 83.6887
Iteration 683  HV  cores 2286 2166 1  time 1.31311 13.7908 84.5066
Iteration 684  HV  cores 2287 2167 1  time 1.31404 13.7908 85.3847
Iteration 685  HV  cores 2288 2168 1  time 1.31491 13.7908 86.2478
Iteration 686  HV  cores 2290 2170 2  time 1.31625 13.7908 86.4011
Iteration 687  HV  cores 2292 2172 2  time 1.3176 13.7908 86.5951
Iteration 688  HV  cores 2294 2174 2  time 1.31914 13.7908 86.7986
Iteration 689  HV  cores 2296 2176 2  time 1.32053 13.7908 87.3562
Iteration 690  HV  cores 2297 2177 1  time 1.32149 13.7908 87.9262
Iteration 691  HV  cores 2298 2178 1  time 1.32234 13.7908 88.4969
Iteration 692  HV  cores 2299 2179 1  time 1.32336 13.7908 89.4731
Iteration 693  HV  cores 2301 2181 2  time 1.32493 13.7908 90.5807
Iteration 694  HV  cores 2302 2182 1  time 1.32583 13.7908 90.7492
Iteration 695  HV  cores 2303 2183 1  time 1.32677 13.7908 91.257
Iteration 696  HV  cores 2305 2185 2  time 1.32807 13.7908 92.2762
Iteration 697  HV  cores 2306 2186 1  time 1.32895 13.7908 93.2092
Iteration 698  HV  cores 2307 2187 1  time 1.32989 13.7908 93.8074
Iteration 699  HV  cores 2308 2188 1  time 1.33082 13.7908 93.9951
Iteration 700  HV  cores 2309 2189 1  time 1.33169 13.7908 94.9248
Iteration 701  HV  cores 2311 2191 2  time 1.33307 13.7908 95.1314
Iteration 702  HV  cores 2312 2192 1  time 1.33401 13.7908 95.6939
Iteration 703  HV  cores 2313 2193 1  time 1.33485 13.7908 96.7095
Iteration 704  HV  cores 2315 2195 2  time 1.33621 13.7908 96.8778
Iteration 705  HV  cores 2316 2196 1  time 1.33711 13.7908 97.0473
Iteration 706  HV  cores 2318 2198 2  time 1.33841 13.7908 97.2302
Iteration 707  HV  cores 2320 2200 2  time 1.33971 13.7908 97.8249
Iteration 708  HV  cores 2321 2201 1  time 1.34059 13.7908 98.3814
Iteration 709  HV  cores 2323 2203 2  time 1.34189 13.7908 99.2692
Iteration 710  HV  cores 2326 2206 3  time 1.34365 13.7908 99.4699
Iteration 711  HV  cores 2328 2208 2  time 1.34504 13.7908 100.033
Iteration 712  HV  cores 2330 2209 2  time 1.34666 13.7908 100.577
Iteration 713  HV  cores 2332 2211 2  time 1.348 13.7908 101.793
Iteration 714  HV  cores 2334 2213 2  time 1.34933 13.7908 102.291
Iteration 715  HV  cores 2335 2213 1  time 1.35019 13.7908 103.56
Iteration 716  HV  cores 2337 2215 2  time 1.35166 13.7908 104.163
Iteration 717  HV  cores 2340 2218 3  time 1.35352 13.7908 104.767
Iteration 718  HV  cores 2341 2219 1  time 1.35447 13.7908 105.621
Iteration 719  HV  cores 2343 2221 2  time 1.35582 13.7908 105.793
Iteration 720  HV  cores 2345 2223 2  time 1.35716 13.7908 106.346
Iteration 721  HV  cores 2346 2224 1  time 1.35806 13.7908 107.602
Iteration 722  HV  cores 2347 2225 1  time 1.35892 13.7908 108.848
Iteration 723  HV  cores 2349 2227 2  time 1.36026 13.7908 109.348
Iteration 724  HV  cores 2350 2228 1  time 1.36115 13.7908 110.325
Iteration 725  HV  cores 2351 2229 1  time 1.36211 13.7908 111.393
Iteration 726  HV  cores 2352 2230 1  time 1.36297 13.7908 112.365
Iteration 727  HV  cores 2354 2232 2  time 1.36432 13.7908 113.208
Iteration 728  HV  cores 2355 2233 1  time 1.36523 13.7908 114.528
Iteration 729  HV  cores 2356 2233 1  time 1.36615 13.7908 114.733
Iteration 730  HV  cores 2357 2234 1  time 1.36704 13.7908 114.952
Iteration 731  HV  cores 2358 2235 1  time 1.36791 13.7908 116.208
Iteration 732  HV  cores 2359 2236 1  time 1.36877 13.7908 116.392
Iteration 733  HV  cores 2360 2237 1  time 1.36965 13.7908 117.084
Iteration 734  HV  cores 2362 2239 2  time 1.37099 13.7908 117.933
Iteration 735  HV  cores 2363 2240 1  time 1.37195 13.7908 118.574
Iteration 736  HV  cores 2364 2241 1  time 1.37286 13.7908 118.77
Iteration 737  HV  cores 2366 2243 2  time 1.37432 13.7908 119.363
Iteration 738  HV  cores 2369 2246 3  time 1.37624 13.7908 120.325
Iteration 739  HV  cores 2370 2247 1  time 1.37713 13.7908 121.488
Iteration 740  HV  cores 2371 2248 1  time 1.38115 13.7908 122.431
Iteration 741  HV  cores 2372 2249 1  time 1.38184 13.7908 123.743
Iteration 742  HV  cores 2373 2250 1  time 1.3825 13.7908 124.844
Iteration 743  HV  cores 2374 2251 1  time 1.38327 13.7908 126.168
Iteration 744  HV  cores 2375 2252 1  time 1.38394 13.7908 126.733
Iteration 745  HV  cores 2377 2253 2  time 1.38495 13.7908 127.932
Iteration 746  HV  cores 2378 2253 1  time 1.38563 13.7908 128.602
Iteration 747  HV  cores 2380 2255 2  time 1.38675 13.7908 129.912
Iteration 748  HV  cores 2381 2255 1  time 1.38752 13.7908 130.18
Iteration 749  HV  cores 2382 2255 1  time 1.3882 13.7908 130.635
Iteration 750  HV  cores 2383 2256 1  time 1.38889 13.7908 130.85
Iteration 751  HV  cores 2385 2257 2  time 1.38996 13.7908 131.703
Iteration 752  HV  cores 2386 2258 1  time 1.39065 13.7908 132.99
Iteration 753  HV  cores 2387 2259 1  time 1.39131 13.7908 133.559
Iteration 754  HV  cores 2389 2261 2  time 1.39236 13.7908 134.138
Iteration 755  HV  cores 2390 2261 1  time 1.39303 13.7908 134.341
Iteration 756  HV  cores 2392 2263 2  time 1.39407 13.7908 135.462
Iteration 757  HV  cores 2394 2265 2  time 1.3952 13.7908 136.058
Iteration 758  HV  cores 2396 2267 2  time 1.39627 13.7908 136.248
Iteration 759  HV  cores 2397 2268 1  time 1.39699 13.7908 137.473
Iteration 760  HV  cores 2398 2269 1  time 1.39775 13.7908 138.689
Iteration 761  HV  cores 2399 2270 1  time 1.39852 13.7908 139.742
Iteration 762  HV  cores 2400 2271 1  time 1.39924 13.7908 139.934
Iteration 763  HV  cores 2402 2273 2  time 1.40036 13.7908 140.822
Iteration 764  HV  cores 2404 2275 2  time 1.40148 13.7908 142.181
Iteration 765  HV  cores 2405 2276 1  time 1.40218 13.7908 142.4
Iteration 766  HV  cores 2407 2278 2  time 1.40324 13.7908 142.939
Iteration 767  HV  cores 2409 2280 2  time 1.40436 13.7908 144.23
Iteration 768  HV  cores 2410 2281 1  time 1.40511 13.7908 145.263
Iteration 769  HV  cores 2411 2282 1  time 1.4058 13.7908 145.877
Iteration 770  HV  cores 2412 2283 1  time 1.40656 13.7908 146.404
Iteration 771  HV  cores 2413 2284 1  time 1.40731 13.7908 146.643
Iteration 772  HV  cores 2415 2286 2  time 1.40847 13.7908 147.811
Iteration 773  HV  cores 2416 2286 1  time 1.40916 13.7908 149.154
Iteration 774  HV  cores 2417 2287 1  time 1.40987 13.7908 150.359
Iteration 775  HV  cores 2418 2288 1  time 1.41073 13.7908 151.753
Iteration 776  HV  cores 2419 2288 1  time 1.41142 13.7908 152.837
Iteration 777  HV  cores 2420 2289 1  time 1.41215 13.7908 153.046
Iteration 778  HV  cores 2421 2290 1  time 1.41286 13.7908 153.5
Iteration 779  HV  cores 2422 2291 1  time 1.41356 13.7908 154.154
Iteration 780  HV  cores 2425 2294 3  time 1.41521 13.7908 155.384
Iteration 781  HV  cores 2427 2296 2  time 1.41658 13.7908 156.62
Iteration 782  HV  cores 2429 2298 2  time 1.4176 13.7908 157.273
Iteration 783  HV  cores 2431 2300 2  time 1.41869 13.7908 158.865
Iteration 784  HV  cores 2432 2301 1  time 1.41939 13.7908 159.076
Iteration 785  HV  cores 2434 2303 2  time 1.42045 13.7908 159.965
Iteration 786  HV  cores 2436 2305 2  time 1.42151 13.7908 160.995
Iteration 787  HV  cores 2438 2307 2  time 1.42278 13.7908 162.029
Iteration 788  HV  cores 2439 2308 1  time 1.42353 13.7908 163.139
Iteration 789  HV  cores 2441 2310 2  time 1.42468 13.7908 163.752
Iteration 790  HV  cores 2442 2311 1  time 1.42539 13.7908 164.406
Iteration 791  HV  cores 2443 2312 1  time 1.4261 13.7908 165.045
Iteration 792  HV  cores 2444 2312 1  time 1.42677 13.7908 165.69
Iteration 793  HV  cores 2446 2314 2  time 1.42786 13.7908 166.402
Iteration 794  HV  cores 2447 2315 1  time 1.42862 13.7908 167.025
Iteration 795  HV  cores 2448 2316 1  time 1.42943 13.7908 167.53
Iteration 796  HV  cores 2449 2317 1  time 1.4301 13.7908 168.142
Iteration 797  HV  cores 2450 2318 1  time 1.43079 13.7908 169.371
Iteration 798  HV  cores 2452 2318 2  time 1.43184 13.7908 170.982
Iteration 799  HV  cores 2454 2320 2  time 1.43289 13.7908 172.266
Iteration 800  HV  cores 2455 2321 1  time 1.43361 13.7908 173.48
Iteration 801  HV  cores 2456 2322 1  time 1.43428 13.7908 174.765
Iteration 802  HV  cores 2457 2323 1  time 1.43495 13.7908 175.654
Iteration 803  HV  cores 2458 2324 1  time 1.43563 13.7908 176.803
Iteration 804  HV  cores 2459 2324 1  time 1.43632 13.7908 177.028
Iteration 805  HV  cores 2461 2326 2  time 1.43735 13.7908 177.583
Iteration 806  HV  cores 2463 2328 2  time 1.4384 13.7908 177.783
Iteration 807  HV  cores 2465 2330 2  time 1.43951 13.7908 177.986
Iteration 808  HV  cores 2466 2331 1  time 1.44024 13.7908 178.19
Iteration 809  HV  cores 2467 2332 1  time 1.4409 13.7908 179.511
Iteration 810  HV  cores 2468 2333 1  time 1.44157 13.7908 180.853
Iteration 811  HV  cores 2469 2334 1  time 1.44228 13.7908 181.523
Iteration 812  HV  cores 2471 2336 2  time 1.44341 13.7908 182.143
Iteration 813  HV  cores 2472 2337 1  time 1.44409 13.7908 183.556
Iteration 814  HV  cores 2473 2338 1  time 1.44475 13.7908 183.767
Iteration 815  HV  cores 2475 2340 2  time 1.44604 13.7908 184.684
Iteration 816  HV  cores 2476 2341 1  time 1.44674 13.7908 185.245
Iteration 817  HV  cores 2478 2342 2  time 1.44779 13.7908 185.741
Iteration 818  HV  cores 2479 2343 1  time 1.44851 13.7908 186.376
Iteration 819  HV  cores 2481 2345 2  time 1.44955 13.7908 187.552
Iteration 820  HV  cores 2482 2346 1  time 1.45027 13.7908 189.075
Iteration 821  HV  cores 2484 2348 2  time 1.45133 13.7908 189.665
Iteration 822  HV  cores 2485 2349 1  time 1.45201 13.7908 190.228
Iteration 823  HV  cores 2487 2351 2  time 1.45312 13.7908 190.884
Iteration 824  HV  cores 2488 2352 1  time 1.45378 13.7908 192.007
Iteration 825  HV  cores 2489 2353 1  time 1.45449 13.7908 192.633
Iteration 826  HV  cores 2490 2354 1  time 1.45521 13.7908 193.311
Iteration 827  HV  cores 2491 2355 1  time 1.4559 13.7908 193.984
Iteration 828  HV  cores 2492 2356 1  time 1.45658 13.7908 194.2
Iteration 829  HV  cores 2493 2357 1  time 1.4573 13.7908 195.3
Iteration 830  HV  cores 2495 2359 2  time 1.45833 13.7908 196.444
Iteration 831  HV  cores 2497 2361 2  time 1.45939 13.7908 197.678
Iteration 832  HV  cores 2498 2361 1  time 1.46009 13.7908 198.842
Iteration 833  HV  cores 2499 2362 1  time 1.4608 13.7908 199.406
Iteration 834  HV  cores 2500 2363 1  time 1.46146 13.7908 199.623
Iteration 835  HV  cores 2501 2364 1  time 1.46217 13.7908 199.848
Iteration 836  HV  cores 2502 2365 1  time 1.46289 13.7908 200.074
Iteration 837  HV  cores 2503 2366 1  time 1.46357 13.7908 201.255
Iteration 838  HV  cores 2507 2370 4  time 1.46543 13.7908 202.257
Iteration 839  HV  cores 2509 2372 2  time 1.46649 13.7908 202.977
Iteration 840  HV  cores 2510 2373 1  time 1.46721 13.7908 203.179
Iteration 841  HV  cores 2511 2374 1  time 1.4679 13.7908 204.298
Iteration 842  HV  cores 2512 2374 1  time 1.46872 13.7908 205.015
Iteration 843  HV  cores 2513 2375 1  time 1.46948 13.7908 205.644
Iteration 844  HV  cores 2515 2377 2  time 1.47056 13.7908 205.884
Iteration 845  HV  cores 2517 2379 2  time 1.47169 13.7908 207.296
Iteration 846  HV  cores 2518 2380 1  time 1.4724 13.7908 207.914
Iteration 847  HV  cores 2519 2380 1  time 1.47307 13.7908 208.512
Iteration 848  HV  cores 2520 2381 1  time 1.47387 13.7908 209.055
Iteration 849  HV  cores 2521 2382 1  time 1.47456 13.7908 209.694
Iteration 850  HV  cores 2522 2383 1  time 1.47524 13.7908 210.157
Iteration 851  HV  cores 2523 2384 1  time 1.47618 13.7908 210.788
Iteration 852  HV  cores 2524 2385 1  time 1.47694 13.7908 211.019
Iteration 853  HV  cores 2527 2388 3  time 1.47862 13.7908 212.214
Iteration 854  HV  cores 2528 2389 1  time 1.47934 13.7908 212.897
Iteration 855  HV  cores 2530 2390 2  time 1.4804 13.7908 214.089
Iteration 856  HV  cores 2531 2391 1  time 1.48113 13.7908 214.651
Iteration 857  HV  cores 2532 2391 1  time 1.48182 13.7908 215.993
Iteration 858  HV  cores 2533 2392 1  time 1.48249 13.7908 216.196
Iteration 859  HV  cores 2535 2394 2  time 1.48359 13.7908 216.435
Iteration 860  HV  cores 2536 2395 1  time 1.48429 13.7908 217.098
Iteration 861  HV  cores 2538 2395 2  time 1.48534 13.7908 219.026
Iteration 862  HV  cores 2540 2397 2  time 1.48657 13.7908 219.268
Iteration 863  HV  cores 2542 2399 2  time 1.48771 13.7908 219.912
Iteration 864  HV  cores 2544 2401 2  time 1.48883 13.7908 221.214
Iteration 865  HV  cores 2545 2402 1  time 1.48952 13.7908 221.8
Iteration 866  HV  cores 2547 2402 2  time 1.49053 13.7908 222.921
Iteration 867  HV  cores 2548 2403 1  time 1.49124 13.7908 223.978
Iteration 868  HV  cores 2549 2403 1  time 1.49196 13.7908 225.357
Iteration 869  HV  cores 2550 2404 1  time 1.49263 13.7908 226.052
Iteration 870  HV  cores 2551 2405 1  time 1.49335 13.7908 226.292
Iteration 871  HV  cores 2552 2406 1  time 1.49411 13.7908 226.985
Iteration 872  HV  cores 2554 2408 2  time 1.49515 13.7908 227.692
Iteration 873  HV  cores 2555 2409 1  time 1.49585 13.7908 229.156
Iteration 874  HV  cores 2556 2410 1  time 1.49651 13.7908 230.644
Iteration 875  HV  cores 2557 2411 1  time 1.49727 13.7908 231.774
Iteration 876  HV  cores 2558 2411 1  time 1.49798 13.7908 232.354
Iteration 877  HV  cores 2559 2412 1  time 1.49872 13.7908 232.888
Iteration 878  HV  cores 2560 2413 1  time 1.49942 13.7908 234.375
Iteration 879  HV  cores 2561 2414 1  time 1.50012 13.7908 235.224
Iteration 880  HV  cores 2563 2416 2  time 1.50135 13.7908 236.536
Iteration 881  HV  cores 2564 2417 1  time 1.50206 13.7908 237.813
Iteration 882  HV  cores 2565 2418 1  time 1.50278 13.7908 239.099
Iteration 883  HV  cores 2567 2420 2  time 1.50382 13.7908 239.797
Iteration 884  HV  cores 2568 2421 1  time 1.50454 13.7908 241.233
Iteration 885  HV  cores 2569 2422 1  time 1.50524 13.7908 241.916
Iteration 886  HV  cores 2571 2423 2  time 1.50633 13.7908 242.15
Iteration 887  HV  cores 2572 2424 1  time 1.50705 13.7908 242.778
Iteration 888  HV  cores 2574 2426 2  time 1.5082 13.7908 243.309
Iteration 889  HV  cores 2575 2427 1  time 1.50898 13.7908 244.515
Iteration 890  HV  cores 2577 2429 2  time 1.51023 13.7908 245.876
Iteration 891  HV  cores 2578 2429 1  time 1.51095 13.7908 247.486
Iteration 892  HV  cores 2579 2430 1  time 1.51163 13.7908 249.067
Iteration 893  HV  cores 2580 2431 1  time 1.51235 13.7908 250.515
Iteration 894  HV  cores 2582 2433 2  time 1.51346 13.7908 250.74
Iteration 895  HV  cores 2583 2434 1  time 1.51414 13.7908 251.406
Iteration 896  HV  cores 2584 2435 1  time 1.51483 13.7908 252.537
Iteration 897  HV  cores 2585 2436 1  time 1.51553 13.7908 253.191
Iteration 898  HV  cores 2586 2437 1  time 1.51622 13.7908 253.958
Iteration 899  HV  cores 2587 2438 1  time 1.5169 13.7908 255.048
Iteration 900  HV  cores 2590 2441 3  time 1.51856 13.7908 255.814
Iteration 901  HV  cores 2593 2442 3  time 1.51998 13.7908 257.009
Iteration 902  HV  cores 2594 2442 1  time 1.52066 13.7908 258.422
Iteration 903  HV  cores 2596 2443 2  time 1.52175 13.7908 259.167
Iteration 904  HV  cores 2598 2444 2  time 1.52286 13.7908 260.686
Iteration 905  HV  cores 2599 2445 1  time 1.52362 13.7908 261.266
Iteration 906  HV  cores 2601 2447 2  time 1.52465 13.7908 261.927
Iteration 907  HV  cores 2603 2449 2  time 1.52574 13.7908 262.585
Iteration 908  HV  cores 2605 2451 2  time 1.52681 13.7908 264.066
Iteration 909  HV  cores 2606 2452 1  time 1.52755 13.7908 265.559
Iteration 910  HV  cores 2607 2453 1  time 1.52826 13.7908 266.216
Iteration 911  HV  cores 2608 2454 1  time 1.52899 13.7908 266.929
Iteration 912  HV  cores 2609 2455 1  time 1.52972 13.7908 267.665
Iteration 913  HV  cores 2611 2457 2  time 1.53077 13.7908 269.133
Iteration 914  HV  cores 2613 2458 2  time 1.53176 13.7908 270.578
Iteration 915  HV  cores 2614 2459 1  time 1.53252 13.7908 271.081
Iteration 916  HV  cores 2615 2460 1  time 1.53329 13.7908 272.479
Iteration 917  HV  cores 2616 2461 1  time 1.53404 13.7908 273.822
Iteration 918  HV  cores 2618 2463 2  time 1.53508 13.7908 275.09
Iteration 919  HV  cores 2620 2465 2  time 1.53612 13.7908 275.987
Iteration 920  HV  cores 2621 2466 1  time 1.53682 13.7908 276.806
Iteration 921  HV  cores 2622 2467 1  time 1.53754 13.7908 278.61
Iteration 922  HV  cores 2623 2468 1  time 1.53822 13.7908 279.276
Iteration 923  HV  cores 2624 2468 1  time 1.53895 13.7908 280.58
Iteration 924  HV  cores 2625 2469 1  time 1.5397 13.7908 281.243
Iteration 925  HV  cores 2626 2466 1  time 1.54043 13.7908 282.063
Iteration 926  HV  cores 2627 2467 1  time 1.54112 13.7908 282.737
Iteration 927  HV  cores 2628 2468 1  time 1.54181 13.7908 284.144
Iteration 928  HV  cores 2629 2469 1  time 1.54254 13.7908 285.686
Iteration 929  HV  cores 2630 2470 1  time 1.54324 13.7908 287.048
Iteration 930  HV  cores 2631 2471 1  time 1.54396 13.7908 287.299
Iteration 931  HV  cores 2633 2473 2  time 1.54509 13.7908 287.944
Iteration 932  HV  cores 2635 2475 2  time 1.54619 13.7908 289.84
Iteration 933  HV  cores 2637 2476 2  time 1.54724 13.7908 290.515
Iteration 934  HV  cores 2639 2478 2  time 1.5483 13.7908 292.079
Iteration 935  HV  cores 2642 2480 3  time 1.54975 13.7908 293.607
Iteration 936  HV  cores 2643 2481 1  time 1.55046 13.7908 294.855
Iteration 937  HV  cores 2644 2482 1  time 1.55117 13.7908 296.279
Iteration 938  HV  cores 2645 2483 1  time 1.55191 13.7908 297.717
Iteration 939  HV  cores 2646 2484 1  time 1.55259 13.7908 297.97
Iteration 940  HV  cores 2647 2485 1  time 1.55335 13.7908 298.226
Iteration 941  HV  cores 2649 2487 2  time 1.55441 13.7908 298.437
Iteration 942  HV  cores 2651 2489 2  time 1.55545 13.7908 299.193
Iteration 943  HV  cores 2652 2490 1  time 1.55629 13.7908 300.577
Iteration 944  HV  cores 2653 2491 1  time 1.557 13.7908 302.507
Iteration 945  HV  cores 2655 2493 2  time 1.55814 13.7908 303.669
Iteration 946  HV  cores 2656 2494 1  time 1.55884 13.7908 303.924
Iteration 947  HV  cores 2657 2495 1  time 1.55961 13.7908 305.282
Iteration 948  HV  cores 2658 2496 1  time 1.56031 13.7908 306.828
Iteration 949  HV  cores 2659 2497 1  time 1.56099 13.7908 308.296
Iteration 950  HV  cores 2660 2498 1  time 1.56166 13.7908 308.917
Iteration 951  HV  cores 2661 2499 1  time 1.56239 13.7908 310.158
Iteration 952  HV  cores 2662 2500 1  time 1.5631 13.7908 311.621
Iteration 953  HV  cores 2663 2501 1  time 1.56379 13.7908 313.159
Iteration 954  HV  cores 2665 2503 2  time 1.56483 13.7908 314.817
Iteration 955  HV  cores 2666 2504 1  time 1.56557 13.7908 316.219
Iteration 956  HV  cores 2667 2505 1  time 1.56629 13.7908 318.241
Iteration 957  HV  cores 2668 2506 1  time 1.56699 13.7908 318.904
Iteration 958  HV  cores 2669 2507 1  time 1.56767 13.7908 320.04
Iteration 959  HV  cores 2670 2508 1  time 1.56843 13.7908 321.433
Iteration 960  HV  cores 2671 2509 1  time 1.56929 13.7908 322.115
Iteration 961  HV  cores 2673 2511 2  time 1.57039 13.7908 323.589
Iteration 962  HV  cores 2675 2513 2  time 1.57151 13.7908 325.115
Iteration 963  HV  cores 2676 2514 1  time 1.57222 13.7908 326.462
Iteration 964  HV  cores 2677 2515 1  time 1.57295 13.7908 327.254
Iteration 965  HV  cores 2678 2516 1  time 1.57367 13.7908 327.96
Iteration 966  HV  cores 2679 2517 1  time 1.57438 13.7908 329.412
Iteration 967  HV  cores 2680 2518 1  time 1.57509 13.7908 330.893
Iteration 968  HV  cores 2682 2519 2  time 1.57616 13.7908 331.634
Iteration 969  HV  cores 2683 2520 1  time 1.57687 13.7908 333.149
Iteration 970  HV  cores 2685 2522 2  time 1.57791 13.7908 333.89
Iteration 971  HV  cores 2687 2523 2  time 1.57901 13.7908 335.458
Iteration 972  HV  cores 2688 2524 1  time 1.57971 13.7908 336.846
Iteration 973  HV  cores 2689 2525 1  time 1.58039 13.7908 338.424
Iteration 974  HV  cores 2690 2526 1  time 1.58108 13.7908 340.002
Iteration 975  HV  cores 2692 2528 2  time 1.58225 13.7908 341.61
Iteration 976  HV  cores 2693 2529 1  time 1.58295 13.7908 343.238
Iteration 977  HV  cores 2694 2530 1  time 1.58361 13.7908 343.972
Iteration 978  HV  cores 2696 2532 2  time 1.58463 13.7908 344.676
Iteration 979  HV  cores 2697 2533 1  time 1.58529 13.7908 346.327
Iteration 980  HV  cores 2698 2533 1  time 1.58594 13.7908 348.082
Iteration 981  HV  cores 2699 2534 1  time 1.58658 13.7908 349.599
Iteration 982  HV  cores 2700 2535 1  time 1.58726 13.7908 351.048
Iteration 983  HV  cores 2701 2536 1  time 1.58794 13.7908 351.684
Iteration 984  HV  cores 2702 2537 1  time 1.58858 13.7908 352.405
Iteration 985  HV  cores 2705 2540 3  time 1.58994 13.7908 354.218
Iteration 986  HV  cores 2706 2541 1  time 1.59064 13.7908 355.883
Iteration 987  HV  cores 2707 2542 1  time 1.59131 13.7908 356.148
Iteration 988  HV  cores 2708 2543 1  time 1.59208 13.7908 357.84
Iteration 989  HV  cores 2710 2545 2  time 1.59343 13.7908 359.469
Iteration 990  HV  cores 2712 2547 2  time 1.59453 13.7908 359.745
Iteration 991  HV  cores 2713 2548 1  time 1.59523 13.7908 361.25
Iteration 992  HV  cores 2714 2549 1  time 1.59591 13.7908 362.875
Iteration 993  HV  cores 2715 2550 1  time 1.5966 13.7908 367.615
Iteration 994  HV  cores 2717 2552 2  time 1.59768 13.7908 369.338
Iteration 995  HV  cores 2720 2554 3  time 1.59911 13.7908 370.623
Iteration 996  HV  cores 2722 2556 2  time 1.60027 13.7908 372.443
Iteration 997  HV  cores 2724 2558 2  time 1.60138 13.7908 373.129
Iteration 998  HV  cores 2726 2560 2  time 1.60248 13.7908 374.561
Iteration 999  HV  cores 2727 2561 1  time 1.60319 13.7908 375.92
Iteration 1000  HV  cores 2728 2562 1  time 1.60386 13.7908 376.598
Iteration 1001  HV  cores 2729 2563 1  time 1.60453 13.7908 377.912
Iteration 1002  HV  cores 2730 2564 1  time 1.60522 13.7908 379.455
Iteration 1003  HV  cores 2731 2564 1  time 1.60597 13.7908 380.121
Iteration 1004  HV  cores 2732 2565 1  time 1.60672 13.7908 380.783
Iteration 1005  HV  cores 2733 2566 1  time 1.60741 13.7908 381.433
Iteration 1006  HV  cores 2734 2566 1  time 1.60808 13.7908 382.098
Iteration 1007  HV  cores 2735 2567 1  time 1.60879 13.7908 382.76
Iteration 1008  HV  cores 2736 2568 1  time 1.6095 13.7908 383.836
Iteration 1009  HV  cores 2737 2569 1  time 1.6102 13.7908 385.345
Iteration 1010  HV  cores 2739 2571 2  time 1.61132 13.7908 387.045
Iteration 1011  HV  cores 2741 2572 2  time 1.61233 13.7908 388.623
Iteration 1012  HV  cores 2742 2573 1  time 1.61301 13.7908 389.343
Iteration 1013  HV  cores 2744 2574 2  time 1.61401 13.7908 390.952
Iteration 1014  HV  cores 2745 2575 1  time 1.61475 13.7908 392.104
Iteration 1015  HV  cores 2746 2576 1  time 1.61553 13.7908 393.579
Iteration 1016  HV  cores 2747 2577 1  time 1.61621 13.7908 394.256
Iteration 1017  HV  cores 2748 2578 1  time 1.61691 13.7908 395.969
Iteration 1018  HV  cores 2749 2579 1  time 1.61756 13.7908 397.913
Iteration 1019  HV  cores 2750 2580 1  time 1.61824 13.7908 398.738
Iteration 1020  HV  cores 2751 2581 1  time 1.61903 13.7908 400.097
Iteration 1021  HV  cores 2752 2582 1  time 1.6198 13.7908 400.837
Iteration 1022  HV  cores 2753 2582 1  time 1.62047 13.7908 402.33
Iteration 1023  HV  cores 2754 2583 1  time 1.62113 13.7908 402.547
Iteration 1024  HV  cores 2755 2584 1  time 1.62195 13.7908 404.004
Iteration 1025  HV  cores 2756 2585 1  time 1.62265 13.7908 404.692
Iteration 1026  HV  cores 2758 2586 2  time 1.62379 13.7908 405.929
Iteration 1027  HV  cores 2759 2587 1  time 1.6245 13.7908 407.723
Iteration 1028  HV  cores 2761 2589 2  time 1.62553 13.7908 409.324
Iteration 1029  HV  cores 2762 2590 1  time 1.62629 13.7908 410.855
Iteration 1030  HV  cores 2763 2591 1  time 1.62696 13.7908 412.68
Iteration 1031  HV  cores 2764 2592 1  time 1.62768 13.7908 413.889
Iteration 1032  HV  cores 2765 2593 1  time 1.62843 13.7908 416.059
Iteration 1033  HV  cores 2766 2594 1  time 1.62914 13.7908 417.579
Iteration 1034  HV  cores 2767 2595 1  time 1.62992 13.7908 419.309
Iteration 1035  HV  cores 2768 2596 1  time 1.63061 13.7908 420.006
Iteration 1036  HV  cores 2769 2597 1  time 1.63131 13.7908 421.472
Iteration 1037  HV  cores 2770 2598 1  time 1.63203 13.7908 422.143
Iteration 1038  HV  cores 2771 2599 1  time 1.63279 13.7908 424.19
Iteration 1039  HV  cores 2772 2600 1  time 1.63349 13.7908 424.883
Iteration 1040  HV  cores 2773 2601 1  time 1.63415 13.7908 426.158
Iteration 1041  HV  cores 2774 2602 1  time 1.63487 13.7908 426.919
Iteration 1042  HV  cores 2776 2604 2  time 1.6361 13.7908 428.982
Iteration 1043  HV  cores 2777 2605 1  time 1.63682 13.7908 433.765
Iteration 1044  HV  cores 2779 2607 2  time 1.6379 13.7908 435.673
Iteration 1045  HV  cores 2781 2609 2  time 1.63902 13.7908 437.244
Iteration 1046  HV  cores 2782 2610 1  time 1.63983 13.7908 441.719
Iteration 1047  HV  cores 2784 2612 2  time 1.64091 13.7908 443.962
Iteration 1048  HV  cores 2786 2614 2  time 1.642 13.7908 445.945
Iteration 1049  HV  cores 2787 2615 1  time 1.64273 13.7908 447.454
Iteration 1050  HV  cores 2788 2616 1  time 1.64341 13.7908 449.13
Iteration 1051  HV  cores 2789 2617 1  time 1.64414 13.7908 451.144
Iteration 1052  HV  cores 2790 2618 1  time 1.64486 13.7908 456.371
Iteration 1053  HV  cores 2791 2619 1  time 1.64559 13.7908 457.799
Iteration 1054  HV  cores 2792 2620 1  time 1.64626 13.7908 459.325
Iteration 1055  HV  cores 2793 2621 1  time 1.64701 13.7908 459.584
Iteration 1056  HV  cores 2794 2622 1  time 1.64774 13.7908 461.192
Iteration 1057  HV  cores 2796 2623 2  time 1.64886 13.7908 462.921
Iteration 1058  HV  cores 2799 2624 3  time 1.65029 13.7908 464.357
Iteration 1059  HV  cores 2800 2625 1  time 1.65104 13.7908 466.281
Iteration 1060  HV  cores 2802 2627 2  time 1.65213 13.7908 469.626
Iteration 1061  HV  cores 2803 2628 1  time 1.65295 13.7908 471.324
Iteration 1062  HV  cores 2804 2629 1  time 1.65365 13.7908 471.994
Iteration 1063  HV  cores 2805 2630 1  time 1.65435 13.7908 473.814
Iteration 1064  HV  cores 2806 2631 1  time 1.65509 13.7908 475.247
Iteration 1065  HV  cores 2808 2633 2  time 1.65616 13.7908 476.159
Iteration 1066  HV  cores 2810 2635 2  time 1.65724 13.7908 477.583
Iteration 1067  HV  cores 2811 2636 1  time 1.65793 13.7908 479.086
Iteration 1068  HV  cores 2812 2637 1  time 1.65861 13.7908 480.909
Iteration 1069  HV  cores 2814 2638 2  time 1.65963 13.7908 482.315
Iteration 1070  HV  cores 2815 2639 1  time 1.66039 13.7908 486.578
Iteration 1071  HV  cores 2816 2640 1  time 1.66118 13.7908 486.727
Iteration 1072  HV  cores 2817 2641 1  time 1.6619 13.7908 487.497
Iteration 1073  HV  cores 2818 2642 1  time 1.66261 13.7908 489.322
Iteration 1074  HV  cores 2819 2643 1  time 1.66329 13.7908 491.045
Iteration 1075  HV  cores 2820 2644 1  time 1.66398 13.7908 492.409
Iteration 1076  HV  cores 2821 2645 1  time 1.66472 13.7908 494.217
Iteration 1077  HV  cores 2822 2646 1  time 1.66541 13.7908 494.951
Iteration 1078  HV  cores 2823 2647 1  time 1.66614 13.7908 496.467
Iteration 1079  HV  cores 2824 2648 1  time 1.66681 13.7908 498.276
Iteration 1080  HV  cores 2825 2649 1  time 1.66761 13.7908 502.852
Iteration 1081  HV  cores 2827 2651 2  time 1.66868 13.7908 504.161
Iteration 1082  HV  cores 2828 2652 1  time 1.66938 13.7908 505.74
Iteration 1083  HV  cores 2829 2653 1  time 1.67019 13.7908 508.204
Iteration 1084  HV  cores 2831 2655 2  time 1.6714 13.7908 511.506
Iteration 1085  HV  cores 2832 2656 1  time 1.67221 13.7908 513.101
Iteration 1086  HV  cores 2834 2658 2  time 1.67328 13.7908 515.164
Iteration 1087  HV  cores 2836 2660 2  time 1.67442 13.7908 516.902
Iteration 1088  HV  cores 2838 2661 2  time 1.67549 13.7908 518.746
Iteration 1089  HV  cores 2840 2663 2  time 1.67655 13.7908 523.073
Iteration 1090  HV  cores 2841 2664 1  time 1.67728 13.7908 524.592
Iteration 1091  HV  cores 2842 2665 1  time 1.67805 13.7908 526.365
Iteration 1092  HV  cores 2843 2666 1  time 1.67878 13.7908 528.515
Iteration 1093  HV  cores 2844 2667 1  time 1.67949 13.7908 530.636
Iteration 1094  HV  cores 2845 2668 1  time 1.68018 13.7908 531.771
Iteration 1095  HV  cores 2846 2668 1  time 1.68087 13.7908 533.221
Iteration 1096  HV  cores 2847 2666 1  time 1.68155 13.7908 535.017
Iteration 1097  HV  cores 2849 2668 2  time 1.68258 13.7908 536.861
Iteration 1098  HV  cores 2850 2669 1  time 1.68339 13.7908 538.504
Iteration 1099  HV  cores 2851 2670 1  time 1.68409 13.7908 540
Iteration 1100  HV  cores 2852 2671 1  time 1.68481 13.7908 541.662
Iteration 1101  HV  cores 2853 2672 1  time 1.68549 13.7908 543.392
Iteration 1102  HV  cores 2855 2674 2  time 1.68657 13.7908 545.313
Iteration 1103  HV  cores 2857 2676 2  time 1.68762 13.7908 546.884
Iteration 1104  HV  cores 2859 2678 2  time 1.68879 13.7908 548.385
Iteration 1105  HV  cores 2860 2679 1  time 1.68953 13.7908 549.024
Iteration 1106  HV  cores 2861 2680 1  time 1.6902 13.7908 550.868
Iteration 1107  HV  cores 2862 2681 1  time 1.69089 13.7908 552.333
Iteration 1108  HV  cores 2863 2682 1  time 1.69157 13.7908 554.188
Iteration 1109  HV  cores 2865 2684 2  time 1.6926 13.7908 555.707
Iteration 1110  HV  cores 2867 2686 2  time 1.69364 13.7908 556.402
Iteration 1111  HV  cores 2869 2688 2  time 1.69476 13.7908 557.518
Iteration 1112  HV  cores 2870 2689 1  time 1.69548 13.7908 563.407
Iteration 1113  HV  cores 2871 2690 1  time 1.69619 13.7908 566.589
Iteration 1114  HV  cores 2872 2691 1  time 1.69691 13.7908 568.184
Iteration 1115  HV  cores 2873 2692 1  time 1.69775 13.7908 570
Iteration 1116  HV  cores 2874 2693 1  time 1.69859 13.7908 572.267
Iteration 1117  HV  cores 2875 2694 1  time 1.69938 13.7908 573.839
Iteration 1118  HV  cores 2876 2695 1  time 1.70006 13.7908 575.947
Iteration 1119  HV  cores 2878 2697 2  time 1.70111 13.7908 578.365
Iteration 1120  HV  cores 2879 2698 1  time 1.70181 13.7908 580.049
Iteration 1121  HV  cores 2880 2699 1  time 1.70253 13.7908 581.302
Iteration 1122  HV  cores 2882 2701 2  time 1.70356 13.7908 583.169
Iteration 1123  HV  cores 2883 2702 1  time 1.70427 13.7908 584.982
Iteration 1124  HV  cores 2884 2703 1  time 1.70502 13.7908 586.809
Iteration 1125  HV  cores 2885 2704 1  time 1.70588 13.7908 588.385
Iteration 1126  HV  cores 2886 2705 1  time 1.70661 13.7908 594.404
Iteration 1127  HV  cores 2887 2706 1  time 1.70733 13.7908 595.992
Iteration 1128  HV  cores 2888 2707 1  time 1.70802 13.7908 596.723
Iteration 1129  HV  cores 2889 2708 1  time 1.70872 13.7908 600.332
Iteration 1130  HV  cores 2890 2709 1  time 1.7094 13.7908 601.014
Iteration 1131  HV  cores 2891 2710 1  time 1.71014 13.7908 610.552
Iteration 1132  HV  cores 2892 2711 1  time 1.71092 13.7908 617.681
Iteration 1133  HV  cores 2893 2712 1  time 1.71167 13.7908 619.198
Iteration 1134  HV  cores 2894 2713 1  time 1.71235 13.7908 620.791
Iteration 1135  HV  cores 2895 2714 1  time 1.71313 13.7908 622.205
Iteration 1136  HV  cores 2896 2714 1  time 1.71383 13.7908 622.981
Iteration 1137  HV  cores 2897 2715 1  time 1.71457 13.7908 623.763
Iteration 1138  HV  cores 2898 2716 1  time 1.7153 13.7908 625.534
Iteration 1139  HV  cores 2899 2717 1  time 1.71603 13.7908 626.979
Iteration 1140  HV  cores 2901 2718 2  time 1.71707 13.7908 627.677
Iteration 1141  HV  cores 2903 2720 2  time 1.71818 13.7908 630.043
Iteration 1142  HV  cores 2904 2721 1  time 1.71895 13.7908 631.776
Iteration 1143  HV  cores 2905 2722 1  time 1.71963 13.7908 632.506
Iteration 1144  HV  cores 2906 2723 1  time 1.7203 13.7908 639.032
Iteration 1145  HV  cores 2908 2725 2  time 1.72149 13.7908 643.077
Iteration 1146  HV  cores 2910 2727 2  time 1.72254 13.7908 646.423
Iteration 1147  HV  cores 2911 2728 1  time 1.72325 13.7908 648.454
Iteration 1148  HV  cores 2912 2727 1  time 1.72394 13.7908 650.415
Iteration 1149  HV  cores 2913 2728 1  time 1.72467 13.7908 652.138
Iteration 1150  HV  cores 2915 2729 2  time 1.72572 13.7908 653.751
Iteration 1151  HV  cores 2917 2731 2  time 1.72683 13.7908 655.44
Iteration 1152  HV  cores 2918 2732 1  time 1.72753 13.7908 657.024
Iteration 1153  HV  cores 2919 2733 1  time 1.72823 13.7908 662.138
Iteration 1154  HV  cores 2921 2735 2  time 1.72939 13.7908 663.888
Iteration 1155  HV  cores 2922 2736 1  time 1.73025 13.7908 665.784
Iteration 1156  HV  cores 2923 2737 1  time 1.73106 13.7908 669.566
Iteration 1157  HV  cores 2925 2736 2  time 1.73216 13.7908 671.076
Iteration 1158  HV  cores 2926 2732 1  time 1.73292 13.7908 672.95
Iteration 1159  HV  cores 2927 2733 1  time 1.73379 13.7908 675.111
Iteration 1160  HV  cores 2929 2735 2  time 1.73482 13.7908 682.363
Iteration 1161  HV  cores 2931 2737 2  time 1.73586 13.7908 688.671
Iteration 1162  HV  cores 2933 2739 2  time 1.73696 13.7908 694.684
Iteration 1163  HV  cores 2934 2740 1  time 1.73775 13.7908 696.239
Iteration 1164  HV  cores 2935 2741 1  time 1.73873 13.7908 697.97
Iteration 1165  HV  cores 2937 2743 2  time 1.73995 13.7908 705.02
Iteration 1166  HV  cores 2938 2744 1  time 1.74075 13.7908 717.098
Iteration 1167  HV  cores 2939 2745 1  time 1.74149 13.7908 718.625
Iteration 1168  HV  cores 2940 2746 1  time 1.74218 13.7908 720.664
Iteration 1169  HV  cores 2941 2747 1  time 1.74288 13.7908 722.58
Iteration 1170  HV  cores 2942 2748 1  time 1.74362 13.7908 724.276
Iteration 1171  HV  cores 2944 2750 2  time 1.7447 13.7908 729.933
Iteration 1172  HV  cores 2945 2751 1  time 1.74553 13.7908 733.42
Iteration 1173  HV  cores 2946 2752 1  time 1.7463 13.7908 733.576
Iteration 1174  HV  cores 2947 2753 1  time 1.74708 13.7908 735.531
Iteration 1175  HV  cores 2948 2754 1  time 1.7478 13.7908 737.487
Iteration 1176  HV  cores 2949 2755 1  time 1.7485 13.7908 738.203
Iteration 1177  HV  cores 2950 2756 1  time 1.74919 13.7908 744.889
Iteration 1178  HV  cores 2952 2758 2  time 1.75038 13.7908 747.369
Iteration 1179  HV  cores 2954 2760 2  time 1.75145 13.7908 749.353
Iteration 1180  HV  cores 2955 2761 1  time 1.75216 13.7908 751.278
Iteration 1181  HV  cores 2956 2762 1  time 1.75283 13.7908 752.995
Iteration 1182  HV  cores 2957 2763 1  time 1.75357 13.7908 755.288
Iteration 1183  HV  cores 2958 2764 1  time 1.7543 13.7908 758.126
Iteration 1184  HV  cores 2960 2765 2  time 1.75547 13.7908 759.656
Iteration 1185  HV  cores 2961 2766 1  time 1.75616 13.7908 761.417
Iteration 1186  HV  cores 2962 2767 1  time 1.75684 13.7908 763.272
Iteration 1187  HV  cores 2963 2768 1  time 1.75764 13.7908 765.132
Iteration 1188  HV  cores 2964 2769 1  time 1.75839 13.7908 766.643
Iteration 1189  HV  cores 2965 2770 1  time 1.75917 13.7908 768.515
Iteration 1190  HV  cores 2966 2771 1  time 1.75984 13.7908 770.293
Iteration 1191  HV  cores 2967 2772 1  time 1.76057 13.7908 779.079
Iteration 1192  HV  cores 2968 2773 1  time 1.76122 13.7908 787.024
Iteration 1193  HV  cores 2969 2774 1  time 1.76195 13.7908 792.269
Iteration 1194  HV  cores 2971 2776 2  time 1.76305 13.7908 794.454
Iteration 1195  HV  cores 2972 2777 1  time 1.76376 13.7908 799.39
Iteration 1196  HV  cores 2973 2778 1  time 1.76449 13.7908 801.096
Iteration 1197  HV  cores 2975 2779 2  time 1.76556 13.7908 802.642
Iteration 1198  HV  cores 2977 2781 2  time 1.7667 13.7908 804.304
Iteration 1199  HV  cores 2978 2782 1  time 1.76742 13.7908 823.024
Iteration 1200  HV  cores 2980 2784 2  time 1.76849 13.7908 830.362
Iteration 1201  HV  cores 2981 2785 1  time 1.76934 13.7908 839.623
Iteration 1202  HV  cores 2982 2786 1  time 1.77012 13.7908 841.408
Iteration 1203  HV  cores 2984 2788 2  time 1.77117 13.7908 846.959
Iteration 1204  HV  cores 2986 2790 2  time 1.7723 13.7908 847.119
Iteration 1205  HV  cores 2988 2791 2  time 1.77343 13.7908 849.594
Iteration 1206  HV  cores 2989 2792 1  time 1.77416 13.7908 851.273
Iteration 1207  HV  cores 2990 2793 1  time 1.77489 13.7908 872.275
Iteration 1208  HV  cores 2992 2795 2  time 1.77616 13.7908 874.462
Iteration 1209  HV  cores 2993 2796 1  time 1.77686 13.7908 890.301
Iteration 1210  HV  cores 2995 2798 2  time 1.778 13.7908 891.89
Iteration 1211  HV  cores 2996 2799 1  time 1.77871 13.7908 894.08
Iteration 1212  HV  cores 2997 2800 1  time 1.77954 13.7908 895.982
Iteration 1213  HV  cores 2998 2801 1  time 1.78032 13.7908 898.234
Iteration 1214  HV  cores 2999 2802 1  time 1.78101 13.7908 900.161
Iteration 1215  HV  cores 3000 2803 1  time 1.78169 13.7908 902.037
Iteration 1216  HV  cores 3001 2804 1  time 1.78236 13.7908 916.634
Iteration 1217  HV  cores 3002 2805 1  time 1.78308 13.7908 918.561
Iteration 1218  HV  cores 3003 2806 1  time 1.78376 13.7908 924.324
Iteration 1219  HV  cores 3004 2807 1  time 1.78453 13.7908 926.223
Iteration 1220  HV  cores 3006 2809 2  time 1.7856 13.7908 933.475
Iteration 1221  HV  cores 3007 2810 1  time 1.78635 13.7908 935.041
Iteration 1222  HV  cores 3008 2811 1  time 1.78704 13.7908 942.29
Iteration 1223  HV  cores 3009 2812 1  time 1.78783 13.7908 944.153
Iteration 1224  HV  cores 3010 2813 1  time 1.78853 13.7908 972.84
Iteration 1225  HV  cores 3011 2814 1  time 1.78927 13.7908 980.021
Iteration 1226  HV  cores 3012 2815 1  time 1.79 13.7908 981.62
Iteration 1227  HV  cores 3013 2816 1  time 1.7908 13.7908 997.519
Iteration 1228  HV  cores 3016 2819 3  time 1.79237 13.7908 1044.41
Iteration 1229  HV  cores 3017 2820 1  time 1.79314 13.7908 1045.92
Iteration 1230  HV  cores 3018 2821 1  time 1.79386 13.7908 1047.56
Iteration 1231  HV  cores 3019 2822 1  time 1.79453 13.7908 1049.66
Iteration 1232  HV  cores 3020 2823 1  time 1.79523 13.7908 1059.15
Iteration 1233  HV  cores 3021 2824 1  time 1.79595 13.7908 1060.71
Iteration 1234  HV  cores 3022 2825 1  time 1.79663 13.7908 1073.33
Iteration 1235  HV  cores 3024 2827 2  time 1.79774 13.7908 1077.41
Iteration 1236  HV  cores 3025 2828 1  time 1.79848 13.7908 1079.14
Iteration 1237  HV  cores 3026 2829 1  time 1.79916 13.7908 1081.18
Iteration 1238  HV  cores 3027 2830 1  time 1.79985 13.7908 1092.25
Iteration 1239  HV  cores 3028 2831 1  time 1.80058 13.7908 1093.95
Iteration 1240  HV  cores 3029 2832 1  time 1.80126 13.7908 1095.97
Iteration 1241  HV  cores 3030 2831 1  time 1.80197 13.7908 1098.09
Iteration 1242  HV  cores 3031 2831 1  time 1.80265 13.7908 1127.13
Iteration 1243  HV  cores 3032 2832 1  time 1.80337 13.7908 1132.82
Iteration 1244  HV  cores 3033 2833 1  time 1.80405 13.7908 1144.15
Iteration 1245  HV  cores 3034 2834 1  time 1.80475 13.7908 1197.36
Iteration 1246  HV  cores 3036 2836 2  time 1.80594 13.7908 1226.78
Iteration 1247  HV  cores 3037 2837 1  time 1.80668 13.7908 1229.06
Iteration 1248  HV  cores 3039 2839 2  time 1.80777 13.7908 1260.48
Iteration 1249  HV  cores 3041 2841 2  time 1.80886 13.7908 1262.36
Iteration 1250  HV  cores 3042 2842 1  time 1.80956 13.7908 1263.91
Iteration 1251  HV  cores 3043 2843 1  time 1.81023 13.7908 1290.72
Iteration 1252  HV  cores 3044 2844 1  time 1.81103 13.7908 1299.86
Iteration 1253  HV  cores 3045 2845 1  time 1.81184 13.7908 1394.9
Iteration 1254  HV  cores 3047 2847 2  time 1.81294 13.7908 1408.11
Iteration 1255  HV  cores 3048 2848 1  time 1.81365 13.7908 1491.88
Iteration 1256  HV  cores 3050 2850 2  time 1.81479 13.7908 1576.1
Iteration 1257  HV  cores 3052 2852 2  time 1.81591 13.7908 1648.84
Iteration 1258  HV  cores 3053 2853 1  time 1.81663 13.7908 1650.37
Iteration 1259  HV  cores 3054 2851 1  time 1.81732 13.7908 1789.46
Iteration 1260  HV  cores 3056 2853 2  time 1.81843 13.7908 1961.41
Iteration 1261 MHV  lb 5258 ub 5258  time 1.81876 50.63 1961.41
Optimal value: 5258
Real time: 2014.49
CPU time: 6829.6
