lb 4532 ub 131424 before adjustment
1005 unsorted cost functions
lb 0 ub 126892 after adjustment
costs ready
ub 119259 after 2nd adjustment
685 variables 1843 functions 4532 lb, 119259 ub
Iteration 0  HV  cores 17 17 17  time 0.009604 0 0
Iteration 1  HV  cores 31 29 14  time 0.016191 0 0
Iteration 2  HV  cores 44 41 13  time 0.02238 0 0
Iteration 3  HV  cores 51 47 7  time 0.025819 0 0
Iteration 4  HV  cores 58 52 7  time 0.029962 0 0
Iteration 5  HV  cores 62 56 4  time 0.032447 0 0
Iteration 6  HV  cores 65 58 3  time 0.034174 0 0
Iteration 7  HV  cores 67 60 2  time 0.035499 0 0
Iteration 8  HV  cores 70 63 3  time 0.037115 0 0
Iteration 9  HV  cores 72 65 2  time 0.038331 0 0
Iteration 10  HV  cores 74 67 2  time 0.039495 0 0
Iteration 11  HV  cores 77 70 3  time 0.041098 0 0
Iteration 12  HV  cores 79 72 2  time 0.042391 0 0
Iteration 13  HV  cores 81 74 2  time 0.043622 0 0
Iteration 14  HV  cores 83 76 2  time 0.044881 0 0
Iteration 15  HV  cores 84 77 1  time 0.045704 0 0
Iteration 16  HV  cores 86 79 2  time 0.046949 0 0
Iteration 17  HV  cores 87 79 1  time 0.047712 0 0
Iteration 18  HV  cores 88 80 1  time 0.048439 0 0
Iteration 19  HV  cores 90 82 2  time 0.049856 0 0
Iteration 20  HV  cores 91 83 1  time 0.050647 0 0
Iteration 21  HV  cores 92 83 1  time 0.051426 0 0
Iteration 22  HV  cores 93 84 1  time 0.052129 0 0
Iteration 23  HV  cores 94 85 1  time 0.052873 0 0
Iteration 24  HV  cores 95 86 1  time 0.053724 0 0
Iteration 25  HV  cores 96 87 1  time 0.054483 0 0
Iteration 26  HV  cores 97 87 1  time 0.055215 0 0
Iteration 27 MHV  lb 6260 ub 9837  time 0.055583 0.010715 0
Iteration 28  HV  cores 109 97 12  time 0.06125 0.010715 0
Iteration 29  HV  cores 117 103 8  time 0.065009 0.010715 0
Iteration 30  HV  cores 125 109 8  time 0.068671 0.010715 0
Iteration 31  HV  cores 130 114 5  time 0.071108 0.010715 0
Iteration 32  HV  cores 136 119 6  time 0.074025 0.010715 0
Iteration 33  HV  cores 140 123 4  time 0.075948 0.010715 0
Iteration 34  HV  cores 143 126 3  time 0.077611 0.010715 0
Iteration 35  HV  cores 146 129 3  time 0.079172 0.010715 0
Iteration 36  HV  cores 148 131 2  time 0.080461 0.010715 0
Iteration 37  HV  cores 150 133 2  time 0.081731 0.010715 0
Iteration 38  HV  cores 151 134 1  time 0.082449 0.010715 0
Iteration 39  HV  cores 152 135 1  time 0.083269 0.010715 0
Iteration 40  HV  cores 153 136 1  time 0.08403 0.010715 0
Iteration 41 MHV  lb 6522 ub 8639  time 0.084327 0.04189 0
Iteration 42  HV  cores 163 145 10  time 0.088972 0.04189 0
Iteration 43  HV  cores 170 150 7  time 0.0926 0.04189 0
Iteration 44  HV  cores 176 156 6  time 0.095475 0.04189 0
Iteration 45  HV  cores 181 160 5  time 0.098135 0.04189 0
Iteration 46  HV  cores 184 162 3  time 0.099921 0.04189 0
Iteration 47  HV  cores 187 165 3  time 0.101785 0.04189 0
Iteration 48  HV  cores 190 166 3  time 0.103595 0.04189 0
Iteration 49  HV  cores 192 168 2  time 0.104788 0.04189 0
Iteration 50  HV  cores 194 170 2  time 0.105935 0.04189 0
Iteration 51  HV  cores 196 172 2  time 0.107109 0.04189 0
Iteration 52  HV  cores 197 173 1  time 0.107919 0.04189 0
Iteration 53  HV  cores 198 174 1  time 0.108643 0.04189 0
Iteration 54  HV  cores 199 175 1  time 0.109398 0.04189 0
Iteration 55  HV  cores 200 176 1  time 0.110117 0.04189 0
Iteration 56  HV  cores 201 177 1  time 0.110829 0.04189 0
Iteration 57  HV  cores 202 178 1  time 0.111582 0.04189 0
Iteration 58  HV  cores 203 179 1  time 0.112311 0.04189 0
Iteration 59  HV  cores 204 180 1  time 0.113037 0.04189 0
Iteration 60  HV  cores 205 181 1  time 0.113755 0.04189 0
Iteration 61  HV  cores 206 182 1  time 0.114469 0.04189 0
Iteration 62  HV  cores 207 182 1  time 0.11518 0.04189 0
Iteration 63  HV  cores 208 183 1  time 0.115919 0.04189 0
Iteration 64  HV  cores 210 185 2  time 0.117108 0.04189 0
Iteration 65  HV  cores 211 186 1  time 0.117853 0.04189 0
Iteration 66  HV  cores 213 188 2  time 0.119087 0.04189 0
Iteration 67  HV  cores 214 189 1  time 0.11996 0.04189 0
Iteration 68  HV  cores 215 190 1  time 0.12073 0.04189 0
Iteration 69  HV  cores 216 191 1  time 0.121491 0.04189 0
Iteration 70  HV  cores 217 192 1  time 0.122308 0.04189 0
Iteration 71  HV  cores 218 193 1  time 0.12304 0.04189 0
Iteration 72  HV  cores 219 194 1  time 0.123834 0.04189 0
Iteration 73  HV  cores 220 195 1  time 0.124638 0.04189 0
Iteration 74  HV  cores 221 196 1  time 0.125358 0.04189 0
Iteration 75 MHV  lb 6769 ub 8639  time 0.125649 0.138084 0
Iteration 76  HV  cores 228 203 7  time 0.129035 0.138084 0
Iteration 77  HV  cores 234 208 6  time 0.131843 0.138084 0
Iteration 78  HV  cores 240 214 6  time 0.135027 0.138084 0
Iteration 79  HV  cores 243 216 3  time 0.136815 0.138084 0
Iteration 80  HV  cores 246 219 3  time 0.138685 0.138084 0
Iteration 81  HV  cores 250 223 4  time 0.141025 0.138084 0
Iteration 82  HV  cores 252 224 2  time 0.142224 0.138084 0
Iteration 83  HV  cores 255 227 3  time 0.143925 0.138084 0
Iteration 84  HV  cores 258 230 3  time 0.145637 0.138084 0
Iteration 85  HV  cores 260 232 2  time 0.146825 0.138084 0
Iteration 86  HV  cores 261 233 1  time 0.147563 0.138084 0
Iteration 87  HV  cores 263 235 2  time 0.148827 0.138084 0
Iteration 88  HV  cores 266 238 3  time 0.150487 0.138084 0
Iteration 89  HV  cores 267 239 1  time 0.15133 0.138084 0
Iteration 90  HV  cores 269 241 2  time 0.152513 0.138084 0
Iteration 91  HV  cores 271 243 2  time 0.153728 0.138084 0
Iteration 92  HV  cores 273 245 2  time 0.154964 0.138084 0
Iteration 93  HV  cores 274 246 1  time 0.15583 0.138084 0
Iteration 94  HV  cores 275 247 1  time 0.156633 0.138084 0
Iteration 95  HV  cores 276 248 1  time 0.157357 0.138084 0
Iteration 96  HV  cores 277 249 1  time 0.158108 0.138084 0
Iteration 97 MHV  lb 6773 ub 8639  time 0.158402 0.244458 0
Iteration 98  HV  cores 283 255 6  time 0.16173 0.244458 0
Iteration 99  HV  cores 288 260 5  time 0.164535 0.244458 0
Iteration 100  HV  cores 291 263 3  time 0.166379 0.244458 0
Iteration 101  HV  cores 294 266 3  time 0.168356 0.244458 0
Iteration 102  HV  cores 297 269 3  time 0.170224 0.244458 0
Iteration 103  HV  cores 301 273 4  time 0.172692 0.244458 0
Iteration 104  HV  cores 303 275 2  time 0.173908 0.244458 0
Iteration 105  HV  cores 306 277 3  time 0.175524 0.244458 0
Iteration 106  HV  cores 308 279 2  time 0.176753 0.244458 0
Iteration 107  HV  cores 310 281 2  time 0.177935 0.244458 0
Iteration 108  HV  cores 312 283 2  time 0.179228 0.244458 0
Iteration 109  HV  cores 314 285 2  time 0.180844 0.244458 0
Iteration 110  HV  cores 315 286 1  time 0.181612 0.244458 0
Iteration 111  HV  cores 316 287 1  time 0.182345 0.244458 0
Iteration 112  HV  cores 317 288 1  time 0.183076 0.244458 0
Iteration 113  HV  cores 318 289 1  time 0.183871 0.244458 0
Iteration 114  HV  cores 319 290 1  time 0.184609 0.244458 0
Iteration 115  HV  cores 321 292 2  time 0.185789 0.244458 0
Iteration 116  HV  cores 322 293 1  time 0.186543 0.244458 0
Iteration 117  HV  cores 323 293 1  time 0.187257 0.244458 0
Iteration 118  HV  cores 324 294 1  time 0.18811 0.244458 0
Iteration 119  HV  cores 325 295 1  time 0.188968 0.244458 0
Iteration 120  HV  cores 327 297 2  time 0.190186 0.244458 0
Iteration 121  HV  cores 328 298 1  time 0.190982 0.244458 0
Iteration 122  HV  cores 329 298 1  time 0.191729 0.244458 0
Iteration 123  HV  cores 330 299 1  time 0.192595 0.244458 0
Iteration 124  HV  cores 332 301 2  time 0.193874 0.244458 0
Iteration 125  HV  cores 333 302 1  time 0.194699 0.244458 0
Iteration 126  HV  cores 334 303 1  time 0.195432 0.244458 0
Iteration 127  HV  cores 335 304 1  time 0.196198 0.244458 0
Iteration 128 MHV  lb 6817 ub 8639  time 0.196495 0.348185 0
Iteration 129  HV  cores 341 310 6  time 0.199989 0.348185 0
Iteration 130  HV  cores 345 314 4  time 0.202299 0.348185 0
Iteration 131  HV  cores 346 315 1  time 0.203464 0.348185 0
Iteration 132  HV  cores 349 317 3  time 0.205292 0.348185 0
Iteration 133  HV  cores 352 320 3  time 0.207689 0.348185 0
Iteration 134  HV  cores 353 321 1  time 0.208591 0.348185 0
Iteration 135  HV  cores 357 325 4  time 0.210729 0.348185 0
Iteration 136  HV  cores 359 327 2  time 0.21228 0.348185 0
Iteration 137  HV  cores 361 329 2  time 0.213649 0.348185 0
Iteration 138  HV  cores 363 330 2  time 0.21499 0.348185 0
Iteration 139  HV  cores 365 332 2  time 0.21618 0.348185 0
Iteration 140  HV  cores 367 334 2  time 0.217366 0.348185 0
Iteration 141  HV  cores 369 336 2  time 0.218575 0.348185 0
Iteration 142  HV  cores 371 338 2  time 0.220078 0.348185 0
Iteration 143  HV  cores 373 340 2  time 0.221291 0.348185 0
Iteration 144  HV  cores 375 341 2  time 0.222503 0.348185 0
Iteration 145  HV  cores 377 342 2  time 0.223694 0.348185 0
Iteration 146  HV  cores 379 344 2  time 0.224909 0.348185 0
Iteration 147  HV  cores 380 345 1  time 0.225696 0.348185 0
Iteration 148  HV  cores 381 346 1  time 0.226387 0.348185 0
Iteration 149  HV  cores 382 347 1  time 0.227119 0.348185 0
Iteration 150  HV  cores 383 348 1  time 0.22793 0.348185 0
Iteration 151 MHV  lb 6838 ub 8639  time 0.228252 0.44784 0
Iteration 152  HV  cores 387 352 4  time 0.230363 0.44784 0
Iteration 153  HV  cores 388 353 1  time 0.231114 0.44784 0
Iteration 154  HV  cores 389 354 1  time 0.231842 0.44784 0
Iteration 155  HV  cores 392 357 3  time 0.233784 0.44784 0
Iteration 156  HV  cores 394 359 2  time 0.235024 0.44784 0
Iteration 157  HV  cores 396 360 2  time 0.236249 0.44784 0
Iteration 158  HV  cores 398 362 2  time 0.237415 0.44784 0
Iteration 159  HV  cores 399 363 1  time 0.238155 0.44784 0
Iteration 160  HV  cores 400 364 1  time 0.239117 0.44784 0
Iteration 161  HV  cores 401 365 1  time 0.240148 0.44784 0
Iteration 162  HV  cores 402 365 1  time 0.241061 0.44784 0
Iteration 163  HV  cores 403 366 1  time 0.241802 0.44784 0
Iteration 164  HV  cores 404 367 1  time 0.242536 0.44784 0
Iteration 165  HV  cores 406 369 2  time 0.243753 0.44784 0
Iteration 166  HV  cores 407 370 1  time 0.24449 0.44784 0
Iteration 167  HV  cores 408 371 1  time 0.245273 0.44784 0
Iteration 168  HV  cores 409 371 1  time 0.246018 0.44784 0
Iteration 169  HV  cores 410 372 1  time 0.246944 0.44784 0
Iteration 170 MHV  lb 6905 ub 7797  time 0.24724 0.745839 0
Iteration 171  HV  cores 414 376 4  time 0.249585 0.745839 0
Iteration 172  HV  cores 416 378 2  time 0.250896 0.745839 0
Iteration 173  HV  cores 417 379 1  time 0.25195 0.745839 0
Iteration 174  HV  cores 418 380 1  time 0.252812 0.745839 0
Iteration 175  HV  cores 419 381 1  time 0.253555 0.745839 0
Iteration 176  HV  cores 420 381 1  time 0.254287 0.745839 0
Iteration 177  HV  cores 421 382 1  time 0.255018 0.745839 0
Iteration 178  HV  cores 422 383 1  time 0.255807 0.745839 0
Iteration 179  HV  cores 424 385 2  time 0.257015 0.745839 0
Iteration 180  HV  cores 426 387 2  time 0.258642 0.745839 0
Iteration 181  HV  cores 427 388 1  time 0.259434 0.745839 0
Iteration 182  HV  cores 428 389 1  time 0.260415 0.745839 0
Iteration 183  HV  cores 429 390 1  time 0.261377 0.745839 0
Iteration 184  HV  cores 430 390 1  time 0.26224 0.745839 0
Iteration 185  HV  cores 431 391 1  time 0.263228 0.745839 0
Iteration 186  HV  cores 432 392 1  time 0.26395 0.745839 0
Iteration 187  HV  cores 433 393 1  time 0.264672 0.745839 0
Iteration 188  HV  cores 434 394 1  time 0.265397 0.745839 0
Iteration 189  HV  cores 435 395 1  time 0.266119 0.745839 0
Iteration 190  HV  cores 436 396 1  time 0.266848 0.745839 0
Iteration 191  HV  cores 437 397 1  time 0.267571 0.745839 0
Iteration 192  HV  cores 438 398 1  time 0.268296 0.745839 0
Iteration 193  HV  cores 439 399 1  time 0.269212 0.745839 0
Iteration 194  HV  cores 440 400 1  time 0.270033 0.745839 0
Iteration 195  HV  cores 441 401 1  time 0.270759 0.745839 0
Iteration 196  HV  cores 442 402 1  time 0.271634 0.745839 0
Iteration 197  HV  cores 443 403 1  time 0.272394 0.745839 0
Iteration 198  HV  cores 444 403 1  time 0.273121 0.745839 0
Iteration 199  HV  cores 445 404 1  time 0.273848 0.745839 0
Iteration 200  HV  cores 446 403 1  time 0.274575 0.745839 0
Iteration 201 MHV  lb 6913 ub 7797  time 0.27487 1.09618 0
Iteration 202  HV  cores 447 404 1  time 0.275799 1.09618 0
Iteration 203  HV  cores 451 408 4  time 0.277971 1.09618 0
Iteration 204  HV  cores 452 409 1  time 0.27881 1.09618 0
Iteration 205  HV  cores 453 410 1  time 0.279674 1.09618 0
Iteration 206  HV  cores 454 411 1  time 0.280397 1.09618 0
Iteration 207  HV  cores 456 413 2  time 0.281566 1.09618 0
Iteration 208  HV  cores 458 415 2  time 0.283098 1.09618 0
Iteration 209  HV  cores 461 418 3  time 0.284998 1.09618 0
Iteration 210  HV  cores 464 421 3  time 0.286689 1.09618 0
Iteration 211  HV  cores 466 423 2  time 0.288004 1.09618 0
Iteration 212  HV  cores 467 424 1  time 0.288801 1.09618 0
Iteration 213  HV  cores 468 425 1  time 0.290075 1.09618 0
Iteration 214  HV  cores 469 426 1  time 0.291602 1.09618 0
Iteration 215  HV  cores 470 427 1  time 0.292669 1.09618 0
Iteration 216  HV  cores 471 428 1  time 0.293602 1.09618 0
Iteration 217  HV  cores 472 429 1  time 0.29488 1.09618 0
Iteration 218  HV  cores 474 431 2  time 0.296495 1.09618 0
Iteration 219  HV  cores 476 433 2  time 0.297825 1.09618 0
Iteration 220  HV  cores 478 435 2  time 0.299033 1.09618 0
Iteration 221  HV  cores 479 436 1  time 0.299772 1.09618 0
Iteration 222  HV  cores 480 437 1  time 0.300632 1.09618 0
Iteration 223 MHV  lb 6930 ub 7797  time 0.300929 1.39568 0
Iteration 224  HV  cores 484 441 4  time 0.303068 1.39568 0
Iteration 225  HV  cores 487 443 3  time 0.304659 1.39568 0
Iteration 226  HV  cores 492 448 5  time 0.307234 1.39568 0
Iteration 227  HV  cores 495 451 3  time 0.309077 1.39568 0
Iteration 228  HV  cores 498 454 3  time 0.310672 1.39568 0
Iteration 229  HV  cores 500 456 2  time 0.312193 1.39568 0
Iteration 230  HV  cores 503 459 3  time 0.314001 1.39568 0
Iteration 231  HV  cores 506 462 3  time 0.315632 1.39568 0
Iteration 232  HV  cores 508 464 2  time 0.316933 1.39568 0
Iteration 233  HV  cores 511 467 3  time 0.318564 1.39568 0
Iteration 234  HV  cores 514 470 3  time 0.320221 1.39568 0
Iteration 235  HV  cores 516 472 2  time 0.321419 1.39568 0
Iteration 236  HV  cores 518 474 2  time 0.322774 1.39568 0
Iteration 237  HV  cores 519 475 1  time 0.323634 1.39568 0
Iteration 238 MHV  lb 6943 ub 7797  time 0.323933 1.68292 0
Iteration 239  HV  cores 522 478 3  time 0.325762 1.68292 0
Iteration 240  HV  cores 526 482 4  time 0.32793 1.68292 0
Iteration 241  HV  cores 527 483 1  time 0.328814 1.68292 0
Iteration 242  HV  cores 528 484 1  time 0.329691 1.68292 0
Iteration 243  HV  cores 529 485 1  time 0.330479 1.68292 0
Iteration 244  HV  cores 530 486 1  time 0.331272 1.68292 0
Iteration 245  HV  cores 531 487 1  time 0.33212 1.68292 0
Iteration 246  HV  cores 533 489 2  time 0.333379 1.68292 0
Iteration 247  HV  cores 534 490 1  time 0.334159 1.68292 0
Iteration 248  HV  cores 535 491 1  time 0.334881 1.68292 0
Iteration 249  HV  cores 536 492 1  time 0.335603 1.68292 0
Iteration 250  HV  cores 538 494 2  time 0.336741 1.68292 0
Iteration 251  HV  cores 539 495 1  time 0.337502 1.68292 0
Iteration 252  HV  cores 540 496 1  time 0.338217 1.68292 0
Iteration 253  HV  cores 541 497 1  time 0.338937 1.68292 0
Iteration 254  HV  cores 542 497 1  time 0.339652 1.68292 0
Iteration 255  HV  cores 544 499 2  time 0.340803 1.68292 0
Iteration 256  HV  cores 545 500 1  time 0.341573 1.68292 0
Iteration 257 MHV  lb 6960 ub 7797  time 0.341875 1.90057 0
Iteration 258  HV  cores 547 502 2  time 0.343152 1.90057 0
Iteration 259  HV  cores 549 504 2  time 0.344349 1.90057 0
Iteration 260  HV  cores 552 507 3  time 0.346847 1.90057 0
Iteration 261  HV  cores 554 509 2  time 0.348324 1.90057 0
Iteration 262  HV  cores 556 511 2  time 0.349684 1.90057 0
Iteration 263  HV  cores 557 512 1  time 0.350548 1.90057 0
Iteration 264  HV  cores 558 513 1  time 0.351385 1.90057 0
Iteration 265  HV  cores 559 514 1  time 0.352096 1.90057 0
Iteration 266  HV  cores 560 514 1  time 0.352804 1.90057 0
Iteration 267  HV  cores 561 515 1  time 0.353512 1.90057 0
Iteration 268  HV  cores 562 516 1  time 0.354497 1.90057 0
Iteration 269  HV  cores 563 517 1  time 0.355342 1.90057 0
Iteration 270  HV  cores 565 519 2  time 0.356571 1.90057 0
Iteration 271  HV  cores 567 521 2  time 0.357849 1.90057 0
Iteration 272  HV  cores 568 522 1  time 0.358759 1.90057 0
Iteration 273  HV  cores 569 523 1  time 0.359461 1.90057 0
Iteration 274  HV  cores 570 524 1  time 0.360169 1.90057 0
Iteration 275  HV  cores 571 524 1  time 0.360872 1.90057 0
Iteration 276  HV  cores 572 525 1  time 0.361605 1.90057 0
Iteration 277 MHV  lb 6971 ub 7797  time 0.361902 2.33407 0
Iteration 278  HV  cores 576 529 4  time 0.364368 2.33407 0
Iteration 279  HV  cores 579 532 3  time 0.366264 2.33407 0
Iteration 280  HV  cores 582 534 3  time 0.367929 2.33407 0
Iteration 281  HV  cores 584 536 2  time 0.369098 2.33407 0
Iteration 282  HV  cores 587 539 3  time 0.370763 2.33407 0
Iteration 283  HV  cores 589 541 2  time 0.371934 2.33407 0
Iteration 284  HV  cores 591 543 2  time 0.37309 2.33407 0
Iteration 285  HV  cores 592 544 1  time 0.37381 2.33407 0
Iteration 286 MHV  lb 6978 ub 7572  time 0.374108 2.7558 0
Iteration 287  HV  cores 593 545 1  time 0.374933 2.7558 0
Iteration 288  HV  cores 594 546 1  time 0.375652 2.7558 0
Iteration 289  HV  cores 595 547 1  time 0.376423 2.7558 0
Iteration 290  HV  cores 596 548 1  time 0.377135 2.7558 0
Iteration 291  HV  cores 597 549 1  time 0.377844 2.7558 0
Iteration 292  HV  cores 598 550 1  time 0.378558 2.7558 0
Iteration 293  HV  cores 599 551 1  time 0.379275 2.7558 0
Iteration 294  HV  cores 600 552 1  time 0.380003 2.7558 0
Iteration 295  HV  cores 601 553 1  time 0.380774 2.7558 0
Iteration 296  HV  cores 602 554 1  time 0.381483 2.7558 0
Iteration 297  HV  cores 603 555 1  time 0.382195 2.7558 0
Iteration 298  HV  cores 604 556 1  time 0.382899 2.7558 0
Iteration 299  HV  cores 605 557 1  time 0.383603 2.7558 0
Iteration 300  HV  cores 606 558 1  time 0.384358 2.7558 0
Iteration 301  HV  cores 607 559 1  time 0.385063 2.7558 0
Iteration 302  HV  cores 608 560 1  time 0.385763 2.7558 0
Iteration 303 MHV  lb 6978 ub 7513  time 0.386059 3.15665 0
Iteration 304  HV  cores 610 562 2  time 0.387522 3.15665 0
Iteration 305  HV  cores 612 564 2  time 0.388806 3.15665 0
Iteration 306  HV  cores 613 565 1  time 0.389553 3.15665 0
Iteration 307  HV  cores 615 567 2  time 0.390859 3.15665 0
Iteration 308  HV  cores 617 569 2  time 0.392124 3.15665 0
Iteration 309  HV  cores 618 570 1  time 0.392854 3.15665 0
Iteration 310  HV  cores 619 571 1  time 0.393579 3.15665 0
Iteration 311  HV  cores 620 572 1  time 0.394357 3.15665 0
Iteration 312  HV  cores 621 573 1  time 0.395075 3.15665 0
Iteration 313  HV  cores 622 574 1  time 0.395902 3.15665 0
Iteration 314  HV  cores 623 575 1  time 0.396835 3.15665 0
Iteration 315 MHV  lb 6978 ub 7501  time 0.397131 3.85679 0
Iteration 316  HV  cores 625 577 2  time 0.398453 3.85679 0
Iteration 317  HV  cores 626 578 1  time 0.399179 3.85679 0
Iteration 318  HV  cores 627 578 1  time 0.399899 3.85679 0
Iteration 319  HV  cores 628 579 1  time 0.400618 3.85679 0
Iteration 320  HV  cores 629 579 1  time 0.401384 3.85679 0
Iteration 321  HV  cores 630 580 1  time 0.402098 3.85679 0
Iteration 322  HV  cores 631 581 1  time 0.402804 3.85679 0
Iteration 323  HV  cores 632 582 1  time 0.403519 3.85679 0
Iteration 324  HV  cores 633 583 1  time 0.404228 3.85679 0
Iteration 325  HV  cores 634 584 1  time 0.404972 3.85679 0
Iteration 326  HV  cores 635 585 1  time 0.405678 3.85679 0
Iteration 327 MHV  lb 6978 ub 7326  time 0.405972 4.47493 0
Iteration 328  HV  cores 636 586 1  time 0.40686 4.47493 0
Iteration 329  HV  cores 637 587 1  time 0.407571 4.47493 0
Iteration 330  HV  cores 638 588 1  time 0.408281 4.47493 0
Iteration 331  HV  cores 639 589 1  time 0.409104 4.47493 0
Iteration 332 MHV  lb 6978 ub 7136  time 0.409396 5.03109 0
Iteration 333  HV  cores 641 591 2  time 0.410889 5.03109 0
Iteration 334  HV  cores 642 592 1  time 0.411768 5.03109 0
Iteration 335  HV  cores 643 593 1  time 0.412719 5.03109 0
Iteration 336  HV  cores 644 594 1  time 0.413459 5.03109 0
Iteration 337  HV  cores 645 595 1  time 0.414238 5.03109 0
Iteration 338  HV  cores 646 596 1  time 0.414981 5.03109 0
Iteration 339  HV  cores 647 597 1  time 0.415733 5.03109 0
Iteration 340  HV  cores 648 597 1  time 0.416479 5.03109 0
Iteration 341  HV  cores 649 598 1  time 0.417223 5.03109 0
Iteration 342  HV  cores 650 599 1  time 0.418161 5.03109 0
Iteration 343  HV  cores 651 600 1  time 0.418899 5.03109 0
Iteration 344  HV  cores 652 601 1  time 0.419754 5.03109 0
Iteration 345  HV  cores 653 601 1  time 0.420484 5.03109 0
Iteration 346 MHV  lb 6981 ub 7136  time 0.420784 5.87006 0
Iteration 347  HV  cores 654 602 1  time 0.421625 5.87006 0
Iteration 348  HV  cores 655 603 1  time 0.422396 5.87006 0
Iteration 349  HV  cores 656 604 1  time 0.423106 5.87006 0
Iteration 350  HV  cores 657 605 1  time 0.423813 5.87006 0
Iteration 351  HV  cores 658 606 1  time 0.42452 5.87006 0
Iteration 352  HV  cores 659 607 1  time 0.425229 5.87006 0
Iteration 353  HV  cores 660 608 1  time 0.425993 5.87006 0
Iteration 354  HV  cores 661 609 1  time 0.426702 5.87006 0
Iteration 355  HV  cores 662 610 1  time 0.427409 5.87006 0
Iteration 356  HV  cores 663 611 1  time 0.428122 5.87006 0
Iteration 357  HV  cores 664 612 1  time 0.428829 5.87006 0
Iteration 358  HV  cores 665 613 1  time 0.429583 5.87006 0
Iteration 359  HV  cores 666 614 1  time 0.430285 5.87006 0
Iteration 360  HV  cores 667 615 1  time 0.430986 5.87006 0
Iteration 361  HV  cores 668 616 1  time 0.431685 5.87006 0
Iteration 362 MHV  lb 6981 ub 7136  time 0.431981 6.4028 0
Iteration 363  HV  cores 669 617 1  time 0.432881 6.4028 0
Iteration 364  HV  cores 670 617 1  time 0.433608 6.4028 0
Iteration 365  HV  cores 671 618 1  time 0.434336 6.4028 0
Iteration 366  HV  cores 672 619 1  time 0.43506 6.4028 0
Iteration 367  HV  cores 673 619 1  time 0.435776 6.4028 0
Iteration 368  HV  cores 674 620 1  time 0.436548 6.4028 0
Iteration 369  HV  cores 675 621 1  time 0.437271 6.4028 0
Iteration 370  HV  cores 676 622 1  time 0.437993 6.4028 0
Iteration 371  HV  cores 677 623 1  time 0.438718 6.4028 0
Iteration 372  HV  cores 678 624 1  time 0.43944 6.4028 0
Iteration 373  HV  cores 679 625 1  time 0.440218 6.4028 0
Iteration 374  HV  cores 680 626 1  time 0.440942 6.4028 0
Iteration 375  HV  cores 681 627 1  time 0.441662 6.4028 0
Iteration 376  HV  cores 682 628 1  time 0.442381 6.4028 0
Iteration 377  HV  cores 683 629 1  time 0.443101 6.4028 0
Iteration 378  HV  cores 684 630 1  time 0.443868 6.4028 0
Iteration 379  HV  cores 685 631 1  time 0.444584 6.4028 0
Iteration 380 MHV  lb 7002 ub 7136  time 0.44488 7.38075 0
Iteration 381  HV  cores 688 634 3  time 0.446891 7.38075 0
Iteration 382  HV  cores 690 636 2  time 0.448167 7.38075 0
Iteration 383  HV  cores 691 637 1  time 0.448891 7.38075 0
Iteration 384  HV  cores 692 638 1  time 0.449664 7.38075 0
Iteration 385  HV  cores 693 639 1  time 0.450384 7.38075 0
Iteration 386  HV  cores 694 640 1  time 0.451099 7.38075 0
Iteration 387  HV  cores 695 641 1  time 0.451818 7.38075 0
Iteration 388  HV  cores 696 642 1  time 0.452563 7.38075 0
Iteration 389  HV  cores 697 643 1  time 0.453432 7.38075 0
Iteration 390  HV  cores 698 644 1  time 0.454149 7.38075 0
Iteration 391  HV  cores 699 645 1  time 0.454867 7.38075 0
Iteration 392  HV  cores 700 646 1  time 0.455584 7.38075 0
Iteration 393  HV  cores 701 647 1  time 0.45632 7.38075 0
Iteration 394 MHV  lb 7013 ub 7136  time 0.456668 8.30808 0
Iteration 395  HV  cores 703 649 2  time 0.458112 8.30808 0
Iteration 396  HV  cores 705 651 2  time 0.459269 8.30808 0
Iteration 397  HV  cores 706 652 1  time 0.459989 8.30808 0
Iteration 398  HV  cores 707 653 1  time 0.460705 8.30808 0
Iteration 399  HV  cores 708 653 1  time 0.461469 8.30808 0
Iteration 400  HV  cores 709 654 1  time 0.462188 8.30808 0
Iteration 401  HV  cores 710 655 1  time 0.462899 8.30808 0
Iteration 402  HV  cores 711 656 1  time 0.463617 8.30808 0
Iteration 403  HV  cores 712 657 1  time 0.464333 8.30808 0
Iteration 404  HV  cores 713 658 1  time 0.465099 8.30808 0
Iteration 405  HV  cores 714 659 1  time 0.465813 8.30808 0
Iteration 406  HV  cores 715 660 1  time 0.466527 8.30808 0
Iteration 407  HV  cores 716 661 1  time 0.467251 8.30808 0
Iteration 408  HV  cores 717 662 1  time 0.468181 8.30808 0
Iteration 409  HV  cores 718 663 1  time 0.468901 8.30808 0
Iteration 410 MHV  lb 7031 ub 7136  time 0.469201 9.70775 0
Iteration 411  HV  cores 720 665 2  time 0.47065 9.70775 0
Iteration 412 MHV  lb 7031 ub 7049  time 0.470958 11.1152 0
Iteration 413  HV  cores 722 667 2  time 0.472259 11.1152 0
Iteration 414  HV  cores 723 668 1  time 0.473049 11.1152 0
Iteration 415 MHV  lb 7031 ub 7049  time 0.473349 12.1987 0
Iteration 416  HV  cores 724 669 1  time 0.474177 12.1987 0
Iteration 417  HV  cores 725 670 1  time 0.474901 12.1987 0
Iteration 418 MHV  lb 7031 ub 7043  time 0.4752 13.7503 0
Iteration 419  HV  cores 726 671 1  time 0.476469 13.7503 0
Iteration 420  HV  cores 727 672 1  time 0.477342 13.7503 0
Iteration 421  HV  cores 728 673 1  time 0.478169 13.7503 0
Iteration 422  HV  cores 729 674 1  time 0.478903 13.7503 0
Iteration 423 MHV  lb 7031 ub 7043  time 0.479209 15.0932 0
Iteration 424  HV  cores 730 675 1  time 0.480019 15.0932 0
Iteration 425 MHV  lb 7031 ub 7040  time 0.48032 16.0891 0
Iteration 426  HV  cores 731 676 1  time 0.481227 16.0891 0
Iteration 427  HV  cores 732 677 1  time 0.481944 16.0891 0
Iteration 428 MHV  lb 7031 ub 7040  time 0.482245 17.4173 0
Iteration 429  HV  cores 733 678 1  time 0.48314 17.4173 0
Iteration 430  HV  cores 734 679 1  time 0.483871 17.4173 0
Iteration 431 MHV  lb 7031 ub 7040  time 0.484175 19.1646 0
Iteration 432  HV  cores 736 680 2  time 0.485477 19.1646 0
Iteration 433  HV  cores 737 681 1  time 0.486205 19.1646 0
Iteration 434  HV  cores 738 682 1  time 0.48692 19.1646 0
Iteration 435 MHV  lb 7033 ub 7040  time 0.487225 20.5212 0
Iteration 436  HV  cores 740 684 2  time 0.488569 20.5212 0
Iteration 437  HV  cores 742 686 2  time 0.489728 20.5212 0
Iteration 438  HV  cores 744 688 2  time 0.491018 20.5212 0
Iteration 439  HV  cores 746 689 2  time 0.492244 20.5212 0
Iteration 440  HV  cores 748 691 2  time 0.493488 20.5212 0
Iteration 441  HV  cores 750 692 2  time 0.494631 20.5212 0
Iteration 442  HV  cores 752 693 2  time 0.495773 20.5212 0
Iteration 443  HV  cores 754 695 2  time 0.496899 20.5212 0
Iteration 444  HV  cores 755 696 1  time 0.497612 20.5212 0
Iteration 445  HV  cores 756 697 1  time 0.498371 20.5212 0
Iteration 446  HV  cores 757 698 1  time 0.499079 20.5212 0
Iteration 447  HV  cores 758 699 1  time 0.499783 20.5212 0
Iteration 448 MHV  lb 7040 ub 7040  time 0.50008 21.7828 0
Optimal value: 7040
Real time: 22.3532
CPU time: 70.1416
