lb 5191 ub 126588 before adjustment
1058 unsorted cost functions
lb 0 ub 121397 after adjustment
costs ready
ub 99740 after 2nd adjustment
717 variables 1886 functions 5191 lb, 99740 ub
Iteration 0  HV  cores 17 17 17  time 0.008072 0 0.001376
Iteration 1 MHV  lb 6018 ub 104930  time 0.008422 0.002419 0.001376
Iteration 2  HV  cores 28 28 11  time 0.013124 0.002419 0.003778
Iteration 3 MHV  lb 6447 ub 47371  time 0.013509 0.005821 0.003778
Iteration 4  HV  cores 36 36 8  time 0.017078 0.005821 0.006685
Iteration 5  HV  cores 43 43 7  time 0.020506 0.005821 0.008046
Iteration 6  HV  cores 53 53 10  time 0.025139 0.005821 0.009421
Iteration 7  HV  cores 59 59 6  time 0.02803 0.005821 0.010795
Iteration 8  HV  cores 63 63 4  time 0.03003 0.005821 0.012182
Iteration 9  HV  cores 66 66 3  time 0.031569 0.005821 0.013607
Iteration 10  HV  cores 70 70 4  time 0.033515 0.005821 0.015011
Iteration 11  HV  cores 74 74 4  time 0.03551 0.005821 0.016418
Iteration 12  HV  cores 76 76 2  time 0.036673 0.005821 0.017812
Iteration 13  HV  cores 78 78 2  time 0.037684 0.005821 0.019255
Iteration 14  HV  cores 80 80 2  time 0.038854 0.005821 0.020669
Iteration 15  HV  cores 82 82 2  time 0.040003 0.005821 0.022091
Iteration 16  HV  cores 85 85 3  time 0.041554 0.005821 0.02351
Iteration 17  HV  cores 86 86 1  time 0.042337 0.005821 0.025207
Iteration 18 MHV  lb 6831 ub 9904  time 0.042641 0.013549 0.025207
Iteration 19  HV  cores 91 91 5  time 0.045127 0.013549 0.031687
Iteration 20  HV  cores 95 95 4  time 0.04691 0.013549 0.038119
Iteration 21  HV  cores 99 99 4  time 0.048797 0.013549 0.04469
Iteration 22  HV  cores 101 101 2  time 0.050094 0.013549 0.051468
Iteration 23  HV  cores 103 103 2  time 0.051208 0.013549 0.058627
Iteration 24  HV  cores 104 104 1  time 0.051922 0.013549 0.065901
Iteration 25  HV  cores 105 105 1  time 0.052628 0.013549 0.073222
Iteration 26  HV  cores 108 108 3  time 0.054267 0.013549 0.080529
Iteration 27  HV  cores 111 111 3  time 0.055935 0.013549 0.090468
Iteration 28  HV  cores 115 115 4  time 0.058563 0.013549 0.092066
Iteration 29  HV  cores 118 118 3  time 0.060128 0.013549 0.093628
Iteration 30  HV  cores 120 120 2  time 0.061245 0.013549 0.09518
Iteration 31  HV  cores 122 122 2  time 0.06226 0.013549 0.103247
Iteration 32  HV  cores 125 125 3  time 0.063831 0.013549 0.104835
Iteration 33  HV  cores 127 127 2  time 0.065041 0.013549 0.115322
Iteration 34  HV  cores 131 131 4  time 0.066949 0.013549 0.12624
Iteration 35  HV  cores 137 137 6  time 0.06964 0.013549 0.134849
Iteration 36  HV  cores 139 139 2  time 0.070991 0.013549 0.136479
Iteration 37  HV  cores 141 141 2  time 0.072106 0.013549 0.148416
Iteration 38  HV  cores 145 144 4  time 0.074037 0.013549 0.159211
Iteration 39  HV  cores 150 149 5  time 0.076205 0.013549 0.171192
Iteration 40  HV  cores 157 156 7  time 0.079158 0.013549 0.183815
Iteration 41  HV  cores 162 161 5  time 0.081542 0.013549 0.196659
Iteration 42  HV  cores 166 164 4  time 0.083408 0.013549 0.209282
Iteration 43  HV  cores 172 170 6  time 0.086086 0.013549 0.222999
Iteration 44  HV  cores 179 175 7  time 0.089083 0.013549 0.237403
Iteration 45  HV  cores 183 179 4  time 0.091144 0.013549 0.252048
Iteration 46  HV  cores 186 182 3  time 0.092791 0.013549 0.26681
Iteration 47  HV  cores 191 187 5  time 0.095066 0.013549 0.282183
Iteration 48  HV  cores 196 191 5  time 0.097322 0.013549 0.297215
Iteration 49  HV  cores 202 197 6  time 0.100089 0.013549 0.312506
Iteration 50  HV  cores 208 203 6  time 0.1027 0.013549 0.328415
Iteration 51  HV  cores 213 208 5  time 0.104982 0.013549 0.344772
Iteration 52  HV  cores 217 212 4  time 0.106918 0.013549 0.361107
Iteration 53  HV  cores 221 216 4  time 0.108804 0.013549 0.377571
Iteration 54  HV  cores 225 220 4  time 0.110845 0.013549 0.394326
Iteration 55  HV  cores 229 222 4  time 0.112791 0.013549 0.411535
Iteration 56  HV  cores 233 226 4  time 0.114717 0.013549 0.429023
Iteration 57  HV  cores 236 229 3  time 0.116249 0.013549 0.446744
Iteration 58  HV  cores 240 233 4  time 0.118257 0.013549 0.464227
Iteration 59  HV  cores 244 236 4  time 0.120198 0.013549 0.479435
Iteration 60  HV  cores 247 239 3  time 0.121757 0.013549 0.49686
Iteration 61  HV  cores 249 241 2  time 0.122839 0.013549 0.513511
Iteration 62  HV  cores 254 246 5  time 0.125318 0.013549 0.5312
Iteration 63  HV  cores 257 249 3  time 0.126842 0.013549 0.548057
Iteration 64  HV  cores 259 251 2  time 0.128003 0.013549 0.565963
Iteration 65  HV  cores 263 255 4  time 0.129901 0.013549 0.58459
Iteration 66  HV  cores 269 261 6  time 0.132521 0.013549 0.60345
Iteration 67  HV  cores 274 265 5  time 0.134715 0.013549 0.622405
Iteration 68  HV  cores 280 270 6  time 0.137406 0.013549 0.64236
Iteration 69  HV  cores 284 274 4  time 0.139278 0.013549 0.661481
Iteration 70  HV  cores 289 279 5  time 0.14171 0.013549 0.681388
Iteration 71  HV  cores 293 282 4  time 0.143566 0.013549 0.701303
Iteration 72  HV  cores 296 285 3  time 0.145277 0.013549 0.722069
Iteration 73  HV  cores 300 289 4  time 0.147313 0.013549 0.742385
Iteration 74  HV  cores 305 293 5  time 0.149634 0.013549 0.763528
Iteration 75  HV  cores 309 296 4  time 0.151542 0.013549 0.784497
Iteration 76  HV  cores 314 301 5  time 0.153802 0.013549 0.805561
Iteration 77  HV  cores 318 305 4  time 0.155746 0.013549 0.827489
Iteration 78  HV  cores 323 308 5  time 0.157989 0.013549 0.849024
Iteration 79  HV  cores 329 314 6  time 0.160661 0.013549 0.870919
Iteration 80  HV  cores 332 317 3  time 0.162235 0.013549 0.892944
Iteration 81  HV  cores 334 319 2  time 0.163457 0.013549 0.915231
Iteration 82  HV  cores 339 323 5  time 0.165811 0.013549 0.937216
Iteration 83  HV  cores 343 327 4  time 0.167799 0.013549 0.95948
Iteration 84  HV  cores 346 330 3  time 0.169308 0.013549 0.981883
Iteration 85  HV  cores 350 334 4  time 0.171203 0.013549 1.00463
Iteration 86  HV  cores 353 336 3  time 0.172812 0.013549 1.02723
Iteration 87  HV  cores 359 342 6  time 0.175463 0.013549 1.05041
Iteration 88  HV  cores 363 346 4  time 0.177375 0.013549 1.07339
Iteration 89  HV  cores 367 350 4  time 0.179603 0.013549 1.09657
Iteration 90  HV  cores 371 354 4  time 0.181501 0.013549 1.11634
Iteration 91  HV  cores 374 357 3  time 0.183127 0.013549 1.1364
Iteration 92  HV  cores 378 361 4  time 0.18509 0.013549 1.15649
Iteration 93  HV  cores 382 364 4  time 0.187055 0.013549 1.17679
Iteration 94  HV  cores 386 368 4  time 0.189092 0.013549 1.19776
Iteration 95  HV  cores 389 371 3  time 0.190866 0.013549 1.21873
Iteration 96  HV  cores 393 375 4  time 0.192811 0.013549 1.24
Iteration 97  HV  cores 397 379 4  time 0.194801 0.013549 1.2616
Iteration 98  HV  cores 400 382 3  time 0.196296 0.013549 1.28284
Iteration 99  HV  cores 403 384 3  time 0.197884 0.013549 1.30483
Iteration 100  HV  cores 406 387 3  time 0.199476 0.013549 1.3268
Iteration 101  HV  cores 408 389 2  time 0.200654 0.013549 1.34909
Iteration 102  HV  cores 410 391 2  time 0.201828 0.013549 1.37157
Iteration 103  HV  cores 414 395 4  time 0.203705 0.013549 1.39424
Iteration 104  HV  cores 416 397 2  time 0.20484 0.013549 1.41662
Iteration 105  HV  cores 419 400 3  time 0.206353 0.013549 1.4392
Iteration 106  HV  cores 421 402 2  time 0.207509 0.013549 1.46189
Iteration 107  HV  cores 422 403 1  time 0.208435 0.013549 1.48491
Iteration 108  HV  cores 428 408 6  time 0.210965 0.013549 1.50892
Iteration 109  HV  cores 430 410 2  time 0.212165 0.013549 1.53305
Iteration 110  HV  cores 431 411 1  time 0.212887 0.013549 1.55733
Iteration 111  HV  cores 433 413 2  time 0.214138 0.013549 1.58125
Iteration 112  HV  cores 435 415 2  time 0.215301 0.013549 1.6054
Iteration 113  HV  cores 437 417 2  time 0.216434 0.013549 1.63001
Iteration 114  HV  cores 440 419 3  time 0.217945 0.013549 1.65435
Iteration 115  HV  cores 444 420 4  time 0.219921 0.013549 1.67921
Iteration 116  HV  cores 445 421 1  time 0.220678 0.013549 1.70422
Iteration 117  HV  cores 446 422 1  time 0.221445 0.013549 1.72898
Iteration 118  HV  cores 451 425 5  time 0.223788 0.013549 1.75395
Iteration 119  HV  cores 454 428 3  time 0.225456 0.013549 1.77941
Iteration 120  HV  cores 456 430 2  time 0.226589 0.013549 1.80396
Iteration 121  HV  cores 462 435 6  time 0.229283 0.013549 1.83588
Iteration 122  HV  cores 464 437 2  time 0.230482 0.013549 1.86774
Iteration 123  HV  cores 465 438 1  time 0.231236 0.013549 1.8997
Iteration 124  HV  cores 466 439 1  time 0.231977 0.013549 1.92425
Iteration 125  HV  cores 470 443 4  time 0.234103 0.013549 1.94951
Iteration 126  HV  cores 474 446 4  time 0.235918 0.013549 1.97461
Iteration 127  HV  cores 478 450 4  time 0.237887 0.013549 1.99983
Iteration 128  HV  cores 480 452 2  time 0.23913 0.013549 2.02499
Iteration 129  HV  cores 484 456 4  time 0.241234 0.013549 2.05074
Iteration 130  HV  cores 486 458 2  time 0.242442 0.013549 2.07639
Iteration 131  HV  cores 491 462 5  time 0.244732 0.013549 2.10989
Iteration 132  HV  cores 493 464 2  time 0.245884 0.013549 2.13589
Iteration 133  HV  cores 496 467 3  time 0.247463 0.013549 2.16221
Iteration 134  HV  cores 500 470 4  time 0.2493 0.013549 2.18846
Iteration 135  HV  cores 504 474 4  time 0.251321 0.013549 2.21446
Iteration 136  HV  cores 508 477 4  time 0.253266 0.013549 2.24068
Iteration 137  HV  cores 513 481 5  time 0.25559 0.013549 2.26702
Iteration 138  HV  cores 517 484 4  time 0.257511 0.013549 2.29369
Iteration 139  HV  cores 521 488 4  time 0.259491 0.013549 2.32086
Iteration 140  HV  cores 524 491 3  time 0.261082 0.013549 2.34817
Iteration 141  HV  cores 528 495 4  time 0.263046 0.013549 2.37568
Iteration 142  HV  cores 533 500 5  time 0.265456 0.013549 2.40361
Iteration 143  HV  cores 537 503 4  time 0.267508 0.013549 2.43124
Iteration 144  HV  cores 542 507 5  time 0.269953 0.013549 2.4592
Iteration 145  HV  cores 545 510 3  time 0.271462 0.013549 2.48841
Iteration 146  HV  cores 550 514 5  time 0.273872 0.013549 2.51646
Iteration 147  HV  cores 555 519 5  time 0.276242 0.013549 2.54505
Iteration 148  HV  cores 560 524 5  time 0.278595 0.013549 2.58204
Iteration 149  HV  cores 563 527 3  time 0.280123 0.013549 2.61103
Iteration 150  HV  cores 568 532 5  time 0.282456 0.013549 2.64031
Iteration 151  HV  cores 570 534 2  time 0.283751 0.013549 2.67922
Iteration 152  HV  cores 571 535 1  time 0.284489 0.013549 2.70841
Iteration 153  HV  cores 573 537 2  time 0.285786 0.013549 2.73761
Iteration 154  HV  cores 575 539 2  time 0.286991 0.013549 2.767
Iteration 155  HV  cores 577 541 2  time 0.288286 0.013549 2.79645
Iteration 156  HV  cores 579 543 2  time 0.289477 0.013549 2.82587
Iteration 157  HV  cores 583 545 4  time 0.29156 0.013549 2.8555
Iteration 158  HV  cores 585 547 2  time 0.292872 0.013549 2.88533
Iteration 159  HV  cores 589 551 4  time 0.294922 0.013549 2.91526
Iteration 160  HV  cores 592 553 3  time 0.296457 0.013549 2.94529
Iteration 161  HV  cores 595 556 3  time 0.298065 0.013549 2.97584
Iteration 162  HV  cores 600 559 5  time 0.30034 0.013549 3.01596
Iteration 163  HV  cores 602 561 2  time 0.301545 0.013549 3.05609
Iteration 164  HV  cores 605 564 3  time 0.303256 0.013549 3.09655
Iteration 165  HV  cores 609 568 4  time 0.305297 0.013549 3.1274
Iteration 166  HV  cores 613 572 4  time 0.30733 0.013549 3.15807
Iteration 167  HV  cores 616 575 3  time 0.30906 0.013549 3.18896
Iteration 168  HV  cores 619 578 3  time 0.310643 0.013549 3.22987
Iteration 169  HV  cores 621 580 2  time 0.311899 0.013549 3.26118
Iteration 170  HV  cores 624 583 3  time 0.313505 0.013549 3.29312
Iteration 171  HV  cores 627 586 3  time 0.315113 0.013549 3.32509
Iteration 172  HV  cores 629 588 2  time 0.316254 0.013549 3.35719
Iteration 173  HV  cores 633 592 4  time 0.318314 0.013549 3.39953
Iteration 174  HV  cores 635 594 2  time 0.319593 0.013549 3.43202
Iteration 175  HV  cores 637 596 2  time 0.320776 0.013549 3.46442
Iteration 176  HV  cores 640 599 3  time 0.322297 0.013549 3.49721
Iteration 177  HV  cores 643 600 3  time 0.323738 0.013549 3.53016
Iteration 178  HV  cores 646 602 3  time 0.325443 0.013549 3.57376
Iteration 179  HV  cores 647 603 1  time 0.326203 0.013549 3.61764
Iteration 180  HV  cores 649 605 2  time 0.327372 0.013549 3.66146
Iteration 181  HV  cores 651 607 2  time 0.32856 0.013549 3.70602
Iteration 182  HV  cores 652 608 1  time 0.329316 0.013549 3.75015
Iteration 183  HV  cores 653 609 1  time 0.330062 0.013549 3.78426
Iteration 184  HV  cores 657 613 4  time 0.331966 0.013549 3.82903
Iteration 185  HV  cores 659 615 2  time 0.33314 0.013549 3.87411
Iteration 186  HV  cores 661 617 2  time 0.334344 0.013549 3.90884
Iteration 187  HV  cores 664 620 3  time 0.335984 0.013549 3.94319
Iteration 188  HV  cores 666 622 2  time 0.337163 0.013549 3.98831
Iteration 189  HV  cores 668 624 2  time 0.338335 0.013549 4.03343
Iteration 190  HV  cores 669 625 1  time 0.33909 0.013549 4.06759
Iteration 191  HV  cores 673 629 4  time 0.341281 0.013549 4.10219
Iteration 192  HV  cores 676 631 3  time 0.342836 0.013549 4.13667
Iteration 193  HV  cores 677 632 1  time 0.343589 0.013549 4.17102
Iteration 194  HV  cores 680 634 3  time 0.345122 0.013549 4.2055
Iteration 195  HV  cores 683 637 3  time 0.346673 0.013549 4.24064
Iteration 196  HV  cores 685 636 2  time 0.347944 0.013549 4.27589
Iteration 197  HV  cores 689 640 4  time 0.349955 0.013549 4.3112
Iteration 198  HV  cores 690 641 1  time 0.350702 0.013549 4.34662
Iteration 199  HV  cores 692 643 2  time 0.352017 0.013549 4.38222
Iteration 200  HV  cores 696 647 4  time 0.354095 0.013549 4.43025
Iteration 201  HV  cores 700 651 4  time 0.356104 0.013549 4.47882
Iteration 202  HV  cores 702 653 2  time 0.357308 0.013549 4.51524
Iteration 203  HV  cores 707 656 5  time 0.359741 0.013549 4.55185
Iteration 204  HV  cores 710 659 3  time 0.3613 0.013549 4.591
Iteration 205  HV  cores 714 663 4  time 0.363285 0.013549 4.63035
Iteration 206  HV  cores 717 666 3  time 0.364825 0.013549 4.66997
Iteration 207  HV  cores 718 667 1  time 0.365619 0.013549 4.71058
Iteration 208  HV  cores 722 671 4  time 0.36768 0.013549 4.74984
Iteration 209  HV  cores 726 675 4  time 0.369664 0.013549 4.80188
Iteration 210  HV  cores 728 677 2  time 0.370873 0.013549 4.85387
Iteration 211  HV  cores 730 679 2  time 0.371979 0.013549 4.90629
Iteration 212  HV  cores 734 683 4  time 0.37414 0.013549 4.94679
Iteration 213  HV  cores 736 685 2  time 0.375345 0.013549 4.98739
Iteration 214  HV  cores 737 686 1  time 0.376099 0.013549 5.0279
Iteration 215  HV  cores 738 687 1  time 0.376839 0.013549 5.06859
Iteration 216  HV  cores 741 690 3  time 0.378418 0.013549 5.10931
Iteration 217  HV  cores 744 693 3  time 0.380009 0.013549 5.15037
Iteration 218  HV  cores 745 694 1  time 0.380742 0.013549 5.19151
Iteration 219  HV  cores 748 696 3  time 0.382262 0.013549 5.23289
Iteration 220  HV  cores 751 699 3  time 0.384138 0.013549 5.27705
Iteration 221  HV  cores 753 701 2  time 0.385334 0.013549 5.33701
Iteration 222  HV  cores 754 702 1  time 0.386217 0.013549 5.38246
Iteration 223  HV  cores 759 707 5  time 0.389313 0.013549 5.44326
Iteration 224 MHV  lb 6917 ub 9711  time 0.389715 0.060182 5.44326
Iteration 225  HV  cores 761 709 2  time 0.390936 0.060182 5.48777
Iteration 226 MHV  lb 6918 ub 8772  time 0.391328 0.106194 5.48777
Iteration 227  HV  cores 763 711 2  time 0.392541 0.106194 5.54887
Iteration 228  HV  cores 766 714 3  time 0.394159 0.106194 5.61053
Iteration 229  HV  cores 768 716 2  time 0.39528 0.106194 5.67263
Iteration 230  HV  cores 770 718 2  time 0.396567 0.106194 5.7727
Iteration 231  HV  cores 772 720 2  time 0.397763 0.106194 5.83499
Iteration 232  HV  cores 776 724 4  time 0.399736 0.106194 5.89749
Iteration 233  HV  cores 778 726 2  time 0.400904 0.106194 5.96107
Iteration 234  HV  cores 779 727 1  time 0.401653 0.106194 6.02395
Iteration 235  HV  cores 781 729 2  time 0.40287 0.106194 6.08695
Iteration 236  HV  cores 784 732 3  time 0.404382 0.106194 6.1496
Iteration 237  HV  cores 786 734 2  time 0.405575 0.106194 6.21352
Iteration 238  HV  cores 787 735 1  time 0.406339 0.106194 6.27738
Iteration 239  HV  cores 790 738 3  time 0.40798 0.106194 6.3417
Iteration 240  HV  cores 792 740 2  time 0.409124 0.106194 6.40659
Iteration 241  HV  cores 794 742 2  time 0.410309 0.106194 6.47139
Iteration 242  HV  cores 796 744 2  time 0.411469 0.106194 6.53674
Iteration 243  HV  cores 797 745 1  time 0.412236 0.106194 6.60193
Iteration 244  HV  cores 800 748 3  time 0.413823 0.106194 6.66772
Iteration 245  HV  cores 803 750 3  time 0.415416 0.106194 6.73369
Iteration 246  HV  cores 806 752 3  time 0.417093 0.106194 6.79982
Iteration 247  HV  cores 808 754 2  time 0.418415 0.106194 6.86625
Iteration 248  HV  cores 809 755 1  time 0.419236 0.106194 6.93344
Iteration 249  HV  cores 811 757 2  time 0.42044 0.106194 6.99951
Iteration 250  HV  cores 813 759 2  time 0.421701 0.106194 7.06629
Iteration 251  HV  cores 816 762 3  time 0.423474 0.106194 7.13342
Iteration 252  HV  cores 817 763 1  time 0.424324 0.106194 7.20022
Iteration 253  HV  cores 820 766 3  time 0.425882 0.106194 7.26708
Iteration 254  HV  cores 823 769 3  time 0.427484 0.106194 7.33469
Iteration 255  HV  cores 825 771 2  time 0.428771 0.106194 7.4033
Iteration 256  HV  cores 827 773 2  time 0.429991 0.106194 7.47135
Iteration 257  HV  cores 829 775 2  time 0.431259 0.106194 7.53951
Iteration 258  HV  cores 832 778 3  time 0.432899 0.106194 7.60759
Iteration 259  HV  cores 834 780 2  time 0.43414 0.106194 7.67663
Iteration 260  HV  cores 835 781 1  time 0.434889 0.106194 7.74578
Iteration 261  HV  cores 837 783 2  time 0.436113 0.106194 7.81566
Iteration 262  HV  cores 841 787 4  time 0.438121 0.106194 7.88506
Iteration 263  HV  cores 844 789 3  time 0.439767 0.106194 7.95503
Iteration 264  HV  cores 847 791 3  time 0.441394 0.106194 8.02504
Iteration 265  HV  cores 850 794 3  time 0.443035 0.106194 8.09507
Iteration 266  HV  cores 853 797 3  time 0.444712 0.106194 8.16552
Iteration 267  HV  cores 855 799 2  time 0.446026 0.106194 8.23657
Iteration 268  HV  cores 857 801 2  time 0.447374 0.106194 8.308
Iteration 269  HV  cores 859 803 2  time 0.448521 0.106194 8.37985
Iteration 270  HV  cores 860 804 1  time 0.449279 0.106194 8.45217
Iteration 271  HV  cores 861 805 1  time 0.450082 0.106194 8.52382
Iteration 272  HV  cores 863 807 2  time 0.451241 0.106194 8.59599
Iteration 273  HV  cores 866 809 3  time 0.452786 0.106194 8.66793
Iteration 274  HV  cores 868 811 2  time 0.45399 0.106194 8.74061
Iteration 275  HV  cores 871 814 3  time 0.455697 0.106194 8.81288
Iteration 276  HV  cores 872 815 1  time 0.456469 0.106194 8.88602
Iteration 277  HV  cores 874 817 2  time 0.457724 0.106194 8.95922
Iteration 278  HV  cores 875 818 1  time 0.458608 0.106194 9.03291
Iteration 279  HV  cores 878 821 3  time 0.460184 0.106194 9.10738
Iteration 280  HV  cores 881 824 3  time 0.461817 0.106194 9.18221
Iteration 281  HV  cores 882 825 1  time 0.462565 0.106194 9.25707
Iteration 282  HV  cores 883 826 1  time 0.463351 0.106194 9.33182
Iteration 283  HV  cores 885 828 2  time 0.464484 0.106194 9.40658
Iteration 284  HV  cores 887 830 2  time 0.465722 0.106194 9.482
Iteration 285  HV  cores 889 832 2  time 0.466907 0.106194 9.55673
Iteration 286  HV  cores 892 835 3  time 0.468567 0.106194 9.63141
Iteration 287  HV  cores 894 837 2  time 0.469805 0.106194 9.70665
Iteration 288  HV  cores 897 840 3  time 0.471476 0.106194 9.78239
Iteration 289  HV  cores 899 842 2  time 0.472625 0.106194 9.85779
Iteration 290  HV  cores 901 844 2  time 0.473826 0.106194 9.93435
Iteration 291  HV  cores 903 846 2  time 0.475028 0.106194 10.011
Iteration 292  HV  cores 904 847 1  time 0.475824 0.106194 10.0878
Iteration 293  HV  cores 905 848 1  time 0.476592 0.106194 10.165
Iteration 294  HV  cores 907 850 2  time 0.477761 0.106194 10.2198
Iteration 295  HV  cores 909 852 2  time 0.479011 0.106194 10.2903
Iteration 296  HV  cores 912 855 3  time 0.480719 0.106194 10.3582
Iteration 297  HV  cores 915 858 3  time 0.482356 0.106194 10.4347
Iteration 298  HV  cores 916 859 1  time 0.483238 0.106194 10.5108
Iteration 299  HV  cores 918 861 2  time 0.484442 0.106194 10.5791
Iteration 300  HV  cores 919 862 1  time 0.485224 0.106194 10.6471
Iteration 301  HV  cores 921 863 2  time 0.486496 0.106194 10.716
Iteration 302  HV  cores 923 865 2  time 0.487685 0.106194 10.785
Iteration 303  HV  cores 926 868 3  time 0.489293 0.106194 10.855
Iteration 304  HV  cores 927 869 1  time 0.49006 0.106194 10.925
Iteration 305  HV  cores 929 870 2  time 0.491251 0.106194 10.9951
Iteration 306  HV  cores 930 871 1  time 0.492085 0.106194 11.065
Iteration 307  HV  cores 932 873 2  time 0.493393 0.106194 11.1348
Iteration 308  HV  cores 933 874 1  time 0.494177 0.106194 11.2048
Iteration 309  HV  cores 937 878 4  time 0.49616 0.106194 11.2757
Iteration 310  HV  cores 939 880 2  time 0.49747 0.106194 11.347
Iteration 311  HV  cores 941 882 2  time 0.498668 0.106194 11.4176
Iteration 312  HV  cores 943 884 2  time 0.499865 0.106194 11.4888
Iteration 313  HV  cores 945 886 2  time 0.501037 0.106194 11.5598
Iteration 314  HV  cores 946 887 1  time 0.501797 0.106194 11.6309
Iteration 315  HV  cores 948 889 2  time 0.50305 0.106194 11.7018
Iteration 316  HV  cores 951 892 3  time 0.504586 0.106194 11.773
Iteration 317  HV  cores 952 893 1  time 0.505481 0.106194 11.8445
Iteration 318  HV  cores 953 894 1  time 0.506372 0.106194 11.9168
Iteration 319  HV  cores 955 896 2  time 0.507543 0.106194 11.9904
Iteration 320  HV  cores 956 897 1  time 0.508345 0.106194 12.0634
Iteration 321  HV  cores 958 899 2  time 0.509519 0.106194 12.1363
Iteration 322  HV  cores 959 900 1  time 0.510343 0.106194 12.2095
Iteration 323  HV  cores 960 901 1  time 0.511124 0.106194 12.2808
Iteration 324  HV  cores 963 904 3  time 0.512759 0.106194 12.353
Iteration 325  HV  cores 965 906 2  time 0.514063 0.106194 12.4257
Iteration 326  HV  cores 966 907 1  time 0.514862 0.106194 12.5
Iteration 327  HV  cores 968 909 2  time 0.516158 0.106194 12.5741
Iteration 328  HV  cores 969 910 1  time 0.516929 0.106194 12.648
Iteration 329  HV  cores 970 911 1  time 0.517711 0.106194 12.7218
Iteration 330  HV  cores 971 912 1  time 0.51848 0.106194 12.7957
Iteration 331  HV  cores 972 913 1  time 0.519306 0.106194 12.8693
Iteration 332  HV  cores 973 914 1  time 0.5201 0.106194 12.9435
Iteration 333  HV  cores 975 916 2  time 0.521279 0.106194 13.018
Iteration 334  HV  cores 976 917 1  time 0.522067 0.106194 13.0929
Iteration 335  HV  cores 978 919 2  time 0.523216 0.106194 13.1685
Iteration 336  HV  cores 980 921 2  time 0.524353 0.106194 13.2437
Iteration 337  HV  cores 981 922 1  time 0.525114 0.106194 13.319
Iteration 338  HV  cores 982 923 1  time 0.525949 0.106194 13.3948
Iteration 339  HV  cores 983 924 1  time 0.526728 0.106194 13.4704
Iteration 340  HV  cores 984 925 1  time 0.527587 0.106194 13.546
Iteration 341  HV  cores 987 928 3  time 0.529306 0.106194 13.6221
Iteration 342  HV  cores 988 929 1  time 0.530104 0.106194 13.6976
Iteration 343  HV  cores 989 930 1  time 0.530989 0.106194 13.773
Iteration 344  HV  cores 990 931 1  time 0.531769 0.106194 13.8499
Iteration 345  HV  cores 991 932 1  time 0.532544 0.106194 13.9268
Iteration 346  HV  cores 993 934 2  time 0.533841 0.106194 14.0037
Iteration 347  HV  cores 994 935 1  time 0.534626 0.106194 14.0809
Iteration 348  HV  cores 995 936 1  time 0.535464 0.106194 14.1582
Iteration 349  HV  cores 996 937 1  time 0.536281 0.106194 14.2363
Iteration 350  HV  cores 998 939 2  time 0.537596 0.106194 14.3142
Iteration 351  HV  cores 1000 941 2  time 0.53885 0.106194 14.3927
Iteration 352  HV  cores 1002 943 2  time 0.54006 0.106194 14.4709
Iteration 353  HV  cores 1004 945 2  time 0.541219 0.106194 14.5491
Iteration 354  HV  cores 1005 946 1  time 0.541998 0.106194 14.6271
Iteration 355  HV  cores 1006 947 1  time 0.542872 0.106194 14.7051
Iteration 356  HV  cores 1008 949 2  time 0.544061 0.106194 14.7838
Iteration 357  HV  cores 1009 950 1  time 0.544839 0.106194 14.8625
Iteration 358  HV  cores 1010 951 1  time 0.545655 0.106194 14.9418
Iteration 359  HV  cores 1011 952 1  time 0.546472 0.106194 15.0211
Iteration 360  HV  cores 1013 954 2  time 0.547676 0.106194 15.1005
Iteration 361  HV  cores 1015 956 2  time 0.548868 0.106194 15.1805
Iteration 362  HV  cores 1017 958 2  time 0.55008 0.106194 15.2606
Iteration 363  HV  cores 1018 959 1  time 0.55089 0.106194 15.3407
Iteration 364  HV  cores 1020 961 2  time 0.552111 0.106194 15.4213
Iteration 365  HV  cores 1022 963 2  time 0.553304 0.106194 15.5025
Iteration 366  HV  cores 1024 964 2  time 0.554563 0.106194 15.5832
Iteration 367  HV  cores 1026 966 2  time 0.555871 0.106194 15.6637
Iteration 368  HV  cores 1029 967 3  time 0.557479 0.106194 15.7448
Iteration 369  HV  cores 1030 968 1  time 0.558258 0.106194 15.8255
Iteration 370  HV  cores 1032 970 2  time 0.559456 0.106194 15.9078
Iteration 371  HV  cores 1034 972 2  time 0.560693 0.106194 15.9897
Iteration 372  HV  cores 1035 973 1  time 0.561513 0.106194 16.0728
Iteration 373  HV  cores 1036 973 1  time 0.562298 0.106194 16.1562
Iteration 374 MHV  lb 7021 ub 8770  time 0.562682 0.202033 16.1562
Iteration 375  HV  cores 1037 974 1  time 0.563521 0.202033 16.2192
Iteration 376 MHV  lb 7021 ub 7883  time 0.56392 0.306786 16.2192
Iteration 377  HV  cores 1038 975 1  time 0.564976 0.306786 16.282
Iteration 378  HV  cores 1040 977 2  time 0.56622 0.306786 16.3658
Iteration 379  HV  cores 1041 978 1  time 0.567193 0.306786 16.4521
Iteration 380  HV  cores 1043 980 2  time 0.568448 0.306786 16.5343
Iteration 381  HV  cores 1044 981 1  time 0.569272 0.306786 16.6303
Iteration 382  HV  cores 1045 982 1  time 0.57004 0.306786 16.7173
Iteration 383  HV  cores 1047 984 2  time 0.571233 0.306786 16.8194
Iteration 384 MHV  lb 7021 ub 7774  time 0.571635 0.402113 16.8194
Iteration 385  HV  cores 1048 985 1  time 0.572535 0.402113 16.9091
Iteration 386  HV  cores 1050 987 2  time 0.573785 0.402113 16.9922
Iteration 387  HV  cores 1053 990 3  time 0.57539 0.402113 17.0739
Iteration 388 MHV  lb 7021 ub 7735  time 0.575784 0.496808 17.0739
Iteration 389  HV  cores 1055 992 2  time 0.577022 0.496808 17.1379
Iteration 390 MHV  lb 7021 ub 7303  time 0.577472 0.595319 17.1379
Iteration 391 MHV  lb 7021 ub 7021  time 0.577859 0.59585 17.1379
Optimal value: 7021
Real time: 18.4241
CPU time: 20.0662
