lb 5191 ub 126588 before adjustment
1058 unsorted cost functions
lb 0 ub 121397 after adjustment
costs ready
ub 99740 after 2nd adjustment
717 variables 1886 functions 5191 lb, 99740 ub
Iteration 0  HV  cores 17 17 17  time 0.008147 0 0.002518
Iteration 1  HV  cores 28 28 11  time 0.012943 0 0.006689
Iteration 2  HV  cores 36 36 8  time 0.016526 0 0.011869
Iteration 3  HV  cores 45 45 9  time 0.020619 0 0.016345
Iteration 4  HV  cores 52 51 7  time 0.023953 0 0.021762
Iteration 5  HV  cores 59 57 7  time 0.027144 0 0.027727
Iteration 6  HV  cores 64 62 5  time 0.029647 0 0.034065
Iteration 7  HV  cores 67 65 3  time 0.031245 0 0.040685
Iteration 8  HV  cores 69 67 2  time 0.032378 0 0.047688
Iteration 9  HV  cores 71 69 2  time 0.033707 0 0.054767
Iteration 10  HV  cores 73 71 2  time 0.034969 0 0.062638
Iteration 11  HV  cores 76 74 3  time 0.036587 0 0.069976
Iteration 12  HV  cores 77 75 1  time 0.037412 0 0.078049
Iteration 13  HV  cores 81 79 4  time 0.039512 0 0.085309
Iteration 14  HV  cores 83 81 2  time 0.040592 0 0.092168
Iteration 15  HV  cores 87 85 4  time 0.042504 0 0.099953
Iteration 16  HV  cores 90 88 3  time 0.043977 0 0.108236
Iteration 17  HV  cores 94 92 4  time 0.045953 0 0.116977
Iteration 18  HV  cores 98 96 4  time 0.048201 0 0.126652
Iteration 19  HV  cores 101 99 3  time 0.049832 0 0.136359
Iteration 20  HV  cores 107 105 6  time 0.052528 0 0.146602
Iteration 21  HV  cores 109 107 2  time 0.053808 0 0.157271
Iteration 22  HV  cores 111 109 2  time 0.055041 0 0.16724
Iteration 23  HV  cores 113 111 2  time 0.056724 0 0.177816
Iteration 24  HV  cores 117 115 4  time 0.05882 0 0.188805
Iteration 25  HV  cores 119 117 2  time 0.06003 0 0.200103
Iteration 26  HV  cores 121 119 2  time 0.061149 0 0.210818
Iteration 27  HV  cores 122 120 1  time 0.061888 0 0.221657
Iteration 28  HV  cores 124 122 2  time 0.063075 0 0.233345
Iteration 29  HV  cores 126 124 2  time 0.06429 0 0.245282
Iteration 30  HV  cores 130 127 4  time 0.066406 0 0.257296
Iteration 31  HV  cores 133 130 3  time 0.067956 0 0.26946
Iteration 32  HV  cores 135 132 2  time 0.069093 0 0.281744
Iteration 33  HV  cores 138 135 3  time 0.070669 0 0.29418
Iteration 34  HV  cores 140 136 2  time 0.071806 0 0.30685
Iteration 35  HV  cores 143 139 3  time 0.073379 0 0.31891
Iteration 36  HV  cores 146 141 3  time 0.075033 0 0.331367
Iteration 37  HV  cores 150 144 4  time 0.077033 0 0.344096
Iteration 38  HV  cores 154 148 4  time 0.079147 0 0.356995
Iteration 39  HV  cores 157 151 3  time 0.080886 0 0.369339
Iteration 40  HV  cores 161 155 4  time 0.082932 0 0.38287
Iteration 41  HV  cores 163 157 2  time 0.08411 0 0.396691
Iteration 42  HV  cores 165 159 2  time 0.085239 0 0.410533
Iteration 43  HV  cores 168 162 3  time 0.086845 0 0.424594
Iteration 44  HV  cores 170 164 2  time 0.087948 0 0.438714
Iteration 45  HV  cores 171 164 1  time 0.088678 0 0.453016
Iteration 46  HV  cores 172 165 1  time 0.089486 0 0.467534
Iteration 47  HV  cores 174 167 2  time 0.090762 0 0.48201
Iteration 48  HV  cores 175 168 1  time 0.091537 0 0.49681
Iteration 49  HV  cores 176 169 1  time 0.092272 0 0.512215
Iteration 50  HV  cores 177 170 1  time 0.093035 0 0.527508
Iteration 51  HV  cores 178 171 1  time 0.093793 0 0.542872
Iteration 52  HV  cores 179 172 1  time 0.094555 0 0.558503
Iteration 53  HV  cores 180 173 1  time 0.09532 0 0.574114
Iteration 54  HV  cores 181 174 1  time 0.096055 0 0.589726
Iteration 55  HV  cores 182 175 1  time 0.096818 0 0.605361
Iteration 56  HV  cores 183 176 1  time 0.097574 0 0.620947
Iteration 57  HV  cores 184 177 1  time 0.098361 0 0.636817
Iteration 58  HV  cores 185 178 1  time 0.099145 0 0.652777
Iteration 59  HV  cores 186 179 1  time 0.099905 0 0.668549
Iteration 60  HV  cores 187 180 1  time 0.100671 0 0.684502
Iteration 61  HV  cores 188 181 1  time 0.101401 0 0.700542
Iteration 62  HV  cores 189 182 1  time 0.102133 0 0.716617
Iteration 63  HV  cores 190 183 1  time 0.10294 0 0.732903
Iteration 64  HV  cores 191 184 1  time 0.103699 0 0.749188
Iteration 65  HV  cores 192 185 1  time 0.104468 0 0.765636
Iteration 66  HV  cores 194 187 2  time 0.105659 0 0.782262
Iteration 67  HV  cores 195 188 1  time 0.106428 0 0.798985
Iteration 68  HV  cores 196 189 1  time 0.10719 0 0.815622
Iteration 69  HV  cores 198 191 2  time 0.10838 0 0.832685
Iteration 70  HV  cores 201 194 3  time 0.110014 0 0.850119
Iteration 71  HV  cores 202 195 1  time 0.110804 0 0.867775
Iteration 72  HV  cores 203 196 1  time 0.111568 0 0.885407
Iteration 73  HV  cores 205 198 2  time 0.112744 0 0.903082
Iteration 74  HV  cores 206 199 1  time 0.113513 0 0.920983
Iteration 75  HV  cores 207 200 1  time 0.11427 0 0.938819
Iteration 76  HV  cores 208 201 1  time 0.115078 0 0.956857
Iteration 77  HV  cores 209 202 1  time 0.115838 0 0.974999
Iteration 78  HV  cores 210 203 1  time 0.116596 0 0.993332
Iteration 79  HV  cores 211 204 1  time 0.117356 0 1.01198
Iteration 80  HV  cores 212 205 1  time 0.118162 0 1.0306
Iteration 81  HV  cores 213 206 1  time 0.118964 0 1.04944
Iteration 82  HV  cores 214 207 1  time 0.119829 0 1.0681
Iteration 83  HV  cores 215 208 1  time 0.120591 0 1.08685
Iteration 84  HV  cores 216 209 1  time 0.121354 0 1.10611
Iteration 85  HV  cores 217 210 1  time 0.122203 0 1.12538
Iteration 86  HV  cores 218 211 1  time 0.122965 0 1.14475
Iteration 87  HV  cores 219 212 1  time 0.12368 0 1.16431
Iteration 88  HV  cores 220 213 1  time 0.124501 0 1.18412
Iteration 89  HV  cores 221 214 1  time 0.125236 0 1.20397
Iteration 90  HV  cores 222 215 1  time 0.126006 0 1.22385
Iteration 91  HV  cores 223 216 1  time 0.12685 0 1.24392
Iteration 92  HV  cores 224 217 1  time 0.127614 0 1.26428
Iteration 93  HV  cores 225 218 1  time 0.128518 0 1.28466
Iteration 94  HV  cores 226 219 1  time 0.129365 0 1.30517
Iteration 95  HV  cores 227 220 1  time 0.130269 0 1.32569
Iteration 96  HV  cores 228 221 1  time 0.131064 0 1.34643
Iteration 97  HV  cores 229 222 1  time 0.131828 0 1.36742
Iteration 98  HV  cores 230 223 1  time 0.132615 0 1.38847
Iteration 99  HV  cores 231 224 1  time 0.133384 0 1.4098
Iteration 100  HV  cores 232 225 1  time 0.134205 0 1.43126
Iteration 101  HV  cores 233 226 1  time 0.134968 0 1.45297
Iteration 102  HV  cores 234 227 1  time 0.135733 0 1.4747
Iteration 103  HV  cores 235 228 1  time 0.136493 0 1.49642
Iteration 104  HV  cores 236 229 1  time 0.13723 0 1.51785
Iteration 105  HV  cores 237 230 1  time 0.137971 0 1.5393
Iteration 106  HV  cores 238 231 1  time 0.138702 0 1.56067
Iteration 107  HV  cores 240 233 2  time 0.139935 0 1.58258
Iteration 108  HV  cores 242 235 2  time 0.141189 0 1.605
Iteration 109  HV  cores 244 237 2  time 0.142349 0 1.62764
Iteration 110  HV  cores 246 238 2  time 0.143573 0 1.65024
Iteration 111  HV  cores 248 239 2  time 0.144794 0 1.67292
Iteration 112  HV  cores 251 242 3  time 0.146374 0 1.69556
Iteration 113  HV  cores 253 244 2  time 0.14759 0 1.71855
Iteration 114  HV  cores 256 247 3  time 0.149198 0 1.74171
Iteration 115  HV  cores 258 249 2  time 0.150377 0 1.76521
Iteration 116  HV  cores 261 252 3  time 0.152012 0 1.78864
Iteration 117  HV  cores 263 254 2  time 0.15327 0 1.81251
Iteration 118  HV  cores 265 255 2  time 0.154457 0 1.83629
Iteration 119  HV  cores 267 257 2  time 0.155628 0 1.86021
Iteration 120  HV  cores 269 259 2  time 0.156813 0 1.88424
Iteration 121  HV  cores 271 261 2  time 0.158054 0 1.90853
Iteration 122  HV  cores 273 263 2  time 0.159213 0 1.93296
Iteration 123  HV  cores 276 266 3  time 0.160867 0 1.95747
Iteration 124  HV  cores 278 268 2  time 0.16207 0 1.98216
Iteration 125  HV  cores 280 270 2  time 0.1633 0 2.00704
Iteration 126  HV  cores 282 271 2  time 0.164508 0 2.03186
Iteration 127  HV  cores 284 273 2  time 0.165715 0 2.05696
Iteration 128  HV  cores 286 275 2  time 0.166916 0 2.08242
Iteration 129  HV  cores 288 277 2  time 0.168111 0 2.10814
Iteration 130  HV  cores 290 279 2  time 0.169323 0 2.13416
Iteration 131  HV  cores 292 281 2  time 0.17056 0 2.16049
Iteration 132  HV  cores 294 283 2  time 0.171806 0 2.18698
Iteration 133  HV  cores 296 284 2  time 0.173058 0 2.21369
Iteration 134  HV  cores 297 285 1  time 0.17388 0 2.24062
Iteration 135  HV  cores 298 286 1  time 0.174665 0 2.26779
Iteration 136  HV  cores 299 287 1  time 0.175456 0 2.29497
Iteration 137  HV  cores 301 289 2  time 0.176679 0 2.32252
Iteration 138  HV  cores 303 290 2  time 0.177945 0 2.35036
Iteration 139  HV  cores 304 291 1  time 0.178684 0 2.37818
Iteration 140  HV  cores 305 292 1  time 0.179418 0 2.40603
Iteration 141  HV  cores 307 294 2  time 0.180753 0 2.43412
Iteration 142  HV  cores 308 295 1  time 0.18154 0 2.46233
Iteration 143  HV  cores 309 296 1  time 0.182368 0 2.49087
Iteration 144  HV  cores 310 297 1  time 0.183204 0 2.51936
Iteration 145  HV  cores 311 298 1  time 0.183946 0 2.54796
Iteration 146  HV  cores 313 300 2  time 0.185124 0 2.57698
Iteration 147  HV  cores 314 301 1  time 0.185879 0 2.60596
Iteration 148  HV  cores 315 302 1  time 0.186614 0 2.63514
Iteration 149  HV  cores 316 303 1  time 0.187344 0 2.66341
Iteration 150  HV  cores 317 304 1  time 0.188142 0 2.69186
Iteration 151  HV  cores 318 305 1  time 0.188853 0 2.72055
Iteration 152  HV  cores 319 306 1  time 0.189555 0 2.74955
Iteration 153  HV  cores 320 307 1  time 0.19026 0 2.77849
Iteration 154  HV  cores 321 308 1  time 0.190979 0 2.80781
Iteration 155  HV  cores 322 309 1  time 0.191692 0 2.83715
Iteration 156  HV  cores 323 310 1  time 0.192504 0 2.86673
Iteration 157  HV  cores 324 311 1  time 0.193217 0 2.8963
Iteration 158  HV  cores 325 312 1  time 0.193941 0 2.92609
Iteration 159  HV  cores 326 313 1  time 0.194831 0 2.95615
Iteration 160  HV  cores 327 314 1  time 0.195614 0 2.98622
Iteration 161  HV  cores 328 315 1  time 0.196381 0 3.0165
Iteration 162  HV  cores 329 316 1  time 0.19715 0 3.04686
Iteration 163  HV  cores 330 317 1  time 0.197916 0 3.07737
Iteration 164  HV  cores 331 318 1  time 0.198725 0 3.10804
Iteration 165  HV  cores 332 319 1  time 0.199489 0 3.13905
Iteration 166  HV  cores 333 320 1  time 0.200258 0 3.16999
Iteration 167  HV  cores 334 321 1  time 0.201026 0 3.20103
Iteration 168  HV  cores 336 323 2  time 0.202285 0 3.23254
Iteration 169  HV  cores 338 325 2  time 0.203465 0 3.2642
Iteration 170  HV  cores 339 326 1  time 0.204242 0 3.29589
Iteration 171  HV  cores 340 327 1  time 0.20501 0 3.32779
Iteration 172  HV  cores 341 328 1  time 0.205778 0 3.35978
Iteration 173  HV  cores 342 329 1  time 0.206547 0 3.39187
Iteration 174  HV  cores 343 330 1  time 0.207347 0 3.42409
Iteration 175  HV  cores 344 331 1  time 0.208114 0 3.45648
Iteration 176  HV  cores 345 332 1  time 0.208881 0 3.48915
Iteration 177  HV  cores 346 333 1  time 0.209688 0 3.52183
Iteration 178  HV  cores 347 334 1  time 0.210446 0 3.55471
Iteration 179  HV  cores 348 335 1  time 0.211211 0 3.58762
Iteration 180  HV  cores 349 336 1  time 0.211972 0 3.62081
Iteration 181  HV  cores 350 337 1  time 0.212729 0 3.65431
Iteration 182  HV  cores 351 338 1  time 0.213464 0 3.68769
Iteration 183  HV  cores 353 339 2  time 0.214674 0 3.72146
Iteration 184  HV  cores 354 340 1  time 0.21544 0 3.7554
Iteration 185  HV  cores 355 341 1  time 0.216208 0 3.78938
Iteration 186  HV  cores 356 342 1  time 0.217032 0 3.82346
Iteration 187  HV  cores 357 343 1  time 0.2178 0 3.85774
Iteration 188  HV  cores 358 344 1  time 0.218565 0 3.89218
Iteration 189  HV  cores 359 345 1  time 0.219297 0 3.92693
Iteration 190  HV  cores 360 346 1  time 0.220025 0 3.9619
Iteration 191  HV  cores 361 347 1  time 0.220791 0 3.99673
Iteration 192  HV  cores 362 348 1  time 0.221568 0 4.03179
Iteration 193  HV  cores 363 349 1  time 0.222341 0 4.06718
Iteration 194  HV  cores 364 350 1  time 0.223109 0 4.10245
Iteration 195  HV  cores 365 351 1  time 0.223877 0 4.13784
Iteration 196  HV  cores 366 352 1  time 0.224637 0 4.17334
Iteration 197  HV  cores 367 353 1  time 0.225403 0 4.20896
Iteration 198  HV  cores 368 354 1  time 0.226173 0 4.24463
Iteration 199  HV  cores 369 355 1  time 0.22694 0 4.28043
Iteration 200  HV  cores 370 356 1  time 0.2277 0 4.3162
Iteration 201  HV  cores 371 357 1  time 0.228527 0 4.35202
Iteration 202  HV  cores 372 358 1  time 0.229296 0 4.38908
Iteration 203  HV  cores 373 359 1  time 0.230058 0 4.42677
Iteration 204  HV  cores 374 360 1  time 0.230815 0 4.46448
Iteration 205  HV  cores 375 361 1  time 0.231576 0 4.50194
Iteration 206  HV  cores 376 362 1  time 0.232338 0 4.53965
Iteration 207  HV  cores 377 363 1  time 0.233103 0 4.57764
Iteration 208  HV  cores 378 364 1  time 0.233887 0 4.61589
Iteration 209  HV  cores 379 365 1  time 0.234654 0 4.65391
Iteration 210  HV  cores 380 366 1  time 0.235419 0 4.69223
Iteration 211  HV  cores 381 367 1  time 0.236184 0 4.73117
Iteration 212  HV  cores 382 368 1  time 0.236997 0 4.7702
Iteration 213  HV  cores 384 370 2  time 0.23822 0 4.80993
Iteration 214  HV  cores 385 371 1  time 0.238991 0 4.84972
Iteration 215  HV  cores 386 372 1  time 0.239754 0 4.88968
Iteration 216  HV  cores 387 373 1  time 0.24049 0 4.92956
Iteration 217  HV  cores 389 375 2  time 0.241691 0 4.9695
Iteration 218  HV  cores 390 376 1  time 0.242458 0 5.00994
Iteration 219  HV  cores 391 377 1  time 0.243228 0 5.05043
Iteration 220  HV  cores 392 378 1  time 0.243987 0 5.09105
Iteration 221  HV  cores 393 379 1  time 0.244767 0 5.13197
Iteration 222  HV  cores 394 380 1  time 0.245547 0 5.17306
Iteration 223  HV  cores 395 381 1  time 0.246316 0 5.2139
Iteration 224  HV  cores 396 382 1  time 0.247085 0 5.2552
Iteration 225  HV  cores 397 383 1  time 0.247842 0 5.29641
Iteration 226  HV  cores 399 385 2  time 0.248995 0 5.33795
Iteration 227  HV  cores 400 386 1  time 0.249745 0 5.37981
Iteration 228  HV  cores 401 387 1  time 0.25057 0 5.42182
Iteration 229  HV  cores 402 388 1  time 0.251342 0 5.46416
Iteration 230  HV  cores 403 389 1  time 0.252092 0 5.50653
Iteration 231  HV  cores 404 390 1  time 0.252995 0 5.54907
Iteration 232  HV  cores 405 390 1  time 0.253841 0 5.59178
Iteration 233  HV  cores 406 391 1  time 0.254619 0 5.6344
Iteration 234  HV  cores 407 392 1  time 0.2554 0 5.67732
Iteration 235  HV  cores 408 393 1  time 0.25635 0 5.72014
Iteration 236  HV  cores 409 394 1  time 0.257164 0 5.76324
Iteration 237  HV  cores 410 395 1  time 0.257991 0 5.80609
Iteration 238  HV  cores 411 396 1  time 0.258815 0 5.84896
Iteration 239  HV  cores 412 397 1  time 0.259634 0 5.89203
Iteration 240  HV  cores 413 398 1  time 0.260467 0 5.93555
Iteration 241  HV  cores 414 399 1  time 0.261288 0 5.97946
Iteration 242  HV  cores 415 400 1  time 0.262059 0 6.02354
Iteration 243  HV  cores 416 400 1  time 0.262825 0 6.06797
Iteration 244  HV  cores 418 402 2  time 0.264179 0 6.11203
Iteration 245  HV  cores 420 404 2  time 0.265418 0 6.15688
Iteration 246  HV  cores 422 406 2  time 0.26671 0 6.2025
Iteration 247  HV  cores 425 409 3  time 0.268336 0 6.24838
Iteration 248  HV  cores 428 411 3  time 0.269919 0 6.29456
Iteration 249  HV  cores 430 413 2  time 0.271103 0 6.34061
Iteration 250  HV  cores 431 414 1  time 0.271883 0 6.38655
Iteration 251  HV  cores 432 415 1  time 0.272621 0 6.43262
Iteration 252  HV  cores 434 417 2  time 0.27386 0 6.47869
Iteration 253  HV  cores 435 418 1  time 0.274644 0 6.52567
Iteration 254  HV  cores 437 420 2  time 0.275822 0 6.5724
Iteration 255  HV  cores 440 423 3  time 0.277391 0 6.6188
Iteration 256  HV  cores 443 426 3  time 0.278974 0 6.66546
Iteration 257  HV  cores 446 429 3  time 0.280627 0 6.71279
Iteration 258  HV  cores 447 430 1  time 0.281402 0 6.76091
Iteration 259  HV  cores 448 431 1  time 0.282183 0 6.80915
Iteration 260  HV  cores 449 432 1  time 0.282938 0 6.85772
Iteration 261  HV  cores 452 435 3  time 0.284521 0 6.90624
Iteration 262  HV  cores 453 436 1  time 0.285274 0 6.95517
Iteration 263  HV  cores 454 437 1  time 0.286002 0 7.00394
Iteration 264  HV  cores 455 438 1  time 0.286851 0 7.05296
Iteration 265  HV  cores 456 439 1  time 0.287613 0 7.10216
Iteration 266  HV  cores 458 441 2  time 0.2888 0 7.15132
Iteration 267  HV  cores 459 442 1  time 0.28953 0 7.20054
Iteration 268  HV  cores 460 443 1  time 0.290253 0 7.25012
Iteration 269  HV  cores 461 444 1  time 0.290975 0 7.29941
Iteration 270  HV  cores 462 445 1  time 0.291748 0 7.34903
Iteration 271  HV  cores 463 445 1  time 0.29247 0 7.39879
Iteration 272  HV  cores 464 446 1  time 0.293189 0 7.44893
Iteration 273  HV  cores 465 447 1  time 0.293959 0 7.49892
Iteration 274  HV  cores 466 448 1  time 0.294678 0 7.54874
Iteration 275  HV  cores 468 450 2  time 0.295841 0 7.59916
Iteration 276  HV  cores 470 452 2  time 0.29704 0 7.65029
Iteration 277  HV  cores 472 454 2  time 0.298243 0 7.70147
Iteration 278  HV  cores 475 456 3  time 0.299793 0 7.75269
Iteration 279  HV  cores 477 458 2  time 0.301065 0 7.80396
Iteration 280  HV  cores 478 459 1  time 0.301845 0 7.8561
Iteration 281  HV  cores 480 461 2  time 0.303029 0 7.9081
Iteration 282  HV  cores 482 463 2  time 0.304182 0 7.95875
Iteration 283  HV  cores 483 464 1  time 0.304934 0 8.0094
Iteration 284  HV  cores 484 465 1  time 0.305698 0 8.06042
Iteration 285  HV  cores 486 467 2  time 0.306845 0 8.11109
Iteration 286  HV  cores 487 468 1  time 0.30762 0 8.16221
Iteration 287  HV  cores 488 469 1  time 0.308382 0 8.21354
Iteration 288  HV  cores 489 470 1  time 0.309142 0 8.26524
Iteration 289  HV  cores 490 470 1  time 0.3099 0 8.31648
Iteration 290  HV  cores 492 472 2  time 0.311312 0 8.36842
Iteration 291  HV  cores 494 474 2  time 0.312464 0 8.42009
Iteration 292  HV  cores 496 476 2  time 0.313615 0 8.47199
Iteration 293  HV  cores 497 477 1  time 0.314358 0 8.5244
Iteration 294  HV  cores 499 479 2  time 0.315527 0 8.57655
Iteration 295 MHV  lb 7013 ub 7226  time 0.315956 0.120396 8.57655
Iteration 296  HV  cores 503 483 4  time 0.318084 0.120396 8.63402
Iteration 297  HV  cores 506 485 3  time 0.319776 0.120396 8.72768
Iteration 298  HV  cores 508 487 2  time 0.320935 0.120396 8.82938
Iteration 299  HV  cores 509 488 1  time 0.321744 0.120396 8.92325
Iteration 300 MHV  lb 7021 ub 7021  time 0.322111 0.122154 8.92325
Optimal value: 7021
Real time: 9.42624
CPU time: 10.8658
