lb 12118 ub 34348 before adjustment
1149 unsorted cost functions
lb 0 ub 22230 after adjustment
costs ready
233 variables 2199 functions 12118 lb, 22230 ub
Iteration 0  HV  cores 50 50 50  time 0.015441 0 0.001399
Iteration 1  HV  cores 84 83 34  time 0.025465 0 0.003331
Iteration 2  HV  cores 114 112 30  time 0.03404 0 0.009936
Iteration 3  HV  cores 143 141 29  time 0.042147 0 0.01672
Iteration 4  HV  cores 170 166 27  time 0.04971 0 0.029795
Iteration 5  HV  cores 194 188 24  time 0.056942 0 0.037334
Iteration 6  HV  cores 215 208 21  time 0.06339 0 0.04699
Iteration 7  HV  cores 239 227 24  time 0.07011 0 0.056812
Iteration 8  HV  cores 263 249 24  time 0.07675 0 0.070676
Iteration 9  HV  cores 281 267 18  time 0.081941 0 0.082327
Iteration 10  HV  cores 304 288 23  time 0.088937 0 0.098224
Iteration 11  HV  cores 322 305 18  time 0.094102 0 0.10793
Iteration 12  HV  cores 340 320 18  time 0.099549 0 0.11525
Iteration 13  HV  cores 359 339 19  time 0.105307 0 0.123084
Iteration 14  HV  cores 374 352 15  time 0.109527 0 0.130869
Iteration 15  HV  cores 388 363 14  time 0.113543 0 0.138897
Iteration 16  HV  cores 398 372 10  time 0.116536 0 0.147777
Iteration 17  HV  cores 409 381 11  time 0.119924 0 0.156245
Iteration 18  HV  cores 424 396 15  time 0.124314 0 0.165787
Iteration 19  HV  cores 436 408 12  time 0.127766 0 0.175375
Iteration 20  HV  cores 448 420 12  time 0.131315 0 0.185121
Iteration 21  HV  cores 458 429 10  time 0.134221 0 0.195385
Iteration 22  HV  cores 466 437 8  time 0.136736 0 0.205616
Iteration 23  HV  cores 476 447 10  time 0.139899 0 0.215969
Iteration 24  HV  cores 488 459 12  time 0.143333 0 0.22722
Iteration 25  HV  cores 497 468 9  time 0.146232 0 0.237879
Iteration 26  HV  cores 504 475 7  time 0.148916 0 0.248529
Iteration 27  HV  cores 511 482 7  time 0.151175 0 0.259282
Iteration 28  HV  cores 518 489 7  time 0.153388 0 0.27029
Iteration 29  HV  cores 526 495 8  time 0.155691 0 0.281872
Iteration 30  HV  cores 532 501 6  time 0.157667 0 0.293743
Iteration 31  HV  cores 539 508 7  time 0.159833 0 0.304735
Iteration 32  HV  cores 544 512 5  time 0.161505 0 0.315832
Iteration 33  HV  cores 549 517 5  time 0.163099 0 0.326806
Iteration 34  HV  cores 556 522 7  time 0.165149 0 0.338814
Iteration 35  HV  cores 563 527 7  time 0.167447 0 0.350214
Iteration 36  HV  cores 569 530 6  time 0.169331 0 0.361983
Iteration 37  HV  cores 577 538 8  time 0.171683 0 0.373713
Iteration 38  HV  cores 584 545 7  time 0.173733 0 0.38584
Iteration 39  HV  cores 591 549 7  time 0.176092 0 0.398661
Iteration 40  HV  cores 599 557 8  time 0.178485 0 0.410719
Iteration 41  HV  cores 608 565 9  time 0.18004 0 0.422391
Iteration 42  HV  cores 616 573 8  time 0.181522 0 0.433507
Iteration 43  HV  cores 625 580 9  time 0.183163 0 0.445441
Iteration 44  HV  cores 633 587 8  time 0.184718 0 0.458127
Iteration 45  HV  cores 639 593 6  time 0.18582 0 0.470287
Iteration 46  HV  cores 644 598 5  time 0.186779 0 0.482425
Iteration 47  HV  cores 651 604 7  time 0.188241 0 0.494526
Iteration 48  HV  cores 660 611 9  time 0.189886 0 0.507033
Iteration 49  HV  cores 667 618 7  time 0.191202 0 0.519573
Iteration 50  HV  cores 672 623 5  time 0.192047 0 0.53266
Iteration 51  HV  cores 678 629 6  time 0.193011 0 0.545327
Iteration 52  HV  cores 684 635 6  time 0.193967 0 0.557941
Iteration 53  HV  cores 690 640 6  time 0.195069 0 0.570718
Iteration 54  HV  cores 694 644 4  time 0.195803 0 0.583384
Iteration 55  HV  cores 700 650 6  time 0.196868 0 0.596086
Iteration 56  HV  cores 706 655 6  time 0.19784 0 0.60882
Iteration 57  HV  cores 712 661 6  time 0.198918 0 0.621783
Iteration 58  HV  cores 718 666 6  time 0.199987 0 0.634393
Iteration 59  HV  cores 725 673 7  time 0.201185 0 0.647075
Iteration 60  HV  cores 731 679 6  time 0.202235 0 0.65984
Iteration 61  HV  cores 738 686 7  time 0.203525 0 0.673099
Iteration 62  HV  cores 742 690 4  time 0.204298 0 0.686837
Iteration 63  HV  cores 747 692 5  time 0.205215 0 0.70069
Iteration 64  HV  cores 754 699 7  time 0.206594 0 0.714122
Iteration 65  HV  cores 758 703 4  time 0.207252 0 0.726876
Iteration 66  HV  cores 763 708 5  time 0.208169 0 0.740889
Iteration 67  HV  cores 768 713 5  time 0.209074 0 0.754736
Iteration 68  HV  cores 772 717 4  time 0.209802 0 0.768609
Iteration 69  HV  cores 776 721 4  time 0.210578 0 0.782483
Iteration 70  HV  cores 782 727 6  time 0.211817 0 0.795991
Iteration 71  HV  cores 790 735 8  time 0.213209 0 0.809933
Iteration 72  HV  cores 794 739 4  time 0.214129 0 0.823926
Iteration 73  HV  cores 797 742 3  time 0.214913 0 0.837905
Iteration 74  HV  cores 800 745 3  time 0.215773 0 0.851803
Iteration 75  HV  cores 805 750 5  time 0.216931 0 0.865786
Iteration 76  HV  cores 810 753 5  time 0.217869 0 0.879884
Iteration 77  HV  cores 813 756 3  time 0.218507 0 0.894233
Iteration 78  HV  cores 818 761 5  time 0.219685 0 0.908451
Iteration 79  HV  cores 820 763 2  time 0.220243 0 0.922623
Iteration 80  HV  cores 822 765 2  time 0.220753 0 0.937207
Iteration 81  HV  cores 824 767 2  time 0.221194 0 0.951806
Iteration 82  HV  cores 825 768 1  time 0.221474 0 0.966329
Iteration 83  HV  cores 826 769 1  time 0.221842 0 0.980895
Iteration 84  HV  cores 827 770 1  time 0.222131 0 0.99556
Iteration 85 MHV  lb 21215 ub 21256  time 0.22227 0.269605 0.99556
Iteration 86  HV  cores 844 785 17  time 0.225178 0.269605 1.04087
Iteration 87  HV  cores 861 800 17  time 0.228057 0.269605 1.05777
Iteration 88  HV  cores 872 811 11  time 0.229986 0.269605 1.15144
Iteration 89  HV  cores 886 824 14  time 0.23235 0.269605 1.2448
Iteration 90  HV  cores 901 838 15  time 0.23519 0.269605 1.33467
Iteration 91  HV  cores 915 850 14  time 0.237857 0.269605 1.44714
Iteration 92  HV  cores 930 864 15  time 0.240358 0.269605 1.55698
Iteration 93  HV  cores 942 875 12  time 0.242596 0.269605 1.66449
Iteration 94  HV  cores 953 886 11  time 0.244492 0.269605 1.77506
Iteration 95  HV  cores 964 895 11  time 0.246301 0.269605 1.88631
Iteration 96  HV  cores 974 904 10  time 0.248009 0.269605 1.99825
Iteration 97  HV  cores 978 908 4  time 0.248776 0.269605 2.10423
Iteration 98  HV  cores 984 913 6  time 0.249842 0.269605 2.21504
Iteration 99  HV  cores 989 918 5  time 0.25079 0.269605 2.32546
Iteration 100  HV  cores 995 922 6  time 0.251936 0.269605 2.43344
Iteration 101  HV  cores 1001 928 6  time 0.252946 0.269605 2.54013
Iteration 102  HV  cores 1012 938 11  time 0.254918 0.269605 2.65185
Iteration 103  HV  cores 1021 947 9  time 0.25657 0.269605 2.76577
Iteration 104  HV  cores 1024 950 3  time 0.257191 0.269605 2.87245
Iteration 105  HV  cores 1026 952 2  time 0.257618 0.269605 2.97808
Iteration 106  HV  cores 1035 960 9  time 0.259292 0.269605 3.08488
Iteration 107  HV  cores 1045 970 10  time 0.261098 0.269605 3.19774
Iteration 108  HV  cores 1054 978 9  time 0.262737 0.269605 3.30778
Iteration 109  HV  cores 1064 987 10  time 0.264466 0.269605 3.42356
Iteration 110  HV  cores 1073 996 9  time 0.265985 0.269605 3.51915
Iteration 111  HV  cores 1085 1005 12  time 0.268003 0.269605 3.62716
Iteration 112  HV  cores 1091 1011 6  time 0.269152 0.269605 3.73073
Iteration 113  HV  cores 1100 1015 9  time 0.270677 0.269605 3.84312
Iteration 114  HV  cores 1110 1025 10  time 0.27236 0.269605 3.94692
Iteration 115  HV  cores 1115 1030 5  time 0.273332 0.269605 4.05811
Iteration 116  HV  cores 1123 1036 8  time 0.274782 0.269605 4.15909
Iteration 117  HV  cores 1130 1043 7  time 0.276091 0.269605 4.26405
Iteration 118  HV  cores 1132 1045 2  time 0.276607 0.269605 4.37047
Iteration 119  HV  cores 1138 1051 6  time 0.277673 0.269605 4.47075
Iteration 120  HV  cores 1144 1057 6  time 0.278718 0.269605 4.58237
Iteration 121  HV  cores 1151 1063 7  time 0.279988 0.269605 4.69106
Iteration 122  HV  cores 1152 1064 1  time 0.280302 0.269605 4.80226
Iteration 123  HV  cores 1157 1067 5  time 0.281423 0.269605 4.90724
Iteration 124  HV  cores 1163 1073 6  time 0.28245 0.269605 5.01845
Iteration 125  HV  cores 1168 1078 5  time 0.283397 0.269605 5.11884
Iteration 126  HV  cores 1176 1086 8  time 0.284756 0.269605 5.22297
Iteration 127  HV  cores 1184 1094 8  time 0.286208 0.269605 5.3278
Iteration 128 MHV  lb 21238 ub 21254  time 0.286356 2.68205 5.3278
Iteration 129  HV  cores 1191 1101 7  time 0.287479 2.68205 5.34685
Iteration 130  HV  cores 1197 1105 6  time 0.288528 2.68205 5.45006
Iteration 131  HV  cores 1203 1110 6  time 0.289599 2.68205 5.5617
Iteration 132  HV  cores 1212 1119 9  time 0.291779 2.68205 5.66509
Iteration 133  HV  cores 1217 1124 5  time 0.292651 2.68205 5.77304
Iteration 134  HV  cores 1222 1129 5  time 0.293637 2.68205 5.88279
Iteration 135  HV  cores 1228 1133 6  time 0.294783 2.68205 5.98468
Iteration 136  HV  cores 1236 1141 8  time 0.296195 2.68205 6.23531
Iteration 137  HV  cores 1244 1149 8  time 0.297591 2.68205 6.34647
Iteration 138  HV  cores 1252 1157 8  time 0.298952 2.68205 6.45002
Iteration 139  HV  cores 1256 1161 4  time 0.299706 2.68205 6.55394
Iteration 140  HV  cores 1259 1164 3  time 0.300338 2.68205 6.66541
Iteration 141  HV  cores 1263 1168 4  time 0.301201 2.68205 6.7728
Iteration 142  HV  cores 1268 1172 5  time 0.302116 2.68205 7.04389
Iteration 143  HV  cores 1272 1175 4  time 0.302949 2.68205 7.14444
Iteration 144  HV  cores 1275 1178 3  time 0.303584 2.68205 7.24228
Iteration 145  HV  cores 1277 1180 2  time 0.30417 2.68205 7.3482
Iteration 146  HV  cores 1278 1181 1  time 0.304476 2.68205 7.45245
Iteration 147  HV  cores 1279 1182 1  time 0.304731 2.68205 7.55625
Iteration 148  HV  cores 1280 1183 1  time 0.304983 2.68205 7.65463
Iteration 149  HV  cores 1284 1187 4  time 0.305766 2.68205 7.89385
Iteration 150  HV  cores 1292 1194 8  time 0.307169 2.68205 8.00018
Iteration 151  HV  cores 1299 1201 7  time 0.308298 2.68205 8.31907
Iteration 152  HV  cores 1305 1206 6  time 0.309272 2.68205 8.33939
Iteration 153  HV  cores 1309 1210 4  time 0.31005 2.68205 8.44314
Iteration 154  HV  cores 1313 1214 4  time 0.310817 2.68205 8.75601
Iteration 155  HV  cores 1317 1218 4  time 0.311516 2.68205 8.86791
Iteration 156  HV  cores 1322 1222 5  time 0.31245 2.68205 8.9755
Iteration 157  HV  cores 1329 1229 7  time 0.313667 2.68205 9.20148
Iteration 158  HV  cores 1335 1235 6  time 0.314755 2.68205 9.5175
Iteration 159  HV  cores 1340 1239 5  time 0.315682 2.68205 9.62361
Iteration 160  HV  cores 1344 1242 4  time 0.316426 2.68205 9.74053
Iteration 161  HV  cores 1349 1247 5  time 0.317371 2.68205 9.85048
Iteration 162  HV  cores 1355 1252 6  time 0.318596 2.68205 9.96236
Iteration 163  HV  cores 1360 1257 5  time 0.319472 2.68205 10.3341
Iteration 164  HV  cores 1364 1259 4  time 0.320314 2.68205 10.3551
Iteration 165 MHV  lb 21244 ub 21253  time 0.320459 9.68917 10.3551
Iteration 166  HV  cores 1367 1261 3  time 0.32101 9.68917 10.3766
Iteration 167  HV  cores 1370 1263 3  time 0.321578 9.68917 10.4932
Iteration 168  HV  cores 1373 1266 3  time 0.322306 9.68917 10.5956
Iteration 169  HV  cores 1377 1270 4  time 0.3231 9.68917 11.0166
Iteration 170  HV  cores 1379 1272 2  time 0.32362 9.68917 11.0372
Iteration 171  HV  cores 1383 1276 4  time 0.324314 9.68917 11.339
Iteration 172  HV  cores 1386 1279 3  time 0.324886 9.68917 11.4589
Iteration 173  HV  cores 1389 1282 3  time 0.325487 9.68917 11.7775
Iteration 174  HV  cores 1393 1286 4  time 0.326189 9.68917 11.8901
Iteration 175  HV  cores 1396 1289 3  time 0.326759 9.68917 12.2321
Iteration 176  HV  cores 1400 1293 4  time 0.327628 9.68917 12.348
Iteration 177  HV  cores 1404 1297 4  time 0.328326 9.68917 14.319
Iteration 178  HV  cores 1407 1300 3  time 0.328923 9.68917 14.4245
Iteration 179  HV  cores 1410 1303 3  time 0.329557 9.68917 14.536
Iteration 180  HV  cores 1413 1306 3  time 0.330165 9.68917 14.6331
Iteration 181  HV  cores 1416 1309 3  time 0.330837 9.68917 15.2413
Iteration 182  HV  cores 1422 1315 6  time 0.33197 9.68917 17.0707
Iteration 183  HV  cores 1427 1320 5  time 0.332837 9.68917 17.8774
Iteration 184  HV  cores 1432 1325 5  time 0.333787 9.68917 18.1637
Iteration 185  HV  cores 1434 1326 2  time 0.33424 9.68917 18.5309
Iteration 186  HV  cores 1436 1327 2  time 0.334781 9.68917 18.9458
Iteration 187  HV  cores 1441 1330 5  time 0.335743 9.68917 19.6881
Iteration 188  HV  cores 1448 1336 7  time 0.337149 9.68917 21.4391
Iteration 189  HV  cores 1450 1338 2  time 0.337604 9.68917 21.8866
Iteration 190  HV  cores 1452 1340 2  time 0.338025 9.68917 22.2025
Iteration 191  HV  cores 1454 1342 2  time 0.338606 9.68917 22.5282
Iteration 192  HV  cores 1456 1343 2  time 0.339036 9.68917 22.9231
Iteration 193  HV  cores 1459 1344 3  time 0.339609 9.68917 23.5809
Iteration 194  HV  cores 1464 1349 5  time 0.340512 9.68917 24.0456
Iteration 195  HV  cores 1467 1352 3  time 0.341158 9.68917 26.508
Iteration 196  HV  cores 1470 1355 3  time 0.341816 9.68917 31.1831
Iteration 197  HV  cores 1473 1358 3  time 0.342454 9.68917 33.8235
Iteration 198  HV  cores 1476 1361 3  time 0.343197 9.68917 248.727
Iteration 199 MHV  lb 21253 ub 21253  time 0.343339 9.68975 248.727
Optimal value: 21253
Real time: 259.663
CPU time: 1018.77
