lb 7572 ub 20197 before adjustment
292 unsorted cost functions
lb 0 ub 12625 after adjustment
costs ready
123 variables 561 functions 7572 lb, 12625 ub
Iteration 0  HV  cores 21 21 21  time 0.002612 0 0.00125
Iteration 1  HV  cores 33 32 12  time 0.003926 0 0.002566
Iteration 2  HV  cores 48 47 15  time 0.005501 0 0.006466
Iteration 3  HV  cores 60 57 12  time 0.006757 0 0.010454
Iteration 4  HV  cores 69 66 9  time 0.007709 0 0.015314
Iteration 5  HV  cores 76 73 7  time 0.008505 0 0.01989
Iteration 6  HV  cores 81 78 5  time 0.009097 0 0.024632
Iteration 7  HV  cores 88 85 7  time 0.009879 0 0.029697
Iteration 8  HV  cores 95 91 7  time 0.010734 0 0.040458
Iteration 9  HV  cores 103 98 8  time 0.011621 0 0.053187
Iteration 10  HV  cores 109 103 6  time 0.012308 0 0.061504
Iteration 11  HV  cores 115 109 6  time 0.013132 0 0.068637
Iteration 12  HV  cores 121 115 6  time 0.01387 0 0.075966
Iteration 13  HV  cores 125 119 4  time 0.01448 0 0.086819
Iteration 14  HV  cores 128 122 3  time 0.014907 0 0.098324
Iteration 15  HV  cores 131 125 3  time 0.015326 0 0.109879
Iteration 16  HV  cores 134 128 3  time 0.015754 0 0.121257
Iteration 17  HV  cores 136 130 2  time 0.016103 0 0.132883
Iteration 18  HV  cores 138 132 2  time 0.016435 0 0.140492
Iteration 19  HV  cores 139 133 1  time 0.016668 0 0.14827
Iteration 20  HV  cores 140 134 1  time 0.016893 0 0.159937
Iteration 21  HV  cores 141 135 1  time 0.017112 0 0.171609
Iteration 22  HV  cores 142 136 1  time 0.017361 0 0.183305
Iteration 23  HV  cores 143 137 1  time 0.017629 0 0.195004
Iteration 24  HV  cores 144 138 1  time 0.017868 0 0.206725
Iteration 25 MHV  lb 11107 ub 11113  time 0.018024 0.007497 0.206725
Iteration 26  HV  cores 149 143 5  time 0.018696 0.007497 0.219083
Iteration 27  HV  cores 152 146 3  time 0.019094 0.007497 0.230463
Iteration 28  HV  cores 154 148 2  time 0.01944 0.007497 0.25379
Iteration 29  HV  cores 157 151 3  time 0.019886 0.007497 0.27941
Iteration 30  HV  cores 159 153 2  time 0.020189 0.007497 0.307515
Iteration 31  HV  cores 162 156 3  time 0.020585 0.007497 0.33388
Iteration 32  HV  cores 165 159 3  time 0.021065 0.007497 0.357206
Iteration 33  HV  cores 166 160 1  time 0.021291 0.007497 0.387768
Iteration 34  HV  cores 168 162 2  time 0.021641 0.007497 0.437243
Iteration 35 MHV  lb 11113 ub 11113  time 0.02175 0.007873 0.437243
Optimal value: 11113
Real time: 0.472623
CPU time: 1.11524
