lb 1046 ub 84822 before adjustment
797 unsorted cost functions
lb 0 ub 83776 after adjustment
costs ready
567 variables 1399 functions 1046 lb, 83776 ub
Iteration 0  HV  cores 6 6 6  time 0.002238 0 0
Iteration 1  HV  cores 12 12 6  time 0.004038 0 0
Iteration 2  HV  cores 15 15 3  time 0.005118 0 0
Iteration 3  HV  cores 17 17 2  time 0.005819 0 0
Iteration 4  HV  cores 18 18 1  time 0.0063 0 0
Iteration 5  HV  cores 19 19 1  time 0.006804 0 0
Iteration 6  HV  cores 20 20 1  time 0.007266 0 0
Iteration 7  HV  cores 21 21 1  time 0.007696 0 0
Iteration 8  HV  cores 22 22 1  time 0.008126 0 0
Iteration 9  HV  cores 23 23 1  time 0.008591 0 0
Iteration 10  HV  cores 24 24 1  time 0.00907 0 0
Iteration 11 MHV  lb 1782 ub 2696  time 0.009295 0.006742 0
Iteration 12  HV  cores 28 28 4  time 0.010599 0.006742 0
Iteration 13  HV  cores 31 31 3  time 0.011574 0.006742 0
Iteration 14  HV  cores 32 32 1  time 0.012068 0.006742 0
Iteration 15  HV  cores 34 34 2  time 0.012767 0.006742 0
Iteration 16  HV  cores 36 36 2  time 0.013456 0.006742 0
Iteration 17  HV  cores 37 37 1  time 0.013922 0.006742 0
Iteration 18  HV  cores 39 39 2  time 0.014734 0.006742 0
Iteration 19  HV  cores 40 40 1  time 0.015532 0.006742 0
Iteration 20  HV  cores 41 41 1  time 0.016012 0.006742 0
Iteration 21 MHV  lb 1848 ub 2603  time 0.016205 0.01259 0
Iteration 22  HV  cores 44 44 3  time 0.017538 0.01259 0
Iteration 23  HV  cores 46 46 2  time 0.018343 0.01259 0
Iteration 24  HV  cores 48 48 2  time 0.019058 0.01259 0
Iteration 25  HV  cores 49 49 1  time 0.019521 0.01259 0
Iteration 26  HV  cores 50 50 1  time 0.019975 0.01259 0
Iteration 27  HV  cores 51 51 1  time 0.020428 0.01259 0
Iteration 28  HV  cores 52 52 1  time 0.020879 0.01259 0
Iteration 29  HV  cores 53 53 1  time 0.021379 0.01259 0
Iteration 30  HV  cores 54 54 1  time 0.021845 0.01259 0
Iteration 31  HV  cores 55 55 1  time 0.022298 0.01259 0
Iteration 32 MHV  lb 1849 ub 2449  time 0.022491 0.020762 0
Iteration 33  HV  cores 61 61 6  time 0.024423 0.020762 0
Iteration 34  HV  cores 63 63 2  time 0.025182 0.020762 0
Iteration 35  HV  cores 65 65 2  time 0.025912 0.020762 0
Iteration 36  HV  cores 66 66 1  time 0.026401 0.020762 0
Iteration 37  HV  cores 67 67 1  time 0.026863 0.020762 0
Iteration 38  HV  cores 68 68 1  time 0.027312 0.020762 0
Iteration 39 MHV  lb 1886 ub 2282  time 0.027505 0.030793 0
Iteration 40  HV  cores 71 71 3  time 0.028573 0.030793 0
Iteration 41  HV  cores 73 73 2  time 0.029287 0.030793 0
Iteration 42  HV  cores 75 75 2  time 0.030029 0.030793 0
Iteration 43  HV  cores 76 76 1  time 0.030505 0.030793 0
Iteration 44  HV  cores 77 77 1  time 0.030948 0.030793 0
Iteration 45  HV  cores 78 78 1  time 0.031407 0.030793 0
Iteration 46  HV  cores 79 79 1  time 0.031882 0.030793 0
Iteration 47  HV  cores 80 80 1  time 0.032354 0.030793 0
Iteration 48  HV  cores 81 81 1  time 0.032802 0.030793 0
Iteration 49  HV  cores 82 82 1  time 0.033252 0.030793 0
Iteration 50  HV  cores 83 83 1  time 0.033691 0.030793 0
Iteration 51  HV  cores 84 84 1  time 0.034195 0.030793 0
Iteration 52 MHV  lb 1896 ub 2282  time 0.034388 0.042464 0
Iteration 53  HV  cores 86 86 2  time 0.035222 0.042464 0
Iteration 54  HV  cores 87 87 1  time 0.035673 0.042464 0
Iteration 55  HV  cores 88 88 1  time 0.036123 0.042464 0
Iteration 56  HV  cores 89 89 1  time 0.036664 0.042464 0
Iteration 57  HV  cores 90 89 1  time 0.037125 0.042464 0
Iteration 58  HV  cores 91 90 1  time 0.037582 0.042464 0
Iteration 59  HV  cores 92 91 1  time 0.038092 0.042464 0
Iteration 60  HV  cores 93 92 1  time 0.038558 0.042464 0
Iteration 61  HV  cores 94 93 1  time 0.03902 0.042464 0
Iteration 62  HV  cores 95 94 1  time 0.039473 0.042464 0
Iteration 63  HV  cores 96 95 1  time 0.039953 0.042464 0
Iteration 64  HV  cores 97 96 1  time 0.040459 0.042464 0
Iteration 65  HV  cores 98 97 1  time 0.04091 0.042464 0
Iteration 66  HV  cores 99 98 1  time 0.041433 0.042464 0
Iteration 67  HV  cores 100 99 1  time 0.041979 0.042464 0
Iteration 68  HV  cores 101 100 1  time 0.042433 0.042464 0
Iteration 69  HV  cores 102 101 1  time 0.042877 0.042464 0
Iteration 70 MHV  lb 1896 ub 2282  time 0.043065 0.055838 0
Iteration 71  HV  cores 105 104 3  time 0.04426 0.055838 0
Iteration 72  HV  cores 107 104 2  time 0.045027 0.055838 0
Iteration 73  HV  cores 109 106 2  time 0.045718 0.055838 0
Iteration 74  HV  cores 111 108 2  time 0.046444 0.055838 0
Iteration 75 MHV  lb 1905 ub 2282  time 0.046639 0.070146 0
Iteration 76  HV  cores 112 109 1  time 0.047147 0.070146 0
Iteration 77  HV  cores 114 110 2  time 0.047863 0.070146 0
Iteration 78  HV  cores 115 110 1  time 0.048351 0.070146 0
Iteration 79  HV  cores 116 111 1  time 0.048938 0.070146 0
Iteration 80  HV  cores 117 112 1  time 0.049423 0.070146 0
Iteration 81 MHV  lb 1915 ub 2188  time 0.049615 0.087206 0
Iteration 82  HV  cores 118 113 1  time 0.050119 0.087206 0
Iteration 83  HV  cores 119 114 1  time 0.050624 0.087206 0
Iteration 84  HV  cores 120 115 1  time 0.051158 0.087206 0
Iteration 85  HV  cores 121 116 1  time 0.051613 0.087206 0
Iteration 86  HV  cores 122 117 1  time 0.052156 0.087206 0
Iteration 87  HV  cores 123 118 1  time 0.052609 0.087206 0
Iteration 88  HV  cores 124 119 1  time 0.053066 0.087206 0
Iteration 89  HV  cores 125 120 1  time 0.053521 0.087206 0
Iteration 90 MHV  lb 1929 ub 2188  time 0.053713 0.105407 0
Iteration 91  HV  cores 127 122 2  time 0.054719 0.105407 0
Iteration 92  HV  cores 131 126 4  time 0.055965 0.105407 0
Iteration 93  HV  cores 133 128 2  time 0.056798 0.105407 0
Iteration 94  HV  cores 134 129 1  time 0.05731 0.105407 0
Iteration 95 MHV  lb 1939 ub 2163  time 0.057503 0.124537 0
Iteration 96  HV  cores 135 129 1  time 0.058034 0.124537 0
Iteration 97  HV  cores 137 131 2  time 0.058854 0.124537 0
Iteration 98  HV  cores 138 132 1  time 0.059337 0.124537 0
Iteration 99  HV  cores 139 133 1  time 0.059807 0.124537 0
Iteration 100 MHV  lb 1939 ub 2111  time 0.060002 0.172406 0
Iteration 101  HV  cores 142 136 3  time 0.061183 0.172406 0
Iteration 102  HV  cores 144 138 2  time 0.061944 0.172406 0
Iteration 103  HV  cores 145 139 1  time 0.062414 0.172406 0
Iteration 104  HV  cores 146 140 1  time 0.062943 0.172406 0
Iteration 105  HV  cores 147 141 1  time 0.063403 0.172406 0
Iteration 106  HV  cores 148 142 1  time 0.063856 0.172406 0
Iteration 107  HV  cores 149 143 1  time 0.064307 0.172406 0
Iteration 108  HV  cores 150 144 1  time 0.06476 0.172406 0
Iteration 109 MHV  lb 1940 ub 2111  time 0.064952 0.192566 0
Iteration 110  HV  cores 152 146 2  time 0.06574 0.192566 0
Iteration 111  HV  cores 154 148 2  time 0.066541 0.192566 0
Iteration 112  HV  cores 155 149 1  time 0.067007 0.192566 0
Iteration 113  HV  cores 156 150 1  time 0.067456 0.192566 0
Iteration 114  HV  cores 157 151 1  time 0.067903 0.192566 0
Iteration 115  HV  cores 158 152 1  time 0.068348 0.192566 0
Iteration 116  HV  cores 159 153 1  time 0.06894 0.192566 0
Iteration 117 MHV  lb 1940 ub 2111  time 0.069129 0.21577 0
Iteration 118  HV  cores 162 156 3  time 0.070218 0.21577 0
Iteration 119  HV  cores 163 157 1  time 0.07067 0.21577 0
Iteration 120  HV  cores 164 158 1  time 0.071113 0.21577 0
Iteration 121  HV  cores 165 159 1  time 0.071558 0.21577 0
Iteration 122 MHV  lb 1940 ub 2111  time 0.071747 0.240991 0
Iteration 123  HV  cores 167 161 2  time 0.072618 0.240991 0
Iteration 124  HV  cores 169 163 2  time 0.073459 0.240991 0
Iteration 125  HV  cores 171 165 2  time 0.074229 0.240991 0
Iteration 126  HV  cores 173 167 2  time 0.075033 0.240991 0
Iteration 127  HV  cores 174 168 1  time 0.075553 0.240991 0
Iteration 128  HV  cores 175 169 1  time 0.075994 0.240991 0
Iteration 129  HV  cores 176 170 1  time 0.076442 0.240991 0
Iteration 130 MHV  lb 1940 ub 2111  time 0.07663 0.266112 0
Iteration 131  HV  cores 177 171 1  time 0.077144 0.266112 0
Iteration 132  HV  cores 178 172 1  time 0.077613 0.266112 0
Iteration 133  HV  cores 180 174 2  time 0.078422 0.266112 0
Iteration 134  HV  cores 182 175 2  time 0.079149 0.266112 0
Iteration 135  HV  cores 184 177 2  time 0.079872 0.266112 0
Iteration 136  HV  cores 185 178 1  time 0.080319 0.266112 0
Iteration 137  HV  cores 186 179 1  time 0.08079 0.266112 0
Iteration 138  HV  cores 187 180 1  time 0.081282 0.266112 0
Iteration 139  HV  cores 188 181 1  time 0.081723 0.266112 0
Iteration 140  HV  cores 189 182 1  time 0.082177 0.266112 0
Iteration 141 MHV  lb 1949 ub 2111  time 0.082367 0.310837 0
Iteration 142  HV  cores 190 182 1  time 0.082918 0.310837 0
Iteration 143  HV  cores 191 183 1  time 0.083399 0.310837 0
Iteration 144  HV  cores 192 184 1  time 0.083864 0.310837 0
Iteration 145  HV  cores 193 185 1  time 0.084365 0.310837 0
Iteration 146 MHV  lb 1949 ub 2111  time 0.084552 0.339889 0
Iteration 147  HV  cores 194 186 1  time 0.085043 0.339889 0
Iteration 148  HV  cores 195 187 1  time 0.085509 0.339889 0
Iteration 149  HV  cores 196 188 1  time 0.085959 0.339889 0
Iteration 150 MHV  lb 1958 ub 2039  time 0.086146 0.369618 0
Iteration 151  HV  cores 197 189 1  time 0.086744 0.369618 0
Iteration 152  HV  cores 198 190 1  time 0.087195 0.369618 0
Iteration 153  HV  cores 199 191 1  time 0.087655 0.369618 0
Iteration 154  HV  cores 200 192 1  time 0.08811 0.369618 0
Iteration 155  HV  cores 201 193 1  time 0.08856 0.369618 0
Iteration 156  HV  cores 202 194 1  time 0.089063 0.369618 0
Iteration 157 MHV  lb 1958 ub 2039  time 0.089253 0.400196 0
Iteration 158  HV  cores 203 195 1  time 0.089871 0.400196 0
Iteration 159  HV  cores 204 196 1  time 0.090389 0.400196 0
Iteration 160  HV  cores 205 197 1  time 0.090833 0.400196 0
Iteration 161 MHV  lb 1958 ub 2039  time 0.091024 0.430799 0
Iteration 162  HV  cores 206 198 1  time 0.091598 0.430799 0
Iteration 163  HV  cores 207 199 1  time 0.092069 0.430799 0
Iteration 164  HV  cores 208 200 1  time 0.092539 0.430799 0
Iteration 165 MHV  lb 1958 ub 2039  time 0.092726 0.464622 0
Iteration 166  HV  cores 209 201 1  time 0.093239 0.464622 0
Iteration 167  HV  cores 210 202 1  time 0.09375 0.464622 0
Iteration 168  HV  cores 211 203 1  time 0.094203 0.464622 0
Iteration 169  HV  cores 212 204 1  time 0.094656 0.464622 0
Iteration 170  HV  cores 213 205 1  time 0.095106 0.464622 0
Iteration 171 MHV  lb 1958 ub 2039  time 0.095298 0.494998 0
Iteration 172  HV  cores 215 207 2  time 0.096145 0.494998 0
Iteration 173  HV  cores 216 208 1  time 0.096625 0.494998 0
Iteration 174  HV  cores 217 209 1  time 0.097088 0.494998 0
Iteration 175  HV  cores 218 210 1  time 0.097618 0.494998 0
Iteration 176  HV  cores 219 211 1  time 0.098155 0.494998 0
Iteration 177  HV  cores 220 212 1  time 0.098723 0.494998 0
Iteration 178  HV  cores 221 213 1  time 0.099233 0.494998 0
Iteration 179 MHV  lb 1958 ub 2039  time 0.099421 0.525232 0
Iteration 180  HV  cores 223 215 2  time 0.100325 0.525232 0
Iteration 181  HV  cores 224 216 1  time 0.100781 0.525232 0
Iteration 182  HV  cores 225 217 1  time 0.101237 0.525232 0
Iteration 183  HV  cores 226 217 1  time 0.101689 0.525232 0
Iteration 184  HV  cores 227 218 1  time 0.102139 0.525232 0
Iteration 185  HV  cores 228 219 1  time 0.10259 0.525232 0
Iteration 186  HV  cores 229 219 1  time 0.103039 0.525232 0
Iteration 187  HV  cores 230 220 1  time 0.103486 0.525232 0
Iteration 188 MHV  lb 1959 ub 2039  time 0.103677 0.557527 0
Iteration 189  HV  cores 232 222 2  time 0.104437 0.557527 0
Iteration 190  HV  cores 233 223 1  time 0.104899 0.557527 0
Iteration 191  HV  cores 234 224 1  time 0.105347 0.557527 0
Iteration 192  HV  cores 235 225 1  time 0.105793 0.557527 0
Iteration 193 MHV  lb 1959 ub 2039  time 0.105982 0.596829 0
Iteration 194  HV  cores 237 227 2  time 0.10676 0.596829 0
Iteration 195  HV  cores 238 228 1  time 0.107217 0.596829 0
Iteration 196  HV  cores 239 229 1  time 0.107709 0.596829 0
Iteration 197  HV  cores 240 230 1  time 0.108184 0.596829 0
Iteration 198  HV  cores 241 230 1  time 0.108662 0.596829 0
Iteration 199  HV  cores 242 231 1  time 0.109201 0.596829 0
Iteration 200 MHV  lb 1959 ub 2039  time 0.109392 0.641585 0
Iteration 201  HV  cores 244 233 2  time 0.11025 0.641585 0
Iteration 202  HV  cores 245 234 1  time 0.110759 0.641585 0
Iteration 203  HV  cores 246 235 1  time 0.111208 0.641585 0
Iteration 204 MHV  lb 1967 ub 2039  time 0.111399 0.685972 0
Iteration 205  HV  cores 247 236 1  time 0.111969 0.685972 0
Iteration 206  HV  cores 248 237 1  time 0.112436 0.685972 0
Iteration 207  HV  cores 249 238 1  time 0.112898 0.685972 0
Iteration 208 MHV  lb 1967 ub 2039  time 0.11309 0.723358 0
Iteration 209  HV  cores 251 240 2  time 0.114019 0.723358 0
Iteration 210  HV  cores 252 241 1  time 0.114484 0.723358 0
Iteration 211 MHV  lb 1967 ub 2039  time 0.114677 0.766751 0
Iteration 212  HV  cores 254 243 2  time 0.115475 0.766751 0
Iteration 213  HV  cores 255 244 1  time 0.115941 0.766751 0
Iteration 214 MHV  lb 1968 ub 2039  time 0.116134 0.801415 0
Iteration 215  HV  cores 257 246 2  time 0.116951 0.801415 0
Iteration 216  HV  cores 258 247 1  time 0.117407 0.801415 0
Iteration 217  HV  cores 259 248 1  time 0.117908 0.801415 0
Iteration 218  HV  cores 260 249 1  time 0.118357 0.801415 0
Iteration 219  HV  cores 261 250 1  time 0.118805 0.801415 0
Iteration 220  HV  cores 262 251 1  time 0.119251 0.801415 0
Iteration 221 MHV  lb 1969 ub 2039  time 0.119443 0.842173 0
Iteration 222  HV  cores 264 253 2  time 0.120249 0.842173 0
Iteration 223  HV  cores 265 254 1  time 0.120846 0.842173 0
Iteration 224  HV  cores 266 255 1  time 0.12146 0.842173 0
Iteration 225  HV  cores 267 256 1  time 0.12192 0.842173 0
Iteration 226  HV  cores 268 257 1  time 0.122555 0.842173 0
Iteration 227  HV  cores 269 257 1  time 0.123109 0.842173 0
Iteration 228  HV  cores 270 258 1  time 0.123569 0.842173 0
Iteration 229  HV  cores 271 259 1  time 0.12405 0.842173 0
Iteration 230  HV  cores 272 260 1  time 0.124558 0.842173 0
Iteration 231 MHV  lb 1969 ub 2039  time 0.124749 0.939617 0
Iteration 232  HV  cores 274 262 2  time 0.125543 0.939617 0
Iteration 233  HV  cores 275 263 1  time 0.126035 0.939617 0
Iteration 234  HV  cores 276 264 1  time 0.12649 0.939617 0
Iteration 235 MHV  lb 1976 ub 2039  time 0.126737 1.03878 0
Iteration 236  HV  cores 277 265 1  time 0.127268 1.03878 0
Iteration 237  HV  cores 278 266 1  time 0.127779 1.03878 0
Iteration 238 MHV  lb 1976 ub 2039  time 0.127972 1.14483 0
Iteration 239  HV  cores 279 267 1  time 0.128495 1.14483 0
Iteration 240  HV  cores 280 268 1  time 0.128947 1.14483 0
Iteration 241  HV  cores 281 269 1  time 0.12945 1.14483 0
Iteration 242  HV  cores 282 270 1  time 0.129904 1.14483 0
Iteration 243  HV  cores 283 271 1  time 0.130355 1.14483 0
Iteration 244  HV  cores 284 271 1  time 0.130803 1.14483 0
Iteration 245  HV  cores 285 272 1  time 0.131247 1.14483 0
Iteration 246 MHV  lb 2001 ub 2039  time 0.131436 1.23858 0
Iteration 247  HV  cores 286 273 1  time 0.13197 1.23858 0
Iteration 248  HV  cores 287 274 1  time 0.132429 1.23858 0
Iteration 249 MHV  lb 2001 ub 2039  time 0.132621 1.34139 0
Iteration 250  HV  cores 289 276 2  time 0.133471 1.34139 0
Iteration 251  HV  cores 290 277 1  time 0.134013 1.34139 0
Iteration 252  HV  cores 291 278 1  time 0.134484 1.34139 0
Iteration 253 MHV  lb 2020 ub 2039  time 0.134679 1.44523 0
Iteration 254  HV  cores 292 279 1  time 0.135283 1.44523 0
Iteration 255  HV  cores 293 280 1  time 0.135724 1.44523 0
Iteration 256 MHV  lb 2021 ub 2039  time 0.135967 1.55317 0
Iteration 257  HV  cores 294 281 1  time 0.136491 1.55317 0
Iteration 258 MHV  lb 2021 ub 2030  time 0.136681 1.6568 0
Iteration 259  HV  cores 295 282 1  time 0.1372 1.6568 0
Iteration 260 MHV  lb 2021 ub 2030  time 0.137391 1.77322 0
Iteration 261  HV  cores 297 284 2  time 0.138189 1.77322 0
Iteration 262  HV  cores 299 286 2  time 0.138921 1.77322 0
Iteration 263  HV  cores 300 287 1  time 0.139454 1.77322 0
Iteration 264  HV  cores 301 288 1  time 0.139934 1.77322 0
Iteration 265 MHV  lb 2021 ub 2030  time 0.140124 1.89166 0
Iteration 266  HV  cores 302 289 1  time 0.140679 1.89166 0
Iteration 267  HV  cores 303 290 1  time 0.141126 1.89166 0
Iteration 268  HV  cores 304 291 1  time 0.141589 1.89166 0
Iteration 269  HV  cores 305 292 1  time 0.142047 1.89166 0
Iteration 270 MHV  lb 2021 ub 2030  time 0.142237 1.99865 0
Iteration 271  HV  cores 306 293 1  time 0.142751 1.99865 0
Iteration 272 MHV  lb 2026 ub 2030  time 0.142942 2.12046 0
Iteration 273  HV  cores 308 295 2  time 0.143863 2.12046 0
Iteration 274  HV  cores 309 296 1  time 0.144384 2.12046 0
Iteration 275  HV  cores 310 297 1  time 0.144927 2.12046 0
Iteration 276  HV  cores 311 298 1  time 0.145371 2.12046 0
Iteration 277  HV  cores 312 299 1  time 0.145876 2.12046 0
Iteration 278  HV  cores 313 300 1  time 0.146415 2.12046 0
Iteration 279  HV  cores 314 300 1  time 0.146963 2.12046 0
Iteration 280 MHV  lb 2030 ub 2030  time 0.147157 2.24597 0
Optimal value: 2030
Real time: 2.43165
CPU time: 6.16774
