lb 5457 ub 138006 before adjustment
1072 unsorted cost functions
lb 0 ub 132549 after adjustment
costs ready
ub 101537 after 2nd adjustment
727 variables 1912 functions 5457 lb, 101537 ub
Iteration 0  HV  cores 18 18 18  time 0.009304 0 0.001384
Iteration 1 MHV  lb 6413 ub 106993  time 0.009703 0.002334 0.001384
Iteration 2  HV  cores 29 29 11  time 0.014341 0.002334 0.002936
Iteration 3  HV  cores 40 39 11  time 0.01907 0.002334 0.004335
Iteration 4  HV  cores 49 48 9  time 0.023126 0.002334 0.005811
Iteration 5  HV  cores 55 54 6  time 0.025917 0.002334 0.007356
Iteration 6  HV  cores 60 59 5  time 0.028095 0.002334 0.00898
Iteration 7  HV  cores 63 62 3  time 0.029539 0.002334 0.01061
Iteration 8  HV  cores 67 66 4  time 0.031398 0.002334 0.012254
Iteration 9  HV  cores 69 68 2  time 0.032423 0.002334 0.013856
Iteration 10  HV  cores 73 72 4  time 0.034433 0.002334 0.015445
Iteration 11  HV  cores 75 74 2  time 0.035449 0.002334 0.017056
Iteration 12  HV  cores 78 77 3  time 0.037096 0.002334 0.018796
Iteration 13  HV  cores 84 83 6  time 0.039742 0.002334 0.020543
Iteration 14  HV  cores 87 86 3  time 0.041179 0.002334 0.022333
Iteration 15  HV  cores 89 88 2  time 0.042282 0.002334 0.024058
Iteration 16  HV  cores 91 90 2  time 0.043385 0.002334 0.02569
Iteration 17  HV  cores 92 90 1  time 0.044033 0.002334 0.027482
Iteration 18  HV  cores 95 93 3  time 0.045467 0.002334 0.029311
Iteration 19  HV  cores 97 95 2  time 0.046594 0.002334 0.031079
Iteration 20  HV  cores 100 98 3  time 0.048134 0.002334 0.032872
Iteration 21  HV  cores 102 100 2  time 0.049234 0.002334 0.034692
Iteration 22  HV  cores 104 102 2  time 0.050297 0.002334 0.036605
Iteration 23  HV  cores 105 103 1  time 0.050962 0.002334 0.038458
Iteration 24  HV  cores 106 104 1  time 0.051661 0.002334 0.040337
Iteration 25  HV  cores 107 105 1  time 0.052363 0.002334 0.04228
Iteration 26  HV  cores 108 106 1  time 0.053025 0.002334 0.04407
Iteration 27  HV  cores 110 108 2  time 0.0544 0.002334 0.045955
Iteration 28  HV  cores 111 109 1  time 0.055179 0.002334 0.047857
Iteration 29  HV  cores 114 112 3  time 0.056823 0.002334 0.049885
Iteration 30  HV  cores 116 114 2  time 0.057963 0.002334 0.051897
Iteration 31  HV  cores 117 115 1  time 0.058685 0.002334 0.053886
Iteration 32  HV  cores 119 117 2  time 0.060195 0.002334 0.055905
Iteration 33  HV  cores 121 119 2  time 0.061328 0.002334 0.05798
Iteration 34  HV  cores 122 120 1  time 0.062003 0.002334 0.059996
Iteration 35  HV  cores 125 122 3  time 0.063468 0.002334 0.062084
Iteration 36  HV  cores 127 124 2  time 0.064673 0.002334 0.064154
Iteration 37  HV  cores 128 125 1  time 0.065508 0.002334 0.066227
Iteration 38  HV  cores 129 125 1  time 0.066288 0.002334 0.068276
Iteration 39  HV  cores 131 127 2  time 0.067431 0.002334 0.070463
Iteration 40  HV  cores 133 129 2  time 0.068614 0.002334 0.07264
Iteration 41  HV  cores 135 131 2  time 0.069788 0.002334 0.074768
Iteration 42  HV  cores 136 132 1  time 0.070626 0.002334 0.076909
Iteration 43  HV  cores 137 133 1  time 0.071427 0.002334 0.078956
Iteration 44  HV  cores 138 134 1  time 0.072122 0.002334 0.08118
Iteration 45  HV  cores 140 136 2  time 0.073286 0.002334 0.083361
Iteration 46  HV  cores 141 137 1  time 0.074002 0.002334 0.085475
Iteration 47  HV  cores 143 139 2  time 0.075177 0.002334 0.087681
Iteration 48  HV  cores 144 140 1  time 0.075985 0.002334 0.089903
Iteration 49  HV  cores 146 142 2  time 0.077119 0.002334 0.092163
Iteration 50  HV  cores 147 143 1  time 0.077803 0.002334 0.094323
Iteration 51  HV  cores 148 144 1  time 0.078517 0.002334 0.096496
Iteration 52  HV  cores 149 144 1  time 0.079238 0.002334 0.098585
Iteration 53  HV  cores 151 146 2  time 0.080344 0.002334 0.100815
Iteration 54  HV  cores 153 148 2  time 0.081554 0.002334 0.103078
Iteration 55  HV  cores 155 150 2  time 0.082641 0.002334 0.105263
Iteration 56  HV  cores 158 153 3  time 0.084151 0.002334 0.107431
Iteration 57  HV  cores 159 154 1  time 0.084992 0.002334 0.109695
Iteration 58  HV  cores 160 155 1  time 0.085751 0.002334 0.111992
Iteration 59  HV  cores 161 156 1  time 0.086509 0.002334 0.114309
Iteration 60  HV  cores 162 157 1  time 0.087213 0.002334 0.11663
Iteration 61  HV  cores 163 158 1  time 0.087969 0.002334 0.118906
Iteration 62  HV  cores 164 159 1  time 0.088758 0.002334 0.121191
Iteration 63  HV  cores 165 160 1  time 0.089498 0.002334 0.123552
Iteration 64  HV  cores 166 161 1  time 0.090213 0.002334 0.125898
Iteration 65  HV  cores 167 162 1  time 0.090884 0.002334 0.128178
Iteration 66  HV  cores 168 163 1  time 0.091604 0.002334 0.130473
Iteration 67  HV  cores 169 164 1  time 0.092277 0.002334 0.132706
Iteration 68  HV  cores 170 165 1  time 0.092975 0.002334 0.13506
Iteration 69  HV  cores 171 166 1  time 0.093734 0.002334 0.137354
Iteration 70  HV  cores 172 167 1  time 0.094485 0.002334 0.139644
Iteration 71  HV  cores 173 168 1  time 0.095185 0.002334 0.141998
Iteration 72  HV  cores 174 169 1  time 0.095873 0.002334 0.144337
Iteration 73  HV  cores 175 170 1  time 0.096561 0.002334 0.146659
Iteration 74  HV  cores 176 171 1  time 0.097245 0.002334 0.148955
Iteration 75  HV  cores 177 172 1  time 0.097999 0.002334 0.151276
Iteration 76  HV  cores 179 174 2  time 0.099094 0.002334 0.153553
Iteration 77  HV  cores 181 176 2  time 0.10017 0.002334 0.155798
Iteration 78  HV  cores 182 177 1  time 0.101026 0.002334 0.158197
Iteration 79  HV  cores 183 178 1  time 0.101724 0.002334 0.160527
Iteration 80  HV  cores 184 179 1  time 0.102457 0.002334 0.162874
Iteration 81  HV  cores 185 180 1  time 0.103128 0.002334 0.165132
Iteration 82  HV  cores 187 182 2  time 0.104226 0.002334 0.167536
Iteration 83  HV  cores 188 183 1  time 0.104894 0.002334 0.169961
Iteration 84  HV  cores 189 184 1  time 0.105563 0.002334 0.172327
Iteration 85  HV  cores 190 185 1  time 0.106282 0.002334 0.17473
Iteration 86  HV  cores 191 186 1  time 0.107126 0.002334 0.177179
Iteration 87  HV  cores 192 187 1  time 0.107839 0.002334 0.179687
Iteration 88  HV  cores 193 188 1  time 0.108566 0.002334 0.182164
Iteration 89  HV  cores 194 189 1  time 0.109275 0.002334 0.184599
Iteration 90  HV  cores 195 190 1  time 0.110028 0.002334 0.186961
Iteration 91  HV  cores 196 191 1  time 0.110737 0.002334 0.189438
Iteration 92  HV  cores 197 192 1  time 0.11148 0.002334 0.191936
Iteration 93  HV  cores 198 193 1  time 0.112193 0.002334 0.194478
Iteration 94  HV  cores 199 194 1  time 0.11293 0.002334 0.196956
Iteration 95  HV  cores 200 195 1  time 0.113643 0.002334 0.19943
Iteration 96  HV  cores 201 196 1  time 0.114402 0.002334 0.201893
Iteration 97  HV  cores 202 196 1  time 0.115111 0.002334 0.2043
Iteration 98  HV  cores 203 197 1  time 0.115781 0.002334 0.206855
Iteration 99  HV  cores 204 198 1  time 0.116493 0.002334 0.209415
Iteration 100  HV  cores 205 199 1  time 0.117168 0.002334 0.211921
Iteration 101  HV  cores 206 199 1  time 0.117939 0.002334 0.214439
Iteration 102  HV  cores 207 200 1  time 0.118647 0.002334 0.217016
Iteration 103  HV  cores 208 201 1  time 0.119362 0.002334 0.219566
Iteration 104  HV  cores 209 202 1  time 0.120072 0.002334 0.22218
Iteration 105  HV  cores 210 203 1  time 0.120781 0.002334 0.224787
Iteration 106  HV  cores 211 204 1  time 0.121498 0.002334 0.227336
Iteration 107  HV  cores 212 205 1  time 0.122239 0.002334 0.229891
Iteration 108  HV  cores 213 205 1  time 0.122953 0.002334 0.232493
Iteration 109  HV  cores 214 206 1  time 0.123624 0.002334 0.235125
Iteration 110  HV  cores 215 207 1  time 0.124335 0.002334 0.237769
Iteration 111  HV  cores 216 208 1  time 0.125078 0.002334 0.240436
Iteration 112  HV  cores 217 209 1  time 0.125746 0.002334 0.243036
Iteration 113  HV  cores 218 210 1  time 0.126458 0.002334 0.245641
Iteration 114  HV  cores 219 211 1  time 0.127185 0.002334 0.248232
Iteration 115  HV  cores 220 211 1  time 0.127893 0.002334 0.250864
Iteration 116  HV  cores 221 212 1  time 0.128707 0.002334 0.253604
Iteration 117  HV  cores 222 213 1  time 0.129445 0.002334 0.256346
Iteration 118  HV  cores 223 214 1  time 0.130156 0.002334 0.259096
Iteration 119  HV  cores 224 215 1  time 0.130903 0.002334 0.26182
Iteration 120  HV  cores 225 216 1  time 0.131617 0.002334 0.264544
Iteration 121  HV  cores 226 217 1  time 0.132355 0.002334 0.267254
Iteration 122  HV  cores 227 218 1  time 0.133129 0.002334 0.269958
Iteration 123  HV  cores 228 219 1  time 0.133854 0.002334 0.272679
Iteration 124  HV  cores 229 219 1  time 0.13457 0.002334 0.275415
Iteration 125  HV  cores 230 220 1  time 0.135244 0.002334 0.278173
Iteration 126  HV  cores 231 221 1  time 0.135959 0.002334 0.280972
Iteration 127  HV  cores 232 222 1  time 0.136635 0.002334 0.283675
Iteration 128  HV  cores 233 222 1  time 0.137344 0.002334 0.28641
Iteration 129  HV  cores 234 223 1  time 0.138072 0.002334 0.289054
Iteration 130  HV  cores 235 224 1  time 0.138838 0.002334 0.291761
Iteration 131  HV  cores 236 225 1  time 0.13955 0.002334 0.29461
Iteration 132  HV  cores 237 226 1  time 0.140261 0.002334 0.297325
Iteration 133  HV  cores 238 227 1  time 0.140977 0.002334 0.300139
Iteration 134  HV  cores 239 228 1  time 0.141658 0.002334 0.30295
Iteration 135  HV  cores 240 228 1  time 0.142376 0.002334 0.305785
Iteration 136  HV  cores 241 229 1  time 0.143048 0.002334 0.308601
Iteration 137  HV  cores 242 230 1  time 0.14376 0.002334 0.311371
Iteration 138  HV  cores 243 231 1  time 0.14449 0.002334 0.314129
Iteration 139  HV  cores 244 232 1  time 0.145212 0.002334 0.316907
Iteration 140  HV  cores 245 233 1  time 0.145926 0.002334 0.319749
Iteration 141  HV  cores 246 234 1  time 0.146602 0.002334 0.322457
Iteration 142  HV  cores 247 234 1  time 0.147315 0.002334 0.325443
Iteration 143  HV  cores 248 235 1  time 0.148027 0.002334 0.328385
Iteration 144  HV  cores 249 236 1  time 0.148739 0.002334 0.331324
Iteration 145  HV  cores 250 237 1  time 0.14947 0.002334 0.334259
Iteration 146  HV  cores 251 238 1  time 0.150181 0.002334 0.337206
Iteration 147  HV  cores 252 239 1  time 0.150903 0.002334 0.340149
Iteration 148  HV  cores 253 240 1  time 0.151713 0.002334 0.343031
Iteration 149  HV  cores 254 241 1  time 0.152422 0.002334 0.345904
Iteration 150  HV  cores 255 242 1  time 0.153135 0.002334 0.348768
Iteration 151  HV  cores 256 243 1  time 0.153977 0.002334 0.351688
Iteration 152  HV  cores 257 244 1  time 0.154739 0.002334 0.354601
Iteration 153  HV  cores 258 245 1  time 0.155507 0.002334 0.357506
Iteration 154  HV  cores 259 246 1  time 0.156218 0.002334 0.360483
Iteration 155  HV  cores 260 247 1  time 0.156933 0.002334 0.363308
Iteration 156  HV  cores 261 248 1  time 0.157741 0.002334 0.366192
Iteration 157  HV  cores 262 249 1  time 0.158457 0.002334 0.369113
Iteration 158  HV  cores 263 250 1  time 0.15943 0.002334 0.372112
Iteration 159  HV  cores 264 251 1  time 0.160164 0.002334 0.375093
Iteration 160  HV  cores 265 252 1  time 0.160885 0.002334 0.378083
Iteration 161  HV  cores 266 253 1  time 0.161603 0.002334 0.381072
Iteration 162  HV  cores 267 254 1  time 0.162321 0.002334 0.384061
Iteration 163  HV  cores 268 255 1  time 0.163037 0.002334 0.387047
Iteration 164  HV  cores 269 256 1  time 0.163753 0.002334 0.389987
Iteration 165  HV  cores 270 257 1  time 0.164464 0.002334 0.392908
Iteration 166  HV  cores 271 258 1  time 0.165177 0.002334 0.395874
Iteration 167  HV  cores 272 259 1  time 0.165896 0.002334 0.398802
Iteration 168  HV  cores 273 260 1  time 0.166663 0.002334 0.401762
Iteration 169  HV  cores 274 261 1  time 0.167434 0.002334 0.404708
Iteration 170  HV  cores 275 262 1  time 0.168203 0.002334 0.407676
Iteration 171  HV  cores 276 263 1  time 0.168919 0.002334 0.410688
Iteration 172  HV  cores 277 264 1  time 0.169633 0.002334 0.413695
Iteration 173  HV  cores 278 265 1  time 0.170348 0.002334 0.416634
Iteration 174  HV  cores 279 266 1  time 0.171063 0.002334 0.419767
Iteration 175  HV  cores 281 268 2  time 0.172178 0.002334 0.422789
Iteration 176  HV  cores 283 270 2  time 0.17329 0.002334 0.425957
Iteration 177 MHV  lb 7039 ub 10579  time 0.173627 0.021237 0.425957
Iteration 178  HV  cores 289 276 6  time 0.176633 0.021237 0.452921
Iteration 179  HV  cores 297 283 8  time 0.180144 0.021237 0.478911
Iteration 180  HV  cores 301 287 4  time 0.182162 0.021237 0.506714
Iteration 181  HV  cores 307 293 6  time 0.184893 0.021237 0.53491
Iteration 182  HV  cores 312 298 5  time 0.187318 0.021237 0.561793
Iteration 183  HV  cores 319 305 7  time 0.190469 0.021237 0.589142
Iteration 184  HV  cores 326 312 7  time 0.193546 0.021237 0.616847
Iteration 185  HV  cores 331 317 5  time 0.195862 0.021237 0.644895
Iteration 186  HV  cores 335 321 4  time 0.197794 0.021237 0.671216
Iteration 187  HV  cores 340 326 5  time 0.200076 0.021237 0.700116
Iteration 188  HV  cores 342 328 2  time 0.20143 0.021237 0.726901
Iteration 189  HV  cores 345 331 3  time 0.203096 0.021237 0.756099
Iteration 190  HV  cores 352 338 7  time 0.206017 0.021237 0.782776
Iteration 191  HV  cores 357 342 5  time 0.20829 0.021237 0.812297
Iteration 192  HV  cores 361 346 4  time 0.210336 0.021237 0.842096
Iteration 193  HV  cores 367 351 6  time 0.213137 0.021237 0.872284
Iteration 194  HV  cores 373 357 6  time 0.21609 0.021237 0.903087
Iteration 195  HV  cores 378 362 5  time 0.218516 0.021237 0.934131
Iteration 196  HV  cores 383 367 5  time 0.221037 0.021237 0.962841
Iteration 197  HV  cores 387 371 4  time 0.223155 0.021237 0.991641
Iteration 198  HV  cores 391 375 4  time 0.225083 0.021237 1.02068
Iteration 199  HV  cores 394 378 3  time 0.226678 0.021237 1.05257
Iteration 200  HV  cores 401 385 7  time 0.229808 0.021237 1.08418
Iteration 201  HV  cores 407 391 6  time 0.2325 0.021237 1.11633
Iteration 202  HV  cores 411 395 4  time 0.234431 0.021237 1.14839
Iteration 203  HV  cores 416 399 5  time 0.237097 0.021237 1.18237
Iteration 204  HV  cores 420 403 4  time 0.239388 0.021237 1.21664
Iteration 205  HV  cores 423 406 3  time 0.241094 0.021237 1.25121
Iteration 206  HV  cores 428 411 5  time 0.243484 0.021237 1.28595
Iteration 207  HV  cores 433 416 5  time 0.245891 0.021237 1.32105
Iteration 208  HV  cores 437 420 4  time 0.247808 0.021237 1.35653
Iteration 209  HV  cores 441 424 4  time 0.249755 0.021237 1.39238
Iteration 210  HV  cores 445 428 4  time 0.251707 0.021237 1.42851
Iteration 211  HV  cores 449 432 4  time 0.253727 0.021237 1.46204
Iteration 212  HV  cores 453 436 4  time 0.256028 0.021237 1.4986
Iteration 213  HV  cores 457 440 4  time 0.258399 0.021237 1.53499
Iteration 214  HV  cores 462 445 5  time 0.260927 0.021237 1.56874
Iteration 215  HV  cores 467 450 5  time 0.263404 0.021237 1.60563
Iteration 216  HV  cores 472 455 5  time 0.265942 0.021237 1.64293
Iteration 217  HV  cores 475 458 3  time 0.267699 0.021237 1.68058
Iteration 218  HV  cores 480 463 5  time 0.270137 0.021237 1.71844
Iteration 219  HV  cores 485 467 5  time 0.272652 0.021237 1.75459
Iteration 220  HV  cores 491 471 6  time 0.2756 0.021237 1.79102
Iteration 221  HV  cores 496 476 5  time 0.277971 0.021237 1.82708
Iteration 222  HV  cores 500 480 4  time 0.279939 0.021237 1.86445
Iteration 223  HV  cores 504 484 4  time 0.281928 0.021237 1.90047
Iteration 224  HV  cores 512 491 8  time 0.285509 0.021237 1.93624
Iteration 225  HV  cores 518 497 6  time 0.288281 0.021237 1.97257
Iteration 226  HV  cores 523 502 5  time 0.290627 0.021237 2.00914
Iteration 227  HV  cores 527 506 4  time 0.292778 0.021237 2.04558
Iteration 228  HV  cores 530 509 3  time 0.294465 0.021237 2.08222
Iteration 229  HV  cores 533 512 3  time 0.296158 0.021237 2.11888
Iteration 230  HV  cores 537 514 4  time 0.29822 0.021237 2.15597
Iteration 231  HV  cores 541 518 4  time 0.300287 0.021237 2.19318
Iteration 232  HV  cores 545 522 4  time 0.302478 0.021237 2.23059
Iteration 233  HV  cores 549 525 4  time 0.304591 0.021237 2.26761
Iteration 234  HV  cores 552 528 3  time 0.306156 0.021237 2.30525
Iteration 235  HV  cores 557 532 5  time 0.308418 0.021237 2.3433
Iteration 236  HV  cores 560 535 3  time 0.309995 0.021237 2.38121
Iteration 237  HV  cores 564 539 4  time 0.312148 0.021237 2.4192
Iteration 238  HV  cores 571 545 7  time 0.315278 0.021237 2.45754
Iteration 239  HV  cores 576 550 5  time 0.317836 0.021237 2.49609
Iteration 240  HV  cores 579 553 3  time 0.319491 0.021237 2.53486
Iteration 241  HV  cores 583 556 4  time 0.321691 0.021237 2.57602
Iteration 242  HV  cores 586 559 3  time 0.323346 0.021237 2.6175
Iteration 243  HV  cores 588 561 2  time 0.324541 0.021237 2.65892
Iteration 244  HV  cores 593 566 5  time 0.327006 0.021237 2.69782
Iteration 245  HV  cores 598 571 5  time 0.329446 0.021237 2.73678
Iteration 246  HV  cores 603 575 5  time 0.331967 0.021237 2.77629
Iteration 247  HV  cores 607 579 4  time 0.334074 0.021237 2.81603
Iteration 248  HV  cores 610 582 3  time 0.33558 0.021237 2.85612
Iteration 249  HV  cores 613 585 3  time 0.337263 0.021237 2.89238
Iteration 250  HV  cores 618 587 5  time 0.339618 0.021237 2.93284
Iteration 251  HV  cores 623 592 5  time 0.342287 0.021237 2.97073
Iteration 252  HV  cores 630 598 7  time 0.345611 0.021237 3.01284
Iteration 253  HV  cores 634 602 4  time 0.347693 0.021237 3.05516
Iteration 254  HV  cores 638 606 4  time 0.349629 0.021237 3.09751
Iteration 255  HV  cores 643 611 5  time 0.352013 0.021237 3.13839
Iteration 256  HV  cores 649 615 6  time 0.354872 0.021237 3.18038
Iteration 257  HV  cores 655 621 6  time 0.357586 0.021237 3.2217
Iteration 258  HV  cores 658 624 3  time 0.359204 0.021237 3.26319
Iteration 259  HV  cores 662 628 4  time 0.361202 0.021237 3.30494
Iteration 260  HV  cores 667 631 5  time 0.363583 0.021237 3.34666
Iteration 261  HV  cores 674 638 7  time 0.366834 0.021237 3.38911
Iteration 262  HV  cores 681 645 7  time 0.370019 0.021237 3.43227
Iteration 263  HV  cores 685 648 4  time 0.371988 0.021237 3.47525
Iteration 264  HV  cores 689 651 4  time 0.373976 0.021237 3.51833
Iteration 265  HV  cores 691 653 2  time 0.375185 0.021237 3.57246
Iteration 266  HV  cores 694 656 3  time 0.376978 0.021237 3.61547
Iteration 267  HV  cores 697 658 3  time 0.378566 0.021237 3.658
Iteration 268  HV  cores 702 663 5  time 0.380928 0.021237 3.70149
Iteration 269  HV  cores 705 666 3  time 0.382527 0.021237 3.74512
Iteration 270  HV  cores 710 671 5  time 0.385006 0.021237 3.78848
Iteration 271  HV  cores 714 675 4  time 0.387121 0.021237 3.83199
Iteration 272  HV  cores 718 679 4  time 0.389136 0.021237 3.876
Iteration 273  HV  cores 721 682 3  time 0.390738 0.021237 3.92019
Iteration 274  HV  cores 724 685 3  time 0.392315 0.021237 3.96491
Iteration 275  HV  cores 726 687 2  time 0.393633 0.021237 4.00946
Iteration 276  HV  cores 731 692 5  time 0.396107 0.021237 4.05435
Iteration 277  HV  cores 734 695 3  time 0.397733 0.021237 4.09935
Iteration 278  HV  cores 736 697 2  time 0.398973 0.021237 4.14467
Iteration 279  HV  cores 737 698 1  time 0.399726 0.021237 4.19
Iteration 280  HV  cores 740 701 3  time 0.401328 0.021237 4.23549
Iteration 281  HV  cores 746 706 6  time 0.404327 0.021237 4.28148
Iteration 282  HV  cores 749 709 3  time 0.405868 0.021237 4.32735
Iteration 283  HV  cores 752 711 3  time 0.40746 0.021237 4.37375
Iteration 284  HV  cores 757 716 5  time 0.409874 0.021237 4.43357
Iteration 285  HV  cores 761 720 4  time 0.411883 0.021237 4.48125
Iteration 286  HV  cores 765 724 4  time 0.413997 0.021237 4.5285
Iteration 287  HV  cores 768 727 3  time 0.415645 0.021237 4.57621
Iteration 288  HV  cores 771 730 3  time 0.418094 0.021237 4.62384
Iteration 289  HV  cores 774 732 3  time 0.419696 0.021237 4.67176
Iteration 290  HV  cores 777 735 3  time 0.421457 0.021237 4.72009
Iteration 291  HV  cores 778 736 1  time 0.422272 0.021237 4.76822
Iteration 292  HV  cores 781 739 3  time 0.423893 0.021237 4.82981
Iteration 293  HV  cores 783 741 2  time 0.425078 0.021237 4.89144
Iteration 294  HV  cores 785 743 2  time 0.426251 0.021237 4.95339
Iteration 295  HV  cores 788 746 3  time 0.427918 0.021237 5.01571
Iteration 296  HV  cores 790 748 2  time 0.429131 0.021237 5.07794
Iteration 297  HV  cores 793 751 3  time 0.430676 0.021237 5.14111
Iteration 298  HV  cores 797 755 4  time 0.432624 0.021237 5.19075
Iteration 299  HV  cores 802 759 5  time 0.435156 0.021237 5.254
Iteration 300  HV  cores 807 764 5  time 0.437818 0.021237 5.305
Iteration 301  HV  cores 812 769 5  time 0.440116 0.021237 5.35502
Iteration 302  HV  cores 815 772 3  time 0.441746 0.021237 5.40564
Iteration 303  HV  cores 819 776 4  time 0.443652 0.021237 5.47104
Iteration 304  HV  cores 821 778 2  time 0.444938 0.021237 5.53539
Iteration 305  HV  cores 824 781 3  time 0.446542 0.021237 5.58646
Iteration 306  HV  cores 829 786 5  time 0.449028 0.021237 5.63747
Iteration 307  HV  cores 834 791 5  time 0.451389 0.021237 5.68886
Iteration 308  HV  cores 838 794 4  time 0.453434 0.021237 5.74063
Iteration 309  HV  cores 841 797 3  time 0.454967 0.021237 5.79243
Iteration 310  HV  cores 844 800 3  time 0.456836 0.021237 5.84395
Iteration 311  HV  cores 848 804 4  time 0.458816 0.021237 5.89725
Iteration 312  HV  cores 851 807 3  time 0.460457 0.021237 5.95038
Iteration 313  HV  cores 856 812 5  time 0.462985 0.021237 6.0036
Iteration 314  HV  cores 862 818 6  time 0.465851 0.021237 6.07116
Iteration 315  HV  cores 865 821 3  time 0.467441 0.021237 6.1384
Iteration 316  HV  cores 869 825 4  time 0.469594 0.021237 6.18527
Iteration 317  HV  cores 873 828 4  time 0.471599 0.021237 6.2329
Iteration 318  HV  cores 877 832 4  time 0.473602 0.021237 6.29592
Iteration 319  HV  cores 879 834 2  time 0.474836 0.021237 6.34352
Iteration 320  HV  cores 883 838 4  time 0.477081 0.021237 6.39252
Iteration 321  HV  cores 887 842 4  time 0.479134 0.021237 6.44074
Iteration 322  HV  cores 891 846 4  time 0.481323 0.021237 6.48926
Iteration 323  HV  cores 897 852 6  time 0.484201 0.021237 6.53778
Iteration 324  HV  cores 902 856 5  time 0.486723 0.021237 6.58616
Iteration 325  HV  cores 908 862 6  time 0.489662 0.021237 6.63444
Iteration 326  HV  cores 910 864 2  time 0.490913 0.021237 6.68402
Iteration 327  HV  cores 914 868 4  time 0.493008 0.021237 6.74901
Iteration 328  HV  cores 915 869 1  time 0.493767 0.021237 6.7982
Iteration 329  HV  cores 920 874 5  time 0.49617 0.021237 6.84747
Iteration 330  HV  cores 922 876 2  time 0.497334 0.021237 6.89676
Iteration 331  HV  cores 926 880 4  time 0.499446 0.021237 6.94637
Iteration 332  HV  cores 930 883 4  time 0.501577 0.021237 6.99717
Iteration 333  HV  cores 934 885 4  time 0.503559 0.021237 7.04703
Iteration 334  HV  cores 936 887 2  time 0.504898 0.021237 7.09693
Iteration 335  HV  cores 938 889 2  time 0.506166 0.021237 7.14773
Iteration 336  HV  cores 939 890 1  time 0.507159 0.021237 7.19789
Iteration 337  HV  cores 941 892 2  time 0.508452 0.021237 7.24803
Iteration 338  HV  cores 945 896 4  time 0.510397 0.021237 7.29874
Iteration 339  HV  cores 948 899 3  time 0.512062 0.021237 7.34977
Iteration 340  HV  cores 953 904 5  time 0.51451 0.021237 7.40068
Iteration 341  HV  cores 957 908 4  time 0.516512 0.021237 7.4519
Iteration 342  HV  cores 960 911 3  time 0.518119 0.021237 7.50319
Iteration 343  HV  cores 965 916 5  time 0.520681 0.021237 7.5548
Iteration 344  HV  cores 969 920 4  time 0.522675 0.021237 7.60629
Iteration 345  HV  cores 974 924 5  time 0.525197 0.021237 7.67522
Iteration 346  HV  cores 976 925 2  time 0.526482 0.021237 7.7446
Iteration 347  HV  cores 979 928 3  time 0.528223 0.021237 7.79776
Iteration 348  HV  cores 981 930 2  time 0.529496 0.021237 7.85059
Iteration 349  HV  cores 985 934 4  time 0.531621 0.021237 7.90344
Iteration 350  HV  cores 990 939 5  time 0.534045 0.021237 7.97402
Iteration 351  HV  cores 994 943 4  time 0.53611 0.021237 8.02678
Iteration 352  HV  cores 998 947 4  time 0.538143 0.021237 8.07996
Iteration 353  HV  cores 1001 950 3  time 0.539796 0.021237 8.15052
Iteration 354  HV  cores 1003 952 2  time 0.541108 0.021237 8.20282
Iteration 355  HV  cores 1007 955 4  time 0.543261 0.021237 8.25503
Iteration 356  HV  cores 1011 958 4  time 0.545354 0.021237 8.30863
Iteration 357  HV  cores 1013 960 2  time 0.546553 0.021237 8.36273
Iteration 358  HV  cores 1015 962 2  time 0.547726 0.021237 8.41699
Iteration 359  HV  cores 1017 964 2  time 0.548914 0.021237 8.47066
Iteration 360  HV  cores 1020 967 3  time 0.550523 0.021237 8.52518
Iteration 361  HV  cores 1021 968 1  time 0.55133 0.021237 8.57956
Iteration 362  HV  cores 1025 972 4  time 0.553339 0.021237 8.65202
Iteration 363  HV  cores 1027 974 2  time 0.554603 0.021237 8.70549
Iteration 364  HV  cores 1030 977 3  time 0.556169 0.021237 8.75872
Iteration 365  HV  cores 1033 980 3  time 0.557711 0.021237 8.82893
Iteration 366  HV  cores 1035 982 2  time 0.559017 0.021237 8.8826
Iteration 367  HV  cores 1037 984 2  time 0.560287 0.021237 8.93699
Iteration 368  HV  cores 1041 985 4  time 0.562362 0.021237 8.9915
Iteration 369  HV  cores 1042 986 1  time 0.563189 0.021237 9.06437
Iteration 370  HV  cores 1045 988 3  time 0.564848 0.021237 9.11834
Iteration 371  HV  cores 1049 992 4  time 0.567071 0.021237 9.17327
Iteration 372  HV  cores 1052 995 3  time 0.568669 0.021237 9.24623
Iteration 373 MHV  lb 7269 ub 10502  time 0.569069 0.113694 9.24623
Iteration 374  HV  cores 1054 997 2  time 0.570239 0.113694 9.3004
Iteration 375  HV  cores 1055 998 1  time 0.571051 0.113694 9.35451
Iteration 376  HV  cores 1058 1001 3  time 0.572862 0.113694 9.42793
Iteration 377  HV  cores 1059 1002 1  time 0.573734 0.113694 9.50192
Iteration 378  HV  cores 1062 1005 3  time 0.575312 0.113694 9.57567
Iteration 379  HV  cores 1065 1008 3  time 0.576968 0.113694 9.64942
Iteration 380  HV  cores 1068 1011 3  time 0.578687 0.113694 9.70482
Iteration 381  HV  cores 1074 1016 6  time 0.581553 0.113694 9.7787
Iteration 382  HV  cores 1076 1018 2  time 0.582796 0.113694 9.85253
Iteration 383  HV  cores 1078 1020 2  time 0.583954 0.113694 9.90784
Iteration 384  HV  cores 1082 1024 4  time 0.58604 0.113694 9.98111
Iteration 385 MHV  lb 7269 ub 10328  time 0.586443 0.211589 9.98111
Iteration 386  HV  cores 1086 1028 4  time 0.588537 0.211589 10.0368
Iteration 387  HV  cores 1088 1030 2  time 0.5899 0.211589 10.0921
Iteration 388  HV  cores 1090 1032 2  time 0.591174 0.211589 10.148
Iteration 389  HV  cores 1095 1037 5  time 0.593632 0.211589 10.2237
Iteration 390  HV  cores 1098 1040 3  time 0.595186 0.211589 10.2997
Iteration 391  HV  cores 1099 1041 1  time 0.595994 0.211589 10.3574
Iteration 392  HV  cores 1101 1043 2  time 0.597287 0.211589 10.4151
Iteration 393  HV  cores 1103 1044 2  time 0.598458 0.211589 10.473
Iteration 394  HV  cores 1106 1047 3  time 0.600031 0.211589 10.531
Iteration 395  HV  cores 1108 1049 2  time 0.601186 0.211589 10.608
Iteration 396  HV  cores 1110 1051 2  time 0.602423 0.211589 10.6848
Iteration 397  HV  cores 1113 1054 3  time 0.604108 0.211589 10.7426
Iteration 398  HV  cores 1117 1058 4  time 0.606109 0.211589 10.8206
Iteration 399  HV  cores 1119 1060 2  time 0.607436 0.211589 10.8979
Iteration 400  HV  cores 1122 1063 3  time 0.609166 0.211589 10.9756
Iteration 401  HV  cores 1126 1066 4  time 0.611219 0.211589 11.0534
Iteration 402  HV  cores 1129 1069 3  time 0.612838 0.211589 11.1314
Iteration 403  HV  cores 1131 1071 2  time 0.614047 0.211589 11.19
Iteration 404  HV  cores 1134 1073 3  time 0.615622 0.211589 11.2486
Iteration 405  HV  cores 1137 1076 3  time 0.617147 0.211589 11.3075
Iteration 406  HV  cores 1139 1078 2  time 0.618391 0.211589 11.3855
Iteration 407  HV  cores 1143 1082 4  time 0.620572 0.211589 11.4446
Iteration 408  HV  cores 1146 1085 3  time 0.622233 0.211589 11.5039
Iteration 409  HV  cores 1150 1089 4  time 0.624431 0.211589 11.5822
Iteration 410  HV  cores 1154 1092 4  time 0.626519 0.211589 11.6417
Iteration 411  HV  cores 1156 1094 2  time 0.627668 0.211589 11.7013
Iteration 412  HV  cores 1159 1097 3  time 0.62919 0.211589 11.7807
Iteration 413  HV  cores 1163 1101 4  time 0.63129 0.211589 11.8599
Iteration 414  HV  cores 1165 1103 2  time 0.632901 0.211589 11.9201
Iteration 415  HV  cores 1168 1106 3  time 0.634595 0.211589 11.9997
Iteration 416  HV  cores 1170 1108 2  time 0.635796 0.211589 12.0797
Iteration 417 MHV  lb 7297 ub 10230  time 0.636201 0.379258 12.0797
Iteration 418  HV  cores 1173 1111 3  time 0.63787 0.379258 12.1403
Iteration 419  HV  cores 1174 1112 1  time 0.638739 0.379258 12.1999
Iteration 420  HV  cores 1175 1113 1  time 0.639534 0.379258 12.2804
Iteration 421  HV  cores 1177 1115 2  time 0.640794 0.379258 12.3615
Iteration 422  HV  cores 1179 1117 2  time 0.641972 0.379258 12.4424
Iteration 423  HV  cores 1180 1118 1  time 0.642764 0.379258 12.5232
Iteration 424  HV  cores 1182 1120 2  time 0.644044 0.379258 12.5842
Iteration 425  HV  cores 1184 1122 2  time 0.645471 0.379258 12.6658
Iteration 426  HV  cores 1185 1123 1  time 0.646269 0.379258 12.7269
Iteration 427  HV  cores 1188 1126 3  time 0.64794 0.379258 12.789
Iteration 428  HV  cores 1191 1129 3  time 0.649692 0.379258 12.8502
Iteration 429  HV  cores 1192 1130 1  time 0.650462 0.379258 12.9119
Iteration 430  HV  cores 1194 1132 2  time 0.651718 0.379258 12.9739
Iteration 431  HV  cores 1196 1134 2  time 0.65301 0.379258 13.0353
Iteration 432  HV  cores 1200 1138 4  time 0.655155 0.379258 13.0974
Iteration 433  HV  cores 1201 1139 1  time 0.656091 0.379258 13.1594
Iteration 434  HV  cores 1206 1144 5  time 0.6586 0.379258 13.2227
Iteration 435  HV  cores 1211 1149 5  time 0.661032 0.379258 13.2857
Iteration 436  HV  cores 1214 1151 3  time 0.662637 0.379258 13.348
Iteration 437  HV  cores 1219 1156 5  time 0.66514 0.379258 13.4109
Iteration 438  HV  cores 1220 1157 1  time 0.665974 0.379258 13.4951
Iteration 439  HV  cores 1221 1158 1  time 0.666929 0.379258 13.5796
Iteration 440  HV  cores 1223 1160 2  time 0.668278 0.379258 13.6428
Iteration 441  HV  cores 1226 1162 3  time 0.669984 0.379258 13.7273
Iteration 442  HV  cores 1227 1163 1  time 0.670957 0.379258 13.8123
Iteration 443  HV  cores 1230 1166 3  time 0.6728 0.379258 13.8763
Iteration 444  HV  cores 1231 1167 1  time 0.67363 0.379258 13.9399
Iteration 445  HV  cores 1232 1168 1  time 0.674432 0.379258 14.0255
Iteration 446  HV  cores 1234 1170 2  time 0.67572 0.379258 14.1113
Iteration 447  HV  cores 1235 1171 1  time 0.676546 0.379258 14.1972
Iteration 448  HV  cores 1237 1173 2  time 0.677853 0.379258 14.2613
Iteration 449  HV  cores 1238 1174 1  time 0.67878 0.379258 14.3251
Iteration 450  HV  cores 1239 1175 1  time 0.679582 0.379258 14.3892
Iteration 451  HV  cores 1240 1176 1  time 0.680379 0.379258 14.4534
Iteration 452  HV  cores 1241 1176 1  time 0.681169 0.379258 14.5175
Iteration 453  HV  cores 1242 1177 1  time 0.682036 0.379258 14.5818
Iteration 454  HV  cores 1243 1178 1  time 0.682832 0.379258 14.6461
Iteration 455  HV  cores 1244 1179 1  time 0.683627 0.379258 14.7106
Iteration 456  HV  cores 1245 1180 1  time 0.684467 0.379258 14.7755
Iteration 457  HV  cores 1246 1181 1  time 0.685262 0.379258 14.8622
Iteration 458  HV  cores 1248 1183 2  time 0.686454 0.379258 14.9493
Iteration 459  HV  cores 1250 1185 2  time 0.687656 0.379258 15.0143
Iteration 460  HV  cores 1251 1186 1  time 0.688483 0.379258 15.0793
Iteration 461  HV  cores 1252 1187 1  time 0.689269 0.379258 15.1443
Iteration 462  HV  cores 1253 1188 1  time 0.690044 0.379258 15.2317
Iteration 463  HV  cores 1254 1189 1  time 0.690904 0.379258 15.3188
Iteration 464  HV  cores 1256 1191 2  time 0.692175 0.379258 15.4069
Iteration 465  HV  cores 1259 1194 3  time 0.693883 0.379258 15.47
Iteration 466  HV  cores 1262 1197 3  time 0.695511 0.379258 15.5328
Iteration 467  HV  cores 1265 1200 3  time 0.69713 0.379258 15.5959
Iteration 468  HV  cores 1267 1202 2  time 0.698421 0.379258 15.662
Iteration 469  HV  cores 1269 1204 2  time 0.699847 0.379258 15.7282
Iteration 470  HV  cores 1270 1205 1  time 0.700628 0.379258 15.7918
Iteration 471  HV  cores 1274 1208 4  time 0.702736 0.379258 15.8839
Iteration 472  HV  cores 1277 1211 3  time 0.704309 0.379258 15.9768
Iteration 473 MHV  lb 7297 ub 10226  time 0.704771 0.540043 15.9768
Iteration 474  HV  cores 1280 1213 3  time 0.706538 0.540043 16.0434
Iteration 475  HV  cores 1281 1214 1  time 0.707375 0.540043 16.1096
Iteration 476  HV  cores 1283 1216 2  time 0.708643 0.540043 16.1781
Iteration 477  HV  cores 1288 1221 5  time 0.711134 0.540043 16.2708
Iteration 478  HV  cores 1291 1224 3  time 0.712869 0.540043 16.3614
Iteration 479  HV  cores 1292 1225 1  time 0.713803 0.540043 16.4519
Iteration 480 MHV  lb 7298 ub 10212  time 0.714184 0.712432 16.4519
Iteration 481  HV  cores 1296 1228 4  time 0.716224 0.712432 16.5222
Iteration 482 MHV  lb 7310 ub 8598  time 0.716637 0.893139 16.5222
Iteration 483  HV  cores 1298 1230 2  time 0.717876 0.893139 16.5896
Iteration 484  HV  cores 1300 1232 2  time 0.719232 0.893139 16.6832
Iteration 485  HV  cores 1303 1235 3  time 0.720946 0.893139 16.774
Iteration 486  HV  cores 1308 1240 5  time 0.723372 0.893139 16.8651
Iteration 487  HV  cores 1310 1242 2  time 0.724538 0.893139 16.9562
Iteration 488  HV  cores 1312 1244 2  time 0.725762 0.893139 17.051
Iteration 489  HV  cores 1315 1245 3  time 0.727464 0.893139 17.1427
Iteration 490  HV  cores 1318 1248 3  time 0.729269 0.893139 17.2374
Iteration 491  HV  cores 1320 1250 2  time 0.73079 0.893139 17.3273
Iteration 492  HV  cores 1324 1254 4  time 0.732856 0.893139 17.4194
Iteration 493  HV  cores 1326 1256 2  time 0.7341 0.893139 17.5094
Iteration 494  HV  cores 1327 1257 1  time 0.734963 0.893139 17.5997
Iteration 495  HV  cores 1330 1260 3  time 0.736612 0.893139 17.6895
Iteration 496  HV  cores 1333 1263 3  time 0.738402 0.893139 17.7828
Iteration 497  HV  cores 1335 1265 2  time 0.739689 0.893139 17.8737
Iteration 498  HV  cores 1339 1269 4  time 0.741768 0.893139 17.9645
Iteration 499  HV  cores 1343 1273 4  time 0.743818 0.893139 18.0574
Iteration 500  HV  cores 1344 1274 1  time 0.74476 0.893139 18.1523
Iteration 501  HV  cores 1348 1277 4  time 0.747088 0.893139 18.2501
Iteration 502  HV  cores 1351 1279 3  time 0.748675 0.893139 18.3417
Iteration 503  HV  cores 1353 1281 2  time 0.749959 0.893139 18.4332
Iteration 504  HV  cores 1355 1283 2  time 0.751411 0.893139 18.5273
Iteration 505  HV  cores 1359 1286 4  time 0.753445 0.893139 18.6219
Iteration 506  HV  cores 1360 1287 1  time 0.754298 0.893139 18.7206
Iteration 507  HV  cores 1364 1290 4  time 0.75626 0.893139 18.8136
Iteration 508  HV  cores 1367 1293 3  time 0.758162 0.893139 18.9079
Iteration 509  HV  cores 1368 1294 1  time 0.759055 0.893139 19.0075
Iteration 510  HV  cores 1370 1296 2  time 0.760316 0.893139 19.1084
Iteration 511  HV  cores 1372 1298 2  time 0.76163 0.893139 19.2031
Iteration 512  HV  cores 1374 1300 2  time 0.762959 0.893139 19.3047
Iteration 513  HV  cores 1376 1301 2  time 0.76427 0.893139 19.4108
Iteration 514  HV  cores 1378 1303 2  time 0.765577 0.893139 19.505
Iteration 515  HV  cores 1379 1304 1  time 0.766376 0.893139 19.6013
Iteration 516  HV  cores 1383 1308 4  time 0.768462 0.893139 19.6958
Iteration 517  HV  cores 1384 1309 1  time 0.769244 0.893139 19.7902
Iteration 518  HV  cores 1386 1311 2  time 0.770459 0.893139 19.8873
Iteration 519  HV  cores 1389 1313 3  time 0.772151 0.893139 19.982
Iteration 520  HV  cores 1391 1315 2  time 0.773364 0.893139 20.0765
Iteration 521  HV  cores 1394 1318 3  time 0.775012 0.893139 20.1707
Iteration 522  HV  cores 1398 1322 4  time 0.777079 0.893139 20.2888
Iteration 523  HV  cores 1399 1323 1  time 0.778256 0.893139 20.3832
Iteration 524 MHV  lb 7310 ub 8452  time 0.778675 1.01233 20.3832
Iteration 525  HV  cores 1401 1325 2  time 0.779973 1.01233 20.4527
Iteration 526  HV  cores 1402 1326 1  time 0.780855 1.01233 20.5482
Iteration 527 MHV  lb 7310 ub 8444  time 0.781282 1.12952 20.5482
Iteration 528  HV  cores 1404 1328 2  time 0.782564 1.12952 20.6208
Iteration 529  HV  cores 1405 1329 1  time 0.783522 1.12952 20.6908
Iteration 530  HV  cores 1408 1332 3  time 0.785267 1.12952 20.7872
Iteration 531  HV  cores 1410 1334 2  time 0.786514 1.12952 20.8834
Iteration 532  HV  cores 1412 1336 2  time 0.787747 1.12952 20.9792
Iteration 533  HV  cores 1414 1338 2  time 0.789046 1.12952 21.0747
Iteration 534  HV  cores 1416 1340 2  time 0.790297 1.12952 21.1708
Iteration 535  HV  cores 1418 1342 2  time 0.79155 1.12952 21.2671
Iteration 536  HV  cores 1419 1343 1  time 0.792348 1.12952 21.3633
Iteration 537  HV  cores 1421 1345 2  time 0.793767 1.12952 21.4653
Iteration 538  HV  cores 1422 1346 1  time 0.794594 1.12952 21.5626
Iteration 539 MHV  lb 7312 ub 8438  time 0.794987 1.29638 21.5626
Iteration 540  HV  cores 1423 1347 1  time 0.795893 1.29638 21.6337
Iteration 541 MHV  lb 7312 ub 7652  time 0.796314 1.42498 21.6337
Iteration 542  HV  cores 1424 1347 1  time 0.797194 1.42498 21.8482
Iteration 543  HV  cores 1426 1349 2  time 0.798384 1.42498 22.0964
Iteration 544  HV  cores 1429 1352 3  time 0.800241 1.42498 22.3175
Iteration 545  HV  cores 1431 1354 2  time 0.8015 1.42498 22.553
Iteration 546  HV  cores 1433 1356 2  time 0.802821 1.42498 22.8016
Iteration 547 MHV  lb 7312 ub 7446  time 0.803234 1.555 22.8016
Iteration 548  HV  cores 1435 1358 2  time 0.804541 1.555 22.8731
Iteration 549 MHV  lb 7312 ub 7341  time 0.804932 1.68249 22.8731
Iteration 550  HV  cores 1436 1358 1  time 0.805781 1.68249 23.0067
Iteration 551  HV  cores 1437 1359 1  time 0.806587 1.68249 23.1949
Iteration 552  HV  cores 1438 1359 1  time 0.807386 1.68249 23.4073
Iteration 553  HV  cores 1440 1361 2  time 0.808697 1.68249 23.6254
Iteration 554  HV  cores 1442 1363 2  time 0.810009 1.68249 23.8717
Iteration 555  HV  cores 1444 1365 2  time 0.8114 1.68249 24.113
Iteration 556  HV  cores 1446 1367 2  time 0.812737 1.68249 24.3573
Iteration 557  HV  cores 1448 1369 2  time 0.814014 1.68249 24.6314
Iteration 558  HV  cores 1450 1371 2  time 0.815309 1.68249 24.857
Iteration 559  HV  cores 1452 1373 2  time 0.816604 1.68249 25.1243
Iteration 560  HV  cores 1454 1375 2  time 0.817918 1.68249 25.3681
Iteration 561  HV  cores 1456 1377 2  time 0.819136 1.68249 25.624
Iteration 562  HV  cores 1458 1379 2  time 0.820402 1.68249 25.8237
Iteration 563  HV  cores 1460 1380 2  time 0.821617 1.68249 26.0956
Iteration 564  HV  cores 1462 1382 2  time 0.822907 1.68249 26.309
Iteration 565  HV  cores 1463 1383 1  time 0.823732 1.68249 26.5002
Iteration 566  HV  cores 1464 1384 1  time 0.824603 1.68249 26.7527
Iteration 567  HV  cores 1465 1385 1  time 0.825418 1.68249 26.9876
Iteration 568  HV  cores 1467 1387 2  time 0.826643 1.68249 27.2408
Iteration 569  HV  cores 1469 1387 2  time 0.827949 1.68249 27.4951
Iteration 570  HV  cores 1470 1388 1  time 0.828756 1.68249 27.6904
Iteration 571  HV  cores 1472 1389 2  time 0.830218 1.68249 27.9776
Iteration 572  HV  cores 1474 1391 2  time 0.831576 1.68249 28.1666
Iteration 573  HV  cores 1475 1392 1  time 0.832491 1.68249 28.4047
Iteration 574  HV  cores 1476 1393 1  time 0.833379 1.68249 28.6412
Iteration 575  HV  cores 1477 1394 1  time 0.834242 1.68249 28.8883
Iteration 576  HV  cores 1478 1394 1  time 0.835002 1.68249 29.1338
Iteration 577  HV  cores 1479 1393 1  time 0.835762 1.68249 29.3847
Iteration 578  HV  cores 1481 1395 2  time 0.836976 1.68249 29.6202
Iteration 579  HV  cores 1482 1396 1  time 0.837787 1.68249 29.8832
Iteration 580  HV  cores 1484 1396 2  time 0.839104 1.68249 30.0715
Iteration 581  HV  cores 1485 1397 1  time 0.840044 1.68249 30.3107
Iteration 582  HV  cores 1486 1398 1  time 0.840882 1.68249 30.5506
Iteration 583  HV  cores 1487 1399 1  time 0.841818 1.68249 30.8134
Iteration 584  HV  cores 1489 1400 2  time 0.843148 1.68249 31.0428
Iteration 585  HV  cores 1490 1401 1  time 0.844016 1.68249 31.272
Iteration 586  HV  cores 1492 1403 2  time 0.845288 1.68249 31.4807
Iteration 587  HV  cores 1493 1404 1  time 0.84614 1.68249 31.7172
Iteration 588  HV  cores 1494 1405 1  time 0.846997 1.68249 31.9546
Iteration 589  HV  cores 1496 1407 2  time 0.848258 1.68249 32.4685
Iteration 590  HV  cores 1498 1409 2  time 0.849479 1.68249 32.7255
Iteration 591  HV  cores 1499 1410 1  time 0.850389 1.68249 32.9649
Iteration 592  HV  cores 1501 1412 2  time 0.851651 1.68249 33.226
Iteration 593  HV  cores 1503 1414 2  time 0.853008 1.68249 33.4663
Iteration 594  HV  cores 1505 1416 2  time 0.854376 1.68249 33.7048
Iteration 595  HV  cores 1506 1417 1  time 0.855215 1.68249 34.196
Iteration 596  HV  cores 1508 1419 2  time 0.856439 1.68249 34.7368
Iteration 597  HV  cores 1510 1420 2  time 0.857712 1.68249 34.9861
Iteration 598  HV  cores 1512 1421 2  time 0.858968 1.68249 35.2193
Iteration 599  HV  cores 1513 1422 1  time 0.859777 1.68249 35.4377
Iteration 600  HV  cores 1514 1423 1  time 0.860674 1.68249 35.6738
Iteration 601  HV  cores 1516 1424 2  time 0.861934 1.68249 36.2675
Iteration 602  HV  cores 1518 1426 2  time 0.863163 1.68249 36.4917
Iteration 603  HV  cores 1520 1427 2  time 0.864418 1.68249 36.7189
Iteration 604  HV  cores 1522 1429 2  time 0.865626 1.68249 36.9535
Iteration 605  HV  cores 1523 1430 1  time 0.866466 1.68249 37.1687
Iteration 606  HV  cores 1525 1432 2  time 0.867717 1.68249 37.4315
Iteration 607  HV  cores 1526 1433 1  time 0.868509 1.68249 37.6843
Iteration 608  HV  cores 1527 1434 1  time 0.86928 1.68249 37.9376
Iteration 609  HV  cores 1529 1436 2  time 0.870538 1.68249 38.4605
Iteration 610  HV  cores 1530 1437 1  time 0.871502 1.68249 38.9121
Iteration 611  HV  cores 1531 1438 1  time 0.872284 1.68249 39.3452
Iteration 612  HV  cores 1532 1439 1  time 0.873155 1.68249 39.5852
Iteration 613  HV  cores 1534 1441 2  time 0.874431 1.68249 39.8609
Iteration 614  HV  cores 1536 1443 2  time 0.875792 1.68249 40.1545
Iteration 615  HV  cores 1538 1445 2  time 0.87713 1.68249 40.4058
Iteration 616  HV  cores 1539 1446 1  time 0.878031 1.68249 40.6405
Iteration 617  HV  cores 1540 1447 1  time 0.878933 1.68249 41.1929
Iteration 618  HV  cores 1542 1449 2  time 0.880181 1.68249 41.4453
Iteration 619  HV  cores 1543 1450 1  time 0.881083 1.68249 42.0991
Iteration 620  HV  cores 1544 1451 1  time 0.881919 1.68249 42.5774
Iteration 621  HV  cores 1545 1452 1  time 0.882833 1.68249 42.8045
Iteration 622  HV  cores 1546 1453 1  time 0.883718 1.68249 43.2714
Iteration 623  HV  cores 1547 1454 1  time 0.884482 1.68249 43.6292
Iteration 624  HV  cores 1548 1455 1  time 0.885329 1.68249 43.9018
Iteration 625  HV  cores 1550 1457 2  time 0.886771 1.68249 44.1558
Iteration 626  HV  cores 1551 1458 1  time 0.887571 1.68249 44.383
Iteration 627  HV  cores 1552 1459 1  time 0.888342 1.68249 44.9139
Iteration 628  HV  cores 1553 1460 1  time 0.88923 1.68249 45.1415
Iteration 629  HV  cores 1555 1462 2  time 0.890519 1.68249 45.799
Iteration 630  HV  cores 1556 1463 1  time 0.891347 1.68249 46.2391
Iteration 631  HV  cores 1558 1465 2  time 0.892631 1.68249 46.4966
Iteration 632  HV  cores 1559 1466 1  time 0.893472 1.68249 47.0405
Iteration 633  HV  cores 1560 1467 1  time 0.894343 1.68249 47.6842
Iteration 634  HV  cores 1562 1469 2  time 0.89565 1.68249 48.3903
Iteration 635  HV  cores 1563 1470 1  time 0.896508 1.68249 48.6321
Iteration 636  HV  cores 1564 1471 1  time 0.897612 1.68249 49.1609
Iteration 637  HV  cores 1565 1472 1  time 0.898441 1.68249 49.4251
Iteration 638  HV  cores 1566 1473 1  time 0.899354 1.68249 50.1542
Iteration 639  HV  cores 1567 1474 1  time 0.900174 1.68249 50.6808
Iteration 640  HV  cores 1569 1476 2  time 0.901381 1.68249 51.2149
Iteration 641  HV  cores 1571 1478 2  time 0.902706 1.68249 52.1287
Iteration 642 MHV  lb 7341 ub 7341  time 0.903149 1.88834 52.1287
Optimal value: 7341
Real time: 55.1053
CPU time: 101.742
