lb 7572 ub 20197 before adjustment
292 unsorted cost functions
lb 0 ub 12625 after adjustment
costs ready
123 variables 561 functions 7572 lb, 12625 ub
Iteration 0  HV  cores 1 1 1  time 0.00129 0 0
Iteration 1  HV  cores 2 2 1  time 0.002554 0 0
Iteration 2  HV  cores 3 3 1  time 0.003885 0 0
Iteration 3  HV  cores 4 4 1  time 0.005192 0 0
Iteration 4  HV  cores 5 5 1  time 0.006459 0 0
Iteration 5  HV  cores 6 6 1  time 0.00775 0 0
Iteration 6  HV  cores 7 7 1  time 0.009016 0 0
Iteration 7  HV  cores 8 8 1  time 0.010235 0 0
Iteration 8  HV  cores 9 9 1  time 0.011586 0 0
Iteration 9  HV  cores 10 10 1  time 0.012923 0 0
Iteration 10  HV  cores 11 11 1  time 0.01421 0 0
Iteration 11  HV  cores 12 12 1  time 0.015486 0 0
Iteration 12  HV  cores 13 13 1  time 0.016788 0 0
Iteration 13  HV  cores 14 14 1  time 0.018046 0 0
Iteration 14  HV  cores 15 15 1  time 0.019378 0 0
Iteration 15  HV  cores 16 16 1  time 0.020664 0 0
Iteration 16  HV  cores 17 17 1  time 0.021948 0 0
Iteration 17  HV  cores 18 18 1  time 0.023267 0 0
Iteration 18  HV  cores 19 19 1  time 0.024564 0 0
Iteration 19  HV  cores 20 20 1  time 0.02584 0 0
Iteration 20  HV  cores 21 21 1  time 0.027261 0 0
Iteration 21  HV  cores 22 22 1  time 0.028509 0 0
Iteration 22  HV  cores 23 23 1  time 0.029946 0 0
Iteration 23  HV  cores 24 24 1  time 0.031394 0 0
Iteration 24  HV  cores 25 25 1  time 0.032692 0 0
Iteration 25  HV  cores 26 26 1  time 0.033939 0 0
Iteration 26  HV  cores 27 27 1  time 0.03526 0 0
Iteration 27  HV  cores 28 28 1  time 0.036677 0 0
Iteration 28  HV  cores 29 29 1  time 0.037972 0 0
Iteration 29  HV  cores 30 30 1  time 0.039366 0 0
Iteration 30  HV  cores 31 31 1  time 0.040753 0 0
Iteration 31  HV  cores 32 32 1  time 0.042077 0 0
Iteration 32  HV  cores 33 33 1  time 0.043344 0 0
Iteration 33  HV  cores 34 34 1  time 0.044675 0 0
Iteration 34  HV  cores 35 35 1  time 0.045959 0 0
Iteration 35  HV  cores 36 36 1  time 0.047189 0 0
Iteration 36  HV  cores 37 37 1  time 0.048497 0 0
Iteration 37  HV  cores 38 38 1  time 0.049771 0 0
Iteration 38  HV  cores 39 39 1  time 0.051218 0 0
Iteration 39  HV  cores 40 40 1  time 0.053046 0 0
Iteration 40  HV  cores 41 38 1  time 0.054304 0 0
Iteration 41  HV  cores 42 39 1  time 0.055742 0 0
Iteration 42  HV  cores 43 40 1  time 0.059537 0 0
Iteration 43  HV  cores 44 41 1  time 0.062446 0 0
Iteration 44  HV  cores 45 42 1  time 0.063788 0 0
Iteration 45  HV  cores 46 43 1  time 0.065595 0 0
Iteration 46  HV  cores 47 42 1  time 0.067263 0 0
Iteration 47  HV  cores 48 43 1  time 0.06856 0 0
Iteration 48  HV  cores 49 44 1  time 0.070825 0 0
Iteration 49  HV  cores 50 45 1  time 0.080287 0 0
Iteration 50  HV  cores 51 44 1  time 0.081782 0 0
Iteration 51  HV  cores 52 45 1  time 0.084906 0 0
Iteration 52  HV  cores 53 46 1  time 0.086521 0 0
Iteration 53  HV  cores 54 47 1  time 0.09059 0 0
Iteration 54  HV  cores 55 46 1  time 0.091994 0 0
Iteration 55  HV  cores 56 47 1  time 0.095089 0 0
Iteration 56  HV  cores 57 48 1  time 0.101129 0 0
Iteration 57  HV  cores 58 49 1  time 0.105084 0 0
Iteration 58  HV  cores 59 50 1  time 0.118353 0 0
Iteration 59  HV  cores 60 50 1  time 0.127742 0 0
Iteration 60  HV  cores 61 51 1  time 0.137029 0 0
Iteration 61  HV  cores 62 50 1  time 0.13885 0 0
Iteration 62  HV  cores 63 51 1  time 0.141174 0 0
Iteration 63  HV  cores 64 49 1  time 0.142605 0 0
Iteration 64  HV  cores 65 50 1  time 0.19765 0 0
Iteration 65  HV  cores 66 50 1  time 0.253309 0 0
Iteration 66  HV  cores 67 50 1  time 0.258221 0 0
Iteration 67  HV  cores 68 49 1  time 0.259448 0 0
Iteration 68  HV  cores 69 50 1  time 0.261411 0 0
Iteration 69  HV  cores 70 51 1  time 0.384059 0 0
Iteration 70  HV  cores 71 50 1  time 0.385366 0 0
Iteration 71  HV  cores 72 51 1  time 0.507216 0 0
Iteration 72  HV  cores 73 51 1  time 0.563001 0 0
Iteration 73  HV  cores 74 51 1  time 0.564629 0 0
Iteration 74  HV  cores 75 51 1  time 0.565965 0 0
Iteration 75  HV  cores 76 52 1  time 2.11897 0 0
Iteration 76  HV  cores 77 52 1  time 2.12052 0 0
Iteration 77  HV  cores 78 53 1  time 3.13556 0 0
Iteration 78  HV  cores 79 53 1  time 3.1377 0 0
Iteration 79  HV  cores 80 54 1  time 15.0787 0 0
Iteration 80  HV  cores 81 54 1  time 23.9821 0 0
Iteration 81  HV  cores 82 54 1  time 95.9846 0 0
Iteration 82  HV  cores 83 54 1  time 108.805 0 0
Iteration 83  HV  cores 84 51 1  time 108.806 0 0
Iteration 84  HV  cores 85 52 1  time 884.234 0 0
Iteration 85  HV  cores 86 52 1  time 1636.77 0 0
Iteration 86  HV  cores 87 52 1  time 3072.11 0 0
