lb 1046 ub 84822 before adjustment
797 unsorted cost functions
lb 0 ub 83776 after adjustment
costs ready
567 variables 1399 functions 1046 lb, 83776 ub
Iteration 0  HV  cores 6 6 6  time 0.002235 0 0.001807
Iteration 1  HV  cores 10 10 4  time 0.003493 0 0.003554
Iteration 2  HV  cores 14 14 4  time 0.00471 0 0.006347
Iteration 3  HV  cores 19 19 5  time 0.006367 0 0.009208
Iteration 4  HV  cores 23 23 4  time 0.007747 0 0.012304
Iteration 5  HV  cores 26 26 3  time 0.008762 0 0.015334
Iteration 6  HV  cores 28 28 2  time 0.009599 0 0.018612
Iteration 7  HV  cores 30 30 2  time 0.010492 0 0.022083
Iteration 8  HV  cores 35 35 5  time 0.012286 0 0.025799
Iteration 9  HV  cores 40 40 5  time 0.013955 0 0.03086
Iteration 10  HV  cores 43 43 3  time 0.01504 0 0.035744
Iteration 11  HV  cores 44 44 1  time 0.015534 0 0.04045
Iteration 12  HV  cores 45 45 1  time 0.016044 0 0.045289
Iteration 13 MHV  lb 1815 ub 2030  time 0.016318 0.001955 0.045289
Iteration 14  HV  cores 49 49 4  time 0.017665 0.001955 0.04964
Iteration 15  HV  cores 52 52 3  time 0.018999 0.001955 0.055082
Iteration 16  HV  cores 56 56 4  time 0.020307 0.001955 0.063938
Iteration 17  HV  cores 58 58 2  time 0.021228 0.001955 0.069988
Iteration 18  HV  cores 60 60 2  time 0.022194 0.001955 0.076012
Iteration 19  HV  cores 64 63 4  time 0.023515 0.001955 0.082188
Iteration 20  HV  cores 67 66 3  time 0.024648 0.001955 0.093873
Iteration 21  HV  cores 69 68 2  time 0.0255 0.001955 0.105629
Iteration 22  HV  cores 72 70 3  time 0.026525 0.001955 0.11212
Iteration 23  HV  cores 73 71 1  time 0.027057 0.001955 0.122565
Iteration 24  HV  cores 75 73 2  time 0.027868 0.001955 0.128408
Iteration 25  HV  cores 76 74 1  time 0.028366 0.001955 0.141314
Iteration 26  HV  cores 78 76 2  time 0.029185 0.001955 0.147342
Iteration 27  HV  cores 80 78 2  time 0.029989 0.001955 0.158708
Iteration 28  HV  cores 82 80 2  time 0.030778 0.001955 0.165566
Iteration 29  HV  cores 85 83 3  time 0.032004 0.001955 0.17251
Iteration 30  HV  cores 87 85 2  time 0.032856 0.001955 0.178756
Iteration 31  HV  cores 88 86 1  time 0.033362 0.001955 0.190599
Iteration 32  HV  cores 90 88 2  time 0.034213 0.001955 0.197059
Iteration 33  HV  cores 91 89 1  time 0.034725 0.001955 0.20418
Iteration 34  HV  cores 93 91 2  time 0.035493 0.001955 0.217031
Iteration 35  HV  cores 95 93 2  time 0.036287 0.001955 0.223711
Iteration 36  HV  cores 97 95 2  time 0.037082 0.001955 0.231105
Iteration 37  HV  cores 99 97 2  time 0.037858 0.001955 0.238564
Iteration 38  HV  cores 101 99 2  time 0.0386 0.001955 0.245904
Iteration 39  HV  cores 102 100 1  time 0.039163 0.001955 0.26943
Iteration 40  HV  cores 103 101 1  time 0.039663 0.001955 0.283323
Iteration 41  HV  cores 104 102 1  time 0.040243 0.001955 0.297153
Iteration 42  HV  cores 105 103 1  time 0.040744 0.001955 0.30436
Iteration 43  HV  cores 107 105 2  time 0.041611 0.001955 0.323316
Iteration 44  HV  cores 108 106 1  time 0.042115 0.001955 0.346429
Iteration 45  HV  cores 109 107 1  time 0.042698 0.001955 0.372375
Iteration 46  HV  cores 110 108 1  time 0.043344 0.001955 0.380024
Iteration 47  HV  cores 111 109 1  time 0.043867 0.001955 0.395108
Iteration 48  HV  cores 113 111 2  time 0.044623 0.001955 0.402866
Iteration 49  HV  cores 115 113 2  time 0.045376 0.001955 0.429651
Iteration 50  HV  cores 116 114 1  time 0.045948 0.001955 0.437485
Iteration 51  HV  cores 117 115 1  time 0.046459 0.001955 0.445103
Iteration 52  HV  cores 118 115 1  time 0.04697 0.001955 0.473811
Iteration 53  HV  cores 119 116 1  time 0.047479 0.001955 0.501889
Iteration 54  HV  cores 120 117 1  time 0.047983 0.001955 0.529794
Iteration 55  HV  cores 121 118 1  time 0.048578 0.001955 0.537707
Iteration 56  HV  cores 123 120 2  time 0.049414 0.001955 0.566409
Iteration 57  HV  cores 125 122 2  time 0.050331 0.001955 0.574385
Iteration 58  HV  cores 128 125 3  time 0.051506 0.001955 0.604129
Iteration 59  HV  cores 130 127 2  time 0.052293 0.001955 0.612328
Iteration 60  HV  cores 131 128 1  time 0.052803 0.001955 0.643191
Iteration 61  HV  cores 132 129 1  time 0.053296 0.001955 0.672612
Iteration 62  HV  cores 133 130 1  time 0.053802 0.001955 0.701821
Iteration 63  HV  cores 134 131 1  time 0.054309 0.001955 0.733854
Iteration 64  HV  cores 135 132 1  time 0.054823 0.001955 0.762992
Iteration 65  HV  cores 136 133 1  time 0.055342 0.001955 0.794548
Iteration 66  HV  cores 137 134 1  time 0.055857 0.001955 0.810851
Iteration 67  HV  cores 138 135 1  time 0.05641 0.001955 0.819307
Iteration 68  HV  cores 140 137 2  time 0.057174 0.001955 0.848235
Iteration 69  HV  cores 141 138 1  time 0.057708 0.001955 0.85675
Iteration 70  HV  cores 142 139 1  time 0.058312 0.001955 0.891457
Iteration 71  HV  cores 143 140 1  time 0.058816 0.001955 0.916161
Iteration 72  HV  cores 144 141 1  time 0.059319 0.001955 0.92481
Iteration 73  HV  cores 146 143 2  time 0.060076 0.001955 0.954875
Iteration 74  HV  cores 147 144 1  time 0.060595 0.001955 0.972383
Iteration 75  HV  cores 148 145 1  time 0.061109 0.001955 1.0049
Iteration 76  HV  cores 150 147 2  time 0.061969 0.001955 1.03824
Iteration 77  HV  cores 151 148 1  time 0.0625 0.001955 1.04733
Iteration 78  HV  cores 152 149 1  time 0.063046 0.001955 1.06569
Iteration 79  HV  cores 153 150 1  time 0.063558 0.001955 1.07496
Iteration 80  HV  cores 154 151 1  time 0.064062 0.001955 1.11162
Iteration 81  HV  cores 155 152 1  time 0.064585 0.001955 1.12096
Iteration 82  HV  cores 156 153 1  time 0.065122 0.001955 1.15742
Iteration 83  HV  cores 157 154 1  time 0.065627 0.001955 1.16681
Iteration 84  HV  cores 158 155 1  time 0.066146 0.001955 1.20045
Iteration 85  HV  cores 159 156 1  time 0.066662 0.001955 1.23622
Iteration 86  HV  cores 160 157 1  time 0.067182 0.001955 1.26823
Iteration 87  HV  cores 161 158 1  time 0.067683 0.001955 1.30139
Iteration 88  HV  cores 162 159 1  time 0.068222 0.001955 1.31097
Iteration 89  HV  cores 164 161 2  time 0.069038 0.001955 1.33162
Iteration 90  HV  cores 165 162 1  time 0.069622 0.001955 1.34155
Iteration 91  HV  cores 166 163 1  time 0.070168 0.001955 1.37508
Iteration 92  HV  cores 167 164 1  time 0.070685 0.001955 1.41093
Iteration 93  HV  cores 168 165 1  time 0.071258 0.001955 1.42085
Iteration 94  HV  cores 169 166 1  time 0.071832 0.001955 1.4307
Iteration 95  HV  cores 171 168 2  time 0.07262 0.001955 1.4632
Iteration 96  HV  cores 173 170 2  time 0.073464 0.001955 1.50369
Iteration 97  HV  cores 174 171 1  time 0.073982 0.001955 1.53871
Iteration 98  HV  cores 175 172 1  time 0.07452 0.001955 1.57486
Iteration 99  HV  cores 176 173 1  time 0.075026 0.001955 1.61079
Iteration 100  HV  cores 177 174 1  time 0.075535 0.001955 1.62093
Iteration 101  HV  cores 178 175 1  time 0.076084 0.001955 1.65673
Iteration 102  HV  cores 179 176 1  time 0.076619 0.001955 1.67627
Iteration 103  HV  cores 180 177 1  time 0.077136 0.001955 1.71312
Iteration 104  HV  cores 181 178 1  time 0.077689 0.001955 1.74586
Iteration 105  HV  cores 182 179 1  time 0.078245 0.001955 1.77858
Iteration 106  HV  cores 183 180 1  time 0.078762 0.001955 1.81675
Iteration 107  HV  cores 184 181 1  time 0.079276 0.001955 1.82721
Iteration 108  HV  cores 186 183 2  time 0.080058 0.001955 1.86601
Iteration 109  HV  cores 187 184 1  time 0.080566 0.001955 1.90483
Iteration 110  HV  cores 189 186 2  time 0.081351 0.001955 1.94053
Iteration 111  HV  cores 191 188 2  time 0.082169 0.001955 1.98305
Iteration 112  HV  cores 192 189 1  time 0.082673 0.001955 2.02846
Iteration 113  HV  cores 193 190 1  time 0.083191 0.001955 2.06571
Iteration 114  HV  cores 194 191 1  time 0.083707 0.001955 2.07672
Iteration 115  HV  cores 195 192 1  time 0.084215 0.001955 2.11338
Iteration 116  HV  cores 197 194 2  time 0.085074 0.001955 2.15383
Iteration 117  HV  cores 198 195 1  time 0.085583 0.001955 2.16499
Iteration 118  HV  cores 199 196 1  time 0.086091 0.001955 2.199
Iteration 119  HV  cores 201 198 2  time 0.087094 0.001955 2.24149
Iteration 120  HV  cores 202 199 1  time 0.087608 0.001955 2.25276
Iteration 121  HV  cores 203 200 1  time 0.088134 0.001955 2.29475
Iteration 122  HV  cores 204 201 1  time 0.08865 0.001955 2.30617
Iteration 123  HV  cores 205 202 1  time 0.089235 0.001955 2.31757
Iteration 124  HV  cores 206 203 1  time 0.089743 0.001955 2.35984
Iteration 125  HV  cores 207 204 1  time 0.090253 0.001955 2.37166
Iteration 126  HV  cores 208 205 1  time 0.090771 0.001955 2.41665
Iteration 127  HV  cores 210 207 2  time 0.091552 0.001955 2.4593
Iteration 128  HV  cores 211 208 1  time 0.09212 0.001955 2.50509
Iteration 129  HV  cores 212 209 1  time 0.092685 0.001955 2.54948
Iteration 130  HV  cores 213 210 1  time 0.093194 0.001955 2.56161
Iteration 131  HV  cores 214 211 1  time 0.093732 0.001955 2.61727
Iteration 132  HV  cores 215 212 1  time 0.094245 0.001955 2.6294
Iteration 133  HV  cores 216 212 1  time 0.094738 0.001955 2.66955
Iteration 134  HV  cores 217 213 1  time 0.095291 0.001955 2.68184
Iteration 135  HV  cores 218 214 1  time 0.095801 0.001955 2.72376
Iteration 136  HV  cores 219 215 1  time 0.096311 0.001955 2.736
Iteration 137  HV  cores 220 216 1  time 0.096914 0.001955 2.77384
Iteration 138  HV  cores 222 218 2  time 0.097719 0.001955 2.81359
Iteration 139  HV  cores 223 219 1  time 0.098233 0.001955 2.82596
Iteration 140  HV  cores 224 219 1  time 0.098744 0.001955 2.86436
Iteration 141  HV  cores 225 220 1  time 0.099254 0.001955 2.90113
Iteration 142  HV  cores 227 222 2  time 0.100133 0.001955 2.94171
Iteration 143  HV  cores 229 224 2  time 0.100959 0.001955 2.98984
Iteration 144  HV  cores 230 225 1  time 0.10148 0.001955 3.03892
Iteration 145  HV  cores 231 226 1  time 0.102002 0.001955 3.08545
Iteration 146  HV  cores 233 228 2  time 0.102879 0.001955 3.09879
Iteration 147  HV  cores 234 229 1  time 0.103404 0.001955 3.16459
Iteration 148  HV  cores 236 231 2  time 0.104189 0.001955 3.17786
Iteration 149  HV  cores 237 232 1  time 0.104708 0.001955 3.22825
Iteration 150  HV  cores 238 233 1  time 0.105238 0.001955 3.28028
Iteration 151  HV  cores 240 235 2  time 0.106031 0.001955 3.29393
Iteration 152  HV  cores 241 236 1  time 0.106543 0.001955 3.33683
Iteration 153  HV  cores 242 237 1  time 0.107072 0.001955 3.37706
Iteration 154  HV  cores 243 238 1  time 0.107591 0.001955 3.41735
Iteration 155  HV  cores 245 240 2  time 0.10844 0.001955 3.46405
Iteration 156  HV  cores 247 242 2  time 0.109278 0.001955 3.50843
Iteration 157  HV  cores 248 243 1  time 0.109796 0.001955 3.55452
Iteration 158  HV  cores 249 244 1  time 0.110313 0.001955 3.59822
Iteration 159  HV  cores 250 245 1  time 0.110825 0.001955 3.64406
Iteration 160  HV  cores 251 246 1  time 0.111362 0.001955 3.65785
Iteration 161  HV  cores 252 247 1  time 0.111876 0.001955 3.73526
Iteration 162  HV  cores 253 248 1  time 0.11239 0.001955 3.82687
Iteration 163  HV  cores 254 249 1  time 0.112921 0.001955 3.88486
Iteration 164  HV  cores 255 250 1  time 0.113475 0.001955 3.9604
Iteration 165  HV  cores 256 251 1  time 0.113989 0.001955 4.04704
Iteration 166  HV  cores 257 252 1  time 0.114531 0.001955 4.14046
Iteration 167  HV  cores 259 254 2  time 0.115366 0.001955 4.15499
Iteration 168  HV  cores 260 255 1  time 0.115897 0.001955 4.21407
Iteration 169  HV  cores 261 256 1  time 0.116409 0.001955 4.22842
Iteration 170  HV  cores 262 257 1  time 0.116988 0.001955 4.37969
Iteration 171  HV  cores 263 258 1  time 0.117629 0.001955 4.39417
Iteration 172  HV  cores 264 259 1  time 0.118148 0.001955 4.49627
Iteration 173  HV  cores 265 260 1  time 0.118659 0.001955 4.61545
Iteration 174  HV  cores 266 261 1  time 0.119206 0.001955 4.63026
Iteration 175  HV  cores 268 263 2  time 0.120018 0.001955 4.70219
Iteration 176  HV  cores 269 264 1  time 0.120556 0.001955 4.82556
Iteration 177 MHV  lb 2030 ub 2030  time 0.120809 0.002529 4.82556
Optimal value: 2030
Real time: 4.9855
CPU time: 12.1866
