lb 10148 ub 147342 before adjustment
745 unsorted cost functions
lb 0 ub 137194 after adjustment
costs ready
ub 86661 after 2nd adjustment
536 variables 1338 functions 10148 lb, 86661 ub
Iteration 0  HV  cores 9 9 9  time 0.004028 0 0.001977
Iteration 1  HV  cores 16 16 7  time 0.006712 0 0.005444
Iteration 2  HV  cores 24 24 8  time 0.009408 0 0.008984
Iteration 3  HV  cores 33 32 9  time 0.012569 0 0.012887
Iteration 4  HV  cores 39 38 6  time 0.014877 0 0.016868
Iteration 5  HV  cores 44 43 5  time 0.016549 0 0.022382
Iteration 6  HV  cores 49 48 5  time 0.018519 0 0.027159
Iteration 7  HV  cores 55 54 6  time 0.020647 0 0.032778
Iteration 8  HV  cores 59 58 4  time 0.022259 0 0.039072
Iteration 9  HV  cores 64 62 5  time 0.024052 0 0.045645
Iteration 10  HV  cores 67 64 3  time 0.025325 0 0.052343
Iteration 11  HV  cores 70 67 3  time 0.026868 0 0.059364
Iteration 12  HV  cores 74 70 4  time 0.028414 0 0.066321
Iteration 13  HV  cores 76 72 2  time 0.029228 0 0.072691
Iteration 14  HV  cores 78 74 2  time 0.030059 0 0.07937
Iteration 15  HV  cores 80 75 2  time 0.030868 0 0.085943
Iteration 16  HV  cores 81 76 1  time 0.031476 0 0.092571
Iteration 17  HV  cores 83 78 2  time 0.032324 0 0.09899
Iteration 18  HV  cores 88 83 5  time 0.034056 0 0.105398
Iteration 19  HV  cores 92 87 4  time 0.03546 0 0.112584
Iteration 20  HV  cores 96 91 4  time 0.037251 0 0.119839
Iteration 21  HV  cores 100 95 4  time 0.0388 0 0.12719
Iteration 22  HV  cores 102 97 2  time 0.039668 0 0.134522
Iteration 23  HV  cores 103 98 1  time 0.040207 0 0.142001
Iteration 24  HV  cores 107 102 4  time 0.042115 0 0.149493
Iteration 25  HV  cores 111 106 4  time 0.043733 0 0.157275
Iteration 26  HV  cores 115 110 4  time 0.045312 0 0.165356
Iteration 27  HV  cores 117 112 2  time 0.046292 0 0.173543
Iteration 28  HV  cores 118 113 1  time 0.04694 0 0.181996
Iteration 29  HV  cores 119 114 1  time 0.047492 0 0.190588
Iteration 30  HV  cores 121 116 2  time 0.048383 0 0.199445
Iteration 31  HV  cores 126 121 5  time 0.050276 0 0.208614
Iteration 32  HV  cores 129 124 3  time 0.051568 0 0.217822
Iteration 33  HV  cores 133 128 4  time 0.053104 0 0.227348
Iteration 34  HV  cores 135 130 2  time 0.054258 0 0.237001
Iteration 35  HV  cores 137 132 2  time 0.055246 0 0.24695
Iteration 36  HV  cores 138 132 1  time 0.055857 0 0.256732
Iteration 37  HV  cores 142 136 4  time 0.057273 0 0.26685
Iteration 38  HV  cores 145 139 3  time 0.058512 0 0.277211
Iteration 39  HV  cores 149 143 4  time 0.060019 0 0.288046
Iteration 40  HV  cores 152 146 3  time 0.06124 0 0.299331
Iteration 41  HV  cores 155 149 3  time 0.062337 0 0.310744
Iteration 42  HV  cores 156 150 1  time 0.062902 0 0.321944
Iteration 43  HV  cores 158 152 2  time 0.063759 0 0.333041
Iteration 44  HV  cores 160 154 2  time 0.064576 0 0.344446
Iteration 45  HV  cores 161 155 1  time 0.065119 0 0.355942
Iteration 46  HV  cores 163 157 2  time 0.066035 0 0.367504
Iteration 47  HV  cores 165 159 2  time 0.066888 0 0.379135
Iteration 48  HV  cores 167 161 2  time 0.067849 0 0.39081
Iteration 49  HV  cores 169 163 2  time 0.068788 0 0.402602
Iteration 50  HV  cores 172 166 3  time 0.070012 0 0.414626
Iteration 51  HV  cores 174 168 2  time 0.070865 0 0.42663
Iteration 52 MHV  lb 11556 ub 11849  time 0.071173 0.011458 0.42663
Iteration 53  HV  cores 176 170 2  time 0.072184 0.011458 0.450534
Iteration 54  HV  cores 178 171 2  time 0.07304 0.011458 0.464279
Iteration 55  HV  cores 180 173 2  time 0.07394 0.011458 0.478473
Iteration 56  HV  cores 183 176 3  time 0.075069 0.011458 0.506296
Iteration 57  HV  cores 184 177 1  time 0.075685 0.011458 0.520849
Iteration 58  HV  cores 187 180 3  time 0.076938 0.011458 0.548209
Iteration 59  HV  cores 191 184 4  time 0.07857 0.011458 0.563773
Iteration 60  HV  cores 194 186 3  time 0.079705 0.011458 0.590083
Iteration 61  HV  cores 196 188 2  time 0.080581 0.011458 0.605698
Iteration 62  HV  cores 197 189 1  time 0.081167 0.011458 0.621299
Iteration 63  HV  cores 200 191 3  time 0.08232 0.011458 0.637548
Iteration 64  HV  cores 204 195 4  time 0.084025 0.011458 0.653647
Iteration 65  HV  cores 206 197 2  time 0.084906 0.011458 0.685257
Iteration 66  HV  cores 208 199 2  time 0.085847 0.011458 0.700203
Iteration 67  HV  cores 211 202 3  time 0.086977 0.011458 0.716652
Iteration 68  HV  cores 213 204 2  time 0.087834 0.011458 0.747093
Iteration 69  HV  cores 215 206 2  time 0.088683 0.011458 0.77721
Iteration 70  HV  cores 217 208 2  time 0.089526 0.011458 0.818249
Iteration 71  HV  cores 218 209 1  time 0.090134 0.011458 0.859262
Iteration 72  HV  cores 220 211 2  time 0.091118 0.011458 0.876241
Iteration 73  HV  cores 222 213 2  time 0.092007 0.011458 0.912724
Iteration 74  HV  cores 223 214 1  time 0.092569 0.011458 0.928045
Iteration 75  HV  cores 224 215 1  time 0.093218 0.011458 0.945323
Iteration 76  HV  cores 225 216 1  time 0.093854 0.011458 0.962747
Iteration 77  HV  cores 226 217 1  time 0.094406 0.011458 0.980378
Iteration 78  HV  cores 228 219 2  time 0.0953 0.011458 0.998125
Iteration 79  HV  cores 230 221 2  time 0.09613 0.011458 1.03854
Iteration 80  HV  cores 232 223 2  time 0.097147 0.011458 1.05479
Iteration 81  HV  cores 234 225 2  time 0.097983 0.011458 1.08781
Iteration 82  HV  cores 236 227 2  time 0.098845 0.011458 1.12077
Iteration 83  HV  cores 240 231 4  time 0.100403 0.011458 1.15576
Iteration 84  HV  cores 243 234 3  time 0.101566 0.011458 1.2007
Iteration 85  HV  cores 245 236 2  time 0.102501 0.011458 1.21728
Iteration 86  HV  cores 247 238 2  time 0.103405 0.011458 1.23639
Iteration 87  HV  cores 248 239 1  time 0.103968 0.011458 1.25567
Iteration 88  HV  cores 249 240 1  time 0.104538 0.011458 1.30757
Iteration 89  HV  cores 251 242 2  time 0.105533 0.011458 1.36278
Iteration 90  HV  cores 252 243 1  time 0.106096 0.011458 1.38037
Iteration 91  HV  cores 255 246 3  time 0.107282 0.011458 1.44743
Iteration 92  HV  cores 257 248 2  time 0.108137 0.011458 1.53236
Iteration 93  HV  cores 258 249 1  time 0.108865 0.011458 1.55053
Iteration 94  HV  cores 260 251 2  time 0.10979 0.011458 1.60366
Iteration 95  HV  cores 264 255 4  time 0.111338 0.011458 1.62171
Iteration 96  HV  cores 267 257 3  time 0.112832 0.011458 1.67889
Iteration 97  HV  cores 268 258 1  time 0.11351 0.011458 1.69728
Iteration 98  HV  cores 270 260 2  time 0.114371 0.011458 1.73826
Iteration 99  HV  cores 272 262 2  time 0.115264 0.011458 1.82853
Iteration 100  HV  cores 274 264 2  time 0.116187 0.011458 1.84721
Iteration 101  HV  cores 275 265 1  time 0.116772 0.011458 1.8873
Iteration 102  HV  cores 276 266 1  time 0.117338 0.011458 1.92744
Iteration 103  HV  cores 278 268 2  time 0.118247 0.011458 2.00604
Iteration 104  HV  cores 280 270 2  time 0.119255 0.011458 2.02512
Iteration 105  HV  cores 281 271 1  time 0.119849 0.011458 2.09135
Iteration 106  HV  cores 282 272 1  time 0.12041 0.011458 2.17023
Iteration 107  HV  cores 283 273 1  time 0.121043 0.011458 2.22698
Iteration 108  HV  cores 284 274 1  time 0.121727 0.011458 2.24621
Iteration 109  HV  cores 286 276 2  time 0.122611 0.011458 2.30548
Iteration 110  HV  cores 287 277 1  time 0.123299 0.011458 2.32508
Iteration 111  HV  cores 289 279 2  time 0.124125 0.011458 2.40011
Iteration 112  HV  cores 291 281 2  time 0.125104 0.011458 2.41993
Iteration 113  HV  cores 293 283 2  time 0.125965 0.011458 2.54227
Iteration 114  HV  cores 297 286 4  time 0.127436 0.011458 2.60855
Iteration 115  HV  cores 298 287 1  time 0.128087 0.011458 2.62902
Iteration 116  HV  cores 299 288 1  time 0.128664 0.011458 2.73025
Iteration 117  HV  cores 300 289 1  time 0.129306 0.011458 2.7506
Iteration 118  HV  cores 303 292 3  time 0.130481 0.011458 2.8663
Iteration 119  HV  cores 304 293 1  time 0.131121 0.011458 2.98411
Iteration 120  HV  cores 306 295 2  time 0.132122 0.011458 3.02862
Iteration 121  HV  cores 309 298 3  time 0.133392 0.011458 3.05004
Iteration 122  HV  cores 310 299 1  time 0.13396 0.011458 3.14229
Iteration 123  HV  cores 312 301 2  time 0.134915 0.011458 3.16343
Iteration 124  HV  cores 313 302 1  time 0.135676 0.011458 3.28849
Iteration 125  HV  cores 315 304 2  time 0.136617 0.011458 3.3573
Iteration 126  HV  cores 316 305 1  time 0.137267 0.011458 3.379
Iteration 127  HV  cores 318 307 2  time 0.138107 0.011458 3.46027
Iteration 128  HV  cores 320 309 2  time 0.139044 0.011458 3.48218
Iteration 129  HV  cores 321 310 1  time 0.139672 0.011458 3.6109
Iteration 130  HV  cores 323 312 2  time 0.140672 0.011458 3.72281
Iteration 131  HV  cores 324 313 1  time 0.14125 0.011458 3.84054
Iteration 132  HV  cores 325 314 1  time 0.141944 0.011458 3.91282
Iteration 133  HV  cores 326 312 1  time 0.142498 0.011458 3.93528
Iteration 134  HV  cores 327 313 1  time 0.143213 0.011458 4.04404
Iteration 135  HV  cores 329 315 2  time 0.14415 0.011458 4.15446
Iteration 136  HV  cores 331 317 2  time 0.145088 0.011458 4.26976
Iteration 137  HV  cores 332 318 1  time 0.145723 0.011458 4.38141
Iteration 138  HV  cores 333 319 1  time 0.146271 0.011458 4.49476
Iteration 139  HV  cores 334 320 1  time 0.146994 0.011458 4.61054
Iteration 140  HV  cores 336 322 2  time 0.147921 0.011458 4.74532
Iteration 141  HV  cores 338 324 2  time 0.14885 0.011458 4.86039
Iteration 142  HV  cores 340 326 2  time 0.149837 0.011458 4.97371
Iteration 143  HV  cores 342 328 2  time 0.150863 0.011458 5.08894
Iteration 144  HV  cores 343 329 1  time 0.151507 0.011458 5.21546
Iteration 145  HV  cores 345 331 2  time 0.152403 0.011458 5.42702
Iteration 146  HV  cores 347 333 2  time 0.15329 0.011458 5.45106
Iteration 147  HV  cores 349 335 2  time 0.154359 0.011458 5.69517
Iteration 148  HV  cores 350 336 1  time 0.155033 0.011458 5.71954
Iteration 149  HV  cores 352 338 2  time 0.155961 0.011458 5.74397
Iteration 150 MHV  lb 11768 ub 11828  time 0.156231 0.226869 5.74397
Iteration 151  HV  cores 353 339 1  time 0.157043 0.226869 5.76856
Iteration 152  HV  cores 354 340 1  time 0.157679 0.226869 6.12944
Iteration 153  HV  cores 355 341 1  time 0.158293 0.226869 6.15354
Iteration 154  HV  cores 356 342 1  time 0.158935 0.226869 6.17793
Iteration 155  HV  cores 357 343 1  time 0.159565 0.226869 6.39237
Iteration 156  HV  cores 359 345 2  time 0.160514 0.226869 6.51732
Iteration 157  HV  cores 363 349 4  time 0.162288 0.226869 6.64026
Iteration 158  HV  cores 364 350 1  time 0.162839 0.226869 6.75759
Iteration 159  HV  cores 365 351 1  time 0.163495 0.226869 6.84932
Iteration 160  HV  cores 366 352 1  time 0.164075 0.226869 6.96852
Iteration 161  HV  cores 367 353 1  time 0.16471 0.226869 7.15948
Iteration 162  HV  cores 368 354 1  time 0.165341 0.226869 7.39508
Iteration 163  HV  cores 369 355 1  time 0.166012 0.226869 7.50888
Iteration 164  HV  cores 371 357 2  time 0.166903 0.226869 7.60398
Iteration 165  HV  cores 372 358 1  time 0.167531 0.226869 7.86645
Iteration 166  HV  cores 373 359 1  time 0.168171 0.226869 8.10416
Iteration 167  HV  cores 374 360 1  time 0.168731 0.226869 8.12965
Iteration 168  HV  cores 376 362 2  time 0.169692 0.226869 8.3781
Iteration 169  HV  cores 377 363 1  time 0.17034 0.226869 8.62398
Iteration 170  HV  cores 379 365 2  time 0.171245 0.226869 8.7457
Iteration 171  HV  cores 380 366 1  time 0.171807 0.226869 9.00821
Iteration 172  HV  cores 381 366 1  time 0.172358 0.226869 9.18816
Iteration 173  HV  cores 382 367 1  time 0.172929 0.226869 9.29444
Iteration 174  HV  cores 383 368 1  time 0.173493 0.226869 9.58799
Iteration 175  HV  cores 384 369 1  time 0.174129 0.226869 9.6147
Iteration 176  HV  cores 386 371 2  time 0.175001 0.226869 9.64139
Iteration 177  HV  cores 388 373 2  time 0.175842 0.226869 9.88022
Iteration 178  HV  cores 389 374 1  time 0.176409 0.226869 10.1529
Iteration 179  HV  cores 390 375 1  time 0.17708 0.226869 10.6302
Iteration 180  HV  cores 391 376 1  time 0.177717 0.226869 10.6582
Iteration 181  HV  cores 393 378 2  time 0.178621 0.226869 10.7676
Iteration 182  HV  cores 395 380 2  time 0.179533 0.226869 10.8892
Iteration 183  HV  cores 397 382 2  time 0.180415 0.226869 11.0112
Iteration 184  HV  cores 399 384 2  time 0.181269 0.226869 11.1282
Iteration 185  HV  cores 400 384 1  time 0.181873 0.226869 11.6865
Iteration 186  HV  cores 401 385 1  time 0.182516 0.226869 11.7147
Iteration 187  HV  cores 403 387 2  time 0.183408 0.226869 11.7429
Iteration 188  HV  cores 404 388 1  time 0.18397 0.226869 11.7728
Iteration 189  HV  cores 405 389 1  time 0.184645 0.226869 11.9918
Iteration 190  HV  cores 406 390 1  time 0.185262 0.226869 12.3453
Iteration 191  HV  cores 407 391 1  time 0.185901 0.226869 12.614
Iteration 192  HV  cores 408 392 1  time 0.186471 0.226869 13.1064
Iteration 193 MHV  lb 11793 ub 11793  time 0.186742 0.227534 13.1064
Optimal value: 11793
Real time: 13.5618
CPU time: 37.0521
