lb 5457 ub 138006 before adjustment
1072 unsorted cost functions
lb 0 ub 132549 after adjustment
costs ready
ub 101537 after 2nd adjustment
727 variables 1912 functions 5457 lb, 101537 ub
Iteration 0  HV  cores 18 18 18  time 0.009601 0 0.002517
Iteration 1  HV  cores 29 29 11  time 0.014324 0 0.006864
Iteration 2  HV  cores 37 37 8  time 0.018173 0 0.012653
Iteration 3  HV  cores 45 45 8  time 0.021821 0 0.017191
Iteration 4  HV  cores 51 50 6  time 0.024731 0 0.022135
Iteration 5  HV  cores 58 57 7  time 0.027979 0 0.029264
Iteration 6  HV  cores 65 62 7  time 0.03118 0 0.035298
Iteration 7  HV  cores 71 68 6  time 0.034009 0 0.042318
Iteration 8  HV  cores 76 73 5  time 0.036411 0 0.050255
Iteration 9  HV  cores 81 78 5  time 0.038883 0 0.058884
Iteration 10  HV  cores 85 82 4  time 0.04092 0 0.068022
Iteration 11  HV  cores 88 85 3  time 0.042572 0 0.077695
Iteration 12  HV  cores 92 89 4  time 0.044809 0 0.08822
Iteration 13  HV  cores 98 95 6  time 0.047968 0 0.098129
Iteration 14  HV  cores 103 100 5  time 0.050637 0 0.108243
Iteration 15  HV  cores 107 104 4  time 0.053145 0 0.118603
Iteration 16  HV  cores 113 110 6  time 0.056034 0 0.129255
Iteration 17  HV  cores 118 115 5  time 0.058514 0 0.139996
Iteration 18  HV  cores 122 119 4  time 0.060597 0 0.150867
Iteration 19  HV  cores 126 122 4  time 0.062728 0 0.161996
Iteration 20  HV  cores 129 125 3  time 0.064265 0 0.173211
Iteration 21  HV  cores 133 129 4  time 0.066378 0 0.184611
Iteration 22  HV  cores 136 132 3  time 0.068028 0 0.196149
Iteration 23  HV  cores 140 136 4  time 0.07014 0 0.207923
Iteration 24  HV  cores 144 140 4  time 0.072145 0 0.21992
Iteration 25  HV  cores 148 144 4  time 0.074094 0 0.232046
Iteration 26  HV  cores 153 149 5  time 0.076607 0 0.244499
Iteration 27  HV  cores 158 154 5  time 0.078991 0 0.257265
Iteration 28  HV  cores 162 158 4  time 0.080905 0 0.270134
Iteration 29  HV  cores 165 161 3  time 0.082481 0 0.283299
Iteration 30  HV  cores 168 163 3  time 0.084158 0 0.296663
Iteration 31  HV  cores 171 165 3  time 0.085924 0 0.310125
Iteration 32  HV  cores 173 167 2  time 0.087113 0 0.323628
Iteration 33  HV  cores 175 169 2  time 0.088495 0 0.337387
Iteration 34  HV  cores 178 172 3  time 0.09014 0 0.351336
Iteration 35  HV  cores 180 174 2  time 0.091299 0 0.365449
Iteration 36  HV  cores 182 176 2  time 0.092555 0 0.379662
Iteration 37  HV  cores 184 178 2  time 0.093832 0 0.393944
Iteration 38  HV  cores 186 180 2  time 0.09518 0 0.408647
Iteration 39  HV  cores 189 183 3  time 0.096883 0 0.423034
Iteration 40  HV  cores 191 185 2  time 0.098217 0 0.437697
Iteration 41  HV  cores 192 186 1  time 0.098985 0 0.452617
Iteration 42  HV  cores 194 188 2  time 0.100249 0 0.467602
Iteration 43  HV  cores 195 189 1  time 0.101168 0 0.482685
Iteration 44  HV  cores 197 191 2  time 0.102409 0 0.497869
Iteration 45  HV  cores 199 193 2  time 0.103673 0 0.51315
Iteration 46  HV  cores 201 195 2  time 0.104917 0 0.528598
Iteration 47  HV  cores 203 197 2  time 0.106095 0 0.544212
Iteration 48  HV  cores 205 199 2  time 0.107296 0 0.559851
Iteration 49  HV  cores 207 200 2  time 0.108495 0 0.575694
Iteration 50  HV  cores 210 203 3  time 0.110098 0 0.591593
Iteration 51  HV  cores 212 205 2  time 0.111271 0 0.607667
Iteration 52  HV  cores 215 208 3  time 0.113009 0 0.623978
Iteration 53  HV  cores 218 211 3  time 0.114592 0 0.640494
Iteration 54  HV  cores 219 212 1  time 0.115515 0 0.657284
Iteration 55  HV  cores 220 213 1  time 0.116274 0 0.673981
Iteration 56  HV  cores 221 214 1  time 0.117024 0 0.690899
Iteration 57  HV  cores 223 216 2  time 0.118126 0 0.707906
Iteration 58  HV  cores 225 218 2  time 0.119417 0 0.725056
Iteration 59  HV  cores 226 219 1  time 0.120271 0 0.742337
Iteration 60  HV  cores 227 219 1  time 0.121184 0 0.759802
Iteration 61  HV  cores 229 221 2  time 0.122422 0 0.777134
Iteration 62  HV  cores 231 222 2  time 0.123556 0 0.794509
Iteration 63  HV  cores 232 223 1  time 0.124369 0 0.812025
Iteration 64  HV  cores 233 224 1  time 0.12514 0 0.830016
Iteration 65  HV  cores 235 226 2  time 0.126285 0 0.847899
Iteration 66  HV  cores 237 228 2  time 0.127506 0 0.865881
Iteration 67  HV  cores 239 230 2  time 0.128721 0 0.883918
Iteration 68  HV  cores 241 232 2  time 0.129941 0 0.902627
Iteration 69  HV  cores 242 233 1  time 0.130698 0 0.921111
Iteration 70  HV  cores 243 234 1  time 0.131449 0 0.939562
Iteration 71  HV  cores 244 235 1  time 0.132201 0 0.958121
Iteration 72  HV  cores 247 238 3  time 0.133777 0 0.977119
Iteration 73  HV  cores 250 241 3  time 0.135431 0 0.996347
Iteration 74  HV  cores 253 244 3  time 0.137067 0 1.01541
Iteration 75  HV  cores 257 248 4  time 0.139058 0 1.03455
Iteration 76  HV  cores 260 251 3  time 0.140648 0 1.05404
Iteration 77  HV  cores 262 253 2  time 0.141828 0 1.07344
Iteration 78  HV  cores 265 255 3  time 0.143515 0 1.09295
Iteration 79  HV  cores 268 258 3  time 0.145152 0 1.11295
Iteration 80  HV  cores 271 261 3  time 0.14684 0 1.13339
Iteration 81  HV  cores 274 264 3  time 0.148434 0 1.15402
Iteration 82  HV  cores 277 267 3  time 0.150089 0 1.1747
Iteration 83  HV  cores 281 271 4  time 0.152133 0 1.19622
Iteration 84  HV  cores 285 272 4  time 0.154056 0 1.21786
Iteration 85  HV  cores 287 273 2  time 0.155249 0 1.23934
Iteration 86  HV  cores 289 275 2  time 0.156484 0 1.26091
Iteration 87  HV  cores 292 278 3  time 0.158148 0 1.28236
Iteration 88  HV  cores 295 281 3  time 0.15976 0 1.30402
Iteration 89  HV  cores 298 284 3  time 0.161366 0 1.32593
Iteration 90  HV  cores 300 286 2  time 0.162565 0 1.348
Iteration 91  HV  cores 304 290 4  time 0.164578 0 1.37034
Iteration 92  HV  cores 306 292 2  time 0.165771 0 1.39299
Iteration 93  HV  cores 308 293 2  time 0.166945 0 1.41563
Iteration 94  HV  cores 310 295 2  time 0.168132 0 1.43829
Iteration 95  HV  cores 313 298 3  time 0.169719 0 1.46115
Iteration 96  HV  cores 315 300 2  time 0.171042 0 1.48421
Iteration 97  HV  cores 317 302 2  time 0.172186 0 1.50745
Iteration 98  HV  cores 318 303 1  time 0.172952 0 1.53066
Iteration 99  HV  cores 320 305 2  time 0.174165 0 1.55417
Iteration 100  HV  cores 322 307 2  time 0.175402 0 1.57814
Iteration 101  HV  cores 323 308 1  time 0.17618 0 1.6021
Iteration 102  HV  cores 324 309 1  time 0.176946 0 1.62621
Iteration 103  HV  cores 326 311 2  time 0.178145 0 1.65028
Iteration 104  HV  cores 328 313 2  time 0.179413 0 1.67479
Iteration 105  HV  cores 330 315 2  time 0.180573 0 1.69958
Iteration 106  HV  cores 331 316 1  time 0.181408 0 1.7246
Iteration 107  HV  cores 332 317 1  time 0.182167 0 1.74959
Iteration 108  HV  cores 333 318 1  time 0.182999 0 1.77473
Iteration 109  HV  cores 335 319 2  time 0.18416 0 1.79997
Iteration 110  HV  cores 336 320 1  time 0.184917 0 1.82531
Iteration 111  HV  cores 338 322 2  time 0.186086 0 1.85068
Iteration 112  HV  cores 342 326 4  time 0.18817 0 1.87614
Iteration 113  HV  cores 345 328 3  time 0.189703 0 1.90169
Iteration 114  HV  cores 346 329 1  time 0.190582 0 1.92714
Iteration 115  HV  cores 347 330 1  time 0.191441 0 1.95274
Iteration 116  HV  cores 348 331 1  time 0.192212 0 1.97857
Iteration 117  HV  cores 350 333 2  time 0.193522 0 2.00479
Iteration 118  HV  cores 351 334 1  time 0.19437 0 2.03113
Iteration 119  HV  cores 352 335 1  time 0.195116 0 2.05756
Iteration 120  HV  cores 353 336 1  time 0.195856 0 2.08422
Iteration 121  HV  cores 355 338 2  time 0.197045 0 2.11128
Iteration 122  HV  cores 356 339 1  time 0.197847 0 2.13826
Iteration 123  HV  cores 357 340 1  time 0.198648 0 2.16545
Iteration 124  HV  cores 358 341 1  time 0.199438 0 2.19277
Iteration 125  HV  cores 360 343 2  time 0.200604 0 2.22025
Iteration 126  HV  cores 361 344 1  time 0.201394 0 2.24784
Iteration 127  HV  cores 362 345 1  time 0.202222 0 2.2756
Iteration 128  HV  cores 363 346 1  time 0.203043 0 2.30345
Iteration 129  HV  cores 364 346 1  time 0.203778 0 2.33135
Iteration 130  HV  cores 365 347 1  time 0.204538 0 2.35951
Iteration 131  HV  cores 366 348 1  time 0.205314 0 2.38791
Iteration 132  HV  cores 367 349 1  time 0.206126 0 2.41623
Iteration 133  HV  cores 368 350 1  time 0.206967 0 2.44489
Iteration 134  HV  cores 369 351 1  time 0.207834 0 2.47375
Iteration 135  HV  cores 370 352 1  time 0.208695 0 2.50282
Iteration 136  HV  cores 371 353 1  time 0.209492 0 2.53201
Iteration 137  HV  cores 372 354 1  time 0.210311 0 2.56114
Iteration 138  HV  cores 373 355 1  time 0.211142 0 2.59002
Iteration 139  HV  cores 374 356 1  time 0.211899 0 2.61932
Iteration 140  HV  cores 377 359 3  time 0.213599 0 2.64881
Iteration 141  HV  cores 380 362 3  time 0.215549 0 2.67845
Iteration 142  HV  cores 384 366 4  time 0.21775 0 2.70854
Iteration 143  HV  cores 387 369 3  time 0.219399 0 2.73859
Iteration 144  HV  cores 389 371 2  time 0.220594 0 2.76889
Iteration 145  HV  cores 393 372 4  time 0.222665 0 2.79927
Iteration 146  HV  cores 396 375 3  time 0.224284 0 2.82998
Iteration 147  HV  cores 398 377 2  time 0.225597 0 2.86123
Iteration 148  HV  cores 401 380 3  time 0.227534 0 2.89248
Iteration 149  HV  cores 403 382 2  time 0.228698 0 2.92488
Iteration 150  HV  cores 405 384 2  time 0.229886 0 2.95726
Iteration 151  HV  cores 408 387 3  time 0.231554 0 2.98969
Iteration 152  HV  cores 410 389 2  time 0.232693 0 3.02214
Iteration 153  HV  cores 413 392 3  time 0.234273 0 3.05502
Iteration 154  HV  cores 417 396 4  time 0.236276 0 3.08858
Iteration 155  HV  cores 420 399 3  time 0.237943 0 3.12195
Iteration 156  HV  cores 422 401 2  time 0.239146 0 3.156
Iteration 157  HV  cores 425 403 3  time 0.240761 0 3.1903
Iteration 158  HV  cores 428 406 3  time 0.242484 0 3.22483
Iteration 159  HV  cores 430 408 2  time 0.24383 0 3.25953
Iteration 160  HV  cores 432 410 2  time 0.24501 0 3.29424
Iteration 161  HV  cores 434 412 2  time 0.246193 0 3.32892
Iteration 162  HV  cores 437 415 3  time 0.247736 0 3.36439
Iteration 163  HV  cores 441 418 4  time 0.249899 0 3.39974
Iteration 164  HV  cores 445 422 4  time 0.251919 0 3.43578
Iteration 165  HV  cores 449 426 4  time 0.25402 0 3.47203
Iteration 166  HV  cores 451 428 2  time 0.255261 0 3.50846
Iteration 167  HV  cores 454 431 3  time 0.256932 0 3.54471
Iteration 168  HV  cores 455 432 1  time 0.257691 0 3.58121
Iteration 169  HV  cores 456 433 1  time 0.258456 0 3.61787
Iteration 170  HV  cores 458 435 2  time 0.2596 0 3.65465
Iteration 171  HV  cores 460 436 2  time 0.260755 0 3.69142
Iteration 172  HV  cores 461 437 1  time 0.261677 0 3.72864
Iteration 173  HV  cores 462 437 1  time 0.262632 0 3.76581
Iteration 174  HV  cores 463 438 1  time 0.263429 0 3.80403
Iteration 175  HV  cores 464 438 1  time 0.264224 0 3.84195
Iteration 176  HV  cores 465 439 1  time 0.265113 0 3.88009
Iteration 177  HV  cores 466 440 1  time 0.265908 0 3.91827
Iteration 178  HV  cores 468 442 2  time 0.267141 0 3.95676
Iteration 179  HV  cores 470 444 2  time 0.268429 0 3.99591
Iteration 180  HV  cores 472 446 2  time 0.26967 0 4.03496
Iteration 181  HV  cores 473 447 1  time 0.270486 0 4.07418
Iteration 182  HV  cores 474 447 1  time 0.271284 0 4.11311
Iteration 183  HV  cores 475 448 1  time 0.272079 0 4.15281
Iteration 184  HV  cores 476 447 1  time 0.27287 0 4.1921
Iteration 185  HV  cores 477 448 1  time 0.273662 0 4.23151
Iteration 186  HV  cores 478 448 1  time 0.274508 0 4.27138
Iteration 187  HV  cores 479 449 1  time 0.2753 0 4.31131
Iteration 188  HV  cores 480 450 1  time 0.276089 0 4.35088
Iteration 189  HV  cores 481 450 1  time 0.276883 0 4.39106
Iteration 190  HV  cores 482 451 1  time 0.277673 0 4.43162
Iteration 191  HV  cores 483 452 1  time 0.278546 0 4.47241
Iteration 192  HV  cores 484 453 1  time 0.279335 0 4.5125
Iteration 193  HV  cores 486 455 2  time 0.280538 0 4.55387
Iteration 194  HV  cores 488 456 2  time 0.281785 0 4.5949
Iteration 195  HV  cores 490 458 2  time 0.283081 0 4.63621
Iteration 196  HV  cores 492 460 2  time 0.284292 0 4.67818
Iteration 197  HV  cores 494 462 2  time 0.285497 0 4.72011
Iteration 198  HV  cores 496 464 2  time 0.286878 0 4.764
Iteration 199  HV  cores 498 466 2  time 0.288087 0 4.8082
Iteration 200  HV  cores 499 467 1  time 0.288917 0 4.85261
Iteration 201  HV  cores 500 468 1  time 0.289656 0 4.89707
Iteration 202  HV  cores 501 469 1  time 0.290404 0 4.94137
Iteration 203  HV  cores 502 470 1  time 0.291296 0 4.98601
Iteration 204  HV  cores 503 470 1  time 0.292038 0 5.03078
Iteration 205  HV  cores 504 471 1  time 0.292802 0 5.07603
Iteration 206  HV  cores 505 472 1  time 0.293544 0 5.12149
Iteration 207  HV  cores 506 472 1  time 0.29434 0 5.16595
Iteration 208  HV  cores 507 473 1  time 0.295084 0 5.21142
Iteration 209  HV  cores 508 474 1  time 0.29582 0 5.25704
Iteration 210  HV  cores 509 475 1  time 0.296579 0 5.30146
Iteration 211  HV  cores 510 476 1  time 0.297318 0 5.34602
Iteration 212  HV  cores 511 477 1  time 0.298058 0 5.39103
Iteration 213  HV  cores 512 477 1  time 0.298795 0 5.43547
Iteration 214  HV  cores 514 479 2  time 0.300033 0 5.48047
Iteration 215  HV  cores 516 481 2  time 0.301207 0 5.52555
Iteration 216  HV  cores 518 483 2  time 0.302486 0 5.57086
Iteration 217  HV  cores 520 485 2  time 0.303722 0 5.61657
Iteration 218  HV  cores 522 487 2  time 0.304927 0 5.66207
Iteration 219  HV  cores 523 488 1  time 0.3057 0 5.7085
Iteration 220  HV  cores 524 489 1  time 0.306475 0 5.75422
Iteration 221  HV  cores 526 491 2  time 0.307678 0 5.80099
Iteration 222  HV  cores 527 492 1  time 0.308555 0 5.84785
Iteration 223  HV  cores 529 493 2  time 0.309749 0 5.89496
Iteration 224  HV  cores 531 495 2  time 0.311114 0 5.9424
Iteration 225  HV  cores 534 498 3  time 0.312756 0 5.98955
Iteration 226  HV  cores 536 499 2  time 0.314041 0 6.03731
Iteration 227  HV  cores 538 501 2  time 0.315256 0 6.08467
Iteration 228  HV  cores 539 502 1  time 0.316035 0 6.13189
Iteration 229  HV  cores 540 503 1  time 0.316802 0 6.1802
Iteration 230  HV  cores 542 505 2  time 0.317999 0 6.22873
Iteration 231  HV  cores 543 506 1  time 0.318777 0 6.27667
Iteration 232  HV  cores 545 507 2  time 0.32014 0 6.32479
Iteration 233  HV  cores 547 509 2  time 0.321342 0 6.37237
Iteration 234  HV  cores 550 511 3  time 0.322867 0 6.42065
Iteration 235  HV  cores 554 515 4  time 0.325039 0 6.46869
Iteration 236  HV  cores 556 517 2  time 0.326259 0 6.51858
Iteration 237  HV  cores 560 521 4  time 0.328244 0 6.5683
Iteration 238  HV  cores 564 525 4  time 0.330303 0 6.61827
Iteration 239  HV  cores 567 528 3  time 0.331897 0 6.66836
Iteration 240  HV  cores 569 530 2  time 0.333068 0 6.71858
Iteration 241  HV  cores 573 534 4  time 0.335083 0 6.7681
Iteration 242  HV  cores 577 538 4  time 0.337071 0 6.81813
Iteration 243  HV  cores 581 542 4  time 0.339015 0 6.86844
Iteration 244  HV  cores 584 544 3  time 0.340569 0 6.91899
Iteration 245  HV  cores 587 547 3  time 0.342364 0 6.97002
Iteration 246  HV  cores 588 548 1  time 0.343284 0 7.02063
Iteration 247  HV  cores 591 551 3  time 0.345093 0 7.07297
Iteration 248  HV  cores 594 554 3  time 0.347069 0 7.12548
Iteration 249  HV  cores 597 557 3  time 0.348627 0 7.17872
Iteration 250  HV  cores 600 560 3  time 0.350352 0 7.23108
Iteration 251  HV  cores 602 562 2  time 0.351533 0 7.283
Iteration 252  HV  cores 605 565 3  time 0.353215 0 7.33487
Iteration 253  HV  cores 608 568 3  time 0.354842 0 7.38713
Iteration 254  HV  cores 610 569 2  time 0.356061 0 7.43976
Iteration 255  HV  cores 613 572 3  time 0.357717 0 7.49266
Iteration 256  HV  cores 615 574 2  time 0.358926 0 7.54559
Iteration 257  HV  cores 618 577 3  time 0.36053 0 7.59887
Iteration 258  HV  cores 620 579 2  time 0.361706 0 7.65293
Iteration 259  HV  cores 622 581 2  time 0.362966 0 7.7065
Iteration 260  HV  cores 626 585 4  time 0.365019 0 7.7605
Iteration 261  HV  cores 629 588 3  time 0.366628 0 7.81518
Iteration 262  HV  cores 630 589 1  time 0.367419 0 7.8703
Iteration 263 MHV  lb 7304 ub 8083  time 0.367836 0.0252 7.8703
Iteration 264  HV  cores 635 593 5  time 0.37074 0.0252 7.92977
Iteration 265  HV  cores 637 595 2  time 0.372016 0.0252 7.98843
Iteration 266  HV  cores 640 598 3  time 0.373637 0.0252 8.04729
Iteration 267  HV  cores 643 601 3  time 0.375275 0.0252 8.10679
Iteration 268  HV  cores 646 604 3  time 0.377021 0.0252 8.16616
Iteration 269  HV  cores 648 606 2  time 0.378299 0.0252 8.22655
Iteration 270  HV  cores 651 609 3  time 0.380197 0.0252 8.28731
Iteration 271  HV  cores 654 612 3  time 0.381828 0.0252 8.34819
Iteration 272  HV  cores 656 614 2  time 0.38311 0.0252 8.40945
Iteration 273  HV  cores 660 618 4  time 0.385147 0.0252 8.47003
Iteration 274  HV  cores 663 621 3  time 0.386894 0.0252 8.53044
Iteration 275  HV  cores 665 623 2  time 0.388083 0.0252 8.59028
Iteration 276  HV  cores 667 625 2  time 0.389499 0.0252 8.65263
Iteration 277  HV  cores 669 626 2  time 0.39084 0.0252 8.71481
Iteration 278  HV  cores 672 629 3  time 0.392491 0.0252 8.77634
Iteration 279  HV  cores 674 631 2  time 0.393779 0.0252 8.83934
Iteration 280  HV  cores 675 632 1  time 0.394543 0.0252 8.90115
Iteration 281  HV  cores 678 635 3  time 0.396203 0.0252 8.96358
Iteration 282  HV  cores 681 638 3  time 0.397795 0.0252 9.02652
Iteration 283  HV  cores 683 640 2  time 0.399083 0.0252 9.09077
Iteration 284  HV  cores 686 643 3  time 0.400719 0.0252 9.15604
Iteration 285  HV  cores 688 645 2  time 0.40197 0.0252 9.22121
Iteration 286  HV  cores 690 647 2  time 0.403167 0.0252 9.28657
Iteration 287  HV  cores 691 648 1  time 0.40394 0.0252 9.35213
Iteration 288  HV  cores 694 650 3  time 0.405595 0.0252 9.41766
Iteration 289  HV  cores 696 652 2  time 0.406843 0.0252 9.482
Iteration 290  HV  cores 697 653 1  time 0.407785 0.0252 9.54645
Iteration 291  HV  cores 698 654 1  time 0.408598 0.0252 9.61299
Iteration 292  HV  cores 700 656 2  time 0.409816 0.0252 9.67945
Iteration 293  HV  cores 701 657 1  time 0.410609 0.0252 9.74465
Iteration 294  HV  cores 703 658 2  time 0.41187 0.0252 9.81038
Iteration 295  HV  cores 705 660 2  time 0.413126 0.0252 9.87617
Iteration 296  HV  cores 706 661 1  time 0.413931 0.0252 9.94277
Iteration 297  HV  cores 710 664 4  time 0.415941 0.0252 10.0099
Iteration 298  HV  cores 712 666 2  time 0.417188 0.0252 10.0764
Iteration 299  HV  cores 714 668 2  time 0.418482 0.0252 10.1437
Iteration 300  HV  cores 717 671 3  time 0.4201 0.0252 10.2116
Iteration 301  HV  cores 720 674 3  time 0.421697 0.0252 10.2801
Iteration 302  HV  cores 722 675 2  time 0.422903 0.0252 10.3485
Iteration 303  HV  cores 725 678 3  time 0.424487 0.0252 10.4175
Iteration 304  HV  cores 728 681 3  time 0.426314 0.0252 10.486
Iteration 305  HV  cores 732 685 4  time 0.428481 0.0252 10.5549
Iteration 306  HV  cores 734 687 2  time 0.429707 0.0252 10.6639
Iteration 307  HV  cores 736 689 2  time 0.430916 0.0252 10.7736
Iteration 308  HV  cores 738 690 2  time 0.432117 0.0252 10.8861
Iteration 309  HV  cores 740 692 2  time 0.433372 0.0252 10.9952
Iteration 310  HV  cores 741 693 1  time 0.434347 0.0252 11.0646
Iteration 311  HV  cores 744 696 3  time 0.436061 0.0252 11.1779
Iteration 312  HV  cores 746 696 2  time 0.43753 0.0252 11.2441
Iteration 313  HV  cores 750 700 4  time 0.439598 0.0252 11.3151
Iteration 314  HV  cores 752 702 2  time 0.440825 0.0252 11.3878
Iteration 315  HV  cores 754 704 2  time 0.442097 0.0252 11.4603
Iteration 316  HV  cores 758 708 4  time 0.44425 0.0252 11.5336
Iteration 317  HV  cores 762 712 4  time 0.44627 0.0252 11.6073
Iteration 318  HV  cores 765 715 3  time 0.447965 0.0252 11.7226
Iteration 319 MHV  lb 7338 ub 7341  time 0.448421 0.127584 11.7226
Iteration 320  HV  cores 767 717 2  time 0.449648 0.127584 11.8362
Iteration 321  HV  cores 768 718 1  time 0.450524 0.127584 12.001
Iteration 322  HV  cores 769 718 1  time 0.451335 0.127584 12.1523
Iteration 323 MHV  lb 7341 ub 7341  time 0.451713 0.128276 12.1523
Optimal value: 7341
Real time: 12.8066
CPU time: 15.7533
