lb 67 ub 154 before adjustment
279 unsorted cost functions
lb 0 ub 87 after adjustment
costs ready
88 variables 679 functions 67 lb, 87 ub
Iteration 0  HV  cores 19 19 19  time 0.002073 0 0
Iteration 1  HV  cores 31 31 12  time 0.003246 0 0
Iteration 2  HV  cores 38 38 7  time 0.003942 0 0
Iteration 3  HV  cores 43 43 5  time 0.004477 0 0
Iteration 4  HV  cores 47 46 4  time 0.004916 0 0
Iteration 5  HV  cores 49 48 2  time 0.005174 0 0
Iteration 6  HV  cores 50 49 1  time 0.005313 0 0
Iteration 7  HV  cores 51 50 1  time 0.005455 0 0
Iteration 8  HV  cores 52 51 1  time 0.005595 0 0
Iteration 9 MHV  lb 91 ub 129  time 0.00567 0.004264 0
Iteration 10  HV  cores 62 61 10  time 0.006796 0.004264 0
Iteration 11  HV  cores 69 68 7  time 0.007513 0.004264 0
Iteration 12  HV  cores 74 73 5  time 0.008032 0.004264 0
Iteration 13  HV  cores 78 76 4  time 0.008457 0.004264 0
Iteration 14  HV  cores 80 78 2  time 0.008683 0.004264 0
Iteration 15  HV  cores 81 79 1  time 0.008868 0.004264 0
Iteration 16  HV  cores 82 80 1  time 0.009011 0.004264 0
Iteration 17  HV  cores 83 81 1  time 0.009152 0.004264 0
Iteration 18  HV  cores 84 81 1  time 0.009293 0.004264 0
Iteration 19 MHV  lb 94 ub 126  time 0.009382 0.009266 0
Iteration 20  HV  cores 95 92 11  time 0.010518 0.009266 0
Iteration 21  HV  cores 102 99 7  time 0.011219 0.009266 0
Iteration 22  HV  cores 106 102 4  time 0.01166 0.009266 0
Iteration 23  HV  cores 110 106 4  time 0.012073 0.009266 0
Iteration 24  HV  cores 111 107 1  time 0.012217 0.009266 0
Iteration 25  HV  cores 112 108 1  time 0.012358 0.009266 0
Iteration 26  HV  cores 113 109 1  time 0.012498 0.009266 0
Iteration 27  HV  cores 114 110 1  time 0.012636 0.009266 0
Iteration 28 MHV  lb 99 ub 126  time 0.012698 0.017092 0
Iteration 29  HV  cores 122 118 8  time 0.013514 0.017092 0
Iteration 30  HV  cores 126 122 4  time 0.013937 0.017092 0
Iteration 31  HV  cores 129 125 3  time 0.014272 0.017092 0
Iteration 32  HV  cores 130 126 1  time 0.014425 0.017092 0
Iteration 33  HV  cores 131 127 1  time 0.014573 0.017092 0
Iteration 34  HV  cores 132 128 1  time 0.014714 0.017092 0
Iteration 35  HV  cores 133 129 1  time 0.01488 0.017092 0
Iteration 36 MHV  lb 102 ub 122  time 0.014944 0.031256 0
Iteration 37  HV  cores 140 136 7  time 0.015821 0.031256 0
Iteration 38  HV  cores 143 139 3  time 0.016191 0.031256 0
Iteration 39  HV  cores 145 141 2  time 0.016444 0.031256 0
Iteration 40  HV  cores 147 142 2  time 0.016672 0.031256 0
Iteration 41  HV  cores 148 143 1  time 0.016826 0.031256 0
Iteration 42  HV  cores 149 144 1  time 0.016968 0.031256 0
Iteration 43  HV  cores 150 145 1  time 0.017132 0.031256 0
Iteration 44  HV  cores 151 146 1  time 0.017294 0.031256 0
Iteration 45 MHV  lb 104 ub 122  time 0.017357 0.054465 0
Iteration 46  HV  cores 157 151 6  time 0.01809 0.054465 0
Iteration 47  HV  cores 163 157 6  time 0.018757 0.054465 0
Iteration 48  HV  cores 166 160 3  time 0.019126 0.054465 0
Iteration 49  HV  cores 168 162 2  time 0.019363 0.054465 0
Iteration 50  HV  cores 169 163 1  time 0.019514 0.054465 0
Iteration 51  HV  cores 170 164 1  time 0.019661 0.054465 0
Iteration 52  HV  cores 171 165 1  time 0.019807 0.054465 0
Iteration 53  HV  cores 172 166 1  time 0.019951 0.054465 0
Iteration 54  HV  cores 173 165 1  time 0.0201 0.054465 0
Iteration 55 MHV  lb 105 ub 122  time 0.020165 0.080142 0
Iteration 56  HV  cores 180 172 7  time 0.020918 0.080142 0
Iteration 57  HV  cores 184 176 4  time 0.021371 0.080142 0
Iteration 58  HV  cores 187 179 3  time 0.021722 0.080142 0
Iteration 59  HV  cores 189 181 2  time 0.021963 0.080142 0
Iteration 60  HV  cores 190 182 1  time 0.022103 0.080142 0
Iteration 61 MHV  lb 105 ub 122  time 0.022165 0.107726 0
Iteration 62  HV  cores 196 187 6  time 0.022791 0.107726 0
Iteration 63  HV  cores 200 191 4  time 0.023194 0.107726 0
Iteration 64  HV  cores 202 193 2  time 0.023438 0.107726 0
Iteration 65  HV  cores 204 195 2  time 0.023683 0.107726 0
Iteration 66  HV  cores 206 197 2  time 0.023952 0.107726 0
Iteration 67  HV  cores 207 198 1  time 0.024093 0.107726 0
Iteration 68  HV  cores 208 199 1  time 0.024231 0.107726 0
Iteration 69 MHV  lb 108 ub 122  time 0.024292 0.155167 0
Iteration 70  HV  cores 215 205 7  time 0.025052 0.155167 0
Iteration 71  HV  cores 219 208 4  time 0.025512 0.155167 0
Iteration 72  HV  cores 220 209 1  time 0.025675 0.155167 0
Iteration 73  HV  cores 221 210 1  time 0.025851 0.155167 0
Iteration 74  HV  cores 222 211 1  time 0.025991 0.155167 0
Iteration 75  HV  cores 223 212 1  time 0.026131 0.155167 0
Iteration 76 MHV  lb 108 ub 122  time 0.026193 0.204968 0
Iteration 77  HV  cores 229 218 6  time 0.026857 0.204968 0
Iteration 78  HV  cores 232 220 3  time 0.027227 0.204968 0
Iteration 79  HV  cores 235 223 3  time 0.027563 0.204968 0
Iteration 80  HV  cores 237 225 2  time 0.027811 0.204968 0
Iteration 81  HV  cores 239 227 2  time 0.028046 0.204968 0
Iteration 82 MHV  lb 108 ub 122  time 0.028119 0.266095 0
Iteration 83  HV  cores 244 232 5  time 0.028719 0.266095 0
Iteration 84  HV  cores 248 236 4  time 0.02914 0.266095 0
Iteration 85  HV  cores 250 238 2  time 0.029371 0.266095 0
Iteration 86  HV  cores 251 239 1  time 0.029513 0.266095 0
Iteration 87  HV  cores 253 241 2  time 0.029739 0.266095 0
Iteration 88  HV  cores 254 241 1  time 0.029933 0.266095 0
Iteration 89  HV  cores 255 242 1  time 0.030074 0.266095 0
Iteration 90  HV  cores 256 243 1  time 0.030212 0.266095 0
Iteration 91  HV  cores 257 241 1  time 0.030357 0.266095 0
Iteration 92 MHV  lb 108 ub 122  time 0.030431 0.321047 0
Iteration 93  HV  cores 263 247 6  time 0.031127 0.321047 0
Iteration 94  HV  cores 267 251 4  time 0.031514 0.321047 0
Iteration 95  HV  cores 268 252 1  time 0.031659 0.321047 0
Iteration 96  HV  cores 269 253 1  time 0.0318 0.321047 0
Iteration 97  HV  cores 270 254 1  time 0.031942 0.321047 0
Iteration 98  HV  cores 271 255 1  time 0.032083 0.321047 0
Iteration 99  HV  cores 272 256 1  time 0.032223 0.321047 0
Iteration 100  HV  cores 273 257 1  time 0.032363 0.321047 0
Iteration 101 MHV  lb 108 ub 122  time 0.032425 0.366214 0
Iteration 102  HV  cores 278 260 5  time 0.033021 0.366214 0
Iteration 103  HV  cores 282 263 4  time 0.03348 0.366214 0
Iteration 104  HV  cores 285 266 3  time 0.033831 0.366214 0
Iteration 105  HV  cores 286 267 1  time 0.034029 0.366214 0
Iteration 106 MHV  lb 108 ub 122  time 0.034094 0.435297 0
Iteration 107  HV  cores 292 273 6  time 0.034711 0.435297 0
Iteration 108  HV  cores 295 275 3  time 0.035038 0.435297 0
Iteration 109  HV  cores 296 276 1  time 0.035184 0.435297 0
Iteration 110  HV  cores 297 277 1  time 0.035333 0.435297 0
Iteration 111  HV  cores 298 277 1  time 0.035476 0.435297 0
Iteration 112  HV  cores 299 278 1  time 0.035616 0.435297 0
Iteration 113  HV  cores 300 279 1  time 0.035754 0.435297 0
Iteration 114  HV  cores 301 280 1  time 0.0359 0.435297 0
Iteration 115 MHV  lb 109 ub 122  time 0.035962 0.497691 0
Iteration 116  HV  cores 308 287 7  time 0.036722 0.497691 0
Iteration 117  HV  cores 311 289 3  time 0.037101 0.497691 0
Iteration 118  HV  cores 312 290 1  time 0.037266 0.497691 0
Iteration 119  HV  cores 313 291 1  time 0.037411 0.497691 0
Iteration 120 MHV  lb 109 ub 121  time 0.037476 0.564066 0
Iteration 121  HV  cores 317 294 4  time 0.037935 0.564066 0
Iteration 122  HV  cores 321 298 4  time 0.038337 0.564066 0
Iteration 123  HV  cores 323 300 2  time 0.038562 0.564066 0
Iteration 124  HV  cores 324 301 1  time 0.038707 0.564066 0
Iteration 125  HV  cores 325 302 1  time 0.038854 0.564066 0
Iteration 126 MHV  lb 109 ub 121  time 0.038918 0.642041 0
Iteration 127  HV  cores 329 306 4  time 0.039404 0.642041 0
Iteration 128  HV  cores 332 309 3  time 0.039781 0.642041 0
Iteration 129  HV  cores 334 311 2  time 0.040019 0.642041 0
Iteration 130  HV  cores 336 313 2  time 0.04033 0.642041 0
Iteration 131  HV  cores 337 314 1  time 0.040474 0.642041 0
Iteration 132  HV  cores 338 315 1  time 0.040638 0.642041 0
Iteration 133 MHV  lb 110 ub 121  time 0.0407 0.703843 0
Iteration 134  HV  cores 342 318 4  time 0.041251 0.703843 0
Iteration 135  HV  cores 344 320 2  time 0.041496 0.703843 0
Iteration 136  HV  cores 346 321 2  time 0.041725 0.703843 0
Iteration 137  HV  cores 347 322 1  time 0.041869 0.703843 0
Iteration 138  HV  cores 348 323 1  time 0.042013 0.703843 0
Iteration 139  HV  cores 349 324 1  time 0.042152 0.703843 0
Iteration 140  HV  cores 350 325 1  time 0.042314 0.703843 0
Iteration 141  HV  cores 351 326 1  time 0.042452 0.703843 0
Iteration 142 MHV  lb 111 ub 121  time 0.042514 0.797955 0
Iteration 143  HV  cores 356 331 5  time 0.043131 0.797955 0
Iteration 144  HV  cores 359 334 3  time 0.043472 0.797955 0
Iteration 145  HV  cores 360 335 1  time 0.043622 0.797955 0
Iteration 146  HV  cores 361 336 1  time 0.043769 0.797955 0
Iteration 147  HV  cores 362 337 1  time 0.043913 0.797955 0
Iteration 148  HV  cores 363 338 1  time 0.044068 0.797955 0
Iteration 149  HV  cores 364 339 1  time 0.044214 0.797955 0
Iteration 150 MHV  lb 111 ub 121  time 0.04428 0.872364 0
Iteration 151  HV  cores 368 343 4  time 0.044786 0.872364 0
Iteration 152  HV  cores 370 345 2  time 0.045029 0.872364 0
Iteration 153  HV  cores 371 346 1  time 0.045177 0.872364 0
Iteration 154  HV  cores 372 347 1  time 0.045353 0.872364 0
Iteration 155  HV  cores 373 348 1  time 0.045497 0.872364 0
Iteration 156  HV  cores 374 349 1  time 0.045639 0.872364 0
Iteration 157 MHV  lb 111 ub 121  time 0.045702 0.93837 0
Iteration 158  HV  cores 377 351 3  time 0.046129 0.93837 0
Iteration 159  HV  cores 379 353 2  time 0.046383 0.93837 0
Iteration 160  HV  cores 380 354 1  time 0.046531 0.93837 0
Iteration 161  HV  cores 381 355 1  time 0.046675 0.93837 0
Iteration 162  HV  cores 382 356 1  time 0.046817 0.93837 0
Iteration 163  HV  cores 383 356 1  time 0.046962 0.93837 0
Iteration 164  HV  cores 384 357 1  time 0.047105 0.93837 0
Iteration 165 MHV  lb 111 ub 121  time 0.047168 1.00288 0
Iteration 166  HV  cores 387 360 3  time 0.047666 1.00288 0
Iteration 167  HV  cores 388 361 1  time 0.04782 1.00288 0
Iteration 168  HV  cores 389 362 1  time 0.047968 1.00288 0
Iteration 169 MHV  lb 111 ub 116  time 0.048034 1.0648 0
Iteration 170  HV  cores 392 365 3  time 0.048445 1.0648 0
Iteration 171  HV  cores 393 366 1  time 0.048599 1.0648 0
Iteration 172  HV  cores 394 367 1  time 0.048748 1.0648 0
Iteration 173  HV  cores 395 368 1  time 0.0489 1.0648 0
Iteration 174 MHV  lb 111 ub 116  time 0.048966 1.13087 0
Iteration 175  HV  cores 398 371 3  time 0.04936 1.13087 0
Iteration 176  HV  cores 399 372 1  time 0.049509 1.13087 0
Iteration 177  HV  cores 400 373 1  time 0.049661 1.13087 0
Iteration 178  HV  cores 401 374 1  time 0.049808 1.13087 0
Iteration 179 MHV  lb 111 ub 116  time 0.049872 1.20309 0
Iteration 180  HV  cores 404 375 3  time 0.050259 1.20309 0
Iteration 181  HV  cores 405 376 1  time 0.050414 1.20309 0
Iteration 182  HV  cores 406 377 1  time 0.050561 1.20309 0
Iteration 183  HV  cores 407 378 1  time 0.05073 1.20309 0
Iteration 184 MHV  lb 112 ub 116  time 0.050793 1.30974 0
Iteration 185  HV  cores 410 381 3  time 0.051206 1.30974 0
Iteration 186  HV  cores 412 382 2  time 0.051546 1.30974 0
Iteration 187  HV  cores 413 383 1  time 0.051706 1.30974 0
Iteration 188 MHV  lb 112 ub 116  time 0.051769 1.40454 0
Iteration 189  HV  cores 418 387 5  time 0.052408 1.40454 0
Iteration 190  HV  cores 421 389 3  time 0.052777 1.40454 0
Iteration 191  HV  cores 424 392 3  time 0.053103 1.40454 0
Iteration 192  HV  cores 425 393 1  time 0.053248 1.40454 0
Iteration 193 MHV  lb 112 ub 116  time 0.053311 1.53074 0
Iteration 194  HV  cores 428 396 3  time 0.053722 1.53074 0
Iteration 195  HV  cores 429 397 1  time 0.053878 1.53074 0
Iteration 196 MHV  lb 112 ub 116  time 0.053944 1.62177 0
Iteration 197  HV  cores 432 400 3  time 0.054301 1.62177 0
Iteration 198  HV  cores 434 402 2  time 0.054539 1.62177 0
Iteration 199  HV  cores 435 403 1  time 0.054687 1.62177 0
Iteration 200  HV  cores 436 404 1  time 0.054828 1.62177 0
Iteration 201  HV  cores 437 405 1  time 0.054975 1.62177 0
Iteration 202 MHV  lb 112 ub 116  time 0.05504 1.69101 0
Iteration 203  HV  cores 441 408 4  time 0.055507 1.69101 0
Iteration 204  HV  cores 444 411 3  time 0.055855 1.69101 0
Iteration 205  HV  cores 445 412 1  time 0.056016 1.69101 0
Iteration 206  HV  cores 446 413 1  time 0.056166 1.69101 0
Iteration 207  HV  cores 447 414 1  time 0.056312 1.69101 0
Iteration 208 MHV  lb 112 ub 116  time 0.056376 1.76809 0
Iteration 209  HV  cores 450 416 3  time 0.056787 1.76809 0
Iteration 210  HV  cores 452 418 2  time 0.057073 1.76809 0
Iteration 211  HV  cores 453 419 1  time 0.057223 1.76809 0
Iteration 212 MHV  lb 112 ub 116  time 0.057289 1.8962 0
Iteration 213  HV  cores 455 421 2  time 0.057607 1.8962 0
Iteration 214  HV  cores 456 422 1  time 0.057757 1.8962 0
Iteration 215  HV  cores 457 423 1  time 0.057901 1.8962 0
Iteration 216  HV  cores 458 424 1  time 0.058044 1.8962 0
Iteration 217 MHV  lb 112 ub 116  time 0.058107 2.01137 0
Iteration 218  HV  cores 460 426 2  time 0.058417 2.01137 0
Iteration 219  HV  cores 461 427 1  time 0.058613 2.01137 0
Iteration 220  HV  cores 462 428 1  time 0.058767 2.01137 0
Iteration 221  HV  cores 463 429 1  time 0.058914 2.01137 0
Iteration 222  HV  cores 464 430 1  time 0.059082 2.01137 0
Iteration 223  HV  cores 465 431 1  time 0.059235 2.01137 0
Iteration 224 MHV  lb 112 ub 116  time 0.059302 2.12085 0
Iteration 225  HV  cores 467 433 2  time 0.059603 2.12085 0
Iteration 226  HV  cores 469 434 2  time 0.059879 2.12085 0
Iteration 227  HV  cores 470 435 1  time 0.06006 2.12085 0
Iteration 228  HV  cores 471 436 1  time 0.060206 2.12085 0
Iteration 229  HV  cores 472 437 1  time 0.060349 2.12085 0
Iteration 230 MHV  lb 112 ub 116  time 0.060412 2.24024 0
Iteration 231  HV  cores 476 439 4  time 0.060934 2.24024 0
Iteration 232  HV  cores 477 440 1  time 0.06109 2.24024 0
Iteration 233  HV  cores 478 441 1  time 0.06124 2.24024 0
Iteration 234  HV  cores 479 442 1  time 0.061382 2.24024 0
Iteration 235  HV  cores 480 443 1  time 0.061526 2.24024 0
Iteration 236 MHV  lb 113 ub 116  time 0.061589 2.34281 0
Iteration 237  HV  cores 482 443 2  time 0.061902 2.34281 0
Iteration 238  HV  cores 483 444 1  time 0.06211 2.34281 0
Iteration 239 MHV  lb 113 ub 116  time 0.062174 2.45725 0
Iteration 240  HV  cores 485 446 2  time 0.062471 2.45725 0
Iteration 241  HV  cores 486 447 1  time 0.062639 2.45725 0
Iteration 242 MHV  lb 113 ub 116  time 0.062706 2.63233 0
Iteration 243  HV  cores 488 449 2  time 0.062988 2.63233 0
Iteration 244 MHV  lb 113 ub 115  time 0.063056 2.74039 0
Iteration 245  HV  cores 490 451 2  time 0.06334 2.74039 0
Iteration 246 MHV  lb 113 ub 115  time 0.063409 2.85927 0
Iteration 247  HV  cores 492 453 2  time 0.063695 2.85927 0
Iteration 248  HV  cores 493 454 1  time 0.063846 2.85927 0
Iteration 249 MHV  lb 113 ub 115  time 0.06391 2.95437 0
Iteration 250  HV  cores 495 456 2  time 0.06422 2.95437 0
Iteration 251  HV  cores 496 457 1  time 0.064377 2.95437 0
Iteration 252  HV  cores 497 458 1  time 0.064528 2.95437 0
Iteration 253  HV  cores 498 459 1  time 0.064674 2.95437 0
Iteration 254 MHV  lb 113 ub 115  time 0.064744 3.09151 0
Iteration 255  HV  cores 499 460 1  time 0.064938 3.09151 0
Iteration 256 MHV  lb 113 ub 114  time 0.065008 3.23272 0
Iteration 257  HV  cores 500 461 1  time 0.065196 3.23272 0
Iteration 258 MHV  lb 114 ub 114  time 0.065265 3.37269 0
Optimal value: 114
Real time: 3.49476
CPU time: 11.4598
