lb 3850 ub 81635 before adjustment
860 unsorted cost functions
lb 0 ub 77785 after adjustment
costs ready
545 variables 1510 functions 3850 lb, 77785 ub
Iteration 0  HV  cores 15 15 15  time 0.006585 0 0.002314
Iteration 1  HV  cores 25 25 10  time 0.010253 0 0.007724
Iteration 2  HV  cores 35 35 10  time 0.014131 0 0.011471
Iteration 3  HV  cores 41 41 6  time 0.016574 0 0.015746
Iteration 4  HV  cores 47 47 6  time 0.019051 0 0.019875
Iteration 5  HV  cores 52 52 5  time 0.021102 0 0.024946
Iteration 6  HV  cores 57 56 5  time 0.02312 0 0.030008
Iteration 7  HV  cores 62 61 5  time 0.025466 0 0.036506
Iteration 8  HV  cores 68 67 6  time 0.027719 0 0.043235
Iteration 9  HV  cores 74 73 6  time 0.030176 0 0.050287
Iteration 10  HV  cores 81 80 7  time 0.033598 0 0.05781
Iteration 11  HV  cores 85 84 4  time 0.035211 0 0.065459
Iteration 12  HV  cores 88 87 3  time 0.03667 0 0.073332
Iteration 13  HV  cores 91 90 3  time 0.038134 0 0.081597
Iteration 14  HV  cores 97 96 6  time 0.040424 0 0.09013
Iteration 15  HV  cores 101 100 4  time 0.042204 0 0.09902
Iteration 16  HV  cores 105 104 4  time 0.043802 0 0.108253
Iteration 17  HV  cores 108 107 3  time 0.04535 0 0.117713
Iteration 18  HV  cores 112 111 4  time 0.047059 0 0.127405
Iteration 19  HV  cores 116 115 4  time 0.048714 0 0.137284
Iteration 20  HV  cores 119 118 3  time 0.050022 0 0.147552
Iteration 21  HV  cores 122 121 3  time 0.051465 0 0.157945
Iteration 22  HV  cores 124 123 2  time 0.052424 0 0.168902
Iteration 23  HV  cores 128 127 4  time 0.054025 0 0.179883
Iteration 24  HV  cores 132 131 4  time 0.055941 0 0.190531
Iteration 25  HV  cores 137 136 5  time 0.058124 0 0.202142
Iteration 26  HV  cores 141 140 4  time 0.060103 0 0.214125
Iteration 27  HV  cores 145 144 4  time 0.061829 0 0.226304
Iteration 28  HV  cores 150 149 5  time 0.06388 0 0.239204
Iteration 29  HV  cores 153 152 3  time 0.065365 0 0.252465
Iteration 30  HV  cores 158 156 5  time 0.067364 0 0.26605
Iteration 31  HV  cores 160 158 2  time 0.068454 0 0.279681
Iteration 32  HV  cores 162 160 2  time 0.069455 0 0.29354
Iteration 33  HV  cores 166 164 4  time 0.071085 0 0.307537
Iteration 34  HV  cores 169 167 3  time 0.072506 0 0.321494
Iteration 35  HV  cores 173 171 4  time 0.074218 0 0.33595
Iteration 36  HV  cores 177 173 4  time 0.075906 0 0.350407
Iteration 37  HV  cores 179 175 2  time 0.076978 0 0.36473
Iteration 38  HV  cores 183 179 4  time 0.078655 0 0.379589
Iteration 39  HV  cores 188 184 5  time 0.080699 0 0.395272
Iteration 40  HV  cores 191 187 3  time 0.082233 0 0.410282
Iteration 41  HV  cores 194 190 3  time 0.083603 0 0.425666
Iteration 42  HV  cores 197 193 3  time 0.084948 0 0.441314
Iteration 43  HV  cores 201 197 4  time 0.086819 0 0.457407
Iteration 44  HV  cores 203 199 2  time 0.087805 0 0.473699
Iteration 45  HV  cores 205 201 2  time 0.089021 0 0.490266
Iteration 46  HV  cores 208 204 3  time 0.090272 0 0.506843
Iteration 47  HV  cores 212 208 4  time 0.092059 0 0.523755
Iteration 48  HV  cores 217 213 5  time 0.094412 0 0.54074
Iteration 49  HV  cores 219 215 2  time 0.095374 0 0.557922
Iteration 50  HV  cores 223 219 4  time 0.097187 0 0.575259
Iteration 51  HV  cores 226 222 3  time 0.098563 0 0.592802
Iteration 52  HV  cores 229 225 3  time 0.099918 0 0.610366
Iteration 53  HV  cores 232 228 3  time 0.101331 0 0.628507
Iteration 54  HV  cores 236 232 4  time 0.103287 0 0.64697
Iteration 55  HV  cores 239 235 3  time 0.104673 0 0.665396
Iteration 56  HV  cores 242 238 3  time 0.106075 0 0.684067
Iteration 57  HV  cores 246 242 4  time 0.107962 0 0.703083
Iteration 58  HV  cores 248 244 2  time 0.109384 0 0.722487
Iteration 59  HV  cores 250 246 2  time 0.110622 0 0.7422
Iteration 60  HV  cores 253 249 3  time 0.111942 0 0.764439
Iteration 61  HV  cores 257 253 4  time 0.113894 0 0.784125
Iteration 62  HV  cores 261 257 4  time 0.115592 0 0.803788
Iteration 63  HV  cores 264 260 3  time 0.117075 0 0.823275
Iteration 64  HV  cores 267 263 3  time 0.118643 0 0.84295
Iteration 65  HV  cores 270 266 3  time 0.120202 0 0.862635
Iteration 66  HV  cores 274 270 4  time 0.121788 0 0.882861
Iteration 67  HV  cores 278 273 4  time 0.123445 0 0.903944
Iteration 68  HV  cores 281 275 3  time 0.124719 0 0.924894
Iteration 69  HV  cores 283 276 2  time 0.125739 0 0.946016
Iteration 70  HV  cores 285 278 2  time 0.126828 0 0.967394
Iteration 71  HV  cores 289 281 4  time 0.12867 0 0.988874
Iteration 72  HV  cores 292 284 3  time 0.130262 0 1.01072
Iteration 73  HV  cores 295 287 3  time 0.131656 0 1.03298
Iteration 74  HV  cores 298 290 3  time 0.133038 0 1.05555
Iteration 75  HV  cores 301 293 3  time 0.134475 0 1.07792
Iteration 76  HV  cores 302 294 1  time 0.135137 0 1.10051
Iteration 77  HV  cores 305 296 3  time 0.136559 0 1.1233
Iteration 78  HV  cores 307 298 2  time 0.137722 0 1.14619
Iteration 79  HV  cores 309 300 2  time 0.138832 0 1.1691
Iteration 80  HV  cores 313 304 4  time 0.140919 0 1.19229
Iteration 81  HV  cores 316 307 3  time 0.142599 0 1.21559
Iteration 82  HV  cores 321 312 5  time 0.144497 0 1.23895
Iteration 83  HV  cores 323 314 2  time 0.145738 0 1.26231
Iteration 84  HV  cores 327 318 4  time 0.147447 0 1.28587
Iteration 85  HV  cores 329 320 2  time 0.148536 0 1.30955
Iteration 86  HV  cores 333 324 4  time 0.15027 0 1.33364
Iteration 87  HV  cores 336 327 3  time 0.151701 0 1.35784
Iteration 88  HV  cores 338 329 2  time 0.152921 0 1.38206
Iteration 89  HV  cores 341 331 3  time 0.154676 0 1.40645
Iteration 90  HV  cores 344 334 3  time 0.156354 0 1.4309
Iteration 91  HV  cores 347 337 3  time 0.157807 0 1.45636
Iteration 92  HV  cores 349 339 2  time 0.158855 0 1.48167
Iteration 93  HV  cores 351 341 2  time 0.159959 0 1.50687
Iteration 94  HV  cores 354 344 3  time 0.161341 0 1.53219
Iteration 95  HV  cores 356 345 2  time 0.162482 0 1.55764
Iteration 96  HV  cores 360 349 4  time 0.164231 0 1.58339
Iteration 97  HV  cores 361 350 1  time 0.16498 0 1.60929
Iteration 98  HV  cores 365 354 4  time 0.166655 0 1.6352
Iteration 99  HV  cores 369 357 4  time 0.168436 0 1.66187
Iteration 100  HV  cores 371 359 2  time 0.16964 0 1.68824
Iteration 101  HV  cores 375 362 4  time 0.171337 0 1.71463
Iteration 102  HV  cores 378 365 3  time 0.172935 0 1.74164
Iteration 103  HV  cores 380 367 2  time 0.174036 0 1.76831
Iteration 104  HV  cores 383 370 3  time 0.175464 0 1.79512
Iteration 105  HV  cores 385 372 2  time 0.176446 0 1.82262
Iteration 106  HV  cores 388 375 3  time 0.178178 0 1.85055
Iteration 107  HV  cores 391 378 3  time 0.179495 0 1.87843
Iteration 108  HV  cores 393 380 2  time 0.180668 0 1.90623
Iteration 109  HV  cores 396 383 3  time 0.182108 0 1.93441
Iteration 110  HV  cores 397 384 1  time 0.182751 0 1.96227
Iteration 111  HV  cores 400 387 3  time 0.184233 0 1.99062
Iteration 112  HV  cores 403 390 3  time 0.185611 0 2.01861
Iteration 113  HV  cores 406 393 3  time 0.187168 0 2.04673
Iteration 114  HV  cores 409 396 3  time 0.188531 0 2.07527
Iteration 115  HV  cores 410 397 1  time 0.189282 0 2.10381
Iteration 116  HV  cores 414 401 4  time 0.190966 0 2.13241
Iteration 117  HV  cores 417 404 3  time 0.192664 0 2.16134
Iteration 118  HV  cores 418 405 1  time 0.193395 0 2.1905
Iteration 119  HV  cores 419 406 1  time 0.194141 0 2.21956
Iteration 120  HV  cores 422 409 3  time 0.195618 0 2.24875
Iteration 121  HV  cores 425 412 3  time 0.197413 0 2.27818
Iteration 122  HV  cores 427 414 2  time 0.198552 0 2.30811
Iteration 123  HV  cores 429 416 2  time 0.199753 0 2.33821
Iteration 124  HV  cores 431 418 2  time 0.200853 0 2.36833
Iteration 125  HV  cores 433 420 2  time 0.201975 0 2.39847
Iteration 126  HV  cores 436 423 3  time 0.203489 0 2.42877
Iteration 127  HV  cores 439 426 3  time 0.20502 0 2.45922
Iteration 128  HV  cores 441 428 2  time 0.206244 0 2.48969
Iteration 129  HV  cores 444 431 3  time 0.207606 0 2.52078
Iteration 130  HV  cores 445 432 1  time 0.208334 0 2.55204
Iteration 131  HV  cores 448 435 3  time 0.209931 0 2.58303
Iteration 132  HV  cores 450 437 2  time 0.211052 0 2.61422
Iteration 133  HV  cores 453 440 3  time 0.212472 0 2.64553
Iteration 134  HV  cores 455 442 2  time 0.213503 0 2.67633
Iteration 135 MHV  lb 6251 ub 7946  time 0.213871 0.119878 2.67633
Iteration 136  HV  cores 459 445 4  time 0.215711 0.119878 2.70869
Iteration 137  HV  cores 463 448 4  time 0.217756 0.119878 2.74404
Iteration 138  HV  cores 467 451 4  time 0.219642 0.119878 2.78213
Iteration 139  HV  cores 469 453 2  time 0.221055 0.119878 2.82018
Iteration 140  HV  cores 471 455 2  time 0.222187 0.119878 2.85762
Iteration 141  HV  cores 474 458 3  time 0.22368 0.119878 2.89537
Iteration 142  HV  cores 477 461 3  time 0.225163 0.119878 2.93273
Iteration 143  HV  cores 480 464 3  time 0.226566 0.119878 2.97162
Iteration 144  HV  cores 483 467 3  time 0.227993 0.119878 3.01061
Iteration 145  HV  cores 486 469 3  time 0.229537 0.119878 3.04992
Iteration 146  HV  cores 490 473 4  time 0.231266 0.119878 3.08934
Iteration 147  HV  cores 494 477 4  time 0.233065 0.119878 3.13008
Iteration 148  HV  cores 496 479 2  time 0.234082 0.119878 3.17025
Iteration 149  HV  cores 499 482 3  time 0.2354 0.119878 3.20998
Iteration 150  HV  cores 502 485 3  time 0.237047 0.119878 3.25074
Iteration 151  HV  cores 504 487 2  time 0.238018 0.119878 3.29238
Iteration 152  HV  cores 506 489 2  time 0.239153 0.119878 3.33458
Iteration 153  HV  cores 508 491 2  time 0.240282 0.119878 3.37685
Iteration 154  HV  cores 510 493 2  time 0.241365 0.119878 3.41864
Iteration 155  HV  cores 513 496 3  time 0.242711 0.119878 3.45989
Iteration 156  HV  cores 516 499 3  time 0.244153 0.119878 3.50179
Iteration 157  HV  cores 518 501 2  time 0.245122 0.119878 3.54478
Iteration 158  HV  cores 521 504 3  time 0.246462 0.119878 3.58731
Iteration 159  HV  cores 524 507 3  time 0.248054 0.119878 3.63181
Iteration 160  HV  cores 527 509 3  time 0.249467 0.119878 3.67521
Iteration 161  HV  cores 530 512 3  time 0.250869 0.119878 3.71795
Iteration 162  HV  cores 532 514 2  time 0.25208 0.119878 3.7609
Iteration 163  HV  cores 535 517 3  time 0.253585 0.119878 3.80507
Iteration 164  HV  cores 537 519 2  time 0.254806 0.119878 3.84988
Iteration 165  HV  cores 539 521 2  time 0.25607 0.119878 3.89475
Iteration 166  HV  cores 543 524 4  time 0.257971 0.119878 3.9395
Iteration 167  HV  cores 545 526 2  time 0.259068 0.119878 3.98447
Iteration 168  HV  cores 547 528 2  time 0.260142 0.119878 4.0297
Iteration 169  HV  cores 551 532 4  time 0.261935 0.119878 4.0746
Iteration 170  HV  cores 553 534 2  time 0.262959 0.119878 4.12065
Iteration 171  HV  cores 555 536 2  time 0.264026 0.119878 4.16666
Iteration 172  HV  cores 558 539 3  time 0.265496 0.119878 4.21344
Iteration 173  HV  cores 560 541 2  time 0.266602 0.119878 4.25955
Iteration 174  HV  cores 563 544 3  time 0.268025 0.119878 4.30707
Iteration 175  HV  cores 566 547 3  time 0.269397 0.119878 4.35515
Iteration 176  HV  cores 569 550 3  time 0.270799 0.119878 4.40328
Iteration 177  HV  cores 572 553 3  time 0.272242 0.119878 4.45156
Iteration 178  HV  cores 576 556 4  time 0.274031 0.119878 4.50079
Iteration 179  HV  cores 579 559 3  time 0.275643 0.119878 4.54971
Iteration 180  HV  cores 581 561 2  time 0.276845 0.119878 4.59914
Iteration 181  HV  cores 583 563 2  time 0.278124 0.119878 4.68776
Iteration 182  HV  cores 585 565 2  time 0.279109 0.119878 4.73719
Iteration 183  HV  cores 588 568 3  time 0.280632 0.119878 4.78546
Iteration 184  HV  cores 591 570 3  time 0.282247 0.119878 4.83646
Iteration 185  HV  cores 594 573 3  time 0.283652 0.119878 4.88827
Iteration 186  HV  cores 597 576 3  time 0.285029 0.119878 4.94039
Iteration 187  HV  cores 599 578 2  time 0.286079 0.119878 4.99172
Iteration 188  HV  cores 601 580 2  time 0.287183 0.119878 5.04346
Iteration 189  HV  cores 604 582 3  time 0.288567 0.119878 5.095
Iteration 190  HV  cores 606 584 2  time 0.289687 0.119878 5.14811
Iteration 191  HV  cores 608 586 2  time 0.290846 0.119878 5.2006
Iteration 192  HV  cores 611 589 3  time 0.29235 0.119878 5.2521
Iteration 193  HV  cores 614 592 3  time 0.294007 0.119878 5.30416
Iteration 194  HV  cores 617 595 3  time 0.295481 0.119878 5.35793
Iteration 195  HV  cores 619 596 2  time 0.296671 0.119878 5.41266
Iteration 196  HV  cores 621 598 2  time 0.297725 0.119878 5.49816
Iteration 197  HV  cores 623 600 2  time 0.298867 0.119878 5.55254
Iteration 198  HV  cores 626 603 3  time 0.300875 0.119878 5.60755
Iteration 199  HV  cores 628 605 2  time 0.301921 0.119878 5.66326
Iteration 200  HV  cores 630 607 2  time 0.303043 0.119878 5.71962
Iteration 201  HV  cores 631 608 1  time 0.303764 0.119878 5.77591
Iteration 202  HV  cores 632 609 1  time 0.304391 0.119878 5.83206
Iteration 203  HV  cores 635 612 3  time 0.30581 0.119878 5.88775
Iteration 204  HV  cores 638 615 3  time 0.307194 0.119878 5.94292
Iteration 205  HV  cores 640 616 2  time 0.3085 0.119878 5.99751
Iteration 206  HV  cores 643 619 3  time 0.309967 0.119878 6.05446
Iteration 207  HV  cores 645 621 2  time 0.311125 0.119878 6.1098
Iteration 208  HV  cores 647 623 2  time 0.312161 0.119878 6.1655
Iteration 209  HV  cores 649 624 2  time 0.313318 0.119878 6.22207
Iteration 210  HV  cores 652 627 3  time 0.314743 0.119878 6.28086
Iteration 211  HV  cores 654 629 2  time 0.315756 0.119878 6.34004
Iteration 212  HV  cores 657 632 3  time 0.31714 0.119878 6.39874
Iteration 213  HV  cores 659 634 2  time 0.318209 0.119878 6.45748
Iteration 214  HV  cores 663 638 4  time 0.319934 0.119878 6.51767
Iteration 215  HV  cores 665 640 2  time 0.320915 0.119878 6.57621
Iteration 216  HV  cores 667 641 2  time 0.321941 0.119878 6.63506
Iteration 217  HV  cores 669 643 2  time 0.322977 0.119878 6.69497
Iteration 218  HV  cores 670 643 1  time 0.323681 0.119878 6.7552
Iteration 219  HV  cores 672 645 2  time 0.324618 0.119878 6.81593
Iteration 220  HV  cores 674 647 2  time 0.325623 0.119878 6.8775
Iteration 221  HV  cores 677 650 3  time 0.327005 0.119878 6.9382
Iteration 222  HV  cores 679 652 2  time 0.328245 0.119878 6.99971
Iteration 223  HV  cores 681 654 2  time 0.329215 0.119878 7.05972
Iteration 224  HV  cores 682 655 1  time 0.329982 0.119878 7.12021
Iteration 225  HV  cores 683 656 1  time 0.330744 0.119878 7.18033
Iteration 226  HV  cores 686 659 3  time 0.332244 0.119878 7.24179
Iteration 227  HV  cores 689 662 3  time 0.333769 0.119878 7.30339
Iteration 228  HV  cores 691 664 2  time 0.334725 0.119878 7.36555
Iteration 229  HV  cores 693 666 2  time 0.335747 0.119878 7.42928
Iteration 230  HV  cores 695 668 2  time 0.336851 0.119878 7.49242
Iteration 231  HV  cores 697 669 2  time 0.337915 0.119878 7.55565
Iteration 232  HV  cores 699 671 2  time 0.338946 0.119878 7.61856
Iteration 233  HV  cores 701 673 2  time 0.340032 0.119878 7.68206
Iteration 234  HV  cores 703 675 2  time 0.341028 0.119878 7.74448
Iteration 235  HV  cores 706 678 3  time 0.342338 0.119878 7.80822
Iteration 236  HV  cores 709 681 3  time 0.343746 0.119878 7.87401
Iteration 237  HV  cores 712 684 3  time 0.345129 0.119878 7.93897
Iteration 238  HV  cores 714 686 2  time 0.346133 0.119878 8.00341
Iteration 239  HV  cores 716 688 2  time 0.347158 0.119878 8.06732
Iteration 240  HV  cores 719 691 3  time 0.348501 0.119878 8.13083
Iteration 241  HV  cores 721 693 2  time 0.349571 0.119878 8.19579
Iteration 242  HV  cores 724 696 3  time 0.351039 0.119878 8.25972
Iteration 243  HV  cores 726 698 2  time 0.352138 0.119878 8.32505
Iteration 244  HV  cores 730 702 4  time 0.353775 0.119878 8.38909
Iteration 245  HV  cores 731 703 1  time 0.354502 0.119878 8.45302
Iteration 246  HV  cores 733 705 2  time 0.355451 0.119878 8.51913
Iteration 247  HV  cores 735 707 2  time 0.356537 0.119878 8.58382
Iteration 248  HV  cores 737 709 2  time 0.357561 0.119878 8.64814
Iteration 249  HV  cores 739 710 2  time 0.358599 0.119878 8.71378
Iteration 250  HV  cores 740 711 1  time 0.359367 0.119878 8.77899
Iteration 251  HV  cores 744 715 4  time 0.361022 0.119878 8.84627
Iteration 252  HV  cores 747 718 3  time 0.362876 0.119878 8.9147
Iteration 253  HV  cores 749 720 2  time 0.363904 0.119878 8.98157
Iteration 254  HV  cores 752 723 3  time 0.365332 0.119878 9.05028
Iteration 255  HV  cores 755 726 3  time 0.367044 0.119878 9.11763
Iteration 256  HV  cores 758 729 3  time 0.368641 0.119878 9.18893
Iteration 257  HV  cores 761 732 3  time 0.370033 0.119878 9.25709
Iteration 258  HV  cores 763 734 2  time 0.371067 0.119878 9.32596
Iteration 259  HV  cores 764 735 1  time 0.371725 0.119878 9.39378
Iteration 260  HV  cores 765 736 1  time 0.372408 0.119878 9.46311
Iteration 261  HV  cores 767 738 2  time 0.373448 0.119878 9.53114
Iteration 262  HV  cores 769 740 2  time 0.374471 0.119878 9.602
Iteration 263  HV  cores 771 742 2  time 0.375483 0.119878 9.67126
Iteration 264  HV  cores 772 743 1  time 0.376198 0.119878 9.73926
Iteration 265  HV  cores 774 745 2  time 0.377195 0.119878 9.80902
Iteration 266  HV  cores 775 746 1  time 0.377821 0.119878 9.87832
Iteration 267  HV  cores 776 747 1  time 0.378587 0.119878 9.94877
Iteration 268  HV  cores 777 748 1  time 0.379242 0.119878 10.0182
Iteration 269  HV  cores 778 748 1  time 0.379869 0.119878 10.0875
Iteration 270  HV  cores 779 749 1  time 0.380586 0.119878 10.1567
Iteration 271  HV  cores 780 749 1  time 0.381306 0.119878 10.226
Iteration 272  HV  cores 782 751 2  time 0.382282 0.119878 10.2966
Iteration 273  HV  cores 783 752 1  time 0.38299 0.119878 10.4068
Iteration 274  HV  cores 785 754 2  time 0.383948 0.119878 10.4794
Iteration 275  HV  cores 786 755 1  time 0.384585 0.119878 10.5505
Iteration 276  HV  cores 788 756 2  time 0.385583 0.119878 10.6226
Iteration 277  HV  cores 789 757 1  time 0.38629 0.119878 10.6964
Iteration 278  HV  cores 790 758 1  time 0.387121 0.119878 10.7675
Iteration 279  HV  cores 791 759 1  time 0.387795 0.119878 10.8406
Iteration 280  HV  cores 792 760 1  time 0.388549 0.119878 10.9135
Iteration 281  HV  cores 794 762 2  time 0.389509 0.119878 10.9866
Iteration 282  HV  cores 796 764 2  time 0.390497 0.119878 11.06
Iteration 283  HV  cores 797 765 1  time 0.391224 0.119878 11.1325
Iteration 284  HV  cores 800 768 3  time 0.392624 0.119878 11.206
Iteration 285  HV  cores 802 770 2  time 0.393681 0.119878 11.2796
Iteration 286  HV  cores 804 772 2  time 0.394763 0.119878 11.3528
Iteration 287  HV  cores 806 774 2  time 0.395772 0.119878 11.4261
Iteration 288  HV  cores 808 776 2  time 0.396795 0.119878 11.4998
Iteration 289  HV  cores 811 779 3  time 0.398295 0.119878 11.5739
Iteration 290  HV  cores 813 781 2  time 0.399373 0.119878 11.6475
Iteration 291  HV  cores 815 783 2  time 0.400355 0.119878 11.7206
Iteration 292  HV  cores 817 785 2  time 0.401461 0.119878 11.7962
Iteration 293  HV  cores 819 786 2  time 0.402549 0.119878 11.8714
Iteration 294  HV  cores 820 787 1  time 0.403191 0.119878 11.9452
Iteration 295  HV  cores 822 789 2  time 0.404288 0.119878 12.0185
Iteration 296  HV  cores 823 790 1  time 0.405103 0.119878 12.0923
Iteration 297  HV  cores 824 790 1  time 0.405914 0.119878 12.1659
Iteration 298  HV  cores 825 791 1  time 0.406594 0.119878 12.2407
Iteration 299  HV  cores 826 791 1  time 0.407223 0.119878 12.3153
Iteration 300  HV  cores 827 792 1  time 0.407863 0.119878 12.3905
Iteration 301  HV  cores 828 793 1  time 0.408593 0.119878 12.4651
Iteration 302  HV  cores 829 794 1  time 0.409311 0.119878 12.5399
Iteration 303  HV  cores 830 794 1  time 0.410026 0.119878 12.6153
Iteration 304  HV  cores 832 796 2  time 0.410942 0.119878 12.6914
Iteration 305  HV  cores 833 797 1  time 0.411579 0.119878 12.7672
Iteration 306  HV  cores 835 799 2  time 0.412576 0.119878 12.8408
Iteration 307  HV  cores 837 801 2  time 0.413514 0.119878 12.9147
Iteration 308  HV  cores 840 804 3  time 0.415561 0.119878 12.988
Iteration 309  HV  cores 843 807 3  time 0.41716 0.119878 13.0645
Iteration 310  HV  cores 846 810 3  time 0.418636 0.119878 13.1387
Iteration 311  HV  cores 849 813 3  time 0.420041 0.119878 13.2163
Iteration 312  HV  cores 852 816 3  time 0.421405 0.119878 13.2913
Iteration 313  HV  cores 854 818 2  time 0.422452 0.119878 13.3669
Iteration 314  HV  cores 856 819 2  time 0.423797 0.119878 13.4437
Iteration 315  HV  cores 859 822 3  time 0.425198 0.119878 13.5207
Iteration 316  HV  cores 862 825 3  time 0.426925 0.119878 13.5971
Iteration 317  HV  cores 864 827 2  time 0.428112 0.119878 13.6756
Iteration 318  HV  cores 866 829 2  time 0.429208 0.119878 13.7515
Iteration 319  HV  cores 868 831 2  time 0.43023 0.119878 13.8296
Iteration 320  HV  cores 870 833 2  time 0.431266 0.119878 13.9081
Iteration 321  HV  cores 872 835 2  time 0.432511 0.119878 13.9856
Iteration 322  HV  cores 873 836 1  time 0.433165 0.119878 14.0647
Iteration 323  HV  cores 875 838 2  time 0.434108 0.119878 14.1422
Iteration 324  HV  cores 877 840 2  time 0.435222 0.119878 14.2205
Iteration 325  HV  cores 879 842 2  time 0.436224 0.119878 14.2985
Iteration 326  HV  cores 881 844 2  time 0.437535 0.119878 14.3769
Iteration 327  HV  cores 883 846 2  time 0.438545 0.119878 14.456
Iteration 328  HV  cores 885 848 2  time 0.44001 0.119878 14.5729
Iteration 329  HV  cores 888 851 3  time 0.441777 0.119878 14.6515
Iteration 330  HV  cores 890 853 2  time 0.442899 0.119878 14.7307
Iteration 331  HV  cores 893 856 3  time 0.444267 0.119878 14.8091
Iteration 332  HV  cores 895 858 2  time 0.445518 0.119878 14.8905
Iteration 333  HV  cores 897 860 2  time 0.446512 0.119878 14.97
Iteration 334  HV  cores 899 862 2  time 0.447607 0.119878 15.0494
Iteration 335  HV  cores 901 864 2  time 0.448648 0.119878 15.1296
Iteration 336  HV  cores 903 866 2  time 0.449611 0.119878 15.2106
Iteration 337  HV  cores 905 868 2  time 0.450685 0.119878 15.2902
Iteration 338  HV  cores 908 871 3  time 0.452045 0.119878 15.3717
Iteration 339  HV  cores 910 872 2  time 0.453115 0.119878 15.4527
Iteration 340  HV  cores 913 875 3  time 0.454449 0.119878 15.5345
Iteration 341  HV  cores 916 878 3  time 0.456026 0.119878 15.6167
Iteration 342  HV  cores 918 880 2  time 0.4571 0.119878 15.6995
Iteration 343  HV  cores 920 882 2  time 0.458287 0.119878 15.7814
Iteration 344  HV  cores 922 884 2  time 0.45929 0.119878 15.8648
Iteration 345  HV  cores 925 887 3  time 0.460763 0.119878 15.9478
Iteration 346  HV  cores 928 890 3  time 0.462256 0.119878 16.0309
Iteration 347  HV  cores 930 891 2  time 0.46354 0.119878 16.1132
Iteration 348  HV  cores 931 892 1  time 0.464178 0.119878 16.1956
Iteration 349  HV  cores 932 893 1  time 0.464968 0.119878 16.2778
Iteration 350  HV  cores 933 894 1  time 0.465588 0.119878 16.3602
Iteration 351  HV  cores 936 897 3  time 0.467061 0.119878 16.4438
Iteration 352  HV  cores 938 899 2  time 0.46804 0.119878 16.5257
Iteration 353  HV  cores 940 901 2  time 0.469082 0.119878 16.6095
Iteration 354  HV  cores 941 902 1  time 0.469905 0.119878 16.6935
Iteration 355  HV  cores 942 902 1  time 0.470603 0.119878 16.7762
Iteration 356  HV  cores 943 903 1  time 0.471402 0.119878 16.8609
Iteration 357  HV  cores 945 905 2  time 0.472452 0.119878 16.9461
Iteration 358  HV  cores 946 906 1  time 0.473453 0.119878 17.0312
Iteration 359  HV  cores 947 907 1  time 0.474374 0.119878 17.118
Iteration 360  HV  cores 948 908 1  time 0.475107 0.119878 17.2051
Iteration 361  HV  cores 949 909 1  time 0.47578 0.119878 17.29
Iteration 362  HV  cores 950 909 1  time 0.47654 0.119878 17.3754
Iteration 363  HV  cores 951 909 1  time 0.477279 0.119878 17.4626
Iteration 364  HV  cores 954 912 3  time 0.478637 0.119878 17.5505
Iteration 365  HV  cores 956 914 2  time 0.479874 0.119878 17.6381
Iteration 366  HV  cores 957 915 1  time 0.480508 0.119878 17.7267
Iteration 367  HV  cores 959 917 2  time 0.481517 0.119878 17.815
Iteration 368  HV  cores 960 918 1  time 0.48216 0.119878 17.9021
Iteration 369  HV  cores 962 920 2  time 0.483302 0.119878 17.9912
Iteration 370  HV  cores 964 922 2  time 0.484353 0.119878 18.0798
Iteration 371  HV  cores 966 924 2  time 0.485438 0.119878 18.1695
Iteration 372  HV  cores 968 926 2  time 0.486449 0.119878 18.2567
Iteration 373  HV  cores 970 928 2  time 0.487746 0.119878 18.345
Iteration 374  HV  cores 972 930 2  time 0.489108 0.119878 18.4357
Iteration 375  HV  cores 974 932 2  time 0.490519 0.119878 18.5243
Iteration 376  HV  cores 976 934 2  time 0.491619 0.119878 18.6158
Iteration 377  HV  cores 979 936 3  time 0.49308 0.119878 18.7067
Iteration 378  HV  cores 981 938 2  time 0.494187 0.119878 18.7975
Iteration 379  HV  cores 983 940 2  time 0.495261 0.119878 18.8896
Iteration 380  HV  cores 985 942 2  time 0.496645 0.119878 18.9784
Iteration 381  HV  cores 987 944 2  time 0.497824 0.119878 19.0668
Iteration 382  HV  cores 990 947 3  time 0.499139 0.119878 19.1546
Iteration 383  HV  cores 992 949 2  time 0.500229 0.119878 19.2443
Iteration 384  HV  cores 994 951 2  time 0.501254 0.119878 19.3339
Iteration 385  HV  cores 996 953 2  time 0.502468 0.119878 19.4241
Iteration 386  HV  cores 998 953 2  time 0.503561 0.119878 19.514
Iteration 387  HV  cores 1000 955 2  time 0.504743 0.119878 19.606
Iteration 388  HV  cores 1002 957 2  time 0.506 0.119878 19.6971
Iteration 389  HV  cores 1003 958 1  time 0.506739 0.119878 19.7886
Iteration 390  HV  cores 1005 960 2  time 0.507753 0.119878 19.8803
Iteration 391  HV  cores 1007 962 2  time 0.508983 0.119878 19.9721
Iteration 392  HV  cores 1011 966 4  time 0.510664 0.119878 20.0648
Iteration 393  HV  cores 1013 968 2  time 0.511705 0.119878 20.1585
Iteration 394  HV  cores 1016 971 3  time 0.51309 0.119878 20.2518
Iteration 395  HV  cores 1018 972 2  time 0.51419 0.119878 20.3459
Iteration 396  HV  cores 1020 974 2  time 0.515275 0.119878 20.4396
Iteration 397  HV  cores 1021 975 1  time 0.515959 0.119878 20.5339
Iteration 398  HV  cores 1023 977 2  time 0.517016 0.119878 20.6286
Iteration 399  HV  cores 1024 978 1  time 0.517702 0.119878 20.7229
Iteration 400  HV  cores 1026 980 2  time 0.518726 0.119878 20.8176
Iteration 401  HV  cores 1027 981 1  time 0.519364 0.119878 20.9126
Iteration 402  HV  cores 1028 981 1  time 0.520091 0.119878 21.0077
Iteration 403  HV  cores 1030 983 2  time 0.521179 0.119878 21.103
Iteration 404  HV  cores 1032 984 2  time 0.522135 0.119878 21.1986
Iteration 405  HV  cores 1034 986 2  time 0.52311 0.119878 21.2943
Iteration 406  HV  cores 1035 987 1  time 0.52381 0.119878 21.3907
Iteration 407  HV  cores 1037 989 2  time 0.524849 0.119878 21.4873
Iteration 408  HV  cores 1039 990 2  time 0.525831 0.119878 21.5833
Iteration 409  HV  cores 1041 992 2  time 0.526803 0.119878 21.6799
Iteration 410  HV  cores 1043 994 2  time 0.527847 0.119878 21.7767
Iteration 411  HV  cores 1045 996 2  time 0.528866 0.119878 21.8719
Iteration 412  HV  cores 1047 998 2  time 0.530011 0.119878 21.9697
Iteration 413  HV  cores 1050 1001 3  time 0.531588 0.119878 22.0672
Iteration 414  HV  cores 1052 1003 2  time 0.532662 0.119878 22.1594
Iteration 415  HV  cores 1054 1005 2  time 0.533767 0.119878 22.2543
Iteration 416  HV  cores 1056 1007 2  time 0.534907 0.119878 22.3501
Iteration 417  HV  cores 1058 1009 2  time 0.53613 0.119878 22.4458
Iteration 418  HV  cores 1060 1011 2  time 0.537158 0.119878 22.5446
Iteration 419  HV  cores 1062 1013 2  time 0.538187 0.119878 22.6412
Iteration 420  HV  cores 1064 1013 2  time 0.539427 0.119878 22.7376
Iteration 421  HV  cores 1065 1014 1  time 0.54012 0.119878 22.8342
Iteration 422  HV  cores 1067 1016 2  time 0.541227 0.119878 22.9308
Iteration 423  HV  cores 1069 1018 2  time 0.542253 0.119878 23.0281
Iteration 424  HV  cores 1071 1020 2  time 0.543339 0.119878 23.123
Iteration 425  HV  cores 1074 1023 3  time 0.544802 0.119878 23.2201
Iteration 426  HV  cores 1075 1024 1  time 0.545552 0.119878 23.3172
Iteration 427  HV  cores 1076 1025 1  time 0.546352 0.119878 23.4149
Iteration 428  HV  cores 1078 1027 2  time 0.547361 0.119878 23.5127
Iteration 429  HV  cores 1080 1029 2  time 0.548475 0.119878 23.6101
Iteration 430  HV  cores 1083 1032 3  time 0.549984 0.119878 23.7081
Iteration 431  HV  cores 1087 1036 4  time 0.551762 0.119878 23.8065
Iteration 432  HV  cores 1089 1038 2  time 0.552818 0.119878 23.9053
Iteration 433  HV  cores 1091 1040 2  time 0.553908 0.119878 24.0021
Iteration 434  HV  cores 1092 1041 1  time 0.55465 0.119878 24.101
Iteration 435  HV  cores 1096 1044 4  time 0.556355 0.119878 24.1972
Iteration 436  HV  cores 1098 1046 2  time 0.557397 0.119878 24.2942
Iteration 437  HV  cores 1100 1048 2  time 0.558498 0.119878 24.3937
Iteration 438  HV  cores 1102 1050 2  time 0.559589 0.119878 24.4905
Iteration 439  HV  cores 1107 1055 5  time 0.561622 0.119878 24.5874
Iteration 440  HV  cores 1110 1058 3  time 0.562959 0.119878 24.689
Iteration 441  HV  cores 1111 1059 1  time 0.563656 0.119878 24.7872
Iteration 442  HV  cores 1113 1061 2  time 0.5648 0.119878 24.8887
Iteration 443  HV  cores 1116 1064 3  time 0.566183 0.119878 24.9889
Iteration 444  HV  cores 1118 1066 2  time 0.567261 0.119878 25.0912
Iteration 445  HV  cores 1120 1068 2  time 0.56837 0.119878 25.1915
Iteration 446  HV  cores 1122 1070 2  time 0.56937 0.119878 25.2958
Iteration 447  HV  cores 1124 1072 2  time 0.570538 0.119878 25.3954
Iteration 448  HV  cores 1127 1075 3  time 0.571837 0.119878 25.4961
Iteration 449  HV  cores 1129 1077 2  time 0.572925 0.119878 25.5965
Iteration 450  HV  cores 1131 1079 2  time 0.573962 0.119878 25.6974
Iteration 451  HV  cores 1134 1082 3  time 0.575334 0.119878 25.7981
Iteration 452  HV  cores 1135 1083 1  time 0.576081 0.119878 25.8983
Iteration 453  HV  cores 1137 1085 2  time 0.577053 0.119878 26.0018
Iteration 454  HV  cores 1139 1087 2  time 0.578098 0.119878 26.1033
Iteration 455  HV  cores 1140 1088 1  time 0.57875 0.119878 26.2054
Iteration 456  HV  cores 1141 1088 1  time 0.579577 0.119878 26.3072
Iteration 457  HV  cores 1143 1090 2  time 0.580717 0.119878 26.4092
Iteration 458  HV  cores 1145 1092 2  time 0.581942 0.119878 26.5144
Iteration 459  HV  cores 1147 1094 2  time 0.583149 0.119878 26.6158
Iteration 460  HV  cores 1148 1095 1  time 0.583936 0.119878 26.7196
Iteration 461  HV  cores 1150 1097 2  time 0.584962 0.119878 26.8216
Iteration 462  HV  cores 1152 1099 2  time 0.586016 0.119878 26.9287
Iteration 463  HV  cores 1153 1100 1  time 0.58678 0.119878 27.0313
Iteration 464  HV  cores 1155 1102 2  time 0.587968 0.119878 27.1339
Iteration 465  HV  cores 1157 1104 2  time 0.589041 0.119878 27.2367
Iteration 466  HV  cores 1158 1105 1  time 0.589727 0.119878 27.3399
Iteration 467  HV  cores 1159 1106 1  time 0.590519 0.119878 27.4425
Iteration 468  HV  cores 1160 1107 1  time 0.591158 0.119878 27.5492
Iteration 469  HV  cores 1162 1109 2  time 0.592261 0.119878 27.6534
Iteration 470  HV  cores 1164 1111 2  time 0.593494 0.119878 27.7569
Iteration 471  HV  cores 1166 1113 2  time 0.594722 0.119878 27.8616
Iteration 472  HV  cores 1167 1114 1  time 0.595401 0.119878 27.9651
Iteration 473  HV  cores 1168 1114 1  time 0.59619 0.119878 28.0699
Iteration 474  HV  cores 1170 1116 2  time 0.597397 0.119878 28.175
Iteration 475  HV  cores 1172 1118 2  time 0.598627 0.119878 28.28
Iteration 476  HV  cores 1173 1118 1  time 0.599446 0.119878 28.385
Iteration 477  HV  cores 1175 1120 2  time 0.600451 0.119878 28.4913
Iteration 478  HV  cores 1176 1121 1  time 0.601227 0.119878 28.5976
Iteration 479  HV  cores 1177 1122 1  time 0.602016 0.119878 28.7042
Iteration 480  HV  cores 1179 1124 2  time 0.603001 0.119878 28.8143
Iteration 481  HV  cores 1182 1127 3  time 0.604459 0.119878 28.9202
Iteration 482  HV  cores 1184 1129 2  time 0.605493 0.119878 29.0302
Iteration 483  HV  cores 1186 1131 2  time 0.606512 0.119878 29.1368
Iteration 484  HV  cores 1189 1134 3  time 0.607849 0.119878 29.2423
Iteration 485  HV  cores 1191 1136 2  time 0.608929 0.119878 29.3495
Iteration 486 MHV  lb 6472 ub 6847  time 0.609262 0.860054 29.3495
Iteration 487  HV  cores 1193 1138 2  time 0.610481 0.860054 29.4398
Iteration 488  HV  cores 1196 1141 3  time 0.612076 0.860054 29.8906
Iteration 489  HV  cores 1199 1144 3  time 0.613605 0.860054 31.4062
Iteration 490  HV  cores 1203 1148 4  time 0.615401 0.860054 31.4972
Iteration 491  HV  cores 1206 1150 3  time 0.616928 0.860054 31.5887
Iteration 492  HV  cores 1209 1153 3  time 0.618524 0.860054 31.6961
Iteration 493  HV  cores 1212 1156 3  time 0.619931 0.860054 33.4703
Iteration 494  HV  cores 1214 1158 2  time 0.621166 0.860054 33.5618
Iteration 495  HV  cores 1215 1159 1  time 0.62186 0.860054 33.6531
Iteration 496  HV  cores 1217 1161 2  time 0.622989 0.860054 34.3929
Iteration 497  HV  cores 1220 1164 3  time 0.624492 0.860054 34.4853
Iteration 498  HV  cores 1223 1167 3  time 0.626093 0.860054 35.0647
Iteration 499  HV  cores 1225 1169 2  time 0.627099 0.860054 36.7755
Iteration 500  HV  cores 1227 1171 2  time 0.628124 0.860054 36.8682
Iteration 501  HV  cores 1229 1173 2  time 0.629142 0.860054 37.6915
Iteration 502  HV  cores 1231 1175 2  time 0.630437 0.860054 37.7854
Iteration 503  HV  cores 1234 1178 3  time 0.632135 0.860054 39.6362
Iteration 504  HV  cores 1237 1181 3  time 0.63389 0.860054 39.7291
Iteration 505  HV  cores 1240 1184 3  time 0.635241 0.860054 40.4439
Iteration 506  HV  cores 1242 1186 2  time 0.636373 0.860054 42.2942
Iteration 507  HV  cores 1244 1188 2  time 0.637441 0.860054 42.3886
Iteration 508  HV  cores 1245 1189 1  time 0.6382 0.860054 42.483
Iteration 509  HV  cores 1248 1192 3  time 0.639749 0.860054 43.33
Iteration 510  HV  cores 1251 1195 3  time 0.641103 0.860054 43.4283
Iteration 511 MHV  lb 6510 ub 6782  time 0.641476 2.89818 43.4283
Iteration 512  HV  cores 1252 1196 1  time 0.642315 2.89818 43.5227
Iteration 513  HV  cores 1256 1200 4  time 0.644275 2.89818 43.6182
Iteration 514  HV  cores 1260 1203 4  time 0.646084 2.89818 45.325
Iteration 515  HV  cores 1262 1205 2  time 0.647349 2.89818 45.4196
Iteration 516  HV  cores 1265 1207 3  time 0.649122 2.89818 45.5142
Iteration 517  HV  cores 1268 1210 3  time 0.650488 2.89818 46.266
Iteration 518  HV  cores 1269 1211 1  time 0.651354 2.89818 47.2388
Iteration 519  HV  cores 1271 1213 2  time 0.652412 2.89818 47.3345
Iteration 520  HV  cores 1274 1216 3  time 0.653815 2.89818 49.1885
Iteration 521  HV  cores 1277 1218 3  time 0.655432 2.89818 49.2842
Iteration 522  HV  cores 1279 1218 2  time 0.656684 2.89818 49.3801
Iteration 523  HV  cores 1281 1220 2  time 0.657791 2.89818 49.4772
Iteration 524  HV  cores 1283 1222 2  time 0.659075 2.89818 50.9176
Iteration 525  HV  cores 1285 1224 2  time 0.66035 2.89818 51.0138
Iteration 526  HV  cores 1286 1225 1  time 0.661115 2.89818 51.1103
Iteration 527  HV  cores 1288 1227 2  time 0.662196 2.89818 51.2074
Iteration 528  HV  cores 1292 1231 4  time 0.664087 2.89818 54.0415
Iteration 529  HV  cores 1293 1232 1  time 0.664825 2.89818 54.1384
Iteration 530  HV  cores 1295 1234 2  time 0.665887 2.89818 54.2352
Iteration 531  HV  cores 1300 1239 5  time 0.668076 2.89818 54.3324
Iteration 532  HV  cores 1302 1241 2  time 0.669222 2.89818 54.4302
Iteration 533  HV  cores 1304 1243 2  time 0.670434 2.89818 56.5
Iteration 534  HV  cores 1306 1245 2  time 0.671566 2.89818 56.5987
Iteration 535  HV  cores 1309 1248 3  time 0.672908 2.89818 56.6965
Iteration 536  HV  cores 1312 1251 3  time 0.674341 2.89818 56.7949
Iteration 537  HV  cores 1313 1252 1  time 0.675077 2.89818 59.3132
Iteration 538  HV  cores 1315 1254 2  time 0.676419 2.89818 59.4122
Iteration 539  HV  cores 1317 1256 2  time 0.677684 2.89818 59.5117
Iteration 540  HV  cores 1320 1258 3  time 0.679367 2.89818 59.6106
Iteration 541  HV  cores 1322 1260 2  time 0.680551 2.89818 61.5573
Iteration 542  HV  cores 1324 1262 2  time 0.68157 2.89818 61.6567
Iteration 543  HV  cores 1327 1265 3  time 0.683519 2.89818 63.637
Iteration 544  HV  cores 1330 1268 3  time 0.685047 2.89818 63.7361
Iteration 545  HV  cores 1333 1271 3  time 0.686436 2.89818 64.2009
Iteration 546  HV  cores 1335 1273 2  time 0.687585 2.89818 65.002
Iteration 547  HV  cores 1337 1275 2  time 0.68894 2.89818 65.1039
Iteration 548  HV  cores 1338 1276 1  time 0.689667 2.89818 67.0766
Iteration 549  HV  cores 1340 1278 2  time 0.690771 2.89818 67.1844
Iteration 550  HV  cores 1343 1280 3  time 0.692136 2.89818 67.2885
Iteration 551  HV  cores 1345 1282 2  time 0.693378 2.89818 69.4144
Iteration 552  HV  cores 1346 1283 1  time 0.694231 2.89818 69.5186
Iteration 553  HV  cores 1348 1285 2  time 0.695396 2.89818 69.6229
Iteration 554  HV  cores 1350 1287 2  time 0.696409 2.89818 69.7266
Iteration 555  HV  cores 1352 1289 2  time 0.697748 2.89818 71.7626
Iteration 556  HV  cores 1356 1293 4  time 0.699607 2.89818 71.8637
Iteration 557  HV  cores 1360 1297 4  time 0.701418 2.89818 74.795
Iteration 558  HV  cores 1362 1299 2  time 0.702572 2.89818 74.8973
Iteration 559  HV  cores 1366 1301 4  time 0.704581 2.89818 75.0034
Iteration 560  HV  cores 1367 1302 1  time 0.705383 2.89818 75.109
Iteration 561  HV  cores 1369 1304 2  time 0.706542 2.89818 76.8639
Iteration 562  HV  cores 1372 1307 3  time 0.708129 2.89818 76.9657
Iteration 563  HV  cores 1375 1310 3  time 0.709448 2.89818 77.0711
Iteration 564  HV  cores 1377 1312 2  time 0.710581 2.89818 77.1767
Iteration 565  HV  cores 1380 1315 3  time 0.712145 2.89818 79.9814
Iteration 566  HV  cores 1382 1317 2  time 0.713235 2.89818 80.089
Iteration 567  HV  cores 1385 1320 3  time 0.714749 2.89818 80.1972
Iteration 568  HV  cores 1386 1321 1  time 0.715633 2.89818 80.3044
Iteration 569  HV  cores 1389 1324 3  time 0.717199 2.89818 83.1029
Iteration 570  HV  cores 1390 1325 1  time 0.717897 2.89818 83.2115
Iteration 571  HV  cores 1392 1327 2  time 0.718968 2.89818 83.3201
Iteration 572  HV  cores 1394 1329 2  time 0.720082 2.89818 86.3359
Iteration 573  HV  cores 1397 1332 3  time 0.72149 2.89818 86.4427
Iteration 574  HV  cores 1400 1335 3  time 0.723 2.89818 89.2533
Iteration 575  HV  cores 1401 1336 1  time 0.723667 2.89818 89.3627
Iteration 576  HV  cores 1402 1337 1  time 0.724443 2.89818 89.4734
Iteration 577  HV  cores 1405 1339 3  time 0.725939 2.89818 91.5972
Iteration 578  HV  cores 1406 1340 1  time 0.72686 2.89818 92.5534
Iteration 579  HV  cores 1408 1342 2  time 0.728055 2.89818 92.6628
Iteration 580  HV  cores 1412 1346 4  time 0.729804 2.89818 94.5521
Iteration 581  HV  cores 1415 1347 3  time 0.731265 2.89818 94.6623
Iteration 582  HV  cores 1416 1348 1  time 0.732039 2.89818 97.4666
Iteration 583  HV  cores 1417 1349 1  time 0.733002 2.89818 97.5764
Iteration 584  HV  cores 1418 1350 1  time 0.733791 2.89818 99.4977
Iteration 585  HV  cores 1419 1351 1  time 0.734476 2.89818 99.6079
Iteration 586  HV  cores 1421 1353 2  time 0.735924 2.89818 102.354
Iteration 587  HV  cores 1422 1354 1  time 0.736587 2.89818 102.46
Iteration 588  HV  cores 1424 1356 2  time 0.737644 2.89818 105.535
Iteration 589  HV  cores 1426 1358 2  time 0.73869 2.89818 105.646
Iteration 590  HV  cores 1428 1360 2  time 0.739771 2.89818 107.653
Iteration 591  HV  cores 1429 1361 1  time 0.740415 2.89818 107.765
Iteration 592  HV  cores 1430 1362 1  time 0.741236 2.89818 107.876
Iteration 593  HV  cores 1432 1364 2  time 0.742341 2.89818 107.987
Iteration 594  HV  cores 1435 1367 3  time 0.743843 2.89818 111.051
Iteration 595  HV  cores 1438 1370 3  time 0.745421 2.89818 113.592
Iteration 596  HV  cores 1439 1371 1  time 0.746161 2.89818 113.733
Iteration 597  HV  cores 1441 1373 2  time 0.747267 2.89818 113.845
Iteration 598  HV  cores 1443 1375 2  time 0.748352 2.89818 113.958
Iteration 599  HV  cores 1444 1376 1  time 0.749072 2.89818 116.112
Iteration 600  HV  cores 1446 1378 2  time 0.750144 2.89818 116.217
Iteration 601  HV  cores 1447 1379 1  time 0.750912 2.89818 116.321
Iteration 602  HV  cores 1448 1380 1  time 0.751567 2.89818 116.426
Iteration 603  HV  cores 1449 1381 1  time 0.752345 2.89818 118.53
Iteration 604  HV  cores 1450 1382 1  time 0.753102 2.89818 118.636
Iteration 605  HV  cores 1451 1383 1  time 0.75381 2.89818 118.744
Iteration 606  HV  cores 1453 1385 2  time 0.754961 2.89818 118.848
Iteration 607  HV  cores 1455 1386 2  time 0.756166 2.89818 118.953
Iteration 608  HV  cores 1457 1388 2  time 0.757155 2.89818 119.061
Iteration 609  HV  cores 1458 1389 1  time 0.757972 2.89818 119.167
Iteration 610  HV  cores 1459 1390 1  time 0.758659 2.89818 121.029
Iteration 611  HV  cores 1461 1392 2  time 0.759727 2.89818 121.134
Iteration 612  HV  cores 1462 1393 1  time 0.760498 2.89818 123.789
Iteration 613  HV  cores 1464 1395 2  time 0.761797 2.89818 123.898
Iteration 614  HV  cores 1465 1396 1  time 0.762552 2.89818 124.005
Iteration 615  HV  cores 1467 1398 2  time 0.763683 2.89818 127.377
Iteration 616  HV  cores 1468 1399 1  time 0.764522 2.89818 127.482
Iteration 617  HV  cores 1469 1400 1  time 0.765198 2.89818 130.386
Iteration 618  HV  cores 1470 1401 1  time 0.766002 2.89818 130.49
Iteration 619  HV  cores 1472 1403 2  time 0.767242 2.89818 130.599
Iteration 620  HV  cores 1474 1405 2  time 0.768275 2.89818 130.703
Iteration 621  HV  cores 1477 1408 3  time 0.769899 2.89818 132.654
Iteration 622  HV  cores 1478 1409 1  time 0.770838 2.89818 134.542
Iteration 623  HV  cores 1479 1410 1  time 0.771695 2.89818 134.647
Iteration 624  HV  cores 1481 1412 2  time 0.772723 2.89818 136.38
Iteration 625  HV  cores 1482 1413 1  time 0.773577 2.89818 136.489
Iteration 626  HV  cores 1483 1413 1  time 0.774329 2.89818 136.6
Iteration 627  HV  cores 1484 1414 1  time 0.775072 2.89818 139.448
Iteration 628  HV  cores 1485 1415 1  time 0.775832 2.89818 139.553
Iteration 629  HV  cores 1486 1416 1  time 0.776629 2.89818 141.614
Iteration 630  HV  cores 1488 1417 2  time 0.777632 2.89818 141.723
Iteration 631  HV  cores 1490 1419 2  time 0.778897 2.89818 144.507
Iteration 632  HV  cores 1491 1420 1  time 0.779617 2.89818 144.617
Iteration 633  HV  cores 1492 1421 1  time 0.780397 2.89818 144.73
Iteration 634  HV  cores 1494 1423 2  time 0.781508 2.89818 147.033
Iteration 635  HV  cores 1497 1424 3  time 0.783169 2.89818 147.144
Iteration 636  HV  cores 1499 1426 2  time 0.784334 2.89818 147.254
Iteration 637  HV  cores 1502 1429 3  time 0.785839 2.89818 150.228
Iteration 638  HV  cores 1504 1431 2  time 0.786997 2.89818 150.339
Iteration 639  HV  cores 1506 1433 2  time 0.788153 2.89818 152.313
Iteration 640  HV  cores 1508 1435 2  time 0.789323 2.89818 152.423
Iteration 641  HV  cores 1509 1436 1  time 0.79001 2.89818 152.535
Iteration 642  HV  cores 1510 1437 1  time 0.790719 2.89818 154.779
Iteration 643  HV  cores 1511 1438 1  time 0.791443 2.89818 154.891
Iteration 644  HV  cores 1512 1439 1  time 0.792206 2.89818 157.129
Iteration 645  HV  cores 1515 1442 3  time 0.793666 2.89818 157.241
Iteration 646  HV  cores 1516 1443 1  time 0.794461 2.89818 159.602
Iteration 647  HV  cores 1517 1444 1  time 0.795304 2.89818 159.716
Iteration 648  HV  cores 1519 1445 2  time 0.796597 2.89818 162.34
Iteration 649  HV  cores 1522 1448 3  time 0.798012 2.89818 162.453
Iteration 650  HV  cores 1523 1449 1  time 0.798723 2.89818 162.565
Iteration 651  HV  cores 1525 1451 2  time 0.80004 2.89818 162.679
Iteration 652  HV  cores 1527 1453 2  time 0.801135 2.89818 166.216
Iteration 653  HV  cores 1528 1454 1  time 0.801958 2.89818 166.45
Iteration 654  HV  cores 1530 1456 2  time 0.803019 2.89818 168.296
Iteration 655  HV  cores 1531 1457 1  time 0.803883 2.89818 168.412
Iteration 656  HV  cores 1532 1457 1  time 0.804626 2.89818 168.525
Iteration 657  HV  cores 1534 1459 2  time 0.8057 2.89818 168.641
Iteration 658  HV  cores 1536 1461 2  time 0.806891 2.89818 168.877
Iteration 659  HV  cores 1538 1463 2  time 0.807932 2.89818 171.881
Iteration 660  HV  cores 1539 1464 1  time 0.80864 2.89818 171.997
Iteration 661  HV  cores 1540 1465 1  time 0.809328 2.89818 172.111
Iteration 662  HV  cores 1543 1468 3  time 0.810795 2.89818 175.187
Iteration 663  HV  cores 1545 1470 2  time 0.811939 2.89818 175.303
Iteration 664  HV  cores 1547 1472 2  time 0.813148 2.89818 175.542
Iteration 665  HV  cores 1549 1474 2  time 0.814471 2.89818 177.797
Iteration 666  HV  cores 1550 1475 1  time 0.815314 2.89818 179.241
Iteration 667  HV  cores 1551 1476 1  time 0.815979 2.89818 179.359
Iteration 668  HV  cores 1552 1477 1  time 0.816672 2.89818 179.596
Iteration 669  HV  cores 1554 1479 2  time 0.817655 2.89818 180.001
Iteration 670  HV  cores 1557 1482 3  time 0.819248 2.89818 182.395
Iteration 671  HV  cores 1559 1484 2  time 0.820347 2.89818 182.51
Iteration 672  HV  cores 1560 1485 1  time 0.821121 2.89818 185.755
Iteration 673  HV  cores 1562 1487 2  time 0.822164 2.89818 186.125
Iteration 674  HV  cores 1564 1489 2  time 0.823235 2.89818 188.17
Iteration 675  HV  cores 1565 1490 1  time 0.823911 2.89818 188.413
Iteration 676  HV  cores 1567 1492 2  time 0.82497 2.89818 188.783
Iteration 677  HV  cores 1568 1493 1  time 0.825675 2.89818 190.973
Iteration 678  HV  cores 1570 1495 2  time 0.82696 2.89818 191.09
Iteration 679  HV  cores 1573 1498 3  time 0.82852 2.89818 194.207
Iteration 680  HV  cores 1574 1499 1  time 0.829278 2.89818 194.323
Iteration 681  HV  cores 1576 1501 2  time 0.830411 2.89818 194.44
Iteration 682  HV  cores 1578 1503 2  time 0.831684 2.89818 197.46
Iteration 683  HV  cores 1580 1505 2  time 0.832761 2.89818 197.576
Iteration 684  HV  cores 1581 1506 1  time 0.833457 2.89818 197.693
Iteration 685  HV  cores 1582 1507 1  time 0.834117 2.89818 199.115
Iteration 686  HV  cores 1584 1508 2  time 0.835125 2.89818 199.234
Iteration 687  HV  cores 1585 1509 1  time 0.835811 2.89818 202.578
Iteration 688  HV  cores 1586 1510 1  time 0.836672 2.89818 202.695
Iteration 689  HV  cores 1588 1512 2  time 0.83779 2.89818 203.054
Iteration 690  HV  cores 1591 1515 3  time 0.839243 2.89818 206.333
Iteration 691  HV  cores 1592 1516 1  time 0.839939 2.89818 206.451
Iteration 692  HV  cores 1594 1518 2  time 0.840984 2.89818 206.572
Iteration 693  HV  cores 1596 1520 2  time 0.842203 2.89818 208.531
Iteration 694  HV  cores 1597 1521 1  time 0.842904 2.89818 208.649
Iteration 695  HV  cores 1600 1524 3  time 0.844497 2.89818 211.668
Iteration 696  HV  cores 1601 1525 1  time 0.845206 2.89818 213.9
Iteration 697  HV  cores 1602 1525 1  time 0.845852 2.89818 215.973
Iteration 698  HV  cores 1603 1526 1  time 0.846498 2.89818 216.092
Iteration 699  HV  cores 1604 1527 1  time 0.847251 2.89818 216.466
Iteration 700  HV  cores 1605 1527 1  time 0.847897 2.89818 218.517
Iteration 701  HV  cores 1606 1528 1  time 0.848591 2.89818 218.91
Iteration 702  HV  cores 1607 1529 1  time 0.849306 2.89818 219.304
Iteration 703  HV  cores 1608 1530 1  time 0.849943 2.89818 219.704
Iteration 704  HV  cores 1609 1530 1  time 0.850639 2.89818 220.823
Iteration 705  HV  cores 1610 1531 1  time 0.851338 2.89818 220.944
Iteration 706  HV  cores 1612 1533 2  time 0.852683 2.89818 223.528
Iteration 707  HV  cores 1614 1535 2  time 0.85382 2.89818 223.649
Iteration 708  HV  cores 1615 1536 1  time 0.854641 2.89818 223.77
Iteration 709  HV  cores 1617 1538 2  time 0.855706 2.89818 225.987
Iteration 710  HV  cores 1618 1539 1  time 0.85642 2.89818 226.107
Iteration 711  HV  cores 1621 1542 3  time 0.857861 2.89818 228.106
Iteration 712  HV  cores 1623 1544 2  time 0.859121 2.89818 228.228
Iteration 713  HV  cores 1624 1545 1  time 0.859843 2.89818 228.35
Iteration 714  HV  cores 1625 1546 1  time 0.860868 2.89818 230.591
Iteration 715  HV  cores 1626 1547 1  time 0.861676 2.89818 232.86
Iteration 716  HV  cores 1627 1548 1  time 0.862412 2.89818 235.76
Iteration 717  HV  cores 1628 1549 1  time 0.863091 2.89818 237.338
Iteration 718  HV  cores 1629 1550 1  time 0.863739 2.89818 237.459
Iteration 719 MHV  lb 6649 ub 6742  time 0.864111 6.42557 237.459
Iteration 720  HV  cores 1631 1552 2  time 0.865319 6.42557 237.579
Iteration 721 MHV  lb 6649 ub 6651  time 0.865656 9.79297 237.579
Iteration 722  HV  cores 1632 1553 1  time 0.866386 9.79297 241.504
Iteration 723 MHV  lb 6651 ub 6651  time 0.866755 9.7936 241.504
Optimal value: 6651
Real time: 252.333
CPU time: 716.462
