lb 2454 ub 90454 before adjustment
805 unsorted cost functions
lb 0 ub 88000 after adjustment
costs ready
ub 74391 after 2nd adjustment
467 variables 1326 functions 2454 lb, 74391 ub
Iteration 0  HV  cores 15 15 15  time 0.004947 0 0.00197
Iteration 1  HV  cores 28 28 13  time 0.008717 0 0.004123
Iteration 2  HV  cores 35 33 7  time 0.010748 0 0.007269
Iteration 3  HV  cores 38 36 3  time 0.011774 0 0.010426
Iteration 4  HV  cores 41 39 3  time 0.012798 0 0.013625
Iteration 5  HV  cores 44 42 3  time 0.013807 0 0.017703
Iteration 6  HV  cores 47 45 3  time 0.014893 0 0.022981
Iteration 7  HV  cores 52 50 5  time 0.016715 0 0.028345
Iteration 8  HV  cores 56 54 4  time 0.018013 0 0.035442
Iteration 9  HV  cores 59 57 3  time 0.019079 0 0.045332
Iteration 10  HV  cores 63 60 4  time 0.020348 0 0.051013
Iteration 11  HV  cores 66 63 3  time 0.021367 0 0.058871
Iteration 12  HV  cores 67 64 1  time 0.021836 0 0.066743
Iteration 13  HV  cores 68 65 1  time 0.022308 0 0.074511
Iteration 14  HV  cores 69 66 1  time 0.022771 0 0.082203
Iteration 15 MHV  lb 5662 ub 8229  time 0.023031 0.002205 0.082203
Iteration 16  HV  cores 71 68 2  time 0.023784 0.002205 0.090029
Iteration 17  HV  cores 73 70 2  time 0.024518 0.002205 0.097949
Iteration 18 MHV  lb 5666 ub 7793  time 0.024777 0.004083 0.097949
Iteration 19  HV  cores 74 71 1  time 0.02529 0.004083 0.106345
Iteration 20  HV  cores 76 73 2  time 0.026028 0.004083 0.114979
Iteration 21  HV  cores 77 74 1  time 0.026541 0.004083 0.123353
Iteration 22  HV  cores 80 77 3  time 0.028101 0.004083 0.13213
Iteration 23  HV  cores 82 79 2  time 0.029006 0.004083 0.139619
Iteration 24  HV  cores 84 81 2  time 0.029815 0.004083 0.146979
Iteration 25  HV  cores 85 82 1  time 0.0305 0.004083 0.154902
Iteration 26  HV  cores 87 84 2  time 0.031297 0.004083 0.163072
Iteration 27  HV  cores 91 86 4  time 0.032618 0.004083 0.170902
Iteration 28 MHV  lb 5667 ub 7577  time 0.032858 0.007502 0.170902
Iteration 29  HV  cores 94 89 3  time 0.033899 0.007502 0.179108
Iteration 30 MHV  lb 5667 ub 7555  time 0.034161 0.01253 0.179108
Iteration 31  HV  cores 96 91 2  time 0.034938 0.01253 0.187664
Iteration 32  HV  cores 98 92 2  time 0.035657 0.01253 0.196762
Iteration 33  HV  cores 101 95 3  time 0.036675 0.01253 0.205707
Iteration 34  HV  cores 105 99 4  time 0.037957 0.01253 0.214632
Iteration 35  HV  cores 109 103 4  time 0.03931 0.01253 0.223639
Iteration 36 MHV  lb 5668 ub 6267  time 0.039556 0.020162 0.223639
Iteration 37  HV  cores 112 106 3  time 0.040802 0.020162 0.23304
Iteration 38  HV  cores 114 108 2  time 0.041556 0.020162 0.243077
Iteration 39  HV  cores 115 109 1  time 0.042026 0.020162 0.253328
Iteration 40  HV  cores 116 110 1  time 0.042567 0.020162 0.263941
Iteration 41  HV  cores 117 111 1  time 0.043135 0.020162 0.27417
Iteration 42  HV  cores 118 112 1  time 0.043617 0.020162 0.284752
Iteration 43  HV  cores 120 113 2  time 0.044414 0.020162 0.295565
Iteration 44  HV  cores 121 114 1  time 0.04489 0.020162 0.306219
Iteration 45  HV  cores 122 115 1  time 0.045367 0.020162 0.316971
Iteration 46  HV  cores 123 116 1  time 0.045865 0.020162 0.328055
Iteration 47  HV  cores 124 116 1  time 0.046382 0.020162 0.339264
Iteration 48  HV  cores 125 117 1  time 0.046869 0.020162 0.350167
Iteration 49  HV  cores 126 118 1  time 0.047344 0.020162 0.361633
Iteration 50  HV  cores 127 119 1  time 0.047821 0.020162 0.373008
Iteration 51  HV  cores 128 120 1  time 0.048315 0.020162 0.384501
Iteration 52  HV  cores 129 121 1  time 0.049075 0.020162 0.396054
Iteration 53  HV  cores 130 122 1  time 0.049554 0.020162 0.407742
Iteration 54  HV  cores 131 123 1  time 0.050019 0.020162 0.419095
Iteration 55  HV  cores 132 124 1  time 0.050493 0.020162 0.431807
Iteration 56  HV  cores 133 124 1  time 0.050976 0.020162 0.443768
Iteration 57  HV  cores 134 125 1  time 0.051453 0.020162 0.456261
Iteration 58  HV  cores 135 125 1  time 0.051922 0.020162 0.467634
Iteration 59  HV  cores 137 126 2  time 0.052761 0.020162 0.479127
Iteration 60  HV  cores 138 126 1  time 0.053244 0.020162 0.490633
Iteration 61  HV  cores 139 126 1  time 0.053741 0.020162 0.50261
Iteration 62  HV  cores 140 127 1  time 0.054211 0.020162 0.514428
Iteration 63  HV  cores 141 128 1  time 0.054727 0.020162 0.526354
Iteration 64  HV  cores 142 129 1  time 0.055273 0.020162 0.538747
Iteration 65  HV  cores 144 131 2  time 0.056001 0.020162 0.550758
Iteration 66  HV  cores 145 132 1  time 0.05648 0.020162 0.562499
Iteration 67  HV  cores 146 132 1  time 0.056973 0.020162 0.574523
Iteration 68  HV  cores 147 132 1  time 0.057459 0.020162 0.586723
Iteration 69  HV  cores 148 133 1  time 0.057936 0.020162 0.598696
Iteration 70  HV  cores 149 134 1  time 0.058453 0.020162 0.611107
Iteration 71  HV  cores 150 134 1  time 0.058933 0.020162 0.623291
Iteration 72  HV  cores 152 136 2  time 0.059841 0.020162 0.635689
Iteration 73  HV  cores 153 137 1  time 0.06033 0.020162 0.648683
Iteration 74  HV  cores 154 138 1  time 0.060804 0.020162 0.661003
Iteration 75  HV  cores 155 138 1  time 0.061395 0.020162 0.67358
Iteration 76  HV  cores 157 139 2  time 0.062276 0.020162 0.686165
Iteration 77  HV  cores 159 141 2  time 0.063098 0.020162 0.698685
Iteration 78  HV  cores 161 143 2  time 0.063904 0.020162 0.71164
Iteration 79  HV  cores 163 144 2  time 0.064835 0.020162 0.724505
Iteration 80  HV  cores 165 146 2  time 0.065556 0.020162 0.737644
Iteration 81  HV  cores 167 148 2  time 0.066306 0.020162 0.75074
Iteration 82  HV  cores 169 150 2  time 0.067118 0.020162 0.764062
Iteration 83  HV  cores 170 151 1  time 0.067603 0.020162 0.777159
Iteration 84  HV  cores 171 152 1  time 0.06806 0.020162 0.790251
Iteration 85  HV  cores 172 153 1  time 0.068717 0.020162 0.803035
Iteration 86  HV  cores 173 154 1  time 0.069183 0.020162 0.815633
Iteration 87  HV  cores 174 155 1  time 0.069736 0.020162 0.828329
Iteration 88  HV  cores 175 156 1  time 0.070309 0.020162 0.84148
Iteration 89  HV  cores 176 157 1  time 0.07078 0.020162 0.854422
Iteration 90  HV  cores 178 159 2  time 0.071535 0.020162 0.867796
Iteration 91  HV  cores 179 160 1  time 0.072003 0.020162 0.881038
Iteration 92  HV  cores 180 159 1  time 0.072461 0.020162 0.8945
Iteration 93  HV  cores 181 160 1  time 0.072947 0.020162 0.907819
Iteration 94  HV  cores 182 161 1  time 0.073406 0.020162 0.921418
Iteration 95  HV  cores 183 161 1  time 0.073857 0.020162 0.935363
Iteration 96  HV  cores 184 162 1  time 0.074309 0.020162 0.94905
Iteration 97  HV  cores 185 162 1  time 0.074764 0.020162 0.962642
Iteration 98  HV  cores 186 162 1  time 0.075231 0.020162 0.976352
Iteration 99  HV  cores 187 163 1  time 0.075707 0.020162 0.990131
Iteration 100  HV  cores 188 163 1  time 0.076205 0.020162 1.00376
Iteration 101  HV  cores 189 163 1  time 0.076668 0.020162 1.01743
Iteration 102  HV  cores 190 162 1  time 0.07723 0.020162 1.03134
Iteration 103  HV  cores 191 163 1  time 0.077775 0.020162 1.04512
Iteration 104  HV  cores 192 164 1  time 0.078311 0.020162 1.05883
Iteration 105  HV  cores 193 162 1  time 0.07884 0.020162 1.07226
Iteration 106  HV  cores 194 163 1  time 0.079338 0.020162 1.08596
Iteration 107  HV  cores 195 164 1  time 0.079883 0.020162 1.09963
Iteration 108  HV  cores 196 165 1  time 0.080408 0.020162 1.11373
Iteration 109  HV  cores 197 166 1  time 0.080862 0.020162 1.12783
Iteration 110  HV  cores 198 167 1  time 0.081363 0.020162 1.14169
Iteration 111  HV  cores 199 167 1  time 0.081833 0.020162 1.15582
Iteration 112  HV  cores 200 168 1  time 0.082506 0.020162 1.17009
Iteration 113  HV  cores 201 169 1  time 0.083107 0.020162 1.18416
Iteration 114  HV  cores 202 170 1  time 0.083679 0.020162 1.19843
Iteration 115  HV  cores 204 172 2  time 0.084402 0.020162 1.21286
Iteration 116  HV  cores 206 172 2  time 0.085124 0.020162 1.22724
Iteration 117  HV  cores 208 174 2  time 0.085826 0.020162 1.24148
Iteration 118  HV  cores 209 175 1  time 0.086343 0.020162 1.25585
Iteration 119  HV  cores 210 176 1  time 0.086847 0.020162 1.27036
Iteration 120  HV  cores 211 177 1  time 0.087414 0.020162 1.28519
Iteration 121  HV  cores 212 178 1  time 0.087898 0.020162 1.29971
Iteration 122  HV  cores 213 179 1  time 0.088499 0.020162 1.31454
Iteration 123  HV  cores 214 180 1  time 0.089007 0.020162 1.32934
Iteration 124  HV  cores 215 181 1  time 0.089502 0.020162 1.34433
Iteration 125  HV  cores 216 182 1  time 0.089988 0.020162 1.35961
Iteration 126  HV  cores 217 183 1  time 0.090558 0.020162 1.37499
Iteration 127  HV  cores 218 184 1  time 0.091034 0.020162 1.39024
Iteration 128  HV  cores 219 185 1  time 0.091606 0.020162 1.40561
Iteration 129  HV  cores 220 186 1  time 0.092109 0.020162 1.42117
Iteration 130  HV  cores 221 186 1  time 0.092694 0.020162 1.43657
Iteration 131  HV  cores 222 187 1  time 0.093193 0.020162 1.45192
Iteration 132  HV  cores 223 188 1  time 0.093695 0.020162 1.46726
Iteration 133  HV  cores 224 189 1  time 0.094171 0.020162 1.48258
Iteration 134  HV  cores 225 189 1  time 0.09465 0.020162 1.49788
Iteration 135  HV  cores 226 189 1  time 0.095129 0.020162 1.51309
Iteration 136  HV  cores 227 190 1  time 0.095625 0.020162 1.52825
Iteration 137  HV  cores 228 191 1  time 0.096125 0.020162 1.54385
Iteration 138  HV  cores 229 190 1  time 0.096589 0.020162 1.55924
Iteration 139  HV  cores 230 191 1  time 0.097055 0.020162 1.57486
Iteration 140  HV  cores 231 192 1  time 0.097559 0.020162 1.5905
Iteration 141  HV  cores 232 193 1  time 0.098055 0.020162 1.60601
Iteration 142  HV  cores 233 194 1  time 0.098533 0.020162 1.62143
Iteration 143  HV  cores 234 194 1  time 0.099067 0.020162 1.63715
Iteration 144  HV  cores 235 195 1  time 0.099578 0.020162 1.65265
Iteration 145  HV  cores 236 196 1  time 0.100126 0.020162 1.66849
Iteration 146  HV  cores 237 197 1  time 0.100599 0.020162 1.68442
Iteration 147  HV  cores 238 198 1  time 0.101179 0.020162 1.70049
Iteration 148  HV  cores 239 199 1  time 0.101718 0.020162 1.71676
Iteration 149  HV  cores 240 200 1  time 0.102188 0.020162 1.73281
Iteration 150  HV  cores 241 201 1  time 0.102662 0.020162 1.74863
Iteration 151  HV  cores 242 202 1  time 0.103133 0.020162 1.76465
Iteration 152  HV  cores 243 203 1  time 0.103628 0.020162 1.78055
Iteration 153  HV  cores 244 204 1  time 0.104214 0.020162 1.79671
Iteration 154  HV  cores 245 205 1  time 0.104757 0.020162 1.81309
Iteration 155  HV  cores 246 206 1  time 0.105329 0.020162 1.82954
Iteration 156  HV  cores 247 207 1  time 0.105874 0.020162 1.84599
Iteration 157  HV  cores 248 206 1  time 0.106466 0.020162 1.86247
Iteration 158  HV  cores 249 207 1  time 0.10696 0.020162 1.87887
Iteration 159  HV  cores 250 208 1  time 0.107449 0.020162 1.89532
Iteration 160  HV  cores 251 209 1  time 0.107922 0.020162 1.912
Iteration 161  HV  cores 252 210 1  time 0.108424 0.020162 1.92896
Iteration 162  HV  cores 253 211 1  time 0.10892 0.020162 1.94565
Iteration 163  HV  cores 254 212 1  time 0.109392 0.020162 1.96256
Iteration 164  HV  cores 255 213 1  time 0.109892 0.020162 1.97955
Iteration 165  HV  cores 256 214 1  time 0.110382 0.020162 1.99653
Iteration 166  HV  cores 257 214 1  time 0.110928 0.020162 2.01369
Iteration 167  HV  cores 258 215 1  time 0.11143 0.020162 2.03081
Iteration 168  HV  cores 259 216 1  time 0.111905 0.020162 2.04811
Iteration 169  HV  cores 260 217 1  time 0.112405 0.020162 2.06568
Iteration 170  HV  cores 261 218 1  time 0.112907 0.020162 2.08351
Iteration 171  HV  cores 262 219 1  time 0.113529 0.020162 2.10112
Iteration 172  HV  cores 263 220 1  time 0.114066 0.020162 2.11886
Iteration 173  HV  cores 264 221 1  time 0.114565 0.020162 2.1368
Iteration 174  HV  cores 265 222 1  time 0.11507 0.020162 2.15478
Iteration 175  HV  cores 266 222 1  time 0.115558 0.020162 2.17281
Iteration 176  HV  cores 267 223 1  time 0.116051 0.020162 2.19083
Iteration 177  HV  cores 268 224 1  time 0.11657 0.020162 2.20872
Iteration 178  HV  cores 269 225 1  time 0.11706 0.020162 2.22681
Iteration 179  HV  cores 270 226 1  time 0.117545 0.020162 2.2449
Iteration 180  HV  cores 271 227 1  time 0.118064 0.020162 2.26328
Iteration 181  HV  cores 272 228 1  time 0.118569 0.020162 2.28198
Iteration 182  HV  cores 273 229 1  time 0.119084 0.020162 2.30077
Iteration 183  HV  cores 274 230 1  time 0.119594 0.020162 2.3197
Iteration 184  HV  cores 275 231 1  time 0.120098 0.020162 2.33873
Iteration 185  HV  cores 276 232 1  time 0.120601 0.020162 2.3574
Iteration 186  HV  cores 277 232 1  time 0.121138 0.020162 2.3761
Iteration 187  HV  cores 278 233 1  time 0.121672 0.020162 2.39454
Iteration 188  HV  cores 279 234 1  time 0.122158 0.020162 2.41323
Iteration 189  HV  cores 280 235 1  time 0.122649 0.020162 2.43212
Iteration 190  HV  cores 281 236 1  time 0.123139 0.020162 2.45122
Iteration 191  HV  cores 282 237 1  time 0.123605 0.020162 2.47033
Iteration 192  HV  cores 283 238 1  time 0.124143 0.020162 2.4898
Iteration 193  HV  cores 284 237 1  time 0.124632 0.020162 2.50912
Iteration 194  HV  cores 285 238 1  time 0.12514 0.020162 2.52836
Iteration 195  HV  cores 286 239 1  time 0.125758 0.020162 2.54769
Iteration 196  HV  cores 287 239 1  time 0.126317 0.020162 2.56702
Iteration 197  HV  cores 288 239 1  time 0.126802 0.020162 2.58643
Iteration 198  HV  cores 289 240 1  time 0.127312 0.020162 2.60582
Iteration 199  HV  cores 290 241 1  time 0.127798 0.020162 2.62521
Iteration 200  HV  cores 291 242 1  time 0.128277 0.020162 2.64477
Iteration 201  HV  cores 292 243 1  time 0.128765 0.020162 2.6647
Iteration 202  HV  cores 293 244 1  time 0.129257 0.020162 2.68466
Iteration 203  HV  cores 294 245 1  time 0.129737 0.020162 2.70472
Iteration 204  HV  cores 295 246 1  time 0.130193 0.020162 2.7247
Iteration 205  HV  cores 296 247 1  time 0.130651 0.020162 2.7447
Iteration 206  HV  cores 297 248 1  time 0.131108 0.020162 2.76514
Iteration 207  HV  cores 298 249 1  time 0.13163 0.020162 2.78546
Iteration 208  HV  cores 299 250 1  time 0.132103 0.020162 2.80591
Iteration 209  HV  cores 300 251 1  time 0.132573 0.020162 2.82614
Iteration 210  HV  cores 301 250 1  time 0.133091 0.020162 2.84639
Iteration 211  HV  cores 302 251 1  time 0.133551 0.020162 2.86695
Iteration 212  HV  cores 303 252 1  time 0.134023 0.020162 2.88767
Iteration 213  HV  cores 304 253 1  time 0.134489 0.020162 2.90843
Iteration 214  HV  cores 305 254 1  time 0.134977 0.020162 2.9294
Iteration 215  HV  cores 306 254 1  time 0.135452 0.020162 2.95017
Iteration 216  HV  cores 307 254 1  time 0.13592 0.020162 2.971
Iteration 217  HV  cores 308 254 1  time 0.136374 0.020162 2.99196
Iteration 218  HV  cores 309 255 1  time 0.136825 0.020162 3.01278
Iteration 219  HV  cores 310 256 1  time 0.137329 0.020162 3.03386
Iteration 220  HV  cores 311 257 1  time 0.137817 0.020162 3.05503
Iteration 221  HV  cores 312 256 1  time 0.138321 0.020162 3.07622
Iteration 222  HV  cores 313 256 1  time 0.138783 0.020162 3.09749
Iteration 223  HV  cores 314 256 1  time 0.13926 0.020162 3.1191
Iteration 224  HV  cores 315 257 1  time 0.139725 0.020162 3.14053
Iteration 225  HV  cores 316 258 1  time 0.140217 0.020162 3.16208
Iteration 226  HV  cores 317 257 1  time 0.140704 0.020162 3.18344
Iteration 227  HV  cores 319 259 2  time 0.141518 0.020162 3.20617
Iteration 228  HV  cores 320 260 1  time 0.141985 0.020162 3.22915
Iteration 229  HV  cores 321 260 1  time 0.142454 0.020162 3.2525
Iteration 230  HV  cores 322 261 1  time 0.143021 0.020162 3.27594
Iteration 231  HV  cores 323 262 1  time 0.143514 0.020162 3.29932
Iteration 232  HV  cores 324 263 1  time 0.143994 0.020162 3.32273
Iteration 233  HV  cores 325 264 1  time 0.144474 0.020162 3.34611
Iteration 234  HV  cores 326 264 1  time 0.144936 0.020162 3.36949
Iteration 235  HV  cores 327 265 1  time 0.145419 0.020162 3.39306
Iteration 236  HV  cores 328 266 1  time 0.145894 0.020162 3.41672
Iteration 237  HV  cores 329 267 1  time 0.146356 0.020162 3.44051
Iteration 238  HV  cores 330 268 1  time 0.146866 0.020162 3.46436
Iteration 239  HV  cores 331 269 1  time 0.147416 0.020162 3.4883
Iteration 240  HV  cores 332 269 1  time 0.14788 0.020162 3.51204
Iteration 241  HV  cores 333 269 1  time 0.148519 0.020162 3.53609
Iteration 242  HV  cores 334 270 1  time 0.149001 0.020162 3.56021
Iteration 243  HV  cores 335 271 1  time 0.149472 0.020162 3.5848
Iteration 244  HV  cores 336 272 1  time 0.149995 0.020162 3.60947
Iteration 245  HV  cores 337 272 1  time 0.150479 0.020162 3.63423
Iteration 246  HV  cores 338 273 1  time 0.15094 0.020162 3.65899
Iteration 247  HV  cores 339 274 1  time 0.151466 0.020162 3.68378
Iteration 248  HV  cores 340 275 1  time 0.151923 0.020162 3.70862
Iteration 249  HV  cores 341 276 1  time 0.15238 0.020162 3.73358
Iteration 250  HV  cores 342 277 1  time 0.152855 0.020162 3.75847
Iteration 251  HV  cores 343 278 1  time 0.153321 0.020162 3.78369
Iteration 252  HV  cores 344 279 1  time 0.153783 0.020162 3.80893
Iteration 253  HV  cores 345 280 1  time 0.154244 0.020162 3.83425
Iteration 254  HV  cores 346 281 1  time 0.154704 0.020162 3.85949
Iteration 255  HV  cores 347 282 1  time 0.155187 0.020162 3.88468
Iteration 256  HV  cores 348 283 1  time 0.155659 0.020162 3.90988
Iteration 257  HV  cores 349 284 1  time 0.156117 0.020162 3.93511
Iteration 258  HV  cores 350 284 1  time 0.156643 0.020162 3.96057
Iteration 259  HV  cores 351 285 1  time 0.157114 0.020162 3.98615
Iteration 260  HV  cores 352 285 1  time 0.157574 0.020162 4.01177
Iteration 261  HV  cores 353 282 1  time 0.158103 0.020162 4.03727
Iteration 262  HV  cores 354 283 1  time 0.158579 0.020162 4.06304
Iteration 263  HV  cores 355 284 1  time 0.159041 0.020162 4.08875
Iteration 264  HV  cores 356 285 1  time 0.15955 0.020162 4.11462
Iteration 265  HV  cores 357 285 1  time 0.160102 0.020162 4.14058
Iteration 266  HV  cores 358 284 1  time 0.160561 0.020162 4.16646
Iteration 267  HV  cores 359 285 1  time 0.16129 0.020162 4.19254
Iteration 268  HV  cores 360 285 1  time 0.161814 0.020162 4.21872
Iteration 269  HV  cores 361 285 1  time 0.162354 0.020162 4.24484
Iteration 270  HV  cores 362 286 1  time 0.162831 0.020162 4.27073
Iteration 271  HV  cores 363 287 1  time 0.163308 0.020162 4.29688
Iteration 272  HV  cores 364 288 1  time 0.163809 0.020162 4.32296
Iteration 273  HV  cores 365 289 1  time 0.164296 0.020162 4.34899
Iteration 274  HV  cores 366 290 1  time 0.164811 0.020162 4.37574
Iteration 275  HV  cores 367 291 1  time 0.165294 0.020162 4.40207
Iteration 276  HV  cores 368 292 1  time 0.165776 0.020162 4.42847
Iteration 277  HV  cores 369 293 1  time 0.166286 0.020162 4.4553
Iteration 278  HV  cores 370 294 1  time 0.16679 0.020162 4.48214
Iteration 279  HV  cores 371 295 1  time 0.167274 0.020162 4.50845
Iteration 280  HV  cores 372 296 1  time 0.167775 0.020162 4.53566
Iteration 281  HV  cores 373 297 1  time 0.168256 0.020162 4.563
Iteration 282  HV  cores 374 297 1  time 0.168776 0.020162 4.5907
Iteration 283  HV  cores 375 298 1  time 0.169291 0.020162 4.61767
Iteration 284  HV  cores 376 299 1  time 0.169805 0.020162 4.6448
Iteration 285  HV  cores 377 300 1  time 0.170313 0.020162 4.6722
Iteration 286  HV  cores 378 301 1  time 0.170901 0.020162 4.69943
Iteration 287  HV  cores 379 301 1  time 0.171441 0.020162 4.72656
Iteration 288  HV  cores 380 302 1  time 0.171959 0.020162 4.75412
Iteration 289  HV  cores 381 303 1  time 0.172517 0.020162 4.78188
Iteration 290  HV  cores 382 304 1  time 0.173109 0.020162 4.80913
Iteration 291  HV  cores 383 305 1  time 0.173606 0.020162 4.83741
Iteration 292  HV  cores 384 306 1  time 0.174113 0.020162 4.8658
Iteration 293  HV  cores 385 307 1  time 0.174647 0.020162 4.8941
Iteration 294  HV  cores 386 308 1  time 0.175126 0.020162 4.92195
Iteration 295  HV  cores 387 309 1  time 0.17559 0.020162 4.95036
Iteration 296  HV  cores 388 309 1  time 0.176067 0.020162 4.97903
Iteration 297  HV  cores 389 310 1  time 0.176527 0.020162 5.00778
Iteration 298  HV  cores 390 311 1  time 0.177033 0.020162 5.0368
Iteration 299  HV  cores 391 312 1  time 0.177521 0.020162 5.06524
Iteration 300  HV  cores 392 313 1  time 0.177982 0.020162 5.09362
Iteration 301  HV  cores 393 314 1  time 0.178489 0.020162 5.12195
Iteration 302  HV  cores 394 314 1  time 0.178989 0.020162 5.15007
Iteration 303  HV  cores 395 315 1  time 0.179462 0.020162 5.17832
Iteration 304  HV  cores 396 316 1  time 0.179926 0.020162 5.20674
Iteration 305  HV  cores 397 317 1  time 0.180454 0.020162 5.23557
Iteration 306  HV  cores 398 318 1  time 0.180919 0.020162 5.26446
Iteration 307  HV  cores 399 319 1  time 0.181397 0.020162 5.29367
Iteration 308  HV  cores 400 320 1  time 0.181859 0.020162 5.32235
Iteration 309  HV  cores 401 321 1  time 0.182341 0.020162 5.35135
Iteration 310  HV  cores 402 322 1  time 0.182816 0.020162 5.38051
Iteration 311  HV  cores 403 323 1  time 0.183283 0.020162 5.41021
Iteration 312  HV  cores 404 323 1  time 0.18391 0.020162 5.43969
Iteration 313  HV  cores 405 324 1  time 0.184389 0.020162 5.46975
Iteration 314  HV  cores 406 325 1  time 0.184889 0.020162 5.4991
Iteration 315  HV  cores 407 326 1  time 0.185363 0.020162 5.52895
Iteration 316  HV  cores 408 327 1  time 0.185911 0.020162 5.55886
Iteration 317  HV  cores 409 328 1  time 0.18645 0.020162 5.58877
Iteration 318  HV  cores 410 329 1  time 0.186958 0.020162 5.61882
Iteration 319  HV  cores 411 330 1  time 0.187435 0.020162 5.64928
Iteration 320  HV  cores 412 331 1  time 0.18794 0.020162 5.67945
Iteration 321  HV  cores 413 332 1  time 0.188404 0.020162 5.7098
Iteration 322  HV  cores 414 333 1  time 0.188979 0.020162 5.74023
Iteration 323  HV  cores 415 334 1  time 0.189443 0.020162 5.77083
Iteration 324  HV  cores 416 335 1  time 0.189971 0.020162 5.80123
Iteration 325  HV  cores 417 336 1  time 0.190523 0.020162 5.83189
Iteration 326  HV  cores 418 337 1  time 0.191063 0.020162 5.86255
Iteration 327  HV  cores 419 338 1  time 0.191526 0.020162 5.90367
Iteration 328  HV  cores 420 339 1  time 0.19199 0.020162 5.93464
Iteration 329  HV  cores 421 340 1  time 0.192435 0.020162 5.96569
Iteration 330  HV  cores 422 340 1  time 0.192898 0.020162 5.99683
Iteration 331  HV  cores 423 341 1  time 0.193378 0.020162 6.02798
Iteration 332  HV  cores 424 342 1  time 0.193839 0.020162 6.05924
Iteration 333  HV  cores 425 343 1  time 0.194314 0.020162 6.09044
Iteration 334  HV  cores 426 344 1  time 0.194831 0.020162 6.12176
Iteration 335  HV  cores 427 345 1  time 0.195294 0.020162 6.15345
Iteration 336  HV  cores 428 346 1  time 0.195781 0.020162 6.18522
Iteration 337  HV  cores 429 347 1  time 0.196286 0.020162 6.21683
Iteration 338  HV  cores 430 348 1  time 0.196761 0.020162 6.24844
Iteration 339  HV  cores 431 349 1  time 0.197219 0.020162 6.28006
Iteration 340  HV  cores 432 348 1  time 0.197677 0.020162 6.31153
Iteration 341  HV  cores 433 349 1  time 0.198169 0.020162 6.34468
Iteration 342  HV  cores 434 350 1  time 0.198649 0.020162 6.3783
Iteration 343  HV  cores 435 350 1  time 0.199122 0.020162 6.41192
Iteration 344  HV  cores 436 349 1  time 0.199608 0.020162 6.44545
Iteration 345  HV  cores 437 350 1  time 0.200215 0.020162 6.47921
Iteration 346  HV  cores 438 351 1  time 0.200766 0.020162 6.51273
Iteration 347  HV  cores 439 349 1  time 0.201246 0.020162 6.54669
Iteration 348  HV  cores 440 350 1  time 0.201722 0.020162 6.58056
Iteration 349  HV  cores 441 351 1  time 0.202197 0.020162 6.61451
Iteration 350  HV  cores 442 352 1  time 0.202776 0.020162 6.64818
Iteration 351  HV  cores 443 353 1  time 0.203253 0.020162 6.68243
Iteration 352  HV  cores 444 354 1  time 0.203731 0.020162 6.71669
Iteration 353  HV  cores 445 354 1  time 0.204234 0.020162 6.75117
Iteration 354  HV  cores 446 355 1  time 0.204729 0.020162 6.78549
Iteration 355  HV  cores 447 355 1  time 0.205266 0.020162 6.81998
Iteration 356  HV  cores 448 356 1  time 0.205743 0.020162 6.85475
Iteration 357  HV  cores 449 357 1  time 0.206276 0.020162 6.88938
Iteration 358  HV  cores 450 358 1  time 0.206895 0.020162 6.92432
Iteration 359  HV  cores 451 358 1  time 0.207552 0.020162 6.95921
Iteration 360  HV  cores 452 359 1  time 0.208018 0.020162 6.99401
Iteration 361  HV  cores 453 360 1  time 0.208496 0.020162 7.02886
Iteration 362  HV  cores 454 361 1  time 0.208957 0.020162 7.06364
Iteration 363  HV  cores 455 362 1  time 0.209463 0.020162 7.09871
Iteration 364  HV  cores 456 362 1  time 0.209948 0.020162 7.13386
Iteration 365  HV  cores 457 362 1  time 0.210501 0.020162 7.16903
Iteration 366  HV  cores 458 363 1  time 0.210985 0.020162 7.20449
Iteration 367  HV  cores 459 363 1  time 0.211482 0.020162 7.24006
Iteration 368  HV  cores 460 363 1  time 0.211957 0.020162 7.27567
Iteration 369  HV  cores 461 364 1  time 0.212444 0.020162 7.31143
Iteration 370  HV  cores 462 362 1  time 0.21303 0.020162 7.34746
Iteration 371  HV  cores 463 363 1  time 0.2135 0.020162 7.38341
Iteration 372  HV  cores 464 364 1  time 0.213964 0.020162 7.41944
Iteration 373  HV  cores 465 363 1  time 0.214495 0.020162 7.45547
Iteration 374  HV  cores 466 363 1  time 0.21496 0.020162 7.49156
Iteration 375  HV  cores 467 363 1  time 0.215442 0.020162 7.52783
Iteration 376  HV  cores 468 364 1  time 0.215936 0.020162 7.56384
Iteration 377  HV  cores 469 365 1  time 0.216505 0.020162 7.5998
Iteration 378  HV  cores 470 365 1  time 0.217021 0.020162 7.63596
Iteration 379  HV  cores 471 365 1  time 0.217498 0.020162 7.67234
Iteration 380  HV  cores 472 366 1  time 0.21796 0.020162 7.7089
Iteration 381  HV  cores 473 367 1  time 0.218443 0.020162 7.74527
Iteration 382  HV  cores 474 367 1  time 0.218974 0.020162 7.78216
Iteration 383  HV  cores 475 368 1  time 0.219438 0.020162 7.81909
Iteration 384  HV  cores 476 368 1  time 0.2199 0.020162 7.85586
Iteration 385  HV  cores 477 369 1  time 0.220396 0.020162 7.89265
Iteration 386  HV  cores 478 370 1  time 0.220876 0.020162 7.92987
Iteration 387  HV  cores 479 371 1  time 0.221387 0.020162 7.96714
Iteration 388  HV  cores 480 372 1  time 0.221881 0.020162 8.00417
Iteration 389  HV  cores 481 373 1  time 0.22237 0.020162 8.04164
Iteration 390  HV  cores 482 374 1  time 0.222852 0.020162 8.0793
Iteration 391  HV  cores 483 375 1  time 0.223411 0.020162 8.11667
Iteration 392  HV  cores 484 376 1  time 0.223875 0.020162 8.15394
Iteration 393  HV  cores 485 377 1  time 0.224358 0.020162 8.19203
Iteration 394  HV  cores 486 376 1  time 0.224836 0.020162 8.23032
Iteration 395  HV  cores 487 377 1  time 0.225325 0.020162 8.26863
Iteration 396  HV  cores 488 377 1  time 0.225876 0.020162 8.30721
Iteration 397  HV  cores 489 377 1  time 0.226358 0.020162 8.35629
Iteration 398  HV  cores 490 378 1  time 0.226848 0.020162 8.39331
Iteration 399  HV  cores 492 377 2  time 0.227573 0.020162 8.43226
Iteration 400  HV  cores 493 378 1  time 0.228143 0.020162 8.47138
Iteration 401  HV  cores 494 378 1  time 0.228675 0.020162 8.51039
Iteration 402  HV  cores 495 378 1  time 0.229229 0.020162 8.54986
Iteration 403  HV  cores 496 379 1  time 0.229715 0.020162 8.5892
Iteration 404  HV  cores 497 379 1  time 0.230202 0.020162 8.62856
Iteration 405  HV  cores 498 378 1  time 0.230678 0.020162 8.66784
Iteration 406  HV  cores 499 378 1  time 0.231136 0.020162 8.70685
Iteration 407  HV  cores 500 379 1  time 0.231702 0.020162 8.7583
Iteration 408  HV  cores 501 379 1  time 0.232198 0.020162 8.79777
Iteration 409  HV  cores 502 380 1  time 0.232661 0.020162 8.83738
Iteration 410  HV  cores 503 381 1  time 0.233148 0.020162 8.8771
Iteration 411  HV  cores 504 382 1  time 0.23361 0.020162 8.91688
Iteration 412  HV  cores 505 381 1  time 0.234168 0.020162 8.95686
Iteration 413  HV  cores 506 382 1  time 0.234655 0.020162 8.99667
Iteration 414  HV  cores 507 383 1  time 0.235171 0.020162 9.03667
Iteration 415  HV  cores 508 384 1  time 0.235631 0.020162 9.07672
Iteration 416  HV  cores 509 385 1  time 0.236123 0.020162 9.11675
Iteration 417  HV  cores 510 385 1  time 0.236585 0.020162 9.15711
Iteration 418  HV  cores 511 386 1  time 0.237078 0.020162 9.19747
Iteration 419  HV  cores 512 387 1  time 0.23762 0.020162 9.23788
Iteration 420  HV  cores 513 388 1  time 0.238096 0.020162 9.27867
Iteration 421  HV  cores 514 389 1  time 0.238604 0.020162 9.31943
Iteration 422  HV  cores 515 390 1  time 0.239153 0.020162 9.36014
Iteration 423  HV  cores 516 391 1  time 0.239644 0.020162 9.40123
Iteration 424  HV  cores 517 391 1  time 0.240138 0.020162 9.44224
Iteration 425  HV  cores 518 392 1  time 0.240701 0.020162 9.4835
Iteration 426  HV  cores 519 391 1  time 0.241165 0.020162 9.52492
Iteration 427  HV  cores 520 392 1  time 0.24163 0.020162 9.56652
Iteration 428  HV  cores 521 392 1  time 0.242092 0.020162 9.60795
Iteration 429  HV  cores 522 392 1  time 0.242686 0.020162 9.64935
Iteration 430  HV  cores 523 391 1  time 0.243147 0.020162 9.69046
Iteration 431  HV  cores 524 392 1  time 0.243609 0.020162 9.73199
Iteration 432  HV  cores 525 393 1  time 0.244062 0.020162 9.7736
Iteration 433  HV  cores 526 394 1  time 0.244573 0.020162 9.81531
Iteration 434  HV  cores 527 394 1  time 0.245068 0.020162 9.85718
Iteration 435  HV  cores 528 395 1  time 0.245566 0.020162 9.89906
Iteration 436  HV  cores 529 396 1  time 0.246076 0.020162 9.94091
Iteration 437  HV  cores 530 396 1  time 0.246648 0.020162 9.98288
Iteration 438  HV  cores 531 397 1  time 0.247209 0.020162 10.0249
Iteration 439  HV  cores 532 398 1  time 0.247759 0.020162 10.0668
Iteration 440  HV  cores 533 399 1  time 0.248351 0.020162 10.1086
Iteration 441  HV  cores 534 400 1  time 0.248888 0.020162 10.1506
Iteration 442  HV  cores 535 401 1  time 0.249422 0.020162 10.1928
Iteration 443  HV  cores 536 402 1  time 0.249918 0.020162 10.2354
Iteration 444  HV  cores 537 403 1  time 0.250397 0.020162 10.2778
Iteration 445  HV  cores 538 403 1  time 0.250875 0.020162 10.3204
Iteration 446  HV  cores 539 404 1  time 0.251354 0.020162 10.363
Iteration 447  HV  cores 540 405 1  time 0.251957 0.020162 10.4055
Iteration 448  HV  cores 541 406 1  time 0.25242 0.020162 10.4482
Iteration 449  HV  cores 542 407 1  time 0.252901 0.020162 10.4911
Iteration 450  HV  cores 543 408 1  time 0.253377 0.020162 10.534
Iteration 451  HV  cores 544 408 1  time 0.253908 0.020162 10.577
Iteration 452  HV  cores 545 409 1  time 0.254401 0.020162 10.6202
Iteration 453  HV  cores 546 410 1  time 0.254882 0.020162 10.6638
Iteration 454  HV  cores 547 411 1  time 0.255356 0.020162 10.7072
Iteration 455  HV  cores 548 412 1  time 0.255835 0.020162 10.7512
Iteration 456  HV  cores 549 413 1  time 0.256312 0.020162 10.795
Iteration 457  HV  cores 550 414 1  time 0.256784 0.020162 10.839
Iteration 458  HV  cores 551 415 1  time 0.257282 0.020162 10.8831
Iteration 459  HV  cores 552 416 1  time 0.257793 0.020162 10.9274
Iteration 460  HV  cores 553 417 1  time 0.258318 0.020162 10.9717
Iteration 461  HV  cores 554 418 1  time 0.258856 0.020162 11.016
Iteration 462  HV  cores 555 419 1  time 0.259315 0.020162 11.0607
Iteration 463  HV  cores 556 420 1  time 0.259949 0.020162 11.1032
Iteration 464  HV  cores 558 421 2  time 0.260786 0.020162 11.1457
Iteration 465  HV  cores 559 421 1  time 0.26126 0.020162 11.1883
Iteration 466  HV  cores 560 422 1  time 0.261726 0.020162 11.2311
Iteration 467  HV  cores 561 423 1  time 0.262188 0.020162 11.2738
Iteration 468  HV  cores 563 425 2  time 0.26295 0.020162 11.3163
Iteration 469  HV  cores 564 426 1  time 0.263452 0.020162 11.3585
Iteration 470  HV  cores 565 427 1  time 0.263924 0.020162 11.4009
Iteration 471  HV  cores 566 428 1  time 0.264396 0.020162 11.4433
Iteration 472  HV  cores 567 428 1  time 0.264869 0.020162 11.4857
Iteration 473  HV  cores 568 427 1  time 0.265364 0.020162 11.5283
Iteration 474  HV  cores 569 428 1  time 0.265952 0.020162 11.5711
Iteration 475  HV  cores 570 428 1  time 0.266443 0.020162 11.6137
Iteration 476  HV  cores 571 428 1  time 0.266947 0.020162 11.6565
Iteration 477  HV  cores 572 429 1  time 0.267428 0.020162 11.699
Iteration 478  HV  cores 573 430 1  time 0.267953 0.020162 11.7421
Iteration 479  HV  cores 574 431 1  time 0.268454 0.020162 11.7854
Iteration 480  HV  cores 575 432 1  time 0.268937 0.020162 11.8287
Iteration 481  HV  cores 576 433 1  time 0.2694 0.020162 11.8724
Iteration 482  HV  cores 577 434 1  time 0.269865 0.020162 11.9159
Iteration 483  HV  cores 578 434 1  time 0.270346 0.020162 11.9594
Iteration 484  HV  cores 579 435 1  time 0.270808 0.020162 12.0027
Iteration 485  HV  cores 580 434 1  time 0.271292 0.020162 12.0467
Iteration 486  HV  cores 581 435 1  time 0.271774 0.020162 12.0906
Iteration 487  HV  cores 582 436 1  time 0.272233 0.020162 12.1349
Iteration 488  HV  cores 583 436 1  time 0.272694 0.020162 12.1789
Iteration 489  HV  cores 584 437 1  time 0.273179 0.020162 12.2229
Iteration 490  HV  cores 585 438 1  time 0.273712 0.020162 12.2676
Iteration 491  HV  cores 586 439 1  time 0.274171 0.020162 12.3128
Iteration 492  HV  cores 587 438 1  time 0.27463 0.020162 12.3569
Iteration 493  HV  cores 588 439 1  time 0.27518 0.020162 12.4014
Iteration 494  HV  cores 589 439 1  time 0.275668 0.020162 12.4464
Iteration 495  HV  cores 590 439 1  time 0.27616 0.020162 12.4917
Iteration 496  HV  cores 591 440 1  time 0.276745 0.020162 12.5369
Iteration 497  HV  cores 592 441 1  time 0.277204 0.020162 12.5825
Iteration 498  HV  cores 593 441 1  time 0.277673 0.020162 12.6278
Iteration 499  HV  cores 594 442 1  time 0.278135 0.020162 12.6734
Iteration 500  HV  cores 595 443 1  time 0.278624 0.020162 12.7194
Iteration 501  HV  cores 596 444 1  time 0.279153 0.020162 12.765
Iteration 502  HV  cores 597 445 1  time 0.279723 0.020162 12.8109
Iteration 503  HV  cores 598 446 1  time 0.280204 0.020162 12.8567
Iteration 504  HV  cores 599 447 1  time 0.28065 0.020162 12.9027
Iteration 505  HV  cores 600 448 1  time 0.281116 0.020162 12.9487
Iteration 506  HV  cores 601 449 1  time 0.281572 0.020162 12.9949
Iteration 507  HV  cores 602 450 1  time 0.282054 0.020162 13.0413
Iteration 508  HV  cores 603 451 1  time 0.28252 0.020162 13.088
Iteration 509  HV  cores 604 452 1  time 0.283077 0.020162 13.1351
Iteration 510  HV  cores 605 453 1  time 0.283576 0.020162 13.182
Iteration 511  HV  cores 606 454 1  time 0.284068 0.020162 13.2294
Iteration 512  HV  cores 607 455 1  time 0.284562 0.020162 13.277
Iteration 513  HV  cores 608 456 1  time 0.285074 0.020162 13.3246
Iteration 514  HV  cores 609 457 1  time 0.285573 0.020162 13.3722
Iteration 515  HV  cores 610 458 1  time 0.286067 0.020162 13.4201
Iteration 516  HV  cores 611 459 1  time 0.286602 0.020162 13.4681
Iteration 517  HV  cores 612 460 1  time 0.2871 0.020162 13.5161
Iteration 518  HV  cores 613 460 1  time 0.287653 0.020162 13.564
Iteration 519  HV  cores 614 461 1  time 0.288141 0.020162 13.6123
Iteration 520  HV  cores 615 462 1  time 0.28864 0.020162 13.6607
Iteration 521  HV  cores 616 463 1  time 0.289147 0.020162 13.709
Iteration 522  HV  cores 617 464 1  time 0.28964 0.020162 13.7577
Iteration 523  HV  cores 618 464 1  time 0.290136 0.020162 13.8066
Iteration 524  HV  cores 619 465 1  time 0.290662 0.020162 13.8553
Iteration 525  HV  cores 620 466 1  time 0.291217 0.020162 13.9042
Iteration 526  HV  cores 621 467 1  time 0.29171 0.020162 13.9534
Iteration 527  HV  cores 622 468 1  time 0.292332 0.020162 14.0024
Iteration 528  HV  cores 623 469 1  time 0.292896 0.020162 14.0514
Iteration 529  HV  cores 624 470 1  time 0.293401 0.020162 14.1003
Iteration 530  HV  cores 625 471 1  time 0.293879 0.020162 14.1495
Iteration 531  HV  cores 626 472 1  time 0.29436 0.020162 14.1987
Iteration 532  HV  cores 627 473 1  time 0.294897 0.020162 14.2481
Iteration 533  HV  cores 628 474 1  time 0.295371 0.020162 14.2973
Iteration 534  HV  cores 629 475 1  time 0.295968 0.020162 14.347
Iteration 535  HV  cores 630 476 1  time 0.296576 0.020162 14.3983
Iteration 536 MHV  lb 5742 ub 5909  time 0.296814 0.038995 14.3983
Iteration 537  HV  cores 633 478 3  time 0.297983 0.038995 14.4463
Iteration 538  HV  cores 634 479 1  time 0.298511 0.038995 14.5183
Iteration 539  HV  cores 635 480 1  time 0.299079 0.038995 14.5916
Iteration 540  HV  cores 636 481 1  time 0.299627 0.038995 14.6402
Iteration 541  HV  cores 637 482 1  time 0.300129 0.038995 14.7085
Iteration 542  HV  cores 639 482 2  time 0.300939 0.038995 14.7749
Iteration 543  HV  cores 641 484 2  time 0.301718 0.038995 14.8237
Iteration 544  HV  cores 642 485 1  time 0.302224 0.038995 14.8881
Iteration 545  HV  cores 644 487 2  time 0.303095 0.038995 14.9376
Iteration 546  HV  cores 645 488 1  time 0.303669 0.038995 15.0024
Iteration 547  HV  cores 646 489 1  time 0.304182 0.038995 15.0524
Iteration 548  HV  cores 647 490 1  time 0.304685 0.038995 15.1177
Iteration 549  HV  cores 648 491 1  time 0.305184 0.038995 15.1676
Iteration 550  HV  cores 649 492 1  time 0.305704 0.038995 15.2349
Iteration 551  HV  cores 651 493 2  time 0.306477 0.038995 15.2851
Iteration 552  HV  cores 652 494 1  time 0.306993 0.038995 15.3379
Iteration 553  HV  cores 653 495 1  time 0.307504 0.038995 15.3906
Iteration 554  HV  cores 654 496 1  time 0.308002 0.038995 15.4601
Iteration 555  HV  cores 655 497 1  time 0.308507 0.038995 15.527
Iteration 556  HV  cores 657 499 2  time 0.309338 0.038995 15.581
Iteration 557  HV  cores 658 500 1  time 0.30985 0.038995 15.6473
Iteration 558  HV  cores 659 501 1  time 0.310412 0.038995 15.6992
Iteration 559  HV  cores 660 502 1  time 0.310973 0.038995 15.7669
Iteration 560  HV  cores 661 502 1  time 0.311477 0.038995 15.8186
Iteration 561  HV  cores 662 503 1  time 0.311984 0.038995 15.8731
Iteration 562  HV  cores 663 504 1  time 0.312535 0.038995 15.9278
Iteration 563  HV  cores 664 505 1  time 0.313038 0.038995 15.9825
Iteration 564  HV  cores 665 505 1  time 0.313534 0.038995 16.055
Iteration 565  HV  cores 666 506 1  time 0.314052 0.038995 16.1066
Iteration 566  HV  cores 667 507 1  time 0.314685 0.038995 16.175
Iteration 567  HV  cores 668 508 1  time 0.31519 0.038995 16.2273
Iteration 568  HV  cores 669 509 1  time 0.315762 0.038995 16.2985
Iteration 569  HV  cores 670 510 1  time 0.316263 0.038995 16.3514
Iteration 570  HV  cores 671 511 1  time 0.316822 0.038995 16.4192
Iteration 571  HV  cores 672 512 1  time 0.317377 0.038995 16.4862
Iteration 572  HV  cores 673 512 1  time 0.317887 0.038995 16.5391
Iteration 573  HV  cores 674 513 1  time 0.318469 0.038995 16.6076
Iteration 574  HV  cores 675 513 1  time 0.318981 0.038995 16.6607
Iteration 575  HV  cores 676 514 1  time 0.319518 0.038995 16.7318
Iteration 576  HV  cores 677 514 1  time 0.320074 0.038995 16.7998
Iteration 577  HV  cores 678 515 1  time 0.320654 0.038995 16.8526
Iteration 578  HV  cores 679 516 1  time 0.321145 0.038995 16.9225
Iteration 579  HV  cores 680 517 1  time 0.321724 0.038995 16.9759
Iteration 580  HV  cores 681 518 1  time 0.322205 0.038995 17.0452
Iteration 581  HV  cores 682 518 1  time 0.322728 0.038995 17.0989
Iteration 582  HV  cores 683 519 1  time 0.32321 0.038995 17.1711
Iteration 583  HV  cores 684 520 1  time 0.323773 0.038995 17.225
Iteration 584  HV  cores 685 521 1  time 0.324263 0.038995 17.2939
Iteration 585  HV  cores 686 522 1  time 0.324779 0.038995 17.3484
Iteration 586  HV  cores 687 523 1  time 0.32537 0.038995 17.4203
Iteration 587  HV  cores 688 524 1  time 0.325929 0.038995 17.4744
Iteration 588  HV  cores 689 525 1  time 0.326518 0.038995 17.5428
Iteration 589  HV  cores 690 526 1  time 0.32709 0.038995 17.5978
Iteration 590  HV  cores 691 527 1  time 0.327703 0.038995 17.6705
Iteration 591  HV  cores 692 528 1  time 0.328271 0.038995 17.7252
Iteration 592  HV  cores 693 529 1  time 0.328772 0.038995 17.8156
Iteration 593  HV  cores 694 529 1  time 0.329288 0.038995 17.8703
Iteration 594  HV  cores 695 530 1  time 0.329786 0.038995 17.9439
Iteration 595  HV  cores 696 531 1  time 0.330338 0.038995 18.0161
Iteration 596  HV  cores 697 532 1  time 0.330856 0.038995 18.0716
Iteration 597  HV  cores 698 533 1  time 0.331417 0.038995 18.1438
Iteration 598  HV  cores 699 534 1  time 0.331931 0.038995 18.1992
Iteration 599  HV  cores 700 535 1  time 0.33244 0.038995 18.2729
Iteration 600  HV  cores 702 537 2  time 0.333214 0.038995 18.3461
Iteration 601  HV  cores 703 538 1  time 0.333788 0.038995 18.4018
Iteration 602  HV  cores 704 539 1  time 0.334307 0.038995 18.4741
Iteration 603  HV  cores 705 540 1  time 0.334815 0.038995 18.5304
Iteration 604  HV  cores 706 541 1  time 0.335306 0.038995 18.5887
Iteration 605  HV  cores 707 541 1  time 0.335779 0.038995 18.648
Iteration 606  HV  cores 708 542 1  time 0.336429 0.038995 18.7071
Iteration 607  HV  cores 709 543 1  time 0.337068 0.038995 18.7665
Iteration 608  HV  cores 710 544 1  time 0.337704 0.038995 18.8259
Iteration 609  HV  cores 711 544 1  time 0.338211 0.038995 18.8857
Iteration 610  HV  cores 712 545 1  time 0.338703 0.038995 18.9461
Iteration 611  HV  cores 713 546 1  time 0.339217 0.038995 19.0063
Iteration 612  HV  cores 714 546 1  time 0.339736 0.038995 19.0667
Iteration 613  HV  cores 715 547 1  time 0.340222 0.038995 19.1278
Iteration 614  HV  cores 716 548 1  time 0.340737 0.038995 19.1889
Iteration 615  HV  cores 717 549 1  time 0.341363 0.038995 19.2494
Iteration 616  HV  cores 718 550 1  time 0.341876 0.038995 19.31
Iteration 617  HV  cores 719 551 1  time 0.342373 0.038995 19.3709
Iteration 618  HV  cores 720 551 1  time 0.343014 0.038995 19.4323
Iteration 619  HV  cores 721 551 1  time 0.343527 0.038995 19.4933
Iteration 620  HV  cores 722 551 1  time 0.34409 0.038995 19.5537
Iteration 621  HV  cores 723 552 1  time 0.344596 0.038995 19.6151
Iteration 622  HV  cores 724 553 1  time 0.345222 0.038995 19.677
Iteration 623  HV  cores 725 554 1  time 0.345797 0.038995 19.7387
Iteration 624  HV  cores 726 555 1  time 0.346373 0.038995 19.8003
Iteration 625  HV  cores 727 555 1  time 0.346928 0.038995 19.8611
Iteration 626  HV  cores 728 556 1  time 0.347432 0.038995 19.9224
Iteration 627  HV  cores 729 557 1  time 0.348163 0.038995 19.9835
Iteration 628  HV  cores 730 558 1  time 0.348718 0.038995 20.0447
Iteration 629  HV  cores 731 559 1  time 0.349236 0.038995 20.1065
Iteration 630  HV  cores 732 560 1  time 0.349798 0.038995 20.1685
Iteration 631  HV  cores 733 561 1  time 0.350311 0.038995 20.2307
Iteration 632  HV  cores 734 562 1  time 0.350807 0.038995 20.2926
Iteration 633  HV  cores 735 563 1  time 0.351368 0.038995 20.3546
Iteration 634  HV  cores 736 564 1  time 0.351845 0.038995 20.417
Iteration 635  HV  cores 737 565 1  time 0.35236 0.038995 20.4794
Iteration 636  HV  cores 738 566 1  time 0.35287 0.038995 20.5422
Iteration 637  HV  cores 739 567 1  time 0.353372 0.038995 20.605
Iteration 638  HV  cores 740 567 1  time 0.353895 0.038995 20.6673
Iteration 639  HV  cores 741 568 1  time 0.354393 0.038995 20.7296
Iteration 640  HV  cores 742 569 1  time 0.354875 0.038995 20.7925
Iteration 641  HV  cores 743 569 1  time 0.355381 0.038995 20.8554
Iteration 642  HV  cores 744 570 1  time 0.355874 0.038995 20.9198
Iteration 643  HV  cores 745 571 1  time 0.356431 0.038995 20.9846
Iteration 644  HV  cores 746 571 1  time 0.356929 0.038995 21.0473
Iteration 645  HV  cores 747 572 1  time 0.357434 0.038995 21.111
Iteration 646  HV  cores 748 573 1  time 0.358087 0.038995 21.1745
Iteration 647  HV  cores 749 574 1  time 0.358675 0.038995 21.2382
Iteration 648  HV  cores 750 575 1  time 0.359287 0.038995 21.302
Iteration 649  HV  cores 751 576 1  time 0.359866 0.038995 21.3657
Iteration 650  HV  cores 752 577 1  time 0.360431 0.038995 21.4297
Iteration 651  HV  cores 753 578 1  time 0.360913 0.038995 21.4937
Iteration 652  HV  cores 754 579 1  time 0.361437 0.038995 21.5576
Iteration 653  HV  cores 755 580 1  time 0.36203 0.038995 21.6223
Iteration 654  HV  cores 756 581 1  time 0.362522 0.038995 21.6871
Iteration 655  HV  cores 757 582 1  time 0.362997 0.038995 21.752
Iteration 656  HV  cores 758 583 1  time 0.363465 0.038995 21.8169
Iteration 657  HV  cores 759 584 1  time 0.36393 0.038995 21.8827
Iteration 658  HV  cores 760 585 1  time 0.36443 0.038995 21.9484
Iteration 659  HV  cores 761 586 1  time 0.364937 0.038995 22.0148
Iteration 660  HV  cores 762 587 1  time 0.365528 0.038995 22.0812
Iteration 661  HV  cores 763 588 1  time 0.366062 0.038995 22.1469
Iteration 662  HV  cores 764 589 1  time 0.36664 0.038995 22.2123
Iteration 663  HV  cores 765 590 1  time 0.367114 0.038995 22.2786
Iteration 664  HV  cores 766 591 1  time 0.367582 0.038995 22.3453
Iteration 665  HV  cores 767 592 1  time 0.368059 0.038995 22.4122
Iteration 666  HV  cores 768 593 1  time 0.368566 0.038995 22.4793
Iteration 667  HV  cores 769 593 1  time 0.369059 0.038995 22.5465
Iteration 668  HV  cores 770 594 1  time 0.36956 0.038995 22.6142
Iteration 669  HV  cores 771 595 1  time 0.370062 0.038995 22.6817
Iteration 670  HV  cores 772 596 1  time 0.370549 0.038995 22.7497
Iteration 671  HV  cores 773 597 1  time 0.371023 0.038995 22.8335
Iteration 672  HV  cores 774 598 1  time 0.371616 0.038995 22.8979
Iteration 673  HV  cores 775 599 1  time 0.372227 0.038995 22.9666
Iteration 674  HV  cores 776 600 1  time 0.372759 0.038995 23.0475
Iteration 675  HV  cores 777 600 1  time 0.373313 0.038995 23.1124
Iteration 676  HV  cores 778 601 1  time 0.373883 0.038995 23.1813
Iteration 677  HV  cores 779 602 1  time 0.374387 0.038995 23.2646
Iteration 678  HV  cores 780 603 1  time 0.37488 0.038995 23.3291
Iteration 679  HV  cores 781 604 1  time 0.375373 0.038995 23.4068
Iteration 680  HV  cores 782 605 1  time 0.375908 0.038995 23.4893
Iteration 681  HV  cores 783 606 1  time 0.376378 0.038995 23.5738
Iteration 682  HV  cores 784 607 1  time 0.376854 0.038995 23.6431
Iteration 683  HV  cores 785 607 1  time 0.377354 0.038995 23.7133
Iteration 684  HV  cores 786 608 1  time 0.377894 0.038995 23.7834
Iteration 685  HV  cores 787 609 1  time 0.378493 0.038995 23.8537
Iteration 686  HV  cores 788 609 1  time 0.379027 0.038995 23.9241
Iteration 687  HV  cores 789 610 1  time 0.379553 0.038995 23.9947
Iteration 688  HV  cores 790 611 1  time 0.380086 0.038995 24.0652
Iteration 689  HV  cores 791 612 1  time 0.380613 0.038995 24.1355
Iteration 690  HV  cores 792 613 1  time 0.381204 0.038995 24.2305
Iteration 691  HV  cores 793 613 1  time 0.381694 0.038995 24.3005
Iteration 692  HV  cores 794 614 1  time 0.382181 0.038995 24.3706
Iteration 693  HV  cores 795 615 1  time 0.38272 0.038995 24.4408
Iteration 694  HV  cores 796 616 1  time 0.383205 0.038995 24.5112
Iteration 695  HV  cores 797 617 1  time 0.383677 0.038995 24.5819
Iteration 696  HV  cores 798 618 1  time 0.384164 0.038995 24.6526
Iteration 697  HV  cores 799 618 1  time 0.384648 0.038995 24.7232
Iteration 698  HV  cores 800 619 1  time 0.385131 0.038995 24.7944
Iteration 699  HV  cores 801 620 1  time 0.385606 0.038995 24.8655
Iteration 700  HV  cores 802 620 1  time 0.386098 0.038995 24.9367
Iteration 701  HV  cores 803 621 1  time 0.386576 0.038995 25.008
Iteration 702  HV  cores 804 620 1  time 0.387093 0.038995 25.0788
Iteration 703  HV  cores 805 621 1  time 0.387683 0.038995 25.1504
Iteration 704  HV  cores 806 622 1  time 0.388157 0.038995 25.2218
Iteration 705  HV  cores 807 623 1  time 0.38863 0.038995 25.2932
Iteration 706  HV  cores 808 622 1  time 0.389117 0.038995 25.3812
Iteration 707  HV  cores 809 623 1  time 0.389623 0.038995 25.4694
Iteration 708  HV  cores 810 624 1  time 0.390099 0.038995 25.542
Iteration 709  HV  cores 811 625 1  time 0.390601 0.038995 25.6142
Iteration 710  HV  cores 812 626 1  time 0.391077 0.038995 25.7048
Iteration 711  HV  cores 813 627 1  time 0.391648 0.038995 25.775
Iteration 712  HV  cores 814 628 1  time 0.392164 0.038995 25.8452
Iteration 713  HV  cores 815 629 1  time 0.392664 0.038995 25.9156
Iteration 714  HV  cores 816 630 1  time 0.393158 0.038995 25.9858
Iteration 715  HV  cores 817 631 1  time 0.393774 0.038995 26.0564
Iteration 716  HV  cores 818 632 1  time 0.394281 0.038995 26.1269
Iteration 717  HV  cores 819 633 1  time 0.39485 0.038995 26.1976
Iteration 718  HV  cores 820 634 1  time 0.395358 0.038995 26.2686
Iteration 719  HV  cores 821 635 1  time 0.395853 0.038995 26.3396
Iteration 720  HV  cores 822 636 1  time 0.396346 0.038995 26.4103
Iteration 721  HV  cores 823 637 1  time 0.396839 0.038995 26.4819
Iteration 722  HV  cores 824 638 1  time 0.397411 0.038995 26.5528
Iteration 723  HV  cores 825 639 1  time 0.397958 0.038995 26.6244
Iteration 724  HV  cores 826 640 1  time 0.398527 0.038995 26.6959
Iteration 725  HV  cores 827 641 1  time 0.399033 0.038995 26.7679
Iteration 726  HV  cores 828 642 1  time 0.399525 0.038995 26.84
Iteration 727  HV  cores 829 643 1  time 0.400024 0.038995 26.9116
Iteration 728  HV  cores 830 644 1  time 0.400516 0.038995 26.984
Iteration 729  HV  cores 831 645 1  time 0.401074 0.038995 27.0556
Iteration 730  HV  cores 832 646 1  time 0.401699 0.038995 27.1281
Iteration 731  HV  cores 833 647 1  time 0.402202 0.038995 27.2006
Iteration 732  HV  cores 834 648 1  time 0.4027 0.038995 27.2731
Iteration 733  HV  cores 835 648 1  time 0.403236 0.038995 27.3452
Iteration 734  HV  cores 836 649 1  time 0.403734 0.038995 27.4175
Iteration 735  HV  cores 837 650 1  time 0.404298 0.038995 27.4904
Iteration 736  HV  cores 838 650 1  time 0.404799 0.038995 27.5632
Iteration 737  HV  cores 839 650 1  time 0.405295 0.038995 27.6359
Iteration 738  HV  cores 840 651 1  time 0.405792 0.038995 27.709
Iteration 739  HV  cores 841 652 1  time 0.406343 0.038995 27.7826
Iteration 740  HV  cores 842 653 1  time 0.406837 0.038995 27.8559
Iteration 741  HV  cores 843 654 1  time 0.40738 0.038995 27.9294
Iteration 742  HV  cores 844 655 1  time 0.407858 0.038995 28.0029
Iteration 743  HV  cores 845 656 1  time 0.408339 0.038995 28.0769
Iteration 744  HV  cores 846 657 1  time 0.408831 0.038995 28.1507
Iteration 745  HV  cores 847 658 1  time 0.409327 0.038995 28.2246
Iteration 746  HV  cores 848 659 1  time 0.409866 0.038995 28.2988
Iteration 747  HV  cores 849 660 1  time 0.410358 0.038995 28.3732
Iteration 748  HV  cores 850 660 1  time 0.410838 0.038995 28.4475
Iteration 749  HV  cores 851 661 1  time 0.411332 0.038995 28.5217
Iteration 750  HV  cores 852 662 1  time 0.41184 0.038995 28.5963
Iteration 751  HV  cores 853 663 1  time 0.412332 0.038995 28.6714
Iteration 752  HV  cores 854 664 1  time 0.412852 0.038995 28.7463
Iteration 753  HV  cores 855 665 1  time 0.413429 0.038995 28.8212
Iteration 754  HV  cores 856 666 1  time 0.41393 0.038995 28.8965
Iteration 755  HV  cores 857 667 1  time 0.414427 0.038995 28.9717
Iteration 756  HV  cores 858 668 1  time 0.414932 0.038995 29.0471
Iteration 757  HV  cores 859 669 1  time 0.415571 0.038995 29.122
Iteration 758  HV  cores 860 670 1  time 0.41607 0.038995 29.2092
Iteration 759  HV  cores 861 671 1  time 0.416598 0.038995 29.2978
Iteration 760  HV  cores 862 672 1  time 0.417109 0.038995 29.3881
Iteration 761  HV  cores 863 673 1  time 0.417633 0.038995 29.4789
Iteration 762  HV  cores 864 674 1  time 0.418176 0.038995 29.5702
Iteration 763  HV  cores 865 675 1  time 0.418692 0.038995 29.6619
Iteration 764  HV  cores 866 676 1  time 0.419188 0.038995 29.7535
Iteration 765  HV  cores 867 677 1  time 0.419769 0.038995 29.8457
Iteration 766  HV  cores 868 678 1  time 0.420353 0.038995 29.9226
Iteration 767  HV  cores 869 679 1  time 0.420954 0.038995 30.0139
Iteration 768  HV  cores 870 680 1  time 0.421565 0.038995 30.0911
Iteration 769  HV  cores 871 681 1  time 0.42216 0.038995 30.1827
Iteration 770  HV  cores 872 682 1  time 0.422751 0.038995 30.2765
Iteration 771 MHV  lb 5855 ub 5855  time 0.423007 0.039582 30.2765
Optimal value: 5855
Real time: 30.8687
CPU time: 38.2854
