lb 3335 ub 138893 before adjustment
995 unsorted cost functions
lb 0 ub 135558 after adjustment
costs ready
ub 114099 after 2nd adjustment
745 variables 1820 functions 3335 lb, 114099 ub
Iteration 0  HV  cores 14 14 14  time 0.008074 0 0.002492
Iteration 1  HV  cores 26 26 12  time 0.014744 0 0.00781
Iteration 2  HV  cores 37 37 11  time 0.019765 0 0.012282
Iteration 3  HV  cores 45 44 8  time 0.023575 0 0.018545
Iteration 4  HV  cores 54 53 9  time 0.027599 0 0.023698
Iteration 5  HV  cores 61 60 7  time 0.031164 0 0.029197
Iteration 6  HV  cores 69 68 8  time 0.035244 0 0.034842
Iteration 7  HV  cores 77 76 8  time 0.039205 0 0.040965
Iteration 8  HV  cores 86 85 9  time 0.043322 0 0.047448
Iteration 9  HV  cores 94 93 8  time 0.047194 0 0.054686
Iteration 10  HV  cores 99 98 5  time 0.049948 0 0.061888
Iteration 11  HV  cores 103 102 4  time 0.052241 0 0.068975
Iteration 12  HV  cores 109 107 6  time 0.055166 0 0.076462
Iteration 13  HV  cores 114 110 5  time 0.057844 0 0.084634
Iteration 14  HV  cores 119 114 5  time 0.0605 0 0.093455
Iteration 15  HV  cores 126 121 7  time 0.06392 0 0.102738
Iteration 16  HV  cores 132 127 6  time 0.066793 0 0.111951
Iteration 17  HV  cores 134 129 2  time 0.068234 0 0.120838
Iteration 18  HV  cores 139 134 5  time 0.070777 0 0.129897
Iteration 19  HV  cores 144 139 5  time 0.073306 0 0.138987
Iteration 20  HV  cores 146 141 2  time 0.074784 0 0.148533
Iteration 21  HV  cores 151 146 5  time 0.077286 0 0.157922
Iteration 22  HV  cores 157 152 6  time 0.080254 0 0.167832
Iteration 23  HV  cores 163 158 6  time 0.083363 0 0.178569
Iteration 24  HV  cores 168 162 5  time 0.085792 0 0.189362
Iteration 25  HV  cores 172 166 4  time 0.087868 0 0.200312
Iteration 26  HV  cores 178 172 6  time 0.090843 0 0.211747
Iteration 27  HV  cores 181 175 3  time 0.092564 0 0.223167
Iteration 28  HV  cores 185 179 4  time 0.094662 0 0.234536
Iteration 29  HV  cores 188 182 3  time 0.096401 0 0.24619
Iteration 30  HV  cores 192 186 4  time 0.098542 0 0.257905
Iteration 31  HV  cores 196 188 4  time 0.100544 0 0.26977
Iteration 32  HV  cores 200 192 4  time 0.102695 0 0.28194
Iteration 33  HV  cores 206 198 6  time 0.105713 0 0.294714
Iteration 34  HV  cores 211 203 5  time 0.108256 0 0.307667
Iteration 35  HV  cores 215 207 4  time 0.110352 0 0.321096
Iteration 36  HV  cores 218 210 3  time 0.112022 0 0.33511
Iteration 37  HV  cores 223 215 5  time 0.114561 0 0.34972
Iteration 38  HV  cores 228 220 5  time 0.117568 0 0.364526
Iteration 39  HV  cores 232 224 4  time 0.119639 0 0.379841
Iteration 40  HV  cores 236 227 4  time 0.121782 0 0.395019
Iteration 41  HV  cores 241 232 5  time 0.12448 0 0.410515
Iteration 42  HV  cores 244 235 3  time 0.126339 0 0.425534
Iteration 43  HV  cores 246 237 2  time 0.127765 0 0.440576
Iteration 44  HV  cores 249 240 3  time 0.12948 0 0.455755
Iteration 45  HV  cores 255 246 6  time 0.132467 0 0.470872
Iteration 46  HV  cores 259 250 4  time 0.134573 0 0.486617
Iteration 47  HV  cores 264 254 5  time 0.137085 0 0.502756
Iteration 48  HV  cores 266 256 2  time 0.13842 0 0.518877
Iteration 49  HV  cores 268 258 2  time 0.139662 0 0.534837
Iteration 50  HV  cores 272 262 4  time 0.141795 0 0.551063
Iteration 51  HV  cores 275 265 3  time 0.143481 0 0.567469
Iteration 52  HV  cores 279 269 4  time 0.145727 0 0.584136
Iteration 53  HV  cores 284 274 5  time 0.148387 0 0.601145
Iteration 54  HV  cores 288 278 4  time 0.150525 0 0.618152
Iteration 55  HV  cores 292 282 4  time 0.152727 0 0.635968
Iteration 56  HV  cores 297 287 5  time 0.155344 0 0.653939
Iteration 57  HV  cores 301 290 4  time 0.15753 0 0.672282
Iteration 58  HV  cores 306 295 5  time 0.160021 0 0.691448
Iteration 59  HV  cores 307 296 1  time 0.160834 0 0.711362
Iteration 60  HV  cores 310 299 3  time 0.162635 0 0.731363
Iteration 61  HV  cores 314 303 4  time 0.1647 0 0.751319
Iteration 62  HV  cores 318 307 4  time 0.167005 0 0.77142
Iteration 63  HV  cores 322 311 4  time 0.169159 0 0.791815
Iteration 64  HV  cores 324 313 2  time 0.170488 0 0.81277
Iteration 65  HV  cores 327 316 3  time 0.172269 0 0.833907
Iteration 66  HV  cores 331 320 4  time 0.17445 0 0.854915
Iteration 67  HV  cores 334 323 3  time 0.176453 0 0.875983
Iteration 68  HV  cores 335 324 1  time 0.177329 0 0.897275
Iteration 69  HV  cores 338 327 3  time 0.179062 0 0.919002
Iteration 70  HV  cores 342 330 4  time 0.18121 0 0.940665
Iteration 71  HV  cores 345 333 3  time 0.182994 0 0.963613
Iteration 72  HV  cores 350 338 5  time 0.185593 0 0.985725
Iteration 73  HV  cores 353 341 3  time 0.187408 0 1.00878
Iteration 74  HV  cores 356 344 3  time 0.18937 0 1.03226
Iteration 75  HV  cores 359 347 3  time 0.191056 0 1.05652
Iteration 76  HV  cores 362 350 3  time 0.19303 0 1.0812
Iteration 77  HV  cores 364 352 2  time 0.194386 0 1.1053
Iteration 78  HV  cores 367 355 3  time 0.196157 0 1.1301
Iteration 79  HV  cores 371 359 4  time 0.199423 0 1.15503
Iteration 80  HV  cores 374 362 3  time 0.201448 0 1.18024
Iteration 81  HV  cores 377 365 3  time 0.203205 0 1.20605
Iteration 82  HV  cores 382 370 5  time 0.205848 0 1.23151
Iteration 83  HV  cores 384 372 2  time 0.207388 0 1.25775
Iteration 84  HV  cores 386 374 2  time 0.208712 0 1.28428
Iteration 85  HV  cores 389 377 3  time 0.210416 0 1.31097
Iteration 86  HV  cores 393 381 4  time 0.212718 0 1.33741
Iteration 87  HV  cores 397 385 4  time 0.214861 0 1.3643
Iteration 88  HV  cores 400 388 3  time 0.216575 0 1.39075
Iteration 89  HV  cores 403 391 3  time 0.218417 0 1.41731
Iteration 90  HV  cores 407 395 4  time 0.220621 0 1.44405
Iteration 91  HV  cores 409 397 2  time 0.221935 0 1.47118
Iteration 92  HV  cores 412 400 3  time 0.223632 0 1.49954
Iteration 93  HV  cores 414 402 2  time 0.224913 0 1.52691
Iteration 94  HV  cores 419 407 5  time 0.22749 0 1.55585
Iteration 95  HV  cores 424 412 5  time 0.230006 0 1.585
Iteration 96  HV  cores 427 415 3  time 0.231744 0 1.61454
Iteration 97  HV  cores 430 418 3  time 0.233479 0 1.6438
Iteration 98  HV  cores 433 421 3  time 0.235198 0 1.6733
Iteration 99  HV  cores 437 425 4  time 0.23727 0 1.70313
Iteration 100  HV  cores 441 429 4  time 0.239421 0 1.73287
Iteration 101  HV  cores 444 432 3  time 0.24115 0 1.76256
Iteration 102  HV  cores 449 437 5  time 0.243717 0 1.79356
Iteration 103  HV  cores 452 440 3  time 0.24549 0 1.82488
Iteration 104  HV  cores 453 441 1  time 0.246312 0 1.85628
Iteration 105  HV  cores 458 446 5  time 0.248941 0 1.88873
Iteration 106  HV  cores 460 448 2  time 0.250272 0 1.9213
Iteration 107  HV  cores 462 450 2  time 0.25163 0 1.95398
Iteration 108  HV  cores 463 451 1  time 0.252463 0 1.98684
Iteration 109  HV  cores 465 453 2  time 0.253953 0 2.02017
Iteration 110  HV  cores 469 456 4  time 0.256092 0 2.05343
Iteration 111  HV  cores 471 458 2  time 0.257415 0 2.0874
Iteration 112  HV  cores 474 461 3  time 0.259377 0 2.12202
Iteration 113  HV  cores 476 463 2  time 0.260683 0 2.15643
Iteration 114  HV  cores 478 465 2  time 0.261998 0 2.19047
Iteration 115  HV  cores 480 466 2  time 0.263251 0 2.2247
Iteration 116  HV  cores 485 471 5  time 0.265955 0 2.25908
Iteration 117  HV  cores 487 473 2  time 0.267248 0 2.29373
Iteration 118  HV  cores 491 477 4  time 0.269326 0 2.32983
Iteration 119  HV  cores 495 481 4  time 0.27149 0 2.36592
Iteration 120  HV  cores 497 483 2  time 0.272734 0 2.40201
Iteration 121  HV  cores 500 486 3  time 0.274575 0 2.43967
Iteration 122  HV  cores 504 490 4  time 0.276677 0 2.47747
Iteration 123  HV  cores 505 491 1  time 0.277612 0 2.51538
Iteration 124  HV  cores 508 494 3  time 0.279339 0 2.55205
Iteration 125  HV  cores 512 498 4  time 0.28148 0 2.58788
Iteration 126  HV  cores 515 501 3  time 0.283252 0 2.62464
Iteration 127  HV  cores 518 504 3  time 0.284954 0 2.66146
Iteration 128  HV  cores 521 506 3  time 0.286642 0 2.69889
Iteration 129  HV  cores 523 508 2  time 0.287947 0 2.7358
Iteration 130  HV  cores 524 509 1  time 0.288775 0 2.77339
Iteration 131  HV  cores 526 511 2  time 0.29003 0 2.81088
Iteration 132  HV  cores 529 514 3  time 0.291729 0 2.84934
Iteration 133  HV  cores 532 517 3  time 0.293546 0 2.88799
Iteration 134  HV  cores 536 521 4  time 0.295708 0 2.92745
Iteration 135  HV  cores 540 525 4  time 0.297847 0 2.96585
Iteration 136  HV  cores 543 528 3  time 0.299545 0 3.00667
Iteration 137  HV  cores 544 529 1  time 0.300454 0 3.04563
Iteration 138  HV  cores 546 531 2  time 0.30173 0 3.08586
Iteration 139  HV  cores 548 533 2  time 0.303025 0 3.12658
Iteration 140  HV  cores 550 535 2  time 0.304372 0 3.16751
Iteration 141  HV  cores 552 537 2  time 0.305638 0 3.20849
Iteration 142  HV  cores 556 541 4  time 0.307916 0 3.2504
Iteration 143 MHV  lb 4900 ub 5462  time 0.308376 0.100511 3.2504
Iteration 144  HV  cores 560 545 4  time 0.3104 0.100511 3.29165
Iteration 145  HV  cores 562 547 2  time 0.311763 0.100511 3.33696
Iteration 146  HV  cores 566 551 4  time 0.313905 0.100511 3.384
Iteration 147  HV  cores 570 555 4  time 0.316057 0.100511 3.42948
Iteration 148  HV  cores 573 558 3  time 0.317815 0.100511 3.47622
Iteration 149  HV  cores 576 561 3  time 0.319606 0.100511 3.52346
Iteration 150  HV  cores 580 565 4  time 0.321755 0.100511 3.57012
Iteration 151  HV  cores 582 567 2  time 0.323053 0.100511 3.61624
Iteration 152  HV  cores 585 570 3  time 0.324759 0.100511 3.70514
Iteration 153  HV  cores 588 573 3  time 0.326486 0.100511 3.74897
Iteration 154  HV  cores 593 578 5  time 0.329142 0.100511 3.79713
Iteration 155  HV  cores 597 582 4  time 0.331432 0.100511 3.89537
Iteration 156  HV  cores 602 587 5  time 0.333967 0.100511 3.94424
Iteration 157  HV  cores 605 590 3  time 0.335647 0.100511 3.99317
Iteration 158  HV  cores 610 595 5  time 0.338272 0.100511 4.16758
Iteration 159  HV  cores 612 597 2  time 0.339817 0.100511 4.21854
Iteration 160  HV  cores 614 599 2  time 0.341109 0.100511 4.2684
Iteration 161  HV  cores 619 604 5  time 0.343707 0.100511 4.3201
Iteration 162  HV  cores 623 607 4  time 0.34604 0.100511 4.42874
Iteration 163  HV  cores 626 610 3  time 0.347664 0.100511 4.54062
Iteration 164  HV  cores 628 612 2  time 0.349006 0.100511 4.58605
Iteration 165  HV  cores 632 616 4  time 0.351164 0.100511 4.6844
Iteration 166  HV  cores 635 619 3  time 0.352922 0.100511 4.78365
Iteration 167  HV  cores 636 620 1  time 0.353761 0.100511 4.88225
Iteration 168  HV  cores 637 621 1  time 0.354585 0.100511 4.98111
Iteration 169  HV  cores 639 623 2  time 0.355933 0.100511 5.08117
Iteration 170  HV  cores 642 626 3  time 0.357618 0.100511 5.17761
Iteration 171  HV  cores 646 630 4  time 0.359774 0.100511 5.27893
Iteration 172  HV  cores 647 631 1  time 0.360612 0.100511 5.38338
Iteration 173  HV  cores 651 634 4  time 0.362796 0.100511 5.43446
Iteration 174  HV  cores 654 637 3  time 0.364554 0.100511 5.54021
Iteration 175  HV  cores 657 639 3  time 0.366298 0.100511 5.69986
Iteration 176  HV  cores 661 643 4  time 0.36828 0.100511 5.75187
Iteration 177  HV  cores 663 645 2  time 0.369507 0.100511 5.85783
Iteration 178  HV  cores 666 648 3  time 0.371482 0.100511 5.91074
Iteration 179  HV  cores 671 653 5  time 0.374126 0.100511 6.12433
Iteration 180  HV  cores 675 657 4  time 0.376131 0.100511 6.2414
Iteration 181  HV  cores 680 662 5  time 0.37871 0.100511 6.45073
Iteration 182  HV  cores 685 667 5  time 0.381302 0.100511 6.56488
Iteration 183  HV  cores 688 669 3  time 0.383089 0.100511 6.62418
Iteration 184  HV  cores 691 672 3  time 0.385014 0.100511 6.68358
Iteration 185  HV  cores 694 674 3  time 0.38673 0.100511 6.74092
Iteration 186  HV  cores 698 678 4  time 0.388867 0.100511 6.85594
Iteration 187  HV  cores 701 681 3  time 0.390676 0.100511 6.96682
Iteration 188  HV  cores 703 683 2  time 0.392017 0.100511 7.0775
Iteration 189  HV  cores 705 685 2  time 0.393336 0.100511 7.18666
Iteration 190  HV  cores 708 688 3  time 0.395117 0.100511 7.30317
Iteration 191  HV  cores 709 689 1  time 0.395958 0.100511 7.41835
Iteration 192  HV  cores 710 690 1  time 0.396778 0.100511 7.53608
Iteration 193  HV  cores 713 693 3  time 0.39856 0.100511 7.65435
Iteration 194  HV  cores 714 694 1  time 0.399394 0.100511 7.77314
Iteration 195  HV  cores 715 695 1  time 0.40029 0.100511 7.89087
Iteration 196  HV  cores 718 698 3  time 0.402139 0.100511 8.00821
Iteration 197  HV  cores 721 701 3  time 0.403871 0.100511 8.12882
Iteration 198  HV  cores 722 702 1  time 0.404717 0.100511 8.24695
Iteration 199  HV  cores 724 702 2  time 0.406149 0.100511 8.36696
Iteration 200  HV  cores 726 704 2  time 0.407731 0.100511 8.47934
Iteration 201  HV  cores 727 705 1  time 0.408616 0.100511 8.59566
Iteration 202  HV  cores 729 707 2  time 0.410012 0.100511 8.6569
Iteration 203  HV  cores 731 709 2  time 0.411362 0.100511 8.84154
Iteration 204  HV  cores 735 713 4  time 0.413726 0.100511 9.01863
Iteration 205  HV  cores 737 715 2  time 0.415017 0.100511 9.13444
Iteration 206  HV  cores 739 717 2  time 0.416336 0.100511 9.25062
Iteration 207  HV  cores 740 718 1  time 0.417177 0.100511 9.36958
Iteration 208  HV  cores 741 719 1  time 0.418002 0.100511 9.48572
Iteration 209  HV  cores 743 721 2  time 0.419271 0.100511 9.54707
Iteration 210  HV  cores 747 725 4  time 0.421531 0.100511 9.68135
Iteration 211  HV  cores 752 730 5  time 0.42409 0.100511 9.79992
Iteration 212  HV  cores 755 733 3  time 0.425782 0.100511 9.92202
Iteration 213  HV  cores 759 736 4  time 0.427865 0.100511 10.046
Iteration 214  HV  cores 761 738 2  time 0.429223 0.100511 10.1635
Iteration 215  HV  cores 763 740 2  time 0.430488 0.100511 10.2847
Iteration 216  HV  cores 765 742 2  time 0.4319 0.100511 10.4064
Iteration 217  HV  cores 767 744 2  time 0.433431 0.100511 10.5292
Iteration 218  HV  cores 769 746 2  time 0.434795 0.100511 10.6525
Iteration 219  HV  cores 772 749 3  time 0.436526 0.100511 10.7732
Iteration 220  HV  cores 774 751 2  time 0.437875 0.100511 10.8355
Iteration 221  HV  cores 777 754 3  time 0.439591 0.100511 10.9783
Iteration 222  HV  cores 781 758 4  time 0.441762 0.100511 11.2478
Iteration 223  HV  cores 783 760 2  time 0.443047 0.100511 11.311
Iteration 224  HV  cores 786 763 3  time 0.44478 0.100511 11.4389
Iteration 225  HV  cores 789 765 3  time 0.446471 0.100511 11.5022
Iteration 226  HV  cores 794 770 5  time 0.449019 0.100511 11.7452
Iteration 227  HV  cores 797 773 3  time 0.450844 0.100511 12.0042
Iteration 228  HV  cores 799 775 2  time 0.452123 0.100511 12.0614
Iteration 229  HV  cores 802 778 3  time 0.453888 0.100511 12.1266
Iteration 230  HV  cores 806 782 4  time 0.456068 0.100511 12.1901
Iteration 231  HV  cores 808 784 2  time 0.457444 0.100511 12.3221
Iteration 232  HV  cores 812 787 4  time 0.459764 0.100511 12.5786
Iteration 233  HV  cores 813 788 1  time 0.460676 0.100511 12.6444
Iteration 234  HV  cores 815 790 2  time 0.462124 0.100511 12.7095
Iteration 235  HV  cores 817 792 2  time 0.463445 0.100511 12.7753
Iteration 236  HV  cores 820 794 3  time 0.465156 0.100511 12.9134
Iteration 237  HV  cores 822 796 2  time 0.466406 0.100511 13.0429
Iteration 238  HV  cores 823 797 1  time 0.467297 0.100511 13.1085
Iteration 239  HV  cores 827 801 4  time 0.469465 0.100511 13.2354
Iteration 240  HV  cores 829 802 2  time 0.470899 0.100511 13.3021
Iteration 241  HV  cores 831 804 2  time 0.472188 0.100511 13.4382
Iteration 242  HV  cores 836 809 5  time 0.474727 0.100511 13.5691
Iteration 243  HV  cores 841 814 5  time 0.477134 0.100511 13.6999
Iteration 244  HV  cores 844 817 3  time 0.478826 0.100511 13.8291
Iteration 245  HV  cores 847 820 3  time 0.480432 0.100511 13.8969
Iteration 246  HV  cores 852 824 5  time 0.482963 0.100511 14.02
Iteration 247  HV  cores 855 827 3  time 0.484723 0.100511 14.1532
Iteration 248  HV  cores 859 831 4  time 0.487018 0.100511 14.3623
Iteration 249  HV  cores 864 836 5  time 0.489669 0.100511 14.5999
Iteration 250  HV  cores 867 839 3  time 0.491638 0.100511 14.733
Iteration 251  HV  cores 871 841 4  time 0.493924 0.100511 14.8623
Iteration 252  HV  cores 875 845 4  time 0.496089 0.100511 15.0014
Iteration 253  HV  cores 877 847 2  time 0.49739 0.100511 15.1326
Iteration 254  HV  cores 879 848 2  time 0.498648 0.100511 15.2799
Iteration 255  HV  cores 881 850 2  time 0.49992 0.100511 15.5728
Iteration 256  HV  cores 883 852 2  time 0.50131 0.100511 15.7075
Iteration 257  HV  cores 885 854 2  time 0.50259 0.100511 15.8455
Iteration 258  HV  cores 887 855 2  time 0.503829 0.100511 15.9779
Iteration 259  HV  cores 889 857 2  time 0.505091 0.100511 16.1195
Iteration 260  HV  cores 890 858 1  time 0.505907 0.100511 16.2556
Iteration 261  HV  cores 891 859 1  time 0.506741 0.100511 16.3915
Iteration 262  HV  cores 892 860 1  time 0.507618 0.100511 16.5258
Iteration 263  HV  cores 894 862 2  time 0.508955 0.100511 16.6682
Iteration 264  HV  cores 896 862 2  time 0.510268 0.100511 16.8004
Iteration 265  HV  cores 898 863 2  time 0.511591 0.100511 16.9379
Iteration 266  HV  cores 901 866 3  time 0.513472 0.100511 17.0851
Iteration 267  HV  cores 904 868 3  time 0.515221 0.100511 17.2241
Iteration 268  HV  cores 907 871 3  time 0.516994 0.100511 17.3634
Iteration 269  HV  cores 910 873 3  time 0.518747 0.100511 17.5036
Iteration 270  HV  cores 913 876 3  time 0.520517 0.100511 17.6405
Iteration 271  HV  cores 914 877 1  time 0.52135 0.100511 17.7794
Iteration 272  HV  cores 915 878 1  time 0.522203 0.100511 17.9203
Iteration 273  HV  cores 918 881 3  time 0.523963 0.100511 17.9953
Iteration 274  HV  cores 922 885 4  time 0.526119 0.100511 18.2352
Iteration 275  HV  cores 924 887 2  time 0.527488 0.100511 18.3794
Iteration 276  HV  cores 926 889 2  time 0.528808 0.100511 18.5258
Iteration 277  HV  cores 929 892 3  time 0.530616 0.100511 18.6658
Iteration 278  HV  cores 931 894 2  time 0.532069 0.100511 18.8088
Iteration 279  HV  cores 933 896 2  time 0.533367 0.100511 18.9529
Iteration 280  HV  cores 935 898 2  time 0.534741 0.100511 19.0288
Iteration 281  HV  cores 937 900 2  time 0.536095 0.100511 19.1681
Iteration 282  HV  cores 942 905 5  time 0.538703 0.100511 19.3148
Iteration 283  HV  cores 945 906 3  time 0.540494 0.100511 19.4591
Iteration 284  HV  cores 947 908 2  time 0.541893 0.100511 19.6006
Iteration 285  HV  cores 949 910 2  time 0.543179 0.100511 19.7414
Iteration 286  HV  cores 952 913 3  time 0.545039 0.100511 19.8812
Iteration 287  HV  cores 954 915 2  time 0.546308 0.100511 20.0226
Iteration 288  HV  cores 957 918 3  time 0.548126 0.100511 20.1635
Iteration 289  HV  cores 959 920 2  time 0.549459 0.100511 20.3039
Iteration 290  HV  cores 961 922 2  time 0.550841 0.100511 20.4524
Iteration 291  HV  cores 963 924 2  time 0.552161 0.100511 20.5941
Iteration 292  HV  cores 966 926 3  time 0.553887 0.100511 20.7468
Iteration 293  HV  cores 967 926 1  time 0.554744 0.100511 20.8913
Iteration 294  HV  cores 970 929 3  time 0.556498 0.100511 21.0348
Iteration 295  HV  cores 972 930 2  time 0.557814 0.100511 21.1766
Iteration 296  HV  cores 974 931 2  time 0.559141 0.100511 21.319
Iteration 297  HV  cores 976 933 2  time 0.560466 0.100511 21.463
Iteration 298  HV  cores 977 934 1  time 0.561305 0.100511 21.609
Iteration 299  HV  cores 978 935 1  time 0.562231 0.100511 21.7555
Iteration 300  HV  cores 979 936 1  time 0.56313 0.100511 21.8996
Iteration 301  HV  cores 980 936 1  time 0.563973 0.100511 22.0453
Iteration 302  HV  cores 981 936 1  time 0.564825 0.100511 22.192
Iteration 303  HV  cores 982 937 1  time 0.565678 0.100511 22.3384
Iteration 304  HV  cores 984 939 2  time 0.567158 0.100511 22.4841
Iteration 305  HV  cores 985 940 1  time 0.568003 0.100511 22.6232
Iteration 306  HV  cores 986 939 1  time 0.568832 0.100511 22.7639
Iteration 307  HV  cores 987 940 1  time 0.569734 0.100511 22.9058
Iteration 308  HV  cores 988 941 1  time 0.570572 0.100511 23.0508
Iteration 309  HV  cores 990 943 2  time 0.571843 0.100511 23.2026
Iteration 310  HV  cores 992 945 2  time 0.573147 0.100511 23.535
Iteration 311  HV  cores 994 947 2  time 0.574773 0.100511 23.7375
Iteration 312  HV  cores 997 950 3  time 0.576541 0.100511 24.0565
Iteration 313  HV  cores 999 952 2  time 0.577861 0.100511 24.3762
Iteration 314  HV  cores 1003 955 4  time 0.580136 0.100511 24.5786
Iteration 315  HV  cores 1005 957 2  time 0.581596 0.100511 24.7496
Iteration 316  HV  cores 1008 960 3  time 0.583375 0.100511 24.9548
Iteration 317  HV  cores 1011 962 3  time 0.585172 0.100511 25.2478
Iteration 318  HV  cores 1013 964 2  time 0.586526 0.100511 25.5083
Iteration 319  HV  cores 1015 966 2  time 0.587788 0.100511 25.5839
Iteration 320  HV  cores 1018 969 3  time 0.589611 0.100511 25.7526
Iteration 321  HV  cores 1021 971 3  time 0.591428 0.100511 25.91
Iteration 322  HV  cores 1023 973 2  time 0.592743 0.100511 26.0689
Iteration 323  HV  cores 1024 974 1  time 0.593597 0.100511 26.2234
Iteration 324  HV  cores 1025 975 1  time 0.594447 0.100511 26.3812
Iteration 325  HV  cores 1027 977 2  time 0.595737 0.100511 26.5325
Iteration 326  HV  cores 1029 979 2  time 0.597001 0.100511 26.682
Iteration 327  HV  cores 1030 980 1  time 0.597905 0.100511 26.8401
Iteration 328  HV  cores 1031 981 1  time 0.598754 0.100511 26.9917
Iteration 329  HV  cores 1033 983 2  time 0.600248 0.100511 27.1461
Iteration 330  HV  cores 1034 984 1  time 0.601156 0.100511 27.4101
Iteration 331  HV  cores 1035 985 1  time 0.601986 0.100511 27.5726
Iteration 332  HV  cores 1036 986 1  time 0.602848 0.100511 27.734
Iteration 333  HV  cores 1037 987 1  time 0.603709 0.100511 27.8943
Iteration 334  HV  cores 1039 989 2  time 0.604989 0.100511 28.0546
Iteration 335  HV  cores 1040 990 1  time 0.605838 0.100511 28.3129
Iteration 336  HV  cores 1041 991 1  time 0.606679 0.100511 28.4771
Iteration 337  HV  cores 1042 991 1  time 0.607544 0.100511 28.7825
Iteration 338  HV  cores 1043 992 1  time 0.608381 0.100511 28.9455
Iteration 339  HV  cores 1044 993 1  time 0.609225 0.100511 29.1207
Iteration 340  HV  cores 1045 994 1  time 0.610068 0.100511 29.4434
Iteration 341  HV  cores 1047 996 2  time 0.611361 0.100511 29.7364
Iteration 342  HV  cores 1049 998 2  time 0.612691 0.100511 29.9595
Iteration 343  HV  cores 1051 1000 2  time 0.613977 0.100511 30.0392
Iteration 344  HV  cores 1054 1003 3  time 0.615659 0.100511 30.3176
Iteration 345  HV  cores 1057 1005 3  time 0.617508 0.100511 30.5285
Iteration 346  HV  cores 1060 1007 3  time 0.61949 0.100511 30.7954
Iteration 347  HV  cores 1062 1009 2  time 0.620836 0.100511 31.0927
Iteration 348  HV  cores 1064 1011 2  time 0.62219 0.100511 31.3913
Iteration 349  HV  cores 1066 1013 2  time 0.623574 0.100511 31.6119
Iteration 350  HV  cores 1069 1016 3  time 0.625341 0.100511 31.9181
Iteration 351  HV  cores 1072 1019 3  time 0.627101 0.100511 32.0876
Iteration 352  HV  cores 1076 1023 4  time 0.629295 0.100511 32.3985
Iteration 353  HV  cores 1079 1026 3  time 0.631071 0.100511 32.6749
Iteration 354  HV  cores 1082 1028 3  time 0.632761 0.100511 32.9459
Iteration 355  HV  cores 1084 1029 2  time 0.634061 0.100511 33.2624
Iteration 356  HV  cores 1087 1032 3  time 0.635897 0.100511 33.4343
Iteration 357  HV  cores 1090 1035 3  time 0.637893 0.100511 33.7387
Iteration 358  HV  cores 1092 1037 2  time 0.63922 0.100511 33.9184
Iteration 359  HV  cores 1093 1038 1  time 0.640084 0.100511 34.0917
Iteration 360  HV  cores 1094 1039 1  time 0.640957 0.100511 34.389
Iteration 361  HV  cores 1096 1041 2  time 0.64231 0.100511 34.7208
Iteration 362  HV  cores 1098 1043 2  time 0.643643 0.100511 35.0361
Iteration 363  HV  cores 1099 1044 1  time 0.644554 0.100511 35.1196
Iteration 364  HV  cores 1102 1047 3  time 0.646393 0.100511 35.2776
Iteration 365  HV  cores 1105 1050 3  time 0.648197 0.100511 35.5477
Iteration 366  HV  cores 1107 1052 2  time 0.64957 0.100511 35.6307
Iteration 367  HV  cores 1110 1055 3  time 0.651327 0.100511 35.8008
Iteration 368  HV  cores 1113 1058 3  time 0.65351 0.100511 35.9684
Iteration 369  HV  cores 1116 1061 3  time 0.655351 0.100511 36.2914
Iteration 370  HV  cores 1118 1062 2  time 0.656645 0.100511 36.4651
Iteration 371  HV  cores 1119 1063 1  time 0.657511 0.100511 36.635
Iteration 372  HV  cores 1121 1065 2  time 0.658814 0.100511 36.8088
Iteration 373  HV  cores 1122 1066 1  time 0.659658 0.100511 36.9868
Iteration 374  HV  cores 1123 1067 1  time 0.660547 0.100511 37.1609
Iteration 375  HV  cores 1125 1069 2  time 0.661843 0.100511 37.3478
Iteration 376  HV  cores 1129 1073 4  time 0.664225 0.100511 37.7978
Iteration 377  HV  cores 1131 1075 2  time 0.665533 0.100511 37.9714
Iteration 378  HV  cores 1132 1076 1  time 0.666445 0.100511 38.1418
Iteration 379  HV  cores 1133 1077 1  time 0.667336 0.100511 38.3049
Iteration 380  HV  cores 1134 1078 1  time 0.668221 0.100511 38.4849
Iteration 381  HV  cores 1135 1079 1  time 0.669055 0.100511 38.775
Iteration 382  HV  cores 1139 1082 4  time 0.671266 0.100511 38.9485
Iteration 383  HV  cores 1142 1084 3  time 0.673063 0.100511 39.1195
Iteration 384  HV  cores 1143 1085 1  time 0.673916 0.100511 39.2951
Iteration 385  HV  cores 1144 1086 1  time 0.674775 0.100511 39.4724
Iteration 386  HV  cores 1145 1087 1  time 0.675592 0.100511 39.6517
Iteration 387  HV  cores 1146 1088 1  time 0.676435 0.100511 39.8253
Iteration 388  HV  cores 1148 1090 2  time 0.677761 0.100511 40.0023
Iteration 389  HV  cores 1150 1092 2  time 0.679065 0.100511 40.1764
Iteration 390  HV  cores 1152 1094 2  time 0.680551 0.100511 40.8632
Iteration 391  HV  cores 1154 1096 2  time 0.681882 0.100511 41.0367
Iteration 392  HV  cores 1156 1098 2  time 0.683174 0.100511 41.2117
Iteration 393  HV  cores 1158 1100 2  time 0.684451 0.100511 41.3859
Iteration 394  HV  cores 1159 1101 1  time 0.685297 0.100511 41.5589
Iteration 395  HV  cores 1160 1102 1  time 0.686217 0.100511 41.7299
Iteration 396  HV  cores 1161 1103 1  time 0.687055 0.100511 41.911
Iteration 397  HV  cores 1163 1105 2  time 0.688362 0.100511 42.0812
Iteration 398  HV  cores 1164 1105 1  time 0.689217 0.100511 42.254
Iteration 399  HV  cores 1165 1106 1  time 0.690119 0.100511 42.43
Iteration 400  HV  cores 1166 1106 1  time 0.690968 0.100511 42.6001
Iteration 401  HV  cores 1167 1106 1  time 0.691872 0.100511 42.776
Iteration 402  HV  cores 1168 1107 1  time 0.692715 0.100511 42.9525
Iteration 403  HV  cores 1169 1107 1  time 0.693548 0.100511 43.1263
Iteration 404  HV  cores 1171 1109 2  time 0.694838 0.100511 43.2988
Iteration 405  HV  cores 1172 1110 1  time 0.695703 0.100511 43.4725
Iteration 406  HV  cores 1174 1111 2  time 0.697074 0.100511 43.652
Iteration 407  HV  cores 1176 1113 2  time 0.698419 0.100511 43.8313
Iteration 408  HV  cores 1178 1115 2  time 0.699791 0.100511 44.1937
Iteration 409  HV  cores 1180 1117 2  time 0.701125 0.100511 44.512
Iteration 410  HV  cores 1181 1118 1  time 0.702047 0.100511 44.8022
Iteration 411  HV  cores 1182 1119 1  time 0.702878 0.100511 45.0948
Iteration 412  HV  cores 1183 1120 1  time 0.703714 0.100511 45.3972
Iteration 413  HV  cores 1184 1121 1  time 0.704638 0.100511 45.6964
Iteration 414  HV  cores 1185 1122 1  time 0.705539 0.100511 45.884
Iteration 415  HV  cores 1187 1124 2  time 0.70703 0.100511 46.0629
Iteration 416  HV  cores 1188 1125 1  time 0.707889 0.100511 46.252
Iteration 417  HV  cores 1189 1126 1  time 0.708803 0.100511 46.4411
Iteration 418  HV  cores 1190 1127 1  time 0.709659 0.100511 46.6333
Iteration 419  HV  cores 1191 1128 1  time 0.710513 0.100511 46.8322
Iteration 420  HV  cores 1193 1130 2  time 0.71189 0.100511 47.1512
Iteration 421  HV  cores 1195 1131 2  time 0.713259 0.100511 47.3385
Iteration 422  HV  cores 1197 1132 2  time 0.714582 0.100511 47.5204
Iteration 423  HV  cores 1198 1133 1  time 0.715508 0.100511 47.7067
Iteration 424  HV  cores 1200 1135 2  time 0.716904 0.100511 48.0169
Iteration 425  HV  cores 1202 1137 2  time 0.718272 0.100511 48.2052
Iteration 426  HV  cores 1204 1139 2  time 0.719719 0.100511 48.3816
Iteration 427  HV  cores 1205 1140 1  time 0.720633 0.100511 48.5622
Iteration 428  HV  cores 1206 1141 1  time 0.721478 0.100511 48.7394
Iteration 429  HV  cores 1207 1142 1  time 0.722338 0.100511 48.9298
Iteration 430  HV  cores 1208 1142 1  time 0.723188 0.100511 49.1244
Iteration 431  HV  cores 1209 1143 1  time 0.724034 0.100511 49.302
Iteration 432  HV  cores 1210 1143 1  time 0.724878 0.100511 49.4822
Iteration 433  HV  cores 1211 1144 1  time 0.725716 0.100511 49.67
Iteration 434  HV  cores 1212 1143 1  time 0.726563 0.100511 49.8533
Iteration 435  HV  cores 1213 1144 1  time 0.727411 0.100511 50.0317
Iteration 436  HV  cores 1214 1144 1  time 0.728288 0.100511 50.2315
Iteration 437  HV  cores 1215 1145 1  time 0.729124 0.100511 50.4134
Iteration 438  HV  cores 1216 1146 1  time 0.729965 0.100511 50.596
Iteration 439  HV  cores 1217 1146 1  time 0.73082 0.100511 50.7817
Iteration 440  HV  cores 1218 1147 1  time 0.731655 0.100511 51.376
Iteration 441  HV  cores 1220 1149 2  time 0.733004 0.100511 51.7939
Iteration 442  HV  cores 1222 1151 2  time 0.734379 0.100511 52.0026
Iteration 443  HV  cores 1224 1153 2  time 0.735643 0.100511 52.3046
Iteration 444  HV  cores 1226 1154 2  time 0.736969 0.100511 52.3992
Iteration 445  HV  cores 1229 1157 3  time 0.738735 0.100511 52.732
Iteration 446  HV  cores 1233 1161 4  time 0.740859 0.100511 53.5245
Iteration 447  HV  cores 1235 1163 2  time 0.742218 0.100511 54.0425
Iteration 448  HV  cores 1239 1167 4  time 0.74439 0.100511 54.5496
Iteration 449  HV  cores 1241 1169 2  time 0.745772 0.100511 54.8845
Iteration 450  HV  cores 1242 1170 1  time 0.746623 0.100511 55.1953
Iteration 451  HV  cores 1243 1171 1  time 0.747465 0.100511 55.5271
Iteration 452  HV  cores 1244 1171 1  time 0.748303 0.100511 55.8318
Iteration 453  HV  cores 1247 1174 3  time 0.750054 0.100511 56.2659
Iteration 454  HV  cores 1249 1176 2  time 0.751432 0.100511 56.7886
Iteration 455  HV  cores 1251 1178 2  time 0.752814 0.100511 57.1168
Iteration 456  HV  cores 1253 1180 2  time 0.754112 0.100511 57.4599
Iteration 457  HV  cores 1255 1181 2  time 0.755447 0.100511 57.757
Iteration 458  HV  cores 1256 1181 1  time 0.756324 0.100511 58.0806
Iteration 459  HV  cores 1258 1183 2  time 0.757599 0.100511 58.3102
Iteration 460  HV  cores 1259 1183 1  time 0.758488 0.100511 58.6244
Iteration 461  HV  cores 1260 1184 1  time 0.75933 0.100511 58.9259
Iteration 462  HV  cores 1261 1185 1  time 0.760228 0.100511 59.2359
Iteration 463  HV  cores 1263 1185 2  time 0.7615 0.100511 59.5554
Iteration 464  HV  cores 1264 1185 1  time 0.762379 0.100511 60.0353
Iteration 465  HV  cores 1265 1186 1  time 0.763221 0.100511 60.3746
Iteration 466  HV  cores 1266 1186 1  time 0.764055 0.100511 60.7021
Iteration 467  HV  cores 1267 1187 1  time 0.764899 0.100511 61.1948
Iteration 468  HV  cores 1268 1188 1  time 0.765785 0.100511 61.5309
Iteration 469  HV  cores 1270 1190 2  time 0.767151 0.100511 61.7417
Iteration 470  HV  cores 1271 1191 1  time 0.76802 0.100511 62.0651
Iteration 471  HV  cores 1273 1193 2  time 0.769313 0.100511 62.3771
Iteration 472  HV  cores 1274 1194 1  time 0.770228 0.100511 62.685
Iteration 473  HV  cores 1275 1195 1  time 0.771077 0.100511 63.0222
Iteration 474  HV  cores 1276 1196 1  time 0.771917 0.100511 63.3261
Iteration 475  HV  cores 1277 1197 1  time 0.772808 0.100511 63.6493
Iteration 476  HV  cores 1278 1198 1  time 0.773703 0.100511 63.9783
Iteration 477  HV  cores 1279 1198 1  time 0.774538 0.100511 64.298
Iteration 478  HV  cores 1280 1199 1  time 0.775555 0.100511 64.6363
Iteration 479  HV  cores 1281 1200 1  time 0.77652 0.100511 64.975
Iteration 480  HV  cores 1282 1201 1  time 0.77737 0.100511 65.3118
Iteration 481  HV  cores 1283 1202 1  time 0.778363 0.100511 65.6271
Iteration 482  HV  cores 1284 1203 1  time 0.779296 0.100511 65.9409
Iteration 483  HV  cores 1285 1204 1  time 0.780388 0.100511 66.166
Iteration 484  HV  cores 1286 1205 1  time 0.781343 0.100511 66.4743
Iteration 485  HV  cores 1288 1207 2  time 0.782715 0.100511 66.8055
Iteration 486  HV  cores 1289 1208 1  time 0.783762 0.100511 67.1522
Iteration 487  HV  cores 1290 1208 1  time 0.784752 0.100511 67.4845
Iteration 488  HV  cores 1291 1209 1  time 0.785576 0.100511 67.8075
Iteration 489  HV  cores 1292 1210 1  time 0.786468 0.100511 68.1697
Iteration 490  HV  cores 1294 1212 2  time 0.787771 0.100511 68.6959
Iteration 491  HV  cores 1296 1214 2  time 0.789093 0.100511 69.0295
Iteration 492  HV  cores 1298 1216 2  time 0.790437 0.100511 69.3559
Iteration 493  HV  cores 1300 1217 2  time 0.791738 0.100511 69.6829
Iteration 494  HV  cores 1301 1218 1  time 0.792633 0.100511 70.0132
Iteration 495  HV  cores 1303 1220 2  time 0.793929 0.100511 70.3254
Iteration 496  HV  cores 1305 1222 2  time 0.795277 0.100511 70.6624
Iteration 497  HV  cores 1308 1224 3  time 0.797039 0.100511 70.9812
Iteration 498  HV  cores 1311 1227 3  time 0.798789 0.100511 71.4796
Iteration 499  HV  cores 1313 1229 2  time 0.800305 0.100511 72.3882
Iteration 500  HV  cores 1315 1231 2  time 0.801831 0.100511 72.7458
Iteration 501  HV  cores 1317 1233 2  time 0.803122 0.100511 73.1184
Iteration 502  HV  cores 1318 1234 1  time 0.80424 0.100511 73.4502
Iteration 503  HV  cores 1319 1235 1  time 0.805163 0.100511 73.7879
Iteration 504  HV  cores 1320 1236 1  time 0.806179 0.100511 74.3091
Iteration 505  HV  cores 1322 1238 2  time 0.807539 0.100511 74.6779
Iteration 506  HV  cores 1324 1240 2  time 0.808854 0.100511 75.0525
Iteration 507  HV  cores 1326 1242 2  time 0.810143 0.100511 75.3575
Iteration 508  HV  cores 1329 1245 3  time 0.811896 0.100511 75.6664
Iteration 509  HV  cores 1331 1247 2  time 0.813166 0.100511 75.9816
Iteration 510  HV  cores 1333 1249 2  time 0.814568 0.100511 76.1869
Iteration 511  HV  cores 1335 1251 2  time 0.815919 0.100511 76.4033
Iteration 512  HV  cores 1338 1254 3  time 0.817709 0.100511 76.6244
Iteration 513  HV  cores 1341 1257 3  time 0.819512 0.100511 76.834
Iteration 514  HV  cores 1343 1259 2  time 0.820824 0.100511 77.0381
Iteration 515  HV  cores 1345 1260 2  time 0.822123 0.100511 77.2365
Iteration 516  HV  cores 1347 1262 2  time 0.823434 0.100511 77.4518
Iteration 517  HV  cores 1349 1264 2  time 0.824783 0.100511 77.6597
Iteration 518  HV  cores 1351 1266 2  time 0.826074 0.100511 77.8675
Iteration 519  HV  cores 1353 1268 2  time 0.827377 0.100511 78.2066
Iteration 520  HV  cores 1355 1270 2  time 0.828671 0.100511 78.5642
Iteration 521  HV  cores 1357 1272 2  time 0.829951 0.100511 79.0484
Iteration 522  HV  cores 1360 1275 3  time 0.831746 0.100511 79.5144
Iteration 523  HV  cores 1363 1278 3  time 0.833577 0.100511 79.7241
Iteration 524  HV  cores 1366 1281 3  time 0.835445 0.100511 80.2122
Iteration 525  HV  cores 1367 1281 1  time 0.836303 0.100511 80.6946
Iteration 526  HV  cores 1368 1279 1  time 0.83717 0.100511 81.0315
Iteration 527  HV  cores 1369 1279 1  time 0.838069 0.100511 81.3715
Iteration 528  HV  cores 1372 1282 3  time 0.839771 0.100511 81.7206
Iteration 529  HV  cores 1375 1285 3  time 0.841476 0.100511 82.1987
Iteration 530  HV  cores 1377 1287 2  time 0.843023 0.100511 82.4182
Iteration 531  HV  cores 1378 1288 1  time 0.843898 0.100511 82.6232
Iteration 532  HV  cores 1379 1289 1  time 0.844746 0.100511 82.8259
Iteration 533  HV  cores 1381 1291 2  time 0.84604 0.100511 83.0292
Iteration 534  HV  cores 1382 1292 1  time 0.846902 0.100511 83.2328
Iteration 535  HV  cores 1383 1293 1  time 0.847763 0.100511 83.4376
Iteration 536  HV  cores 1384 1294 1  time 0.84867 0.100511 83.6411
Iteration 537  HV  cores 1385 1295 1  time 0.849563 0.100511 83.8463
Iteration 538  HV  cores 1386 1296 1  time 0.850422 0.100511 84.0667
Iteration 539  HV  cores 1388 1298 2  time 0.851758 0.100511 84.293
Iteration 540  HV  cores 1390 1299 2  time 0.853067 0.100511 84.5155
Iteration 541  HV  cores 1392 1301 2  time 0.854423 0.100511 84.7426
Iteration 542  HV  cores 1393 1302 1  time 0.855299 0.100511 84.9524
Iteration 543  HV  cores 1394 1303 1  time 0.856151 0.100511 85.1598
Iteration 544  HV  cores 1395 1303 1  time 0.857059 0.100511 85.3681
Iteration 545  HV  cores 1396 1304 1  time 0.857909 0.100511 85.578
Iteration 546  HV  cores 1398 1305 2  time 0.859223 0.100511 85.7878
Iteration 547  HV  cores 1400 1307 2  time 0.860625 0.100511 86.0123
Iteration 548  HV  cores 1402 1309 2  time 0.861905 0.100511 86.2321
Iteration 549  HV  cores 1404 1311 2  time 0.863236 0.100511 86.4544
Iteration 550  HV  cores 1406 1313 2  time 0.864571 0.100511 86.6627
Iteration 551  HV  cores 1407 1314 1  time 0.865457 0.100511 86.8791
Iteration 552  HV  cores 1409 1316 2  time 0.866751 0.100511 87.0953
Iteration 553  HV  cores 1411 1318 2  time 0.868083 0.100511 87.3091
Iteration 554  HV  cores 1412 1319 1  time 0.86901 0.100511 87.5236
Iteration 555  HV  cores 1414 1321 2  time 0.870349 0.100511 87.7544
Iteration 556  HV  cores 1415 1322 1  time 0.871265 0.100511 87.9786
Iteration 557  HV  cores 1417 1324 2  time 0.8726 0.100511 88.2145
Iteration 558  HV  cores 1419 1326 2  time 0.873911 0.100511 88.4502
Iteration 559  HV  cores 1420 1327 1  time 0.874828 0.100511 88.6799
Iteration 560  HV  cores 1422 1329 2  time 0.876316 0.100511 88.9053
Iteration 561  HV  cores 1423 1330 1  time 0.877171 0.100511 89.1307
Iteration 562  HV  cores 1424 1331 1  time 0.878043 0.100511 89.3526
Iteration 563  HV  cores 1426 1333 2  time 0.879398 0.100511 89.5786
Iteration 564  HV  cores 1427 1334 1  time 0.880257 0.100511 89.8041
Iteration 565  HV  cores 1429 1336 2  time 0.881532 0.100511 90.0149
Iteration 566  HV  cores 1430 1337 1  time 0.882387 0.100511 90.2391
Iteration 567  HV  cores 1431 1338 1  time 0.883294 0.100511 90.4786
Iteration 568  HV  cores 1432 1339 1  time 0.884198 0.100511 90.7088
Iteration 569  HV  cores 1433 1340 1  time 0.885051 0.100511 90.9381
Iteration 570  HV  cores 1434 1341 1  time 0.885911 0.100511 91.1539
Iteration 571  HV  cores 1435 1341 1  time 0.886768 0.100511 91.381
Iteration 572  HV  cores 1436 1341 1  time 0.887625 0.100511 91.639
Iteration 573  HV  cores 1437 1342 1  time 0.888476 0.100511 91.8698
Iteration 574  HV  cores 1438 1343 1  time 0.889328 0.100511 92.1054
Iteration 575  HV  cores 1439 1344 1  time 0.890239 0.100511 92.3315
Iteration 576  HV  cores 1440 1345 1  time 0.891212 0.100511 92.5468
Iteration 577  HV  cores 1441 1346 1  time 0.892046 0.100511 92.7681
Iteration 578  HV  cores 1443 1347 2  time 0.893401 0.100511 92.996
Iteration 579  HV  cores 1445 1349 2  time 0.894677 0.100511 93.2153
Iteration 580  HV  cores 1446 1350 1  time 0.895534 0.100511 93.4478
Iteration 581  HV  cores 1447 1351 1  time 0.896445 0.100511 93.6787
Iteration 582  HV  cores 1449 1352 2  time 0.897781 0.100511 93.9138
Iteration 583  HV  cores 1451 1352 2  time 0.899069 0.100511 94.1412
Iteration 584  HV  cores 1453 1354 2  time 0.900587 0.100511 94.3722
Iteration 585  HV  cores 1454 1355 1  time 0.901453 0.100511 94.5949
Iteration 586  HV  cores 1456 1357 2  time 0.902814 0.100511 94.8343
Iteration 587  HV  cores 1458 1359 2  time 0.904158 0.100511 95.066
Iteration 588 MHV  lb 5152 ub 5384  time 0.9046 4.10764 95.066
Iteration 589  HV  cores 1460 1360 2  time 0.905967 4.10764 95.1833
Iteration 590  HV  cores 1462 1360 2  time 0.907327 4.10764 95.3037
Iteration 591  HV  cores 1463 1361 1  time 0.908221 4.10764 95.5568
Iteration 592  HV  cores 1464 1362 1  time 0.909087 4.10764 95.7855
Iteration 593  HV  cores 1465 1363 1  time 0.910005 4.10764 96.0067
Iteration 594  HV  cores 1467 1365 2  time 0.911459 4.10764 96.2389
Iteration 595  HV  cores 1469 1367 2  time 0.912713 4.10764 96.4661
Iteration 596  HV  cores 1471 1369 2  time 0.913978 4.10764 96.7179
Iteration 597  HV  cores 1472 1370 1  time 0.914835 4.10764 96.9536
Iteration 598  HV  cores 1473 1371 1  time 0.915691 4.10764 97.2157
Iteration 599  HV  cores 1474 1372 1  time 0.916595 4.10764 97.4567
Iteration 600  HV  cores 1475 1373 1  time 0.91745 4.10764 97.6783
Iteration 601  HV  cores 1476 1374 1  time 0.918312 4.10764 97.9071
Iteration 602  HV  cores 1477 1375 1  time 0.91917 4.10764 98.137
Iteration 603  HV  cores 1479 1377 2  time 0.920475 4.10764 98.3571
Iteration 604  HV  cores 1480 1378 1  time 0.921416 4.10764 98.5804
Iteration 605  HV  cores 1482 1380 2  time 0.922777 4.10764 98.8015
Iteration 606  HV  cores 1483 1381 1  time 0.923643 4.10764 99.575
Iteration 607  HV  cores 1484 1382 1  time 0.924543 4.10764 99.7973
Iteration 608  HV  cores 1486 1384 2  time 0.925889 4.10764 100.023
Iteration 609  HV  cores 1487 1385 1  time 0.92675 4.10764 100.249
Iteration 610  HV  cores 1488 1386 1  time 0.927599 4.10764 100.467
Iteration 611  HV  cores 1489 1387 1  time 0.928452 4.10764 100.692
Iteration 612  HV  cores 1490 1388 1  time 0.929359 4.10764 100.937
Iteration 613  HV  cores 1491 1389 1  time 0.930204 4.10764 101.169
Iteration 614  HV  cores 1492 1390 1  time 0.931113 4.10764 101.414
Iteration 615  HV  cores 1493 1391 1  time 0.931966 4.10764 101.658
Iteration 616  HV  cores 1494 1392 1  time 0.932814 4.10764 102.396
Iteration 617  HV  cores 1496 1394 2  time 0.934369 4.10764 102.631
Iteration 618  HV  cores 1498 1396 2  time 0.935733 4.10764 104.898
Iteration 619  HV  cores 1501 1399 3  time 0.937546 4.10764 105.023
Iteration 620  HV  cores 1503 1401 2  time 0.938881 4.10764 105.147
Iteration 621  HV  cores 1505 1403 2  time 0.940261 4.10764 105.546
Iteration 622  HV  cores 1508 1406 3  time 0.942035 4.10764 105.779
Iteration 623  HV  cores 1510 1408 2  time 0.94342 4.10764 106.01
Iteration 624  HV  cores 1511 1409 1  time 0.944325 4.10764 106.239
Iteration 625  HV  cores 1513 1411 2  time 0.945641 4.10764 107.252
Iteration 626  HV  cores 1515 1413 2  time 0.946994 4.10764 109.44
Iteration 627  HV  cores 1518 1416 3  time 0.949021 4.10764 109.563
Iteration 628  HV  cores 1520 1418 2  time 0.950434 4.10764 110.202
Iteration 629  HV  cores 1522 1420 2  time 0.951774 4.10764 110.427
Iteration 630  HV  cores 1524 1422 2  time 0.953046 4.10764 110.655
Iteration 631  HV  cores 1525 1423 1  time 0.953878 4.10764 110.881
Iteration 632  HV  cores 1527 1425 2  time 0.955156 4.10764 112.009
Iteration 633  HV  cores 1528 1426 1  time 0.956087 4.10764 112.244
Iteration 634  HV  cores 1531 1429 3  time 0.957896 4.10764 114.646
Iteration 635  HV  cores 1533 1428 2  time 0.959226 4.10764 114.771
Iteration 636  HV  cores 1536 1430 3  time 0.961102 4.10764 115.012
Iteration 637  HV  cores 1539 1433 3  time 0.962867 4.10764 117.743
Iteration 638  HV  cores 1541 1433 2  time 0.964262 4.10764 117.864
Iteration 639  HV  cores 1543 1435 2  time 0.965663 4.10764 118.643
Iteration 640  HV  cores 1546 1438 3  time 0.967571 4.10764 118.898
Iteration 641  HV  cores 1549 1441 3  time 0.969359 4.10764 119.134
Iteration 642  HV  cores 1551 1443 2  time 0.970709 4.10764 119.474
Iteration 643  HV  cores 1553 1444 2  time 0.972076 4.10764 119.721
Iteration 644  HV  cores 1556 1445 3  time 0.973925 4.10764 119.961
Iteration 645  HV  cores 1558 1447 2  time 0.975282 4.10764 120.194
Iteration 646  HV  cores 1560 1449 2  time 0.976595 4.10764 120.434
Iteration 647  HV  cores 1561 1450 1  time 0.977446 4.10764 120.679
Iteration 648  HV  cores 1563 1451 2  time 0.978751 4.10764 120.918
Iteration 649  HV  cores 1565 1453 2  time 0.980107 4.10764 121.153
Iteration 650  HV  cores 1567 1453 2  time 0.981466 4.10764 121.404
Iteration 651  HV  cores 1569 1454 2  time 0.982761 4.10764 121.646
Iteration 652  HV  cores 1571 1456 2  time 0.984112 4.10764 121.892
Iteration 653  HV  cores 1572 1457 1  time 0.984973 4.10764 122.133
Iteration 654  HV  cores 1573 1458 1  time 0.985826 4.10764 122.373
Iteration 655  HV  cores 1575 1460 2  time 0.987398 4.10764 122.616
Iteration 656  HV  cores 1577 1462 2  time 0.988834 4.10764 122.857
Iteration 657  HV  cores 1580 1465 3  time 0.990746 4.10764 123.106
Iteration 658  HV  cores 1583 1468 3  time 0.992583 4.10764 123.35
Iteration 659  HV  cores 1585 1469 2  time 0.993913 4.10764 123.596
Iteration 660  HV  cores 1587 1470 2  time 0.995193 4.10764 123.841
Iteration 661  HV  cores 1589 1472 2  time 0.996718 4.10764 124.078
Iteration 662  HV  cores 1590 1473 1  time 0.997615 4.10764 124.335
Iteration 663  HV  cores 1593 1476 3  time 0.999345 4.10764 124.586
Iteration 664  HV  cores 1595 1478 2  time 1.00068 4.10764 124.825
Iteration 665  HV  cores 1597 1480 2  time 1.00204 4.10764 125.063
Iteration 666  HV  cores 1599 1481 2  time 1.00343 4.10764 125.762
Iteration 667  HV  cores 1601 1483 2  time 1.0049 4.10764 128.11
Iteration 668  HV  cores 1603 1485 2  time 1.00624 4.10764 128.24
Iteration 669  HV  cores 1604 1486 1  time 1.00706 4.10764 128.88
Iteration 670  HV  cores 1606 1488 2  time 1.00839 4.10764 129.118
Iteration 671  HV  cores 1607 1489 1  time 1.00928 4.10764 129.355
Iteration 672  HV  cores 1609 1490 2  time 1.01059 4.10764 129.589
Iteration 673  HV  cores 1610 1491 1  time 1.0115 4.10764 129.833
Iteration 674  HV  cores 1612 1492 2  time 1.01277 4.10764 130.067
Iteration 675  HV  cores 1613 1493 1  time 1.01362 4.10764 130.3
Iteration 676  HV  cores 1614 1494 1  time 1.01452 4.10764 130.539
Iteration 677  HV  cores 1615 1495 1  time 1.01539 4.10764 130.775
Iteration 678  HV  cores 1616 1496 1  time 1.01631 4.10764 131.015
Iteration 679  HV  cores 1617 1497 1  time 1.01719 4.10764 131.253
Iteration 680  HV  cores 1619 1499 2  time 1.0185 4.10764 131.489
Iteration 681  HV  cores 1621 1501 2  time 1.01986 4.10764 131.739
Iteration 682  HV  cores 1622 1502 1  time 1.02074 4.10764 131.994
Iteration 683  HV  cores 1623 1503 1  time 1.02159 4.10764 132.24
Iteration 684  HV  cores 1624 1504 1  time 1.02247 4.10764 132.486
Iteration 685  HV  cores 1626 1506 2  time 1.02387 4.10764 132.723
Iteration 686  HV  cores 1628 1508 2  time 1.02529 4.10764 132.963
Iteration 687  HV  cores 1630 1510 2  time 1.0266 4.10764 133.205
Iteration 688  HV  cores 1631 1511 1  time 1.02746 4.10764 133.463
Iteration 689  HV  cores 1633 1513 2  time 1.02883 4.10764 133.72
Iteration 690  HV  cores 1634 1514 1  time 1.02968 4.10764 133.981
Iteration 691  HV  cores 1637 1517 3  time 1.03149 4.10764 134.246
Iteration 692  HV  cores 1638 1518 1  time 1.03244 4.10764 134.667
Iteration 693  HV  cores 1640 1520 2  time 1.03374 4.10764 134.915
Iteration 694  HV  cores 1641 1521 1  time 1.03463 4.10764 135.168
Iteration 695  HV  cores 1642 1522 1  time 1.03549 4.10764 135.419
Iteration 696  HV  cores 1643 1523 1  time 1.03635 4.10764 135.682
Iteration 697  HV  cores 1644 1524 1  time 1.0372 4.10764 135.936
Iteration 698  HV  cores 1645 1525 1  time 1.03811 4.10764 136.185
Iteration 699  HV  cores 1646 1526 1  time 1.03897 4.10764 137.144
Iteration 700  HV  cores 1649 1529 3  time 1.04081 4.10764 139.742
Iteration 701  HV  cores 1651 1531 2  time 1.04217 4.10764 139.875
Iteration 702  HV  cores 1652 1532 1  time 1.04305 4.10764 140.134
Iteration 703  HV  cores 1653 1533 1  time 1.04392 4.10764 140.388
Iteration 704  HV  cores 1655 1535 2  time 1.04523 4.10764 140.662
Iteration 705  HV  cores 1656 1536 1  time 1.04612 4.10764 140.93
Iteration 706  HV  cores 1657 1537 1  time 1.04698 4.10764 141.186
Iteration 707  HV  cores 1659 1539 2  time 1.04855 4.10764 141.434
Iteration 708  HV  cores 1661 1541 2  time 1.04992 4.10764 141.682
Iteration 709  HV  cores 1663 1543 2  time 1.05121 4.10764 141.926
Iteration 710  HV  cores 1664 1544 1  time 1.05212 4.10764 142.175
Iteration 711  HV  cores 1665 1545 1  time 1.05299 4.10764 142.421
Iteration 712  HV  cores 1667 1547 2  time 1.05429 4.10764 142.674
Iteration 713  HV  cores 1669 1549 2  time 1.05557 4.10764 142.929
Iteration 714  HV  cores 1671 1551 2  time 1.05688 4.10764 143.176
Iteration 715  HV  cores 1673 1553 2  time 1.05818 4.10764 143.42
Iteration 716  HV  cores 1675 1555 2  time 1.05949 4.10764 143.664
Iteration 717  HV  cores 1676 1556 1  time 1.06035 4.10764 143.915
Iteration 718  HV  cores 1678 1558 2  time 1.06165 4.10764 144.178
Iteration 719  HV  cores 1680 1560 2  time 1.06293 4.10764 144.433
Iteration 720  HV  cores 1682 1562 2  time 1.06421 4.10764 144.695
Iteration 721  HV  cores 1684 1564 2  time 1.06564 4.10764 144.951
Iteration 722  HV  cores 1686 1566 2  time 1.06703 4.10764 145.21
Iteration 723  HV  cores 1689 1568 3  time 1.06877 4.10764 145.465
Iteration 724  HV  cores 1691 1570 2  time 1.07006 4.10764 145.713
Iteration 725  HV  cores 1692 1571 1  time 1.07093 4.10764 145.971
Iteration 726  HV  cores 1693 1572 1  time 1.07183 4.10764 146.231
Iteration 727  HV  cores 1694 1573 1  time 1.07278 4.10764 146.488
Iteration 728  HV  cores 1696 1575 2  time 1.0743 4.10764 146.744
Iteration 729  HV  cores 1697 1574 1  time 1.07517 4.10764 146.997
Iteration 730  HV  cores 1699 1575 2  time 1.07647 4.10764 147.264
Iteration 731  HV  cores 1701 1577 2  time 1.07781 4.10764 147.524
Iteration 732  HV  cores 1703 1579 2  time 1.0791 4.10764 147.79
Iteration 733  HV  cores 1704 1580 1  time 1.07997 4.10764 148.048
Iteration 734  HV  cores 1705 1581 1  time 1.08082 4.10764 148.309
Iteration 735  HV  cores 1706 1582 1  time 1.08166 4.10764 148.566
Iteration 736  HV  cores 1708 1584 2  time 1.08303 4.10764 148.819
Iteration 737  HV  cores 1710 1586 2  time 1.08436 4.10764 149.074
Iteration 738  HV  cores 1711 1587 1  time 1.08527 4.10764 149.335
Iteration 739  HV  cores 1712 1588 1  time 1.08617 4.10764 149.588
Iteration 740  HV  cores 1713 1589 1  time 1.08702 4.10764 149.842
Iteration 741  HV  cores 1714 1590 1  time 1.08787 4.10764 150.109
Iteration 742  HV  cores 1716 1592 2  time 1.08918 4.10764 150.372
Iteration 743  HV  cores 1717 1593 1  time 1.09003 4.10764 150.635
Iteration 744  HV  cores 1718 1594 1  time 1.09089 4.10764 150.897
Iteration 745  HV  cores 1720 1596 2  time 1.0922 4.10764 151.165
Iteration 746  HV  cores 1721 1597 1  time 1.09307 4.10764 151.43
Iteration 747  HV  cores 1722 1598 1  time 1.09394 4.10764 151.693
Iteration 748  HV  cores 1724 1600 2  time 1.09543 4.10764 151.972
Iteration 749  HV  cores 1725 1600 1  time 1.09635 4.10764 152.275
Iteration 750  HV  cores 1726 1601 1  time 1.09724 4.10764 152.539
Iteration 751  HV  cores 1727 1602 1  time 1.09811 4.10764 152.941
Iteration 752  HV  cores 1728 1603 1  time 1.09902 4.10764 153.343
Iteration 753  HV  cores 1729 1604 1  time 1.09987 4.10764 153.6
Iteration 754  HV  cores 1730 1605 1  time 1.10073 4.10764 154.032
Iteration 755  HV  cores 1731 1606 1  time 1.10159 4.10764 154.289
Iteration 756  HV  cores 1732 1607 1  time 1.10247 4.10764 154.542
Iteration 757  HV  cores 1733 1608 1  time 1.10335 4.10764 154.807
Iteration 758  HV  cores 1734 1609 1  time 1.10425 4.10764 155.073
Iteration 759  HV  cores 1735 1610 1  time 1.1051 4.10764 155.325
Iteration 760  HV  cores 1736 1611 1  time 1.10596 4.10764 155.583
Iteration 761  HV  cores 1737 1611 1  time 1.10688 4.10764 155.844
Iteration 762  HV  cores 1738 1612 1  time 1.10773 4.10764 156.097
Iteration 763  HV  cores 1739 1613 1  time 1.10866 4.10764 156.361
Iteration 764  HV  cores 1740 1614 1  time 1.1095 4.10764 156.616
Iteration 765  HV  cores 1741 1615 1  time 1.11034 4.10764 157.244
Iteration 766  HV  cores 1742 1616 1  time 1.11122 4.10764 157.514
Iteration 767  HV  cores 1744 1618 2  time 1.11258 4.10764 157.78
Iteration 768  HV  cores 1746 1620 2  time 1.11388 4.10764 158.05
Iteration 769  HV  cores 1748 1621 2  time 1.11518 4.10764 161.262
Iteration 770  HV  cores 1750 1623 2  time 1.11667 4.10764 161.403
Iteration 771  HV  cores 1752 1625 2  time 1.11817 4.10764 162.572
Iteration 772 MHV  lb 5199 ub 5309  time 1.11862 9.02064 162.572
Iteration 773  HV  cores 1754 1627 2  time 1.11998 9.02064 162.713
Iteration 774  HV  cores 1756 1629 2  time 1.12129 9.02064 162.986
Iteration 775  HV  cores 1758 1631 2  time 1.12271 9.02064 165.866
Iteration 776  HV  cores 1760 1633 2  time 1.12404 9.02064 166.028
Iteration 777  HV  cores 1761 1634 1  time 1.12494 9.02064 166.197
Iteration 778  HV  cores 1764 1637 3  time 1.12675 9.02064 168.906
Iteration 779  HV  cores 1767 1638 3  time 1.12861 9.02064 171.421
Iteration 780  HV  cores 1769 1640 2  time 1.13003 9.02064 171.702
Iteration 781  HV  cores 1771 1642 2  time 1.13136 9.02064 171.993
Iteration 782  HV  cores 1773 1644 2  time 1.13271 9.02064 175.587
Iteration 783  HV  cores 1775 1646 2  time 1.13403 9.02064 175.752
Iteration 784  HV  cores 1777 1647 2  time 1.13537 9.02064 176.042
Iteration 785  HV  cores 1779 1649 2  time 1.1367 9.02064 176.353
Iteration 786  HV  cores 1781 1651 2  time 1.13801 9.02064 177.109
Iteration 787  HV  cores 1782 1652 1  time 1.13894 9.02064 177.393
Iteration 788  HV  cores 1783 1653 1  time 1.13984 9.02064 177.677
Iteration 789  HV  cores 1784 1654 1  time 1.14071 9.02064 177.946
Iteration 790  HV  cores 1786 1656 2  time 1.14214 9.02064 179.026
Iteration 791  HV  cores 1787 1657 1  time 1.14321 9.02064 179.3
Iteration 792  HV  cores 1788 1658 1  time 1.14425 9.02064 179.579
Iteration 793  HV  cores 1789 1659 1  time 1.14531 9.02064 179.856
Iteration 794  HV  cores 1790 1660 1  time 1.14635 9.02064 180.851
Iteration 795  HV  cores 1791 1661 1  time 1.14733 9.02064 181.121
Iteration 796  HV  cores 1792 1662 1  time 1.14824 9.02064 181.391
Iteration 797 MHV  lb 5214 ub 5258  time 1.14864 20.8983 181.391
Iteration 798  HV  cores 1794 1664 2  time 1.14993 20.8983 181.528
Iteration 799  HV  cores 1796 1666 2  time 1.15126 20.8983 181.668
Iteration 800  HV  cores 1798 1668 2  time 1.1527 20.8983 184.679
Iteration 801  HV  cores 1800 1669 2  time 1.1541 20.8983 185.905
Iteration 802  HV  cores 1802 1671 2  time 1.15547 20.8983 189.672
Iteration 803  HV  cores 1803 1672 1  time 1.1565 20.8983 190.802
Iteration 804  HV  cores 1805 1670 2  time 1.15789 20.8983 194.412
Iteration 805  HV  cores 1807 1667 2  time 1.15925 20.8983 197.686
Iteration 806  HV  cores 1808 1668 1  time 1.16024 20.8983 201.288
Iteration 807  HV  cores 1810 1670 2  time 1.16165 20.8983 202.525
Iteration 808  HV  cores 1812 1672 2  time 1.16302 20.8983 205.827
Iteration 809  HV  cores 1815 1675 3  time 1.16502 20.8983 209.824
Iteration 810  HV  cores 1816 1676 1  time 1.16613 20.8983 213.948
Iteration 811  HV  cores 1817 1677 1  time 1.16702 20.8983 217.59
Iteration 812  HV  cores 1818 1678 1  time 1.16791 20.8983 221.081
Iteration 813  HV  cores 1820 1680 2  time 1.16947 20.8983 224.228
Iteration 814  HV  cores 1822 1682 2  time 1.17078 20.8983 227.729
Iteration 815  HV  cores 1823 1683 1  time 1.17169 20.8983 230.551
Iteration 816  HV  cores 1825 1685 2  time 1.17305 20.8983 233.569
Iteration 817  HV  cores 1826 1685 1  time 1.17396 20.8983 233.708
Iteration 818  HV  cores 1827 1686 1  time 1.17483 20.8983 237.602
Iteration 819  HV  cores 1828 1687 1  time 1.17577 20.8983 237.746
Iteration 820  HV  cores 1830 1689 2  time 1.1771 20.8983 243.151
Iteration 821  HV  cores 1831 1690 1  time 1.17807 20.8983 246.736
Iteration 822  HV  cores 1832 1691 1  time 1.17896 20.8983 250.284
Iteration 823  HV  cores 1833 1692 1  time 1.18004 20.8983 254.247
Iteration 824  HV  cores 1835 1694 2  time 1.18143 20.8983 258.985
Iteration 825  HV  cores 1837 1696 2  time 1.1829 20.8983 263.798
Iteration 826  HV  cores 1839 1698 2  time 1.18428 20.8983 263.941
Iteration 827  HV  cores 1840 1699 1  time 1.18524 20.8983 268.328
Iteration 828  HV  cores 1841 1700 1  time 1.18618 20.8983 273.661
Iteration 829  HV  cores 1843 1702 2  time 1.18761 20.8983 277.551
Iteration 830  HV  cores 1845 1703 2  time 1.189 20.8983 282.517
Iteration 831  HV  cores 1847 1705 2  time 1.19038 20.8983 286.954
Iteration 832  HV  cores 1849 1707 2  time 1.1918 20.8983 290.852
Iteration 833  HV  cores 1851 1709 2  time 1.19332 20.8983 294.987
Iteration 834  HV  cores 1852 1710 1  time 1.19422 20.8983 300.529
Iteration 835  HV  cores 1854 1712 2  time 1.19584 20.8983 305.609
Iteration 836  HV  cores 1855 1713 1  time 1.19697 20.8983 309.511
Iteration 837  HV  cores 1856 1713 1  time 1.19786 20.8983 312.923
Iteration 838  HV  cores 1857 1714 1  time 1.19873 20.8983 316.856
Iteration 839  HV  cores 1858 1715 1  time 1.19956 20.8983 319.589
Iteration 840  HV  cores 1860 1717 2  time 1.20122 20.8983 323.042
Iteration 841  HV  cores 1862 1719 2  time 1.20258 20.8983 327.152
Iteration 842  HV  cores 1864 1720 2  time 1.20395 20.8983 331.56
Iteration 843  HV  cores 1865 1720 1  time 1.20491 20.8983 336.029
Iteration 844  HV  cores 1866 1721 1  time 1.20579 20.8983 348.357
Iteration 845  HV  cores 1868 1723 2  time 1.20724 20.8983 359.356
Iteration 846  HV  cores 1870 1725 2  time 1.20857 20.8983 364.397
Iteration 847  HV  cores 1872 1727 2  time 1.21009 20.8983 370.287
Iteration 848  HV  cores 1873 1728 1  time 1.21097 20.8983 374.702
Iteration 849  HV  cores 1874 1729 1  time 1.21184 20.8983 378.224
Iteration 850  HV  cores 1876 1731 2  time 1.21319 20.8983 389.31
Iteration 851  HV  cores 1878 1733 2  time 1.21451 20.8983 398.47
Iteration 852  HV  cores 1879 1734 1  time 1.21569 20.8983 401.889
Iteration 853  HV  cores 1881 1736 2  time 1.21713 20.8983 405.75
Iteration 854  HV  cores 1882 1737 1  time 1.21802 20.8983 411.631
Iteration 855  HV  cores 1884 1739 2  time 1.21937 20.8983 416.441
Iteration 856  HV  cores 1885 1740 1  time 1.22026 20.8983 429.722
Iteration 857  HV  cores 1887 1742 2  time 1.22162 20.8983 434.872
Iteration 858  HV  cores 1888 1743 1  time 1.22253 20.8983 438.78
Iteration 859  HV  cores 1889 1744 1  time 1.22347 20.8983 457.224
Iteration 860  HV  cores 1890 1745 1  time 1.22441 20.8983 461.034
Iteration 861  HV  cores 1891 1746 1  time 1.22534 20.8983 475.058
Iteration 862  HV  cores 1893 1748 2  time 1.22666 20.8983 489.084
Iteration 863  HV  cores 1895 1750 2  time 1.22799 20.8983 505.781
Iteration 864  HV  cores 1897 1752 2  time 1.22937 20.8983 519.919
Iteration 865  HV  cores 1898 1753 1  time 1.23025 20.8983 542.895
Iteration 866 MHV  lb 5258 ub 5258  time 1.23073 20.899 542.895
Optimal value: 5258
Real time: 565.319
CPU time: 1828.98
