lb 7446 ub 149004 before adjustment
899 unsorted cost functions
lb 0 ub 141558 after adjustment
costs ready
ub 116850 after 2nd adjustment
633 variables 1625 functions 7446 lb, 116850 ub
Iteration 0  HV  cores 19 19 19  time 0.007699 0 0.001349
Iteration 1 MHV  lb 9334 ub 124295  time 0.008001 0.002061 0.001349
Iteration 2  HV  cores 34 33 15  time 0.013399 0.002061 0.003461
Iteration 3 MHV  lb 9683 ub 48072  time 0.01373 0.005308 0.003461
Iteration 4  HV  cores 41 40 7  time 0.016564 0.005308 0.005951
Iteration 5  HV  cores 50 49 9  time 0.019894 0.005308 0.008363
Iteration 6  HV  cores 55 52 5  time 0.021972 0.005308 0.010799
Iteration 7  HV  cores 58 55 3  time 0.02346 0.005308 0.013247
Iteration 8  HV  cores 59 55 1  time 0.024115 0.005308 0.015678
Iteration 9 MHV  lb 9862 ub 15528  time 0.024369 0.012349 0.015678
Iteration 10  HV  cores 65 61 6  time 0.026956 0.012349 0.019407
Iteration 11 MHV  lb 10154 ub 14378  time 0.027229 0.017302 0.019407
Iteration 12  HV  cores 69 65 4  time 0.028979 0.017302 0.02381
Iteration 13  HV  cores 74 70 5  time 0.030969 0.017302 0.028245
Iteration 14  HV  cores 78 74 4  time 0.0327 0.017302 0.032901
Iteration 15  HV  cores 80 76 2  time 0.03367 0.017302 0.037539
Iteration 16  HV  cores 81 77 1  time 0.034271 0.017302 0.042069
Iteration 17  HV  cores 82 78 1  time 0.034904 0.017302 0.04672
Iteration 18  HV  cores 83 79 1  time 0.035497 0.017302 0.051397
Iteration 19 MHV  lb 10302 ub 13165  time 0.035761 0.023618 0.051397
Iteration 20  HV  cores 86 82 3  time 0.037023 0.023618 0.056809
Iteration 21  HV  cores 90 86 4  time 0.038729 0.023618 0.062595
Iteration 22  HV  cores 93 89 3  time 0.040065 0.023618 0.068304
Iteration 23  HV  cores 95 91 2  time 0.041035 0.023618 0.074187
Iteration 24  HV  cores 98 94 3  time 0.0423 0.023618 0.080211
Iteration 25  HV  cores 101 97 3  time 0.043569 0.023618 0.08651
Iteration 26  HV  cores 102 98 1  time 0.044188 0.023618 0.092765
Iteration 27  HV  cores 104 100 2  time 0.04521 0.023618 0.099141
Iteration 28  HV  cores 106 102 2  time 0.046184 0.023618 0.105595
Iteration 29  HV  cores 107 103 1  time 0.046792 0.023618 0.112109
Iteration 30  HV  cores 110 106 3  time 0.048087 0.023618 0.118933
Iteration 31  HV  cores 112 108 2  time 0.049 0.023618 0.125801
Iteration 32  HV  cores 116 112 4  time 0.050574 0.023618 0.132554
Iteration 33  HV  cores 119 115 3  time 0.05193 0.023618 0.139792
Iteration 34  HV  cores 123 118 4  time 0.053794 0.023618 0.147086
Iteration 35  HV  cores 124 119 1  time 0.054414 0.023618 0.154462
Iteration 36  HV  cores 125 120 1  time 0.055113 0.023618 0.162021
Iteration 37  HV  cores 128 123 3  time 0.056541 0.023618 0.169678
Iteration 38  HV  cores 130 125 2  time 0.057507 0.023618 0.177098
Iteration 39  HV  cores 131 126 1  time 0.058189 0.023618 0.184792
Iteration 40  HV  cores 132 127 1  time 0.058775 0.023618 0.19245
Iteration 41  HV  cores 134 129 2  time 0.059781 0.023618 0.200481
Iteration 42  HV  cores 138 133 4  time 0.061471 0.023618 0.208565
Iteration 43  HV  cores 141 136 3  time 0.062696 0.023618 0.216672
Iteration 44  HV  cores 143 138 2  time 0.063696 0.023618 0.224947
Iteration 45  HV  cores 145 140 2  time 0.06463 0.023618 0.233442
Iteration 46  HV  cores 148 143 3  time 0.065966 0.023618 0.241914
Iteration 47  HV  cores 150 145 2  time 0.066926 0.023618 0.250497
Iteration 48  HV  cores 153 148 3  time 0.068273 0.023618 0.258962
Iteration 49  HV  cores 156 151 3  time 0.069522 0.023618 0.267766
Iteration 50  HV  cores 158 153 2  time 0.070447 0.023618 0.276723
Iteration 51  HV  cores 161 155 3  time 0.071714 0.023618 0.285929
Iteration 52  HV  cores 164 158 3  time 0.073021 0.023618 0.295297
Iteration 53  HV  cores 168 162 4  time 0.074716 0.023618 0.304786
Iteration 54  HV  cores 170 164 2  time 0.075703 0.023618 0.314454
Iteration 55  HV  cores 172 166 2  time 0.076704 0.023618 0.3245
Iteration 56  HV  cores 174 168 2  time 0.077675 0.023618 0.335032
Iteration 57  HV  cores 175 169 1  time 0.078253 0.023618 0.34556
Iteration 58  HV  cores 176 170 1  time 0.078823 0.023618 0.356129
Iteration 59  HV  cores 177 171 1  time 0.079394 0.023618 0.366672
Iteration 60  HV  cores 178 172 1  time 0.079987 0.023618 0.377254
Iteration 61  HV  cores 179 173 1  time 0.080559 0.023618 0.387822
Iteration 62  HV  cores 180 174 1  time 0.081137 0.023618 0.398618
Iteration 63  HV  cores 183 177 3  time 0.082626 0.023618 0.409474
Iteration 64  HV  cores 186 179 3  time 0.083924 0.023618 0.420485
Iteration 65  HV  cores 189 182 3  time 0.085342 0.023618 0.431979
Iteration 66  HV  cores 192 184 3  time 0.08661 0.023618 0.443671
Iteration 67  HV  cores 197 188 5  time 0.088592 0.023618 0.455542
Iteration 68  HV  cores 201 191 4  time 0.090264 0.023618 0.467561
Iteration 69  HV  cores 205 195 4  time 0.091877 0.023618 0.479825
Iteration 70  HV  cores 208 198 3  time 0.093165 0.023618 0.49221
Iteration 71  HV  cores 211 201 3  time 0.094401 0.023618 0.504714
Iteration 72  HV  cores 214 204 3  time 0.095691 0.023618 0.517692
Iteration 73  HV  cores 217 207 3  time 0.096976 0.023618 0.530713
Iteration 74  HV  cores 220 210 3  time 0.098313 0.023618 0.543884
Iteration 75  HV  cores 223 213 3  time 0.099897 0.023618 0.557071
Iteration 76  HV  cores 226 216 3  time 0.101177 0.023618 0.570469
Iteration 77  HV  cores 229 219 3  time 0.102538 0.023618 0.583892
Iteration 78  HV  cores 232 222 3  time 0.103822 0.023618 0.597515
Iteration 79  HV  cores 235 225 3  time 0.105109 0.023618 0.611479
Iteration 80  HV  cores 237 227 2  time 0.106083 0.023618 0.625279
Iteration 81  HV  cores 240 230 3  time 0.107453 0.023618 0.639186
Iteration 82  HV  cores 242 232 2  time 0.108429 0.023618 0.653176
Iteration 83  HV  cores 244 234 2  time 0.109458 0.023618 0.667385
Iteration 84  HV  cores 248 238 4  time 0.111121 0.023618 0.681919
Iteration 85  HV  cores 252 242 4  time 0.11271 0.023618 0.696477
Iteration 86  HV  cores 254 244 2  time 0.113683 0.023618 0.711175
Iteration 87  HV  cores 256 246 2  time 0.1148 0.023618 0.725931
Iteration 88  HV  cores 258 248 2  time 0.115751 0.023618 0.740748
Iteration 89  HV  cores 261 251 3  time 0.11705 0.023618 0.75568
Iteration 90  HV  cores 263 253 2  time 0.117991 0.023618 0.770657
Iteration 91  HV  cores 265 255 2  time 0.119021 0.023618 0.786035
Iteration 92  HV  cores 268 257 3  time 0.120327 0.023618 0.801168
Iteration 93  HV  cores 272 261 4  time 0.122186 0.023618 0.816634
Iteration 94  HV  cores 276 265 4  time 0.123823 0.023618 0.832497
Iteration 95  HV  cores 281 270 5  time 0.125844 0.023618 0.848812
Iteration 96  HV  cores 285 274 4  time 0.127592 0.023618 0.865079
Iteration 97  HV  cores 288 277 3  time 0.128974 0.023618 0.881523
Iteration 98  HV  cores 291 280 3  time 0.130265 0.023618 0.898547
Iteration 99  HV  cores 293 282 2  time 0.131243 0.023618 0.915232
Iteration 100  HV  cores 297 286 4  time 0.133141 0.023618 0.932044
Iteration 101  HV  cores 300 289 3  time 0.134449 0.023618 0.94906
Iteration 102  HV  cores 303 292 3  time 0.135804 0.023618 0.9661
Iteration 103  HV  cores 305 294 2  time 0.136762 0.023618 0.98354
Iteration 104  HV  cores 308 296 3  time 0.13809 0.023618 1.00125
Iteration 105  HV  cores 312 300 4  time 0.139716 0.023618 1.0255
Iteration 106  HV  cores 314 302 2  time 0.140643 0.023618 1.04346
Iteration 107  HV  cores 316 304 2  time 0.141674 0.023618 1.06161
Iteration 108  HV  cores 317 305 1  time 0.142327 0.023618 1.07987
Iteration 109  HV  cores 318 306 1  time 0.142986 0.023618 1.09825
Iteration 110  HV  cores 319 307 1  time 0.143611 0.023618 1.11678
Iteration 111  HV  cores 320 308 1  time 0.144237 0.023618 1.13527
Iteration 112  HV  cores 321 309 1  time 0.144853 0.023618 1.15381
Iteration 113  HV  cores 322 310 1  time 0.145579 0.023618 1.17237
Iteration 114  HV  cores 323 311 1  time 0.146188 0.023618 1.19101
Iteration 115  HV  cores 327 315 4  time 0.147933 0.023618 1.2098
Iteration 116  HV  cores 330 318 3  time 0.149316 0.023618 1.22896
Iteration 117  HV  cores 333 321 3  time 0.150608 0.023618 1.25487
Iteration 118  HV  cores 334 322 1  time 0.151217 0.023618 1.2809
Iteration 119  HV  cores 335 323 1  time 0.151817 0.023618 1.30708
Iteration 120  HV  cores 337 325 2  time 0.152776 0.023618 1.32647
Iteration 121  HV  cores 340 328 3  time 0.154288 0.023618 1.34659
Iteration 122  HV  cores 344 331 4  time 0.155973 0.023618 1.36611
Iteration 123  HV  cores 347 334 3  time 0.15727 0.023618 1.38591
Iteration 124  HV  cores 349 336 2  time 0.158263 0.023618 1.40572
Iteration 125  HV  cores 352 339 3  time 0.159674 0.023618 1.43273
Iteration 126  HV  cores 354 337 2  time 0.160822 0.023618 1.45275
Iteration 127  HV  cores 358 341 4  time 0.162509 0.023618 1.47307
Iteration 128  HV  cores 360 343 2  time 0.163493 0.023618 1.49344
Iteration 129  HV  cores 362 345 2  time 0.164454 0.023618 1.51392
Iteration 130  HV  cores 364 347 2  time 0.165421 0.023618 1.53454
Iteration 131  HV  cores 366 349 2  time 0.166425 0.023618 1.55517
Iteration 132  HV  cores 369 352 3  time 0.167736 0.023618 1.57594
Iteration 133  HV  cores 370 353 1  time 0.16844 0.023618 1.60403
Iteration 134 MHV  lb 10571 ub 13081  time 0.168748 0.052845 1.60403
Iteration 135  HV  cores 373 356 3  time 0.170238 0.052845 1.62472
Iteration 136 MHV  lb 10580 ub 10855  time 0.170534 0.084494 1.62472
Iteration 137  HV  cores 374 357 1  time 0.171166 0.084494 1.64561
Iteration 138  HV  cores 375 358 1  time 0.17176 0.084494 1.67451
Iteration 139 MHV  lb 10586 ub 10766  time 0.172074 0.116002 1.67451
Iteration 140  HV  cores 376 359 1  time 0.172753 0.116002 1.69538
Iteration 141 MHV  lb 10587 ub 10700  time 0.173046 0.147908 1.69538
Iteration 142  HV  cores 377 359 1  time 0.173751 0.147908 1.71622
Iteration 143 MHV  lb 10592 ub 10630  time 0.174044 0.180973 1.71622
Iteration 144  HV  cores 378 360 1  time 0.174695 0.180973 1.73711
Iteration 145  HV  cores 379 361 1  time 0.175301 0.180973 1.7748
Iteration 146  HV  cores 380 362 1  time 0.175959 0.180973 1.82143
Iteration 147  HV  cores 381 363 1  time 0.176668 0.180973 1.85874
Iteration 148  HV  cores 382 364 1  time 0.177285 0.180973 1.89485
Iteration 149  HV  cores 383 365 1  time 0.177918 0.180973 1.93422
Iteration 150  HV  cores 384 366 1  time 0.178568 0.180973 1.97249
Iteration 151  HV  cores 385 367 1  time 0.179186 0.180973 2.01567
Iteration 152  HV  cores 386 368 1  time 0.179831 0.180973 2.05964
Iteration 153  HV  cores 387 369 1  time 0.180478 0.180973 2.15194
Iteration 154  HV  cores 388 370 1  time 0.18112 0.180973 2.24413
Iteration 155  HV  cores 389 371 1  time 0.181768 0.180973 2.33682
Iteration 156  HV  cores 390 372 1  time 0.182406 0.180973 2.42756
Iteration 157  HV  cores 391 373 1  time 0.183048 0.180973 2.5184
Iteration 158  HV  cores 392 374 1  time 0.183696 0.180973 2.6099
Iteration 159  HV  cores 393 375 1  time 0.184341 0.180973 2.70158
Iteration 160  HV  cores 394 376 1  time 0.18498 0.180973 2.79487
Iteration 161  HV  cores 395 377 1  time 0.185622 0.180973 2.88689
Iteration 162  HV  cores 396 378 1  time 0.186319 0.180973 2.98004
Iteration 163  HV  cores 397 379 1  time 0.186961 0.180973 3.07288
Iteration 164  HV  cores 398 380 1  time 0.187627 0.180973 3.16621
Iteration 165  HV  cores 399 381 1  time 0.18827 0.180973 3.25919
Iteration 166  HV  cores 400 382 1  time 0.188913 0.180973 3.34955
Iteration 167  HV  cores 401 383 1  time 0.189564 0.180973 3.44406
Iteration 168  HV  cores 402 384 1  time 0.190247 0.180973 3.53886
Iteration 169  HV  cores 403 385 1  time 0.190893 0.180973 3.63011
Iteration 170  HV  cores 404 386 1  time 0.191537 0.180973 3.72765
Iteration 171  HV  cores 405 387 1  time 0.192189 0.180973 3.82444
Iteration 172  HV  cores 406 388 1  time 0.192836 0.180973 3.9173
Iteration 173  HV  cores 407 389 1  time 0.193484 0.180973 4.01514
Iteration 174  HV  cores 408 390 1  time 0.19413 0.180973 4.11122
Iteration 175  HV  cores 409 391 1  time 0.194774 0.180973 4.21023
Iteration 176  HV  cores 410 392 1  time 0.195419 0.180973 4.30748
Iteration 177  HV  cores 411 393 1  time 0.196064 0.180973 4.40517
Iteration 178  HV  cores 412 394 1  time 0.196716 0.180973 4.50251
Iteration 179  HV  cores 413 395 1  time 0.197422 0.180973 4.60393
Iteration 180 MHV  lb 10630 ub 10630  time 0.19775 0.232428 4.60393
Optimal value: 10630
Real time: 5.05672
CPU time: 7.99711
