lb 67 ub 154 before adjustment
279 unsorted cost functions
lb 0 ub 87 after adjustment
costs ready
88 variables 679 functions 67 lb, 87 ub
Iteration 0  HV  cores 19 19 19  time 0.002067 0 0.001034
Iteration 1 MHV  lb 86 ub 153  time 0.00215 0.001003 0.001034
Iteration 2  HV  cores 31 31 12  time 0.003271 0.001003 0.001883
Iteration 3  HV  cores 41 41 10  time 0.004353 0.001003 0.002524
Iteration 4  HV  cores 50 50 9  time 0.00532 0.001003 0.003172
Iteration 5  HV  cores 59 59 9  time 0.00623 0.001003 0.003787
Iteration 6  HV  cores 66 66 7  time 0.006904 0.001003 0.00434
Iteration 7  HV  cores 72 71 6  time 0.007583 0.001003 0.004936
Iteration 8  HV  cores 78 77 6  time 0.008197 0.001003 0.005618
Iteration 9  HV  cores 85 84 7  time 0.009048 0.001003 0.006274
Iteration 10  HV  cores 92 91 7  time 0.009755 0.001003 0.006915
Iteration 11  HV  cores 99 98 7  time 0.010495 0.001003 0.007573
Iteration 12  HV  cores 103 102 4  time 0.010928 0.001003 0.008134
Iteration 13  HV  cores 107 106 4  time 0.01136 0.001003 0.008691
Iteration 14  HV  cores 112 111 5  time 0.012059 0.001003 0.009259
Iteration 15  HV  cores 115 114 3  time 0.012438 0.001003 0.009818
Iteration 16  HV  cores 117 114 2  time 0.012706 0.001003 0.010382
Iteration 17  HV  cores 121 118 4  time 0.013148 0.001003 0.010909
Iteration 18  HV  cores 124 121 3  time 0.013495 0.001003 0.011478
Iteration 19  HV  cores 127 123 3  time 0.013845 0.001003 0.012032
Iteration 20  HV  cores 130 126 3  time 0.014169 0.001003 0.0126
Iteration 21  HV  cores 133 129 3  time 0.014541 0.001003 0.01312
Iteration 22  HV  cores 135 129 2  time 0.01481 0.001003 0.013689
Iteration 23  HV  cores 137 131 2  time 0.015077 0.001003 0.014252
Iteration 24  HV  cores 139 133 2  time 0.015338 0.001003 0.014788
Iteration 25 MHV  lb 99 ub 123  time 0.015409 0.009264 0.014788
Iteration 26  HV  cores 146 140 7  time 0.016209 0.009264 0.016654
Iteration 27  HV  cores 149 143 3  time 0.016619 0.009264 0.018496
Iteration 28  HV  cores 150 144 1  time 0.016783 0.009264 0.019182
Iteration 29  HV  cores 153 147 3  time 0.017143 0.009264 0.019829
Iteration 30  HV  cores 154 148 1  time 0.017298 0.009264 0.023088
Iteration 31  HV  cores 161 155 7  time 0.018021 0.009264 0.026412
Iteration 32  HV  cores 165 159 4  time 0.018489 0.009264 0.029749
Iteration 33  HV  cores 172 165 7  time 0.019209 0.009264 0.033081
Iteration 34  HV  cores 177 170 5  time 0.019759 0.009264 0.036429
Iteration 35  HV  cores 182 175 5  time 0.020328 0.009264 0.039946
Iteration 36  HV  cores 189 182 7  time 0.021096 0.009264 0.042651
Iteration 37  HV  cores 194 187 5  time 0.021661 0.009264 0.045402
Iteration 38  HV  cores 199 192 5  time 0.022189 0.009264 0.048186
Iteration 39  HV  cores 202 195 3  time 0.022542 0.009264 0.051021
Iteration 40  HV  cores 205 196 3  time 0.022924 0.009264 0.053858
Iteration 41  HV  cores 211 202 6  time 0.023532 0.009264 0.056735
Iteration 42  HV  cores 215 206 4  time 0.023962 0.009264 0.059623
Iteration 43  HV  cores 218 209 3  time 0.024353 0.009264 0.06249
Iteration 44  HV  cores 221 212 3  time 0.024728 0.009264 0.065343
Iteration 45  HV  cores 222 213 1  time 0.024937 0.009264 0.068259
Iteration 46  HV  cores 223 214 1  time 0.025118 0.009264 0.071181
Iteration 47  HV  cores 224 215 1  time 0.025292 0.009264 0.074103
Iteration 48 MHV  lb 103 ub 120  time 0.025368 0.048874 0.074103
Iteration 49  HV  cores 230 221 6  time 0.025999 0.048874 0.077317
Iteration 50 MHV  lb 104 ub 118  time 0.026081 0.073991 0.077317
Iteration 51  HV  cores 236 227 6  time 0.026738 0.073991 0.080624
Iteration 52  HV  cores 237 228 1  time 0.026914 0.073991 0.085441
Iteration 53  HV  cores 241 232 4  time 0.027478 0.073991 0.090276
Iteration 54  HV  cores 244 235 3  time 0.027896 0.073991 0.093473
Iteration 55  HV  cores 246 237 2  time 0.028143 0.073991 0.096618
Iteration 56  HV  cores 247 238 1  time 0.02831 0.073991 0.099784
Iteration 57  HV  cores 248 239 1  time 0.028471 0.073991 0.102881
Iteration 58 MHV  lb 106 ub 117  time 0.028548 0.112661 0.102881
Iteration 59  HV  cores 254 244 6  time 0.029145 0.112661 0.10811
Iteration 60  HV  cores 257 247 3  time 0.02963 0.112661 0.11328
Iteration 61  HV  cores 261 251 4  time 0.030091 0.112661 0.118457
Iteration 62  HV  cores 264 253 3  time 0.030468 0.112661 0.12348
Iteration 63  HV  cores 266 255 2  time 0.030751 0.112661 0.128657
Iteration 64  HV  cores 270 259 4  time 0.031288 0.112661 0.133917
Iteration 65 MHV  lb 108 ub 116  time 0.031389 0.151541 0.133917
Iteration 66  HV  cores 273 262 3  time 0.031778 0.151541 0.139307
Iteration 67  HV  cores 275 262 2  time 0.032049 0.151541 0.144568
Iteration 68  HV  cores 279 262 4  time 0.032507 0.151541 0.149936
Iteration 69  HV  cores 281 264 2  time 0.032789 0.151541 0.155198
Iteration 70  HV  cores 284 266 3  time 0.033163 0.151541 0.160416
Iteration 71  HV  cores 288 270 4  time 0.033679 0.151541 0.165785
Iteration 72  HV  cores 290 272 2  time 0.033946 0.151541 0.171145
Iteration 73  HV  cores 292 274 2  time 0.034248 0.151541 0.176542
Iteration 74  HV  cores 296 276 4  time 0.034704 0.151541 0.18192
Iteration 75  HV  cores 297 277 1  time 0.034893 0.151541 0.187438
Iteration 76  HV  cores 301 280 4  time 0.035329 0.151541 0.192958
Iteration 77  HV  cores 303 282 2  time 0.035619 0.151541 0.198593
Iteration 78  HV  cores 306 284 3  time 0.035981 0.151541 0.204235
Iteration 79  HV  cores 310 288 4  time 0.036482 0.151541 0.209801
Iteration 80  HV  cores 313 291 3  time 0.036843 0.151541 0.215621
Iteration 81  HV  cores 316 294 3  time 0.037198 0.151541 0.221302
Iteration 82  HV  cores 317 295 1  time 0.037384 0.151541 0.227074
Iteration 83  HV  cores 318 296 1  time 0.037581 0.151541 0.232987
Iteration 84  HV  cores 320 298 2  time 0.037854 0.151541 0.238892
Iteration 85  HV  cores 322 300 2  time 0.038117 0.151541 0.244677
Iteration 86  HV  cores 325 303 3  time 0.038471 0.151541 0.25039
Iteration 87  HV  cores 328 306 3  time 0.038865 0.151541 0.256299
Iteration 88  HV  cores 331 309 3  time 0.039218 0.151541 0.262133
Iteration 89  HV  cores 335 312 4  time 0.039657 0.151541 0.268009
Iteration 90  HV  cores 337 314 2  time 0.039965 0.151541 0.273859
Iteration 91 MHV  lb 109 ub 115  time 0.040051 0.188899 0.273859
Iteration 92  HV  cores 341 318 4  time 0.040514 0.188899 0.279843
Iteration 93  HV  cores 343 320 2  time 0.040784 0.188899 0.28566
Iteration 94  HV  cores 346 323 3  time 0.041197 0.188899 0.291915
Iteration 95  HV  cores 349 325 3  time 0.041581 0.188899 0.297992
Iteration 96  HV  cores 352 327 3  time 0.041972 0.188899 0.3043
Iteration 97  HV  cores 357 332 5  time 0.04253 0.188899 0.310833
Iteration 98  HV  cores 361 336 4  time 0.043007 0.188899 0.316801
Iteration 99  HV  cores 365 340 4  time 0.043465 0.188899 0.323287
Iteration 100  HV  cores 369 344 4  time 0.043921 0.188899 0.329626
Iteration 101  HV  cores 370 345 1  time 0.044104 0.188899 0.335811
Iteration 102 MHV  lb 111 ub 114  time 0.044194 0.274718 0.335811
Iteration 103  HV  cores 372 347 2  time 0.044504 0.274718 0.342104
Iteration 104  HV  cores 374 348 2  time 0.044808 0.274718 0.348608
Iteration 105  HV  cores 377 351 3  time 0.04526 0.274718 0.355494
Iteration 106  HV  cores 380 354 3  time 0.045603 0.274718 0.361828
Iteration 107  HV  cores 382 356 2  time 0.045908 0.274718 0.368152
Iteration 108  HV  cores 384 358 2  time 0.046206 0.274718 0.374775
Iteration 109  HV  cores 386 360 2  time 0.046482 0.274718 0.400423
Iteration 110  HV  cores 390 362 4  time 0.046924 0.274718 0.40734
Iteration 111  HV  cores 392 364 2  time 0.047209 0.274718 0.414447
Iteration 112  HV  cores 396 367 4  time 0.04767 0.274718 0.421412
Iteration 113  HV  cores 400 371 4  time 0.048102 0.274718 0.42808
Iteration 114  HV  cores 401 372 1  time 0.048287 0.274718 0.449732
Iteration 115  HV  cores 402 373 1  time 0.048465 0.274718 0.471485
Iteration 116  HV  cores 405 376 3  time 0.048808 0.274718 0.479019
Iteration 117  HV  cores 407 378 2  time 0.049091 0.274718 0.499871
Iteration 118  HV  cores 409 380 2  time 0.049383 0.274718 0.5071
Iteration 119  HV  cores 410 381 1  time 0.04956 0.274718 0.514604
Iteration 120  HV  cores 413 384 3  time 0.049928 0.274718 0.521426
Iteration 121  HV  cores 414 385 1  time 0.050112 0.274718 0.529209
Iteration 122  HV  cores 416 387 2  time 0.050406 0.274718 0.556469
Iteration 123  HV  cores 418 389 2  time 0.050675 0.274718 0.583482
Iteration 124  HV  cores 419 390 1  time 0.05087 0.274718 0.640699
Iteration 125  HV  cores 421 392 2  time 0.051143 0.274718 0.647665
Iteration 126  HV  cores 423 394 2  time 0.051419 0.274718 0.669656
Iteration 127  HV  cores 424 394 1  time 0.051598 0.274718 0.710103
Iteration 128  HV  cores 425 395 1  time 0.05179 0.274718 0.742681
Iteration 129  HV  cores 428 395 3  time 0.052166 0.274718 0.749469
Iteration 130  HV  cores 430 397 2  time 0.052437 0.274718 0.796681
Iteration 131  HV  cores 432 399 2  time 0.05271 0.274718 0.842426
Iteration 132  HV  cores 435 402 3  time 0.053093 0.274718 0.849537
Iteration 133  HV  cores 436 403 1  time 0.053363 0.274718 0.856762
Iteration 134  HV  cores 437 404 1  time 0.05354 0.274718 0.894068
Iteration 135  HV  cores 439 406 2  time 0.053858 0.274718 0.924018
Iteration 136  HV  cores 441 407 2  time 0.05414 0.274718 1.04975
Iteration 137  HV  cores 443 409 2  time 0.054424 0.274718 1.11151
Iteration 138  HV  cores 444 410 1  time 0.054641 0.274718 1.16509
Iteration 139  HV  cores 446 412 2  time 0.054975 0.274718 1.24887
Iteration 140  HV  cores 448 414 2  time 0.055279 0.274718 1.30023
Iteration 141  HV  cores 450 416 2  time 0.055557 0.274718 5.24713
Iteration 142 MHV  lb 114 ub 114  time 0.055644 0.404674 5.24713
Optimal value: 114
Real time: 5.75474
CPU time: 19.3323
