lb 67 ub 154 before adjustment
279 unsorted cost functions
lb 0 ub 87 after adjustment
costs ready
88 variables 679 functions 67 lb, 87 ub
Iteration 0  HV  cores 19 19 19  time 0.002002 0 0.001232
Iteration 1  HV  cores 31 31 12  time 0.003091 0 0.002533
Iteration 2  HV  cores 42 42 11  time 0.004125 0 0.006813
Iteration 3  HV  cores 54 54 12  time 0.00545 0 0.016448
Iteration 4  HV  cores 63 62 9  time 0.006473 0 0.021451
Iteration 5  HV  cores 71 70 8  time 0.007296 0 0.026799
Iteration 6  HV  cores 80 77 9  time 0.008264 0 0.031608
Iteration 7  HV  cores 88 85 8  time 0.009234 0 0.035838
Iteration 8  HV  cores 96 93 8  time 0.010142 0 0.04017
Iteration 9  HV  cores 103 100 7  time 0.01094 0 0.049932
Iteration 10  HV  cores 110 107 7  time 0.011796 0 0.060794
Iteration 11  HV  cores 117 114 7  time 0.012663 0 0.065495
Iteration 12  HV  cores 123 120 6  time 0.013354 0 0.07004
Iteration 13  HV  cores 129 126 6  time 0.013976 0 0.075313
Iteration 14  HV  cores 134 131 5  time 0.014634 0 0.080933
Iteration 15  HV  cores 140 137 6  time 0.015436 0 0.087026
Iteration 16  HV  cores 146 143 6  time 0.016277 0 0.093383
Iteration 17  HV  cores 150 147 4  time 0.016898 0 0.099735
Iteration 18  HV  cores 156 152 6  time 0.017711 0 0.106178
Iteration 19  HV  cores 162 158 6  time 0.018604 0 0.11683
Iteration 20  HV  cores 168 163 6  time 0.019384 0 0.127713
Iteration 21  HV  cores 174 169 6  time 0.020193 0 0.138488
Iteration 22  HV  cores 179 174 5  time 0.020903 0 0.1497
Iteration 23  HV  cores 183 178 4  time 0.021488 0 0.164928
Iteration 24  HV  cores 186 181 3  time 0.021982 0 0.176072
Iteration 25  HV  cores 190 185 4  time 0.022552 0 0.191107
Iteration 26  HV  cores 193 188 3  time 0.023031 0 0.202531
Iteration 27  HV  cores 196 191 3  time 0.023532 0 0.213612
Iteration 28  HV  cores 200 195 4  time 0.024186 0 0.224669
Iteration 29  HV  cores 204 198 4  time 0.024787 0 0.235918
Iteration 30  HV  cores 208 202 4  time 0.025318 0 0.247061
Iteration 31  HV  cores 211 205 3  time 0.025858 0 0.259389
Iteration 32  HV  cores 215 209 4  time 0.026448 0 0.26966
Iteration 33  HV  cores 218 210 3  time 0.026962 0 0.285103
Iteration 34  HV  cores 220 212 2  time 0.027357 0 0.297347
Iteration 35  HV  cores 223 214 3  time 0.027796 0 0.312501
Iteration 36  HV  cores 227 218 4  time 0.028371 0 0.324031
Iteration 37  HV  cores 231 222 4  time 0.028949 0 0.335091
Iteration 38  HV  cores 235 225 4  time 0.029559 0 0.345393
Iteration 39  HV  cores 237 227 2  time 0.029898 0 0.360738
Iteration 40  HV  cores 240 229 3  time 0.030391 0 0.376303
Iteration 41  HV  cores 242 230 2  time 0.030745 0 0.387555
Iteration 42  HV  cores 243 231 1  time 0.03104 0 0.399357
Iteration 43  HV  cores 244 232 1  time 0.031296 0 0.41092
Iteration 44  HV  cores 245 233 1  time 0.031523 0 0.422784
Iteration 45  HV  cores 246 234 1  time 0.031746 0 0.433737
Iteration 46  HV  cores 247 235 1  time 0.032058 0 0.445322
Iteration 47  HV  cores 248 234 1  time 0.032284 0 0.456874
Iteration 48  HV  cores 249 235 1  time 0.032522 0 0.468689
Iteration 49  HV  cores 250 236 1  time 0.032755 0 0.480636
Iteration 50  HV  cores 251 237 1  time 0.032969 0 0.492445
Iteration 51  HV  cores 252 238 1  time 0.0332 0 0.503738
Iteration 52  HV  cores 253 239 1  time 0.033438 0 0.5194
Iteration 53  HV  cores 254 240 1  time 0.033671 0 0.535125
Iteration 54  HV  cores 255 241 1  time 0.033913 0 0.547223
Iteration 55  HV  cores 256 242 1  time 0.034146 0 0.558481
Iteration 56  HV  cores 257 243 1  time 0.034372 0 0.57005
Iteration 57  HV  cores 259 245 2  time 0.034723 0 0.585212
Iteration 58  HV  cores 260 246 1  time 0.034949 0 0.601558
Iteration 59  HV  cores 261 247 1  time 0.035168 0 0.616976
Iteration 60  HV  cores 262 247 1  time 0.035381 0 0.628393
Iteration 61  HV  cores 263 247 1  time 0.035598 0 0.643149
Iteration 62  HV  cores 264 247 1  time 0.035799 0 0.654651
Iteration 63  HV  cores 265 248 1  time 0.036028 0 0.670062
Iteration 64  HV  cores 266 249 1  time 0.036216 0 0.685991
Iteration 65  HV  cores 267 250 1  time 0.036407 0 0.697793
Iteration 66  HV  cores 268 251 1  time 0.036628 0 0.709554
Iteration 67  HV  cores 269 252 1  time 0.036816 0 0.719033
Iteration 68  HV  cores 270 252 1  time 0.037026 0 0.728912
Iteration 69  HV  cores 271 253 1  time 0.037227 0 0.744568
Iteration 70  HV  cores 272 254 1  time 0.037432 0 0.756708
Iteration 71  HV  cores 273 255 1  time 0.037625 0 0.76807
Iteration 72  HV  cores 274 256 1  time 0.037821 0 0.777611
Iteration 73  HV  cores 275 256 1  time 0.038023 0 0.786997
Iteration 74  HV  cores 276 257 1  time 0.038251 0 0.799167
Iteration 75  HV  cores 277 257 1  time 0.038434 0 0.808096
Iteration 76  HV  cores 278 257 1  time 0.038662 0 0.816957
Iteration 77  HV  cores 279 258 1  time 0.038857 0 0.830454
Iteration 78  HV  cores 280 258 1  time 0.039051 0 0.84
Iteration 79  HV  cores 281 258 1  time 0.039237 0 0.857419
Iteration 80  HV  cores 282 259 1  time 0.039424 0 0.86916
Iteration 81  HV  cores 283 260 1  time 0.039609 0 0.878659
Iteration 82 MHV  lb 110 ub 114  time 0.039719 0.032233 0.878659
Iteration 83  HV  cores 287 264 4  time 0.040167 0.032233 0.891826
Iteration 84  HV  cores 289 266 2  time 0.040428 0.032233 0.914053
Iteration 85  HV  cores 292 269 3  time 0.04081 0.032233 0.926811
Iteration 86  HV  cores 295 272 3  time 0.041201 0.032233 0.963423
Iteration 87  HV  cores 298 275 3  time 0.041557 0.032233 0.973134
Iteration 88  HV  cores 299 276 1  time 0.041742 0.032233 0.983132
Iteration 89  HV  cores 301 278 2  time 0.042039 0.032233 1.02466
Iteration 90  HV  cores 305 282 4  time 0.042491 0.032233 1.04577
Iteration 91  HV  cores 308 285 3  time 0.042849 0.032233 1.05587
Iteration 92  HV  cores 311 288 3  time 0.043201 0.032233 1.08596
Iteration 93  HV  cores 313 289 2  time 0.043464 0.032233 1.15798
Iteration 94  HV  cores 315 291 2  time 0.043769 0.032233 1.16792
Iteration 95  HV  cores 318 294 3  time 0.044164 0.032233 1.21459
Iteration 96  HV  cores 321 297 3  time 0.044544 0.032233 1.24525
Iteration 97  HV  cores 323 299 2  time 0.044844 0.032233 1.25518
Iteration 98  HV  cores 324 300 1  time 0.045031 0.032233 1.29958
Iteration 99  HV  cores 326 302 2  time 0.045298 0.032233 1.32791
Iteration 100  HV  cores 328 304 2  time 0.045616 0.032233 1.35692
Iteration 101  HV  cores 330 306 2  time 0.04598 0.032233 1.41268
Iteration 102  HV  cores 334 310 4  time 0.046449 0.032233 1.45731
Iteration 103  HV  cores 335 311 1  time 0.046629 0.032233 1.50221
Iteration 104  HV  cores 337 313 2  time 0.046882 0.032233 1.56506
Iteration 105  HV  cores 340 316 3  time 0.047219 0.032233 1.6254
Iteration 106  HV  cores 341 317 1  time 0.047398 0.032233 1.65083
Iteration 107  HV  cores 342 318 1  time 0.047573 0.032233 1.68423
Iteration 108  HV  cores 344 320 2  time 0.047873 0.032233 1.77617
Iteration 109  HV  cores 349 324 5  time 0.04841 0.032233 1.86779
Iteration 110  HV  cores 351 326 2  time 0.048669 0.032233 1.9023
Iteration 111  HV  cores 352 327 1  time 0.04884 0.032233 1.97163
Iteration 112  HV  cores 353 328 1  time 0.049017 0.032233 2.0586
Iteration 113  HV  cores 355 330 2  time 0.04929 0.032233 2.1079
Iteration 114  HV  cores 357 332 2  time 0.049552 0.032233 2.17375
Iteration 115  HV  cores 359 334 2  time 0.049827 0.032233 2.22611
Iteration 116  HV  cores 360 335 1  time 0.05 0.032233 2.28312
Iteration 117  HV  cores 362 337 2  time 0.050281 0.032233 2.38529
Iteration 118  HV  cores 363 338 1  time 0.050458 0.032233 2.42796
Iteration 119  HV  cores 364 339 1  time 0.050651 0.032233 2.47708
Iteration 120  HV  cores 366 341 2  time 0.050918 0.032233 2.5364
Iteration 121  HV  cores 367 342 1  time 0.051096 0.032233 2.6193
Iteration 122  HV  cores 368 343 1  time 0.05127 0.032233 2.68234
Iteration 123  HV  cores 369 344 1  time 0.051484 0.032233 2.73738
Iteration 124  HV  cores 370 345 1  time 0.05166 0.032233 2.84231
Iteration 125  HV  cores 372 347 2  time 0.051924 0.032233 2.91207
Iteration 126  HV  cores 373 348 1  time 0.052099 0.032233 3.00731
Iteration 127  HV  cores 375 350 2  time 0.052366 0.032233 3.0913
Iteration 128  HV  cores 377 352 2  time 0.052629 0.032233 3.16013
Iteration 129  HV  cores 378 353 1  time 0.052831 0.032233 3.22989
Iteration 130  HV  cores 379 354 1  time 0.05301 0.032233 3.32665
Iteration 131  HV  cores 380 355 1  time 0.053215 0.032233 3.40893
Iteration 132  HV  cores 382 357 2  time 0.053498 0.032233 3.52359
Iteration 133  HV  cores 383 358 1  time 0.053677 0.032233 3.65016
Iteration 134 MHV  lb 114 ub 114  time 0.053769 0.032687 3.65016
Optimal value: 114
Real time: 3.78419
CPU time: 10.7658
