lb 12118 ub 34348 before adjustment
1149 unsorted cost functions
lb 0 ub 22230 after adjustment
costs ready
233 variables 2199 functions 12118 lb, 22230 ub
Iteration 0  HV  cores 1 1 1  time 0.008518 0 0.00119
Iteration 1 MHV  lb 12119 ub 34347  time 0.016776 0.001177 0.00119
Iteration 2  HV  cores 2 2 1  time 0.025474 0.001177 0.002218
Iteration 3  HV  cores 3 3 1  time 0.0343 0.001177 0.00319
Iteration 4  HV  cores 4 4 1  time 0.042882 0.001177 0.004136
Iteration 5  HV  cores 5 5 1  time 0.05134 0.001177 0.005079
Iteration 6  HV  cores 6 6 1  time 0.059806 0.001177 0.006011
Iteration 7  HV  cores 7 7 1  time 0.068272 0.001177 0.006958
Iteration 8  HV  cores 8 8 1  time 0.07675 0.001177 0.007912
Iteration 9  HV  cores 9 9 1  time 0.085682 0.001177 0.008883
Iteration 10  HV  cores 10 10 1  time 0.094288 0.001177 0.009848
Iteration 11  HV  cores 11 11 1  time 0.102931 0.001177 0.010844
Iteration 12  HV  cores 12 12 1  time 0.111399 0.001177 0.011802
Iteration 13  HV  cores 13 13 1  time 0.11994 0.001177 0.012722
Iteration 14  HV  cores 14 14 1  time 0.128648 0.001177 0.013694
Iteration 15  HV  cores 15 15 1  time 0.137184 0.001177 0.014672
Iteration 16  HV  cores 16 16 1  time 0.146895 0.001177 0.015656
Iteration 17  HV  cores 17 17 1  time 0.157542 0.001177 0.016648
Iteration 18  HV  cores 18 18 1  time 0.170063 0.001177 0.017647
Iteration 19  HV  cores 19 19 1  time 0.17865 0.001177 0.018661
Iteration 20  HV  cores 20 20 1  time 71.7857 0.001177 0.019827
