lb 3850 ub 81635 before adjustment
860 unsorted cost functions
lb 0 ub 77785 after adjustment
costs ready
545 variables 1510 functions 3850 lb, 77785 ub
Iteration 0  HV  cores 15 15 15  time 0.00659 0 0
Iteration 1  HV  cores 24 24 9  time 0.009958 0 0
Iteration 2  HV  cores 33 33 9  time 0.013191 0 0
Iteration 3  HV  cores 39 39 6  time 0.015333 0 0
Iteration 4  HV  cores 45 44 6  time 0.017599 0 0
Iteration 5  HV  cores 49 48 4  time 0.019495 0 0
Iteration 6  HV  cores 52 49 3  time 0.020753 0 0
Iteration 7  HV  cores 55 52 3  time 0.022112 0 0
Iteration 8  HV  cores 58 54 3  time 0.023438 0 0
Iteration 9  HV  cores 60 56 2  time 0.024433 0 0
Iteration 10  HV  cores 64 60 4  time 0.026148 0 0
Iteration 11  HV  cores 66 62 2  time 0.027138 0 0
Iteration 12  HV  cores 69 65 3  time 0.028326 0 0
Iteration 13  HV  cores 71 67 2  time 0.029235 0 0
Iteration 14  HV  cores 74 70 3  time 0.030562 0 0
Iteration 15  HV  cores 76 72 2  time 0.031411 0 0
Iteration 16  HV  cores 78 74 2  time 0.032253 0 0
Iteration 17  HV  cores 80 75 2  time 0.033071 0 0
Iteration 18  HV  cores 82 77 2  time 0.034176 0 0
Iteration 19  HV  cores 83 78 1  time 0.034726 0 0
Iteration 20  HV  cores 84 79 1  time 0.035243 0 0
Iteration 21  HV  cores 85 80 1  time 0.03579 0 0
Iteration 22  HV  cores 86 80 1  time 0.036336 0 0
Iteration 23  HV  cores 87 80 1  time 0.036861 0 0
Iteration 24  HV  cores 88 81 1  time 0.037543 0 0
Iteration 25  HV  cores 90 83 2  time 0.038962 0 0
Iteration 26  HV  cores 91 84 1  time 0.03952 0 0
Iteration 27  HV  cores 92 85 1  time 0.040108 0 0
Iteration 28  HV  cores 94 87 2  time 0.040998 0 0
Iteration 29  HV  cores 95 88 1  time 0.041593 0 0
Iteration 30  HV  cores 96 89 1  time 0.042148 0 0
Iteration 31  HV  cores 97 90 1  time 0.042696 0 0
Iteration 32 MHV  lb 6025 ub 10812  time 0.04296 0.010106 0
Iteration 33  HV  cores 103 96 6  time 0.045409 0.010106 0
Iteration 34  HV  cores 109 102 6  time 0.047763 0.010106 0
Iteration 35  HV  cores 113 106 4  time 0.049471 0.010106 0
Iteration 36  HV  cores 118 111 5  time 0.051544 0.010106 0
Iteration 37  HV  cores 122 115 4  time 0.053056 0.010106 0
Iteration 38  HV  cores 125 118 3  time 0.054264 0.010106 0
Iteration 39  HV  cores 128 121 3  time 0.055505 0.010106 0
Iteration 40  HV  cores 130 123 2  time 0.056448 0.010106 0
Iteration 41  HV  cores 132 125 2  time 0.057417 0.010106 0
Iteration 42  HV  cores 134 127 2  time 0.058311 0.010106 0
Iteration 43  HV  cores 136 128 2  time 0.059194 0.010106 0
Iteration 44  HV  cores 138 130 2  time 0.060247 0.010106 0
Iteration 45  HV  cores 140 132 2  time 0.061162 0.010106 0
Iteration 46  HV  cores 142 133 2  time 0.062084 0.010106 0
Iteration 47  HV  cores 144 135 2  time 0.063076 0.010106 0
Iteration 48  HV  cores 146 137 2  time 0.064066 0.010106 0
Iteration 49  HV  cores 148 139 2  time 0.064954 0.010106 0
Iteration 50  HV  cores 150 141 2  time 0.065983 0.010106 0
Iteration 51  HV  cores 152 143 2  time 0.066832 0.010106 0
Iteration 52  HV  cores 154 145 2  time 0.067832 0.010106 0
Iteration 53  HV  cores 156 147 2  time 0.068726 0.010106 0
Iteration 54  HV  cores 157 148 1  time 0.069254 0.010106 0
Iteration 55  HV  cores 158 149 1  time 0.069879 0.010106 0
Iteration 56  HV  cores 159 150 1  time 0.070418 0.010106 0
Iteration 57  HV  cores 160 150 1  time 0.070952 0.010106 0
Iteration 58 MHV  lb 6138 ub 10588  time 0.071179 0.031867 0
Iteration 59  HV  cores 166 155 6  time 0.073568 0.031867 0
Iteration 60  HV  cores 171 159 5  time 0.07548 0.031867 0
Iteration 61  HV  cores 176 164 5  time 0.077597 0.031867 0
Iteration 62  HV  cores 179 167 3  time 0.078988 0.031867 0
Iteration 63  HV  cores 181 169 2  time 0.08009 0.031867 0
Iteration 64  HV  cores 183 171 2  time 0.081089 0.031867 0
Iteration 65  HV  cores 185 173 2  time 0.082133 0.031867 0
Iteration 66  HV  cores 187 175 2  time 0.083047 0.031867 0
Iteration 67  HV  cores 190 178 3  time 0.084403 0.031867 0
Iteration 68  HV  cores 193 181 3  time 0.085778 0.031867 0
Iteration 69  HV  cores 196 184 3  time 0.087302 0.031867 0
Iteration 70  HV  cores 197 185 1  time 0.08806 0.031867 0
Iteration 71  HV  cores 198 185 1  time 0.088614 0.031867 0
Iteration 72  HV  cores 200 187 2  time 0.089686 0.031867 0
Iteration 73  HV  cores 202 189 2  time 0.090589 0.031867 0
Iteration 74  HV  cores 204 191 2  time 0.091487 0.031867 0
Iteration 75  HV  cores 206 193 2  time 0.092538 0.031867 0
Iteration 76  HV  cores 208 195 2  time 0.093567 0.031867 0
Iteration 77  HV  cores 209 196 1  time 0.094123 0.031867 0
Iteration 78  HV  cores 211 198 2  time 0.095072 0.031867 0
Iteration 79  HV  cores 213 200 2  time 0.095917 0.031867 0
Iteration 80  HV  cores 215 202 2  time 0.096988 0.031867 0
Iteration 81  HV  cores 217 204 2  time 0.097814 0.031867 0
Iteration 82  HV  cores 219 205 2  time 0.098633 0.031867 0
Iteration 83  HV  cores 221 206 2  time 0.09943 0.031867 0
Iteration 84  HV  cores 222 207 1  time 0.099974 0.031867 0
Iteration 85  HV  cores 223 208 1  time 0.100544 0.031867 0
Iteration 86  HV  cores 224 209 1  time 0.101085 0.031867 0
Iteration 87  HV  cores 225 210 1  time 0.101662 0.031867 0
Iteration 88  HV  cores 226 211 1  time 0.10221 0.031867 0
Iteration 89  HV  cores 227 212 1  time 0.102772 0.031867 0
Iteration 90  HV  cores 228 213 1  time 0.10341 0.031867 0
Iteration 91 MHV  lb 6195 ub 10588  time 0.103641 0.064577 0
Iteration 92  HV  cores 232 217 4  time 0.105359 0.064577 0
Iteration 93  HV  cores 235 220 3  time 0.106618 0.064577 0
Iteration 94  HV  cores 238 222 3  time 0.108112 0.064577 0
Iteration 95  HV  cores 241 225 3  time 0.109646 0.064577 0
Iteration 96  HV  cores 243 227 2  time 0.110704 0.064577 0
Iteration 97  HV  cores 246 230 3  time 0.112475 0.064577 0
Iteration 98  HV  cores 249 233 3  time 0.113768 0.064577 0
Iteration 99  HV  cores 252 236 3  time 0.11513 0.064577 0
Iteration 100  HV  cores 255 238 3  time 0.116511 0.064577 0
Iteration 101  HV  cores 258 241 3  time 0.11775 0.064577 0
Iteration 102  HV  cores 260 243 2  time 0.118658 0.064577 0
Iteration 103  HV  cores 262 244 2  time 0.119562 0.064577 0
Iteration 104  HV  cores 264 246 2  time 0.120499 0.064577 0
Iteration 105  HV  cores 266 248 2  time 0.121471 0.064577 0
Iteration 106  HV  cores 268 249 2  time 0.122383 0.064577 0
Iteration 107  HV  cores 270 250 2  time 0.123302 0.064577 0
Iteration 108  HV  cores 272 252 2  time 0.124196 0.064577 0
Iteration 109  HV  cores 274 254 2  time 0.125149 0.064577 0
Iteration 110  HV  cores 276 256 2  time 0.126278 0.064577 0
Iteration 111  HV  cores 278 257 2  time 0.127319 0.064577 0
Iteration 112  HV  cores 279 258 1  time 0.127822 0.064577 0
Iteration 113  HV  cores 280 259 1  time 0.12832 0.064577 0
Iteration 114  HV  cores 281 260 1  time 0.128837 0.064577 0
Iteration 115  HV  cores 282 261 1  time 0.129338 0.064577 0
Iteration 116  HV  cores 283 262 1  time 0.129836 0.064577 0
Iteration 117  HV  cores 284 263 1  time 0.130337 0.064577 0
Iteration 118  HV  cores 285 264 1  time 0.130869 0.064577 0
Iteration 119  HV  cores 286 265 1  time 0.131368 0.064577 0
Iteration 120  HV  cores 288 267 2  time 0.132261 0.064577 0
Iteration 121  HV  cores 290 269 2  time 0.133192 0.064577 0
Iteration 122  HV  cores 291 270 1  time 0.133729 0.064577 0
Iteration 123  HV  cores 293 272 2  time 0.134763 0.064577 0
Iteration 124  HV  cores 295 274 2  time 0.135685 0.064577 0
Iteration 125  HV  cores 296 275 1  time 0.136217 0.064577 0
Iteration 126  HV  cores 297 276 1  time 0.136751 0.064577 0
Iteration 127  HV  cores 298 277 1  time 0.137305 0.064577 0
Iteration 128  HV  cores 299 278 1  time 0.137858 0.064577 0
Iteration 129  HV  cores 300 278 1  time 0.138443 0.064577 0
Iteration 130  HV  cores 301 279 1  time 0.138992 0.064577 0
Iteration 131 MHV  lb 6379 ub 10588  time 0.139216 0.175404 0
Iteration 132  HV  cores 304 282 3  time 0.140683 0.175404 0
Iteration 133  HV  cores 307 285 3  time 0.14209 0.175404 0
Iteration 134  HV  cores 310 288 3  time 0.143324 0.175404 0
Iteration 135  HV  cores 314 291 4  time 0.145047 0.175404 0
Iteration 136  HV  cores 318 293 4  time 0.146655 0.175404 0
Iteration 137  HV  cores 320 295 2  time 0.147826 0.175404 0
Iteration 138  HV  cores 323 298 3  time 0.149121 0.175404 0
Iteration 139  HV  cores 325 299 2  time 0.150216 0.175404 0
Iteration 140  HV  cores 327 301 2  time 0.151105 0.175404 0
Iteration 141  HV  cores 329 303 2  time 0.152082 0.175404 0
Iteration 142  HV  cores 331 304 2  time 0.152945 0.175404 0
Iteration 143  HV  cores 333 306 2  time 0.153825 0.175404 0
Iteration 144  HV  cores 335 308 2  time 0.154832 0.175404 0
Iteration 145  HV  cores 337 310 2  time 0.155895 0.175404 0
Iteration 146  HV  cores 339 311 2  time 0.156954 0.175404 0
Iteration 147  HV  cores 341 313 2  time 0.157904 0.175404 0
Iteration 148  HV  cores 343 315 2  time 0.158956 0.175404 0
Iteration 149  HV  cores 345 316 2  time 0.159841 0.175404 0
Iteration 150  HV  cores 346 317 1  time 0.160349 0.175404 0
Iteration 151  HV  cores 347 318 1  time 0.16085 0.175404 0
Iteration 152  HV  cores 348 319 1  time 0.161393 0.175404 0
Iteration 153  HV  cores 349 320 1  time 0.161901 0.175404 0
Iteration 154  HV  cores 350 321 1  time 0.162407 0.175404 0
Iteration 155  HV  cores 351 322 1  time 0.162914 0.175404 0
Iteration 156  HV  cores 352 323 1  time 0.163421 0.175404 0
Iteration 157  HV  cores 353 324 1  time 0.163929 0.175404 0
Iteration 158  HV  cores 354 325 1  time 0.164486 0.175404 0
Iteration 159  HV  cores 355 326 1  time 0.16504 0.175404 0
Iteration 160  HV  cores 356 327 1  time 0.165592 0.175404 0
Iteration 161 MHV  lb 6388 ub 10020  time 0.165818 0.381422 0
Iteration 162  HV  cores 360 331 4  time 0.167729 0.381422 0
Iteration 163  HV  cores 364 335 4  time 0.169597 0.381422 0
Iteration 164  HV  cores 367 338 3  time 0.170912 0.381422 0
Iteration 165  HV  cores 370 341 3  time 0.172185 0.381422 0
Iteration 166  HV  cores 372 343 2  time 0.173049 0.381422 0
Iteration 167  HV  cores 374 345 2  time 0.173932 0.381422 0
Iteration 168  HV  cores 376 347 2  time 0.174814 0.381422 0
Iteration 169  HV  cores 378 349 2  time 0.175724 0.381422 0
Iteration 170  HV  cores 380 351 2  time 0.176625 0.381422 0
Iteration 171  HV  cores 382 352 2  time 0.177522 0.381422 0
Iteration 172  HV  cores 384 354 2  time 0.178514 0.381422 0
Iteration 173  HV  cores 386 355 2  time 0.179421 0.381422 0
Iteration 174  HV  cores 388 357 2  time 0.180272 0.381422 0
Iteration 175  HV  cores 390 359 2  time 0.181249 0.381422 0
Iteration 176  HV  cores 391 360 1  time 0.181871 0.381422 0
Iteration 177  HV  cores 393 362 2  time 0.182861 0.381422 0
Iteration 178  HV  cores 394 363 1  time 0.183482 0.381422 0
Iteration 179  HV  cores 395 364 1  time 0.184053 0.381422 0
Iteration 180  HV  cores 397 366 2  time 0.184979 0.381422 0
Iteration 181  HV  cores 399 368 2  time 0.185838 0.381422 0
Iteration 182  HV  cores 400 369 1  time 0.186423 0.381422 0
Iteration 183  HV  cores 401 369 1  time 0.18699 0.381422 0
Iteration 184 MHV  lb 6396 ub 9006  time 0.187216 0.651576 0
Iteration 185  HV  cores 405 373 4  time 0.18899 0.651576 0
Iteration 186  HV  cores 408 376 3  time 0.190325 0.651576 0
Iteration 187  HV  cores 410 378 2  time 0.19133 0.651576 0
Iteration 188  HV  cores 412 380 2  time 0.192356 0.651576 0
Iteration 189  HV  cores 413 381 1  time 0.193 0.651576 0
Iteration 190  HV  cores 414 381 1  time 0.193543 0.651576 0
Iteration 191  HV  cores 416 383 2  time 0.194566 0.651576 0
Iteration 192  HV  cores 418 385 2  time 0.195697 0.651576 0
Iteration 193  HV  cores 420 387 2  time 0.196601 0.651576 0
Iteration 194  HV  cores 422 388 2  time 0.197496 0.651576 0
Iteration 195  HV  cores 424 389 2  time 0.19842 0.651576 0
Iteration 196  HV  cores 425 390 1  time 0.199001 0.651576 0
Iteration 197  HV  cores 426 390 1  time 0.199527 0.651576 0
Iteration 198  HV  cores 427 391 1  time 0.200073 0.651576 0
Iteration 199  HV  cores 428 391 1  time 0.200614 0.651576 0
Iteration 200  HV  cores 429 391 1  time 0.201152 0.651576 0
Iteration 201  HV  cores 430 391 1  time 0.201996 0.651576 0
Iteration 202  HV  cores 431 392 1  time 0.202609 0.651576 0
Iteration 203  HV  cores 432 392 1  time 0.203163 0.651576 0
Iteration 204  HV  cores 434 394 2  time 0.204083 0.651576 0
Iteration 205  HV  cores 436 396 2  time 0.204932 0.651576 0
Iteration 206  HV  cores 437 397 1  time 0.205475 0.651576 0
Iteration 207  HV  cores 439 399 2  time 0.206354 0.651576 0
Iteration 208  HV  cores 441 401 2  time 0.207337 0.651576 0
Iteration 209  HV  cores 443 403 2  time 0.208234 0.651576 0
Iteration 210  HV  cores 445 405 2  time 0.209129 0.651576 0
Iteration 211  HV  cores 446 406 1  time 0.209704 0.651576 0
Iteration 212  HV  cores 447 407 1  time 0.210235 0.651576 0
Iteration 213  HV  cores 448 408 1  time 0.210764 0.651576 0
Iteration 214  HV  cores 449 409 1  time 0.211292 0.651576 0
Iteration 215  HV  cores 450 410 1  time 0.211819 0.651576 0
Iteration 216  HV  cores 451 411 1  time 0.212437 0.651576 0
Iteration 217  HV  cores 452 412 1  time 0.213009 0.651576 0
Iteration 218  HV  cores 453 413 1  time 0.213592 0.651576 0
Iteration 219  HV  cores 454 414 1  time 0.214164 0.651576 0
Iteration 220  HV  cores 455 415 1  time 0.214701 0.651576 0
Iteration 221  HV  cores 456 416 1  time 0.215249 0.651576 0
Iteration 222  HV  cores 457 417 1  time 0.215802 0.651576 0
Iteration 223  HV  cores 458 418 1  time 0.216354 0.651576 0
Iteration 224  HV  cores 459 419 1  time 0.216904 0.651576 0
Iteration 225  HV  cores 460 420 1  time 0.217487 0.651576 0
Iteration 226  HV  cores 461 421 1  time 0.218038 0.651576 0
Iteration 227  HV  cores 462 422 1  time 0.218614 0.651576 0
Iteration 228  HV  cores 463 423 1  time 0.219164 0.651576 0
Iteration 229 MHV  lb 6453 ub 9006  time 0.219395 0.896258 0
Iteration 230  HV  cores 466 426 3  time 0.220747 0.896258 0
Iteration 231  HV  cores 469 429 3  time 0.22204 0.896258 0
Iteration 232  HV  cores 471 431 2  time 0.223186 0.896258 0
Iteration 233  HV  cores 474 434 3  time 0.224597 0.896258 0
Iteration 234  HV  cores 476 435 2  time 0.225594 0.896258 0
Iteration 235  HV  cores 478 437 2  time 0.226455 0.896258 0
Iteration 236  HV  cores 480 439 2  time 0.22736 0.896258 0
Iteration 237  HV  cores 481 440 1  time 0.227944 0.896258 0
Iteration 238  HV  cores 483 442 2  time 0.228944 0.896258 0
Iteration 239  HV  cores 485 443 2  time 0.229831 0.896258 0
Iteration 240  HV  cores 487 445 2  time 0.230822 0.896258 0
Iteration 241  HV  cores 490 448 3  time 0.232093 0.896258 0
Iteration 242  HV  cores 492 449 2  time 0.232943 0.896258 0
Iteration 243  HV  cores 494 451 2  time 0.233777 0.896258 0
Iteration 244  HV  cores 496 453 2  time 0.234757 0.896258 0
Iteration 245  HV  cores 498 455 2  time 0.235641 0.896258 0
Iteration 246  HV  cores 500 457 2  time 0.236511 0.896258 0
Iteration 247  HV  cores 501 458 1  time 0.23706 0.896258 0
Iteration 248  HV  cores 502 458 1  time 0.237591 0.896258 0
Iteration 249  HV  cores 503 459 1  time 0.238165 0.896258 0
Iteration 250  HV  cores 504 460 1  time 0.2387 0.896258 0
Iteration 251  HV  cores 505 461 1  time 0.239315 0.896258 0
Iteration 252  HV  cores 506 462 1  time 0.239886 0.896258 0
Iteration 253  HV  cores 507 461 1  time 0.240456 0.896258 0
Iteration 254  HV  cores 508 460 1  time 0.241005 0.896258 0
Iteration 255  HV  cores 509 461 1  time 0.241599 0.896258 0
Iteration 256  HV  cores 511 463 2  time 0.242482 0.896258 0
Iteration 257  HV  cores 512 464 1  time 0.243112 0.896258 0
Iteration 258  HV  cores 513 465 1  time 0.243675 0.896258 0
Iteration 259  HV  cores 514 466 1  time 0.244249 0.896258 0
Iteration 260  HV  cores 515 467 1  time 0.244806 0.896258 0
Iteration 261  HV  cores 516 468 1  time 0.245357 0.896258 0
Iteration 262  HV  cores 517 468 1  time 0.245906 0.896258 0
Iteration 263  HV  cores 518 469 1  time 0.246491 0.896258 0
Iteration 264  HV  cores 519 470 1  time 0.247156 0.896258 0
Iteration 265 MHV  lb 6481 ub 9006  time 0.247378 1.39817 0
Iteration 266  HV  cores 523 474 4  time 0.249137 1.39817 0
Iteration 267  HV  cores 526 477 3  time 0.250391 1.39817 0
Iteration 268  HV  cores 529 480 3  time 0.251709 1.39817 0
Iteration 269  HV  cores 533 484 4  time 0.253384 1.39817 0
Iteration 270  HV  cores 536 487 3  time 0.254738 1.39817 0
Iteration 271  HV  cores 539 490 3  time 0.256092 1.39817 0
Iteration 272  HV  cores 542 493 3  time 0.257405 1.39817 0
Iteration 273  HV  cores 545 495 3  time 0.258762 1.39817 0
Iteration 274  HV  cores 547 497 2  time 0.259786 1.39817 0
Iteration 275  HV  cores 549 499 2  time 0.260813 1.39817 0
Iteration 276  HV  cores 551 501 2  time 0.261681 1.39817 0
Iteration 277  HV  cores 553 503 2  time 0.262651 1.39817 0
Iteration 278  HV  cores 555 505 2  time 0.263521 1.39817 0
Iteration 279  HV  cores 557 507 2  time 0.264445 1.39817 0
Iteration 280  HV  cores 559 508 2  time 0.265328 1.39817 0
Iteration 281  HV  cores 560 509 1  time 0.265891 1.39817 0
Iteration 282  HV  cores 561 510 1  time 0.266483 1.39817 0
Iteration 283 MHV  lb 6523 ub 8974  time 0.266712 1.69619 0
Iteration 284  HV  cores 564 513 3  time 0.268077 1.69619 0
Iteration 285  HV  cores 568 517 4  time 0.269615 1.69619 0
Iteration 286  HV  cores 572 521 4  time 0.272001 1.69619 0
Iteration 287  HV  cores 575 524 3  time 0.273226 1.69619 0
Iteration 288  HV  cores 578 527 3  time 0.274451 1.69619 0
Iteration 289  HV  cores 581 530 3  time 0.275809 1.69619 0
Iteration 290  HV  cores 582 531 1  time 0.276348 1.69619 0
Iteration 291  HV  cores 583 531 1  time 0.276876 1.69619 0
Iteration 292  HV  cores 586 534 3  time 0.278206 1.69619 0
Iteration 293  HV  cores 588 536 2  time 0.279197 1.69619 0
Iteration 294  HV  cores 590 538 2  time 0.280078 1.69619 0
Iteration 295  HV  cores 593 541 3  time 0.281338 1.69619 0
Iteration 296  HV  cores 595 543 2  time 0.282323 1.69619 0
Iteration 297  HV  cores 597 545 2  time 0.28321 1.69619 0
Iteration 298  HV  cores 600 547 3  time 0.284523 1.69619 0
Iteration 299  HV  cores 602 549 2  time 0.285462 1.69619 0
Iteration 300  HV  cores 604 551 2  time 0.286389 1.69619 0
Iteration 301  HV  cores 606 553 2  time 0.28724 1.69619 0
Iteration 302  HV  cores 607 554 1  time 0.287808 1.69619 0
Iteration 303  HV  cores 608 555 1  time 0.288333 1.69619 0
Iteration 304  HV  cores 609 556 1  time 0.288893 1.69619 0
Iteration 305  HV  cores 610 557 1  time 0.289425 1.69619 0
Iteration 306  HV  cores 611 558 1  time 0.28998 1.69619 0
Iteration 307  HV  cores 612 558 1  time 0.290492 1.69619 0
Iteration 308  HV  cores 613 559 1  time 0.291077 1.69619 0
Iteration 309  HV  cores 614 560 1  time 0.291659 1.69619 0
Iteration 310  HV  cores 615 561 1  time 0.292253 1.69619 0
Iteration 311  HV  cores 616 560 1  time 0.292797 1.69619 0
Iteration 312 MHV  lb 6525 ub 8974  time 0.293027 2.03426 0
Iteration 313  HV  cores 621 564 5  time 0.295054 2.03426 0
Iteration 314  HV  cores 625 567 4  time 0.296517 2.03426 0
Iteration 315  HV  cores 628 570 3  time 0.297712 2.03426 0
Iteration 316  HV  cores 632 574 4  time 0.299296 2.03426 0
Iteration 317  HV  cores 636 577 4  time 0.300993 2.03426 0
Iteration 318  HV  cores 639 580 3  time 0.302202 2.03426 0
Iteration 319  HV  cores 642 583 3  time 0.303455 2.03426 0
Iteration 320  HV  cores 645 586 3  time 0.304734 2.03426 0
Iteration 321  HV  cores 648 589 3  time 0.305987 2.03426 0
Iteration 322  HV  cores 651 591 3  time 0.307389 2.03426 0
Iteration 323  HV  cores 653 593 2  time 0.308269 2.03426 0
Iteration 324  HV  cores 655 595 2  time 0.309208 2.03426 0
Iteration 325  HV  cores 657 597 2  time 0.31015 2.03426 0
Iteration 326  HV  cores 659 599 2  time 0.311077 2.03426 0
Iteration 327  HV  cores 661 601 2  time 0.311999 2.03426 0
Iteration 328  HV  cores 662 602 1  time 0.31254 2.03426 0
Iteration 329  HV  cores 664 604 2  time 0.313528 2.03426 0
Iteration 330  HV  cores 665 605 1  time 0.314058 2.03426 0
Iteration 331 MHV  lb 6569 ub 8974  time 0.314291 3.26932 0
Iteration 332  HV  cores 668 608 3  time 0.315633 3.26932 0
Iteration 333  HV  cores 670 610 2  time 0.316606 3.26932 0
Iteration 334  HV  cores 672 612 2  time 0.317495 3.26932 0
Iteration 335  HV  cores 673 613 1  time 0.318084 3.26932 0
Iteration 336  HV  cores 674 614 1  time 0.318631 3.26932 0
Iteration 337  HV  cores 675 615 1  time 0.319178 3.26932 0
Iteration 338  HV  cores 676 616 1  time 0.319724 3.26932 0
Iteration 339  HV  cores 677 617 1  time 0.32027 3.26932 0
Iteration 340  HV  cores 678 618 1  time 0.320814 3.26932 0
Iteration 341  HV  cores 679 619 1  time 0.321394 3.26932 0
Iteration 342  HV  cores 680 620 1  time 0.321939 3.26932 0
Iteration 343  HV  cores 681 621 1  time 0.322492 3.26932 0
Iteration 344  HV  cores 682 622 1  time 0.323021 3.26932 0
Iteration 345  HV  cores 683 623 1  time 0.323552 3.26932 0
Iteration 346  HV  cores 684 624 1  time 0.324085 3.26932 0
Iteration 347  HV  cores 685 623 1  time 0.324617 3.26932 0
Iteration 348  HV  cores 686 624 1  time 0.325222 3.26932 0
Iteration 349  HV  cores 687 624 1  time 0.325754 3.26932 0
Iteration 350  HV  cores 688 625 1  time 0.32633 3.26932 0
Iteration 351  HV  cores 689 626 1  time 0.3269 3.26932 0
Iteration 352  HV  cores 690 626 1  time 0.327533 3.26932 0
Iteration 353  HV  cores 691 627 1  time 0.328131 3.26932 0
Iteration 354  HV  cores 692 628 1  time 0.328712 3.26932 0
Iteration 355  HV  cores 693 629 1  time 0.329353 3.26932 0
Iteration 356  HV  cores 694 630 1  time 0.329953 3.26932 0
Iteration 357  HV  cores 695 631 1  time 0.330564 3.26932 0
Iteration 358  HV  cores 696 632 1  time 0.331108 3.26932 0
Iteration 359  HV  cores 697 633 1  time 0.331646 3.26932 0
Iteration 360  HV  cores 698 634 1  time 0.332182 3.26932 0
Iteration 361  HV  cores 699 635 1  time 0.332779 3.26932 0
Iteration 362  HV  cores 700 636 1  time 0.333315 3.26932 0
Iteration 363  HV  cores 701 637 1  time 0.333851 3.26932 0
Iteration 364  HV  cores 702 638 1  time 0.334388 3.26932 0
Iteration 365  HV  cores 703 639 1  time 0.334921 3.26932 0
Iteration 366  HV  cores 704 639 1  time 0.33548 3.26932 0
Iteration 367  HV  cores 705 639 1  time 0.336009 3.26932 0
Iteration 368  HV  cores 706 640 1  time 0.336583 3.26932 0
Iteration 369  HV  cores 707 641 1  time 0.337121 3.26932 0
Iteration 370  HV  cores 708 642 1  time 0.337646 3.26932 0
Iteration 371 MHV  lb 6577 ub 8974  time 0.337876 4.57058 0
Iteration 372  HV  cores 712 646 4  time 0.339619 4.57058 0
Iteration 373  HV  cores 714 648 2  time 0.340529 4.57058 0
Iteration 374  HV  cores 716 650 2  time 0.341457 4.57058 0
Iteration 375  HV  cores 717 651 1  time 0.342225 4.57058 0
Iteration 376  HV  cores 719 653 2  time 0.343373 4.57058 0
Iteration 377  HV  cores 720 654 1  time 0.343935 4.57058 0
Iteration 378  HV  cores 721 655 1  time 0.344577 4.57058 0
Iteration 379 MHV  lb 6592 ub 6872  time 0.344811 6.14921 0
Iteration 380  HV  cores 724 658 3  time 0.346286 6.14921 0
Iteration 381  HV  cores 726 660 2  time 0.34745 6.14921 0
Iteration 382  HV  cores 728 662 2  time 0.348495 6.14921 0
Iteration 383  HV  cores 730 663 2  time 0.349502 6.14921 0
Iteration 384  HV  cores 732 665 2  time 0.350602 6.14921 0
Iteration 385  HV  cores 734 667 2  time 0.351542 6.14921 0
Iteration 386  HV  cores 736 669 2  time 0.35264 6.14921 0
Iteration 387  HV  cores 738 671 2  time 0.353657 6.14921 0
Iteration 388  HV  cores 740 673 2  time 0.354601 6.14921 0
Iteration 389  HV  cores 741 674 1  time 0.355175 6.14921 0
Iteration 390  HV  cores 742 675 1  time 0.35579 6.14921 0
Iteration 391  HV  cores 743 676 1  time 0.356472 6.14921 0
Iteration 392  HV  cores 744 677 1  time 0.35699 6.14921 0
Iteration 393  HV  cores 745 678 1  time 0.357609 6.14921 0
Iteration 394  HV  cores 746 678 1  time 0.358135 6.14921 0
Iteration 395  HV  cores 747 679 1  time 0.35876 6.14921 0
Iteration 396  HV  cores 748 680 1  time 0.359337 6.14921 0
Iteration 397  HV  cores 749 681 1  time 0.359937 6.14921 0
Iteration 398  HV  cores 750 682 1  time 0.360488 6.14921 0
Iteration 399  HV  cores 751 683 1  time 0.361025 6.14921 0
Iteration 400  HV  cores 752 684 1  time 0.361757 6.14921 0
Iteration 401  HV  cores 753 683 1  time 0.362529 6.14921 0
Iteration 402  HV  cores 754 684 1  time 0.363077 6.14921 0
Iteration 403 MHV  lb 6604 ub 6872  time 0.36331 7.60441 0
Iteration 404  HV  cores 758 687 4  time 0.364989 7.60441 0
Iteration 405  HV  cores 761 690 3  time 0.366469 7.60441 0
Iteration 406  HV  cores 763 692 2  time 0.367497 7.60441 0
Iteration 407  HV  cores 765 694 2  time 0.368646 7.60441 0
Iteration 408  HV  cores 767 695 2  time 0.369515 7.60441 0
Iteration 409  HV  cores 769 697 2  time 0.370535 7.60441 0
Iteration 410  HV  cores 771 699 2  time 0.371645 7.60441 0
Iteration 411  HV  cores 773 701 2  time 0.372656 7.60441 0
Iteration 412  HV  cores 775 703 2  time 0.373567 7.60441 0
Iteration 413  HV  cores 777 703 2  time 0.374554 7.60441 0
Iteration 414  HV  cores 779 705 2  time 0.375404 7.60441 0
Iteration 415  HV  cores 781 707 2  time 0.37635 7.60441 0
Iteration 416  HV  cores 783 709 2  time 0.377545 7.60441 0
Iteration 417  HV  cores 785 711 2  time 0.378606 7.60441 0
Iteration 418  HV  cores 787 713 2  time 0.379642 7.60441 0
Iteration 419  HV  cores 788 714 1  time 0.380273 7.60441 0
Iteration 420  HV  cores 789 715 1  time 0.380811 7.60441 0
Iteration 421  HV  cores 790 716 1  time 0.381376 7.60441 0
Iteration 422  HV  cores 791 717 1  time 0.381917 7.60441 0
Iteration 423  HV  cores 792 718 1  time 0.382451 7.60441 0
Iteration 424  HV  cores 793 719 1  time 0.382987 7.60441 0
Iteration 425  HV  cores 794 720 1  time 0.383523 7.60441 0
Iteration 426  HV  cores 795 721 1  time 0.384061 7.60441 0
Iteration 427  HV  cores 796 722 1  time 0.384599 7.60441 0
Iteration 428  HV  cores 797 723 1  time 0.385146 7.60441 0
Iteration 429  HV  cores 798 723 1  time 0.38575 7.60441 0
Iteration 430  HV  cores 799 724 1  time 0.386283 7.60441 0
Iteration 431  HV  cores 800 725 1  time 0.386797 7.60441 0
Iteration 432  HV  cores 801 726 1  time 0.387342 7.60441 0
Iteration 433  HV  cores 802 727 1  time 0.387877 7.60441 0
Iteration 434  HV  cores 803 728 1  time 0.388478 7.60441 0
Iteration 435  HV  cores 804 729 1  time 0.389026 7.60441 0
Iteration 436  HV  cores 805 730 1  time 0.389583 7.60441 0
Iteration 437  HV  cores 806 731 1  time 0.390118 7.60441 0
Iteration 438  HV  cores 807 732 1  time 0.390775 7.60441 0
Iteration 439  HV  cores 808 733 1  time 0.391495 7.60441 0
Iteration 440  HV  cores 809 734 1  time 0.392143 7.60441 0
Iteration 441  HV  cores 811 736 2  time 0.393025 7.60441 0
Iteration 442  HV  cores 813 738 2  time 0.393913 7.60441 0
Iteration 443  HV  cores 815 734 2  time 0.395094 7.60441 0
Iteration 444  HV  cores 816 734 1  time 0.395607 7.60441 0
Iteration 445  HV  cores 817 735 1  time 0.396358 7.60441 0
Iteration 446  HV  cores 818 736 1  time 0.396901 7.60441 0
Iteration 447  HV  cores 819 737 1  time 0.397458 7.60441 0
Iteration 448  HV  cores 820 738 1  time 0.398022 7.60441 0
Iteration 449  HV  cores 821 738 1  time 0.398581 7.60441 0
Iteration 450  HV  cores 822 739 1  time 0.399236 7.60441 0
Iteration 451 MHV  lb 6619 ub 6872  time 0.399473 9.09013 0
Iteration 452  HV  cores 823 740 1  time 0.400188 9.09013 0
Iteration 453  HV  cores 824 741 1  time 0.400909 9.09013 0
Iteration 454 MHV  lb 6640 ub 6699  time 0.401143 10.9752 0
Iteration 455  HV  cores 828 745 4  time 0.402809 10.9752 0
Iteration 456  HV  cores 831 748 3  time 0.404107 10.9752 0
Iteration 457  HV  cores 834 751 3  time 0.405324 10.9752 0
Iteration 458  HV  cores 836 753 2  time 0.406251 10.9752 0
Iteration 459  HV  cores 837 753 1  time 0.406839 10.9752 0
Iteration 460  HV  cores 839 755 2  time 0.40785 10.9752 0
Iteration 461  HV  cores 840 755 1  time 0.408428 10.9752 0
Iteration 462  HV  cores 841 756 1  time 0.409078 10.9752 0
Iteration 463  HV  cores 842 757 1  time 0.409651 10.9752 0
Iteration 464  HV  cores 843 758 1  time 0.410212 10.9752 0
Iteration 465  HV  cores 844 759 1  time 0.410822 10.9752 0
Iteration 466  HV  cores 845 760 1  time 0.411387 10.9752 0
Iteration 467  HV  cores 846 761 1  time 0.411952 10.9752 0
Iteration 468 MHV  lb 6651 ub 6699  time 0.412186 12.5499 0
Iteration 469 MHV  lb 6651 ub 6651  time 0.412507 12.5506 0
Optimal value: 6651
Real time: 13.0195
CPU time: 35.5207
