lb 12118 ub 34348 before adjustment
1149 unsorted cost functions
lb 0 ub 22230 after adjustment
costs ready
233 variables 2199 functions 12118 lb, 22230 ub
Iteration 0  HV  cores 1 1 1  time 0.008269 0 0
Iteration 1  HV  cores 2 2 1  time 0.01624 0 0
Iteration 2  HV  cores 3 3 1  time 0.02454 0 0
Iteration 3  HV  cores 4 4 1  time 0.033096 0 0
Iteration 4  HV  cores 5 5 1  time 0.041122 0 0
Iteration 5  HV  cores 6 6 1  time 0.049153 0 0
Iteration 6  HV  cores 7 7 1  time 0.057219 0 0
Iteration 7  HV  cores 8 8 1  time 0.065265 0 0
Iteration 8  HV  cores 9 9 1  time 0.073399 0 0
Iteration 9  HV  cores 10 10 1  time 0.081398 0 0
Iteration 10  HV  cores 11 11 1  time 0.089348 0 0
Iteration 11  HV  cores 12 12 1  time 0.097411 0 0
Iteration 12  HV  cores 13 13 1  time 0.105912 0 0
Iteration 13  HV  cores 14 14 1  time 0.114012 0 0
Iteration 14  HV  cores 15 15 1  time 0.122221 0 0
Iteration 15  HV  cores 16 16 1  time 0.130258 0 0
Iteration 16  HV  cores 17 17 1  time 0.138326 0 0
Iteration 17  HV  cores 18 18 1  time 0.146437 0 0
Iteration 18  HV  cores 19 19 1  time 0.154558 0 0
Iteration 19  HV  cores 20 20 1  time 0.16261 0 0
Iteration 20  HV  cores 21 21 1  time 0.170578 0 0
Iteration 21  HV  cores 22 22 1  time 0.178668 0 0
Iteration 22  HV  cores 23 23 1  time 0.186855 0 0
Iteration 23  HV  cores 24 24 1  time 0.195138 0 0
Iteration 24  HV  cores 25 25 1  time 0.203248 0 0
Iteration 25  HV  cores 26 26 1  time 0.211811 0 0
Iteration 26  HV  cores 27 27 1  time 0.219785 0 0
Iteration 27  HV  cores 28 28 1  time 0.227991 0 0
Iteration 28  HV  cores 29 29 1  time 0.236144 0 0
Iteration 29  HV  cores 30 30 1  time 0.244205 0 0
Iteration 30  HV  cores 31 31 1  time 0.252359 0 0
Iteration 31  HV  cores 32 32 1  time 0.260844 0 0
Iteration 32  HV  cores 33 33 1  time 0.268869 0 0
Iteration 33  HV  cores 34 34 1  time 0.27695 0 0
Iteration 34  HV  cores 35 35 1  time 0.28506 0 0
Iteration 35  HV  cores 36 36 1  time 0.29315 0 0
Iteration 36  HV  cores 37 37 1  time 0.301231 0 0
Iteration 37  HV  cores 38 38 1  time 0.30931 0 0
Iteration 38  HV  cores 39 39 1  time 0.317339 0 0
Iteration 39  HV  cores 40 40 1  time 0.325967 0 0
Iteration 40  HV  cores 41 41 1  time 0.333992 0 0
Iteration 41  HV  cores 42 42 1  time 0.342194 0 0
Iteration 42  HV  cores 43 43 1  time 0.35022 0 0
Iteration 43  HV  cores 44 44 1  time 0.358475 0 0
Iteration 44  HV  cores 45 45 1  time 0.366503 0 0
Iteration 45  HV  cores 46 46 1  time 0.374508 0 0
Iteration 46  HV  cores 47 47 1  time 0.38263 0 0
Iteration 47  HV  cores 48 48 1  time 0.390962 0 0
Iteration 48  HV  cores 49 49 1  time 0.399325 0 0
Iteration 49  HV  cores 50 50 1  time 0.407314 0 0
Iteration 50  HV  cores 51 51 1  time 0.415362 0 0
Iteration 51  HV  cores 52 51 1  time 0.423449 0 0
Iteration 52  HV  cores 53 52 1  time 0.431548 0 0
Iteration 53  HV  cores 54 53 1  time 0.440117 0 0
Iteration 54  HV  cores 55 54 1  time 0.448354 0 0
Iteration 55  HV  cores 56 55 1  time 0.457691 0 0
Iteration 56  HV  cores 57 56 1  time 0.465941 0 0
Iteration 57  HV  cores 58 57 1  time 0.474251 0 0
Iteration 58  HV  cores 59 58 1  time 0.482358 0 0
Iteration 59  HV  cores 60 59 1  time 0.490462 0 0
Iteration 60  HV  cores 61 60 1  time 0.498753 0 0
Iteration 61  HV  cores 62 61 1  time 0.506998 0 0
Iteration 62  HV  cores 63 62 1  time 0.515485 0 0
Iteration 63  HV  cores 64 63 1  time 0.523548 0 0
Iteration 64  HV  cores 65 64 1  time 0.532342 0 0
Iteration 65  HV  cores 66 65 1  time 0.541262 0 0
Iteration 66  HV  cores 67 66 1  time 0.54937 0 0
Iteration 67  HV  cores 68 65 1  time 0.557671 0 0
Iteration 68  HV  cores 69 66 1  time 0.56703 0 0
Iteration 69  HV  cores 70 67 1  time 0.575168 0 0
Iteration 70  HV  cores 71 68 1  time 0.583329 0 0
Iteration 71  HV  cores 72 69 1  time 0.591401 0 0
Iteration 72  HV  cores 73 70 1  time 0.599425 0 0
Iteration 73  HV  cores 74 71 1  time 0.607884 0 0
Iteration 74  HV  cores 75 72 1  time 0.615869 0 0
Iteration 75  HV  cores 76 73 1  time 0.624152 0 0
Iteration 76  HV  cores 77 74 1  time 0.633527 0 0
Iteration 77  HV  cores 78 75 1  time 0.642251 0 0
Iteration 78  HV  cores 79 76 1  time 0.651399 0 0
Iteration 79  HV  cores 80 77 1  time 0.659939 0 0
Iteration 80  HV  cores 81 78 1  time 0.668301 0 0
Iteration 81  HV  cores 82 79 1  time 0.67677 0 0
Iteration 82  HV  cores 83 80 1  time 0.684966 0 0
Iteration 83  HV  cores 84 81 1  time 0.693833 0 0
Iteration 84  HV  cores 85 82 1  time 0.70203 0 0
Iteration 85  HV  cores 86 83 1  time 0.710423 0 0
Iteration 86  HV  cores 87 84 1  time 0.71949 0 0
Iteration 87  HV  cores 88 85 1  time 0.727584 0 0
Iteration 88  HV  cores 89 86 1  time 0.737325 0 0
Iteration 89  HV  cores 90 87 1  time 0.745369 0 0
Iteration 90  HV  cores 91 88 1  time 0.754433 0 0
Iteration 91  HV  cores 92 89 1  time 0.762641 0 0
Iteration 92  HV  cores 93 90 1  time 0.774342 0 0
Iteration 93  HV  cores 94 91 1  time 0.783089 0 0
Iteration 94  HV  cores 95 92 1  time 0.791123 0 0
Iteration 95  HV  cores 96 93 1  time 0.799337 0 0
Iteration 96  HV  cores 97 94 1  time 0.807387 0 0
Iteration 97  HV  cores 98 95 1  time 0.816214 0 0
Iteration 98  HV  cores 99 96 1  time 0.824507 0 0
Iteration 99  HV  cores 100 88 1  time 0.832633 0 0
Iteration 100  HV  cores 101 89 1  time 0.840681 0 0
Iteration 101  HV  cores 102 90 1  time 0.849637 0 0
Iteration 102  HV  cores 103 91 1  time 0.857955 0 0
Iteration 103  HV  cores 104 92 1  time 0.866306 0 0
Iteration 104  HV  cores 105 92 1  time 0.874647 0 0
Iteration 105  HV  cores 106 93 1  time 0.882692 0 0
Iteration 106  HV  cores 107 93 1  time 0.890859 0 0
Iteration 107  HV  cores 108 94 1  time 0.899084 0 0
Iteration 108  HV  cores 109 95 1  time 0.909733 0 0
Iteration 109  HV  cores 110 96 1  time 0.918625 0 0
Iteration 110  HV  cores 111 96 1  time 0.926589 0 0
Iteration 111  HV  cores 112 96 1  time 0.934642 0 0
Iteration 112  HV  cores 113 97 1  time 0.944581 0 0
Iteration 113  HV  cores 114 98 1  time 0.955775 0 0
Iteration 114  HV  cores 115 99 1  time 0.965889 0 0
Iteration 115  HV  cores 116 100 1  time 0.987154 0 0
Iteration 116  HV  cores 117 94 1  time 0.995388 0 0
Iteration 117  HV  cores 118 95 1  time 1.00612 0 0
Iteration 118  HV  cores 119 96 1  time 1.02518 0 0
Iteration 119  HV  cores 120 97 1  time 1.03476 0 0
Iteration 120  HV  cores 121 98 1  time 1.07831 0 0
Iteration 121  HV  cores 122 97 1  time 1.08731 0 0
Iteration 122  HV  cores 123 98 1  time 1.10028 0 0
Iteration 123  HV  cores 124 99 1  time 1.13026 0 0
Iteration 124  HV  cores 125 100 1  time 1.14205 0 0
Iteration 125  HV  cores 126 101 1  time 1.1868 0 0
Iteration 126  HV  cores 127 100 1  time 1.19657 0 0
Iteration 127  HV  cores 128 101 1  time 1.20805 0 0
Iteration 128  HV  cores 129 102 1  time 1.21845 0 0
Iteration 129  HV  cores 130 101 1  time 1.22683 0 0
Iteration 130  HV  cores 131 102 1  time 1.23498 0 0
Iteration 131  HV  cores 132 103 1  time 1.24962 0 0
Iteration 132  HV  cores 133 104 1  time 1.25986 0 0
Iteration 133  HV  cores 134 104 1  time 1.26794 0 0
Iteration 134  HV  cores 135 105 1  time 1.28421 0 0
Iteration 135  HV  cores 136 99 1  time 1.29254 0 0
Iteration 136  HV  cores 137 99 1  time 1.30062 0 0
Iteration 137  HV  cores 138 100 1  time 1.37071 0 0
Iteration 138  HV  cores 139 100 1  time 1.38136 0 0
Iteration 139  HV  cores 140 101 1  time 1.42911 0 0
Iteration 140  HV  cores 141 102 1  time 1.50711 0 0
Iteration 141  HV  cores 142 103 1  time 1.77394 0 0
Iteration 142  HV  cores 143 103 1  time 1.78316 0 0
Iteration 143  HV  cores 144 102 1  time 1.79153 0 0
Iteration 144  HV  cores 145 103 1  time 1.81706 0 0
Iteration 145  HV  cores 146 104 1  time 1.94595 0 0
Iteration 146  HV  cores 147 103 1  time 1.95411 0 0
Iteration 147  HV  cores 148 104 1  time 2.02435 0 0
Iteration 148  HV  cores 149 104 1  time 2.03458 0 0
Iteration 149  HV  cores 150 105 1  time 2.14681 0 0
Iteration 150  HV  cores 151 105 1  time 2.19602 0 0
Iteration 151  HV  cores 152 106 1  time 2.37366 0 0
Iteration 152  HV  cores 153 106 1  time 2.46424 0 0
Iteration 153  HV  cores 154 106 1  time 2.51537 0 0
Iteration 154  HV  cores 155 105 1  time 2.52431 0 0
Iteration 155  HV  cores 156 106 1  time 3.64141 0 0
Iteration 156  HV  cores 157 106 1  time 5.5652 0 0
Iteration 157  HV  cores 158 106 1  time 6.76326 0 0
Iteration 158  HV  cores 159 106 1  time 7.0343 0 0
Iteration 159  HV  cores 160 106 1  time 122.407 0 0
Iteration 160  HV  cores 161 106 1  time 401.555 0 0
Iteration 161  HV  cores 162 106 1  time 444.824 0 0
Iteration 162  HV  cores 163 105 1  time 444.832 0 0
Iteration 163  HV  cores 164 106 1  time 587.573 0 0
