lb 4817 ub 126863 before adjustment
935 unsorted cost functions
lb 0 ub 122046 after adjustment
costs ready
ub 94613 after 2nd adjustment
600 variables 1664 functions 4817 lb, 94613 ub
Iteration 0  HV  cores 15 15 15  time 0.00735 0 0
Iteration 1  HV  cores 25 25 10  time 0.012341 0 0
Iteration 2  HV  cores 33 31 8  time 0.016399 0 0
Iteration 3  HV  cores 41 38 8  time 0.020527 0 0
Iteration 4  HV  cores 48 42 7  time 0.024139 0 0
Iteration 5  HV  cores 52 46 4  time 0.026147 0 0
Iteration 6  HV  cores 55 47 3  time 0.027678 0 0
Iteration 7  HV  cores 58 50 3  time 0.029733 0 0
Iteration 8  HV  cores 60 52 2  time 0.030831 0 0
Iteration 9  HV  cores 62 53 2  time 0.031884 0 0
Iteration 10  HV  cores 64 55 2  time 0.033033 0 0
Iteration 11  HV  cores 66 57 2  time 0.034388 0 0
Iteration 12  HV  cores 69 60 3  time 0.035921 0 0
Iteration 13  HV  cores 72 63 3  time 0.037351 0 0
Iteration 14  HV  cores 74 64 2  time 0.038351 0 0
Iteration 15  HV  cores 76 66 2  time 0.039623 0 0
Iteration 16  HV  cores 78 68 2  time 0.040841 0 0
Iteration 17  HV  cores 80 70 2  time 0.042373 0 0
Iteration 18  HV  cores 82 72 2  time 0.044084 0 0
Iteration 19  HV  cores 84 74 2  time 0.045456 0 0
Iteration 20  HV  cores 85 75 1  time 0.046576 0 0
Iteration 21  HV  cores 86 76 1  time 0.047276 0 0
Iteration 22  HV  cores 88 78 2  time 0.048378 0 0
Iteration 23  HV  cores 90 80 2  time 0.049493 0 0
Iteration 24  HV  cores 92 81 2  time 0.050617 0 0
Iteration 25  HV  cores 94 81 2  time 0.051728 0 0
Iteration 26  HV  cores 96 81 2  time 0.052918 0 0
Iteration 27  HV  cores 97 82 1  time 0.053535 0 0
Iteration 28  HV  cores 98 83 1  time 0.054134 0 0
Iteration 29  HV  cores 99 84 1  time 0.054724 0 0
Iteration 30  HV  cores 100 85 1  time 0.055413 0 0
Iteration 31  HV  cores 102 86 2  time 0.056565 0 0
Iteration 32  HV  cores 104 88 2  time 0.057642 0 0
Iteration 33  HV  cores 105 89 1  time 0.058573 0 0
Iteration 34  HV  cores 106 90 1  time 0.059322 0 0
Iteration 35  HV  cores 107 91 1  time 0.060224 0 0
Iteration 36  HV  cores 108 91 1  time 0.061015 0 0
Iteration 37  HV  cores 109 92 1  time 0.061902 0 0
Iteration 38  HV  cores 111 94 2  time 0.063287 0 0
Iteration 39  HV  cores 112 95 1  time 0.064146 0 0
Iteration 40  HV  cores 113 96 1  time 0.064878 0 0
Iteration 41  HV  cores 114 97 1  time 0.065697 0 0
Iteration 42  HV  cores 115 97 1  time 0.066417 0 0
Iteration 43  HV  cores 116 98 1  time 0.067156 0 0
Iteration 44  HV  cores 117 99 1  time 0.068009 0 0
Iteration 45  HV  cores 118 99 1  time 0.068975 0 0
Iteration 46  HV  cores 119 99 1  time 0.06979 0 0
Iteration 47  HV  cores 120 99 1  time 0.070488 0 0
Iteration 48  HV  cores 121 100 1  time 0.071171 0 0
Iteration 49  HV  cores 122 99 1  time 0.071869 0 0
Iteration 50  HV  cores 123 99 1  time 0.072707 0 0
Iteration 51  HV  cores 124 100 1  time 0.073635 0 0
Iteration 52  HV  cores 125 101 1  time 0.07454 0 0
Iteration 53  HV  cores 126 102 1  time 0.075435 0 0
Iteration 54 MHV  lb 5973 ub 11007  time 0.075735 0.011344 0
Iteration 55  HV  cores 131 106 5  time 0.0782 0.011344 0
Iteration 56  HV  cores 136 110 5  time 0.080281 0.011344 0
Iteration 57  HV  cores 140 114 4  time 0.082119 0.011344 0
Iteration 58  HV  cores 144 118 4  time 0.083994 0.011344 0
Iteration 59  HV  cores 148 122 4  time 0.085962 0.011344 0
Iteration 60  HV  cores 151 125 3  time 0.087321 0.011344 0
Iteration 61  HV  cores 154 128 3  time 0.088957 0.011344 0
Iteration 62  HV  cores 158 132 4  time 0.09096 0.011344 0
Iteration 63  HV  cores 162 136 4  time 0.093011 0.011344 0
Iteration 64  HV  cores 165 138 3  time 0.094705 0.011344 0
Iteration 65  HV  cores 167 140 2  time 0.095795 0.011344 0
Iteration 66  HV  cores 169 142 2  time 0.097035 0.011344 0
Iteration 67  HV  cores 171 144 2  time 0.098018 0.011344 0
Iteration 68  HV  cores 173 145 2  time 0.09901 0.011344 0
Iteration 69  HV  cores 175 146 2  time 0.099991 0.011344 0
Iteration 70  HV  cores 177 148 2  time 0.101501 0.011344 0
Iteration 71  HV  cores 179 150 2  time 0.102764 0.011344 0
Iteration 72  HV  cores 181 152 2  time 0.103806 0.011344 0
Iteration 73  HV  cores 182 153 1  time 0.104371 0.011344 0
Iteration 74  HV  cores 184 153 2  time 0.105631 0.011344 0
Iteration 75  HV  cores 186 155 2  time 0.106727 0.011344 0
Iteration 76  HV  cores 188 157 2  time 0.107857 0.011344 0
Iteration 77  HV  cores 190 159 2  time 0.108987 0.011344 0
Iteration 78  HV  cores 192 161 2  time 0.110101 0.011344 0
Iteration 79  HV  cores 194 161 2  time 0.111304 0.011344 0
Iteration 80  HV  cores 195 162 1  time 0.112 0.011344 0
Iteration 81  HV  cores 196 163 1  time 0.112832 0.011344 0
Iteration 82  HV  cores 197 164 1  time 0.113649 0.011344 0
Iteration 83  HV  cores 198 164 1  time 0.114365 0.011344 0
Iteration 84  HV  cores 199 164 1  time 0.115212 0.011344 0
Iteration 85  HV  cores 200 165 1  time 0.115822 0.011344 0
Iteration 86  HV  cores 201 166 1  time 0.116543 0.011344 0
Iteration 87  HV  cores 202 167 1  time 0.117203 0.011344 0
Iteration 88  HV  cores 203 167 1  time 0.117848 0.011344 0
Iteration 89  HV  cores 204 168 1  time 0.118646 0.011344 0
Iteration 90  HV  cores 205 168 1  time 0.119384 0.011344 0
Iteration 91  HV  cores 206 168 1  time 0.120121 0.011344 0
Iteration 92  HV  cores 207 168 1  time 0.120738 0.011344 0
Iteration 93  HV  cores 208 169 1  time 0.121452 0.011344 0
Iteration 94  HV  cores 209 170 1  time 0.12218 0.011344 0
Iteration 95  HV  cores 210 171 1  time 0.122877 0.011344 0
Iteration 96  HV  cores 211 172 1  time 0.12375 0.011344 0
Iteration 97  HV  cores 212 173 1  time 0.124538 0.011344 0
Iteration 98  HV  cores 213 174 1  time 0.125356 0.011344 0
Iteration 99  HV  cores 214 175 1  time 0.126014 0.011344 0
Iteration 100  HV  cores 215 175 1  time 0.126886 0.011344 0
Iteration 101  HV  cores 216 176 1  time 0.127767 0.011344 0
Iteration 102  HV  cores 217 176 1  time 0.128645 0.011344 0
Iteration 103  HV  cores 218 177 1  time 0.129567 0.011344 0
Iteration 104  HV  cores 219 178 1  time 0.130458 0.011344 0
Iteration 105 MHV  lb 6258 ub 10245  time 0.13071 0.045742 0
Iteration 106  HV  cores 223 182 4  time 0.132777 0.045742 0
Iteration 107  HV  cores 228 187 5  time 0.134956 0.045742 0
Iteration 108  HV  cores 231 190 3  time 0.137037 0.045742 0
Iteration 109  HV  cores 234 193 3  time 0.138575 0.045742 0
Iteration 110  HV  cores 236 194 2  time 0.139576 0.045742 0
Iteration 111  HV  cores 239 197 3  time 0.14097 0.045742 0
Iteration 112  HV  cores 241 199 2  time 0.141942 0.045742 0
Iteration 113  HV  cores 243 201 2  time 0.142996 0.045742 0
Iteration 114  HV  cores 246 204 3  time 0.144398 0.045742 0
Iteration 115  HV  cores 248 206 2  time 0.145373 0.045742 0
Iteration 116  HV  cores 250 208 2  time 0.14634 0.045742 0
Iteration 117  HV  cores 252 209 2  time 0.147352 0.045742 0
Iteration 118  HV  cores 254 210 2  time 0.14835 0.045742 0
Iteration 119  HV  cores 256 211 2  time 0.149339 0.045742 0
Iteration 120  HV  cores 258 212 2  time 0.150632 0.045742 0
Iteration 121  HV  cores 261 215 3  time 0.152443 0.045742 0
Iteration 122  HV  cores 263 217 2  time 0.153727 0.045742 0
Iteration 123  HV  cores 264 218 1  time 0.154492 0.045742 0
Iteration 124  HV  cores 265 219 1  time 0.155244 0.045742 0
Iteration 125  HV  cores 266 219 1  time 0.155992 0.045742 0
Iteration 126  HV  cores 268 221 2  time 0.157093 0.045742 0
Iteration 127  HV  cores 270 223 2  time 0.158254 0.045742 0
Iteration 128  HV  cores 272 225 2  time 0.159288 0.045742 0
Iteration 129  HV  cores 275 228 3  time 0.160897 0.045742 0
Iteration 130  HV  cores 277 230 2  time 0.161971 0.045742 0
Iteration 131  HV  cores 279 232 2  time 0.163136 0.045742 0
Iteration 132  HV  cores 281 232 2  time 0.164289 0.045742 0
Iteration 133  HV  cores 282 233 1  time 0.164949 0.045742 0
Iteration 134  HV  cores 283 234 1  time 0.16573 0.045742 0
Iteration 135  HV  cores 284 235 1  time 0.166361 0.045742 0
Iteration 136  HV  cores 285 236 1  time 0.167198 0.045742 0
Iteration 137  HV  cores 286 237 1  time 0.168296 0.045742 0
Iteration 138  HV  cores 288 239 2  time 0.169533 0.045742 0
Iteration 139  HV  cores 290 240 2  time 0.170625 0.045742 0
Iteration 140  HV  cores 291 241 1  time 0.171398 0.045742 0
Iteration 141  HV  cores 292 242 1  time 0.172329 0.045742 0
Iteration 142  HV  cores 293 243 1  time 0.173042 0.045742 0
Iteration 143  HV  cores 294 244 1  time 0.173901 0.045742 0
Iteration 144  HV  cores 295 245 1  time 0.174612 0.045742 0
Iteration 145  HV  cores 296 246 1  time 0.175308 0.045742 0
Iteration 146  HV  cores 297 247 1  time 0.175997 0.045742 0
Iteration 147  HV  cores 298 248 1  time 0.176847 0.045742 0
Iteration 148  HV  cores 299 249 1  time 0.177661 0.045742 0
Iteration 149  HV  cores 300 250 1  time 0.178264 0.045742 0
Iteration 150  HV  cores 301 251 1  time 0.179066 0.045742 0
Iteration 151  HV  cores 302 252 1  time 0.179672 0.045742 0
Iteration 152  HV  cores 303 253 1  time 0.180306 0.045742 0
Iteration 153  HV  cores 304 254 1  time 0.1812 0.045742 0
Iteration 154  HV  cores 305 255 1  time 0.181948 0.045742 0
Iteration 155 MHV  lb 6364 ub 10167  time 0.1822 0.133129 0
Iteration 156  HV  cores 309 259 4  time 0.18408 0.133129 0
Iteration 157  HV  cores 313 263 4  time 0.185815 0.133129 0
Iteration 158  HV  cores 316 266 3  time 0.187342 0.133129 0
Iteration 159  HV  cores 319 269 3  time 0.188726 0.133129 0
Iteration 160  HV  cores 321 271 2  time 0.189721 0.133129 0
Iteration 161  HV  cores 323 272 2  time 0.190654 0.133129 0
Iteration 162  HV  cores 326 272 3  time 0.192232 0.133129 0
Iteration 163  HV  cores 329 274 3  time 0.193593 0.133129 0
Iteration 164  HV  cores 331 275 2  time 0.194616 0.133129 0
Iteration 165  HV  cores 333 275 2  time 0.195627 0.133129 0
Iteration 166  HV  cores 335 277 2  time 0.196708 0.133129 0
Iteration 167  HV  cores 338 280 3  time 0.198449 0.133129 0
Iteration 168  HV  cores 340 282 2  time 0.199661 0.133129 0
Iteration 169  HV  cores 342 284 2  time 0.200701 0.133129 0
Iteration 170  HV  cores 344 286 2  time 0.20174 0.133129 0
Iteration 171  HV  cores 346 288 2  time 0.202762 0.133129 0
Iteration 172  HV  cores 348 290 2  time 0.203708 0.133129 0
Iteration 173  HV  cores 350 291 2  time 0.204642 0.133129 0
Iteration 174  HV  cores 352 291 2  time 0.205573 0.133129 0
Iteration 175  HV  cores 353 292 1  time 0.206293 0.133129 0
Iteration 176  HV  cores 354 293 1  time 0.206876 0.133129 0
Iteration 177  HV  cores 355 294 1  time 0.20763 0.133129 0
Iteration 178  HV  cores 356 295 1  time 0.208229 0.133129 0
Iteration 179  HV  cores 357 295 1  time 0.208813 0.133129 0
Iteration 180  HV  cores 358 296 1  time 0.209483 0.133129 0
Iteration 181  HV  cores 359 297 1  time 0.210204 0.133129 0
Iteration 182  HV  cores 360 298 1  time 0.211073 0.133129 0
Iteration 183  HV  cores 361 299 1  time 0.211952 0.133129 0
Iteration 184  HV  cores 362 300 1  time 0.212696 0.133129 0
Iteration 185  HV  cores 363 301 1  time 0.213578 0.133129 0
Iteration 186  HV  cores 364 302 1  time 0.214312 0.133129 0
Iteration 187 MHV  lb 6420 ub 8758  time 0.214563 0.403721 0
Iteration 188  HV  cores 368 306 4  time 0.216729 0.403721 0
Iteration 189  HV  cores 370 308 2  time 0.218149 0.403721 0
Iteration 190  HV  cores 372 310 2  time 0.219354 0.403721 0
Iteration 191  HV  cores 374 312 2  time 0.220506 0.403721 0
Iteration 192  HV  cores 376 314 2  time 0.221655 0.403721 0
Iteration 193  HV  cores 377 314 1  time 0.222294 0.403721 0
Iteration 194  HV  cores 378 315 1  time 0.222931 0.403721 0
Iteration 195  HV  cores 379 316 1  time 0.22358 0.403721 0
Iteration 196  HV  cores 380 317 1  time 0.224231 0.403721 0
Iteration 197  HV  cores 381 317 1  time 0.224856 0.403721 0
Iteration 198  HV  cores 382 318 1  time 0.225415 0.403721 0
Iteration 199  HV  cores 383 319 1  time 0.225968 0.403721 0
Iteration 200  HV  cores 384 320 1  time 0.226637 0.403721 0
Iteration 201  HV  cores 385 320 1  time 0.227286 0.403721 0
Iteration 202  HV  cores 386 321 1  time 0.227864 0.403721 0
Iteration 203  HV  cores 387 322 1  time 0.228515 0.403721 0
Iteration 204  HV  cores 388 323 1  time 0.229181 0.403721 0
Iteration 205  HV  cores 389 324 1  time 0.229854 0.403721 0
Iteration 206  HV  cores 390 325 1  time 0.230476 0.403721 0
Iteration 207  HV  cores 391 326 1  time 0.231197 0.403721 0
Iteration 208  HV  cores 392 327 1  time 0.23188 0.403721 0
Iteration 209  HV  cores 393 328 1  time 0.232504 0.403721 0
Iteration 210  HV  cores 394 329 1  time 0.233127 0.403721 0
Iteration 211  HV  cores 395 329 1  time 0.233771 0.403721 0
Iteration 212  HV  cores 396 330 1  time 0.234401 0.403721 0
Iteration 213  HV  cores 397 331 1  time 0.235476 0.403721 0
Iteration 214  HV  cores 398 332 1  time 0.236366 0.403721 0
Iteration 215  HV  cores 399 333 1  time 0.237154 0.403721 0
Iteration 216  HV  cores 400 334 1  time 0.237975 0.403721 0
Iteration 217  HV  cores 401 335 1  time 0.238769 0.403721 0
Iteration 218  HV  cores 402 335 1  time 0.239561 0.403721 0
Iteration 219  HV  cores 403 336 1  time 0.240355 0.403721 0
Iteration 220  HV  cores 404 337 1  time 0.241207 0.403721 0
Iteration 221  HV  cores 405 338 1  time 0.242019 0.403721 0
Iteration 222  HV  cores 406 339 1  time 0.242975 0.403721 0
Iteration 223  HV  cores 407 340 1  time 0.243811 0.403721 0
Iteration 224  HV  cores 408 341 1  time 0.244664 0.403721 0
Iteration 225  HV  cores 409 342 1  time 0.24554 0.403721 0
Iteration 226  HV  cores 410 343 1  time 0.246355 0.403721 0
Iteration 227  HV  cores 411 344 1  time 0.247206 0.403721 0
Iteration 228  HV  cores 412 345 1  time 0.247838 0.403721 0
Iteration 229  HV  cores 413 346 1  time 0.248752 0.403721 0
Iteration 230  HV  cores 414 347 1  time 0.249497 0.403721 0
Iteration 231  HV  cores 415 348 1  time 0.250233 0.403721 0
Iteration 232  HV  cores 416 349 1  time 0.250971 0.403721 0
Iteration 233 MHV  lb 6428 ub 8532  time 0.251229 0.830442 0
Iteration 234  HV  cores 418 351 2  time 0.252334 0.830442 0
Iteration 235  HV  cores 420 353 2  time 0.25334 0.830442 0
Iteration 236  HV  cores 421 354 1  time 0.253979 0.830442 0
Iteration 237  HV  cores 422 355 1  time 0.254552 0.830442 0
Iteration 238  HV  cores 423 356 1  time 0.255122 0.830442 0
Iteration 239  HV  cores 424 357 1  time 0.255773 0.830442 0
Iteration 240  HV  cores 425 358 1  time 0.256474 0.830442 0
Iteration 241  HV  cores 426 359 1  time 0.257132 0.830442 0
Iteration 242  HV  cores 427 360 1  time 0.257811 0.830442 0
Iteration 243  HV  cores 428 361 1  time 0.258559 0.830442 0
Iteration 244  HV  cores 429 359 1  time 0.25931 0.830442 0
Iteration 245  HV  cores 430 360 1  time 0.260033 0.830442 0
Iteration 246  HV  cores 431 360 1  time 0.260735 0.830442 0
Iteration 247  HV  cores 432 361 1  time 0.261426 0.830442 0
Iteration 248  HV  cores 433 362 1  time 0.262064 0.830442 0
Iteration 249  HV  cores 434 362 1  time 0.2627 0.830442 0
Iteration 250  HV  cores 435 363 1  time 0.263424 0.830442 0
Iteration 251  HV  cores 436 364 1  time 0.264177 0.830442 0
Iteration 252  HV  cores 437 365 1  time 0.264845 0.830442 0
Iteration 253  HV  cores 438 366 1  time 0.265461 0.830442 0
Iteration 254  HV  cores 439 367 1  time 0.266124 0.830442 0
Iteration 255  HV  cores 440 368 1  time 0.266757 0.830442 0
Iteration 256  HV  cores 441 369 1  time 0.267396 0.830442 0
Iteration 257  HV  cores 442 370 1  time 0.26802 0.830442 0
Iteration 258  HV  cores 443 371 1  time 0.268693 0.830442 0
Iteration 259  HV  cores 444 372 1  time 0.269312 0.830442 0
Iteration 260  HV  cores 445 373 1  time 0.269932 0.830442 0
Iteration 261  HV  cores 446 374 1  time 0.270551 0.830442 0
Iteration 262  HV  cores 447 375 1  time 0.271172 0.830442 0
Iteration 263  HV  cores 448 376 1  time 0.271786 0.830442 0
Iteration 264  HV  cores 449 377 1  time 0.272431 0.830442 0
Iteration 265  HV  cores 450 378 1  time 0.273043 0.830442 0
Iteration 266  HV  cores 451 379 1  time 0.273653 0.830442 0
Iteration 267  HV  cores 452 379 1  time 0.274262 0.830442 0
Iteration 268  HV  cores 453 380 1  time 0.274873 0.830442 0
Iteration 269  HV  cores 454 381 1  time 0.275482 0.830442 0
Iteration 270  HV  cores 455 382 1  time 0.276096 0.830442 0
Iteration 271  HV  cores 456 383 1  time 0.276718 0.830442 0
Iteration 272  HV  cores 457 384 1  time 0.277335 0.830442 0
Iteration 273  HV  cores 458 385 1  time 0.278036 0.830442 0
Iteration 274  HV  cores 459 386 1  time 0.278736 0.830442 0
Iteration 275  HV  cores 460 387 1  time 0.279435 0.830442 0
Iteration 276  HV  cores 461 388 1  time 0.280133 0.830442 0
Iteration 277  HV  cores 462 389 1  time 0.280858 0.830442 0
Iteration 278  HV  cores 463 390 1  time 0.281473 0.830442 0
Iteration 279  HV  cores 464 391 1  time 0.28209 0.830442 0
Iteration 280  HV  cores 465 392 1  time 0.282702 0.830442 0
Iteration 281  HV  cores 466 393 1  time 0.283321 0.830442 0
Iteration 282  HV  cores 467 394 1  time 0.28411 0.830442 0
Iteration 283  HV  cores 468 395 1  time 0.284872 0.830442 0
Iteration 284  HV  cores 469 395 1  time 0.285558 0.830442 0
Iteration 285  HV  cores 470 396 1  time 0.286346 0.830442 0
Iteration 286  HV  cores 471 397 1  time 0.286972 0.830442 0
Iteration 287  HV  cores 472 398 1  time 0.287679 0.830442 0
Iteration 288  HV  cores 473 399 1  time 0.288334 0.830442 0
Iteration 289  HV  cores 474 398 1  time 0.289007 0.830442 0
Iteration 290  HV  cores 475 398 1  time 0.289666 0.830442 0
Iteration 291  HV  cores 476 399 1  time 0.29047 0.830442 0
Iteration 292  HV  cores 477 400 1  time 0.29121 0.830442 0
Iteration 293  HV  cores 478 401 1  time 0.291885 0.830442 0
Iteration 294 MHV  lb 6432 ub 8532  time 0.292144 1.38277 0
Iteration 295  HV  cores 480 403 2  time 0.293233 1.38277 0
Iteration 296  HV  cores 482 405 2  time 0.294271 1.38277 0
Iteration 297  HV  cores 483 406 1  time 0.294883 1.38277 0
Iteration 298  HV  cores 484 407 1  time 0.29547 1.38277 0
Iteration 299  HV  cores 485 408 1  time 0.296052 1.38277 0
Iteration 300  HV  cores 486 408 1  time 0.296644 1.38277 0
Iteration 301  HV  cores 487 409 1  time 0.297247 1.38277 0
Iteration 302  HV  cores 488 410 1  time 0.297837 1.38277 0
Iteration 303  HV  cores 489 411 1  time 0.298469 1.38277 0
Iteration 304  HV  cores 490 412 1  time 0.299097 1.38277 0
Iteration 305  HV  cores 491 413 1  time 0.299759 1.38277 0
Iteration 306  HV  cores 492 414 1  time 0.300529 1.38277 0
Iteration 307  HV  cores 493 415 1  time 0.301129 1.38277 0
Iteration 308  HV  cores 494 416 1  time 0.301775 1.38277 0
Iteration 309  HV  cores 495 417 1  time 0.302365 1.38277 0
Iteration 310  HV  cores 496 418 1  time 0.303131 1.38277 0
Iteration 311  HV  cores 497 419 1  time 0.303826 1.38277 0
Iteration 312  HV  cores 498 420 1  time 0.304426 1.38277 0
Iteration 313  HV  cores 499 421 1  time 0.305217 1.38277 0
Iteration 314  HV  cores 500 422 1  time 0.305849 1.38277 0
Iteration 315  HV  cores 501 423 1  time 0.306429 1.38277 0
Iteration 316  HV  cores 502 424 1  time 0.307214 1.38277 0
Iteration 317  HV  cores 503 425 1  time 0.307972 1.38277 0
Iteration 318  HV  cores 504 426 1  time 0.308563 1.38277 0
Iteration 319  HV  cores 505 427 1  time 0.309178 1.38277 0
Iteration 320  HV  cores 506 428 1  time 0.309773 1.38277 0
Iteration 321  HV  cores 507 429 1  time 0.310383 1.38277 0
Iteration 322  HV  cores 508 430 1  time 0.310984 1.38277 0
Iteration 323  HV  cores 509 431 1  time 0.311767 1.38277 0
Iteration 324  HV  cores 510 432 1  time 0.312368 1.38277 0
Iteration 325  HV  cores 511 433 1  time 0.312991 1.38277 0
Iteration 326  HV  cores 512 433 1  time 0.313704 1.38277 0
Iteration 327  HV  cores 513 434 1  time 0.314447 1.38277 0
Iteration 328  HV  cores 514 435 1  time 0.315166 1.38277 0
Iteration 329  HV  cores 515 436 1  time 0.315872 1.38277 0
Iteration 330  HV  cores 516 437 1  time 0.316621 1.38277 0
Iteration 331  HV  cores 517 438 1  time 0.317424 1.38277 0
Iteration 332  HV  cores 518 439 1  time 0.318222 1.38277 0
Iteration 333  HV  cores 519 440 1  time 0.319055 1.38277 0
Iteration 334  HV  cores 520 440 1  time 0.319852 1.38277 0
Iteration 335  HV  cores 521 440 1  time 0.320649 1.38277 0
Iteration 336  HV  cores 522 441 1  time 0.32128 1.38277 0
Iteration 337  HV  cores 523 442 1  time 0.32204 1.38277 0
Iteration 338  HV  cores 524 443 1  time 0.322842 1.38277 0
Iteration 339  HV  cores 525 444 1  time 0.323661 1.38277 0
Iteration 340  HV  cores 526 445 1  time 0.324503 1.38277 0
Iteration 341 MHV  lb 6435 ub 7778  time 0.324763 1.77718 0
Iteration 342  HV  cores 530 449 4  time 0.326989 1.77718 0
Iteration 343  HV  cores 534 452 4  time 0.328883 1.77718 0
Iteration 344  HV  cores 538 456 4  time 0.330551 1.77718 0
Iteration 345  HV  cores 541 459 3  time 0.331901 1.77718 0
Iteration 346  HV  cores 544 462 3  time 0.333336 1.77718 0
Iteration 347  HV  cores 547 463 3  time 0.334803 1.77718 0
Iteration 348  HV  cores 550 466 3  time 0.336273 1.77718 0
Iteration 349  HV  cores 553 467 3  time 0.337685 1.77718 0
Iteration 350  HV  cores 555 469 2  time 0.33904 1.77718 0
Iteration 351  HV  cores 557 471 2  time 0.340221 1.77718 0
Iteration 352  HV  cores 559 472 2  time 0.34139 1.77718 0
Iteration 353  HV  cores 561 473 2  time 0.342504 1.77718 0
Iteration 354  HV  cores 563 475 2  time 0.343644 1.77718 0
Iteration 355  HV  cores 565 477 2  time 0.344987 1.77718 0
Iteration 356  HV  cores 566 478 1  time 0.345757 1.77718 0
Iteration 357  HV  cores 568 479 2  time 0.346887 1.77718 0
Iteration 358  HV  cores 570 481 2  time 0.347872 1.77718 0
Iteration 359  HV  cores 571 482 1  time 0.348676 1.77718 0
Iteration 360  HV  cores 572 483 1  time 0.349446 1.77718 0
Iteration 361  HV  cores 573 484 1  time 0.350239 1.77718 0
Iteration 362  HV  cores 574 483 1  time 0.351017 1.77718 0
Iteration 363  HV  cores 576 484 2  time 0.352058 1.77718 0
Iteration 364  HV  cores 577 485 1  time 0.352821 1.77718 0
Iteration 365  HV  cores 578 486 1  time 0.353571 1.77718 0
Iteration 366  HV  cores 579 487 1  time 0.35446 1.77718 0
Iteration 367  HV  cores 580 488 1  time 0.355226 1.77718 0
Iteration 368  HV  cores 581 489 1  time 0.355992 1.77718 0
Iteration 369  HV  cores 582 490 1  time 0.356779 1.77718 0
Iteration 370  HV  cores 583 491 1  time 0.357621 1.77718 0
Iteration 371  HV  cores 584 492 1  time 0.358255 1.77718 0
Iteration 372  HV  cores 585 493 1  time 0.359118 1.77718 0
Iteration 373  HV  cores 586 494 1  time 0.359926 1.77718 0
Iteration 374  HV  cores 587 494 1  time 0.360722 1.77718 0
Iteration 375  HV  cores 588 495 1  time 0.361654 1.77718 0
Iteration 376  HV  cores 589 496 1  time 0.362567 1.77718 0
Iteration 377  HV  cores 590 497 1  time 0.363479 1.77718 0
Iteration 378  HV  cores 591 498 1  time 0.364488 1.77718 0
Iteration 379 MHV  lb 6449 ub 7778  time 0.364742 2.15483 0
Iteration 380  HV  cores 594 501 3  time 0.366215 2.15483 0
Iteration 381  HV  cores 597 504 3  time 0.367704 2.15483 0
Iteration 382  HV  cores 599 506 2  time 0.368931 2.15483 0
Iteration 383  HV  cores 601 508 2  time 0.370037 2.15483 0
Iteration 384  HV  cores 603 509 2  time 0.371102 2.15483 0
Iteration 385  HV  cores 604 510 1  time 0.371668 2.15483 0
Iteration 386  HV  cores 605 510 1  time 0.372224 2.15483 0
Iteration 387  HV  cores 606 508 1  time 0.372773 2.15483 0
Iteration 388  HV  cores 607 508 1  time 0.373357 2.15483 0
Iteration 389  HV  cores 608 509 1  time 0.373969 2.15483 0
Iteration 390  HV  cores 609 510 1  time 0.374624 2.15483 0
Iteration 391  HV  cores 610 511 1  time 0.375511 2.15483 0
Iteration 392  HV  cores 611 512 1  time 0.376213 2.15483 0
Iteration 393  HV  cores 612 513 1  time 0.376899 2.15483 0
Iteration 394  HV  cores 613 514 1  time 0.377501 2.15483 0
Iteration 395  HV  cores 614 515 1  time 0.37823 2.15483 0
Iteration 396  HV  cores 615 516 1  time 0.378825 2.15483 0
Iteration 397  HV  cores 616 517 1  time 0.379513 2.15483 0
Iteration 398  HV  cores 617 518 1  time 0.380298 2.15483 0
Iteration 399  HV  cores 618 518 1  time 0.381056 2.15483 0
Iteration 400  HV  cores 619 519 1  time 0.381882 2.15483 0
Iteration 401  HV  cores 620 518 1  time 0.382578 2.15483 0
Iteration 402  HV  cores 621 519 1  time 0.383198 2.15483 0
Iteration 403  HV  cores 622 520 1  time 0.383955 2.15483 0
Iteration 404  HV  cores 623 521 1  time 0.384711 2.15483 0
Iteration 405  HV  cores 624 522 1  time 0.385473 2.15483 0
Iteration 406  HV  cores 625 523 1  time 0.38623 2.15483 0
Iteration 407  HV  cores 626 524 1  time 0.38683 2.15483 0
Iteration 408  HV  cores 627 525 1  time 0.387431 2.15483 0
Iteration 409  HV  cores 628 526 1  time 0.388057 2.15483 0
Iteration 410  HV  cores 629 527 1  time 0.388689 2.15483 0
Iteration 411  HV  cores 630 527 1  time 0.389319 2.15483 0
Iteration 412  HV  cores 631 528 1  time 0.389945 2.15483 0
Iteration 413  HV  cores 632 529 1  time 0.390569 2.15483 0
Iteration 414  HV  cores 633 530 1  time 0.391194 2.15483 0
Iteration 415  HV  cores 634 531 1  time 0.391815 2.15483 0
Iteration 416  HV  cores 635 532 1  time 0.392436 2.15483 0
Iteration 417  HV  cores 636 533 1  time 0.393188 2.15483 0
Iteration 418  HV  cores 637 534 1  time 0.393913 2.15483 0
Iteration 419  HV  cores 638 535 1  time 0.394631 2.15483 0
Iteration 420  HV  cores 639 536 1  time 0.395351 2.15483 0
Iteration 421  HV  cores 640 537 1  time 0.396124 2.15483 0
Iteration 422  HV  cores 641 538 1  time 0.396871 2.15483 0
Iteration 423  HV  cores 642 539 1  time 0.397625 2.15483 0
Iteration 424  HV  cores 643 540 1  time 0.398348 2.15483 0
Iteration 425  HV  cores 644 541 1  time 0.39906 2.15483 0
Iteration 426 MHV  lb 6469 ub 7778  time 0.399319 2.70266 0
Iteration 427  HV  cores 646 543 2  time 0.400562 2.70266 0
Iteration 428  HV  cores 647 544 1  time 0.401199 2.70266 0
Iteration 429  HV  cores 649 546 2  time 0.40241 2.70266 0
Iteration 430  HV  cores 651 548 2  time 0.403477 2.70266 0
Iteration 431  HV  cores 653 550 2  time 0.404566 2.70266 0
Iteration 432  HV  cores 655 551 2  time 0.405677 2.70266 0
Iteration 433  HV  cores 657 553 2  time 0.406621 2.70266 0
Iteration 434  HV  cores 659 555 2  time 0.407582 2.70266 0
Iteration 435  HV  cores 661 555 2  time 0.408487 2.70266 0
Iteration 436  HV  cores 662 556 1  time 0.409087 2.70266 0
Iteration 437  HV  cores 664 558 2  time 0.410082 2.70266 0
Iteration 438  HV  cores 666 559 2  time 0.411097 2.70266 0
Iteration 439  HV  cores 667 560 1  time 0.4122 2.70266 0
Iteration 440  HV  cores 668 561 1  time 0.41282 2.70266 0
Iteration 441  HV  cores 669 562 1  time 0.413427 2.70266 0
Iteration 442  HV  cores 670 563 1  time 0.414034 2.70266 0
Iteration 443  HV  cores 671 564 1  time 0.414674 2.70266 0
Iteration 444  HV  cores 672 565 1  time 0.415285 2.70266 0
Iteration 445  HV  cores 673 566 1  time 0.415894 2.70266 0
Iteration 446  HV  cores 674 567 1  time 0.416592 2.70266 0
Iteration 447  HV  cores 675 568 1  time 0.4172 2.70266 0
Iteration 448  HV  cores 676 569 1  time 0.417808 2.70266 0
Iteration 449  HV  cores 677 570 1  time 0.418448 2.70266 0
Iteration 450  HV  cores 678 571 1  time 0.419092 2.70266 0
Iteration 451  HV  cores 679 572 1  time 0.419717 2.70266 0
Iteration 452  HV  cores 680 573 1  time 0.420355 2.70266 0
Iteration 453  HV  cores 681 574 1  time 0.42106 2.70266 0
Iteration 454  HV  cores 682 575 1  time 0.421668 2.70266 0
Iteration 455  HV  cores 683 576 1  time 0.422395 2.70266 0
Iteration 456  HV  cores 684 577 1  time 0.423009 2.70266 0
Iteration 457  HV  cores 685 578 1  time 0.423618 2.70266 0
Iteration 458  HV  cores 686 579 1  time 0.424246 2.70266 0
Iteration 459  HV  cores 687 580 1  time 0.424845 2.70266 0
Iteration 460  HV  cores 688 581 1  time 0.425439 2.70266 0
Iteration 461  HV  cores 689 581 1  time 0.426035 2.70266 0
Iteration 462  HV  cores 690 582 1  time 0.426625 2.70266 0
Iteration 463  HV  cores 691 583 1  time 0.427217 2.70266 0
Iteration 464  HV  cores 692 584 1  time 0.427829 2.70266 0
Iteration 465  HV  cores 693 585 1  time 0.428437 2.70266 0
Iteration 466  HV  cores 694 586 1  time 0.429047 2.70266 0
Iteration 467  HV  cores 695 587 1  time 0.429664 2.70266 0
Iteration 468  HV  cores 696 588 1  time 0.430304 2.70266 0
Iteration 469  HV  cores 697 589 1  time 0.431052 2.70266 0
Iteration 470  HV  cores 698 590 1  time 0.431681 2.70266 0
Iteration 471  HV  cores 700 592 2  time 0.432654 2.70266 0
Iteration 472  HV  cores 701 593 1  time 0.433645 2.70266 0
Iteration 473  HV  cores 702 594 1  time 0.434538 2.70266 0
Iteration 474  HV  cores 704 595 2  time 0.435584 2.70266 0
Iteration 475  HV  cores 706 597 2  time 0.436722 2.70266 0
Iteration 476  HV  cores 707 598 1  time 0.437372 2.70266 0
Iteration 477  HV  cores 708 599 1  time 0.438002 2.70266 0
Iteration 478  HV  cores 709 599 1  time 0.438611 2.70266 0
Iteration 479 MHV  lb 6481 ub 7778  time 0.438873 3.42067 0
Iteration 480  HV  cores 712 602 3  time 0.440384 3.42067 0
Iteration 481  HV  cores 714 604 2  time 0.441411 3.42067 0
Iteration 482  HV  cores 716 606 2  time 0.442644 3.42067 0
Iteration 483  HV  cores 718 607 2  time 0.443839 3.42067 0
Iteration 484  HV  cores 720 609 2  time 0.44491 3.42067 0
Iteration 485  HV  cores 722 609 2  time 0.446012 3.42067 0
Iteration 486  HV  cores 724 609 2  time 0.447033 3.42067 0
Iteration 487  HV  cores 726 611 2  time 0.447977 3.42067 0
Iteration 488  HV  cores 728 612 2  time 0.448969 3.42067 0
Iteration 489  HV  cores 729 613 1  time 0.449673 3.42067 0
Iteration 490  HV  cores 730 614 1  time 0.450279 3.42067 0
Iteration 491  HV  cores 731 614 1  time 0.450881 3.42067 0
Iteration 492  HV  cores 732 615 1  time 0.451477 3.42067 0
Iteration 493  HV  cores 733 616 1  time 0.452083 3.42067 0
Iteration 494  HV  cores 734 617 1  time 0.452738 3.42067 0
Iteration 495  HV  cores 735 617 1  time 0.453344 3.42067 0
Iteration 496  HV  cores 736 618 1  time 0.453955 3.42067 0
Iteration 497  HV  cores 737 619 1  time 0.45466 3.42067 0
Iteration 498  HV  cores 738 620 1  time 0.455362 3.42067 0
Iteration 499  HV  cores 739 621 1  time 0.45598 3.42067 0
Iteration 500  HV  cores 740 622 1  time 0.456645 3.42067 0
Iteration 501  HV  cores 741 623 1  time 0.457426 3.42067 0
Iteration 502  HV  cores 742 624 1  time 0.458039 3.42067 0
Iteration 503  HV  cores 743 625 1  time 0.458757 3.42067 0
Iteration 504  HV  cores 744 626 1  time 0.45946 3.42067 0
Iteration 505  HV  cores 745 627 1  time 0.460185 3.42067 0
Iteration 506  HV  cores 746 628 1  time 0.460976 3.42067 0
Iteration 507  HV  cores 747 629 1  time 0.461681 3.42067 0
Iteration 508  HV  cores 748 630 1  time 0.462371 3.42067 0
Iteration 509  HV  cores 749 630 1  time 0.463064 3.42067 0
Iteration 510  HV  cores 750 630 1  time 0.463787 3.42067 0
Iteration 511  HV  cores 751 631 1  time 0.464522 3.42067 0
Iteration 512  HV  cores 752 632 1  time 0.465257 3.42067 0
Iteration 513  HV  cores 753 633 1  time 0.465974 3.42067 0
Iteration 514  HV  cores 754 634 1  time 0.46668 3.42067 0
Iteration 515  HV  cores 755 635 1  time 0.467401 3.42067 0
Iteration 516  HV  cores 756 636 1  time 0.468117 3.42067 0
Iteration 517 MHV  lb 6520 ub 7778  time 0.468375 4.44752 0
Iteration 518  HV  cores 759 638 3  time 0.470008 4.44752 0
Iteration 519  HV  cores 762 641 3  time 0.471538 4.44752 0
Iteration 520  HV  cores 764 643 2  time 0.472707 4.44752 0
Iteration 521  HV  cores 766 644 2  time 0.473739 4.44752 0
Iteration 522  HV  cores 768 646 2  time 0.474849 4.44752 0
Iteration 523  HV  cores 770 648 2  time 0.476017 4.44752 0
Iteration 524  HV  cores 772 649 2  time 0.477128 4.44752 0
Iteration 525  HV  cores 773 650 1  time 0.477963 4.44752 0
Iteration 526  HV  cores 775 652 2  time 0.479242 4.44752 0
Iteration 527  HV  cores 777 654 2  time 0.480267 4.44752 0
Iteration 528  HV  cores 779 655 2  time 0.481285 4.44752 0
Iteration 529  HV  cores 781 655 2  time 0.482297 4.44752 0
Iteration 530  HV  cores 783 656 2  time 0.483328 4.44752 0
Iteration 531  HV  cores 784 656 1  time 0.483911 4.44752 0
Iteration 532  HV  cores 785 657 1  time 0.484578 4.44752 0
Iteration 533  HV  cores 787 659 2  time 0.485716 4.44752 0
Iteration 534  HV  cores 789 661 2  time 0.486999 4.44752 0
Iteration 535  HV  cores 791 662 2  time 0.488213 4.44752 0
Iteration 536  HV  cores 792 663 1  time 0.488838 4.44752 0
Iteration 537  HV  cores 793 664 1  time 0.489536 4.44752 0
Iteration 538  HV  cores 794 665 1  time 0.490402 4.44752 0
Iteration 539  HV  cores 795 666 1  time 0.491012 4.44752 0
Iteration 540  HV  cores 796 666 1  time 0.491612 4.44752 0
Iteration 541  HV  cores 797 667 1  time 0.49221 4.44752 0
Iteration 542  HV  cores 798 668 1  time 0.492808 4.44752 0
Iteration 543  HV  cores 799 669 1  time 0.493439 4.44752 0
Iteration 544  HV  cores 800 670 1  time 0.494058 4.44752 0
Iteration 545  HV  cores 801 671 1  time 0.494759 4.44752 0
Iteration 546  HV  cores 802 672 1  time 0.495458 4.44752 0
Iteration 547  HV  cores 803 673 1  time 0.496068 4.44752 0
Iteration 548  HV  cores 804 674 1  time 0.496678 4.44752 0
Iteration 549  HV  cores 805 675 1  time 0.497317 4.44752 0
Iteration 550  HV  cores 806 676 1  time 0.497927 4.44752 0
Iteration 551  HV  cores 807 677 1  time 0.498539 4.44752 0
Iteration 552  HV  cores 808 678 1  time 0.499163 4.44752 0
Iteration 553  HV  cores 809 679 1  time 0.499795 4.44752 0
Iteration 554  HV  cores 810 680 1  time 0.500418 4.44752 0
Iteration 555  HV  cores 811 681 1  time 0.501065 4.44752 0
Iteration 556  HV  cores 812 682 1  time 0.501694 4.44752 0
Iteration 557  HV  cores 813 682 1  time 0.50231 4.44752 0
Iteration 558  HV  cores 814 683 1  time 0.502928 4.44752 0
Iteration 559  HV  cores 815 684 1  time 0.503542 4.44752 0
Iteration 560  HV  cores 816 685 1  time 0.504199 4.44752 0
Iteration 561  HV  cores 817 686 1  time 0.504823 4.44752 0
Iteration 562  HV  cores 818 687 1  time 0.505541 4.44752 0
Iteration 563  HV  cores 819 688 1  time 0.506253 4.44752 0
Iteration 564  HV  cores 820 688 1  time 0.50696 4.44752 0
Iteration 565 MHV  lb 6537 ub 7778  time 0.507214 5.61136 0
Iteration 566  HV  cores 821 689 1  time 0.5081 5.61136 0
Iteration 567  HV  cores 822 690 1  time 0.50878 5.61136 0
Iteration 568  HV  cores 823 691 1  time 0.509445 5.61136 0
Iteration 569  HV  cores 824 691 1  time 0.510109 5.61136 0
Iteration 570  HV  cores 826 693 2  time 0.511274 5.61136 0
Iteration 571  HV  cores 828 695 2  time 0.512397 5.61136 0
Iteration 572  HV  cores 830 697 2  time 0.513539 5.61136 0
Iteration 573  HV  cores 831 698 1  time 0.51425 5.61136 0
Iteration 574  HV  cores 832 699 1  time 0.515203 5.61136 0
Iteration 575  HV  cores 833 700 1  time 0.516165 5.61136 0
Iteration 576  HV  cores 834 701 1  time 0.516788 5.61136 0
Iteration 577  HV  cores 835 702 1  time 0.517743 5.61136 0
Iteration 578  HV  cores 836 703 1  time 0.51859 5.61136 0
Iteration 579  HV  cores 837 704 1  time 0.519208 5.61136 0
Iteration 580  HV  cores 838 705 1  time 0.520009 5.61136 0
Iteration 581  HV  cores 839 706 1  time 0.520629 5.61136 0
Iteration 582  HV  cores 840 707 1  time 0.521251 5.61136 0
Iteration 583  HV  cores 841 708 1  time 0.521907 5.61136 0
Iteration 584  HV  cores 842 709 1  time 0.522631 5.61136 0
Iteration 585  HV  cores 843 710 1  time 0.523348 5.61136 0
Iteration 586  HV  cores 844 711 1  time 0.524062 5.61136 0
Iteration 587  HV  cores 845 712 1  time 0.524775 5.61136 0
Iteration 588  HV  cores 846 713 1  time 0.525493 5.61136 0
Iteration 589  HV  cores 847 713 1  time 0.526119 5.61136 0
Iteration 590  HV  cores 848 714 1  time 0.526731 5.61136 0
Iteration 591  HV  cores 849 715 1  time 0.527337 5.61136 0
Iteration 592  HV  cores 850 716 1  time 0.528074 5.61136 0
Iteration 593  HV  cores 851 717 1  time 0.528887 5.61136 0
Iteration 594  HV  cores 852 718 1  time 0.529891 5.61136 0
Iteration 595  HV  cores 853 719 1  time 0.530865 5.61136 0
Iteration 596  HV  cores 854 720 1  time 0.53161 5.61136 0
Iteration 597  HV  cores 855 721 1  time 0.532362 5.61136 0
Iteration 598  HV  cores 856 722 1  time 0.532985 5.61136 0
Iteration 599 MHV  lb 6541 ub 7778  time 0.533248 7.30246 0
Iteration 600  HV  cores 859 725 3  time 0.534785 7.30246 0
Iteration 601  HV  cores 861 727 2  time 0.535816 7.30246 0
Iteration 602  HV  cores 863 729 2  time 0.536887 7.30246 0
Iteration 603  HV  cores 864 730 1  time 0.537528 7.30246 0
Iteration 604  HV  cores 865 731 1  time 0.538155 7.30246 0
Iteration 605  HV  cores 866 732 1  time 0.538775 7.30246 0
Iteration 606  HV  cores 867 733 1  time 0.539386 7.30246 0
Iteration 607  HV  cores 868 733 1  time 0.539994 7.30246 0
Iteration 608  HV  cores 869 734 1  time 0.540651 7.30246 0
Iteration 609  HV  cores 870 735 1  time 0.541271 7.30246 0
Iteration 610  HV  cores 871 736 1  time 0.541881 7.30246 0
Iteration 611  HV  cores 872 737 1  time 0.542487 7.30246 0
Iteration 612  HV  cores 873 738 1  time 0.543097 7.30246 0
Iteration 613  HV  cores 874 739 1  time 0.543953 7.30246 0
Iteration 614  HV  cores 875 740 1  time 0.544884 7.30246 0
Iteration 615  HV  cores 876 741 1  time 0.54567 7.30246 0
Iteration 616  HV  cores 877 742 1  time 0.546292 7.30246 0
Iteration 617  HV  cores 878 743 1  time 0.546911 7.30246 0
Iteration 618  HV  cores 879 744 1  time 0.547525 7.30246 0
Iteration 619  HV  cores 880 745 1  time 0.54819 7.30246 0
Iteration 620  HV  cores 881 745 1  time 0.548803 7.30246 0
Iteration 621  HV  cores 882 746 1  time 0.549416 7.30246 0
Iteration 622  HV  cores 883 747 1  time 0.55014 7.30246 0
Iteration 623  HV  cores 884 748 1  time 0.55076 7.30246 0
Iteration 624  HV  cores 885 749 1  time 0.551393 7.30246 0
Iteration 625  HV  cores 886 749 1  time 0.55201 7.30246 0
Iteration 626  HV  cores 887 749 1  time 0.552624 7.30246 0
Iteration 627  HV  cores 888 750 1  time 0.55324 7.30246 0
Iteration 628  HV  cores 889 750 1  time 0.553853 7.30246 0
Iteration 629  HV  cores 890 751 1  time 0.554518 7.30246 0
Iteration 630  HV  cores 891 752 1  time 0.555179 7.30246 0
Iteration 631  HV  cores 892 753 1  time 0.555827 7.30246 0
Iteration 632  HV  cores 893 753 1  time 0.55656 7.30246 0
Iteration 633  HV  cores 894 754 1  time 0.557194 7.30246 0
Iteration 634  HV  cores 895 755 1  time 0.558229 7.30246 0
Iteration 635  HV  cores 896 756 1  time 0.559079 7.30246 0
Iteration 636  HV  cores 897 757 1  time 0.559798 7.30246 0
Iteration 637  HV  cores 898 758 1  time 0.560447 7.30246 0
Iteration 638  HV  cores 899 759 1  time 0.561273 7.30246 0
Iteration 639 MHV  lb 6545 ub 7695  time 0.561531 8.79986 0
Iteration 640  HV  cores 901 761 2  time 0.562746 8.79986 0
Iteration 641  HV  cores 903 763 2  time 0.563696 8.79986 0
Iteration 642  HV  cores 905 765 2  time 0.564793 8.79986 0
Iteration 643  HV  cores 907 767 2  time 0.565919 8.79986 0
Iteration 644  HV  cores 909 769 2  time 0.566867 8.79986 0
Iteration 645  HV  cores 911 771 2  time 0.567821 8.79986 0
Iteration 646  HV  cores 913 771 2  time 0.568852 8.79986 0
Iteration 647  HV  cores 914 772 1  time 0.569467 8.79986 0
Iteration 648  HV  cores 915 773 1  time 0.57007 8.79986 0
Iteration 649  HV  cores 916 774 1  time 0.570673 8.79986 0
Iteration 650  HV  cores 917 775 1  time 0.571322 8.79986 0
Iteration 651  HV  cores 918 776 1  time 0.57192 8.79986 0
Iteration 652  HV  cores 919 777 1  time 0.572523 8.79986 0
Iteration 653  HV  cores 920 778 1  time 0.573134 8.79986 0
Iteration 654  HV  cores 921 779 1  time 0.573741 8.79986 0
Iteration 655  HV  cores 922 780 1  time 0.574348 8.79986 0
Iteration 656  HV  cores 923 781 1  time 0.575006 8.79986 0
Iteration 657  HV  cores 924 782 1  time 0.575643 8.79986 0
Iteration 658  HV  cores 925 783 1  time 0.576341 8.79986 0
Iteration 659  HV  cores 926 784 1  time 0.576984 8.79986 0
Iteration 660  HV  cores 927 785 1  time 0.577618 8.79986 0
Iteration 661  HV  cores 928 786 1  time 0.578252 8.79986 0
Iteration 662  HV  cores 929 787 1  time 0.579015 8.79986 0
Iteration 663  HV  cores 930 788 1  time 0.579744 8.79986 0
Iteration 664  HV  cores 931 788 1  time 0.580469 8.79986 0
Iteration 665  HV  cores 932 789 1  time 0.581198 8.79986 0
Iteration 666  HV  cores 933 790 1  time 0.581927 8.79986 0
Iteration 667  HV  cores 934 791 1  time 0.582677 8.79986 0
Iteration 668  HV  cores 935 791 1  time 0.583413 8.79986 0
Iteration 669  HV  cores 936 792 1  time 0.584048 8.79986 0
Iteration 670  HV  cores 937 793 1  time 0.584781 8.79986 0
Iteration 671  HV  cores 938 794 1  time 0.585515 8.79986 0
Iteration 672  HV  cores 939 795 1  time 0.586244 8.79986 0
Iteration 673  HV  cores 940 796 1  time 0.586877 8.79986 0
Iteration 674  HV  cores 941 796 1  time 0.587511 8.79986 0
Iteration 675 MHV  lb 6552 ub 7695  time 0.58777 10.2989 0
Iteration 676  HV  cores 942 797 1  time 0.588526 10.2989 0
Iteration 677  HV  cores 943 798 1  time 0.589194 10.2989 0
Iteration 678  HV  cores 944 799 1  time 0.589944 10.2989 0
Iteration 679  HV  cores 945 799 1  time 0.590637 10.2989 0
Iteration 680  HV  cores 946 799 1  time 0.591313 10.2989 0
Iteration 681  HV  cores 947 800 1  time 0.591987 10.2989 0
Iteration 682  HV  cores 948 801 1  time 0.592793 10.2989 0
Iteration 683  HV  cores 949 802 1  time 0.593632 10.2989 0
Iteration 684  HV  cores 950 803 1  time 0.594285 10.2989 0
Iteration 685  HV  cores 951 804 1  time 0.594932 10.2989 0
Iteration 686  HV  cores 952 805 1  time 0.595636 10.2989 0
Iteration 687  HV  cores 953 806 1  time 0.596382 10.2989 0
Iteration 688  HV  cores 954 807 1  time 0.597087 10.2989 0
Iteration 689  HV  cores 955 807 1  time 0.597712 10.2989 0
Iteration 690  HV  cores 956 808 1  time 0.598451 10.2989 0
Iteration 691  HV  cores 957 809 1  time 0.599283 10.2989 0
Iteration 692  HV  cores 958 810 1  time 0.599926 10.2989 0
Iteration 693  HV  cores 959 811 1  time 0.600601 10.2989 0
Iteration 694  HV  cores 960 812 1  time 0.601222 10.2989 0
Iteration 695  HV  cores 961 813 1  time 0.601841 10.2989 0
Iteration 696  HV  cores 962 814 1  time 0.60249 10.2989 0
Iteration 697  HV  cores 963 815 1  time 0.603128 10.2989 0
Iteration 698  HV  cores 964 816 1  time 0.603753 10.2989 0
Iteration 699  HV  cores 965 816 1  time 0.604401 10.2989 0
Iteration 700  HV  cores 966 816 1  time 0.605015 10.2989 0
Iteration 701  HV  cores 967 817 1  time 0.605651 10.2989 0
Iteration 702  HV  cores 968 818 1  time 0.606287 10.2989 0
Iteration 703  HV  cores 969 819 1  time 0.606909 10.2989 0
Iteration 704  HV  cores 970 820 1  time 0.607526 10.2989 0
Iteration 705  HV  cores 971 821 1  time 0.608143 10.2989 0
Iteration 706  HV  cores 972 822 1  time 0.608843 10.2989 0
Iteration 707  HV  cores 973 823 1  time 0.609468 10.2989 0
Iteration 708  HV  cores 974 824 1  time 0.610094 10.2989 0
Iteration 709  HV  cores 975 825 1  time 0.610712 10.2989 0
Iteration 710  HV  cores 976 826 1  time 0.611332 10.2989 0
Iteration 711  HV  cores 977 827 1  time 0.611948 10.2989 0
Iteration 712  HV  cores 978 828 1  time 0.612597 10.2989 0
Iteration 713  HV  cores 979 829 1  time 0.613273 10.2989 0
Iteration 714  HV  cores 980 829 1  time 0.613944 10.2989 0
Iteration 715  HV  cores 981 830 1  time 0.614568 10.2989 0
Iteration 716  HV  cores 982 831 1  time 0.615194 10.2989 0
Iteration 717  HV  cores 983 832 1  time 0.61581 10.2989 0
Iteration 718  HV  cores 984 833 1  time 0.616423 10.2989 0
Iteration 719  HV  cores 985 834 1  time 0.617033 10.2989 0
Iteration 720  HV  cores 986 835 1  time 0.617645 10.2989 0
Iteration 721  HV  cores 987 836 1  time 0.61826 10.2989 0
Iteration 722  HV  cores 988 837 1  time 0.618884 10.2989 0
Iteration 723  HV  cores 989 838 1  time 0.619506 10.2989 0
Iteration 724  HV  cores 990 839 1  time 0.62019 10.2989 0
Iteration 725  HV  cores 991 840 1  time 0.620978 10.2989 0
Iteration 726  HV  cores 992 841 1  time 0.622085 10.2989 0
Iteration 727  HV  cores 993 841 1  time 0.623058 10.2989 0
Iteration 728  HV  cores 994 842 1  time 0.623862 10.2989 0
Iteration 729  HV  cores 995 843 1  time 0.624581 10.2989 0
Iteration 730  HV  cores 996 844 1  time 0.625297 10.2989 0
Iteration 731  HV  cores 997 845 1  time 0.625954 10.2989 0
Iteration 732  HV  cores 998 846 1  time 0.62667 10.2989 0
Iteration 733  HV  cores 999 847 1  time 0.627384 10.2989 0
Iteration 734  HV  cores 1000 848 1  time 0.628088 10.2989 0
Iteration 735  HV  cores 1001 847 1  time 0.62879 10.2989 0
Iteration 736  HV  cores 1002 848 1  time 0.629451 10.2989 0
Iteration 737  HV  cores 1003 849 1  time 0.630074 10.2989 0
Iteration 738  HV  cores 1004 850 1  time 0.630885 10.2989 0
Iteration 739  HV  cores 1005 851 1  time 0.631604 10.2989 0
Iteration 740  HV  cores 1006 851 1  time 0.632413 10.2989 0
Iteration 741  HV  cores 1007 852 1  time 0.633067 10.2989 0
Iteration 742  HV  cores 1008 853 1  time 0.633689 10.2989 0
Iteration 743 MHV  lb 6556 ub 7695  time 0.633949 11.944 0
Iteration 744  HV  cores 1009 854 1  time 0.63515 11.944 0
Iteration 745  HV  cores 1010 855 1  time 0.636139 11.944 0
Iteration 746  HV  cores 1011 855 1  time 0.637064 11.944 0
Iteration 747  HV  cores 1012 856 1  time 0.637959 11.944 0
Iteration 748  HV  cores 1013 857 1  time 0.638924 11.944 0
Iteration 749  HV  cores 1014 858 1  time 0.639782 11.944 0
Iteration 750  HV  cores 1015 859 1  time 0.640613 11.944 0
Iteration 751  HV  cores 1016 859 1  time 0.64144 11.944 0
Iteration 752  HV  cores 1017 859 1  time 0.642264 11.944 0
Iteration 753  HV  cores 1018 859 1  time 0.643124 11.944 0
Iteration 754  HV  cores 1019 860 1  time 0.644144 11.944 0
Iteration 755  HV  cores 1020 861 1  time 0.644838 11.944 0
Iteration 756  HV  cores 1021 862 1  time 0.645581 11.944 0
Iteration 757  HV  cores 1022 863 1  time 0.646458 11.944 0
Iteration 758  HV  cores 1023 864 1  time 0.647129 11.944 0
Iteration 759  HV  cores 1024 865 1  time 0.647782 11.944 0
Iteration 760 MHV  lb 6556 ub 7088  time 0.648051 14.6966 0
Iteration 761  HV  cores 1025 866 1  time 0.648798 14.6966 0
Iteration 762  HV  cores 1026 867 1  time 0.64957 14.6966 0
Iteration 763  HV  cores 1027 868 1  time 0.650284 14.6966 0
Iteration 764  HV  cores 1028 868 1  time 0.650994 14.6966 0
Iteration 765  HV  cores 1029 869 1  time 0.651703 14.6966 0
Iteration 766  HV  cores 1030 870 1  time 0.652344 14.6966 0
Iteration 767  HV  cores 1031 871 1  time 0.653027 14.6966 0
Iteration 768  HV  cores 1032 871 1  time 0.653653 14.6966 0
Iteration 769  HV  cores 1033 872 1  time 0.654533 14.6966 0
Iteration 770  HV  cores 1034 873 1  time 0.655203 14.6966 0
Iteration 771  HV  cores 1035 874 1  time 0.655873 14.6966 0
Iteration 772  HV  cores 1036 875 1  time 0.656566 14.6966 0
Iteration 773  HV  cores 1037 876 1  time 0.657231 14.6966 0
Iteration 774  HV  cores 1038 877 1  time 0.657987 14.6966 0
Iteration 775  HV  cores 1039 878 1  time 0.658791 14.6966 0
Iteration 776  HV  cores 1040 878 1  time 0.659518 14.6966 0
Iteration 777  HV  cores 1041 879 1  time 0.660217 14.6966 0
Iteration 778  HV  cores 1042 880 1  time 0.660849 14.6966 0
Iteration 779  HV  cores 1043 881 1  time 0.661575 14.6966 0
Iteration 780  HV  cores 1044 881 1  time 0.662293 14.6966 0
Iteration 781  HV  cores 1045 882 1  time 0.663017 14.6966 0
Iteration 782 MHV  lb 6558 ub 7088  time 0.663314 16.4171 0
Iteration 783  HV  cores 1048 885 3  time 0.664822 16.4171 0
Iteration 784  HV  cores 1050 887 2  time 0.665837 16.4171 0
Iteration 785  HV  cores 1052 889 2  time 0.667078 16.4171 0
Iteration 786  HV  cores 1054 890 2  time 0.66805 16.4171 0
Iteration 787  HV  cores 1056 892 2  time 0.669193 16.4171 0
Iteration 788  HV  cores 1058 894 2  time 0.670437 16.4171 0
Iteration 789  HV  cores 1060 896 2  time 0.671411 16.4171 0
Iteration 790  HV  cores 1062 898 2  time 0.672485 16.4171 0
Iteration 791  HV  cores 1064 900 2  time 0.673579 16.4171 0
Iteration 792  HV  cores 1066 902 2  time 0.674714 16.4171 0
Iteration 793  HV  cores 1068 904 2  time 0.675748 16.4171 0
Iteration 794  HV  cores 1070 904 2  time 0.676783 16.4171 0
Iteration 795  HV  cores 1072 906 2  time 0.67792 16.4171 0
Iteration 796  HV  cores 1074 908 2  time 0.678922 16.4171 0
Iteration 797  HV  cores 1076 910 2  time 0.67998 16.4171 0
Iteration 798  HV  cores 1078 912 2  time 0.680958 16.4171 0
Iteration 799  HV  cores 1080 914 2  time 0.681917 16.4171 0
Iteration 800  HV  cores 1081 915 1  time 0.682564 16.4171 0
Iteration 801  HV  cores 1082 916 1  time 0.683235 16.4171 0
Iteration 802  HV  cores 1083 917 1  time 0.683968 16.4171 0
Iteration 803  HV  cores 1084 918 1  time 0.684698 16.4171 0
Iteration 804  HV  cores 1085 919 1  time 0.685429 16.4171 0
Iteration 805  HV  cores 1086 920 1  time 0.686174 16.4171 0
Iteration 806  HV  cores 1087 921 1  time 0.686843 16.4171 0
Iteration 807  HV  cores 1088 921 1  time 0.687474 16.4171 0
Iteration 808  HV  cores 1089 922 1  time 0.688138 16.4171 0
Iteration 809  HV  cores 1090 923 1  time 0.688876 16.4171 0
Iteration 810  HV  cores 1091 924 1  time 0.689535 16.4171 0
Iteration 811  HV  cores 1092 925 1  time 0.690266 16.4171 0
Iteration 812  HV  cores 1093 926 1  time 0.690988 16.4171 0
Iteration 813  HV  cores 1094 927 1  time 0.69162 16.4171 0
Iteration 814 MHV  lb 6568 ub 7088  time 0.691882 18.2299 0
Iteration 815  HV  cores 1096 929 2  time 0.69308 18.2299 0
Iteration 816  HV  cores 1098 931 2  time 0.694164 18.2299 0
Iteration 817  HV  cores 1099 932 1  time 0.694919 18.2299 0
Iteration 818  HV  cores 1100 933 1  time 0.69594 18.2299 0
Iteration 819  HV  cores 1101 934 1  time 0.696733 18.2299 0
Iteration 820  HV  cores 1102 935 1  time 0.697538 18.2299 0
Iteration 821  HV  cores 1103 936 1  time 0.698439 18.2299 0
Iteration 822  HV  cores 1104 937 1  time 0.699218 18.2299 0
Iteration 823  HV  cores 1105 937 1  time 0.699995 18.2299 0
Iteration 824  HV  cores 1106 937 1  time 0.700715 18.2299 0
Iteration 825  HV  cores 1107 938 1  time 0.70154 18.2299 0
Iteration 826  HV  cores 1108 939 1  time 0.702165 18.2299 0
Iteration 827  HV  cores 1109 940 1  time 0.702786 18.2299 0
Iteration 828  HV  cores 1110 941 1  time 0.703429 18.2299 0
Iteration 829  HV  cores 1111 942 1  time 0.70404 18.2299 0
Iteration 830  HV  cores 1112 943 1  time 0.704658 18.2299 0
Iteration 831 MHV  lb 6572 ub 7088  time 0.704918 20.0898 0
Iteration 832  HV  cores 1116 947 4  time 0.707307 20.0898 0
Iteration 833  HV  cores 1119 950 3  time 0.708709 20.0898 0
Iteration 834  HV  cores 1122 953 3  time 0.711334 20.0898 0
Iteration 835  HV  cores 1125 955 3  time 0.712658 20.0898 0
Iteration 836  HV  cores 1127 957 2  time 0.713744 20.0898 0
Iteration 837  HV  cores 1130 960 3  time 0.715206 20.0898 0
Iteration 838  HV  cores 1133 963 3  time 0.716736 20.0898 0
Iteration 839  HV  cores 1134 964 1  time 0.717387 20.0898 0
Iteration 840  HV  cores 1135 965 1  time 0.718038 20.0898 0
Iteration 841  HV  cores 1136 966 1  time 0.718668 20.0898 0
Iteration 842  HV  cores 1137 965 1  time 0.719286 20.0898 0
Iteration 843  HV  cores 1138 966 1  time 0.720085 20.0898 0
Iteration 844  HV  cores 1139 967 1  time 0.720723 20.0898 0
Iteration 845  HV  cores 1140 968 1  time 0.72168 20.0898 0
Iteration 846  HV  cores 1141 969 1  time 0.722285 20.0898 0
Iteration 847  HV  cores 1142 970 1  time 0.72307 20.0898 0
Iteration 848  HV  cores 1143 971 1  time 0.723872 20.0898 0
Iteration 849  HV  cores 1144 972 1  time 0.724812 20.0898 0
Iteration 850  HV  cores 1145 973 1  time 0.725481 20.0898 0
Iteration 851  HV  cores 1146 974 1  time 0.72608 20.0898 0
Iteration 852  HV  cores 1147 975 1  time 0.726721 20.0898 0
Iteration 853  HV  cores 1148 975 1  time 0.727315 20.0898 0
Iteration 854  HV  cores 1149 976 1  time 0.727966 20.0898 0
Iteration 855  HV  cores 1150 977 1  time 0.728731 20.0898 0
Iteration 856  HV  cores 1151 978 1  time 0.729338 20.0898 0
Iteration 857  HV  cores 1152 979 1  time 0.729943 20.0898 0
Iteration 858  HV  cores 1153 980 1  time 0.730678 20.0898 0
Iteration 859  HV  cores 1154 981 1  time 0.731407 20.0898 0
Iteration 860  HV  cores 1155 982 1  time 0.732132 20.0898 0
Iteration 861  HV  cores 1156 983 1  time 0.732858 20.0898 0
Iteration 862  HV  cores 1157 984 1  time 0.733571 20.0898 0
Iteration 863  HV  cores 1158 985 1  time 0.734298 20.0898 0
Iteration 864  HV  cores 1159 986 1  time 0.735099 20.0898 0
Iteration 865  HV  cores 1160 987 1  time 0.73582 20.0898 0
Iteration 866  HV  cores 1161 987 1  time 0.736537 20.0898 0
Iteration 867  HV  cores 1162 988 1  time 0.737258 20.0898 0
Iteration 868 MHV  lb 6586 ub 7088  time 0.737518 22.5976 0
Iteration 869  HV  cores 1163 989 1  time 0.738644 22.5976 0
Iteration 870  HV  cores 1164 990 1  time 0.739564 22.5976 0
Iteration 871  HV  cores 1165 990 1  time 0.74035 22.5976 0
Iteration 872  HV  cores 1166 991 1  time 0.741077 22.5976 0
Iteration 873  HV  cores 1167 991 1  time 0.741799 22.5976 0
Iteration 874  HV  cores 1168 992 1  time 0.742523 22.5976 0
Iteration 875  HV  cores 1169 993 1  time 0.743245 22.5976 0
Iteration 876  HV  cores 1170 992 1  time 0.744 22.5976 0
Iteration 877  HV  cores 1171 993 1  time 0.74472 22.5976 0
Iteration 878  HV  cores 1172 994 1  time 0.745721 22.5976 0
Iteration 879  HV  cores 1173 995 1  time 0.746346 22.5976 0
Iteration 880  HV  cores 1174 994 1  time 0.746966 22.5976 0
Iteration 881  HV  cores 1175 995 1  time 0.74776 22.5976 0
Iteration 882  HV  cores 1176 996 1  time 0.748493 22.5976 0
Iteration 883  HV  cores 1177 997 1  time 0.749187 22.5976 0
Iteration 884  HV  cores 1178 998 1  time 0.749927 22.5976 0
Iteration 885  HV  cores 1179 998 1  time 0.750552 22.5976 0
Iteration 886  HV  cores 1180 999 1  time 0.751176 22.5976 0
Iteration 887  HV  cores 1181 1000 1  time 0.751846 22.5976 0
Iteration 888  HV  cores 1182 1001 1  time 0.752467 22.5976 0
Iteration 889  HV  cores 1183 1002 1  time 0.753437 22.5976 0
Iteration 890  HV  cores 1184 1003 1  time 0.754253 22.5976 0
Iteration 891  HV  cores 1185 1004 1  time 0.75505 22.5976 0
Iteration 892  HV  cores 1186 1003 1  time 0.755873 22.5976 0
Iteration 893  HV  cores 1187 1004 1  time 0.756665 22.5976 0
Iteration 894  HV  cores 1188 1005 1  time 0.757341 22.5976 0
Iteration 895  HV  cores 1189 1006 1  time 0.75807 22.5976 0
Iteration 896  HV  cores 1190 1007 1  time 0.758905 22.5976 0
Iteration 897  HV  cores 1191 1008 1  time 0.75953 22.5976 0
Iteration 898  HV  cores 1192 1009 1  time 0.760151 22.5976 0
Iteration 899  HV  cores 1193 1010 1  time 0.76077 22.5976 0
Iteration 900  HV  cores 1194 1011 1  time 0.761531 22.5976 0
Iteration 901  HV  cores 1195 1012 1  time 0.762157 22.5976 0
Iteration 902  HV  cores 1196 1013 1  time 0.762783 22.5976 0
Iteration 903  HV  cores 1197 1014 1  time 0.763403 22.5976 0
Iteration 904  HV  cores 1198 1015 1  time 0.764021 22.5976 0
Iteration 905  HV  cores 1199 1016 1  time 0.764641 22.5976 0
Iteration 906  HV  cores 1200 1016 1  time 0.765255 22.5976 0
Iteration 907  HV  cores 1201 1017 1  time 0.765866 22.5976 0
Iteration 908  HV  cores 1202 1018 1  time 0.76648 22.5976 0
Iteration 909  HV  cores 1203 1019 1  time 0.767094 22.5976 0
Iteration 910  HV  cores 1204 1020 1  time 0.767708 22.5976 0
Iteration 911  HV  cores 1205 1021 1  time 0.768319 22.5976 0
Iteration 912  HV  cores 1206 1022 1  time 0.768927 22.5976 0
Iteration 913  HV  cores 1207 1023 1  time 0.769548 22.5976 0
Iteration 914  HV  cores 1208 1024 1  time 0.770162 22.5976 0
Iteration 915  HV  cores 1209 1025 1  time 0.771091 22.5976 0
Iteration 916  HV  cores 1210 1026 1  time 0.771878 22.5976 0
Iteration 917  HV  cores 1211 1027 1  time 0.772647 22.5976 0
Iteration 918  HV  cores 1212 1028 1  time 0.773419 22.5976 0
Iteration 919  HV  cores 1213 1028 1  time 0.774456 22.5976 0
Iteration 920  HV  cores 1214 1029 1  time 0.775145 22.5976 0
Iteration 921  HV  cores 1215 1030 1  time 0.77578 22.5976 0
Iteration 922  HV  cores 1216 1031 1  time 0.776436 22.5976 0
Iteration 923  HV  cores 1217 1032 1  time 0.777101 22.5976 0
Iteration 924  HV  cores 1218 1033 1  time 0.77808 22.5976 0
Iteration 925  HV  cores 1219 1034 1  time 0.778741 22.5976 0
Iteration 926  HV  cores 1220 1035 1  time 0.779425 22.5976 0
Iteration 927  HV  cores 1221 1036 1  time 0.78028 22.5976 0
Iteration 928  HV  cores 1222 1037 1  time 0.780908 22.5976 0
Iteration 929  HV  cores 1223 1038 1  time 0.781627 22.5976 0
Iteration 930  HV  cores 1224 1039 1  time 0.782426 22.5976 0
Iteration 931  HV  cores 1225 1040 1  time 0.783151 22.5976 0
Iteration 932  HV  cores 1226 1041 1  time 0.783904 22.5976 0
Iteration 933  HV  cores 1227 1042 1  time 0.784614 22.5976 0
Iteration 934  HV  cores 1228 1043 1  time 0.785388 22.5976 0
Iteration 935  HV  cores 1229 1043 1  time 0.786094 22.5976 0
Iteration 936  HV  cores 1230 1044 1  time 0.78681 22.5976 0
Iteration 937  HV  cores 1231 1045 1  time 0.78755 22.5976 0
Iteration 938  HV  cores 1232 1046 1  time 0.788259 22.5976 0
Iteration 939  HV  cores 1233 1047 1  time 0.788965 22.5976 0
Iteration 940 MHV  lb 6589 ub 7088  time 0.789219 24.512 0
Iteration 941  HV  cores 1235 1049 2  time 0.790472 24.512 0
Iteration 942  HV  cores 1237 1051 2  time 0.791427 24.512 0
Iteration 943  HV  cores 1239 1053 2  time 0.79239 24.512 0
Iteration 944  HV  cores 1241 1055 2  time 0.793291 24.512 0
Iteration 945  HV  cores 1242 1056 1  time 0.793952 24.512 0
Iteration 946  HV  cores 1243 1057 1  time 0.794617 24.512 0
Iteration 947  HV  cores 1244 1058 1  time 0.795331 24.512 0
Iteration 948  HV  cores 1245 1059 1  time 0.795978 24.512 0
Iteration 949  HV  cores 1246 1060 1  time 0.796609 24.512 0
Iteration 950  HV  cores 1247 1061 1  time 0.79727 24.512 0
Iteration 951  HV  cores 1248 1062 1  time 0.797913 24.512 0
Iteration 952  HV  cores 1249 1062 1  time 0.798592 24.512 0
Iteration 953  HV  cores 1250 1063 1  time 0.799224 24.512 0
Iteration 954  HV  cores 1251 1064 1  time 0.799849 24.512 0
Iteration 955  HV  cores 1252 1064 1  time 0.800473 24.512 0
Iteration 956  HV  cores 1253 1065 1  time 0.801261 24.512 0
Iteration 957  HV  cores 1254 1066 1  time 0.802099 24.512 0
Iteration 958  HV  cores 1255 1067 1  time 0.802883 24.512 0
Iteration 959  HV  cores 1256 1068 1  time 0.803591 24.512 0
Iteration 960  HV  cores 1257 1069 1  time 0.804291 24.512 0
Iteration 961  HV  cores 1258 1070 1  time 0.805171 24.512 0
Iteration 962  HV  cores 1259 1071 1  time 0.805973 24.512 0
Iteration 963  HV  cores 1260 1070 1  time 0.806773 24.512 0
Iteration 964  HV  cores 1261 1071 1  time 0.807566 24.512 0
Iteration 965  HV  cores 1262 1072 1  time 0.808382 24.512 0
Iteration 966  HV  cores 1263 1073 1  time 0.809041 24.512 0
Iteration 967  HV  cores 1264 1074 1  time 0.809851 24.512 0
Iteration 968  HV  cores 1265 1075 1  time 0.810661 24.512 0
Iteration 969  HV  cores 1266 1076 1  time 0.811289 24.512 0
Iteration 970  HV  cores 1267 1077 1  time 0.811918 24.512 0
Iteration 971  HV  cores 1268 1078 1  time 0.812573 24.512 0
Iteration 972  HV  cores 1269 1078 1  time 0.813296 24.512 0
Iteration 973  HV  cores 1270 1079 1  time 0.813964 24.512 0
Iteration 974  HV  cores 1271 1080 1  time 0.814698 24.512 0
Iteration 975  HV  cores 1272 1081 1  time 0.81541 24.512 0
Iteration 976  HV  cores 1273 1082 1  time 0.816132 24.512 0
Iteration 977  HV  cores 1274 1083 1  time 0.816825 24.512 0
Iteration 978  HV  cores 1275 1084 1  time 0.817586 24.512 0
Iteration 979  HV  cores 1276 1085 1  time 0.818311 24.512 0
Iteration 980  HV  cores 1277 1086 1  time 0.818953 24.512 0
Iteration 981  HV  cores 1278 1087 1  time 0.819629 24.512 0
Iteration 982  HV  cores 1279 1088 1  time 0.82057 24.512 0
Iteration 983  HV  cores 1280 1089 1  time 0.821387 24.512 0
Iteration 984  HV  cores 1281 1090 1  time 0.822091 24.512 0
Iteration 985  HV  cores 1282 1091 1  time 0.822797 24.512 0
Iteration 986  HV  cores 1283 1092 1  time 0.823446 24.512 0
Iteration 987  HV  cores 1284 1093 1  time 0.824249 24.512 0
Iteration 988  HV  cores 1285 1094 1  time 0.824862 24.512 0
Iteration 989  HV  cores 1286 1095 1  time 0.825578 24.512 0
Iteration 990  HV  cores 1287 1096 1  time 0.826292 24.512 0
Iteration 991 MHV  lb 6590 ub 7088  time 0.826554 26.7549 0
Iteration 992  HV  cores 1289 1098 2  time 0.827762 26.7549 0
Iteration 993  HV  cores 1290 1099 1  time 0.828485 26.7549 0
Iteration 994  HV  cores 1291 1100 1  time 0.829143 26.7549 0
Iteration 995  HV  cores 1292 1101 1  time 0.829783 26.7549 0
Iteration 996  HV  cores 1293 1102 1  time 0.830439 26.7549 0
Iteration 997  HV  cores 1294 1103 1  time 0.83107 26.7549 0
Iteration 998  HV  cores 1295 1104 1  time 0.831759 26.7549 0
Iteration 999  HV  cores 1296 1105 1  time 0.832427 26.7549 0
Iteration 1000  HV  cores 1297 1106 1  time 0.833061 26.7549 0
Iteration 1001  HV  cores 1298 1106 1  time 0.833781 26.7549 0
Iteration 1002  HV  cores 1299 1107 1  time 0.834426 26.7549 0
Iteration 1003  HV  cores 1300 1108 1  time 0.835071 26.7549 0
Iteration 1004  HV  cores 1301 1108 1  time 0.835699 26.7549 0
Iteration 1005  HV  cores 1302 1109 1  time 0.836339 26.7549 0
Iteration 1006  HV  cores 1303 1110 1  time 0.836973 26.7549 0
Iteration 1007  HV  cores 1304 1111 1  time 0.837602 26.7549 0
Iteration 1008  HV  cores 1305 1112 1  time 0.838285 26.7549 0
Iteration 1009  HV  cores 1306 1113 1  time 0.839005 26.7549 0
Iteration 1010  HV  cores 1307 1114 1  time 0.839638 26.7549 0
Iteration 1011  HV  cores 1308 1115 1  time 0.840293 26.7549 0
Iteration 1012  HV  cores 1309 1116 1  time 0.841031 26.7549 0
Iteration 1013  HV  cores 1310 1117 1  time 0.841712 26.7549 0
Iteration 1014  HV  cores 1311 1118 1  time 0.842358 26.7549 0
Iteration 1015  HV  cores 1312 1119 1  time 0.843004 26.7549 0
Iteration 1016  HV  cores 1313 1120 1  time 0.843649 26.7549 0
Iteration 1017  HV  cores 1314 1121 1  time 0.844565 26.7549 0
Iteration 1018  HV  cores 1315 1122 1  time 0.845237 26.7549 0
Iteration 1019  HV  cores 1316 1123 1  time 0.846143 26.7549 0
Iteration 1020  HV  cores 1317 1124 1  time 0.847068 26.7549 0
Iteration 1021  HV  cores 1318 1125 1  time 0.847692 26.7549 0
Iteration 1022  HV  cores 1319 1126 1  time 0.848318 26.7549 0
Iteration 1023  HV  cores 1320 1127 1  time 0.848976 26.7549 0
Iteration 1024  HV  cores 1321 1128 1  time 0.849723 26.7549 0
Iteration 1025  HV  cores 1322 1129 1  time 0.850466 26.7549 0
Iteration 1026  HV  cores 1323 1130 1  time 0.85121 26.7549 0
Iteration 1027  HV  cores 1324 1131 1  time 0.851953 26.7549 0
Iteration 1028  HV  cores 1325 1132 1  time 0.852728 26.7549 0
Iteration 1029  HV  cores 1326 1133 1  time 0.853411 26.7549 0
Iteration 1030  HV  cores 1327 1134 1  time 0.854046 26.7549 0
Iteration 1031  HV  cores 1328 1135 1  time 0.855072 26.7549 0
Iteration 1032  HV  cores 1329 1136 1  time 0.855902 26.7549 0
Iteration 1033  HV  cores 1330 1137 1  time 0.85676 26.7549 0
Iteration 1034  HV  cores 1331 1138 1  time 0.857578 26.7549 0
Iteration 1035  HV  cores 1332 1139 1  time 0.858606 26.7549 0
Iteration 1036  HV  cores 1333 1140 1  time 0.859234 26.7549 0
Iteration 1037  HV  cores 1334 1141 1  time 0.859868 26.7549 0
Iteration 1038  HV  cores 1335 1142 1  time 0.860493 26.7549 0
Iteration 1039  HV  cores 1336 1143 1  time 0.861292 26.7549 0
Iteration 1040  HV  cores 1337 1144 1  time 0.862106 26.7549 0
Iteration 1041  HV  cores 1338 1144 1  time 0.862916 26.7549 0
Iteration 1042  HV  cores 1339 1145 1  time 0.863536 26.7549 0
Iteration 1043  HV  cores 1340 1146 1  time 0.864343 26.7549 0
Iteration 1044  HV  cores 1341 1147 1  time 0.865239 26.7549 0
Iteration 1045 MHV  lb 6590 ub 7088  time 0.865496 29.6859 0
Iteration 1046  HV  cores 1344 1149 3  time 0.86717 29.6859 0
Iteration 1047  HV  cores 1346 1151 2  time 0.868347 29.6859 0
Iteration 1048  HV  cores 1348 1153 2  time 0.869363 29.6859 0
Iteration 1049  HV  cores 1350 1155 2  time 0.870354 29.6859 0
Iteration 1050  HV  cores 1352 1156 2  time 0.871455 29.6859 0
Iteration 1051  HV  cores 1354 1158 2  time 0.872729 29.6859 0
Iteration 1052  HV  cores 1356 1159 2  time 0.873962 29.6859 0
Iteration 1053  HV  cores 1358 1161 2  time 0.875237 29.6859 0
Iteration 1054  HV  cores 1359 1162 1  time 0.875951 29.6859 0
Iteration 1055  HV  cores 1361 1163 2  time 0.876949 29.6859 0
Iteration 1056  HV  cores 1362 1164 1  time 0.877724 29.6859 0
Iteration 1057  HV  cores 1363 1165 1  time 0.878427 29.6859 0
Iteration 1058  HV  cores 1364 1166 1  time 0.87919 29.6859 0
Iteration 1059  HV  cores 1365 1167 1  time 0.879964 29.6859 0
Iteration 1060  HV  cores 1366 1168 1  time 0.880588 29.6859 0
Iteration 1061  HV  cores 1367 1169 1  time 0.881246 29.6859 0
Iteration 1062  HV  cores 1368 1170 1  time 0.881868 29.6859 0
Iteration 1063  HV  cores 1369 1171 1  time 0.882492 29.6859 0
Iteration 1064  HV  cores 1370 1172 1  time 0.883116 29.6859 0
Iteration 1065  HV  cores 1371 1173 1  time 0.88374 29.6859 0
Iteration 1066  HV  cores 1372 1174 1  time 0.884361 29.6859 0
Iteration 1067  HV  cores 1373 1175 1  time 0.885096 29.6859 0
Iteration 1068  HV  cores 1374 1176 1  time 0.885791 29.6859 0
Iteration 1069  HV  cores 1375 1177 1  time 0.886561 29.6859 0
Iteration 1070  HV  cores 1376 1178 1  time 0.887274 29.6859 0
Iteration 1071  HV  cores 1377 1179 1  time 0.88793 29.6859 0
Iteration 1072  HV  cores 1378 1180 1  time 0.888634 29.6859 0
Iteration 1073  HV  cores 1379 1180 1  time 0.88925 29.6859 0
Iteration 1074  HV  cores 1380 1181 1  time 0.889995 29.6859 0
Iteration 1075  HV  cores 1381 1182 1  time 0.890766 29.6859 0
Iteration 1076  HV  cores 1382 1182 1  time 0.891477 29.6859 0
Iteration 1077  HV  cores 1383 1183 1  time 0.89223 29.6859 0
Iteration 1078  HV  cores 1384 1184 1  time 0.892903 29.6859 0
Iteration 1079  HV  cores 1385 1185 1  time 0.893577 29.6859 0
Iteration 1080  HV  cores 1386 1185 1  time 0.894247 29.6859 0
Iteration 1081  HV  cores 1387 1186 1  time 0.894915 29.6859 0
Iteration 1082  HV  cores 1388 1187 1  time 0.895562 29.6859 0
Iteration 1083 MHV  lb 6612 ub 7088  time 0.895823 32.6883 0
Iteration 1084  HV  cores 1391 1190 3  time 0.897435 32.6883 0
Iteration 1085  HV  cores 1393 1192 2  time 0.898512 32.6883 0
Iteration 1086  HV  cores 1395 1194 2  time 0.899567 32.6883 0
Iteration 1087  HV  cores 1397 1196 2  time 0.900636 32.6883 0
Iteration 1088  HV  cores 1399 1198 2  time 0.901692 32.6883 0
Iteration 1089  HV  cores 1401 1199 2  time 0.902733 32.6883 0
Iteration 1090  HV  cores 1403 1201 2  time 0.903846 32.6883 0
Iteration 1091  HV  cores 1405 1203 2  time 0.90493 32.6883 0
Iteration 1092  HV  cores 1406 1204 1  time 0.905533 32.6883 0
Iteration 1093  HV  cores 1407 1205 1  time 0.906198 32.6883 0
Iteration 1094  HV  cores 1408 1206 1  time 0.906813 32.6883 0
Iteration 1095  HV  cores 1409 1206 1  time 0.907618 32.6883 0
Iteration 1096  HV  cores 1410 1207 1  time 0.908241 32.6883 0
Iteration 1097  HV  cores 1411 1208 1  time 0.90886 32.6883 0
Iteration 1098  HV  cores 1412 1208 1  time 0.909478 32.6883 0
Iteration 1099  HV  cores 1413 1209 1  time 0.910186 32.6883 0
Iteration 1100  HV  cores 1414 1210 1  time 0.910808 32.6883 0
Iteration 1101  HV  cores 1415 1211 1  time 0.91166 32.6883 0
Iteration 1102  HV  cores 1416 1211 1  time 0.912365 32.6883 0
Iteration 1103  HV  cores 1417 1212 1  time 0.913059 32.6883 0
Iteration 1104  HV  cores 1418 1213 1  time 0.913826 32.6883 0
Iteration 1105  HV  cores 1419 1214 1  time 0.91445 32.6883 0
Iteration 1106  HV  cores 1420 1215 1  time 0.91515 32.6883 0
Iteration 1107  HV  cores 1421 1216 1  time 0.915759 32.6883 0
Iteration 1108  HV  cores 1422 1217 1  time 0.916381 32.6883 0
Iteration 1109  HV  cores 1423 1218 1  time 0.917145 32.6883 0
Iteration 1110  HV  cores 1424 1219 1  time 0.91793 32.6883 0
Iteration 1111  HV  cores 1425 1220 1  time 0.918542 32.6883 0
Iteration 1112  HV  cores 1426 1220 1  time 0.919294 32.6883 0
Iteration 1113  HV  cores 1427 1221 1  time 0.919929 32.6883 0
Iteration 1114  HV  cores 1428 1222 1  time 0.920593 32.6883 0
Iteration 1115  HV  cores 1429 1223 1  time 0.921238 32.6883 0
Iteration 1116  HV  cores 1430 1224 1  time 0.921881 32.6883 0
Iteration 1117 MHV  lb 6618 ub 7088  time 0.922144 35.4668 0
Iteration 1118 MHV  lb 6618 ub 6618  time 0.92255 35.4675 0
Optimal value: 6618
Real time: 36.5107
CPU time: 120.187
