c /usr/bin/toulbar2  version : 1.0.0-master-aab1312-tainted (1530783600), copyright (c) 2006-2018, toulbar2 team
loading wcsp file: ../../instances_preproc/CP13-pedigree20.wcsp
Read 273 variables, with 5 values at most, and 726 cost functions, with maximum arity 3.
Cost function decomposition time : 0.000148 seconds.
Preprocessing time: 0.004591 seconds.
273 unassigned variables, 635 values in all current domains (med. size:2, max size:5) and 466 non-unary cost functions (med. degree:4)
Initial lower and upper bounds: [1617, 49993[ 96.766%
New solution: 3008 (0 backtracks, 52 nodes, depth 53)
Optimality gap: [1650, 3008[ 45.146 % (44 backtracks, 96 nodes)
New solution: 2766 (89 backtracks, 228 nodes, depth 37)
New solution: 2702 (121 backtracks, 285 nodes, depth 21)
Optimality gap: [1650, 2702[ 38.934 % (136 backtracks, 300 nodes)
New solution: 2670 (183 backtracks, 427 nodes, depth 11)
New solution: 2575 (225 backtracks, 551 nodes, depth 13)
Optimality gap: [1683, 2575[ 34.641 % (231 backtracks, 557 nodes)
Optimality gap: [1688, 2575[ 34.447 % (249 backtracks, 599 nodes)
Optimality gap: [1706, 2575[ 33.748 % (276 backtracks, 664 nodes)
New solution: 2532 (428 backtracks, 987 nodes, depth 7)
Optimality gap: [1731, 2532[ 31.635 % (1354 backtracks, 2890 nodes)
Optimality gap: [1736, 2532[ 31.438 % (1372 backtracks, 2940 nodes)
Optimality gap: [1766, 2532[ 30.253 % (1731 backtracks, 3713 nodes)
Optimality gap: [1774, 2532[ 29.937 % (1736 backtracks, 3733 nodes)
Optimality gap: [1782, 2532[ 29.621 % (1996 backtracks, 4326 nodes)
Optimality gap: [1799, 2532[ 28.949 % (2014 backtracks, 4369 nodes)
Optimality gap: [1801, 2532[ 28.870 % (2049 backtracks, 4460 nodes)
Optimality gap: [1815, 2532[ 28.318 % (2336 backtracks, 5079 nodes)
Optimality gap: [1820, 2532[ 28.120 % (2346 backtracks, 5108 nodes)
Optimality gap: [1829, 2532[ 27.765 % (2410 backtracks, 5255 nodes)
Optimality gap: [1841, 2532[ 27.291 % (2552 backtracks, 5634 nodes)
Optimality gap: [1848, 2532[ 27.014 % (2555 backtracks, 5656 nodes)
Optimality gap: [1859, 2532[ 26.580 % (2584 backtracks, 5738 nodes)
Optimality gap: [1868, 2532[ 26.224 % (2686 backtracks, 5982 nodes)
Optimality gap: [1888, 2532[ 25.434 % (2827 backtracks, 6329 nodes)
Optimality gap: [1896, 2532[ 25.118 % (3159 backtracks, 7009 nodes)
Optimality gap: [1908, 2532[ 24.645 % (3167 backtracks, 7046 nodes)
Optimality gap: [1913, 2532[ 24.447 % (3182 backtracks, 7085 nodes)
Optimality gap: [1921, 2532[ 24.131 % (3193 backtracks, 7131 nodes)
Optimality gap: [1937, 2532[ 23.499 % (3216 backtracks, 7217 nodes)
Optimality gap: [1948, 2532[ 23.065 % (3219 backtracks, 7231 nodes)
Optimality gap: [1956, 2532[ 22.749 % (3229 backtracks, 7290 nodes)
Optimality gap: [1988, 2532[ 21.485 % (3232 backtracks, 7347 nodes)
Optimality gap: [1994, 2532[ 21.248 % (3238 backtracks, 7405 nodes)
Optimality gap: [2007, 2532[ 20.735 % (3241 backtracks, 7470 nodes)
Optimality gap: [2014, 2532[ 20.458 % (3244 backtracks, 7491 nodes)
Optimality gap: [2046, 2532[ 19.194 % (3245 backtracks, 7549 nodes)
Optimality gap: [2049, 2532[ 19.076 % (3246 backtracks, 7580 nodes)
Optimality gap: [2070, 2532[ 18.246 % (3247 backtracks, 7654 nodes)
Optimality gap: [2075, 2532[ 18.049 % (3593 backtracks, 8366 nodes)
Optimality gap: [2084, 2532[ 17.694 % (3598 backtracks, 8426 nodes)
Optimality gap: [2100, 2532[ 17.062 % (3617 backtracks, 8501 nodes)
Optimality gap: [2108, 2532[ 16.746 % (3620 backtracks, 8519 nodes)
Optimality gap: [2120, 2532[ 16.272 % (3621 backtracks, 8535 nodes)
Optimality gap: [2124, 2532[ 16.114 % (3622 backtracks, 8553 nodes)
Optimality gap: [2139, 2532[ 15.521 % (3651 backtracks, 8639 nodes)
Optimality gap: [2151, 2532[ 15.047 % (3658 backtracks, 8738 nodes)
Optimality gap: [2172, 2532[ 14.218 % (3661 backtracks, 8762 nodes)
Optimality gap: [2184, 2532[ 13.744 % (3662 backtracks, 8779 nodes)
Optimality gap: [2187, 2532[ 13.626 % (3674 backtracks, 8821 nodes)
Optimality gap: [2206, 2532[ 12.875 % (3675 backtracks, 8844 nodes)
Optimality gap: [2219, 2532[ 12.362 % (3688 backtracks, 8917 nodes)
Optimality gap: [2225, 2532[ 12.125 % (3689 backtracks, 8939 nodes)
Optimality gap: [2240, 2532[ 11.532 % (3691 backtracks, 8976 nodes)
Optimality gap: [2258, 2532[ 10.821 % (3698 backtracks, 9052 nodes)
Optimality gap: [2269, 2532[ 10.387 % (3698 backtracks, 9088 nodes)
Optimality gap: [2279, 2532[ 9.992 % (3711 backtracks, 9141 nodes)
Optimality gap: [2290, 2532[ 9.558 % (3720 backtracks, 9186 nodes)
Optimality gap: [2307, 2532[ 8.886 % (3720 backtracks, 9198 nodes)
Optimality gap: [2335, 2532[ 7.780 % (3720 backtracks, 9233 nodes)
Optimality gap: [2368, 2532[ 6.477 % (3723 backtracks, 9287 nodes)
Optimality gap: [2385, 2532[ 5.806 % (3727 backtracks, 9362 nodes)
Optimality gap: [2390, 2532[ 5.608 % (3727 backtracks, 9379 nodes)
Optimality gap: [2409, 2532[ 4.858 % (3727 backtracks, 9404 nodes)
Optimality gap: [2424, 2532[ 4.265 % (3727 backtracks, 9417 nodes)
Optimality gap: [2445, 2532[ 3.436 % (3727 backtracks, 9453 nodes)
Optimality gap: [2461, 2532[ 2.804 % (3727 backtracks, 9468 nodes)
Optimality gap: [2487, 2532[ 1.777 % (3727 backtracks, 9480 nodes)
Optimality gap: [2506, 2532[ 1.027 % (3727 backtracks, 9515 nodes)
Optimality gap: [2515, 2532[ 0.671 % (3727 backtracks, 9531 nodes)
Optimality gap: [2532, 2532[ 0.000 % (3727 backtracks, 9620 nodes)
Node redundancy during HBFS: 22.245 %
Optimum: 2532 in 3727 backtracks and 9620 nodes ( 3663 removals by DEE) and 0.495 seconds.
end.
