c /usr/bin/toulbar2  version : 1.0.0-master-aab1312-tainted (1530783600), copyright (c) 2006-2018, toulbar2 team
loading wcsp file: ../../instances_preproc/CP13-pedigree30.wcsp
Read 727 variables, with 5 values at most, and 1913 cost functions, with maximum arity 4.
Cost function decomposition time : 0.000318 seconds.
Reverse DAC lower bound: 5477 (+0.365163%)
Preprocessing time: 0.010464 seconds.
727 unassigned variables, 1593 values in all current domains (med. size:2, max size:5) and 1243 non-unary cost functions (med. degree:4)
Initial lower and upper bounds: [5477, 106994[ 94.881%
New solution: 8280 (0 backtracks, 162 nodes, depth 163)
New solution: 8125 (144 backtracks, 415 nodes, depth 98)
Optimality gap: [5489, 8125[ 32.443 % (385 backtracks, 830 nodes)
Optimality gap: [5520, 8125[ 32.062 % (644 backtracks, 1457 nodes)
Optimality gap: [5533, 8125[ 31.902 % (872 backtracks, 1977 nodes)
New solution: 8092 (2276 backtracks, 4994 nodes, depth 39)
New solution: 7942 (2283 backtracks, 5019 nodes, depth 50)
Optimality gap: [5551, 7942[ 30.106 % (3742 backtracks, 8174 nodes)
New solution: 7941 (3744 backtracks, 8228 nodes, depth 43)
New solution: 7864 (4278 backtracks, 9374 nodes, depth 62)
New solution: 7850 (4280 backtracks, 9378 nodes, depth 60)
New solution: 7695 (4421 backtracks, 9683 nodes, depth 60)
New solution: 7693 (4576 backtracks, 10016 nodes, depth 32)
Optimality gap: [5566, 7693[ 27.649 % (4969 backtracks, 10845 nodes)
Optimality gap: [5590, 7693[ 27.337 % (5513 backtracks, 12072 nodes)
Optimality gap: [5611, 7693[ 27.064 % (7328 backtracks, 16255 nodes)
Optimality gap: [5633, 7693[ 26.778 % (9203 backtracks, 20387 nodes)
New solution: 7685 (11180 backtracks, 24684 nodes, depth 25)
New solution: 7608 (11217 backtracks, 24768 nodes, depth 34)
Optimality gap: [5648, 7608[ 25.762 % (12411 backtracks, 27516 nodes)
New solution: 7545 (13132 backtracks, 29266 nodes, depth 29)
Optimality gap: [5665, 7545[ 24.917 % (15761 backtracks, 34678 nodes)
New solution: 7479 (25911 backtracks, 55751 nodes, depth 32)
Optimality gap: [5683, 7479[ 24.014 % (25951 backtracks, 55800 nodes)
Optimality gap: [5698, 7479[ 23.813 % (41221 backtracks, 87373 nodes)
Optimality gap: [5720, 7479[ 23.519 % (55255 backtracks, 116445 nodes)
New solution: 7341 (56364 backtracks, 118762 nodes, depth 36)
Optimality gap: [5722, 7341[ 22.054 % (56598 backtracks, 119196 nodes)
Optimality gap: [5740, 7341[ 21.809 % (62977 backtracks, 132792 nodes)
Optimality gap: [5757, 7341[ 21.577 % (71662 backtracks, 151643 nodes)
Optimality gap: [5777, 7341[ 21.305 % (77863 backtracks, 164898 nodes)
Optimality gap: [5794, 7341[ 21.073 % (90262 backtracks, 191732 nodes)
Optimality gap: [5813, 7341[ 20.815 % (99130 backtracks, 211092 nodes)
Optimality gap: [5832, 7341[ 20.556 % (107073 backtracks, 228441 nodes)
Optimality gap: [5850, 7341[ 20.311 % (124688 backtracks, 266532 nodes)
Optimality gap: [5869, 7341[ 20.052 % (139882 backtracks, 299137 nodes)
Optimality gap: [5889, 7341[ 19.779 % (154156 backtracks, 330264 nodes)
Optimality gap: [5906, 7341[ 19.548 % (166326 backtracks, 357315 nodes)
Optimality gap: [5926, 7341[ 19.275 % (177331 backtracks, 381536 nodes)
Optimality gap: [5944, 7341[ 19.030 % (195466 backtracks, 421219 nodes)
Optimality gap: [5962, 7341[ 18.785 % (209002 backtracks, 451101 nodes)
Optimality gap: [5981, 7341[ 18.526 % (225859 backtracks, 487948 nodes)
Optimality gap: [5999, 7341[ 18.281 % (251865 backtracks, 544548 nodes)
Optimality gap: [6018, 7341[ 18.022 % (280947 backtracks, 607865 nodes)
Optimality gap: [6037, 7341[ 17.763 % (301597 backtracks, 653368 nodes)
Optimality gap: [6055, 7341[ 17.518 % (317745 backtracks, 689103 nodes)
c 917504 Bytes allocated for hybrid best-first search open nodes.
Optimality gap: [6074, 7341[ 17.259 % (336496 backtracks, 730324 nodes)
Optimality gap: [6093, 7341[ 17.000 % (355217 backtracks, 772996 nodes)
Optimality gap: [6111, 7341[ 16.755 % (380150 backtracks, 828570 nodes)
Optimality gap: [6130, 7341[ 16.496 % (405090 backtracks, 883833 nodes)
Optimality gap: [6149, 7341[ 16.238 % (430571 backtracks, 940794 nodes)
Optimality gap: [6167, 7341[ 15.992 % (459068 backtracks, 1004358 nodes)
Optimality gap: [6186, 7341[ 15.734 % (486816 backtracks, 1066203 nodes)
Optimality gap: [6204, 7341[ 15.488 % (508662 backtracks, 1115393 nodes)
Optimality gap: [6223, 7341[ 15.230 % (538597 backtracks, 1182296 nodes)
Optimality gap: [6242, 7341[ 14.971 % (561274 backtracks, 1234995 nodes)
Optimality gap: [6260, 7341[ 14.726 % (584294 backtracks, 1288063 nodes)
Optimality gap: [6279, 7341[ 14.467 % (611549 backtracks, 1350444 nodes)
Optimality gap: [6298, 7341[ 14.208 % (642384 backtracks, 1422067 nodes)
Optimality gap: [6316, 7341[ 13.963 % (666481 backtracks, 1477677 nodes)
Optimality gap: [6335, 7341[ 13.704 % (690784 backtracks, 1535522 nodes)
Optimality gap: [6354, 7341[ 13.445 % (718570 backtracks, 1599695 nodes)
Optimality gap: [6372, 7341[ 13.200 % (762426 backtracks, 1696798 nodes)
Optimality gap: [6391, 7341[ 12.941 % (788250 backtracks, 1757755 nodes)
Optimality gap: [6410, 7341[ 12.682 % (813458 backtracks, 1817624 nodes)
Optimality gap: [6428, 7341[ 12.437 % (838523 backtracks, 1877787 nodes)
Optimality gap: [6447, 7341[ 12.178 % (863261 backtracks, 1937841 nodes)
Optimality gap: [6465, 7341[ 11.933 % (885146 backtracks, 1992685 nodes)
Optimality gap: [6484, 7341[ 11.674 % (903933 backtracks, 2042286 nodes)
Optimality gap: [6503, 7341[ 11.415 % (923532 backtracks, 2093349 nodes)
Optimality gap: [6521, 7341[ 11.170 % (944274 backtracks, 2146049 nodes)
Optimality gap: [6540, 7341[ 10.911 % (962108 backtracks, 2193818 nodes)
Optimality gap: [6559, 7341[ 10.652 % (973988 backtracks, 2229858 nodes)
Optimality gap: [6577, 7341[ 10.407 % (988047 backtracks, 2270614 nodes)
Optimality gap: [6596, 7341[ 10.148 % (1000230 backtracks, 2309856 nodes)
Optimality gap: [6615, 7341[ 9.890 % (1010259 backtracks, 2344336 nodes)
Optimality gap: [6633, 7341[ 9.644 % (1016921 backtracks, 2370769 nodes)
Optimality gap: [6652, 7341[ 9.386 % (1024023 backtracks, 2398829 nodes)
Optimality gap: [6670, 7341[ 9.140 % (1029666 backtracks, 2423712 nodes)
Optimality gap: [6689, 7341[ 8.882 % (1035428 backtracks, 2450143 nodes)
Optimality gap: [6708, 7341[ 8.623 % (1043248 backtracks, 2482552 nodes)
Optimality gap: [6726, 7341[ 8.378 % (1049719 backtracks, 2510028 nodes)
Optimality gap: [6745, 7341[ 8.119 % (1055605 backtracks, 2537157 nodes)
Optimality gap: [6764, 7341[ 7.860 % (1060850 backtracks, 2562743 nodes)
Optimality gap: [6782, 7341[ 7.615 % (1066310 backtracks, 2590035 nodes)
Optimality gap: [6801, 7341[ 7.356 % (1071380 backtracks, 2617809 nodes)
Optimality gap: [6820, 7341[ 7.097 % (1075184 backtracks, 2641318 nodes)
Optimality gap: [6838, 7341[ 6.852 % (1078161 backtracks, 2663432 nodes)
Optimality gap: [6857, 7341[ 6.593 % (1080604 backtracks, 2686294 nodes)
Optimality gap: [6876, 7341[ 6.334 % (1083630 backtracks, 2710059 nodes)
Optimality gap: [6894, 7341[ 6.089 % (1086228 backtracks, 2733122 nodes)
Optimality gap: [6913, 7341[ 5.830 % (1088120 backtracks, 2753462 nodes)
Optimality gap: [6931, 7341[ 5.585 % (1089790 backtracks, 2768452 nodes)
Optimality gap: [6950, 7341[ 5.326 % (1091297 backtracks, 2783059 nodes)
Optimality gap: [6969, 7341[ 5.067 % (1092269 backtracks, 2796068 nodes)
Optimality gap: [6987, 7341[ 4.822 % (1092934 backtracks, 2808749 nodes)
Optimality gap: [7006, 7341[ 4.563 % (1093478 backtracks, 2822036 nodes)
Optimality gap: [7025, 7341[ 4.305 % (1094065 backtracks, 2833920 nodes)
Optimality gap: [7043, 7341[ 4.059 % (1094436 backtracks, 2842564 nodes)
Optimality gap: [7062, 7341[ 3.801 % (1094494 backtracks, 2845294 nodes)
Optimality gap: [7081, 7341[ 3.542 % (1094596 backtracks, 2848922 nodes)
Optimality gap: [7099, 7341[ 3.297 % (1094718 backtracks, 2852302 nodes)
Optimality gap: [7118, 7341[ 3.038 % (1094801 backtracks, 2855442 nodes)
Optimality gap: [7136, 7341[ 2.793 % (1094840 backtracks, 2857006 nodes)
Optimality gap: [7155, 7341[ 2.534 % (1094851 backtracks, 2859090 nodes)
Optimality gap: [7174, 7341[ 2.275 % (1094853 backtracks, 2860920 nodes)
Optimality gap: [7192, 7341[ 2.030 % (1094865 backtracks, 2862835 nodes)
Optimality gap: [7211, 7341[ 1.771 % (1094865 backtracks, 2863962 nodes)
Optimality gap: [7230, 7341[ 1.512 % (1094868 backtracks, 2865498 nodes)
Optimality gap: [7248, 7341[ 1.267 % (1094868 backtracks, 2866338 nodes)
Optimality gap: [7267, 7341[ 1.008 % (1094869 backtracks, 2867604 nodes)
Optimality gap: [7286, 7341[ 0.749 % (1094869 backtracks, 2868397 nodes)
Optimality gap: [7306, 7341[ 0.477 % (1094869 backtracks, 2869245 nodes)
Optimality gap: [7323, 7341[ 0.245 % (1094869 backtracks, 2870422 nodes)
Node redundancy during HBFS: 23.735 %
Optimum: 7341 in 1094869 backtracks and 2871258 nodes ( 1131478 removals by DEE) and 185.109 seconds.
end.
