c /usr/bin/toulbar2  version : 1.0.0-master-aab1312-tainted (1530783600), copyright (c) 2006-2018, toulbar2 team
loading wcsp file: ../../instances_preproc/CP13-pedigree31.wcsp
Read 745 variables, with 5 values at most, and 1821 cost functions, with maximum arity 4.
Cost function decomposition time : 0.000338 seconds.
Reverse DAC lower bound: 3382 (+1.38971%)
Preprocessing time: 0.013064 seconds.
745 unassigned variables, 1753 values in all current domains (med. size:2, max size:5) and 1103 non-unary cost functions (med. degree:4)
Initial lower and upper bounds: [3382, 117434[ 97.120%
New solution: 8228 (0 backtracks, 179 nodes, depth 180)
New solution: 8204 (166 backtracks, 496 nodes, depth 148)
New solution: 8106 (313 backtracks, 792 nodes, depth 142)
New solution: 7903 (762 backtracks, 1726 nodes, depth 140)
New solution: 7096 (899 backtracks, 2037 nodes, depth 164)
New solution: 6809 (1055 backtracks, 2339 nodes, depth 132)
Optimality gap: [3425, 6809[ 49.699 % (1700 backtracks, 3563 nodes)
Optimality gap: [3463, 6809[ 49.141 % (2638 backtracks, 5598 nodes)
New solution: 6672 (3130 backtracks, 6737 nodes, depth 87)
Optimality gap: [3483, 6672[ 47.797 % (6813 backtracks, 15100 nodes)
New solution: 6546 (8480 backtracks, 18569 nodes, depth 70)
New solution: 6497 (10320 backtracks, 22274 nodes, depth 46)
New solution: 6492 (10343 backtracks, 22316 nodes, depth 42)
New solution: 6400 (10404 backtracks, 22443 nodes, depth 47)
New solution: 6392 (15391 backtracks, 32637 nodes, depth 40)
New solution: 6260 (15393 backtracks, 32653 nodes, depth 52)
New solution: 6232 (15464 backtracks, 32809 nodes, depth 46)
New solution: 6143 (15839 backtracks, 33562 nodes, depth 49)
New solution: 6116 (15855 backtracks, 33585 nodes, depth 40)
New solution: 6011 (15924 backtracks, 33732 nodes, depth 48)
New solution: 5984 (15959 backtracks, 33794 nodes, depth 39)
Optimality gap: [3497, 5984[ 41.561 % (15997 backtracks, 33833 nodes)
New solution: 5958 (16166 backtracks, 34225 nodes, depth 38)
New solution: 5873 (16316 backtracks, 34547 nodes, depth 60)
New solution: 5740 (16317 backtracks, 34550 nodes, depth 61)
Optimality gap: [3500, 5740[ 39.024 % (17060 backtracks, 35991 nodes)
Optimality gap: [3524, 5740[ 38.606 % (21023 backtracks, 45115 nodes)
Optimality gap: [3548, 5740[ 38.188 % (24390 backtracks, 53133 nodes)
Optimality gap: [3572, 5740[ 37.770 % (28535 backtracks, 62646 nodes)
Optimality gap: [3595, 5740[ 37.369 % (42898 backtracks, 94601 nodes)
Optimality gap: [3618, 5740[ 36.969 % (62634 backtracks, 136805 nodes)
New solution: 5717 (90527 backtracks, 196368 nodes, depth 45)
Optimality gap: [3640, 5717[ 36.330 % (90636 backtracks, 196542 nodes)
Optimality gap: [3663, 5717[ 35.928 % (113953 backtracks, 246606 nodes)
Optimality gap: [3686, 5717[ 35.526 % (157726 backtracks, 340107 nodes)
New solution: 5714 (166196 backtracks, 358420 nodes, depth 86)
New solution: 5560 (166615 backtracks, 359294 nodes, depth 75)
New solution: 5546 (166616 backtracks, 359295 nodes, depth 74)
Optimality gap: [3686, 5546[ 33.538 % (166766 backtracks, 359524 nodes)
New solution: 5527 (170675 backtracks, 367779 nodes, depth 68)
New solution: 5434 (174203 backtracks, 375336 nodes, depth 57)
New solution: 5420 (174204 backtracks, 375337 nodes, depth 56)
Optimality gap: [3689, 5420[ 31.937 % (174259 backtracks, 375394 nodes)
Optimality gap: [3709, 5420[ 31.568 % (207690 backtracks, 447776 nodes)
c 1310720 Bytes allocated for hybrid best-first search open nodes.
New solution: 5323 (246217 backtracks, 530475 nodes, depth 61)
New solution: 5309 (246218 backtracks, 530476 nodes, depth 60)
Optimality gap: [3726, 5309[ 29.817 % (246291 backtracks, 530565 nodes)
Optimality gap: [3729, 5309[ 29.761 % (248215 backtracks, 534632 nodes)
Optimality gap: [3749, 5309[ 29.384 % (288068 backtracks, 620771 nodes)
New solution: 5258 (295047 backtracks, 636108 nodes, depth 68)
Optimality gap: [3758, 5258[ 28.528 % (307263 backtracks, 662027 nodes)
Optimality gap: [3776, 5258[ 28.186 % (351556 backtracks, 757924 nodes)
Optimality gap: [3795, 5258[ 27.824 % (400524 backtracks, 864170 nodes)
Optimality gap: [3814, 5258[ 27.463 % (468725 backtracks, 1012220 nodes)
c 2621440 Bytes allocated for hybrid best-first search open nodes.
Optimality gap: [3833, 5258[ 27.102 % (534563 backtracks, 1155181 nodes)
Optimality gap: [3852, 5258[ 26.740 % (605849 backtracks, 1310140 nodes)
Optimality gap: [3870, 5258[ 26.398 % (705297 backtracks, 1527104 nodes)
Optimality gap: [3889, 5258[ 26.037 % (786773 backtracks, 1706059 nodes)
Optimality gap: [3908, 5258[ 25.675 % (912514 backtracks, 1981107 nodes)
Optimality gap: [3927, 5258[ 25.314 % (1013462 backtracks, 2203542 nodes)
c 5242880 Bytes allocated for hybrid best-first search open nodes.
Optimality gap: [3945, 5258[ 24.971 % (1130772 backtracks, 2460259 nodes)
Optimality gap: [3964, 5258[ 24.610 % (1261161 backtracks, 2746461 nodes)
Optimality gap: [3983, 5258[ 24.249 % (1396032 backtracks, 3042780 nodes)
Optimality gap: [4002, 5258[ 23.887 % (1540109 backtracks, 3361047 nodes)
Optimality gap: [4020, 5258[ 23.545 % (1689498 backtracks, 3690922 nodes)
Optimality gap: [4039, 5258[ 23.184 % (1888866 backtracks, 4128921 nodes)
Optimality gap: [4058, 5258[ 22.822 % (2084120 backtracks, 4558842 nodes)
Optimality gap: [4077, 5258[ 22.461 % (2313959 backtracks, 5066785 nodes)
c 7340032 Bytes allocated for hybrid best-first search open nodes.
Optimality gap: [4095, 5258[ 22.119 % (2532794 backtracks, 5552211 nodes)
Optimality gap: [4114, 5258[ 21.757 % (2792319 backtracks, 6126348 nodes)
Optimality gap: [4133, 5258[ 21.396 % (3110744 backtracks, 6831268 nodes)
Optimality gap: [4152, 5258[ 21.035 % (3376067 backtracks, 7423802 nodes)
Optimality gap: [4170, 5258[ 20.692 % (3665864 backtracks, 8070988 nodes)
Optimality gap: [4189, 5258[ 20.331 % (3999319 backtracks, 8816898 nodes)
Optimality gap: [4208, 5258[ 19.970 % (4345828 backtracks, 9595025 nodes)
Optimality gap: [4227, 5258[ 19.608 % (4714898 backtracks, 10424959 nodes)
Optimality gap: [4245, 5258[ 19.266 % (5037122 backtracks, 11155485 nodes)
c 14680064 Bytes allocated for hybrid best-first search open nodes.
Optimality gap: [4264, 5258[ 18.905 % (5482269 backtracks, 12159239 nodes)
Optimality gap: [4283, 5258[ 18.543 % (5886057 backtracks, 13075037 nodes)
Optimality gap: [4302, 5258[ 18.182 % (6576742 backtracks, 14568839 nodes)
Optimality gap: [4321, 5258[ 17.820 % (7227474 backtracks, 15989823 nodes)
Optimality gap: [4339, 5258[ 17.478 % (7808753 backtracks, 17271414 nodes)
Optimality gap: [4358, 5258[ 17.117 % (8376635 backtracks, 18541439 nodes)
Optimality gap: [4377, 5258[ 16.755 % (8847597 backtracks, 19618425 nodes)
Optimality gap: [4396, 5258[ 16.394 % (9321565 backtracks, 20713979 nodes)
Optimality gap: [4414, 5258[ 16.052 % (9686125 backtracks, 21583490 nodes)
Optimality gap: [4433, 5258[ 15.690 % (10041302 backtracks, 22451488 nodes)
Optimality gap: [4452, 5258[ 15.329 % (10386729 backtracks, 23309913 nodes)
Optimality gap: [4471, 5258[ 14.968 % (10704498 backtracks, 24115702 nodes)
Optimality gap: [4489, 5258[ 14.625 % (10967115 backtracks, 24821448 nodes)
Optimality gap: [4508, 5258[ 14.264 % (11201681 backtracks, 25469131 nodes)
Optimality gap: [4527, 5258[ 13.903 % (11394182 backtracks, 26031944 nodes)
Optimality gap: [4546, 5258[ 13.541 % (11562645 backtracks, 26554985 nodes)
Optimality gap: [4564, 5258[ 13.199 % (11723223 backtracks, 27062803 nodes)
Optimality gap: [4583, 5258[ 12.838 % (11863307 backtracks, 27539997 nodes)
Optimality gap: [4602, 5258[ 12.476 % (11985370 backtracks, 27987242 nodes)
Optimality gap: [4621, 5258[ 12.115 % (12091370 backtracks, 28406360 nodes)
Optimality gap: [4639, 5258[ 11.773 % (12177175 backtracks, 28785092 nodes)
Optimality gap: [4658, 5258[ 11.411 % (12253403 backtracks, 29155727 nodes)
Optimality gap: [4677, 5258[ 11.050 % (12317079 backtracks, 29511753 nodes)
Optimality gap: [4696, 5258[ 10.688 % (12372726 backtracks, 29861941 nodes)
Optimality gap: [4714, 5258[ 10.346 % (12420658 backtracks, 30182293 nodes)
Optimality gap: [4733, 5258[ 9.985 % (12462010 backtracks, 30510607 nodes)
Optimality gap: [4752, 5258[ 9.623 % (12490994 backtracks, 30783869 nodes)
Optimality gap: [4771, 5258[ 9.262 % (12515828 backtracks, 31032286 nodes)
Optimality gap: [4790, 5258[ 8.901 % (12535876 backtracks, 31255470 nodes)
Optimality gap: [4808, 5258[ 8.558 % (12550288 backtracks, 31436962 nodes)
Optimality gap: [4827, 5258[ 8.197 % (12561316 backtracks, 31582535 nodes)
Optimality gap: [4846, 5258[ 7.836 % (12565805 backtracks, 31625670 nodes)
Optimality gap: [4865, 5258[ 7.474 % (12569638 backtracks, 31669953 nodes)
Optimality gap: [4883, 5258[ 7.132 % (12572592 backtracks, 31708204 nodes)
Optimality gap: [4902, 5258[ 6.771 % (12575541 backtracks, 31752798 nodes)
Optimality gap: [4921, 5258[ 6.409 % (12578574 backtracks, 31797576 nodes)
Optimality gap: [4940, 5258[ 6.048 % (12581543 backtracks, 31843365 nodes)
Optimality gap: [4958, 5258[ 5.706 % (12584096 backtracks, 31888544 nodes)
Optimality gap: [4977, 5258[ 5.344 % (12585848 backtracks, 31923483 nodes)
Optimality gap: [4996, 5258[ 4.983 % (12586995 backtracks, 31951179 nodes)
Optimality gap: [5015, 5258[ 4.622 % (12587586 backtracks, 31971333 nodes)
Optimality gap: [5033, 5258[ 4.279 % (12588146 backtracks, 31992521 nodes)
Optimality gap: [5052, 5258[ 3.918 % (12588341 backtracks, 32007017 nodes)
Optimality gap: [5071, 5258[ 3.556 % (12588359 backtracks, 32020220 nodes)
Optimality gap: [5090, 5258[ 3.195 % (12588392 backtracks, 32031696 nodes)
Optimality gap: [5108, 5258[ 2.853 % (12588400 backtracks, 32042998 nodes)
Optimality gap: [5127, 5258[ 2.491 % (12588401 backtracks, 32053447 nodes)
Optimality gap: [5146, 5258[ 2.130 % (12588402 backtracks, 32065049 nodes)
Optimality gap: [5165, 5258[ 1.769 % (12588403 backtracks, 32075667 nodes)
Optimality gap: [5183, 5258[ 1.426 % (12588403 backtracks, 32086632 nodes)
Optimality gap: [5202, 5258[ 1.065 % (12588403 backtracks, 32098444 nodes)
Optimality gap: [5221, 5258[ 0.704 % (12588408 backtracks, 32107570 nodes)
Optimality gap: [5240, 5258[ 0.342 % (12588408 backtracks, 32116784 nodes)
Node redundancy during HBFS: 21.623 %
Optimum: 5258 in 12588408 backtracks and 32122838 nodes ( 11439744 removals by DEE) and 2575.780 seconds.
end.
