c /usr/bin/toulbar2  version : 1.0.0-master-aab1312-tainted (1530783600), copyright (c) 2006-2018, toulbar2 team
loading wcsp file: ../../instances_preproc/CP13-pedigree51.wcsp
Read 1152 variables, with 5 values at most, and 1982 cost functions, with maximum arity 4.
Cost function decomposition time : 0.002713 seconds.
Preprocessing time: 0.014325 seconds.
684 unassigned variables, 1482 values in all current domains (med. size:2, max size:5) and 1127 non-unary cost functions (med. degree:4)
Initial lower and upper bounds: [3854, 120355[ 96.798%
New solution: 10668 (0 backtracks, 127 nodes, depth 128)
New solution: 9681 (228 backtracks, 598 nodes, depth 132)
New solution: 8947 (353 backtracks, 852 nodes, depth 120)
New solution: 8865 (465 backtracks, 1068 nodes, depth 96)
Optimality gap: [3861, 8865[ 56.447 % (733 backtracks, 1516 nodes)
New solution: 8512 (733 backtracks, 1629 nodes, depth 111)
Optimality gap: [3964, 8512[ 53.430 % (941 backtracks, 1944 nodes)
New solution: 8288 (941 backtracks, 2063 nodes, depth 109)
New solution: 8135 (1350 backtracks, 2948 nodes, depth 88)
Optimality gap: [3988, 8135[ 50.977 % (3625 backtracks, 7794 nodes)
New solution: 8045 (6436 backtracks, 14360 nodes, depth 76)
New solution: 7899 (7932 backtracks, 17701 nodes, depth 60)
New solution: 7894 (11614 backtracks, 25384 nodes, depth 54)
New solution: 7893 (11619 backtracks, 25395 nodes, depth 53)
New solution: 7876 (11624 backtracks, 25408 nodes, depth 55)
New solution: 7698 (11625 backtracks, 25413 nodes, depth 56)
New solution: 7697 (11633 backtracks, 25425 nodes, depth 51)
New solution: 7521 (11645 backtracks, 25453 nodes, depth 54)
New solution: 7520 (11652 backtracks, 25464 nodes, depth 49)
New solution: 7519 (11661 backtracks, 25478 nodes, depth 44)
Optimality gap: [4010, 7519[ 46.668 % (11770 backtracks, 25654 nodes)
New solution: 7384 (15363 backtracks, 33208 nodes, depth 61)
Optimality gap: [4031, 7384[ 45.409 % (43617 backtracks, 92591 nodes)
New solution: 7220 (59097 backtracks, 125247 nodes, depth 75)
New solution: 7214 (68195 backtracks, 144483 nodes, depth 78)
New solution: 7092 (68382 backtracks, 144873 nodes, depth 77)
New solution: 7044 (68393 backtracks, 144891 nodes, depth 71)
New solution: 7021 (68425 backtracks, 144950 nodes, depth 63)
Optimality gap: [4051, 7021[ 42.302 % (68552 backtracks, 145144 nodes)
Optimality gap: [4076, 7021[ 41.946 % (85718 backtracks, 181484 nodes)
New solution: 6940 (116561 backtracks, 246524 nodes, depth 84)
Optimality gap: [4101, 6940[ 40.908 % (120266 backtracks, 254242 nodes)
New solution: 6795 (139032 backtracks, 294167 nodes, depth 69)
Optimality gap: [4119, 6795[ 39.382 % (147699 backtracks, 312552 nodes)
New solution: 6788 (198182 backtracks, 419748 nodes, depth 70)
New solution: 6787 (198185 backtracks, 419753 nodes, depth 68)
c 2097152 Bytes allocated for hybrid best-first search open nodes.
Optimality gap: [4148, 6787[ 38.883 % (238176 backtracks, 504543 nodes)
Optimality gap: [4177, 6787[ 38.456 % (330180 backtracks, 700388 nodes)
c 2621440 Bytes allocated for hybrid best-first search open nodes.
Optimality gap: [4206, 6787[ 38.029 % (477171 backtracks, 1012244 nodes)
New solution: 6697 (682815 backtracks, 1449223 nodes, depth 77)
New solution: 6674 (682833 backtracks, 1449252 nodes, depth 68)
Optimality gap: [4233, 6674[ 36.575 % (682910 backtracks, 1449341 nodes)
Optimality gap: [4249, 6674[ 36.335 % (779817 backtracks, 1656417 nodes)
c 5242880 Bytes allocated for hybrid best-first search open nodes.
Optimality gap: [4278, 6674[ 35.901 % (1034098 backtracks, 2199316 nodes)
New solution: 6665 (1254634 backtracks, 2671386 nodes, depth 58)
Optimality gap: [4304, 6665[ 35.424 % (1256442 backtracks, 2675118 nodes)
Optimality gap: [4332, 6665[ 35.004 % (1636314 backtracks, 3487034 nodes)
New solution: 6649 (1877338 backtracks, 4003417 nodes, depth 71)
c 10485760 Bytes allocated for hybrid best-first search open nodes.
Optimality gap: [4358, 6649[ 34.456 % (2012592 backtracks, 4292990 nodes)
New solution: 6642 (2397640 backtracks, 5118380 nodes, depth 68)
Optimality gap: [4384, 6642[ 33.996 % (2466174 backtracks, 5265232 nodes)
New solution: 6550 (2557529 backtracks, 5461335 nodes, depth 78)
Optimality gap: [4394, 6550[ 32.916 % (2647408 backtracks, 5653803 nodes)
New solution: 6500 (2908485 backtracks, 6213482 nodes, depth 70)
New solution: 6477 (2908507 backtracks, 6213524 nodes, depth 66)
Optimality gap: [4405, 6477[ 31.990 % (2908584 backtracks, 6213614 nodes)
Optimality gap: [4432, 6477[ 31.573 % (3490412 backtracks, 7464408 nodes)
c 20971520 Bytes allocated for hybrid best-first search open nodes.
New solution: 6425 (4168520 backtracks, 8920899 nodes, depth 71)
New solution: 6406 (4168578 backtracks, 8921011 nodes, depth 65)
Optimality gap: [4457, 6406[ 30.425 % (4168651 backtracks, 8921094 nodes)
Optimality gap: [4467, 6406[ 30.268 % (4434312 backtracks, 9493752 nodes)
Optimality gap: [4493, 6406[ 29.863 % (5237766 backtracks, 11223981 nodes)
Optimality gap: [4518, 6406[ 29.472 % (6151856 backtracks, 13196227 nodes)
Optimality gap: [4544, 6406[ 29.067 % (7238304 backtracks, 15541431 nodes)
Optimality gap: [4569, 6406[ 28.676 % (8436433 backtracks, 18129135 nodes)
c 41943040 Bytes allocated for hybrid best-first search open nodes.
Optimality gap: [4595, 6406[ 28.270 % (9870194 backtracks, 21228700 nodes)
Optimality gap: [4620, 6406[ 27.880 % (11336038 backtracks, 24402094 nodes)
Optimality gap: [4646, 6406[ 27.474 % (13263645 backtracks, 28577742 nodes)
Optimality gap: [4671, 6406[ 27.084 % (15270863 backtracks, 32930933 nodes)
c 58720256 Bytes allocated for hybrid best-first search open nodes.
Optimality gap: [4697, 6406[ 26.678 % (17655069 backtracks, 38108030 nodes)
Optimality gap: [4722, 6406[ 26.288 % (20130547 backtracks, 43490128 nodes)
Optimality gap: [4748, 6406[ 25.882 % (22993636 backtracks, 49722571 nodes)
Optimality gap: [4773, 6406[ 25.492 % (26279705 backtracks, 56880081 nodes)
Optimality gap: [4799, 6406[ 25.086 % (29975289 backtracks, 64944138 nodes)
Optimality gap: [4824, 6406[ 24.696 % (34128300 backtracks, 74016419 nodes)
c 117440512 Bytes allocated for hybrid best-first search open nodes.
Optimality gap: [4850, 6406[ 24.290 % (38746961 backtracks, 84123867 nodes)
Optimality gap: [4875, 6406[ 23.899 % (43739852 backtracks, 95063469 nodes)
Optimality gap: [4901, 6406[ 23.494 % (49568930 backtracks, 107855272 nodes)
Optimality gap: [4926, 6406[ 23.103 % (55591565 backtracks, 121102868 nodes)
Optimality gap: [4952, 6406[ 22.697 % (62371565 backtracks, 136043687 nodes)
Optimality gap: [4977, 6406[ 22.307 % (69189244 backtracks, 151103810 nodes)
c 234881024 Bytes allocated for hybrid best-first search open nodes.
Optimality gap: [5003, 6406[ 21.901 % (77118457 backtracks, 168663029 nodes)
Optimality gap: [5028, 6406[ 21.511 % (85021788 backtracks, 186220814 nodes)
Optimality gap: [5054, 6406[ 21.105 % (93694143 backtracks, 205552147 nodes)
Optimality gap: [5079, 6406[ 20.715 % (102796133 backtracks, 225890040 nodes)
Optimality gap: [5105, 6406[ 20.309 % (112777977 backtracks, 248247876 nodes)
Optimality gap: [5131, 6406[ 19.903 % (123382334 backtracks, 272103310 nodes)
Optimality gap: [5156, 6406[ 19.513 % (133498026 backtracks, 294993616 nodes)
Optimality gap: [5182, 6406[ 19.107 % (144060680 backtracks, 319082051 nodes)
Optimality gap: [5207, 6406[ 18.717 % (154613624 backtracks, 343264355 nodes)
Optimality gap: [5233, 6406[ 18.311 % (170399377 backtracks, 378084551 nodes)
Optimality gap: [5258, 6406[ 17.921 % (187676079 backtracks, 415988031 nodes)
Optimality gap: [5284, 6406[ 17.515 % (200998392 backtracks, 446205118 nodes)
Optimality gap: [5309, 6406[ 17.125 % (213260450 backtracks, 474472322 nodes)
Optimality gap: [5335, 6406[ 16.719 % (224333878 backtracks, 500532841 nodes)
Optimality gap: [5360, 6406[ 16.328 % (233764238 backtracks, 523310580 nodes)
Optimality gap: [5386, 6406[ 15.923 % (242799225 backtracks, 545604976 nodes)
Optimality gap: [5411, 6406[ 15.532 % (249961071 backtracks, 563963762 nodes)
Optimality gap: [5437, 6406[ 15.126 % (256699024 backtracks, 581810464 nodes)
Optimality gap: [5462, 6406[ 14.736 % (261969682 backtracks, 596476842 nodes)
Optimality gap: [5488, 6406[ 14.330 % (267035615 backtracks, 611122335 nodes)
Optimality gap: [5513, 6406[ 13.940 % (271100799 backtracks, 623611563 nodes)
Optimality gap: [5539, 6406[ 13.534 % (274868996 backtracks, 635861085 nodes)
Optimality gap: [5564, 6406[ 13.144 % (278133473 backtracks, 647020694 nodes)
Optimality gap: [5590, 6406[ 12.738 % (280968641 backtracks, 657539347 nodes)
Optimality gap: [5615, 6406[ 12.348 % (283486522 backtracks, 667373410 nodes)
Optimality gap: [5641, 6406[ 11.942 % (285664511 backtracks, 676732110 nodes)
Optimality gap: [5666, 6406[ 11.552 % (287510044 backtracks, 685384612 nodes)
Optimality gap: [5692, 6406[ 11.146 % (289146001 backtracks, 693873438 nodes)
Optimality gap: [5717, 6406[ 10.756 % (290485695 backtracks, 701678686 nodes)
Optimality gap: [5743, 6406[ 10.350 % (291726047 backtracks, 709628110 nodes)
Optimality gap: [5769, 6406[ 9.944 % (292727154 backtracks, 717172895 nodes)
Optimality gap: [5794, 6406[ 9.554 % (293574091 backtracks, 724348395 nodes)
Optimality gap: [5820, 6406[ 9.148 % (294286422 backtracks, 731563028 nodes)
Optimality gap: [5845, 6406[ 8.757 % (294873855 backtracks, 738430323 nodes)
Optimality gap: [5871, 6406[ 8.352 % (295378644 backtracks, 745450090 nodes)
Optimality gap: [5896, 6406[ 7.961 % (295752125 backtracks, 751584907 nodes)
Optimality gap: [5922, 6406[ 7.555 % (296078589 backtracks, 757919572 nodes)
Optimality gap: [5947, 6406[ 7.165 % (296330920 backtracks, 763725324 nodes)
Optimality gap: [5973, 6406[ 6.759 % (296531442 backtracks, 769280029 nodes)
Optimality gap: [5998, 6406[ 6.369 % (296582387 backtracks, 770605119 nodes)
Optimality gap: [6024, 6406[ 5.963 % (296629032 backtracks, 771790706 nodes)
Optimality gap: [6049, 6406[ 5.573 % (296664735 backtracks, 772796944 nodes)
Optimality gap: [6075, 6406[ 5.167 % (296668985 backtracks, 772983898 nodes)
Optimality gap: [6100, 6406[ 4.777 % (296671774 backtracks, 773142566 nodes)
Optimality gap: [6126, 6406[ 4.371 % (296674450 backtracks, 773304091 nodes)
Optimality gap: [6151, 6406[ 3.981 % (296677656 backtracks, 773464353 nodes)
Optimality gap: [6177, 6406[ 3.575 % (296680875 backtracks, 773637660 nodes)
Optimality gap: [6202, 6406[ 3.185 % (296682391 backtracks, 773776452 nodes)
Optimality gap: [6228, 6406[ 2.779 % (296682970 backtracks, 773884778 nodes)
Optimality gap: [6253, 6406[ 2.388 % (296683051 backtracks, 773938908 nodes)
Optimality gap: [6279, 6406[ 1.983 % (296683081 backtracks, 773983785 nodes)
Optimality gap: [6304, 6406[ 1.592 % (296683114 backtracks, 774022803 nodes)
Optimality gap: [6330, 6406[ 1.186 % (296683124 backtracks, 774058616 nodes)
Optimality gap: [6355, 6406[ 0.796 % (296683132 backtracks, 774085769 nodes)
Optimality gap: [6381, 6406[ 0.390 % (296683133 backtracks, 774098897 nodes)
Node redundancy during HBFS: 23.349 %
Optimum: 6406 in 296683137 backtracks and 774111136 nodes ( 228658460 removals by DEE) and 46223.901 seconds.
end.
