c /usr/bin/toulbar2  version : 1.0.0-master-aab1312-tainted (1530783600), copyright (c) 2006-2018, toulbar2 team
loading wcsp file: ../../instances_preproc/CP13-pedigree41.wcsp
Read 600 variables, with 5 values at most, and 1665 cost functions, with maximum arity 4.
Cost function decomposition time : 0.000321 seconds.
Preprocessing time: 0.010111 seconds.
600 unassigned variables, 1359 values in all current domains (med. size:2, max size:5) and 1110 non-unary cost functions (med. degree:5)
Initial lower and upper bounds: [4817, 99430[ 95.155%
New solution: 9234 (0 backtracks, 137 nodes, depth 138)
Optimality gap: [4916, 9234[ 46.762 % (124 backtracks, 261 nodes)
New solution: 9084 (231 backtracks, 578 nodes, depth 97)
New solution: 8884 (327 backtracks, 763 nodes, depth 86)
Optimality gap: [4956, 8884[ 44.214 % (477 backtracks, 984 nodes)
New solution: 8830 (1166 backtracks, 2571 nodes, depth 46)
New solution: 8691 (1211 backtracks, 2701 nodes, depth 71)
Optimality gap: [4973, 8691[ 42.780 % (1476 backtracks, 3215 nodes)
New solution: 8659 (1580 backtracks, 3526 nodes, depth 62)
New solution: 8577 (1679 backtracks, 3777 nodes, depth 62)
Optimality gap: [5009, 8577[ 41.600 % (1850 backtracks, 4121 nodes)
New solution: 8505 (2305 backtracks, 5202 nodes, depth 41)
New solution: 8473 (2306 backtracks, 5203 nodes, depth 39)
New solution: 8202 (2411 backtracks, 5464 nodes, depth 72)
New solution: 8042 (2419 backtracks, 5499 nodes, depth 75)
New solution: 8000 (2443 backtracks, 5527 nodes, depth 54)
New solution: 7987 (2448 backtracks, 5532 nodes, depth 49)
New solution: 7919 (2449 backtracks, 5535 nodes, depth 50)
New solution: 7900 (2569 backtracks, 5774 nodes, depth 47)
New solution: 7832 (2579 backtracks, 5790 nodes, depth 43)
New solution: 7826 (2582 backtracks, 5797 nodes, depth 42)
New solution: 7758 (2586 backtracks, 5804 nodes, depth 41)
New solution: 7726 (2619 backtracks, 5874 nodes, depth 43)
Optimality gap: [5027, 7726[ 34.934 % (2701 backtracks, 5996 nodes)
New solution: 7703 (2929 backtracks, 6509 nodes, depth 38)
New solution: 7615 (2936 backtracks, 6539 nodes, depth 54)
New solution: 7597 (2956 backtracks, 6559 nodes, depth 33)
New solution: 7460 (3434 backtracks, 7581 nodes, depth 66)
New solution: 7392 (3463 backtracks, 7615 nodes, depth 41)
Optimality gap: [5031, 7392[ 31.940 % (3550 backtracks, 7750 nodes)
New solution: 7337 (4074 backtracks, 8877 nodes, depth 50)
Optimality gap: [5044, 7337[ 31.253 % (4406 backtracks, 9517 nodes)
New solution: 7290 (5315 backtracks, 11447 nodes, depth 42)
New solution: 7276 (7561 backtracks, 16074 nodes, depth 44)
New solution: 7245 (7752 backtracks, 16450 nodes, depth 38)
Optimality gap: [5060, 7245[ 30.159 % (10172 backtracks, 21708 nodes)
New solution: 7227 (12004 backtracks, 26219 nodes, depth 56)
New solution: 7198 (13698 backtracks, 30417 nodes, depth 48)
New solution: 7128 (13699 backtracks, 30418 nodes, depth 47)
Optimality gap: [5075, 7128[ 28.802 % (13750 backtracks, 30474 nodes)
New solution: 7091 (17191 backtracks, 38064 nodes, depth 64)
New solution: 7023 (17192 backtracks, 38066 nodes, depth 64)
New solution: 7006 (17207 backtracks, 38086 nodes, depth 53)
New solution: 6963 (17250 backtracks, 38180 nodes, depth 61)
New solution: 6895 (17251 backtracks, 38182 nodes, depth 61)
New solution: 6878 (17263 backtracks, 38197 nodes, depth 51)
Optimality gap: [5086, 6878[ 26.054 % (17313 backtracks, 38247 nodes)
Optimality gap: [5106, 6878[ 25.763 % (29220 backtracks, 63380 nodes)
Optimality gap: [5127, 6878[ 25.458 % (35295 backtracks, 76379 nodes)
Optimality gap: [5150, 6878[ 25.124 % (44189 backtracks, 94949 nodes)
Optimality gap: [5169, 6878[ 24.847 % (50975 backtracks, 109319 nodes)
New solution: 6864 (60637 backtracks, 129932 nodes, depth 34)
Optimality gap: [5186, 6864[ 24.446 % (60757 backtracks, 130139 nodes)
New solution: 6824 (60964 backtracks, 130623 nodes, depth 33)
Optimality gap: [5199, 6824[ 23.813 % (68113 backtracks, 145848 nodes)
Optimality gap: [5219, 6824[ 23.520 % (83701 backtracks, 179117 nodes)
Optimality gap: [5239, 6824[ 23.227 % (105315 backtracks, 224887 nodes)
New solution: 6819 (106418 backtracks, 227301 nodes, depth 39)
Optimality gap: [5258, 6819[ 22.892 % (118820 backtracks, 253691 nodes)
New solution: 6673 (119075 backtracks, 254316 nodes, depth 61)
New solution: 6660 (119078 backtracks, 254321 nodes, depth 59)
Optimality gap: [5258, 6660[ 21.051 % (119136 backtracks, 254379 nodes)
Optimality gap: [5260, 6660[ 21.021 % (121016 backtracks, 258402 nodes)
New solution: 6618 (135516 backtracks, 289439 nodes, depth 52)
Optimality gap: [5271, 6618[ 20.354 % (135599 backtracks, 289554 nodes)
Optimality gap: [5286, 6618[ 20.127 % (160720 backtracks, 343173 nodes)
Optimality gap: [5304, 6618[ 19.855 % (181715 backtracks, 388471 nodes)
Optimality gap: [5322, 6618[ 19.583 % (204621 backtracks, 438107 nodes)
Optimality gap: [5340, 6618[ 19.311 % (223312 backtracks, 479086 nodes)
Optimality gap: [5358, 6618[ 19.039 % (242119 backtracks, 520163 nodes)
Optimality gap: [5376, 6618[ 18.767 % (260583 backtracks, 560304 nodes)
Optimality gap: [5394, 6618[ 18.495 % (280858 backtracks, 604474 nodes)
Optimality gap: [5412, 6618[ 18.223 % (306616 backtracks, 660456 nodes)
c 1310720 Bytes allocated for hybrid best-first search open nodes.
Optimality gap: [5430, 6618[ 17.951 % (331047 backtracks, 714374 nodes)
Optimality gap: [5448, 6618[ 17.679 % (360391 backtracks, 779421 nodes)
Optimality gap: [5466, 6618[ 17.407 % (381755 backtracks, 827124 nodes)
Optimality gap: [5484, 6618[ 17.135 % (402402 backtracks, 874003 nodes)
Optimality gap: [5502, 6618[ 16.863 % (448175 backtracks, 975090 nodes)
Optimality gap: [5520, 6618[ 16.591 % (480965 backtracks, 1048377 nodes)
Optimality gap: [5538, 6618[ 16.319 % (508712 backtracks, 1112601 nodes)
Optimality gap: [5556, 6618[ 16.047 % (540391 backtracks, 1185554 nodes)
Optimality gap: [5574, 6618[ 15.775 % (565023 backtracks, 1241835 nodes)
Optimality gap: [5592, 6618[ 15.503 % (587242 backtracks, 1293070 nodes)
Optimality gap: [5610, 6618[ 15.231 % (615208 backtracks, 1358399 nodes)
Optimality gap: [5628, 6618[ 14.959 % (648916 backtracks, 1436369 nodes)
Optimality gap: [5646, 6618[ 14.687 % (680221 backtracks, 1510122 nodes)
Optimality gap: [5664, 6618[ 14.415 % (717533 backtracks, 1596712 nodes)
Optimality gap: [5682, 6618[ 14.143 % (755470 backtracks, 1682535 nodes)
Optimality gap: [5700, 6618[ 13.871 % (776945 backtracks, 1734949 nodes)
Optimality gap: [5718, 6618[ 13.599 % (808888 backtracks, 1811689 nodes)
Optimality gap: [5736, 6618[ 13.327 % (838128 backtracks, 1884028 nodes)
Optimality gap: [5754, 6618[ 13.055 % (866906 backtracks, 1953739 nodes)
Optimality gap: [5772, 6618[ 12.783 % (892683 backtracks, 2019107 nodes)
Optimality gap: [5790, 6618[ 12.511 % (911015 backtracks, 2067233 nodes)
Optimality gap: [5808, 6618[ 12.239 % (925895 backtracks, 2108370 nodes)
Optimality gap: [5826, 6618[ 11.967 % (940707 backtracks, 2149920 nodes)
Optimality gap: [5844, 6618[ 11.695 % (960551 backtracks, 2203705 nodes)
Optimality gap: [5862, 6618[ 11.423 % (976062 backtracks, 2249201 nodes)
Optimality gap: [5880, 6618[ 11.151 % (990706 backtracks, 2293084 nodes)
Optimality gap: [5898, 6618[ 10.879 % (1004700 backtracks, 2336320 nodes)
Optimality gap: [5916, 6618[ 10.607 % (1019994 backtracks, 2381470 nodes)
Optimality gap: [5934, 6618[ 10.335 % (1031242 backtracks, 2420113 nodes)
Optimality gap: [5952, 6618[ 10.063 % (1042469 backtracks, 2458327 nodes)
Optimality gap: [5970, 6618[ 9.791 % (1051196 backtracks, 2490622 nodes)
Optimality gap: [5988, 6618[ 9.519 % (1059235 backtracks, 2524783 nodes)
Optimality gap: [6006, 6618[ 9.248 % (1065530 backtracks, 2554319 nodes)
Optimality gap: [6024, 6618[ 8.976 % (1072623 backtracks, 2584237 nodes)
Optimality gap: [6042, 6618[ 8.704 % (1077916 backtracks, 2611690 nodes)
Optimality gap: [6060, 6618[ 8.432 % (1083998 backtracks, 2641434 nodes)
Optimality gap: [6078, 6618[ 8.160 % (1088117 backtracks, 2668967 nodes)
Optimality gap: [6096, 6618[ 7.888 % (1092398 backtracks, 2695478 nodes)
Optimality gap: [6114, 6618[ 7.616 % (1095809 backtracks, 2720689 nodes)
Optimality gap: [6132, 6618[ 7.344 % (1099757 backtracks, 2750333 nodes)
Optimality gap: [6150, 6618[ 7.072 % (1103243 backtracks, 2778754 nodes)
Optimality gap: [6168, 6618[ 6.800 % (1106148 backtracks, 2804231 nodes)
Optimality gap: [6186, 6618[ 6.528 % (1108322 backtracks, 2822712 nodes)
Optimality gap: [6204, 6618[ 6.256 % (1108720 backtracks, 2830927 nodes)
Optimality gap: [6222, 6618[ 5.984 % (1109159 backtracks, 2839123 nodes)
Optimality gap: [6240, 6618[ 5.712 % (1109615 backtracks, 2848439 nodes)
Optimality gap: [6258, 6618[ 5.440 % (1110068 backtracks, 2857030 nodes)
Optimality gap: [6276, 6618[ 5.168 % (1110481 backtracks, 2865236 nodes)
Optimality gap: [6294, 6618[ 4.896 % (1110916 backtracks, 2874727 nodes)
Optimality gap: [6312, 6618[ 4.624 % (1111256 backtracks, 2884299 nodes)
Optimality gap: [6330, 6618[ 4.352 % (1111495 backtracks, 2892788 nodes)
Optimality gap: [6348, 6618[ 4.080 % (1111835 backtracks, 2902171 nodes)
Optimality gap: [6366, 6618[ 3.808 % (1112116 backtracks, 2912986 nodes)
Optimality gap: [6384, 6618[ 3.536 % (1112484 backtracks, 2922547 nodes)
Optimality gap: [6402, 6618[ 3.264 % (1112653 backtracks, 2929711 nodes)
Optimality gap: [6420, 6618[ 2.992 % (1112657 backtracks, 2934019 nodes)
Optimality gap: [6438, 6618[ 2.720 % (1112671 backtracks, 2937625 nodes)
Optimality gap: [6456, 6618[ 2.448 % (1112673 backtracks, 2939248 nodes)
Optimality gap: [6474, 6618[ 2.176 % (1112673 backtracks, 2941717 nodes)
Optimality gap: [6492, 6618[ 1.904 % (1112673 backtracks, 2943857 nodes)
Optimality gap: [6510, 6618[ 1.632 % (1112673 backtracks, 2945835 nodes)
Optimality gap: [6528, 6618[ 1.360 % (1112676 backtracks, 2947758 nodes)
Optimality gap: [6546, 6618[ 1.088 % (1112676 backtracks, 2949374 nodes)
Optimality gap: [6564, 6618[ 0.816 % (1112676 backtracks, 2951316 nodes)
Optimality gap: [6582, 6618[ 0.544 % (1112677 backtracks, 2953250 nodes)
Optimality gap: [6600, 6618[ 0.272 % (1112677 backtracks, 2955345 nodes)
Node redundancy during HBFS: 24.751 %
Optimum: 6618 in 1112677 backtracks and 2957372 nodes ( 1003459 removals by DEE) and 191.418 seconds.
end.
