c /usr/bin/toulbar2  version : 1.0.0-master-aab1312-tainted (1530783600), copyright (c) 2006-2018, toulbar2 team
loading wcsp file: ../../instances_preproc/AIJ14L-1LZ1.matrix.59p.9aa.usingEref_self_digit2.wcsp
Read 53 variables, with 42 values at most, and 957 cost functions, with maximum arity 2.
Cost function decomposition time : 0.000168 seconds.
Preprocessing time: 0.078847 seconds.
53 unassigned variables, 864 values in all current domains (med. size:11, max size:42) and 903 non-unary cost functions (med. degree:35)
Initial lower and upper bounds: [7022303, 17858839[ 60.679%
c 2097152 Bytes allocated for long long stack.
New solution: 7022962 (0 backtracks, 64 nodes, depth 65)
Optimality gap: [7022306, 7022962[ 0.009 % (33 backtracks, 97 nodes)
New solution: 7022769 (60 backtracks, 180 nodes, depth 21)
Optimality gap: [7022309, 7022769[ 0.007 % (78 backtracks, 198 nodes)
New solution: 7022663 (105 backtracks, 281 nodes, depth 17)
Optimality gap: [7022314, 7022663[ 0.005 % (121 backtracks, 297 nodes)
New solution: 7022661 (159 backtracks, 424 nodes, depth 2)
Optimality gap: [7022320, 7022661[ 0.005 % (181 backtracks, 475 nodes)
Optimality gap: [7022321, 7022661[ 0.005 % (235 backtracks, 609 nodes)
Optimality gap: [7022329, 7022661[ 0.005 % (266 backtracks, 693 nodes)
Optimality gap: [7022333, 7022661[ 0.005 % (342 backtracks, 872 nodes)
Optimality gap: [7022337, 7022661[ 0.005 % (404 backtracks, 1049 nodes)
Optimality gap: [7022339, 7022661[ 0.005 % (410 backtracks, 1076 nodes)
New solution: 7022658 (410 backtracks, 1095 nodes, depth 2)
Optimality gap: [7022343, 7022658[ 0.004 % (476 backtracks, 1279 nodes)
Optimality gap: [7022346, 7022658[ 0.004 % (507 backtracks, 1385 nodes)
Optimality gap: [7022350, 7022658[ 0.004 % (551 backtracks, 1548 nodes)
Optimality gap: [7022353, 7022658[ 0.004 % (584 backtracks, 1656 nodes)
Optimality gap: [7022358, 7022658[ 0.004 % (631 backtracks, 1819 nodes)
Optimality gap: [7022361, 7022658[ 0.004 % (653 backtracks, 1906 nodes)
Optimality gap: [7022366, 7022658[ 0.004 % (662 backtracks, 1950 nodes)
Optimality gap: [7022367, 7022658[ 0.004 % (669 backtracks, 1982 nodes)
Optimality gap: [7022374, 7022658[ 0.004 % (715 backtracks, 2154 nodes)
Optimality gap: [7022378, 7022658[ 0.004 % (721 backtracks, 2187 nodes)
Optimality gap: [7022382, 7022658[ 0.004 % (761 backtracks, 2317 nodes)
Optimality gap: [7022385, 7022658[ 0.004 % (770 backtracks, 2343 nodes)
Optimality gap: [7022391, 7022658[ 0.004 % (787 backtracks, 2426 nodes)
Optimality gap: [7022393, 7022658[ 0.004 % (793 backtracks, 2452 nodes)
Optimality gap: [7022398, 7022658[ 0.004 % (815 backtracks, 2560 nodes)
Optimality gap: [7022403, 7022658[ 0.004 % (821 backtracks, 2585 nodes)
Optimality gap: [7022406, 7022658[ 0.004 % (842 backtracks, 2698 nodes)
Optimality gap: [7022410, 7022658[ 0.004 % (854 backtracks, 2764 nodes)
Optimality gap: [7022415, 7022658[ 0.003 % (860 backtracks, 2795 nodes)
Optimality gap: [7022421, 7022658[ 0.003 % (864 backtracks, 2827 nodes)
Optimality gap: [7022424, 7022658[ 0.003 % (876 backtracks, 2862 nodes)
Optimality gap: [7022430, 7022658[ 0.003 % (879 backtracks, 2887 nodes)
Optimality gap: [7022433, 7022658[ 0.003 % (885 backtracks, 2915 nodes)
Optimality gap: [7022435, 7022658[ 0.003 % (896 backtracks, 2972 nodes)
Optimality gap: [7022438, 7022658[ 0.003 % (901 backtracks, 3000 nodes)
Optimality gap: [7022445, 7022658[ 0.003 % (907 backtracks, 3025 nodes)
Optimality gap: [7022451, 7022658[ 0.003 % (910 backtracks, 3053 nodes)
Optimality gap: [7022464, 7022658[ 0.003 % (919 backtracks, 3107 nodes)
Optimality gap: [7022470, 7022658[ 0.003 % (920 backtracks, 3130 nodes)
Optimality gap: [7022478, 7022658[ 0.003 % (941 backtracks, 3198 nodes)
Optimality gap: [7022489, 7022658[ 0.002 % (948 backtracks, 3286 nodes)
Optimality gap: [7022494, 7022658[ 0.002 % (949 backtracks, 3308 nodes)
Optimality gap: [7022495, 7022658[ 0.002 % (950 backtracks, 3331 nodes)
Optimality gap: [7022504, 7022658[ 0.002 % (955 backtracks, 3383 nodes)
Optimality gap: [7022508, 7022658[ 0.002 % (956 backtracks, 3407 nodes)
Optimality gap: [7022519, 7022658[ 0.002 % (958 backtracks, 3460 nodes)
Optimality gap: [7022523, 7022658[ 0.002 % (959 backtracks, 3479 nodes)
Optimality gap: [7022528, 7022658[ 0.002 % (959 backtracks, 3506 nodes)
Optimality gap: [7022533, 7022658[ 0.002 % (960 backtracks, 3534 nodes)
Optimality gap: [7022540, 7022658[ 0.002 % (961 backtracks, 3552 nodes)
Optimality gap: [7022543, 7022658[ 0.002 % (961 backtracks, 3580 nodes)
Optimality gap: [7022549, 7022658[ 0.002 % (962 backtracks, 3601 nodes)
Optimality gap: [7022553, 7022658[ 0.001 % (966 backtracks, 3641 nodes)
Optimality gap: [7022562, 7022658[ 0.001 % (970 backtracks, 3708 nodes)
Optimality gap: [7022564, 7022658[ 0.001 % (974 backtracks, 3755 nodes)
Optimality gap: [7022567, 7022658[ 0.001 % (978 backtracks, 3781 nodes)
Optimality gap: [7022571, 7022658[ 0.001 % (980 backtracks, 3814 nodes)
Optimality gap: [7022575, 7022658[ 0.001 % (980 backtracks, 3833 nodes)
Optimality gap: [7022583, 7022658[ 0.001 % (980 backtracks, 3889 nodes)
Optimality gap: [7022591, 7022658[ 0.001 % (983 backtracks, 3921 nodes)
Optimality gap: [7022597, 7022658[ 0.001 % (985 backtracks, 4003 nodes)
Optimality gap: [7022601, 7022658[ 0.001 % (988 backtracks, 4065 nodes)
Optimality gap: [7022608, 7022658[ 0.001 % (988 backtracks, 4085 nodes)
Optimality gap: [7022609, 7022658[ 0.001 % (988 backtracks, 4110 nodes)
Optimality gap: [7022643, 7022658[ 0.000 % (988 backtracks, 4137 nodes)
Optimality gap: [7022652, 7022658[ 0.000 % (988 backtracks, 4162 nodes)
Optimality gap: [7022657, 7022658[ 0.000 % (988 backtracks, 4185 nodes)
Node redundancy during HBFS: 52.235 %
Optimum: 7022658 in 988 backtracks and 4206 nodes ( 14446 removals by DEE) and 0.598 seconds.
end.
