c /usr/bin/toulbar2  version : 1.0.0-master-aab1312-tainted (1530783600), copyright (c) 2006-2018, toulbar2 team
loading wcsp file: ../../instances_preproc/AIJ14F-2DHC.14p.19aa.usingEref_self_digit2.wcsp
Read 14 variables, with 182 values at most, and 106 cost functions, with maximum arity 2.
Cost function decomposition time : 1.2e-05 seconds.
Reverse DAC lower bound: 1408751 (+7.09849e-05%)
Preprocessing time: 0.484126 seconds.
14 unassigned variables, 2015 values in all current domains (med. size:146, max size:182) and 91 non-unary cost functions (med. degree:13)
Initial lower and upper bounds: [1408751, 24370516[ 94.219%
c 2097152 Bytes allocated for long long stack.
c 4194304 Bytes allocated for long long stack.
c 8388608 Bytes allocated for long long stack.
c 16777216 Bytes allocated for long long stack.
c 33554432 Bytes allocated for long long stack.
New solution: 1412177 (0 backtracks, 50 nodes, depth 51)
Optimality gap: [1408768, 1412177[ 0.241 % (33 backtracks, 83 nodes)
Optimality gap: [1408889, 1412177[ 0.233 % (52 backtracks, 122 nodes)
New solution: 1412064 (52 backtracks, 147 nodes, depth 17)
New solution: 1411269 (67 backtracks, 198 nodes, depth 27)
Optimality gap: [1408903, 1411269[ 0.168 % (90 backtracks, 221 nodes)
New solution: 1411146 (101 backtracks, 279 nodes, depth 20)
New solution: 1411086 (102 backtracks, 280 nodes, depth 18)
Optimality gap: [1408916, 1411086[ 0.154 % (119 backtracks, 297 nodes)
New solution: 1411083 (201 backtracks, 495 nodes, depth 6)
New solution: 1411040 (223 backtracks, 540 nodes, depth 7)
Optimality gap: [1408944, 1411040[ 0.149 % (397 backtracks, 886 nodes)
New solution: 1411022 (541 backtracks, 1192 nodes, depth 10)
New solution: 1410975 (544 backtracks, 1200 nodes, depth 12)
Optimality gap: [1408958, 1410975[ 0.143 % (669 backtracks, 1439 nodes)
Optimality gap: [1408979, 1410975[ 0.141 % (933 backtracks, 1992 nodes)
Optimality gap: [1408999, 1410975[ 0.140 % (1016 backtracks, 2180 nodes)
Optimality gap: [1409030, 1410975[ 0.138 % (1200 backtracks, 2606 nodes)
Optimality gap: [1409057, 1410975[ 0.136 % (1279 backtracks, 2801 nodes)
Optimality gap: [1409065, 1410975[ 0.135 % (1332 backtracks, 2948 nodes)
Optimality gap: [1409101, 1410975[ 0.133 % (1374 backtracks, 3045 nodes)
Optimality gap: [1409107, 1410975[ 0.132 % (1454 backtracks, 3241 nodes)
Optimality gap: [1409141, 1410975[ 0.130 % (1536 backtracks, 3441 nodes)
Optimality gap: [1409159, 1410975[ 0.129 % (1638 backtracks, 3672 nodes)
Optimality gap: [1409182, 1410975[ 0.127 % (2429 backtracks, 5308 nodes)
Optimality gap: [1409199, 1410975[ 0.126 % (2666 backtracks, 5797 nodes)
Optimality gap: [1409224, 1410975[ 0.124 % (3304 backtracks, 7110 nodes)
Optimality gap: [1409242, 1410975[ 0.123 % (3497 backtracks, 7518 nodes)
New solution: 1410928 (3533 backtracks, 7605 nodes, depth 7)
New solution: 1410924 (3545 backtracks, 7627 nodes, depth 5)
Optimality gap: [1409254, 1410924[ 0.118 % (3761 backtracks, 8068 nodes)
Optimality gap: [1409281, 1410924[ 0.116 % (3921 backtracks, 8419 nodes)
New solution: 1410905 (4272 backtracks, 9182 nodes, depth 6)
Optimality gap: [1409291, 1410905[ 0.114 % (4697 backtracks, 10057 nodes)
Optimality gap: [1409319, 1410905[ 0.112 % (5041 backtracks, 10781 nodes)
Optimality gap: [1409333, 1410905[ 0.111 % (5444 backtracks, 11622 nodes)
Optimality gap: [1409356, 1410905[ 0.110 % (5721 backtracks, 12217 nodes)
Optimality gap: [1409385, 1410905[ 0.108 % (5968 backtracks, 12728 nodes)
Optimality gap: [1409401, 1410905[ 0.107 % (6038 backtracks, 12881 nodes)
Optimality gap: [1409420, 1410905[ 0.105 % (6383 backtracks, 13620 nodes)
Optimality gap: [1409441, 1410905[ 0.104 % (6762 backtracks, 14420 nodes)
Optimality gap: [1409462, 1410905[ 0.102 % (7359 backtracks, 15691 nodes)
Optimality gap: [1409495, 1410905[ 0.100 % (7489 backtracks, 15975 nodes)
Optimality gap: [1409506, 1410905[ 0.099 % (7814 backtracks, 16670 nodes)
Optimality gap: [1409528, 1410905[ 0.098 % (8178 backtracks, 17493 nodes)
Optimality gap: [1409551, 1410905[ 0.096 % (8366 backtracks, 17912 nodes)
Optimality gap: [1409574, 1410905[ 0.094 % (8643 backtracks, 18506 nodes)
Optimality gap: [1409606, 1410905[ 0.092 % (8718 backtracks, 18703 nodes)
Optimality gap: [1409619, 1410905[ 0.091 % (9053 backtracks, 19411 nodes)
Optimality gap: [1409639, 1410905[ 0.090 % (9134 backtracks, 19600 nodes)
Optimality gap: [1409668, 1410905[ 0.088 % (9224 backtracks, 19802 nodes)
Optimality gap: [1409702, 1410905[ 0.085 % (9367 backtracks, 20110 nodes)
Optimality gap: [1409732, 1410905[ 0.083 % (9713 backtracks, 20878 nodes)
Optimality gap: [1409752, 1410905[ 0.082 % (9800 backtracks, 21077 nodes)
New solution: 1410897 (9979 backtracks, 21484 nodes, depth 7)
New solution: 1410850 (10017 backtracks, 21557 nodes, depth 4)
Optimality gap: [1409764, 1410850[ 0.077 % (10020 backtracks, 21561 nodes)
Optimality gap: [1409780, 1410850[ 0.076 % (10173 backtracks, 21914 nodes)
Optimality gap: [1409805, 1410850[ 0.074 % (10304 backtracks, 22236 nodes)
Optimality gap: [1409827, 1410850[ 0.073 % (10375 backtracks, 22415 nodes)
Optimality gap: [1409848, 1410850[ 0.071 % (10519 backtracks, 22778 nodes)
Optimality gap: [1409864, 1410850[ 0.070 % (10565 backtracks, 22906 nodes)
Optimality gap: [1409889, 1410850[ 0.068 % (10790 backtracks, 23433 nodes)
Optimality gap: [1409907, 1410850[ 0.067 % (10838 backtracks, 23597 nodes)
Optimality gap: [1409932, 1410850[ 0.065 % (10947 backtracks, 23893 nodes)
Optimality gap: [1409948, 1410850[ 0.064 % (10987 backtracks, 24009 nodes)
Optimality gap: [1409978, 1410850[ 0.062 % (11124 backtracks, 24428 nodes)
Optimality gap: [1410001, 1410850[ 0.060 % (11243 backtracks, 24691 nodes)
Optimality gap: [1410012, 1410850[ 0.059 % (11280 backtracks, 24811 nodes)
Optimality gap: [1410049, 1410850[ 0.057 % (11387 backtracks, 25102 nodes)
Optimality gap: [1410055, 1410850[ 0.056 % (11434 backtracks, 25218 nodes)
Optimality gap: [1410082, 1410850[ 0.054 % (11483 backtracks, 25406 nodes)
Optimality gap: [1410101, 1410850[ 0.053 % (11507 backtracks, 25493 nodes)
Optimality gap: [1410120, 1410850[ 0.052 % (11518 backtracks, 25536 nodes)
Optimality gap: [1410142, 1410850[ 0.050 % (11549 backtracks, 25662 nodes)
Optimality gap: [1410159, 1410850[ 0.049 % (11579 backtracks, 25749 nodes)
Optimality gap: [1410186, 1410850[ 0.047 % (11668 backtracks, 26016 nodes)
Optimality gap: [1410205, 1410850[ 0.046 % (11702 backtracks, 26201 nodes)
Optimality gap: [1410222, 1410850[ 0.045 % (11713 backtracks, 26253 nodes)
Optimality gap: [1410242, 1410850[ 0.043 % (11752 backtracks, 26463 nodes)
Optimality gap: [1410276, 1410850[ 0.041 % (11818 backtracks, 26719 nodes)
Optimality gap: [1410284, 1410850[ 0.040 % (11838 backtracks, 26814 nodes)
Optimality gap: [1410308, 1410850[ 0.038 % (11844 backtracks, 26875 nodes)
Optimality gap: [1410326, 1410850[ 0.037 % (11873 backtracks, 27019 nodes)
Optimality gap: [1410347, 1410850[ 0.036 % (11891 backtracks, 27150 nodes)
Optimality gap: [1410373, 1410850[ 0.034 % (11905 backtracks, 27235 nodes)
Optimality gap: [1410396, 1410850[ 0.032 % (11909 backtracks, 27252 nodes)
Optimality gap: [1410413, 1410850[ 0.031 % (11914 backtracks, 27304 nodes)
Optimality gap: [1410437, 1410850[ 0.029 % (11932 backtracks, 27420 nodes)
Optimality gap: [1410457, 1410850[ 0.028 % (11947 backtracks, 27506 nodes)
Optimality gap: [1410477, 1410850[ 0.026 % (11956 backtracks, 27595 nodes)
Optimality gap: [1410495, 1410850[ 0.025 % (11956 backtracks, 27645 nodes)
Optimality gap: [1410522, 1410850[ 0.023 % (11958 backtracks, 27698 nodes)
Optimality gap: [1410540, 1410850[ 0.022 % (11962 backtracks, 27743 nodes)
Optimality gap: [1410560, 1410850[ 0.021 % (11974 backtracks, 27809 nodes)
Optimality gap: [1410580, 1410850[ 0.019 % (11976 backtracks, 27850 nodes)
Optimality gap: [1410602, 1410850[ 0.018 % (11997 backtracks, 28054 nodes)
Optimality gap: [1410623, 1410850[ 0.016 % (12000 backtracks, 28137 nodes)
Optimality gap: [1410641, 1410850[ 0.015 % (12005 backtracks, 28220 nodes)
Optimality gap: [1410686, 1410850[ 0.012 % (12006 backtracks, 28290 nodes)
Optimality gap: [1410715, 1410850[ 0.010 % (12008 backtracks, 28326 nodes)
Optimality gap: [1410727, 1410850[ 0.009 % (12010 backtracks, 28375 nodes)
Optimality gap: [1410748, 1410850[ 0.007 % (12011 backtracks, 28436 nodes)
Optimality gap: [1410776, 1410850[ 0.005 % (12013 backtracks, 28491 nodes)
Optimality gap: [1410792, 1410850[ 0.004 % (12013 backtracks, 28505 nodes)
Optimality gap: [1410814, 1410850[ 0.003 % (12014 backtracks, 28562 nodes)
Optimality gap: [1410850, 1410850[ 0.000 % (12019 backtracks, 28646 nodes)
Node redundancy during HBFS: 16.006 %
Optimum: 1410850 in 12019 backtracks and 28646 nodes ( 71253 removals by DEE) and 22.858 seconds.
end.
