c /usr/bin/toulbar2  version : 1.0.0-master-aab1312-tainted (1530783600), copyright (c) 2006-2018, toulbar2 team
loading wcsp file: ../../instances_preproc/AIJ14L-1BRS.matrix.44p.20aa.usingEref_self_digit2.wcsp
Read 38 variables, with 178 values at most, and 673 cost functions, with maximum arity 2.
Cost function decomposition time : 0.00015 seconds.
Preprocessing time: 0.663865 seconds.
38 unassigned variables, 2441 values in all current domains (med. size:15, max size:178) and 634 non-unary cost functions (med. degree:35)
Initial lower and upper bounds: [4006066, 20191168[ 80.159%
c 2097152 Bytes allocated for long long stack.
c 4194304 Bytes allocated for long long stack.
c 8388608 Bytes allocated for long long stack.
c 16777216 Bytes allocated for long long stack.
c 33554432 Bytes allocated for long long stack.
New solution: 4008113 (0 backtracks, 74 nodes, depth 75)
Optimality gap: [4006088, 4008113[ 0.051 % (70 backtracks, 144 nodes)
Optimality gap: [4006111, 4008113[ 0.050 % (123 backtracks, 261 nodes)
New solution: 4007888 (123 backtracks, 312 nodes, depth 38)
Optimality gap: [4006147, 4007888[ 0.043 % (209 backtracks, 475 nodes)
New solution: 4007824 (209 backtracks, 513 nodes, depth 36)
Optimality gap: [4006158, 4007824[ 0.042 % (358 backtracks, 824 nodes)
Optimality gap: [4006173, 4007824[ 0.041 % (625 backtracks, 1391 nodes)
Optimality gap: [4006195, 4007824[ 0.041 % (1186 backtracks, 2567 nodes)
New solution: 4007784 (1192 backtracks, 2616 nodes, depth 26)
Optimality gap: [4006204, 4007784[ 0.039 % (1752 backtracks, 3756 nodes)
New solution: 4007744 (2564 backtracks, 5462 nodes, depth 19)
Optimality gap: [4006220, 4007744[ 0.038 % (2597 backtracks, 5510 nodes)
Optimality gap: [4006243, 4007744[ 0.037 % (3698 backtracks, 7794 nodes)
Optimality gap: [4006254, 4007744[ 0.037 % (3979 backtracks, 8391 nodes)
New solution: 4007656 (4409 backtracks, 9321 nodes, depth 29)
Optimality gap: [4006270, 4007656[ 0.035 % (4527 backtracks, 9529 nodes)
Optimality gap: [4006274, 4007656[ 0.034 % (4805 backtracks, 10158 nodes)
Optimality gap: [4006291, 4007656[ 0.034 % (4950 backtracks, 10479 nodes)
Optimality gap: [4006305, 4007656[ 0.034 % (5308 backtracks, 11277 nodes)
Optimality gap: [4006321, 4007656[ 0.033 % (6165 backtracks, 13202 nodes)
Optimality gap: [4006337, 4007656[ 0.033 % (6947 backtracks, 14943 nodes)
Optimality gap: [4006353, 4007656[ 0.033 % (7656 backtracks, 16501 nodes)
Optimality gap: [4006369, 4007656[ 0.032 % (8722 backtracks, 18859 nodes)
Optimality gap: [4006386, 4007656[ 0.032 % (10519 backtracks, 22898 nodes)
Optimality gap: [4006400, 4007656[ 0.031 % (11926 backtracks, 26070 nodes)
Optimality gap: [4006416, 4007656[ 0.031 % (13098 backtracks, 28753 nodes)
Optimality gap: [4006432, 4007656[ 0.031 % (14300 backtracks, 31464 nodes)
New solution: 4007610 (15268 backtracks, 33707 nodes, depth 28)
Optimality gap: [4006439, 4007610[ 0.029 % (15348 backtracks, 33840 nodes)
Optimality gap: [4006454, 4007610[ 0.029 % (16847 backtracks, 37260 nodes)
Optimality gap: [4006468, 4007610[ 0.028 % (18655 backtracks, 41344 nodes)
Optimality gap: [4006483, 4007610[ 0.028 % (20457 backtracks, 45447 nodes)
Optimality gap: [4006499, 4007610[ 0.028 % (23580 backtracks, 52239 nodes)
Optimality gap: [4006514, 4007610[ 0.027 % (28421 backtracks, 62676 nodes)
Optimality gap: [4006530, 4007610[ 0.027 % (32591 backtracks, 71695 nodes)
Optimality gap: [4006545, 4007610[ 0.027 % (36851 backtracks, 81001 nodes)
Optimality gap: [4006561, 4007610[ 0.026 % (40685 backtracks, 89335 nodes)
Optimality gap: [4006576, 4007610[ 0.026 % (45165 backtracks, 99075 nodes)
Optimality gap: [4006591, 4007610[ 0.025 % (48014 backtracks, 105367 nodes)
Optimality gap: [4006607, 4007610[ 0.025 % (51588 backtracks, 113207 nodes)
Optimality gap: [4006622, 4007610[ 0.025 % (58412 backtracks, 128129 nodes)
Optimality gap: [4006638, 4007610[ 0.024 % (62334 backtracks, 136954 nodes)
Optimality gap: [4006653, 4007610[ 0.024 % (65455 backtracks, 143865 nodes)
Optimality gap: [4006669, 4007610[ 0.023 % (69359 backtracks, 152596 nodes)
Optimality gap: [4006684, 4007610[ 0.023 % (73263 backtracks, 161435 nodes)
Optimality gap: [4006700, 4007610[ 0.023 % (77742 backtracks, 171528 nodes)
Optimality gap: [4006715, 4007610[ 0.022 % (82085 backtracks, 181193 nodes)
Optimality gap: [4006730, 4007610[ 0.022 % (86527 backtracks, 191299 nodes)
Optimality gap: [4006746, 4007610[ 0.022 % (91464 backtracks, 202460 nodes)
Optimality gap: [4006761, 4007610[ 0.021 % (95139 backtracks, 210945 nodes)
Optimality gap: [4006777, 4007610[ 0.021 % (99336 backtracks, 220562 nodes)
Optimality gap: [4006792, 4007610[ 0.020 % (105727 backtracks, 235000 nodes)
Optimality gap: [4006808, 4007610[ 0.020 % (109501 backtracks, 243578 nodes)
Optimality gap: [4006823, 4007610[ 0.020 % (113477 backtracks, 252691 nodes)
Optimality gap: [4006839, 4007610[ 0.019 % (118035 backtracks, 263155 nodes)
Optimality gap: [4006854, 4007610[ 0.019 % (122917 backtracks, 274432 nodes)
Optimality gap: [4006869, 4007610[ 0.018 % (126414 backtracks, 282725 nodes)
Optimality gap: [4006885, 4007610[ 0.018 % (131638 backtracks, 294718 nodes)
Optimality gap: [4006900, 4007610[ 0.018 % (135607 backtracks, 304315 nodes)
Optimality gap: [4006916, 4007610[ 0.017 % (139344 backtracks, 313251 nodes)
Optimality gap: [4006931, 4007610[ 0.017 % (141389 backtracks, 318634 nodes)
Optimality gap: [4006947, 4007610[ 0.017 % (144866 backtracks, 327374 nodes)
Optimality gap: [4006962, 4007610[ 0.016 % (147789 backtracks, 334769 nodes)
Optimality gap: [4006977, 4007610[ 0.016 % (150523 backtracks, 341752 nodes)
Optimality gap: [4006993, 4007610[ 0.015 % (153059 backtracks, 348563 nodes)
Optimality gap: [4007008, 4007610[ 0.015 % (155761 backtracks, 355521 nodes)
Optimality gap: [4007024, 4007610[ 0.015 % (157574 backtracks, 360773 nodes)
Optimality gap: [4007039, 4007610[ 0.014 % (158698 backtracks, 364503 nodes)
Optimality gap: [4007055, 4007610[ 0.014 % (160139 backtracks, 369065 nodes)
Optimality gap: [4007070, 4007610[ 0.013 % (162013 backtracks, 374402 nodes)
Optimality gap: [4007086, 4007610[ 0.013 % (163430 backtracks, 378973 nodes)
Optimality gap: [4007101, 4007610[ 0.013 % (164840 backtracks, 383757 nodes)
Optimality gap: [4007116, 4007610[ 0.012 % (165613 backtracks, 386858 nodes)
Optimality gap: [4007132, 4007610[ 0.012 % (166671 backtracks, 390818 nodes)
Optimality gap: [4007147, 4007610[ 0.012 % (167547 backtracks, 394373 nodes)
Optimality gap: [4007163, 4007610[ 0.011 % (168230 backtracks, 397185 nodes)
Optimality gap: [4007178, 4007610[ 0.011 % (168870 backtracks, 400015 nodes)
Optimality gap: [4007194, 4007610[ 0.010 % (169585 backtracks, 403254 nodes)
Optimality gap: [4007209, 4007610[ 0.010 % (170083 backtracks, 405632 nodes)
Optimality gap: [4007225, 4007610[ 0.010 % (170490 backtracks, 407716 nodes)
Optimality gap: [4007240, 4007610[ 0.009 % (170929 backtracks, 409859 nodes)
Optimality gap: [4007255, 4007610[ 0.009 % (171317 backtracks, 412276 nodes)
Optimality gap: [4007271, 4007610[ 0.008 % (171686 backtracks, 414742 nodes)
Optimality gap: [4007286, 4007610[ 0.008 % (171951 backtracks, 416647 nodes)
Optimality gap: [4007302, 4007610[ 0.008 % (172283 backtracks, 419034 nodes)
Optimality gap: [4007317, 4007610[ 0.007 % (172492 backtracks, 420757 nodes)
Optimality gap: [4007333, 4007610[ 0.007 % (172757 backtracks, 422702 nodes)
Optimality gap: [4007348, 4007610[ 0.007 % (173028 backtracks, 425109 nodes)
Optimality gap: [4007363, 4007610[ 0.006 % (173193 backtracks, 426954 nodes)
Optimality gap: [4007379, 4007610[ 0.006 % (173349 backtracks, 428729 nodes)
Optimality gap: [4007394, 4007610[ 0.005 % (173474 backtracks, 430106 nodes)
Optimality gap: [4007411, 4007610[ 0.005 % (173602 backtracks, 431576 nodes)
Optimality gap: [4007425, 4007610[ 0.005 % (173727 backtracks, 432612 nodes)
Optimality gap: [4007441, 4007610[ 0.004 % (173824 backtracks, 433920 nodes)
Optimality gap: [4007456, 4007610[ 0.004 % (173891 backtracks, 435016 nodes)
Optimality gap: [4007472, 4007610[ 0.003 % (173988 backtracks, 436422 nodes)
Optimality gap: [4007487, 4007610[ 0.003 % (174057 backtracks, 437484 nodes)
Optimality gap: [4007502, 4007610[ 0.003 % (174110 backtracks, 438406 nodes)
Optimality gap: [4007518, 4007610[ 0.002 % (174184 backtracks, 439692 nodes)
Optimality gap: [4007534, 4007610[ 0.002 % (174242 backtracks, 440708 nodes)
Optimality gap: [4007549, 4007610[ 0.002 % (174293 backtracks, 441703 nodes)
Optimality gap: [4007564, 4007610[ 0.001 % (174325 backtracks, 442752 nodes)
Optimality gap: [4007581, 4007610[ 0.001 % (174352 backtracks, 443620 nodes)
Optimality gap: [4007595, 4007610[ 0.000 % (174362 backtracks, 444210 nodes)
Node redundancy during HBFS: 21.547 %
Optimum: 4007610 in 174365 backtracks and 444518 nodes ( 4552898 removals by DEE) and 744.651 seconds.
end.
