c /usr/bin/toulbar2  version : 1.0.0-master-aab1312-tainted (1530783600), copyright (c) 2006-2018, toulbar2 team
loading wcsp file: ../../instances_preproc/AIJ14L-1GVP.matrix.52p.17aa.usingEref_self_digit2.wcsp
Read 52 variables, with 174 values at most, and 1203 cost functions, with maximum arity 2.
Cost function decomposition time : 0.000609 seconds.
Preprocessing time: 1.03419 seconds.
52 unassigned variables, 3001 values in all current domains (med. size:28, max size:174) and 1150 non-unary cost functions (med. degree:46)
Initial lower and upper bounds: [5195604, 20500770[ 74.657%
c 2097152 Bytes allocated for long long stack.
c 4194304 Bytes allocated for long long stack.
c 8388608 Bytes allocated for long long stack.
c 16777216 Bytes allocated for long long stack.
c 33554432 Bytes allocated for long long stack.
New solution: 5197126 (0 backtracks, 103 nodes, depth 104)
Optimality gap: [5195624, 5197126[ 0.029 % (95 backtracks, 198 nodes)
Optimality gap: [5195638, 5197126[ 0.029 % (247 backtracks, 541 nodes)
New solution: 5197040 (334 backtracks, 812 nodes, depth 64)
Optimality gap: [5195649, 5197040[ 0.027 % (451 backtracks, 998 nodes)
New solution: 5197027 (627 backtracks, 1462 nodes, depth 37)
New solution: 5196961 (628 backtracks, 1465 nodes, depth 38)
Optimality gap: [5195662, 5196961[ 0.025 % (665 backtracks, 1503 nodes)
New solution: 5196933 (836 backtracks, 1938 nodes, depth 26)
New solution: 5196855 (846 backtracks, 1963 nodes, depth 31)
New solution: 5196839 (856 backtracks, 1980 nodes, depth 25)
Optimality gap: [5195666, 5196839[ 0.023 % (1049 backtracks, 2360 nodes)
New solution: 5196812 (1607 backtracks, 3548 nodes, depth 23)
Optimality gap: [5195677, 5196812[ 0.022 % (2677 backtracks, 5719 nodes)
New solution: 5196802 (3333 backtracks, 7110 nodes, depth 25)
New solution: 5196792 (4030 backtracks, 8554 nodes, depth 23)
Optimality gap: [5195688, 5196792[ 0.021 % (4709 backtracks, 9922 nodes)
Optimality gap: [5195702, 5196792[ 0.021 % (5314 backtracks, 11271 nodes)
New solution: 5196756 (5497 backtracks, 11710 nodes, depth 14)
Optimality gap: [5195708, 5196756[ 0.020 % (5625 backtracks, 11960 nodes)
Optimality gap: [5195720, 5196756[ 0.020 % (6632 backtracks, 14230 nodes)
Optimality gap: [5195731, 5196756[ 0.020 % (7814 backtracks, 16913 nodes)
Optimality gap: [5195743, 5196756[ 0.019 % (9620 backtracks, 20997 nodes)
New solution: 5196752 (10295 backtracks, 22573 nodes, depth 24)
Optimality gap: [5195754, 5196752[ 0.019 % (11316 backtracks, 24865 nodes)
Optimality gap: [5195766, 5196752[ 0.019 % (13371 backtracks, 29560 nodes)
New solution: 5196748 (14668 backtracks, 32652 nodes, depth 17)
New solution: 5196745 (14748 backtracks, 32846 nodes, depth 17)
Optimality gap: [5195776, 5196745[ 0.019 % (17335 backtracks, 38262 nodes)
Optimality gap: [5195787, 5196745[ 0.018 % (24440 backtracks, 53173 nodes)
Optimality gap: [5195798, 5196745[ 0.018 % (33329 backtracks, 71819 nodes)
Optimality gap: [5195810, 5196745[ 0.018 % (40043 backtracks, 85945 nodes)
Optimality gap: [5195821, 5196745[ 0.018 % (47601 backtracks, 101883 nodes)
Optimality gap: [5195833, 5196745[ 0.018 % (57451 backtracks, 122734 nodes)
Optimality gap: [5195844, 5196745[ 0.017 % (63707 backtracks, 136024 nodes)
Optimality gap: [5195856, 5196745[ 0.017 % (71392 backtracks, 152307 nodes)
Optimality gap: [5195867, 5196745[ 0.017 % (82105 backtracks, 175062 nodes)
Optimality gap: [5195878, 5196745[ 0.017 % (89166 backtracks, 190180 nodes)
New solution: 5196732 (95202 backtracks, 202955 nodes, depth 7)
Optimality gap: [5195887, 5196732[ 0.016 % (96649 backtracks, 206109 nodes)
Optimality gap: [5195898, 5196732[ 0.016 % (104361 backtracks, 222776 nodes)
Optimality gap: [5195909, 5196732[ 0.016 % (111732 backtracks, 238663 nodes)
Optimality gap: [5195920, 5196732[ 0.016 % (117556 backtracks, 251140 nodes)
Optimality gap: [5195932, 5196732[ 0.015 % (128175 backtracks, 273864 nodes)
Optimality gap: [5195943, 5196732[ 0.015 % (138194 backtracks, 295561 nodes)
New solution: 5196719 (145982 backtracks, 312392 nodes, depth 16)
Optimality gap: [5195952, 5196719[ 0.015 % (146206 backtracks, 312825 nodes)
Optimality gap: [5195961, 5196719[ 0.015 % (154051 backtracks, 329954 nodes)
Optimality gap: [5195972, 5196719[ 0.014 % (165783 backtracks, 355560 nodes)
Optimality gap: [5195984, 5196719[ 0.014 % (176095 backtracks, 378115 nodes)
Optimality gap: [5195995, 5196719[ 0.014 % (183472 backtracks, 394418 nodes)
Optimality gap: [5196006, 5196719[ 0.014 % (189162 backtracks, 407099 nodes)
Optimality gap: [5196017, 5196719[ 0.014 % (196133 backtracks, 422645 nodes)
Optimality gap: [5196028, 5196719[ 0.013 % (204501 backtracks, 441370 nodes)
Optimality gap: [5196039, 5196719[ 0.013 % (210839 backtracks, 455662 nodes)
Optimality gap: [5196051, 5196719[ 0.013 % (218275 backtracks, 472830 nodes)
Optimality gap: [5196063, 5196719[ 0.013 % (224801 backtracks, 488111 nodes)
Optimality gap: [5196073, 5196719[ 0.012 % (231124 backtracks, 502485 nodes)
Optimality gap: [5196084, 5196719[ 0.012 % (238855 backtracks, 520188 nodes)
Optimality gap: [5196095, 5196719[ 0.012 % (243112 backtracks, 530662 nodes)
Optimality gap: [5196106, 5196719[ 0.012 % (248892 backtracks, 544223 nodes)
Optimality gap: [5196117, 5196719[ 0.012 % (254038 backtracks, 557139 nodes)
Optimality gap: [5196129, 5196719[ 0.011 % (259167 backtracks, 569710 nodes)
Optimality gap: [5196140, 5196719[ 0.011 % (263257 backtracks, 580496 nodes)
Optimality gap: [5196151, 5196719[ 0.011 % (267337 backtracks, 590877 nodes)
Optimality gap: [5196162, 5196719[ 0.011 % (271969 backtracks, 602653 nodes)
Optimality gap: [5196173, 5196719[ 0.011 % (275641 backtracks, 612217 nodes)
Optimality gap: [5196184, 5196719[ 0.010 % (278060 backtracks, 619057 nodes)
Optimality gap: [5196195, 5196719[ 0.010 % (282503 backtracks, 630344 nodes)
Optimality gap: [5196207, 5196719[ 0.010 % (285171 backtracks, 637413 nodes)
Optimality gap: [5196218, 5196719[ 0.010 % (287936 backtracks, 645046 nodes)
Optimality gap: [5196229, 5196719[ 0.009 % (289954 backtracks, 651011 nodes)
Optimality gap: [5196240, 5196719[ 0.009 % (292776 backtracks, 659286 nodes)
Optimality gap: [5196251, 5196719[ 0.009 % (295535 backtracks, 667514 nodes)
Optimality gap: [5196262, 5196719[ 0.009 % (297874 backtracks, 674814 nodes)
Optimality gap: [5196274, 5196719[ 0.009 % (300749 backtracks, 683232 nodes)
Optimality gap: [5196285, 5196719[ 0.008 % (302243 backtracks, 688694 nodes)
Optimality gap: [5196296, 5196719[ 0.008 % (303732 backtracks, 693873 nodes)
Optimality gap: [5196307, 5196719[ 0.008 % (305247 backtracks, 699427 nodes)
Optimality gap: [5196318, 5196719[ 0.008 % (306637 backtracks, 704753 nodes)
Optimality gap: [5196329, 5196719[ 0.008 % (307855 backtracks, 709752 nodes)
Optimality gap: [5196340, 5196719[ 0.007 % (309354 backtracks, 715225 nodes)
Optimality gap: [5196352, 5196719[ 0.007 % (310938 backtracks, 720926 nodes)
Optimality gap: [5196363, 5196719[ 0.007 % (311980 backtracks, 725189 nodes)
Optimality gap: [5196374, 5196719[ 0.007 % (313207 backtracks, 730072 nodes)
Optimality gap: [5196385, 5196719[ 0.006 % (314151 backtracks, 734184 nodes)
Optimality gap: [5196396, 5196719[ 0.006 % (314999 backtracks, 738150 nodes)
Optimality gap: [5196407, 5196719[ 0.006 % (315588 backtracks, 741112 nodes)
Optimality gap: [5196418, 5196719[ 0.006 % (316448 backtracks, 745711 nodes)
Optimality gap: [5196430, 5196719[ 0.006 % (317313 backtracks, 750647 nodes)
Optimality gap: [5196441, 5196719[ 0.005 % (318015 backtracks, 754550 nodes)
Optimality gap: [5196452, 5196719[ 0.005 % (318610 backtracks, 758111 nodes)
Optimality gap: [5196463, 5196719[ 0.005 % (319098 backtracks, 761474 nodes)
Optimality gap: [5196474, 5196719[ 0.005 % (319590 backtracks, 764908 nodes)
Optimality gap: [5196485, 5196719[ 0.005 % (320039 backtracks, 768661 nodes)
Optimality gap: [5196497, 5196719[ 0.004 % (320352 backtracks, 771456 nodes)
Optimality gap: [5196508, 5196719[ 0.004 % (320689 backtracks, 774177 nodes)
Optimality gap: [5196519, 5196719[ 0.004 % (320972 backtracks, 776756 nodes)
Optimality gap: [5196530, 5196719[ 0.004 % (321272 backtracks, 779583 nodes)
Optimality gap: [5196541, 5196719[ 0.003 % (321473 backtracks, 781875 nodes)
Optimality gap: [5196552, 5196719[ 0.003 % (321698 backtracks, 784337 nodes)
Optimality gap: [5196563, 5196719[ 0.003 % (321850 backtracks, 786681 nodes)
Optimality gap: [5196575, 5196719[ 0.003 % (322060 backtracks, 789373 nodes)
Optimality gap: [5196586, 5196719[ 0.003 % (322211 backtracks, 791724 nodes)
Optimality gap: [5196597, 5196719[ 0.002 % (322359 backtracks, 794215 nodes)
Optimality gap: [5196608, 5196719[ 0.002 % (322501 backtracks, 796643 nodes)
Optimality gap: [5196619, 5196719[ 0.002 % (322615 backtracks, 798758 nodes)
Optimality gap: [5196630, 5196719[ 0.002 % (322729 backtracks, 800823 nodes)
Optimality gap: [5196641, 5196719[ 0.002 % (322777 backtracks, 802220 nodes)
Optimality gap: [5196653, 5196719[ 0.001 % (322864 backtracks, 804250 nodes)
Optimality gap: [5196664, 5196719[ 0.001 % (322910 backtracks, 805712 nodes)
Optimality gap: [5196676, 5196719[ 0.001 % (322941 backtracks, 806888 nodes)
Optimality gap: [5196686, 5196719[ 0.001 % (322947 backtracks, 807425 nodes)
Optimality gap: [5196697, 5196719[ 0.000 % (322964 backtracks, 808398 nodes)
Optimality gap: [5196708, 5196719[ 0.000 % (322971 backtracks, 809106 nodes)
Node redundancy during HBFS: 20.227 %
Optimum: 5196719 in 322972 backtracks and 809742 nodes ( 9391339 removals by DEE) and 2021.605 seconds.
end.
