c /usr/bin/toulbar2  version : 1.0.0-master-aab1312-tainted (1530783600), copyright (c) 2006-2018, toulbar2 team
loading wcsp file: ../../instances_preproc/AIJ14L-1HNG.matrix.85p.17aa.usingEref_self_digit2.wcsp
Read 66 variables, with 168 values at most, and 1110 cost functions, with maximum arity 2.
Cost function decomposition time : 0.000408 seconds.
Preprocessing time: 0.310843 seconds.
66 unassigned variables, 1704 values in all current domains (med. size:5, max size:168) and 1043 non-unary cost functions (med. degree:30)
Initial lower and upper bounds: [13532365, 25936953[ 47.826%
c 2097152 Bytes allocated for long long stack.
c 4194304 Bytes allocated for long long stack.
New solution: 13532988 (0 backtracks, 63 nodes, depth 64)
New solution: 13532840 (63 backtracks, 150 nodes, depth 24)
Optimality gap: [13532368, 13532840[ 0.003 % (86 backtracks, 173 nodes)
New solution: 13532638 (86 backtracks, 200 nodes, depth 12)
Optimality gap: [13532375, 13532638[ 0.002 % (96 backtracks, 210 nodes)
Optimality gap: [13532380, 13532638[ 0.002 % (101 backtracks, 248 nodes)
Optimality gap: [13532382, 13532638[ 0.002 % (103 backtracks, 271 nodes)
Optimality gap: [13532386, 13532638[ 0.002 % (132 backtracks, 347 nodes)
Optimality gap: [13532387, 13532638[ 0.002 % (135 backtracks, 372 nodes)
Optimality gap: [13532393, 13532638[ 0.002 % (160 backtracks, 515 nodes)
Optimality gap: [13532397, 13532638[ 0.002 % (168 backtracks, 599 nodes)
Optimality gap: [13532403, 13532638[ 0.002 % (214 backtracks, 698 nodes)
Optimality gap: [13532404, 13532638[ 0.002 % (217 backtracks, 719 nodes)
Optimality gap: [13532407, 13532638[ 0.002 % (222 backtracks, 760 nodes)
Optimality gap: [13532410, 13532638[ 0.002 % (228 backtracks, 779 nodes)
Optimality gap: [13532412, 13532638[ 0.002 % (238 backtracks, 868 nodes)
Optimality gap: [13532415, 13532638[ 0.002 % (247 backtracks, 911 nodes)
Optimality gap: [13532419, 13532638[ 0.002 % (255 backtracks, 957 nodes)
Optimality gap: [13532420, 13532638[ 0.002 % (258 backtracks, 983 nodes)
Optimality gap: [13532424, 13532638[ 0.002 % (261 backtracks, 1020 nodes)
Optimality gap: [13532428, 13532638[ 0.002 % (269 backtracks, 1061 nodes)
Optimality gap: [13532443, 13532638[ 0.001 % (280 backtracks, 1145 nodes)
Optimality gap: [13532448, 13532638[ 0.001 % (293 backtracks, 1252 nodes)
Optimality gap: [13532453, 13532638[ 0.001 % (296 backtracks, 1285 nodes)
Optimality gap: [13532457, 13532638[ 0.001 % (299 backtracks, 1308 nodes)
Optimality gap: [13532461, 13532638[ 0.001 % (302 backtracks, 1340 nodes)
Optimality gap: [13532466, 13532638[ 0.001 % (307 backtracks, 1389 nodes)
Optimality gap: [13532470, 13532638[ 0.001 % (311 backtracks, 1408 nodes)
Optimality gap: [13532473, 13532638[ 0.001 % (312 backtracks, 1426 nodes)
Optimality gap: [13532475, 13532638[ 0.001 % (318 backtracks, 1472 nodes)
Optimality gap: [13532479, 13532638[ 0.001 % (321 backtracks, 1501 nodes)
Optimality gap: [13532480, 13532638[ 0.001 % (324 backtracks, 1517 nodes)
Optimality gap: [13532488, 13532638[ 0.001 % (333 backtracks, 1600 nodes)
Optimality gap: [13532501, 13532638[ 0.001 % (341 backtracks, 1626 nodes)
Optimality gap: [13532503, 13532638[ 0.001 % (343 backtracks, 1637 nodes)
Optimality gap: [13532509, 13532638[ 0.001 % (344 backtracks, 1648 nodes)
Optimality gap: [13532523, 13532638[ 0.001 % (345 backtracks, 1671 nodes)
Optimality gap: [13532527, 13532638[ 0.001 % (346 backtracks, 1685 nodes)
Optimality gap: [13532530, 13532638[ 0.001 % (351 backtracks, 1705 nodes)
Optimality gap: [13532536, 13532638[ 0.001 % (353 backtracks, 1711 nodes)
Optimality gap: [13532545, 13532638[ 0.001 % (355 backtracks, 1728 nodes)
Optimality gap: [13532559, 13532638[ 0.001 % (357 backtracks, 1749 nodes)
Optimality gap: [13532573, 13532638[ 0.000 % (358 backtracks, 1768 nodes)
Optimality gap: [13532577, 13532638[ 0.000 % (361 backtracks, 1828 nodes)
Optimality gap: [13532579, 13532638[ 0.000 % (362 backtracks, 1845 nodes)
Optimality gap: [13532581, 13532638[ 0.000 % (363 backtracks, 1862 nodes)
Optimality gap: [13532584, 13532638[ 0.000 % (364 backtracks, 1878 nodes)
Optimality gap: [13532587, 13532638[ 0.000 % (371 backtracks, 1940 nodes)
Optimality gap: [13532597, 13532638[ 0.000 % (372 backtracks, 1961 nodes)
Optimality gap: [13532599, 13532638[ 0.000 % (372 backtracks, 2000 nodes)
Optimality gap: [13532614, 13532638[ 0.000 % (372 backtracks, 2020 nodes)
Optimality gap: [13532629, 13532638[ 0.000 % (372 backtracks, 2050 nodes)
Optimality gap: [13532638, 13532638[ 0.000 % (372 backtracks, 2072 nodes)
Node redundancy during HBFS: 64.044 %
Optimum: 13532638 in 372 backtracks and 2072 nodes ( 13491 removals by DEE) and 0.713 seconds.
end.
