c /usr/bin/toulbar2  version : 1.0.0-master-aab1312-tainted (1530783600), copyright (c) 2006-2018, toulbar2 team
loading wcsp file: ../../instances_preproc/AIJ14L-1UBI.matrix.40p.17aa.usingEref_self_digit2.wcsp
Read 35 variables, with 141 values at most, and 543 cost functions, with maximum arity 2.
Cost function decomposition time : 0.000104 seconds.
Preprocessing time: 0.072486 seconds.
35 unassigned variables, 793 values in all current domains (med. size:18, max size:141) and 507 non-unary cost functions (med. degree:31)
Initial lower and upper bounds: [3068483, 13846793[ 77.840%
c 2097152 Bytes allocated for long long stack.
c 4194304 Bytes allocated for long long stack.
New solution: 3069333 (0 backtracks, 54 nodes, depth 55)
Optimality gap: [3068497, 3069333[ 0.027 % (54 backtracks, 108 nodes)
New solution: 3069230 (54 backtracks, 139 nodes, depth 21)
Optimality gap: [3068502, 3069230[ 0.024 % (74 backtracks, 159 nodes)
New solution: 3069102 (74 backtracks, 186 nodes, depth 25)
Optimality gap: [3068508, 3069102[ 0.019 % (98 backtracks, 210 nodes)
Optimality gap: [3068517, 3069102[ 0.019 % (140 backtracks, 322 nodes)
Optimality gap: [3068521, 3069102[ 0.019 % (174 backtracks, 416 nodes)
New solution: 3069046 (206 backtracks, 527 nodes, depth 18)
Optimality gap: [3068524, 3069046[ 0.017 % (242 backtracks, 582 nodes)
New solution: 3069023 (321 backtracks, 776 nodes, depth 11)
New solution: 3069022 (323 backtracks, 778 nodes, depth 9)
Optimality gap: [3068527, 3069022[ 0.016 % (430 backtracks, 984 nodes)
New solution: 3068972 (568 backtracks, 1278 nodes, depth 5)
Optimality gap: [3068528, 3068972[ 0.014 % (612 backtracks, 1363 nodes)
Optimality gap: [3068534, 3068972[ 0.014 % (821 backtracks, 1823 nodes)
Optimality gap: [3068540, 3068972[ 0.014 % (970 backtracks, 2176 nodes)
New solution: 3068938 (1010 backtracks, 2289 nodes, depth 5)
Optimality gap: [3068541, 3068938[ 0.013 % (1020 backtracks, 2305 nodes)
Optimality gap: [3068553, 3068938[ 0.013 % (1053 backtracks, 2372 nodes)
Optimality gap: [3068556, 3068938[ 0.012 % (1133 backtracks, 2571 nodes)
Optimality gap: [3068563, 3068938[ 0.012 % (1186 backtracks, 2698 nodes)
Optimality gap: [3068565, 3068938[ 0.012 % (1222 backtracks, 2798 nodes)
Optimality gap: [3068570, 3068938[ 0.012 % (1288 backtracks, 2972 nodes)
Optimality gap: [3068579, 3068938[ 0.012 % (1397 backtracks, 3274 nodes)
Optimality gap: [3068584, 3068938[ 0.012 % (1540 backtracks, 3662 nodes)
Optimality gap: [3068591, 3068938[ 0.011 % (1552 backtracks, 3702 nodes)
Optimality gap: [3068593, 3068938[ 0.011 % (1574 backtracks, 3763 nodes)
Optimality gap: [3068598, 3068938[ 0.011 % (1650 backtracks, 3947 nodes)
Optimality gap: [3068603, 3068938[ 0.011 % (1695 backtracks, 4065 nodes)
Optimality gap: [3068607, 3068938[ 0.011 % (1752 backtracks, 4246 nodes)
Optimality gap: [3068614, 3068938[ 0.011 % (1798 backtracks, 4385 nodes)
Optimality gap: [3068617, 3068938[ 0.010 % (1821 backtracks, 4438 nodes)
Optimality gap: [3068624, 3068938[ 0.010 % (1881 backtracks, 4606 nodes)
Optimality gap: [3068626, 3068938[ 0.010 % (1902 backtracks, 4662 nodes)
Optimality gap: [3068630, 3068938[ 0.010 % (1931 backtracks, 4747 nodes)
Optimality gap: [3068634, 3068938[ 0.010 % (1985 backtracks, 4931 nodes)
Optimality gap: [3068639, 3068938[ 0.010 % (1990 backtracks, 4956 nodes)
Optimality gap: [3068644, 3068938[ 0.010 % (1996 backtracks, 4977 nodes)
Optimality gap: [3068650, 3068938[ 0.009 % (2016 backtracks, 5040 nodes)
Optimality gap: [3068654, 3068938[ 0.009 % (2024 backtracks, 5083 nodes)
Optimality gap: [3068659, 3068938[ 0.009 % (2032 backtracks, 5133 nodes)
Optimality gap: [3068670, 3068938[ 0.009 % (2039 backtracks, 5167 nodes)
Optimality gap: [3068680, 3068938[ 0.008 % (2066 backtracks, 5292 nodes)
Optimality gap: [3068688, 3068938[ 0.008 % (2093 backtracks, 5426 nodes)
Optimality gap: [3068696, 3068938[ 0.008 % (2103 backtracks, 5481 nodes)
Optimality gap: [3068697, 3068938[ 0.008 % (2111 backtracks, 5510 nodes)
Optimality gap: [3068709, 3068938[ 0.007 % (2128 backtracks, 5583 nodes)
Optimality gap: [3068720, 3068938[ 0.007 % (2133 backtracks, 5634 nodes)
Optimality gap: [3068725, 3068938[ 0.007 % (2145 backtracks, 5715 nodes)
Optimality gap: [3068732, 3068938[ 0.007 % (2157 backtracks, 5790 nodes)
Optimality gap: [3068735, 3068938[ 0.007 % (2161 backtracks, 5820 nodes)
Optimality gap: [3068741, 3068938[ 0.006 % (2164 backtracks, 5850 nodes)
Optimality gap: [3068745, 3068938[ 0.006 % (2165 backtracks, 5889 nodes)
Optimality gap: [3068748, 3068938[ 0.006 % (2170 backtracks, 5922 nodes)
Optimality gap: [3068754, 3068938[ 0.006 % (2174 backtracks, 5986 nodes)
Optimality gap: [3068759, 3068938[ 0.006 % (2177 backtracks, 6011 nodes)
Optimality gap: [3068761, 3068938[ 0.006 % (2183 backtracks, 6100 nodes)
Optimality gap: [3068769, 3068938[ 0.006 % (2196 backtracks, 6240 nodes)
Optimality gap: [3068778, 3068938[ 0.005 % (2200 backtracks, 6275 nodes)
Optimality gap: [3068779, 3068938[ 0.005 % (2203 backtracks, 6300 nodes)
Optimality gap: [3068786, 3068938[ 0.005 % (2207 backtracks, 6362 nodes)
Optimality gap: [3068795, 3068938[ 0.005 % (2207 backtracks, 6383 nodes)
Optimality gap: [3068809, 3068938[ 0.004 % (2209 backtracks, 6437 nodes)
Optimality gap: [3068811, 3068938[ 0.004 % (2211 backtracks, 6463 nodes)
Optimality gap: [3068822, 3068938[ 0.004 % (2211 backtracks, 6518 nodes)
Optimality gap: [3068826, 3068938[ 0.004 % (2214 backtracks, 6558 nodes)
Optimality gap: [3068834, 3068938[ 0.003 % (2220 backtracks, 6616 nodes)
Optimality gap: [3068839, 3068938[ 0.003 % (2222 backtracks, 6659 nodes)
Optimality gap: [3068852, 3068938[ 0.003 % (2223 backtracks, 6700 nodes)
Optimality gap: [3068865, 3068938[ 0.002 % (2225 backtracks, 6756 nodes)
Optimality gap: [3068867, 3068938[ 0.002 % (2225 backtracks, 6772 nodes)
Optimality gap: [3068870, 3068938[ 0.002 % (2225 backtracks, 6795 nodes)
Optimality gap: [3068875, 3068938[ 0.002 % (2225 backtracks, 6816 nodes)
Optimality gap: [3068881, 3068938[ 0.002 % (2225 backtracks, 6833 nodes)
Optimality gap: [3068887, 3068938[ 0.002 % (2225 backtracks, 6859 nodes)
Optimality gap: [3068890, 3068938[ 0.002 % (2225 backtracks, 6883 nodes)
Optimality gap: [3068896, 3068938[ 0.001 % (2225 backtracks, 6903 nodes)
Optimality gap: [3068912, 3068938[ 0.001 % (2225 backtracks, 6928 nodes)
Optimality gap: [3068923, 3068938[ 0.000 % (2225 backtracks, 6950 nodes)
Optimality gap: [3068938, 3068938[ 0.000 % (2225 backtracks, 6973 nodes)
Node redundancy during HBFS: 36.168 %
Optimum: 3068938 in 2225 backtracks and 6973 nodes ( 14605 removals by DEE) and 1.599 seconds.
end.
