c /usr/bin/toulbar2  version : 1.0.0-master-aab1312-tainted (1530783600), copyright (c) 2006-2018, toulbar2 team
loading wcsp file: ../../instances_preproc/AIJ14L-2DRI.matrix.37p.19aa.usingEref_self_digit2.wcsp
Read 34 variables, with 179 values at most, and 484 cost functions, with maximum arity 2.
Cost function decomposition time : 6.6e-05 seconds.
Preprocessing time: 0.286368 seconds.
34 unassigned variables, 1607 values in all current domains (med. size:7, max size:179) and 449 non-unary cost functions (med. degree:27)
Initial lower and upper bounds: [2902974, 24064097[ 87.936%
c 2097152 Bytes allocated for long long stack.
c 4194304 Bytes allocated for long long stack.
c 8388608 Bytes allocated for long long stack.
c 16777216 Bytes allocated for long long stack.
New solution: 2906320 (0 backtracks, 59 nodes, depth 60)
Optimality gap: [2902987, 2906320[ 0.115 % (59 backtracks, 118 nodes)
New solution: 2906027 (90 backtracks, 236 nodes, depth 42)
Optimality gap: [2903007, 2906027[ 0.104 % (161 backtracks, 342 nodes)
New solution: 2905820 (208 backtracks, 499 nodes, depth 36)
Optimality gap: [2903034, 2905820[ 0.096 % (242 backtracks, 533 nodes)
Optimality gap: [2903063, 2905820[ 0.095 % (321 backtracks, 726 nodes)
New solution: 2905782 (384 backtracks, 915 nodes, depth 27)
New solution: 2905764 (386 backtracks, 919 nodes, depth 27)
New solution: 2905662 (389 backtracks, 923 nodes, depth 25)
New solution: 2905430 (420 backtracks, 1005 nodes, depth 35)
Optimality gap: [2903077, 2905430[ 0.081 % (475 backtracks, 1083 nodes)
New solution: 2905324 (711 backtracks, 1609 nodes, depth 23)
New solution: 2905301 (747 backtracks, 1680 nodes, depth 22)
Optimality gap: [2903099, 2905301[ 0.076 % (844 backtracks, 1853 nodes)
Optimality gap: [2903120, 2905301[ 0.075 % (1386 backtracks, 2999 nodes)
Optimality gap: [2903142, 2905301[ 0.074 % (1924 backtracks, 4152 nodes)
Optimality gap: [2903161, 2905301[ 0.074 % (3550 backtracks, 7622 nodes)
Optimality gap: [2903187, 2905301[ 0.073 % (5912 backtracks, 12662 nodes)
Optimality gap: [2903210, 2905301[ 0.072 % (7605 backtracks, 16281 nodes)
Optimality gap: [2903231, 2905301[ 0.071 % (10393 backtracks, 22218 nodes)
Optimality gap: [2903254, 2905301[ 0.070 % (12658 backtracks, 27076 nodes)
Optimality gap: [2903277, 2905301[ 0.070 % (15386 backtracks, 32991 nodes)
Optimality gap: [2903301, 2905301[ 0.069 % (19099 backtracks, 41038 nodes)
Optimality gap: [2903325, 2905301[ 0.068 % (21810 backtracks, 46891 nodes)
Optimality gap: [2903350, 2905301[ 0.067 % (23890 backtracks, 51390 nodes)
Optimality gap: [2903370, 2905301[ 0.066 % (26837 backtracks, 57819 nodes)
Optimality gap: [2903395, 2905301[ 0.066 % (29786 backtracks, 64222 nodes)
Optimality gap: [2903419, 2905301[ 0.065 % (32843 backtracks, 70785 nodes)
Optimality gap: [2903441, 2905301[ 0.064 % (36566 backtracks, 78891 nodes)
New solution: 2905299 (36744 backtracks, 79287 nodes, depth 9)
Optimality gap: [2903463, 2905299[ 0.063 % (39178 backtracks, 84605 nodes)
Optimality gap: [2903486, 2905299[ 0.062 % (41598 backtracks, 89886 nodes)
Optimality gap: [2903509, 2905299[ 0.062 % (44646 backtracks, 96577 nodes)
New solution: 2905295 (45632 backtracks, 98736 nodes, depth 9)
New solution: 2905276 (48126 backtracks, 104198 nodes, depth 5)
Optimality gap: [2903527, 2905276[ 0.060 % (48145 backtracks, 104232 nodes)
Optimality gap: [2903550, 2905276[ 0.059 % (51736 backtracks, 112097 nodes)
Optimality gap: [2903573, 2905276[ 0.059 % (55878 backtracks, 121177 nodes)
Optimality gap: [2903596, 2905276[ 0.058 % (59976 backtracks, 130276 nodes)
Optimality gap: [2903619, 2905276[ 0.057 % (63372 backtracks, 137714 nodes)
Optimality gap: [2903642, 2905276[ 0.056 % (66828 backtracks, 145200 nodes)
Optimality gap: [2903666, 2905276[ 0.055 % (70965 backtracks, 154381 nodes)
Optimality gap: [2903688, 2905276[ 0.055 % (73796 backtracks, 160625 nodes)
Optimality gap: [2903711, 2905276[ 0.054 % (78036 backtracks, 170148 nodes)
Optimality gap: [2903735, 2905276[ 0.053 % (82012 backtracks, 179193 nodes)
Optimality gap: [2903757, 2905276[ 0.052 % (85252 backtracks, 186548 nodes)
Optimality gap: [2903780, 2905276[ 0.051 % (88073 backtracks, 192950 nodes)
Optimality gap: [2903803, 2905276[ 0.051 % (91538 backtracks, 200759 nodes)
Optimality gap: [2903826, 2905276[ 0.050 % (95246 backtracks, 209180 nodes)
Optimality gap: [2903849, 2905276[ 0.049 % (98470 backtracks, 216543 nodes)
Optimality gap: [2903873, 2905276[ 0.048 % (102997 backtracks, 226826 nodes)
Optimality gap: [2903895, 2905276[ 0.048 % (105315 backtracks, 232230 nodes)
Optimality gap: [2903919, 2905276[ 0.047 % (108636 backtracks, 240059 nodes)
Optimality gap: [2903941, 2905276[ 0.046 % (111918 backtracks, 247649 nodes)
Optimality gap: [2903964, 2905276[ 0.045 % (114740 backtracks, 254431 nodes)
Optimality gap: [2903987, 2905276[ 0.044 % (117528 backtracks, 261026 nodes)
Optimality gap: [2904010, 2905276[ 0.044 % (122039 backtracks, 271194 nodes)
Optimality gap: [2904033, 2905276[ 0.043 % (124200 backtracks, 276324 nodes)
Optimality gap: [2904056, 2905276[ 0.042 % (128054 backtracks, 285315 nodes)
Optimality gap: [2904079, 2905276[ 0.041 % (130579 backtracks, 291348 nodes)
Optimality gap: [2904102, 2905276[ 0.040 % (132969 backtracks, 297128 nodes)
Optimality gap: [2904126, 2905276[ 0.040 % (135078 backtracks, 302314 nodes)
Optimality gap: [2904149, 2905276[ 0.039 % (138079 backtracks, 309500 nodes)
Optimality gap: [2904172, 2905276[ 0.038 % (140249 backtracks, 314800 nodes)
Optimality gap: [2904195, 2905276[ 0.037 % (142576 backtracks, 320976 nodes)
Optimality gap: [2904218, 2905276[ 0.036 % (144822 backtracks, 326869 nodes)
Optimality gap: [2904241, 2905276[ 0.036 % (146659 backtracks, 331807 nodes)
Optimality gap: [2904264, 2905276[ 0.035 % (147624 backtracks, 334691 nodes)
Optimality gap: [2904287, 2905276[ 0.034 % (149001 backtracks, 338559 nodes)
Optimality gap: [2904311, 2905276[ 0.033 % (150504 backtracks, 342702 nodes)
Optimality gap: [2904333, 2905276[ 0.032 % (152409 backtracks, 348194 nodes)
Optimality gap: [2904356, 2905276[ 0.032 % (153396 backtracks, 351300 nodes)
Optimality gap: [2904380, 2905276[ 0.031 % (154958 backtracks, 355833 nodes)
Optimality gap: [2904402, 2905276[ 0.030 % (156138 backtracks, 359695 nodes)
Optimality gap: [2904425, 2905276[ 0.029 % (157085 backtracks, 362773 nodes)
Optimality gap: [2904448, 2905276[ 0.028 % (157712 backtracks, 364954 nodes)
Optimality gap: [2904471, 2905276[ 0.028 % (158637 backtracks, 368116 nodes)
Optimality gap: [2904494, 2905276[ 0.027 % (159098 backtracks, 369904 nodes)
Optimality gap: [2904518, 2905276[ 0.026 % (159956 backtracks, 372899 nodes)
Optimality gap: [2904540, 2905276[ 0.025 % (160596 backtracks, 375244 nodes)
Optimality gap: [2904563, 2905276[ 0.025 % (161034 backtracks, 377229 nodes)
Optimality gap: [2904586, 2905276[ 0.024 % (161775 backtracks, 380245 nodes)
Optimality gap: [2904609, 2905276[ 0.023 % (162353 backtracks, 382703 nodes)
Optimality gap: [2904634, 2905276[ 0.022 % (162884 backtracks, 384976 nodes)
Optimality gap: [2904655, 2905276[ 0.021 % (163336 backtracks, 386928 nodes)
Optimality gap: [2904678, 2905276[ 0.021 % (163759 backtracks, 388981 nodes)
Optimality gap: [2904701, 2905276[ 0.020 % (164284 backtracks, 391772 nodes)
Optimality gap: [2904724, 2905276[ 0.019 % (164720 backtracks, 393836 nodes)
Optimality gap: [2904747, 2905276[ 0.018 % (165058 backtracks, 395871 nodes)
Optimality gap: [2904770, 2905276[ 0.017 % (165381 backtracks, 397892 nodes)
Optimality gap: [2904793, 2905276[ 0.017 % (165657 backtracks, 399697 nodes)
Optimality gap: [2904816, 2905276[ 0.016 % (165892 backtracks, 401254 nodes)
Optimality gap: [2904839, 2905276[ 0.015 % (166129 backtracks, 402956 nodes)
Optimality gap: [2904862, 2905276[ 0.014 % (166464 backtracks, 405165 nodes)
Optimality gap: [2904885, 2905276[ 0.013 % (166677 backtracks, 406798 nodes)
Optimality gap: [2904909, 2905276[ 0.013 % (166868 backtracks, 408618 nodes)
Optimality gap: [2904931, 2905276[ 0.012 % (167168 backtracks, 410395 nodes)
Optimality gap: [2904954, 2905276[ 0.011 % (167310 backtracks, 411705 nodes)
Optimality gap: [2904977, 2905276[ 0.010 % (167444 backtracks, 413169 nodes)
Optimality gap: [2905000, 2905276[ 0.009 % (167564 backtracks, 414516 nodes)
Optimality gap: [2905023, 2905276[ 0.009 % (167682 backtracks, 416052 nodes)
Optimality gap: [2905046, 2905276[ 0.008 % (167742 backtracks, 416938 nodes)
Optimality gap: [2905069, 2905276[ 0.007 % (167837 backtracks, 418074 nodes)
Optimality gap: [2905093, 2905276[ 0.006 % (167879 backtracks, 418905 nodes)
Optimality gap: [2905117, 2905276[ 0.005 % (167924 backtracks, 419799 nodes)
Optimality gap: [2905138, 2905276[ 0.005 % (167967 backtracks, 420762 nodes)
Optimality gap: [2905162, 2905276[ 0.004 % (168004 backtracks, 421505 nodes)
Optimality gap: [2905184, 2905276[ 0.003 % (168054 backtracks, 422500 nodes)
Optimality gap: [2905207, 2905276[ 0.002 % (168084 backtracks, 423254 nodes)
Optimality gap: [2905230, 2905276[ 0.002 % (168095 backtracks, 423489 nodes)
Optimality gap: [2905253, 2905276[ 0.001 % (168097 backtracks, 423604 nodes)
Node redundancy during HBFS: 20.664 %
Optimum: 2905276 in 168100 backtracks and 423773 nodes ( 1695707 removals by DEE) and 269.835 seconds.
end.
