c /usr/bin/toulbar2  version : 1.0.0-master-aab1312-tainted (1530783600), copyright (c) 2006-2018, toulbar2 team
loading wcsp file: ../../instances_preproc/Bio13-1CDL.matrix.40p.19aa.usingEref_self_digit8.wcsp
Read 38 variables, with 170 values at most, and 742 cost functions, with maximum arity 2.
Cost function decomposition time : 7e-05 seconds.
Preprocessing time: 0.71313 seconds.
38 unassigned variables, 2732 values in all current domains (med. size:60, max size:170) and 703 non-unary cost functions (med. degree:37)
Initial lower and upper bounds: [3588988240746, 512409557603043100[ 99.999%
c 2097152 Bytes allocated for long long stack.
c 4194304 Bytes allocated for long long stack.
c 8388608 Bytes allocated for long long stack.
c 16777216 Bytes allocated for long long stack.
c 33554432 Bytes allocated for long long stack.
c 67108864 Bytes allocated for long long stack.
c 134217728 Bytes allocated for long long stack.
New solution: 3591425943960 (0 backtracks, 82 nodes, depth 83)
Optimality gap: [3588993175959, 3591425943960[ 0.068 % (53 backtracks, 135 nodes)
New solution: 3591389463600 (69 backtracks, 194 nodes, depth 23)
Optimality gap: [3589015451984, 3591389463600[ 0.066 % (104 backtracks, 248 nodes)
Optimality gap: [3589046004390, 3591389463600[ 0.065 % (141 backtracks, 333 nodes)
New solution: 3591333476962 (141 backtracks, 360 nodes, depth 22)
Optimality gap: [3589114083010, 3591333476962[ 0.062 % (178 backtracks, 417 nodes)
New solution: 3591182260963 (191 backtracks, 486 nodes, depth 29)
Optimality gap: [3589130043923, 3591182260963[ 0.057 % (217 backtracks, 512 nodes)
Optimality gap: [3589144031578, 3591182260963[ 0.057 % (234 backtracks, 551 nodes)
Optimality gap: [3589169844495, 3591182260963[ 0.056 % (249 backtracks, 588 nodes)
Optimality gap: [3589205637665, 3591182260963[ 0.055 % (276 backtracks, 653 nodes)
New solution: 3591115715417 (276 backtracks, 680 nodes, depth 21)
Optimality gap: [3589208983445, 3591115715417[ 0.053 % (295 backtracks, 699 nodes)
New solution: 3591090445951 (339 backtracks, 832 nodes, depth 23)
Optimality gap: [3589222158335, 3591090445951[ 0.052 % (411 backtracks, 962 nodes)
Optimality gap: [3589252042193, 3591090445951[ 0.051 % (910 backtracks, 1983 nodes)
New solution: 3591080996326 (1308 backtracks, 2818 nodes, depth 16)
Optimality gap: [3589262628094, 3591080996326[ 0.051 % (1592 backtracks, 3394 nodes)
Optimality gap: [3589285387818, 3591080996326[ 0.050 % (1929 backtracks, 4102 nodes)
New solution: 3591057263835 (1933 backtracks, 4133 nodes, depth 16)
New solution: 3591027204604 (1936 backtracks, 4139 nodes, depth 16)
Optimality gap: [3589324450678, 3591027204604[ 0.047 % (2203 backtracks, 4697 nodes)
Optimality gap: [3589335121829, 3591027204604[ 0.047 % (2270 backtracks, 4840 nodes)
Optimality gap: [3589370686170, 3591027204604[ 0.046 % (2478 backtracks, 5280 nodes)
Optimality gap: [3589382300907, 3591027204604[ 0.046 % (2612 backtracks, 5562 nodes)
Optimality gap: [3589396614437, 3591027204604[ 0.045 % (2747 backtracks, 5848 nodes)
New solution: 3591006595021 (3097 backtracks, 6617 nodes, depth 14)
New solution: 3590930334506 (3107 backtracks, 6634 nodes, depth 11)
Optimality gap: [3589412391225, 3590930334506[ 0.042 % (3154 backtracks, 6718 nodes)
Optimality gap: [3589424807085, 3590930334506[ 0.042 % (3224 backtracks, 6867 nodes)
Optimality gap: [3589446343584, 3590930334506[ 0.041 % (3404 backtracks, 7254 nodes)
Optimality gap: [3589454725982, 3590930334506[ 0.041 % (3543 backtracks, 7546 nodes)
Optimality gap: [3589475856858, 3590930334506[ 0.041 % (3749 backtracks, 7989 nodes)
Optimality gap: [3589496321263, 3590930334506[ 0.040 % (4031 backtracks, 8601 nodes)
Optimality gap: [3589522397095, 3590930334506[ 0.039 % (4497 backtracks, 9601 nodes)
Optimality gap: [3589532583971, 3590930334506[ 0.039 % (4757 backtracks, 10167 nodes)
Optimality gap: [3589556176436, 3590930334506[ 0.038 % (5285 backtracks, 11303 nodes)
Optimality gap: [3589573014775, 3590930334506[ 0.038 % (5468 backtracks, 11710 nodes)
Optimality gap: [3589595574274, 3590930334506[ 0.037 % (5628 backtracks, 12062 nodes)
Optimality gap: [3589609727085, 3590930334506[ 0.037 % (5830 backtracks, 12490 nodes)
Optimality gap: [3589630749265, 3590930334506[ 0.036 % (6315 backtracks, 13553 nodes)
Optimality gap: [3589649898406, 3590930334506[ 0.036 % (6437 backtracks, 13828 nodes)
Optimality gap: [3589671161094, 3590930334506[ 0.035 % (6648 backtracks, 14301 nodes)
Optimality gap: [3589692296363, 3590930334506[ 0.034 % (6845 backtracks, 14757 nodes)
Optimality gap: [3589706849253, 3590930334506[ 0.034 % (7117 backtracks, 15369 nodes)
Optimality gap: [3589736246897, 3590930334506[ 0.033 % (7379 backtracks, 16001 nodes)
Optimality gap: [3589745785035, 3590930334506[ 0.033 % (7561 backtracks, 16427 nodes)
Optimality gap: [3589768322939, 3590930334506[ 0.032 % (7849 backtracks, 17106 nodes)
Optimality gap: [3589785559176, 3590930334506[ 0.032 % (8131 backtracks, 17805 nodes)
Optimality gap: [3589804282134, 3590930334506[ 0.031 % (8442 backtracks, 18593 nodes)
Optimality gap: [3589824907714, 3590930334506[ 0.031 % (8617 backtracks, 19030 nodes)
Optimality gap: [3589843289573, 3590930334506[ 0.030 % (8958 backtracks, 19862 nodes)
Optimality gap: [3589864198214, 3590930334506[ 0.030 % (9168 backtracks, 20405 nodes)
Optimality gap: [3589883314467, 3590930334506[ 0.029 % (9446 backtracks, 21052 nodes)
Optimality gap: [3589902890482, 3590930334506[ 0.029 % (9813 backtracks, 21960 nodes)
Optimality gap: [3589920985121, 3590930334506[ 0.028 % (10009 backtracks, 22432 nodes)
Optimality gap: [3589940897683, 3590930334506[ 0.028 % (10411 backtracks, 23364 nodes)
Optimality gap: [3589969268683, 3590930334506[ 0.027 % (10522 backtracks, 23686 nodes)
Optimality gap: [3589980948539, 3590930334506[ 0.026 % (10614 backtracks, 23959 nodes)
Optimality gap: [3590001588631, 3590930334506[ 0.026 % (10879 backtracks, 24630 nodes)
Optimality gap: [3590026104237, 3590930334506[ 0.025 % (11028 backtracks, 25005 nodes)
Optimality gap: [3590037468320, 3590930334506[ 0.025 % (11126 backtracks, 25288 nodes)
Optimality gap: [3590057931833, 3590930334506[ 0.024 % (11428 backtracks, 26138 nodes)
Optimality gap: [3590079507967, 3590930334506[ 0.024 % (11619 backtracks, 26680 nodes)
Optimality gap: [3590095900599, 3590930334506[ 0.023 % (11789 backtracks, 27092 nodes)
Optimality gap: [3590117476131, 3590930334506[ 0.023 % (11942 backtracks, 27581 nodes)
Optimality gap: [3590134746779, 3590930334506[ 0.022 % (12074 backtracks, 27899 nodes)
New solution: 3590904516593 (12495 backtracks, 28835 nodes, depth 8)
Optimality gap: [3590148065885, 3590904516593[ 0.021 % (12523 backtracks, 28884 nodes)
Optimality gap: [3590159002908, 3590904516593[ 0.021 % (12590 backtracks, 29098 nodes)
Optimality gap: [3590176903600, 3590904516593[ 0.020 % (12787 backtracks, 29690 nodes)
Optimality gap: [3590195903086, 3590904516593[ 0.020 % (12863 backtracks, 29988 nodes)
Optimality gap: [3590216518857, 3590904516593[ 0.019 % (12972 backtracks, 30370 nodes)
Optimality gap: [3590234228473, 3590904516593[ 0.019 % (13253 backtracks, 31136 nodes)
Optimality gap: [3590259312766, 3590904516593[ 0.018 % (13329 backtracks, 31432 nodes)
Optimality gap: [3590275966059, 3590904516593[ 0.018 % (13400 backtracks, 31700 nodes)
Optimality gap: [3590292014890, 3590904516593[ 0.017 % (13434 backtracks, 31891 nodes)
Optimality gap: [3590312714311, 3590904516593[ 0.016 % (13518 backtracks, 32245 nodes)
Optimality gap: [3590330817565, 3590904516593[ 0.016 % (13570 backtracks, 32487 nodes)
Optimality gap: [3590359407940, 3590904516593[ 0.015 % (13637 backtracks, 32749 nodes)
Optimality gap: [3590368253000, 3590904516593[ 0.015 % (13683 backtracks, 32915 nodes)
Optimality gap: [3590389256907, 3590904516593[ 0.014 % (13732 backtracks, 33100 nodes)
Optimality gap: [3590408130071, 3590904516593[ 0.014 % (13779 backtracks, 33294 nodes)
Optimality gap: [3590430311092, 3590904516593[ 0.013 % (13824 backtracks, 33552 nodes)
Optimality gap: [3590452660138, 3590904516593[ 0.013 % (13853 backtracks, 33740 nodes)
Optimality gap: [3590467829376, 3590904516593[ 0.012 % (13884 backtracks, 33939 nodes)
Optimality gap: [3590485449509, 3590904516593[ 0.012 % (13925 backtracks, 34154 nodes)
Optimality gap: [3590505752614, 3590904516593[ 0.011 % (13964 backtracks, 34424 nodes)
Optimality gap: [3590528964488, 3590904516593[ 0.010 % (13991 backtracks, 34587 nodes)
Optimality gap: [3590541967393, 3590904516593[ 0.010 % (14017 backtracks, 34763 nodes)
Optimality gap: [3590560122511, 3590904516593[ 0.010 % (14048 backtracks, 35000 nodes)
Optimality gap: [3590580891251, 3590904516593[ 0.009 % (14108 backtracks, 35446 nodes)
Optimality gap: [3590600770408, 3590904516593[ 0.008 % (14126 backtracks, 35641 nodes)
Optimality gap: [3590619395734, 3590904516593[ 0.008 % (14141 backtracks, 35806 nodes)
Optimality gap: [3590638976490, 3590904516593[ 0.007 % (14146 backtracks, 35881 nodes)
Optimality gap: [3590677862891, 3590904516593[ 0.006 % (14153 backtracks, 36015 nodes)
Optimality gap: [3590695069103, 3590904516593[ 0.006 % (14158 backtracks, 36100 nodes)
Optimality gap: [3590716574319, 3590904516593[ 0.005 % (14175 backtracks, 36262 nodes)
Optimality gap: [3590735200001, 3590904516593[ 0.005 % (14205 backtracks, 36496 nodes)
Optimality gap: [3590763252983, 3590904516593[ 0.004 % (14222 backtracks, 36631 nodes)
Optimality gap: [3590773243032, 3590904516593[ 0.004 % (14222 backtracks, 36679 nodes)
Optimality gap: [3590799844882, 3590904516593[ 0.003 % (14222 backtracks, 36716 nodes)
Optimality gap: [3590813037690, 3590904516593[ 0.003 % (14228 backtracks, 36802 nodes)
Optimality gap: [3590835376400, 3590904516593[ 0.002 % (14228 backtracks, 36882 nodes)
Optimality gap: [3590851335768, 3590904516593[ 0.001 % (14230 backtracks, 36931 nodes)
Optimality gap: [3590868039854, 3590904516593[ 0.001 % (14236 backtracks, 37024 nodes)
Optimality gap: [3590886244871, 3590904516593[ 0.001 % (14246 backtracks, 37168 nodes)
Node redundancy during HBFS: 23.339 %
Optimum: 3590904516593 in 14248 backtracks and 37216 nodes ( 393753 removals by DEE) and 261.736 seconds.
end.
