c /usr/bin/toulbar2  version : 1.0.0-master-aab1312-tainted (1530783600), copyright (c) 2006-2018, toulbar2 team
loading wcsp file: ../../instances_preproc/Bio13-1LZ1.matrix.59p.9aa.usingEref_self_digit8.wcsp
Read 53 variables, with 43 values at most, and 1432 cost functions, with maximum arity 2.
Cost function decomposition time : 0.000107 seconds.
Preprocessing time: 0.078811 seconds.
53 unassigned variables, 856 values in all current domains (med. size:7, max size:43) and 1378 non-unary cost functions (med. degree:52)
Initial lower and upper bounds: [7023198122937, 512409557603043100[ 99.999%
c 2097152 Bytes allocated for long long stack.
c 4194304 Bytes allocated for long long stack.
c 8388608 Bytes allocated for long long stack.
New solution: 7023661639737 (0 backtracks, 62 nodes, depth 63)
Optimality gap: [7023198124890, 7023661639737[ 0.007 % (38 backtracks, 100 nodes)
New solution: 7023609562452 (38 backtracks, 133 nodes, depth 27)
New solution: 7023546496687 (144 backtracks, 374 nodes, depth 18)
Optimality gap: [7023201826400, 7023546496687[ 0.005 % (196 backtracks, 484 nodes)
New solution: 7023522726821 (218 backtracks, 567 nodes, depth 11)
New solution: 7023520562690 (515 backtracks, 1223 nodes, depth 3)
Optimality gap: [7023204611661, 7023520562690[ 0.004 % (526 backtracks, 1243 nodes)
New solution: 7023519973416 (529 backtracks, 1267 nodes, depth 2)
Optimality gap: [7023208281979, 7023519973416[ 0.004 % (623 backtracks, 1564 nodes)
Optimality gap: [7023211676239, 7023519973416[ 0.004 % (704 backtracks, 1847 nodes)
Optimality gap: [7023215397303, 7023519973416[ 0.004 % (764 backtracks, 2087 nodes)
Optimality gap: [7023217971296, 7023519973416[ 0.004 % (794 backtracks, 2230 nodes)
Optimality gap: [7023222283868, 7023519973416[ 0.004 % (831 backtracks, 2319 nodes)
Optimality gap: [7023224183848, 7023519973416[ 0.004 % (873 backtracks, 2456 nodes)
Optimality gap: [7023229930221, 7023519973416[ 0.004 % (889 backtracks, 2530 nodes)
Optimality gap: [7023231284573, 7023519973416[ 0.004 % (906 backtracks, 2599 nodes)
Optimality gap: [7023233665738, 7023519973416[ 0.004 % (947 backtracks, 2748 nodes)
Optimality gap: [7023239715242, 7023519973416[ 0.004 % (993 backtracks, 2969 nodes)
Optimality gap: [7023239990221, 7023519973416[ 0.004 % (1001 backtracks, 3001 nodes)
Optimality gap: [7023246015612, 7023519973416[ 0.004 % (1041 backtracks, 3119 nodes)
Optimality gap: [7023247153621, 7023519973416[ 0.004 % (1048 backtracks, 3151 nodes)
New solution: 7023518568330 (1056 backtracks, 3211 nodes, depth 2)
Optimality gap: [7023249898095, 7023518568330[ 0.004 % (1059 backtracks, 3216 nodes)
Optimality gap: [7023253149537, 7023518568330[ 0.004 % (1061 backtracks, 3232 nodes)
Optimality gap: [7023256735900, 7023518568330[ 0.004 % (1063 backtracks, 3260 nodes)
Optimality gap: [7023260953805, 7023518568330[ 0.004 % (1066 backtracks, 3305 nodes)
Optimality gap: [7023268404470, 7023518568330[ 0.004 % (1072 backtracks, 3334 nodes)
Optimality gap: [7023269485003, 7023518568330[ 0.004 % (1074 backtracks, 3355 nodes)
Optimality gap: [7023273267459, 7023518568330[ 0.003 % (1081 backtracks, 3399 nodes)
Optimality gap: [7023275117328, 7023518568330[ 0.003 % (1093 backtracks, 3464 nodes)
Optimality gap: [7023279246908, 7023518568330[ 0.003 % (1097 backtracks, 3484 nodes)
Optimality gap: [7023285096209, 7023518568330[ 0.003 % (1103 backtracks, 3512 nodes)
New solution: 7023517979056 (1109 backtracks, 3573 nodes, depth 1)
Optimality gap: [7023289070150, 7023517979056[ 0.003 % (1110 backtracks, 3592 nodes)
Optimality gap: [7023291919957, 7023517979056[ 0.003 % (1118 backtracks, 3657 nodes)
Optimality gap: [7023294303271, 7023517979056[ 0.003 % (1124 backtracks, 3711 nodes)
Optimality gap: [7023297554422, 7023517979056[ 0.003 % (1132 backtracks, 3758 nodes)
Optimality gap: [7023302913810, 7023517979056[ 0.003 % (1137 backtracks, 3827 nodes)
Optimality gap: [7023303870346, 7023517979056[ 0.003 % (1138 backtracks, 3847 nodes)
Optimality gap: [7023312152391, 7023517979056[ 0.003 % (1140 backtracks, 3867 nodes)
Optimality gap: [7023315811034, 7023517979056[ 0.003 % (1141 backtracks, 3898 nodes)
Optimality gap: [7023318344166, 7023517979056[ 0.003 % (1142 backtracks, 3925 nodes)
Optimality gap: [7023323105316, 7023517979056[ 0.003 % (1144 backtracks, 3948 nodes)
Optimality gap: [7023327189041, 7023517979056[ 0.003 % (1155 backtracks, 4039 nodes)
Optimality gap: [7023339139163, 7023517979056[ 0.003 % (1168 backtracks, 4095 nodes)
Optimality gap: [7023342085833, 7023517979056[ 0.003 % (1175 backtracks, 4183 nodes)
Optimality gap: [7023348608338, 7023517979056[ 0.002 % (1178 backtracks, 4197 nodes)
Optimality gap: [7023355482136, 7023517979056[ 0.002 % (1186 backtracks, 4280 nodes)
Optimality gap: [7023358684342, 7023517979056[ 0.002 % (1187 backtracks, 4313 nodes)
Optimality gap: [7023364346700, 7023517979056[ 0.002 % (1190 backtracks, 4339 nodes)
Optimality gap: [7023368418696, 7023517979056[ 0.002 % (1193 backtracks, 4347 nodes)
Optimality gap: [7023371794836, 7023517979056[ 0.002 % (1193 backtracks, 4376 nodes)
Optimality gap: [7023385160260, 7023517979056[ 0.002 % (1198 backtracks, 4416 nodes)
Optimality gap: [7023390957055, 7023517979056[ 0.002 % (1200 backtracks, 4498 nodes)
Optimality gap: [7023394460899, 7023517979056[ 0.002 % (1201 backtracks, 4510 nodes)
Optimality gap: [7023399541437, 7023517979056[ 0.002 % (1202 backtracks, 4528 nodes)
Optimality gap: [7023414006670, 7023517979056[ 0.001 % (1204 backtracks, 4562 nodes)
Optimality gap: [7023417854191, 7023517979056[ 0.001 % (1206 backtracks, 4616 nodes)
Optimality gap: [7023423837932, 7023517979056[ 0.001 % (1207 backtracks, 4633 nodes)
Optimality gap: [7023425636567, 7023517979056[ 0.001 % (1208 backtracks, 4665 nodes)
Optimality gap: [7023430809346, 7023517979056[ 0.001 % (1209 backtracks, 4702 nodes)
Optimality gap: [7023435238190, 7023517979056[ 0.001 % (1209 backtracks, 4720 nodes)
Optimality gap: [7023439913809, 7023517979056[ 0.001 % (1211 backtracks, 4763 nodes)
Optimality gap: [7023442660144, 7023517979056[ 0.001 % (1213 backtracks, 4820 nodes)
Optimality gap: [7023453390279, 7023517979056[ 0.001 % (1214 backtracks, 4881 nodes)
Optimality gap: [7023456505464, 7023517979056[ 0.001 % (1214 backtracks, 4898 nodes)
Optimality gap: [7023460795373, 7023517979056[ 0.001 % (1215 backtracks, 4915 nodes)
Optimality gap: [7023463930175, 7023517979056[ 0.001 % (1215 backtracks, 4961 nodes)
Optimality gap: [7023467054438, 7023517979056[ 0.001 % (1217 backtracks, 4991 nodes)
Optimality gap: [7023475501507, 7023517979056[ 0.001 % (1222 backtracks, 5089 nodes)
Optimality gap: [7023476556417, 7023517979056[ 0.001 % (1222 backtracks, 5116 nodes)
Optimality gap: [7023481228352, 7023517979056[ 0.001 % (1222 backtracks, 5134 nodes)
Optimality gap: [7023489321241, 7023517979056[ 0.000 % (1222 backtracks, 5164 nodes)
Optimality gap: [7023495737306, 7023517979056[ 0.000 % (1224 backtracks, 5207 nodes)
Optimality gap: [7023501442255, 7023517979056[ 0.000 % (1226 backtracks, 5270 nodes)
Optimality gap: [7023503528154, 7023517979056[ 0.000 % (1226 backtracks, 5287 nodes)
Optimality gap: [7023513367185, 7023517979056[ 0.000 % (1226 backtracks, 5336 nodes)
Optimality gap: [7023517979056, 7023517979056[ 0.000 % (1226 backtracks, 5367 nodes)
Node redundancy during HBFS: 53.866 %
Optimum: 7023517979056 in 1226 backtracks and 5367 nodes ( 12611 removals by DEE) and 1.313 seconds.
end.
