c /usr/bin/toulbar2  version : 1.0.0-master-aab1312-tainted (1530783600), copyright (c) 2006-2018, toulbar2 team
loading wcsp file: ../../instances_preproc/Bio13-1GVP.matrix.52p.17aa.usingEref_self_digit8.wcsp
Read 52 variables, with 170 values at most, and 1379 cost functions, with maximum arity 2.
Cost function decomposition time : 0.000146 seconds.
Preprocessing time: 0.864461 seconds.
52 unassigned variables, 3006 values in all current domains (med. size:25, max size:170) and 1326 non-unary cost functions (med. degree:51)
Initial lower and upper bounds: [5196293087060, 512409557603043100[ 99.999%
c 2097152 Bytes allocated for long long stack.
c 4194304 Bytes allocated for long long stack.
c 8388608 Bytes allocated for long long stack.
c 16777216 Bytes allocated for long long stack.
c 33554432 Bytes allocated for long long stack.
c 67108864 Bytes allocated for long long stack.
c 134217728 Bytes allocated for long long stack.
c 268435456 Bytes allocated for long long stack.
New solution: 5197902220569 (0 backtracks, 104 nodes, depth 105)
Optimality gap: [5196294671447, 5197902220569[ 0.031 % (94 backtracks, 198 nodes)
New solution: 5197890112890 (94 backtracks, 270 nodes, depth 66)
New solution: 5197422671928 (159 backtracks, 415 nodes, depth 69)
Optimality gap: [5196317644039, 5197422671928[ 0.021 % (225 backtracks, 481 nodes)
Optimality gap: [5196330840275, 5197422671928[ 0.021 % (352 backtracks, 772 nodes)
Optimality gap: [5196338573776, 5197422671928[ 0.021 % (431 backtracks, 957 nodes)
Optimality gap: [5196352156923, 5197422671928[ 0.021 % (517 backtracks, 1154 nodes)
Optimality gap: [5196365046866, 5197422671928[ 0.020 % (675 backtracks, 1553 nodes)
Optimality gap: [5196374482230, 5197422671928[ 0.020 % (914 backtracks, 2090 nodes)
Optimality gap: [5196384012939, 5197422671928[ 0.020 % (1329 backtracks, 2955 nodes)
New solution: 5197346607901 (2274 backtracks, 4935 nodes, depth 24)
Optimality gap: [5196388087478, 5197346607901[ 0.018 % (2710 backtracks, 5807 nodes)
Optimality gap: [5196399103741, 5197346607901[ 0.018 % (4591 backtracks, 9689 nodes)
Optimality gap: [5196410035679, 5197346607901[ 0.018 % (6667 backtracks, 14128 nodes)
Optimality gap: [5196419852958, 5197346607901[ 0.018 % (8569 backtracks, 18224 nodes)
Optimality gap: [5196430484882, 5197346607901[ 0.018 % (10902 backtracks, 23231 nodes)
Optimality gap: [5196440952939, 5197346607901[ 0.017 % (13908 backtracks, 29711 nodes)
Optimality gap: [5196451124528, 5197346607901[ 0.017 % (17987 backtracks, 38533 nodes)
Optimality gap: [5196462015302, 5197346607901[ 0.017 % (23014 backtracks, 49439 nodes)
Optimality gap: [5196472329580, 5197346607901[ 0.017 % (28838 backtracks, 62129 nodes)
Optimality gap: [5196482809524, 5197346607901[ 0.017 % (33355 backtracks, 72089 nodes)
Optimality gap: [5196493265404, 5197346607901[ 0.016 % (41581 backtracks, 90018 nodes)
Optimality gap: [5196503882035, 5197346607901[ 0.016 % (49074 backtracks, 106453 nodes)
Optimality gap: [5196514334686, 5197346607901[ 0.016 % (55114 backtracks, 119864 nodes)
Optimality gap: [5196524952230, 5197346607901[ 0.016 % (62045 backtracks, 135285 nodes)
Optimality gap: [5196535535391, 5197346607901[ 0.016 % (70233 backtracks, 153322 nodes)
Optimality gap: [5196546000587, 5197346607901[ 0.015 % (76879 backtracks, 168042 nodes)
Optimality gap: [5196556677384, 5197346607901[ 0.015 % (83957 backtracks, 183789 nodes)
Optimality gap: [5196567054622, 5197346607901[ 0.015 % (92450 backtracks, 202894 nodes)
Optimality gap: [5196577678149, 5197346607901[ 0.015 % (101405 backtracks, 222985 nodes)
Optimality gap: [5196588470030, 5197346607901[ 0.015 % (111970 backtracks, 246811 nodes)
Optimality gap: [5196598848393, 5197346607901[ 0.014 % (119052 backtracks, 262761 nodes)
Optimality gap: [5196609155250, 5197346607901[ 0.014 % (128440 backtracks, 283991 nodes)
Optimality gap: [5196620110780, 5197346607901[ 0.014 % (137891 backtracks, 305407 nodes)
Optimality gap: [5196630525287, 5197346607901[ 0.014 % (148348 backtracks, 328973 nodes)
Optimality gap: [5196640927765, 5197346607901[ 0.014 % (160230 backtracks, 355809 nodes)
Optimality gap: [5196651612746, 5197346607901[ 0.013 % (177748 backtracks, 393746 nodes)
Optimality gap: [5196662056350, 5197346607901[ 0.013 % (189068 backtracks, 418670 nodes)
Optimality gap: [5196672483354, 5197346607901[ 0.013 % (202266 backtracks, 448128 nodes)
Optimality gap: [5196683056979, 5197346607901[ 0.013 % (217598 backtracks, 482095 nodes)
Optimality gap: [5196693518794, 5197346607901[ 0.013 % (231730 backtracks, 513056 nodes)
Optimality gap: [5196704024573, 5197346607901[ 0.012 % (244168 backtracks, 541049 nodes)
Optimality gap: [5196714602391, 5197346607901[ 0.012 % (254738 backtracks, 565581 nodes)
Optimality gap: [5196725065605, 5197346607901[ 0.012 % (267609 backtracks, 594733 nodes)
Optimality gap: [5196735569161, 5197346607901[ 0.012 % (280071 backtracks, 623184 nodes)
Optimality gap: [5196746136575, 5197346607901[ 0.012 % (291697 backtracks, 649720 nodes)
Optimality gap: [5196756649486, 5197346607901[ 0.011 % (301144 backtracks, 671909 nodes)
Optimality gap: [5196767183518, 5197346607901[ 0.011 % (310095 backtracks, 693551 nodes)
Optimality gap: [5196777712074, 5197346607901[ 0.011 % (319534 backtracks, 716296 nodes)
Optimality gap: [5196788280885, 5197346607901[ 0.011 % (329141 backtracks, 739003 nodes)
Optimality gap: [5196798791139, 5197346607901[ 0.011 % (337291 backtracks, 758834 nodes)
Optimality gap: [5196809331671, 5197346607901[ 0.010 % (344973 backtracks, 777588 nodes)
Optimality gap: [5196820042265, 5197346607901[ 0.010 % (351912 backtracks, 795504 nodes)
Optimality gap: [5196830507408, 5197346607901[ 0.010 % (358366 backtracks, 811914 nodes)
Optimality gap: [5196841080225, 5197346607901[ 0.010 % (364843 backtracks, 828815 nodes)
Optimality gap: [5196851744790, 5197346607901[ 0.010 % (370395 backtracks, 843573 nodes)
Optimality gap: [5196862055317, 5197346607901[ 0.009 % (375567 backtracks, 857602 nodes)
Optimality gap: [5196872575202, 5197346607901[ 0.009 % (379343 backtracks, 867920 nodes)
Optimality gap: [5196883144128, 5197346607901[ 0.009 % (382461 backtracks, 876928 nodes)
Optimality gap: [5196893676543, 5197346607901[ 0.009 % (386259 backtracks, 887972 nodes)
Optimality gap: [5196904486067, 5197346607901[ 0.009 % (389652 backtracks, 897735 nodes)
Optimality gap: [5196914730170, 5197346607901[ 0.008 % (392649 backtracks, 906469 nodes)
Optimality gap: [5196925247245, 5197346607901[ 0.008 % (396343 backtracks, 917491 nodes)
Optimality gap: [5196936213851, 5197346607901[ 0.008 % (399088 backtracks, 926768 nodes)
Optimality gap: [5196946353504, 5197346607901[ 0.008 % (401603 backtracks, 934941 nodes)
Optimality gap: [5196956907587, 5197346607901[ 0.007 % (404419 backtracks, 944225 nodes)
Optimality gap: [5196967438727, 5197346607901[ 0.007 % (406690 backtracks, 952031 nodes)
Optimality gap: [5196978098722, 5197346607901[ 0.007 % (408311 backtracks, 957767 nodes)
Optimality gap: [5196988421840, 5197346607901[ 0.007 % (410090 backtracks, 964582 nodes)
Optimality gap: [5196998997618, 5197346607901[ 0.007 % (411867 backtracks, 971422 nodes)
Optimality gap: [5197009608397, 5197346607901[ 0.006 % (413357 backtracks, 977467 nodes)
Optimality gap: [5197020136083, 5197346607901[ 0.006 % (414652 backtracks, 983067 nodes)
Optimality gap: [5197030643426, 5197346607901[ 0.006 % (415772 backtracks, 988555 nodes)
Optimality gap: [5197041105922, 5197346607901[ 0.006 % (417004 backtracks, 993761 nodes)
Optimality gap: [5197051905611, 5197346607901[ 0.006 % (418163 backtracks, 999268 nodes)
Optimality gap: [5197062187472, 5197346607901[ 0.005 % (419065 backtracks, 1003962 nodes)
Optimality gap: [5197072719255, 5197346607901[ 0.005 % (419877 backtracks, 1008450 nodes)
Optimality gap: [5197083642480, 5197346607901[ 0.005 % (420750 backtracks, 1013249 nodes)
Optimality gap: [5197093786259, 5197346607901[ 0.005 % (421698 backtracks, 1018939 nodes)
Optimality gap: [5197104361128, 5197346607901[ 0.005 % (422308 backtracks, 1022850 nodes)
Optimality gap: [5197115001828, 5197346607901[ 0.004 % (423049 backtracks, 1027651 nodes)
Optimality gap: [5197125443538, 5197346607901[ 0.004 % (423618 backtracks, 1031994 nodes)
Optimality gap: [5197135917056, 5197346607901[ 0.004 % (424161 backtracks, 1036285 nodes)
Optimality gap: [5197146447946, 5197346607901[ 0.004 % (424697 backtracks, 1040456 nodes)
Optimality gap: [5197157016440, 5197346607901[ 0.004 % (425171 backtracks, 1044723 nodes)
Optimality gap: [5197167531929, 5197346607901[ 0.003 % (425598 backtracks, 1049019 nodes)
Optimality gap: [5197178046569, 5197346607901[ 0.003 % (426126 backtracks, 1053687 nodes)
Optimality gap: [5197188612601, 5197346607901[ 0.003 % (426461 backtracks, 1057100 nodes)
Optimality gap: [5197199305221, 5197346607901[ 0.003 % (426796 backtracks, 1061002 nodes)
Optimality gap: [5197209671474, 5197346607901[ 0.003 % (427097 backtracks, 1064746 nodes)
Optimality gap: [5197220207422, 5197346607901[ 0.002 % (427362 backtracks, 1068255 nodes)
Optimality gap: [5197230762437, 5197346607901[ 0.002 % (427616 backtracks, 1071822 nodes)
Optimality gap: [5197241338211, 5197346607901[ 0.002 % (427857 backtracks, 1075407 nodes)
Optimality gap: [5197251819202, 5197346607901[ 0.002 % (428039 backtracks, 1078759 nodes)
Optimality gap: [5197262518023, 5197346607901[ 0.002 % (428184 backtracks, 1081449 nodes)
Optimality gap: [5197272902738, 5197346607901[ 0.001 % (428310 backtracks, 1083997 nodes)
Optimality gap: [5197283503507, 5197346607901[ 0.001 % (428410 backtracks, 1086126 nodes)
Optimality gap: [5197294195998, 5197346607901[ 0.001 % (428507 backtracks, 1088285 nodes)
Optimality gap: [5197304636709, 5197346607901[ 0.001 % (428577 backtracks, 1089970 nodes)
Optimality gap: [5197316474218, 5197346607901[ 0.001 % (428636 backtracks, 1091447 nodes)
Optimality gap: [5197326165891, 5197346607901[ 0.000 % (428700 backtracks, 1093023 nodes)
Optimality gap: [5197336326763, 5197346607901[ 0.000 % (428743 backtracks, 1094338 nodes)
Node redundancy during HBFS: 21.680 %
Optimum: 5197346607901 in 428762 backtracks and 1094923 nodes ( 11223246 removals by DEE) and 6734.254 seconds.
end.
