c /usr/bin/toulbar2  version : 1.0.0-master-aab1312-tainted (1530783600), copyright (c) 2006-2018, toulbar2 team
loading wcsp file: ../../instances_preproc/Bio13-1HNG.matrix.85p.17aa.usingEref_self_digit8.wcsp
Read 65 variables, with 168 values at most, and 2139 cost functions, with maximum arity 2.
Cost function decomposition time : 0.000241 seconds.
Preprocessing time: 0.284477 seconds.
65 unassigned variables, 1701 values in all current domains (med. size:5, max size:168) and 2073 non-unary cost functions (med. degree:64)
Initial lower and upper bounds: [13533668743544, 512409557603043100[ 99.997%
c 2097152 Bytes allocated for long long stack.
c 4194304 Bytes allocated for long long stack.
c 8388608 Bytes allocated for long long stack.
New solution: 13534067397963 (0 backtracks, 61 nodes, depth 62)
Optimality gap: [13533672997709, 13534067397963[ 0.003 % (61 backtracks, 122 nodes)
New solution: 13533909329810 (61 backtracks, 150 nodes, depth 24)
Optimality gap: [13533675180024, 13533909329810[ 0.002 % (83 backtracks, 172 nodes)
Optimality gap: [13533677558529, 13533909329810[ 0.002 % (85 backtracks, 197 nodes)
Optimality gap: [13533681905494, 13533909329810[ 0.002 % (110 backtracks, 260 nodes)
Optimality gap: [13533684338697, 13533909329810[ 0.002 % (130 backtracks, 310 nodes)
Optimality gap: [13533689734003, 13533909329810[ 0.002 % (173 backtracks, 459 nodes)
Optimality gap: [13533691466176, 13533909329810[ 0.002 % (180 backtracks, 500 nodes)
Optimality gap: [13533693032569, 13533909329810[ 0.002 % (186 backtracks, 547 nodes)
Optimality gap: [13533700133244, 13533909329810[ 0.002 % (196 backtracks, 598 nodes)
Optimality gap: [13533708740452, 13533909329810[ 0.001 % (201 backtracks, 648 nodes)
Optimality gap: [13533710658443, 13533909329810[ 0.001 % (206 backtracks, 678 nodes)
Optimality gap: [13533714285708, 13533909329810[ 0.001 % (210 backtracks, 718 nodes)
New solution: 13533908359788 (214 backtracks, 734 nodes, depth 1)
Optimality gap: [13533714495153, 13533908359788[ 0.001 % (214 backtracks, 734 nodes)
Optimality gap: [13533717296799, 13533908359788[ 0.001 % (223 backtracks, 788 nodes)
Optimality gap: [13533720769567, 13533908359788[ 0.001 % (226 backtracks, 822 nodes)
Optimality gap: [13533722187661, 13533908359788[ 0.001 % (235 backtracks, 889 nodes)
Optimality gap: [13533725220798, 13533908359788[ 0.001 % (240 backtracks, 915 nodes)
Optimality gap: [13533727740728, 13533908359788[ 0.001 % (242 backtracks, 933 nodes)
New solution: 13533904958653 (246 backtracks, 1011 nodes, depth 3)
New solution: 13533898893987 (248 backtracks, 1014 nodes, depth 2)
Optimality gap: [13533729049249, 13533898893987[ 0.001 % (249 backtracks, 1015 nodes)
Optimality gap: [13533732125449, 13533898893987[ 0.001 % (256 backtracks, 1065 nodes)
Optimality gap: [13533738574141, 13533898893987[ 0.001 % (259 backtracks, 1096 nodes)
Optimality gap: [13533740155615, 13533898893987[ 0.001 % (261 backtracks, 1124 nodes)
Optimality gap: [13533742840025, 13533898893987[ 0.001 % (267 backtracks, 1192 nodes)
Optimality gap: [13533745588716, 13533898893987[ 0.001 % (272 backtracks, 1267 nodes)
Optimality gap: [13533757455729, 13533898893987[ 0.001 % (278 backtracks, 1356 nodes)
Optimality gap: [13533759489639, 13533898893987[ 0.001 % (280 backtracks, 1398 nodes)
Optimality gap: [13533766502338, 13533898893987[ 0.001 % (283 backtracks, 1424 nodes)
Optimality gap: [13533768287582, 13533898893987[ 0.001 % (285 backtracks, 1455 nodes)
Optimality gap: [13533770507676, 13533898893987[ 0.001 % (293 backtracks, 1516 nodes)
Optimality gap: [13533778036212, 13533898893987[ 0.001 % (301 backtracks, 1630 nodes)
Optimality gap: [13533780300870, 13533898893987[ 0.001 % (303 backtracks, 1655 nodes)
Optimality gap: [13533782769867, 13533898893987[ 0.001 % (306 backtracks, 1716 nodes)
Optimality gap: [13533785609851, 13533898893987[ 0.001 % (309 backtracks, 1746 nodes)
Optimality gap: [13533787976000, 13533898893987[ 0.001 % (309 backtracks, 1799 nodes)
Optimality gap: [13533789067154, 13533898893987[ 0.001 % (312 backtracks, 1813 nodes)
Optimality gap: [13533792822948, 13533898893987[ 0.001 % (323 backtracks, 1910 nodes)
Optimality gap: [13533797182588, 13533898893987[ 0.001 % (329 backtracks, 1941 nodes)
Optimality gap: [13533799659000, 13533898893987[ 0.001 % (333 backtracks, 1977 nodes)
Optimality gap: [13533800699172, 13533898893987[ 0.001 % (334 backtracks, 1993 nodes)
Optimality gap: [13533804121922, 13533898893987[ 0.001 % (335 backtracks, 2010 nodes)
Optimality gap: [13533808534615, 13533898893987[ 0.001 % (337 backtracks, 2025 nodes)
Optimality gap: [13533810073482, 13533898893987[ 0.001 % (339 backtracks, 2053 nodes)
Optimality gap: [13533818469322, 13533898893987[ 0.001 % (341 backtracks, 2080 nodes)
Optimality gap: [13533821399354, 13533898893987[ 0.001 % (342 backtracks, 2119 nodes)
Optimality gap: [13533823693025, 13533898893987[ 0.001 % (344 backtracks, 2167 nodes)
Optimality gap: [13533830365569, 13533898893987[ 0.001 % (346 backtracks, 2210 nodes)
Optimality gap: [13533838471464, 13533898893987[ 0.000 % (347 backtracks, 2216 nodes)
Optimality gap: [13533840929687, 13533898893987[ 0.000 % (347 backtracks, 2268 nodes)
Optimality gap: [13533843428891, 13533898893987[ 0.000 % (348 backtracks, 2277 nodes)
Optimality gap: [13533855875922, 13533898893987[ 0.000 % (350 backtracks, 2298 nodes)
Optimality gap: [13533863535165, 13533898893987[ 0.000 % (353 backtracks, 2320 nodes)
Optimality gap: [13533886243069, 13533898893987[ 0.000 % (353 backtracks, 2330 nodes)
Optimality gap: [13533898234965, 13533898893987[ 0.000 % (354 backtracks, 2343 nodes)
Node redundancy during HBFS: 70.446 %
Optimum: 13533898893987 in 354 backtracks and 2399 nodes ( 11985 removals by DEE) and 0.836 seconds.
end.
