c /usr/bin/toulbar2  version : 1.0.0-master-aab1312-tainted (1530783600), copyright (c) 2006-2018, toulbar2 team
loading wcsp file: ../../instances_preproc/CP13-pedigree33.wcsp
Read 467 variables, with 4 values at most, and 1327 cost functions, with maximum arity 4.
Cost function decomposition time : 0.000184 seconds.
Preprocessing time: 0.006367 seconds.
467 unassigned variables, 973 values in all current domains (med. size:2, max size:4) and 869 non-unary cost functions (med. degree:4)
Initial lower and upper bounds: [2454, 76845[ 96.807%
New solution: 7859 (0 backtracks, 77 nodes, depth 78)
New solution: 7584 (68 backtracks, 204 nodes, depth 43)
Optimality gap: [2465, 7584[ 67.497 % (108 backtracks, 244 nodes)
New solution: 7225 (130 backtracks, 353 nodes, depth 35)
New solution: 7183 (163 backtracks, 428 nodes, depth 23)
New solution: 7007 (187 backtracks, 499 nodes, depth 26)
New solution: 6897 (245 backtracks, 655 nodes, depth 32)
New solution: 6461 (273 backtracks, 716 nodes, depth 36)
New solution: 6353 (306 backtracks, 800 nodes, depth 33)
New solution: 6345 (330 backtracks, 836 nodes, depth 21)
New solution: 6311 (333 backtracks, 841 nodes, depth 20)
New solution: 6093 (666 backtracks, 1546 nodes, depth 27)
New solution: 6045 (1064 backtracks, 2377 nodes, depth 24)
New solution: 6003 (1065 backtracks, 2380 nodes, depth 25)
New solution: 5875 (2089 backtracks, 4484 nodes, depth 26)
Optimality gap: [2547, 5875[ 56.647 % (2838 backtracks, 6018 nodes)
Optimality gap: [2656, 5875[ 54.791 % (4340 backtracks, 9163 nodes)
Optimality gap: [2671, 5875[ 54.536 % (4464 backtracks, 9434 nodes)
Optimality gap: [2756, 5875[ 53.089 % (7327 backtracks, 15621 nodes)
Optimality gap: [2765, 5875[ 52.936 % (8280 backtracks, 17629 nodes)
Optimality gap: [2842, 5875[ 51.626 % (8806 backtracks, 18759 nodes)
Optimality gap: [2874, 5875[ 51.081 % (9470 backtracks, 20189 nodes)
Optimality gap: [2901, 5875[ 50.621 % (9740 backtracks, 20775 nodes)
Optimality gap: [2974, 5875[ 49.379 % (12873 backtracks, 27605 nodes)
Optimality gap: [3049, 5875[ 48.102 % (17393 backtracks, 37293 nodes)
New solution: 5855 (17707 backtracks, 37996 nodes, depth 9)
Optimality gap: [3069, 5855[ 47.583 % (19709 backtracks, 42145 nodes)
Optimality gap: [3107, 5855[ 46.934 % (20520 backtracks, 43919 nodes)
Optimality gap: [3144, 5855[ 46.302 % (24863 backtracks, 53450 nodes)
Optimality gap: [3188, 5855[ 45.551 % (25402 backtracks, 54649 nodes)
Optimality gap: [3203, 5855[ 45.295 % (27432 backtracks, 58997 nodes)
Optimality gap: [3240, 5855[ 44.663 % (29932 backtracks, 64375 nodes)
Optimality gap: [3272, 5855[ 44.116 % (30741 backtracks, 66031 nodes)
Optimality gap: [3309, 5855[ 43.484 % (33729 backtracks, 72389 nodes)
Optimality gap: [3346, 5855[ 42.852 % (35023 backtracks, 75316 nodes)
Optimality gap: [3394, 5855[ 42.032 % (37021 backtracks, 79778 nodes)
Optimality gap: [3410, 5855[ 41.759 % (37145 backtracks, 80052 nodes)
Optimality gap: [3458, 5855[ 40.939 % (40255 backtracks, 86995 nodes)
Optimality gap: [3480, 5855[ 40.564 % (40760 backtracks, 88066 nodes)
Optimality gap: [3510, 5855[ 40.051 % (44324 backtracks, 95694 nodes)
Optimality gap: [3543, 5855[ 39.488 % (44680 backtracks, 96645 nodes)
Optimality gap: [3580, 5855[ 38.856 % (46511 backtracks, 100938 nodes)
Optimality gap: [3624, 5855[ 38.104 % (46875 backtracks, 101863 nodes)
Optimality gap: [3646, 5855[ 37.728 % (48677 backtracks, 105957 nodes)
Optimality gap: [3682, 5855[ 37.114 % (49180 backtracks, 107108 nodes)
Optimality gap: [3713, 5855[ 36.584 % (51817 backtracks, 112720 nodes)
Optimality gap: [3748, 5855[ 35.986 % (53642 backtracks, 116878 nodes)
Optimality gap: [3782, 5855[ 35.406 % (54586 backtracks, 119146 nodes)
Optimality gap: [3837, 5855[ 34.466 % (55833 backtracks, 122198 nodes)
Optimality gap: [3855, 5855[ 34.159 % (56393 backtracks, 123482 nodes)
Optimality gap: [3884, 5855[ 33.664 % (57116 backtracks, 125483 nodes)
Optimality gap: [3921, 5855[ 33.032 % (57361 backtracks, 126053 nodes)
Optimality gap: [3953, 5855[ 32.485 % (60359 backtracks, 132699 nodes)
Optimality gap: [3988, 5855[ 31.887 % (60436 backtracks, 132949 nodes)
Optimality gap: [4021, 5855[ 31.324 % (60924 backtracks, 134520 nodes)
Optimality gap: [4060, 5855[ 30.658 % (61154 backtracks, 135190 nodes)
Optimality gap: [4091, 5855[ 30.128 % (62093 backtracks, 137528 nodes)
Optimality gap: [4123, 5855[ 29.582 % (62474 backtracks, 138478 nodes)
Optimality gap: [4155, 5855[ 29.035 % (64376 backtracks, 142773 nodes)
Optimality gap: [4191, 5855[ 28.420 % (64521 backtracks, 143376 nodes)
Optimality gap: [4226, 5855[ 27.822 % (64799 backtracks, 144619 nodes)
Optimality gap: [4278, 5855[ 26.934 % (64916 backtracks, 145238 nodes)
Optimality gap: [4291, 5855[ 26.712 % (65669 backtracks, 146892 nodes)
Optimality gap: [4330, 5855[ 26.046 % (65983 backtracks, 147918 nodes)
Optimality gap: [4362, 5855[ 25.500 % (66047 backtracks, 148156 nodes)
Optimality gap: [4393, 5855[ 24.970 % (66718 backtracks, 150161 nodes)
Optimality gap: [4427, 5855[ 24.389 % (66772 backtracks, 150647 nodes)
Optimality gap: [4465, 5855[ 23.740 % (67110 backtracks, 152226 nodes)
Optimality gap: [4496, 5855[ 23.211 % (67146 backtracks, 152384 nodes)
Optimality gap: [4529, 5855[ 22.647 % (67616 backtracks, 154003 nodes)
Optimality gap: [4580, 5855[ 21.776 % (67728 backtracks, 154498 nodes)
Optimality gap: [4597, 5855[ 21.486 % (68274 backtracks, 156194 nodes)
Optimality gap: [4634, 5855[ 20.854 % (68366 backtracks, 156689 nodes)
Optimality gap: [4665, 5855[ 20.325 % (68551 backtracks, 157782 nodes)
Optimality gap: [4701, 5855[ 19.710 % (68667 backtracks, 158576 nodes)
Optimality gap: [4735, 5855[ 19.129 % (68825 backtracks, 159215 nodes)
Optimality gap: [4767, 5855[ 18.582 % (68947 backtracks, 159920 nodes)
Optimality gap: [4802, 5855[ 17.985 % (69118 backtracks, 160634 nodes)
Optimality gap: [4836, 5855[ 17.404 % (69323 backtracks, 161819 nodes)
Optimality gap: [4869, 5855[ 16.840 % (69376 backtracks, 162289 nodes)
Optimality gap: [4909, 5855[ 16.157 % (69486 backtracks, 163145 nodes)
Optimality gap: [4945, 5855[ 15.542 % (69549 backtracks, 163602 nodes)
Optimality gap: [4972, 5855[ 15.081 % (69610 backtracks, 164186 nodes)
Optimality gap: [5007, 5855[ 14.483 % (69655 backtracks, 164545 nodes)
Optimality gap: [5039, 5855[ 13.937 % (69834 backtracks, 165843 nodes)
Optimality gap: [5078, 5855[ 13.271 % (69851 backtracks, 166283 nodes)
Optimality gap: [5107, 5855[ 12.775 % (69934 backtracks, 167352 nodes)
Optimality gap: [5150, 5855[ 12.041 % (69950 backtracks, 167686 nodes)
Optimality gap: [5175, 5855[ 11.614 % (70009 backtracks, 168157 nodes)
Optimality gap: [5213, 5855[ 10.965 % (70037 backtracks, 168698 nodes)
Optimality gap: [5243, 5855[ 10.453 % (70069 backtracks, 169212 nodes)
Optimality gap: [5283, 5855[ 9.769 % (70160 backtracks, 170450 nodes)
Optimality gap: [5313, 5855[ 9.257 % (70204 backtracks, 171034 nodes)
Optimality gap: [5347, 5855[ 8.676 % (70235 backtracks, 171695 nodes)
Optimality gap: [5381, 5855[ 8.096 % (70258 backtracks, 171991 nodes)
Optimality gap: [5447, 5855[ 6.968 % (70283 backtracks, 172569 nodes)
Optimality gap: [5488, 5855[ 6.268 % (70305 backtracks, 172844 nodes)
Optimality gap: [5517, 5855[ 5.773 % (70309 backtracks, 173002 nodes)
Optimality gap: [5551, 5855[ 5.192 % (70317 backtracks, 173251 nodes)
Optimality gap: [5599, 5855[ 4.372 % (70332 backtracks, 173516 nodes)
Optimality gap: [5626, 5855[ 3.911 % (70336 backtracks, 173561 nodes)
Optimality gap: [5665, 5855[ 3.245 % (70345 backtracks, 173708 nodes)
Optimality gap: [5696, 5855[ 2.716 % (70345 backtracks, 173742 nodes)
Optimality gap: [5728, 5855[ 2.169 % (70345 backtracks, 173772 nodes)
Optimality gap: [5753, 5855[ 1.742 % (70346 backtracks, 173837 nodes)
Optimality gap: [5855, 5855[ 0.000 % (70346 backtracks, 173899 nodes)
Node redundancy during HBFS: 19.082 %
Optimum: 5855 in 70346 backtracks and 173899 nodes ( 65015 removals by DEE) and 7.816 seconds.
end.
