c /usr/bin/toulbar2  version : 1.0.0-master-aab1312-tainted (1530783600), copyright (c) 2006-2018, toulbar2 team
loading wcsp file: ../../instances_preproc/CP13-pedigree9.wcsp
Read 685 variables, with 7 values at most, and 1844 cost functions, with maximum arity 3.
Cost function decomposition time : 0.000686 seconds.
Preprocessing time: 0.022744 seconds.
685 unassigned variables, 1588 values in all current domains (med. size:2, max size:7) and 1216 non-unary cost functions (med. degree:4)
Initial lower and upper bounds: [5003, 123791[ 95.959%
New solution: 10001 (0 backtracks, 141 nodes, depth 142)
Optimality gap: [5006, 10001[ 49.945 % (205 backtracks, 421 nodes)
New solution: 9851 (698 backtracks, 1560 nodes, depth 101)
New solution: 9411 (796 backtracks, 1778 nodes, depth 109)
Optimality gap: [5059, 9411[ 46.244 % (1236 backtracks, 2608 nodes)
New solution: 9141 (2681 backtracks, 5875 nodes, depth 93)
New solution: 8930 (3508 backtracks, 7737 nodes, depth 110)
New solution: 8864 (3694 backtracks, 8090 nodes, depth 48)
New solution: 8843 (4236 backtracks, 9335 nodes, depth 57)
New solution: 8696 (5264 backtracks, 11639 nodes, depth 60)
Optimality gap: [5079, 8696[ 41.594 % (5318 backtracks, 11693 nodes)
New solution: 8673 (5318 backtracks, 11753 nodes, depth 50)
New solution: 8451 (7219 backtracks, 16164 nodes, depth 43)
New solution: 8447 (8496 backtracks, 18833 nodes, depth 42)
New solution: 8438 (8497 backtracks, 18834 nodes, depth 41)
New solution: 8415 (8498 backtracks, 18836 nodes, depth 41)
New solution: 8406 (8499 backtracks, 18837 nodes, depth 40)
New solution: 8350 (8527 backtracks, 18891 nodes, depth 38)
New solution: 8303 (8559 backtracks, 18951 nodes, depth 34)
New solution: 8294 (8560 backtracks, 18952 nodes, depth 31)
New solution: 8070 (8576 backtracks, 19008 nodes, depth 55)
New solution: 8061 (8577 backtracks, 19009 nodes, depth 50)
New solution: 8038 (8591 backtracks, 19026 nodes, depth 36)
New solution: 8029 (8592 backtracks, 19027 nodes, depth 34)
New solution: 7982 (8599 backtracks, 19041 nodes, depth 34)
New solution: 7973 (8600 backtracks, 19042 nodes, depth 32)
Optimality gap: [5098, 7973[ 36.059 % (8649 backtracks, 19110 nodes)
Optimality gap: [5122, 7973[ 35.758 % (12518 backtracks, 27241 nodes)
Optimality gap: [5153, 7973[ 35.369 % (19737 backtracks, 42363 nodes)
New solution: 7966 (19923 backtracks, 42848 nodes, depth 81)
New solution: 7768 (19926 backtracks, 42867 nodes, depth 94)
New solution: 7641 (19943 backtracks, 42891 nodes, depth 82)
Optimality gap: [5162, 7641[ 32.443 % (25999 backtracks, 55500 nodes)
Optimality gap: [5188, 7641[ 32.103 % (37851 backtracks, 80301 nodes)
New solution: 7622 (38580 backtracks, 81846 nodes, depth 30)
New solution: 7538 (39393 backtracks, 83550 nodes, depth 36)
New solution: 7520 (39456 backtracks, 83675 nodes, depth 33)
New solution: 7237 (39460 backtracks, 83705 nodes, depth 55)
Optimality gap: [5192, 7237[ 28.258 % (39512 backtracks, 83763 nodes)
New solution: 7193 (40799 backtracks, 86534 nodes, depth 41)
New solution: 7154 (40800 backtracks, 86535 nodes, depth 40)
Optimality gap: [5197, 7154[ 27.355 % (40940 backtracks, 86777 nodes)
Optimality gap: [5219, 7154[ 27.048 % (48177 backtracks, 102046 nodes)
Optimality gap: [5240, 7154[ 26.754 % (60539 backtracks, 128130 nodes)
New solution: 7144 (68517 backtracks, 145042 nodes, depth 48)
New solution: 7105 (68518 backtracks, 145043 nodes, depth 47)
Optimality gap: [5256, 7105[ 26.024 % (70193 backtracks, 148557 nodes)
New solution: 7040 (76976 backtracks, 162988 nodes, depth 28)
Optimality gap: [5268, 7040[ 25.170 % (79577 backtracks, 168443 nodes)
Optimality gap: [5289, 7040[ 24.872 % (98642 backtracks, 208825 nodes)
Optimality gap: [5309, 7040[ 24.588 % (113796 backtracks, 240786 nodes)
Optimality gap: [5329, 7040[ 24.304 % (138484 backtracks, 293015 nodes)
Optimality gap: [5350, 7040[ 24.006 % (161266 backtracks, 341464 nodes)
Optimality gap: [5370, 7040[ 23.722 % (186592 backtracks, 395290 nodes)
Optimality gap: [5391, 7040[ 23.423 % (224638 backtracks, 476404 nodes)
c 1310720 Bytes allocated for hybrid best-first search open nodes.
Optimality gap: [5411, 7040[ 23.139 % (266508 backtracks, 565324 nodes)
Optimality gap: [5431, 7040[ 22.855 % (308994 backtracks, 655785 nodes)
Optimality gap: [5452, 7040[ 22.557 % (367219 backtracks, 779956 nodes)
Optimality gap: [5472, 7040[ 22.273 % (419480 backtracks, 891706 nodes)
Optimality gap: [5492, 7040[ 21.989 % (485715 backtracks, 1033433 nodes)
c 2621440 Bytes allocated for hybrid best-first search open nodes.
Optimality gap: [5513, 7040[ 21.690 % (565361 backtracks, 1204027 nodes)
Optimality gap: [5533, 7040[ 21.406 % (653642 backtracks, 1392735 nodes)
Optimality gap: [5553, 7040[ 21.122 % (757365 backtracks, 1614957 nodes)
Optimality gap: [5574, 7040[ 20.824 % (870196 backtracks, 1857088 nodes)
Optimality gap: [5594, 7040[ 20.540 % (1003865 backtracks, 2144505 nodes)
c 5242880 Bytes allocated for hybrid best-first search open nodes.
Optimality gap: [5615, 7040[ 20.241 % (1175168 backtracks, 2512992 nodes)
Optimality gap: [5635, 7040[ 19.957 % (1370948 backtracks, 2934990 nodes)
Optimality gap: [5655, 7040[ 19.673 % (1568057 backtracks, 3359550 nodes)
Optimality gap: [5676, 7040[ 19.375 % (1794018 backtracks, 3847446 nodes)
Optimality gap: [5696, 7040[ 19.091 % (2034630 backtracks, 4367215 nodes)
Optimality gap: [5716, 7040[ 18.807 % (2273140 backtracks, 4883705 nodes)
c 7340032 Bytes allocated for hybrid best-first search open nodes.
Optimality gap: [5737, 7040[ 18.509 % (2562841 backtracks, 5512410 nodes)
Optimality gap: [5757, 7040[ 18.224 % (2870617 backtracks, 6181503 nodes)
Optimality gap: [5778, 7040[ 17.926 % (3205424 backtracks, 6912193 nodes)
Optimality gap: [5798, 7040[ 17.642 % (3560248 backtracks, 7686691 nodes)
Optimality gap: [5818, 7040[ 17.358 % (3955084 backtracks, 8551784 nodes)
Optimality gap: [5839, 7040[ 17.060 % (4392537 backtracks, 9513194 nodes)
Optimality gap: [5859, 7040[ 16.776 % (4843129 backtracks, 10506013 nodes)
c 14680064 Bytes allocated for hybrid best-first search open nodes.
Optimality gap: [5879, 7040[ 16.491 % (5332477 backtracks, 11584186 nodes)
Optimality gap: [5900, 7040[ 16.193 % (5883909 backtracks, 12804792 nodes)
Optimality gap: [5920, 7040[ 15.909 % (6411818 backtracks, 13977667 nodes)
Optimality gap: [5941, 7040[ 15.611 % (6964912 backtracks, 15212509 nodes)
Optimality gap: [5961, 7040[ 15.327 % (7513944 backtracks, 16444352 nodes)
Optimality gap: [5981, 7040[ 15.043 % (8104470 backtracks, 17774204 nodes)
Optimality gap: [6002, 7040[ 14.744 % (8702941 backtracks, 19138382 nodes)
Optimality gap: [6022, 7040[ 14.460 % (9300820 backtracks, 20502053 nodes)
Optimality gap: [6042, 7040[ 14.176 % (9895001 backtracks, 21864929 nodes)
Optimality gap: [6063, 7040[ 13.878 % (10496129 backtracks, 23258425 nodes)
Optimality gap: [6083, 7040[ 13.594 % (11077158 backtracks, 24612141 nodes)
Optimality gap: [6103, 7040[ 13.310 % (11789515 backtracks, 26237052 nodes)
Optimality gap: [6124, 7040[ 13.011 % (12469129 backtracks, 27820270 nodes)
Optimality gap: [6144, 7040[ 12.727 % (13104631 backtracks, 29303597 nodes)
Optimality gap: [6165, 7040[ 12.429 % (13738269 backtracks, 30803668 nodes)
Optimality gap: [6185, 7040[ 12.145 % (14242646 backtracks, 32042444 nodes)
Optimality gap: [6205, 7040[ 11.861 % (14693986 backtracks, 33184405 nodes)
Optimality gap: [6226, 7040[ 11.562 % (15145697 backtracks, 34341742 nodes)
Optimality gap: [6246, 7040[ 11.278 % (15510632 backtracks, 35325758 nodes)
Optimality gap: [6266, 7040[ 10.994 % (15815341 backtracks, 36197069 nodes)
Optimality gap: [6287, 7040[ 10.696 % (16107219 backtracks, 37057529 nodes)
Optimality gap: [6307, 7040[ 10.412 % (16379652 backtracks, 37879118 nodes)
Optimality gap: [6328, 7040[ 10.114 % (16586878 backtracks, 38572708 nodes)
Optimality gap: [6348, 7040[ 9.830 % (16768372 backtracks, 39213127 nodes)
Optimality gap: [6368, 7040[ 9.545 % (16915932 backtracks, 39784359 nodes)
Optimality gap: [6389, 7040[ 9.247 % (17065018 backtracks, 40383323 nodes)
Optimality gap: [6409, 7040[ 8.963 % (17164821 backtracks, 40865280 nodes)
Optimality gap: [6429, 7040[ 8.679 % (17254562 backtracks, 41335177 nodes)
Optimality gap: [6450, 7040[ 8.381 % (17340466 backtracks, 41815722 nodes)
Optimality gap: [6470, 7040[ 8.097 % (17419909 backtracks, 42278427 nodes)
Optimality gap: [6491, 7040[ 7.798 % (17489122 backtracks, 42755472 nodes)
Optimality gap: [6511, 7040[ 7.514 % (17547973 backtracks, 43199203 nodes)
Optimality gap: [6531, 7040[ 7.230 % (17601681 backtracks, 43647409 nodes)
Optimality gap: [6552, 7040[ 6.932 % (17646324 backtracks, 44080572 nodes)
Optimality gap: [6572, 7040[ 6.648 % (17676359 backtracks, 44468304 nodes)
Optimality gap: [6592, 7040[ 6.364 % (17698955 backtracks, 44832576 nodes)
Optimality gap: [6613, 7040[ 6.065 % (17710211 backtracks, 45040884 nodes)
Optimality gap: [6633, 7040[ 5.781 % (17711543 backtracks, 45057962 nodes)
Optimality gap: [6653, 7040[ 5.497 % (17712358 backtracks, 45072457 nodes)
Optimality gap: [6674, 7040[ 5.199 % (17713182 backtracks, 45087455 nodes)
Optimality gap: [6694, 7040[ 4.915 % (17713979 backtracks, 45103663 nodes)
Optimality gap: [6715, 7040[ 4.616 % (17714714 backtracks, 45120972 nodes)
Optimality gap: [6735, 7040[ 4.332 % (17715335 backtracks, 45136081 nodes)
Optimality gap: [6755, 7040[ 4.048 % (17715772 backtracks, 45145774 nodes)
Optimality gap: [6776, 7040[ 3.750 % (17715965 backtracks, 45152384 nodes)
Optimality gap: [6796, 7040[ 3.466 % (17715973 backtracks, 45155168 nodes)
Optimality gap: [6816, 7040[ 3.182 % (17715988 backtracks, 45157501 nodes)
Optimality gap: [6837, 7040[ 2.884 % (17716003 backtracks, 45160492 nodes)
Optimality gap: [6857, 7040[ 2.599 % (17716003 backtracks, 45163224 nodes)
Optimality gap: [6878, 7040[ 2.301 % (17716003 backtracks, 45165965 nodes)
Optimality gap: [6898, 7040[ 2.017 % (17716003 backtracks, 45168811 nodes)
Optimality gap: [6918, 7040[ 1.733 % (17716003 backtracks, 45171459 nodes)
Optimality gap: [6939, 7040[ 1.435 % (17716005 backtracks, 45173941 nodes)
Optimality gap: [6959, 7040[ 1.151 % (17716028 backtracks, 45176252 nodes)
Optimality gap: [6979, 7040[ 0.866 % (17716029 backtracks, 45179055 nodes)
Optimality gap: [7000, 7040[ 0.568 % (17716032 backtracks, 45180966 nodes)
Optimality gap: [7021, 7040[ 0.270 % (17716033 backtracks, 45183163 nodes)
Node redundancy during HBFS: 21.586 %
Optimum: 7040 in 17716034 backtracks and 45185742 nodes ( 18571444 removals by DEE) and 3378.318 seconds.
end.
