c /usr/bin/toulbar2  version : 1.0.0-master-aab1312-tainted (1530783600), copyright (c) 2006-2018, toulbar2 team
loading wcsp file: ../../instances_preproc/CP13-pedigree18.wcsp
Read 717 variables, with 5 values at most, and 1887 cost functions, with maximum arity 4.
Cost function decomposition time : 0.000321 seconds.
Reverse DAC lower bound: 5211 (+0.383803%)
Preprocessing time: 0.010423 seconds.
717 unassigned variables, 1573 values in all current domains (med. size:2, max size:5) and 1224 non-unary cost functions (med. degree:4)
Initial lower and upper bounds: [5211, 104931[ 95.034%
New solution: 8065 (0 backtracks, 156 nodes, depth 157)
New solution: 7888 (233 backtracks, 639 nodes, depth 132)
New solution: 7560 (363 backtracks, 909 nodes, depth 128)
Optimality gap: [5223, 7560[ 30.913 % (543 backtracks, 1161 nodes)
Optimality gap: [5242, 7560[ 30.661 % (655 backtracks, 1397 nodes)
Optimality gap: [5289, 7560[ 30.040 % (949 backtracks, 2148 nodes)
New solution: 7553 (1346 backtracks, 3187 nodes, depth 42)
New solution: 7430 (1347 backtracks, 3190 nodes, depth 42)
New solution: 7422 (1405 backtracks, 3302 nodes, depth 35)
Optimality gap: [5301, 7422[ 28.577 % (1612 backtracks, 3684 nodes)
New solution: 7269 (1735 backtracks, 3988 nodes, depth 32)
New solution: 7192 (1781 backtracks, 4076 nodes, depth 23)
Optimality gap: [5357, 7192[ 25.514 % (2136 backtracks, 4765 nodes)
New solution: 7160 (6668 backtracks, 14059 nodes, depth 26)
Optimality gap: [5368, 7160[ 25.028 % (7405 backtracks, 15833 nodes)
Optimality gap: [5392, 7160[ 24.693 % (8012 backtracks, 17496 nodes)
Optimality gap: [5411, 7160[ 24.427 % (8253 backtracks, 18102 nodes)
Optimality gap: [5426, 7160[ 24.218 % (8976 backtracks, 19889 nodes)
Optimality gap: [5445, 7160[ 23.953 % (12921 backtracks, 28308 nodes)
Optimality gap: [5468, 7160[ 23.631 % (25545 backtracks, 54682 nodes)
Optimality gap: [5484, 7160[ 23.408 % (32492 backtracks, 69106 nodes)
New solution: 7125 (36351 backtracks, 77118 nodes, depth 29)
Optimality gap: [5499, 7125[ 22.821 % (37066 backtracks, 78570 nodes)
Optimality gap: [5519, 7125[ 22.540 % (45767 backtracks, 96600 nodes)
New solution: 7075 (51080 backtracks, 107698 nodes, depth 37)
Optimality gap: [5528, 7075[ 21.866 % (55663 backtracks, 117246 nodes)
Optimality gap: [5547, 7075[ 21.597 % (57996 backtracks, 123003 nodes)
Optimality gap: [5567, 7075[ 21.314 % (59451 backtracks, 127055 nodes)
Optimality gap: [5584, 7075[ 21.074 % (60458 backtracks, 129986 nodes)
Optimality gap: [5603, 7075[ 20.806 % (62058 backtracks, 134913 nodes)
Optimality gap: [5622, 7075[ 20.537 % (63629 backtracks, 139705 nodes)
Optimality gap: [5641, 7075[ 20.269 % (66055 backtracks, 146840 nodes)
Optimality gap: [5660, 7075[ 20.000 % (81585 backtracks, 179461 nodes)
Optimality gap: [5678, 7075[ 19.746 % (101339 backtracks, 220737 nodes)
Optimality gap: [5696, 7075[ 19.491 % (120028 backtracks, 260065 nodes)
Optimality gap: [5715, 7075[ 19.223 % (136047 backtracks, 294021 nodes)
Optimality gap: [5733, 7075[ 18.968 % (160987 backtracks, 346739 nodes)
Optimality gap: [5752, 7075[ 18.700 % (183222 backtracks, 394266 nodes)
Optimality gap: [5771, 7075[ 18.431 % (197529 backtracks, 424705 nodes)
New solution: 7021 (218488 backtracks, 469291 nodes, depth 26)
Optimality gap: [5787, 7021[ 17.576 % (218527 backtracks, 469345 nodes)
Optimality gap: [5791, 7021[ 17.519 % (222173 backtracks, 477229 nodes)
Optimality gap: [5809, 7021[ 17.262 % (241856 backtracks, 518885 nodes)
Optimality gap: [5827, 7021[ 17.006 % (269659 backtracks, 577939 nodes)
Optimality gap: [5845, 7021[ 16.750 % (288576 backtracks, 618567 nodes)
Optimality gap: [5863, 7021[ 16.493 % (307536 backtracks, 659336 nodes)
Optimality gap: [5881, 7021[ 16.237 % (339114 backtracks, 726742 nodes)
Optimality gap: [5899, 7021[ 15.981 % (359110 backtracks, 769981 nodes)
Optimality gap: [5917, 7021[ 15.724 % (379725 backtracks, 814830 nodes)
Optimality gap: [5936, 7021[ 15.454 % (403300 backtracks, 865971 nodes)
Optimality gap: [5954, 7021[ 15.197 % (423072 backtracks, 909018 nodes)
Optimality gap: [5972, 7021[ 14.941 % (441195 backtracks, 949410 nodes)
Optimality gap: [5990, 7021[ 14.685 % (456048 backtracks, 982320 nodes)
Optimality gap: [6008, 7021[ 14.428 % (473063 backtracks, 1019812 nodes)
Optimality gap: [6026, 7021[ 14.172 % (491200 backtracks, 1060457 nodes)
Optimality gap: [6044, 7021[ 13.915 % (508555 backtracks, 1099706 nodes)
Optimality gap: [6062, 7021[ 13.659 % (526570 backtracks, 1140589 nodes)
Optimality gap: [6080, 7021[ 13.403 % (543975 backtracks, 1180198 nodes)
Optimality gap: [6098, 7021[ 13.146 % (558443 backtracks, 1214053 nodes)
Optimality gap: [6117, 7021[ 12.876 % (574115 backtracks, 1251084 nodes)
Optimality gap: [6135, 7021[ 12.619 % (586070 backtracks, 1279675 nodes)
Optimality gap: [6153, 7021[ 12.363 % (595868 backtracks, 1303648 nodes)
Optimality gap: [6171, 7021[ 12.107 % (611354 backtracks, 1340597 nodes)
Optimality gap: [6189, 7021[ 11.850 % (623452 backtracks, 1370308 nodes)
Optimality gap: [6207, 7021[ 11.594 % (634261 backtracks, 1398195 nodes)
Optimality gap: [6225, 7021[ 11.337 % (648758 backtracks, 1434586 nodes)
Optimality gap: [6243, 7021[ 11.081 % (661465 backtracks, 1466481 nodes)
Optimality gap: [6261, 7021[ 10.825 % (669825 backtracks, 1488854 nodes)
Optimality gap: [6279, 7021[ 10.568 % (679080 backtracks, 1513668 nodes)
Optimality gap: [6298, 7021[ 10.298 % (691068 backtracks, 1543951 nodes)
Optimality gap: [6316, 7021[ 10.041 % (698409 backtracks, 1565506 nodes)
Optimality gap: [6334, 7021[ 9.785 % (706707 backtracks, 1590044 nodes)
Optimality gap: [6352, 7021[ 9.529 % (712592 backtracks, 1608888 nodes)
Optimality gap: [6370, 7021[ 9.272 % (720251 backtracks, 1632238 nodes)
Optimality gap: [6388, 7021[ 9.016 % (728528 backtracks, 1656886 nodes)
Optimality gap: [6406, 7021[ 8.759 % (736014 backtracks, 1680347 nodes)
Optimality gap: [6424, 7021[ 8.503 % (741566 backtracks, 1699419 nodes)
Optimality gap: [6442, 7021[ 8.247 % (746409 backtracks, 1717290 nodes)
Optimality gap: [6460, 7021[ 7.990 % (751435 backtracks, 1735952 nodes)
Optimality gap: [6479, 7021[ 7.720 % (754482 backtracks, 1750041 nodes)
Optimality gap: [6497, 7021[ 7.463 % (758166 backtracks, 1766198 nodes)
Optimality gap: [6515, 7021[ 7.207 % (761179 backtracks, 1781939 nodes)
Optimality gap: [6533, 7021[ 6.951 % (764303 backtracks, 1797222 nodes)
Optimality gap: [6551, 7021[ 6.694 % (767326 backtracks, 1814539 nodes)
Optimality gap: [6569, 7021[ 6.438 % (769526 backtracks, 1828428 nodes)
Optimality gap: [6587, 7021[ 6.181 % (771279 backtracks, 1842311 nodes)
Optimality gap: [6605, 7021[ 5.925 % (772444 backtracks, 1852804 nodes)
Optimality gap: [6623, 7021[ 5.669 % (773711 backtracks, 1864307 nodes)
Optimality gap: [6641, 7021[ 5.412 % (774895 backtracks, 1875270 nodes)
Optimality gap: [6660, 7021[ 5.142 % (775992 backtracks, 1884836 nodes)
Optimality gap: [6678, 7021[ 4.885 % (776890 backtracks, 1894099 nodes)
Optimality gap: [6696, 7021[ 4.629 % (777573 backtracks, 1902035 nodes)
Optimality gap: [6714, 7021[ 4.373 % (778206 backtracks, 1910983 nodes)
Optimality gap: [6732, 7021[ 4.116 % (778453 backtracks, 1917567 nodes)
Optimality gap: [6750, 7021[ 3.860 % (778566 backtracks, 1922023 nodes)
Optimality gap: [6768, 7021[ 3.603 % (778648 backtracks, 1926318 nodes)
Optimality gap: [6786, 7021[ 3.347 % (778780 backtracks, 1929534 nodes)
Optimality gap: [6804, 7021[ 3.091 % (778838 backtracks, 1931632 nodes)
Optimality gap: [6822, 7021[ 2.834 % (778875 backtracks, 1933588 nodes)
Optimality gap: [6841, 7021[ 2.564 % (778892 backtracks, 1935586 nodes)
Optimality gap: [6859, 7021[ 2.307 % (778926 backtracks, 1937163 nodes)
Optimality gap: [6877, 7021[ 2.051 % (778926 backtracks, 1937753 nodes)
Optimality gap: [6899, 7021[ 1.738 % (778926 backtracks, 1938373 nodes)
Optimality gap: [6916, 7021[ 1.496 % (778926 backtracks, 1939278 nodes)
Optimality gap: [6932, 7021[ 1.268 % (778926 backtracks, 1940037 nodes)
Optimality gap: [6950, 7021[ 1.011 % (778926 backtracks, 1940507 nodes)
Optimality gap: [6969, 7021[ 0.741 % (778926 backtracks, 1941225 nodes)
Optimality gap: [6986, 7021[ 0.499 % (778926 backtracks, 1941813 nodes)
Optimality gap: [7005, 7021[ 0.228 % (778926 backtracks, 1942128 nodes)
Node redundancy during HBFS: 19.821 %
Optimum: 7021 in 778926 backtracks and 1943016 nodes ( 975654 removals by DEE) and 124.407 seconds.
end.
