c /usr/bin/toulbar2  version : 1.0.0-master-aab1312-tainted (1530783600), copyright (c) 2006-2018, toulbar2 team
loading wcsp file: ../../instances_preproc/CP13-pedigree39.wcsp
Read 536 variables, with 5 values at most, and 1339 cost functions, with maximum arity 3.
Cost function decomposition time : 0.000186 seconds.
Preprocessing time: 0.006678 seconds.
536 unassigned variables, 1179 values in all current domains (med. size:2, max size:5) and 812 non-unary cost functions (med. degree:4)
Initial lower and upper bounds: [10148, 96809[ 89.518%
New solution: 12909 (0 backtracks, 96 nodes, depth 97)
Optimality gap: [10170, 12909[ 21.218 % (80 backtracks, 176 nodes)
Optimality gap: [10177, 12909[ 21.164 % (506 backtracks, 1136 nodes)
New solution: 12875 (776 backtracks, 1805 nodes, depth 32)
New solution: 12657 (780 backtracks, 1820 nodes, depth 38)
New solution: 12654 (821 backtracks, 1886 nodes, depth 20)
New solution: 12524 (834 backtracks, 1930 nodes, depth 37)
Optimality gap: [10200, 12524[ 18.556 % (1156 backtracks, 2562 nodes)
New solution: 12326 (1511 backtracks, 3334 nodes, depth 25)
New solution: 12296 (1516 backtracks, 3341 nodes, depth 16)
Optimality gap: [10220, 12296[ 16.884 % (1707 backtracks, 3722 nodes)
New solution: 12192 (1832 backtracks, 4008 nodes, depth 28)
New solution: 12069 (1861 backtracks, 4079 nodes, depth 30)
New solution: 12032 (1872 backtracks, 4097 nodes, depth 24)
Optimality gap: [10241, 12032[ 14.885 % (2135 backtracks, 4608 nodes)
Optimality gap: [10246, 12032[ 14.844 % (2273 backtracks, 4895 nodes)
New solution: 11828 (2389 backtracks, 5161 nodes, depth 22)
Optimality gap: [10250, 11828[ 13.341 % (2548 backtracks, 5473 nodes)
Optimality gap: [10267, 11828[ 13.197 % (3092 backtracks, 6602 nodes)
Optimality gap: [10283, 11828[ 13.062 % (5431 backtracks, 11531 nodes)
Optimality gap: [10300, 11828[ 12.918 % (7677 backtracks, 16216 nodes)
New solution: 11793 (8181 backtracks, 17301 nodes, depth 14)
Optimality gap: [10315, 11793[ 12.533 % (8241 backtracks, 17409 nodes)
Optimality gap: [10329, 11793[ 12.414 % (9922 backtracks, 20947 nodes)
Optimality gap: [10350, 11793[ 12.236 % (11108 backtracks, 23432 nodes)
Optimality gap: [10363, 11793[ 12.126 % (11301 backtracks, 23955 nodes)
Optimality gap: [10381, 11793[ 11.973 % (11625 backtracks, 24718 nodes)
Optimality gap: [10395, 11793[ 11.854 % (12164 backtracks, 26102 nodes)
Optimality gap: [10412, 11793[ 11.710 % (12675 backtracks, 27448 nodes)
Optimality gap: [10428, 11793[ 11.575 % (13290 backtracks, 29060 nodes)
Optimality gap: [10445, 11793[ 11.431 % (13763 backtracks, 30353 nodes)
Optimality gap: [10462, 11793[ 11.286 % (14277 backtracks, 31788 nodes)
Optimality gap: [10480, 11793[ 11.134 % (16120 backtracks, 35711 nodes)
Optimality gap: [10494, 11793[ 11.015 % (17362 backtracks, 38490 nodes)
Optimality gap: [10510, 11793[ 10.879 % (20382 backtracks, 44827 nodes)
Optimality gap: [10527, 11793[ 10.735 % (24333 backtracks, 53019 nodes)
Optimality gap: [10546, 11793[ 10.574 % (26345 backtracks, 57388 nodes)
Optimality gap: [10565, 11793[ 10.413 % (27336 backtracks, 59525 nodes)
Optimality gap: [10577, 11793[ 10.311 % (29032 backtracks, 63250 nodes)
Optimality gap: [10596, 11793[ 10.150 % (31200 backtracks, 67807 nodes)
Optimality gap: [10609, 11793[ 10.040 % (33754 backtracks, 73353 nodes)
Optimality gap: [10627, 11793[ 9.887 % (36050 backtracks, 78395 nodes)
Optimality gap: [10644, 11793[ 9.743 % (37305 backtracks, 81254 nodes)
Optimality gap: [10659, 11793[ 9.616 % (38271 backtracks, 83487 nodes)
Optimality gap: [10676, 11793[ 9.472 % (39084 backtracks, 85522 nodes)
Optimality gap: [10691, 11793[ 9.345 % (39753 backtracks, 87077 nodes)
Optimality gap: [10709, 11793[ 9.192 % (40758 backtracks, 89395 nodes)
Optimality gap: [10729, 11793[ 9.022 % (43383 backtracks, 95047 nodes)
Optimality gap: [10741, 11793[ 8.921 % (43704 backtracks, 95856 nodes)
Optimality gap: [10757, 11793[ 8.785 % (46835 backtracks, 102432 nodes)
Optimality gap: [10776, 11793[ 8.624 % (47618 backtracks, 104271 nodes)
Optimality gap: [10790, 11793[ 8.505 % (48113 backtracks, 105575 nodes)
Optimality gap: [10807, 11793[ 8.361 % (50248 backtracks, 110188 nodes)
Optimality gap: [10823, 11793[ 8.225 % (51595 backtracks, 113269 nodes)
Optimality gap: [10840, 11793[ 8.081 % (53546 backtracks, 117692 nodes)
Optimality gap: [10857, 11793[ 7.937 % (54040 backtracks, 119081 nodes)
Optimality gap: [10872, 11793[ 7.810 % (54804 backtracks, 121001 nodes)
Optimality gap: [10891, 11793[ 7.649 % (55653 backtracks, 123047 nodes)
Optimality gap: [10907, 11793[ 7.513 % (56231 backtracks, 124446 nodes)
Optimality gap: [10922, 11793[ 7.386 % (56719 backtracks, 125734 nodes)
Optimality gap: [10938, 11793[ 7.250 % (57435 backtracks, 127681 nodes)
Optimality gap: [10956, 11793[ 7.097 % (57865 backtracks, 128967 nodes)
Optimality gap: [10971, 11793[ 6.970 % (58792 backtracks, 131423 nodes)
Optimality gap: [10988, 11793[ 6.826 % (59123 backtracks, 132428 nodes)
Optimality gap: [11004, 11793[ 6.690 % (59376 backtracks, 133338 nodes)
Optimality gap: [11021, 11793[ 6.546 % (60217 backtracks, 135381 nodes)
Optimality gap: [11038, 11793[ 6.402 % (60559 backtracks, 136533 nodes)
Optimality gap: [11053, 11793[ 6.275 % (60944 backtracks, 137858 nodes)
Optimality gap: [11070, 11793[ 6.131 % (61191 backtracks, 138767 nodes)
Optimality gap: [11086, 11793[ 5.995 % (61487 backtracks, 139966 nodes)
Optimality gap: [11103, 11793[ 5.851 % (61815 backtracks, 141057 nodes)
Optimality gap: [11119, 11793[ 5.715 % (62227 backtracks, 142686 nodes)
Optimality gap: [11136, 11793[ 5.571 % (62429 backtracks, 143562 nodes)
Optimality gap: [11152, 11793[ 5.435 % (62804 backtracks, 144750 nodes)
Optimality gap: [11168, 11793[ 5.300 % (63034 backtracks, 145592 nodes)
Optimality gap: [11185, 11793[ 5.156 % (63190 backtracks, 146429 nodes)
Optimality gap: [11204, 11793[ 4.994 % (63345 backtracks, 147203 nodes)
Optimality gap: [11220, 11793[ 4.859 % (63498 backtracks, 147899 nodes)
Optimality gap: [11234, 11793[ 4.740 % (63684 backtracks, 148841 nodes)
Optimality gap: [11251, 11793[ 4.596 % (63760 backtracks, 149431 nodes)
Optimality gap: [11267, 11793[ 4.460 % (63870 backtracks, 150180 nodes)
Optimality gap: [11284, 11793[ 4.316 % (63967 backtracks, 150813 nodes)
Optimality gap: [11300, 11793[ 4.180 % (64082 backtracks, 151414 nodes)
Optimality gap: [11316, 11793[ 4.045 % (64163 backtracks, 152333 nodes)
Optimality gap: [11333, 11793[ 3.901 % (64269 backtracks, 153237 nodes)
Optimality gap: [11350, 11793[ 3.756 % (64322 backtracks, 153789 nodes)
Optimality gap: [11366, 11793[ 3.621 % (64348 backtracks, 154065 nodes)
Optimality gap: [11383, 11793[ 3.477 % (64390 backtracks, 154468 nodes)
Optimality gap: [11401, 11793[ 3.324 % (64441 backtracks, 154943 nodes)
Optimality gap: [11415, 11793[ 3.205 % (64462 backtracks, 155226 nodes)
Optimality gap: [11432, 11793[ 3.061 % (64483 backtracks, 155510 nodes)
Optimality gap: [11451, 11793[ 2.900 % (64507 backtracks, 155877 nodes)
Optimality gap: [11466, 11793[ 2.773 % (64515 backtracks, 156021 nodes)
Optimality gap: [11483, 11793[ 2.629 % (64524 backtracks, 156347 nodes)
Optimality gap: [11499, 11793[ 2.493 % (64527 backtracks, 156674 nodes)
Optimality gap: [11526, 11793[ 2.264 % (64529 backtracks, 156717 nodes)
Optimality gap: [11533, 11793[ 2.205 % (64531 backtracks, 156819 nodes)
Optimality gap: [11547, 11793[ 2.086 % (64539 backtracks, 157121 nodes)
Optimality gap: [11567, 11793[ 1.916 % (64555 backtracks, 157404 nodes)
Optimality gap: [11585, 11793[ 1.764 % (64559 backtracks, 157527 nodes)
Optimality gap: [11596, 11793[ 1.670 % (64559 backtracks, 157777 nodes)
Optimality gap: [11620, 11793[ 1.467 % (64559 backtracks, 157898 nodes)
Optimality gap: [11637, 11793[ 1.323 % (64559 backtracks, 157986 nodes)
Optimality gap: [11650, 11793[ 1.213 % (64559 backtracks, 158098 nodes)
Optimality gap: [11664, 11793[ 1.094 % (64559 backtracks, 158269 nodes)
Optimality gap: [11682, 11793[ 0.941 % (64560 backtracks, 158508 nodes)
Optimality gap: [11700, 11793[ 0.789 % (64560 backtracks, 158663 nodes)
Optimality gap: [11711, 11793[ 0.695 % (64560 backtracks, 158785 nodes)
Optimality gap: [11739, 11793[ 0.458 % (64560 backtracks, 158974 nodes)
Optimality gap: [11745, 11793[ 0.407 % (64560 backtracks, 158995 nodes)
Optimality gap: [11761, 11793[ 0.271 % (64560 backtracks, 159337 nodes)
Optimality gap: [11778, 11793[ 0.127 % (64560 backtracks, 159609 nodes)
Node redundancy during HBFS: 19.121 %
Optimum: 11793 in 64560 backtracks and 159690 nodes ( 70663 removals by DEE) and 8.693 seconds.
end.
