c /usr/bin/toulbar2  version : 1.0.0-master-aab1312-tainted (1530783600), copyright (c) 2006-2018, toulbar2 team
loading wcsp file: ../../instances_preproc/CP13-pedigree7.wcsp
Read 464 variables, with 4 values at most, and 1179 cost functions, with maximum arity 3.
Cost function decomposition time : 0.000189 seconds.
Preprocessing time: 0.006403 seconds.
464 unassigned variables, 993 values in all current domains (med. size:2, max size:4) and 722 non-unary cost functions (med. degree:5)
Initial lower and upper bounds: [2349, 72805[ 96.774%
New solution: 8348 (0 backtracks, 107 nodes, depth 108)
New solution: 8219 (100 backtracks, 308 nodes, depth 101)
New solution: 7879 (199 backtracks, 506 nodes, depth 98)
Optimality gap: [2365, 7879[ 69.984 % (295 backtracks, 602 nodes)
New solution: 7082 (374 backtracks, 871 nodes, depth 95)
New solution: 6238 (459 backtracks, 1062 nodes, depth 90)
New solution: 5948 (646 backtracks, 1460 nodes, depth 71)
New solution: 5628 (833 backtracks, 1889 nodes, depth 72)
New solution: 5613 (1180 backtracks, 2668 nodes, depth 46)
New solution: 5543 (1702 backtracks, 3962 nodes, depth 32)
New solution: 5373 (1703 backtracks, 3965 nodes, depth 32)
New solution: 5295 (1896 backtracks, 4391 nodes, depth 42)
New solution: 5145 (2082 backtracks, 4771 nodes, depth 37)
New solution: 5135 (2083 backtracks, 4776 nodes, depth 38)
New solution: 4952 (3259 backtracks, 7163 nodes, depth 46)
New solution: 4888 (3352 backtracks, 7348 nodes, depth 30)
New solution: 4742 (3355 backtracks, 7367 nodes, depth 41)
New solution: 4524 (3356 backtracks, 7374 nodes, depth 44)
New solution: 4495 (3388 backtracks, 7422 nodes, depth 25)
New solution: 4474 (3401 backtracks, 7453 nodes, depth 27)
New solution: 4328 (3402 backtracks, 7463 nodes, depth 34)
New solution: 4280 (3403 backtracks, 7468 nodes, depth 36)
New solution: 4110 (3404 backtracks, 7471 nodes, depth 36)
New solution: 4062 (3507 backtracks, 7669 nodes, depth 26)
New solution: 3892 (3508 backtracks, 7672 nodes, depth 26)
Optimality gap: [2365, 3892[ 39.234 % (3839 backtracks, 8311 nodes)
New solution: 3862 (5635 backtracks, 11968 nodes, depth 21)
Optimality gap: [2387, 3862[ 38.193 % (6725 backtracks, 14273 nodes)
New solution: 3827 (7128 backtracks, 15530 nodes, depth 33)
Optimality gap: [2394, 3827[ 37.444 % (7159 backtracks, 15561 nodes)
Optimality gap: [2409, 3827[ 37.053 % (7365 backtracks, 16166 nodes)
Optimality gap: [2424, 3827[ 36.661 % (7510 backtracks, 16653 nodes)
Optimality gap: [2448, 3827[ 36.033 % (7549 backtracks, 16826 nodes)
Optimality gap: [2454, 3827[ 35.877 % (7565 backtracks, 16877 nodes)
Optimality gap: [2476, 3827[ 35.302 % (7899 backtracks, 17691 nodes)
New solution: 3666 (8662 backtracks, 19391 nodes, depth 39)
New solution: 3653 (8977 backtracks, 20017 nodes, depth 33)
New solution: 3631 (9066 backtracks, 20188 nodes, depth 25)
Optimality gap: [2476, 3631[ 31.809 % (9316 backtracks, 20665 nodes)
Optimality gap: [2483, 3631[ 31.617 % (9509 backtracks, 21095 nodes)
Optimality gap: [2491, 3631[ 31.396 % (9876 backtracks, 21899 nodes)
Optimality gap: [2505, 3631[ 31.011 % (10424 backtracks, 23159 nodes)
Optimality gap: [2526, 3631[ 30.432 % (10779 backtracks, 23984 nodes)
Optimality gap: [2535, 3631[ 30.185 % (10874 backtracks, 24201 nodes)
Optimality gap: [2547, 3631[ 29.854 % (11631 backtracks, 25759 nodes)
Optimality gap: [2567, 3631[ 29.303 % (14024 backtracks, 30620 nodes)
Optimality gap: [2580, 3631[ 28.945 % (23393 backtracks, 49946 nodes)
Optimality gap: [2598, 3631[ 28.449 % (34686 backtracks, 73544 nodes)
Optimality gap: [2606, 3631[ 28.229 % (36264 backtracks, 77068 nodes)
Optimality gap: [2620, 3631[ 27.844 % (37504 backtracks, 79998 nodes)
Optimality gap: [2633, 3631[ 27.486 % (38870 backtracks, 83214 nodes)
New solution: 3576 (39229 backtracks, 84062 nodes, depth 26)
New solution: 3548 (40672 backtracks, 86939 nodes, depth 16)
Optimality gap: [2642, 3548[ 25.536 % (40907 backtracks, 87395 nodes)
Optimality gap: [2653, 3548[ 25.225 % (41061 backtracks, 87835 nodes)
Optimality gap: [2665, 3548[ 24.887 % (42797 backtracks, 91555 nodes)
Optimality gap: [2673, 3548[ 24.662 % (44099 backtracks, 94455 nodes)
Optimality gap: [2694, 3548[ 24.070 % (44279 backtracks, 94980 nodes)
Optimality gap: [2701, 3548[ 23.873 % (44739 backtracks, 96194 nodes)
Optimality gap: [2709, 3548[ 23.647 % (44977 backtracks, 96890 nodes)
Optimality gap: [2721, 3548[ 23.309 % (45267 backtracks, 97761 nodes)
Optimality gap: [2739, 3548[ 22.802 % (45825 backtracks, 99155 nodes)
Optimality gap: [2752, 3548[ 22.435 % (45934 backtracks, 99514 nodes)
Optimality gap: [2759, 3548[ 22.238 % (46340 backtracks, 100394 nodes)
Optimality gap: [2769, 3548[ 21.956 % (46421 backtracks, 100579 nodes)
Optimality gap: [2785, 3548[ 21.505 % (46432 backtracks, 100620 nodes)
Optimality gap: [2794, 3548[ 21.251 % (47978 backtracks, 103984 nodes)
Optimality gap: [2809, 3548[ 20.829 % (49662 backtracks, 108534 nodes)
Optimality gap: [2817, 3548[ 20.603 % (49802 backtracks, 109160 nodes)
Optimality gap: [2829, 3548[ 20.265 % (49876 backtracks, 109673 nodes)
Optimality gap: [2843, 3548[ 19.870 % (50365 backtracks, 111494 nodes)
Optimality gap: [2853, 3548[ 19.589 % (50575 backtracks, 112402 nodes)
Optimality gap: [2866, 3548[ 19.222 % (50827 backtracks, 113079 nodes)
Optimality gap: [2877, 3548[ 18.912 % (50927 backtracks, 113558 nodes)
Optimality gap: [2889, 3548[ 18.574 % (51372 backtracks, 114899 nodes)
Optimality gap: [2901, 3548[ 18.236 % (51482 backtracks, 115349 nodes)
Optimality gap: [2915, 3548[ 17.841 % (51532 backtracks, 115908 nodes)
Optimality gap: [2925, 3548[ 17.559 % (51841 backtracks, 116964 nodes)
Optimality gap: [2937, 3548[ 17.221 % (51998 backtracks, 117929 nodes)
Optimality gap: [2949, 3548[ 16.883 % (52179 backtracks, 118599 nodes)
Optimality gap: [2962, 3548[ 16.516 % (52309 backtracks, 119276 nodes)
Optimality gap: [2974, 3548[ 16.178 % (52453 backtracks, 119846 nodes)
Optimality gap: [2986, 3548[ 15.840 % (52472 backtracks, 120096 nodes)
Optimality gap: [3000, 3548[ 15.445 % (52724 backtracks, 120685 nodes)
Optimality gap: [3010, 3548[ 15.163 % (52812 backtracks, 121155 nodes)
Optimality gap: [3023, 3548[ 14.797 % (53065 backtracks, 122903 nodes)
Optimality gap: [3033, 3548[ 14.515 % (53085 backtracks, 123254 nodes)
Optimality gap: [3047, 3548[ 14.121 % (53175 backtracks, 124200 nodes)
Optimality gap: [3057, 3548[ 13.839 % (53358 backtracks, 125328 nodes)
Optimality gap: [3069, 3548[ 13.501 % (53402 backtracks, 125800 nodes)
Optimality gap: [3081, 3548[ 13.162 % (53432 backtracks, 126126 nodes)
Optimality gap: [3094, 3548[ 12.796 % (53451 backtracks, 126621 nodes)
Optimality gap: [3107, 3548[ 12.430 % (53552 backtracks, 127427 nodes)
Optimality gap: [3118, 3548[ 12.120 % (53565 backtracks, 127734 nodes)
Optimality gap: [3129, 3548[ 11.809 % (53572 backtracks, 128230 nodes)
Optimality gap: [3145, 3548[ 11.359 % (53616 backtracks, 129432 nodes)
Optimality gap: [3153, 3548[ 11.133 % (53623 backtracks, 130123 nodes)
Optimality gap: [3166, 3548[ 10.767 % (53627 backtracks, 130500 nodes)
Optimality gap: [3177, 3548[ 10.457 % (53628 backtracks, 131542 nodes)
Optimality gap: [3190, 3548[ 10.090 % (53628 backtracks, 131779 nodes)
Optimality gap: [3202, 3548[ 9.752 % (53628 backtracks, 132065 nodes)
Optimality gap: [3215, 3548[ 9.386 % (53658 backtracks, 132303 nodes)
Optimality gap: [3228, 3548[ 9.019 % (53659 backtracks, 132471 nodes)
Optimality gap: [3237, 3548[ 8.766 % (53671 backtracks, 132764 nodes)
Optimality gap: [3249, 3548[ 8.427 % (53675 backtracks, 133263 nodes)
Optimality gap: [3263, 3548[ 8.033 % (53675 backtracks, 134010 nodes)
Optimality gap: [3274, 3548[ 7.723 % (53679 backtracks, 134459 nodes)
Optimality gap: [3287, 3548[ 7.356 % (53695 backtracks, 134753 nodes)
Optimality gap: [3297, 3548[ 7.074 % (53695 backtracks, 135180 nodes)
Optimality gap: [3309, 3548[ 6.736 % (53695 backtracks, 135399 nodes)
Optimality gap: [3321, 3548[ 6.398 % (53696 backtracks, 136230 nodes)
Optimality gap: [3333, 3548[ 6.060 % (53696 backtracks, 136508 nodes)
Optimality gap: [3346, 3548[ 5.693 % (53696 backtracks, 137306 nodes)
Optimality gap: [3357, 3548[ 5.383 % (53702 backtracks, 138387 nodes)
Optimality gap: [3370, 3548[ 5.017 % (53702 backtracks, 139819 nodes)
Optimality gap: [3381, 3548[ 4.707 % (53702 backtracks, 140297 nodes)
Optimality gap: [3394, 3548[ 4.340 % (53702 backtracks, 140617 nodes)
Optimality gap: [3406, 3548[ 4.002 % (53702 backtracks, 140905 nodes)
Optimality gap: [3419, 3548[ 3.636 % (53702 backtracks, 141452 nodes)
Optimality gap: [3431, 3548[ 3.298 % (53702 backtracks, 141545 nodes)
Optimality gap: [3446, 3548[ 2.875 % (53702 backtracks, 141730 nodes)
Optimality gap: [3455, 3548[ 2.621 % (53702 backtracks, 142027 nodes)
Optimality gap: [3467, 3548[ 2.283 % (53702 backtracks, 142139 nodes)
Optimality gap: [3477, 3548[ 2.001 % (53702 backtracks, 142254 nodes)
Optimality gap: [3492, 3548[ 1.578 % (53702 backtracks, 142383 nodes)
Optimality gap: [3501, 3548[ 1.325 % (53702 backtracks, 142510 nodes)
Optimality gap: [3517, 3548[ 0.874 % (53702 backtracks, 142576 nodes)
Optimality gap: [3525, 3548[ 0.648 % (53702 backtracks, 142821 nodes)
Optimality gap: [3537, 3548[ 0.310 % (53702 backtracks, 142972 nodes)
Node redundancy during HBFS: 24.846 %
Optimum: 3548 in 53702 backtracks and 143019 nodes ( 26503 removals by DEE) and 6.906 seconds.
end.
