c /usr/bin/toulbar2  version : 1.0.0-master-aab1312-tainted (1530783600), copyright (c) 2006-2018, toulbar2 team
loading wcsp file: ../../instances_preproc/UAI17-1is1-full.wcsp
Read 184 variables, with 431 values at most, and 3507 cost functions, with maximum arity 2.
Cost function decomposition time : 0.053158 seconds.
Preprocessing time: 54.5569 seconds.
184 unassigned variables, 46608 values in all current domains (med. size:267, max size:431) and 3321 non-unary cost functions (med. degree:35)
Initial lower and upper bounds: [386963594665, 191317258345869[ 99.798%
c 2097152 Bytes allocated for long long stack.
c 4194304 Bytes allocated for long long stack.
c 8388608 Bytes allocated for long long stack.
c 16777216 Bytes allocated for long long stack.
c 33554432 Bytes allocated for long long stack.
c 67108864 Bytes allocated for long long stack.
c 134217728 Bytes allocated for long long stack.
c 268435456 Bytes allocated for long long stack.
c 536870912 Bytes allocated for long long stack.
c 2097152 Bytes allocated for BTList<int> stack.
New solution: 389941099690 (0 backtracks, 825 nodes, depth 826)
Optimality gap: [386963932383, 389941099690[ 0.763 % (825 backtracks, 1650 nodes)
New solution: 388162383562 (825 backtracks, 2384 nodes, depth 700)
New solution: 388078721564 (2062 backtracks, 4799 nodes, depth 474)
New solution: 387961446826 (3017 backtracks, 7071 nodes, depth 438)
New solution: 387887117195 (3454 backtracks, 7919 nodes, depth 354)
New solution: 387857264699 (4208 backtracks, 9563 nodes, depth 364)
New solution: 387724547653 (4863 backtracks, 11181 nodes, depth 300)
New solution: 387720632467 (5229 backtracks, 12148 nodes, depth 196)
New solution: 387705251358 (5230 backtracks, 12150 nodes, depth 196)
New solution: 387672281972 (5589 backtracks, 13065 nodes, depth 208)
New solution: 387655488381 (6065 backtracks, 14431 nodes, depth 90)
New solution: 387632589433 (6264 backtracks, 15043 nodes, depth 122)
Optimality gap: [386970429075, 387632589433[ 0.171 % (6688 backtracks, 15938 nodes)
New solution: 387632276332 (10472 backtracks, 23935 nodes, depth 75)
New solution: 387625801900 (11000 backtracks, 25001 nodes, depth 85)
New solution: 387615976863 (11127 backtracks, 25254 nodes, depth 84)
New solution: 387609436002 (11187 backtracks, 25376 nodes, depth 86)
New solution: 387598936740 (11206 backtracks, 25416 nodes, depth 88)
New solution: 387592957337 (12000 backtracks, 26981 nodes, depth 65)
New solution: 387573392558 (16043 backtracks, 35171 nodes, depth 104)
New solution: 387573127038 (16062 backtracks, 35196 nodes, depth 91)
New solution: 387561406046 (16096 backtracks, 35265 nodes, depth 92)
New solution: 387548396162 (16107 backtracks, 35304 nodes, depth 107)
New solution: 387538011561 (16152 backtracks, 35386 nodes, depth 98)
New solution: 387537746041 (16160 backtracks, 35399 nodes, depth 95)
New solution: 387532578811 (16245 backtracks, 35562 nodes, depth 88)
New solution: 387531507940 (16295 backtracks, 35654 nodes, depth 79)
New solution: 387520857819 (16300 backtracks, 35666 nodes, depth 81)
New solution: 387520591317 (19039 backtracks, 41148 nodes, depth 84)
New solution: 387514611914 (19054 backtracks, 41184 nodes, depth 90)
New solution: 387511977146 (33175 backtracks, 69664 nodes, depth 47)
New solution: 387510384425 (33866 backtracks, 71049 nodes, depth 50)
New solution: 387505997743 (34380 backtracks, 72101 nodes, depth 74)
New solution: 387504405022 (34449 backtracks, 72234 nodes, depth 69)
New solution: 387503118721 (35762 backtracks, 74883 nodes, depth 54)
New solution: 387497139318 (36016 backtracks, 75398 nodes, depth 61)
Optimality gap: [386974280575, 387497139318[ 0.135 % (37239 backtracks, 79107 nodes)
Optimality gap: [386979796020, 387497139318[ 0.134 % (37952 backtracks, 83916 nodes)
New solution: 387480488366 (38356 backtracks, 86100 nodes, depth 91)
New solution: 387463604659 (38359 backtracks, 86105 nodes, depth 90)
New solution: 387454015217 (48395 backtracks, 106726 nodes, depth 51)
New solution: 387446854091 (49231 backtracks, 108407 nodes, depth 60)
New solution: 387437430077 (49257 backtracks, 108453 nodes, depth 54)
Optimality gap: [386983629479, 387437430077[ 0.117 % (51967 backtracks, 113820 nodes)
New solution: 387432938879 (51985 backtracks, 114005 nodes, depth 30)
New solution: 387426959476 (52059 backtracks, 114140 nodes, depth 17)
New solution: 387415758567 (56982 backtracks, 124195 nodes, depth 35)
New solution: 387415413504 (75464 backtracks, 161701 nodes, depth 46)
New solution: 387406198793 (75503 backtracks, 161778 nodes, depth 45)
Optimality gap: [386985794645, 387406198793[ 0.109 % (80108 backtracks, 171038 nodes)
New solution: 387398282048 (85344 backtracks, 181756 nodes, depth 45)
New solution: 387389067337 (85474 backtracks, 182001 nodes, depth 30)
New solution: 387383087934 (85682 backtracks, 182407 nodes, depth 20)
Optimality gap: [386989029417, 387383087934[ 0.102 % (99626 backtracks, 211638 nodes)
New solution: 387372843242 (103979 backtracks, 220600 nodes, depth 38)
Optimality gap: [386992455686, 387372843242[ 0.098 % (119238 backtracks, 253441 nodes)
Optimality gap: [386996351293, 387372843242[ 0.097 % (129206 backtracks, 274778 nodes)
Optimality gap: [387000438610, 387372843242[ 0.096 % (135884 backtracks, 291040 nodes)
Optimality gap: [387004761022, 387372843242[ 0.095 % (144780 backtracks, 311643 nodes)
Optimality gap: [387008804627, 387372843242[ 0.094 % (151789 backtracks, 327460 nodes)
Optimality gap: [387012811333, 387372843242[ 0.093 % (165095 backtracks, 355633 nodes)
New solution: 387360931883 (165606 backtracks, 357150 nodes, depth 26)
Optimality gap: [387015794548, 387360931883[ 0.089 % (166501 backtracks, 359520 nodes)
Optimality gap: [387019485715, 387360931883[ 0.088 % (167894 backtracks, 363740 nodes)
Optimality gap: [387023334424, 387360931883[ 0.087 % (170415 backtracks, 370402 nodes)
Optimality gap: [387027444456, 387360931883[ 0.086 % (172824 backtracks, 377057 nodes)
Optimality gap: [387031602563, 387360931883[ 0.085 % (174934 backtracks, 382600 nodes)
Optimality gap: [387035204714, 387360931883[ 0.084 % (176755 backtracks, 387699 nodes)
Optimality gap: [387039261797, 387360931883[ 0.083 % (179764 backtracks, 395290 nodes)
Optimality gap: [387043156326, 387360931883[ 0.082 % (184152 backtracks, 405042 nodes)
Optimality gap: [387047542760, 387360931883[ 0.081 % (187441 backtracks, 414395 nodes)
Optimality gap: [387051850896, 387360931883[ 0.080 % (187775 backtracks, 416346 nodes)
Optimality gap: [387055547810, 387360931883[ 0.079 % (188110 backtracks, 418286 nodes)
Optimality gap: [387059189229, 387360931883[ 0.078 % (191087 backtracks, 425788 nodes)
Optimality gap: [387062995157, 387360931883[ 0.077 % (192896 backtracks, 432003 nodes)
Optimality gap: [387067083936, 387360931883[ 0.076 % (193570 backtracks, 436282 nodes)
Optimality gap: [387071190549, 387360931883[ 0.075 % (194169 backtracks, 438919 nodes)
Optimality gap: [387074909438, 387360931883[ 0.074 % (196433 backtracks, 445509 nodes)
Optimality gap: [387078963489, 387360931883[ 0.073 % (197194 backtracks, 449555 nodes)
Optimality gap: [387082959064, 387360931883[ 0.072 % (197456 backtracks, 452145 nodes)
Optimality gap: [387086782984, 387360931883[ 0.071 % (198375 backtracks, 455631 nodes)
Optimality gap: [387090853767, 387360931883[ 0.070 % (198901 backtracks, 458305 nodes)
Optimality gap: [387095021017, 387360931883[ 0.069 % (199955 backtracks, 462266 nodes)
Optimality gap: [387098936210, 387360931883[ 0.068 % (201000 backtracks, 465177 nodes)
Optimality gap: [387102736745, 387360931883[ 0.067 % (201761 backtracks, 469223 nodes)
Optimality gap: [387106731823, 387360931883[ 0.066 % (202005 backtracks, 470725 nodes)
Optimality gap: [387110657300, 387360931883[ 0.065 % (202264 backtracks, 472798 nodes)
Optimality gap: [387114713828, 387360931883[ 0.064 % (203073 backtracks, 476321 nodes)
Optimality gap: [387118682714, 387360931883[ 0.063 % (203262 backtracks, 478600 nodes)
Optimality gap: [387122960687, 387360931883[ 0.061 % (203959 backtracks, 482257 nodes)
Optimality gap: [387126945169, 387360931883[ 0.060 % (204347 backtracks, 485332 nodes)
New solution: 387357267732 (204584 backtracks, 487550 nodes, depth 32)
Optimality gap: [387128943645, 387357267732[ 0.059 % (204836 backtracks, 488151 nodes)
Optimality gap: [387133107194, 387357267732[ 0.058 % (205084 backtracks, 490619 nodes)
Optimality gap: [387137146454, 387357267732[ 0.057 % (205373 backtracks, 493449 nodes)
Optimality gap: [387140945240, 387357267732[ 0.056 % (205923 backtracks, 497809 nodes)
Optimality gap: [387144704518, 387357267732[ 0.055 % (206220 backtracks, 501600 nodes)
Optimality gap: [387148711537, 387357267732[ 0.054 % (206593 backtracks, 505288 nodes)
Optimality gap: [387152877637, 387357267732[ 0.053 % (206973 backtracks, 509245 nodes)
Optimality gap: [387156647287, 387357267732[ 0.052 % (207335 backtracks, 512726 nodes)
Optimality gap: [387160450007, 387357267732[ 0.051 % (207491 backtracks, 516512 nodes)
Optimality gap: [387164394641, 387357267732[ 0.050 % (208104 backtracks, 520755 nodes)
Optimality gap: [387168505569, 387357267732[ 0.049 % (208521 backtracks, 524098 nodes)
Optimality gap: [387172357415, 387357267732[ 0.048 % (208978 backtracks, 528088 nodes)
Optimality gap: [387176220079, 387357267732[ 0.047 % (209337 backtracks, 531364 nodes)
Optimality gap: [387180271418, 387357267732[ 0.046 % (209516 backtracks, 534950 nodes)
Optimality gap: [387184091331, 387357267732[ 0.045 % (210044 backtracks, 539063 nodes)
Optimality gap: [387188609643, 387357267732[ 0.044 % (210213 backtracks, 543520 nodes)
Optimality gap: [387191983376, 387357267732[ 0.043 % (210388 backtracks, 547013 nodes)
Optimality gap: [387195894237, 387357267732[ 0.042 % (210618 backtracks, 549734 nodes)
Optimality gap: [387199911831, 387357267732[ 0.041 % (210743 backtracks, 554136 nodes)
Optimality gap: [387203873212, 387357267732[ 0.040 % (210797 backtracks, 556162 nodes)
Optimality gap: [387207843680, 387357267732[ 0.039 % (210960 backtracks, 559223 nodes)
Optimality gap: [387211828359, 387357267732[ 0.038 % (211072 backtracks, 562934 nodes)
Optimality gap: [387215634784, 387357267732[ 0.037 % (211218 backtracks, 567567 nodes)
Optimality gap: [387219484799, 387357267732[ 0.036 % (211307 backtracks, 571729 nodes)
Optimality gap: [387223782523, 387357267732[ 0.034 % (211365 backtracks, 575866 nodes)
Optimality gap: [387227508993, 387357267732[ 0.033 % (211403 backtracks, 578120 nodes)
Optimality gap: [387231362251, 387357267732[ 0.033 % (211480 backtracks, 582398 nodes)
Optimality gap: [387235249353, 387357267732[ 0.032 % (211525 backtracks, 585388 nodes)
Optimality gap: [387239200233, 387357267732[ 0.030 % (211577 backtracks, 588789 nodes)
Optimality gap: [387243719411, 387357267732[ 0.029 % (211605 backtracks, 592261 nodes)
Optimality gap: [387247146662, 387357267732[ 0.028 % (211623 backtracks, 595806 nodes)
Optimality gap: [387251066310, 387357267732[ 0.027 % (211657 backtracks, 599702 nodes)
Optimality gap: [387255195481, 387357267732[ 0.026 % (211672 backtracks, 602102 nodes)
Optimality gap: [387258857164, 387357267732[ 0.025 % (211712 backtracks, 606947 nodes)
Optimality gap: [387262874487, 387357267732[ 0.024 % (211744 backtracks, 611412 nodes)
Optimality gap: [387266790585, 387357267732[ 0.023 % (211767 backtracks, 616708 nodes)
Optimality gap: [387270764231, 387357267732[ 0.022 % (211779 backtracks, 620976 nodes)
Optimality gap: [387274790367, 387357267732[ 0.021 % (211797 backtracks, 625537 nodes)
Optimality gap: [387278776476, 387357267732[ 0.020 % (211804 backtracks, 629442 nodes)
Optimality gap: [387282791827, 387357267732[ 0.019 % (211817 backtracks, 633465 nodes)
Optimality gap: [387286460131, 387357267732[ 0.018 % (211823 backtracks, 636866 nodes)
Optimality gap: [387290408721, 387357267732[ 0.017 % (211827 backtracks, 640903 nodes)
Optimality gap: [387294402236, 387357267732[ 0.016 % (211837 backtracks, 645032 nodes)
Optimality gap: [387298428233, 387357267732[ 0.015 % (211839 backtracks, 649574 nodes)
Optimality gap: [387302164677, 387357267732[ 0.014 % (211840 backtracks, 653522 nodes)
Optimality gap: [387306151363, 387357267732[ 0.013 % (211841 backtracks, 658073 nodes)
Optimality gap: [387310350346, 387357267732[ 0.012 % (211843 backtracks, 663977 nodes)
Optimality gap: [387314011052, 387357267732[ 0.011 % (211844 backtracks, 667536 nodes)
Optimality gap: [387317927635, 387357267732[ 0.010 % (211844 backtracks, 672114 nodes)
Optimality gap: [387321863952, 387357267732[ 0.009 % (211844 backtracks, 677814 nodes)
Optimality gap: [387325796432, 387357267732[ 0.008 % (211844 backtracks, 683135 nodes)
Optimality gap: [387329853302, 387357267732[ 0.007 % (211845 backtracks, 688258 nodes)
Optimality gap: [387333685609, 387357267732[ 0.006 % (211845 backtracks, 693920 nodes)
Optimality gap: [387337675094, 387357267732[ 0.005 % (211845 backtracks, 698272 nodes)
Optimality gap: [387341547599, 387357267732[ 0.004 % (211845 backtracks, 704200 nodes)
Optimality gap: [387345598582, 387357267732[ 0.003 % (211845 backtracks, 711361 nodes)
Optimality gap: [387349608812, 387357267732[ 0.002 % (211845 backtracks, 718363 nodes)
Optimality gap: [387353461463, 387357267732[ 0.001 % (211845 backtracks, 723585 nodes)
Node redundancy during HBFS: 41.828 %
Optimum: 387357267732 in 211845 backtracks and 728440 nodes ( 32055530 removals by DEE) and 10710.413 seconds.
end.
