c /usr/bin/toulbar2  version : 1.0.0-master-aab1312-tainted (1530783600), copyright (c) 2006-2018, toulbar2 team
loading wcsp file: ../../instances_preproc/UAI17-2x8x-full.wcsp
Read 224 variables, with 407 values at most, and 4261 cost functions, with maximum arity 2.
Cost function decomposition time : 0.075289 seconds.
Preprocessing time: 71.4469 seconds.
224 unassigned variables, 58275 values in all current domains (med. size:271, max size:407) and 4036 non-unary cost functions (med. degree:35)
Initial lower and upper bounds: [507601818968, 244250001645165[ 99.792%
c 2097152 Bytes allocated for long long stack.
c 4194304 Bytes allocated for long long stack.
c 8388608 Bytes allocated for long long stack.
c 16777216 Bytes allocated for long long stack.
c 33554432 Bytes allocated for long long stack.
c 67108864 Bytes allocated for long long stack.
c 134217728 Bytes allocated for long long stack.
c 268435456 Bytes allocated for long long stack.
c 536870912 Bytes allocated for long long stack.
c 1073741824 Bytes allocated for long long stack.
c 2097152 Bytes allocated for BTList<int> stack.
New solution: 512830803210 (0 backtracks, 945 nodes, depth 946)
Optimality gap: [507601818969, 512830803210[ 1.020 % (894 backtracks, 1839 nodes)
New solution: 511579170314 (894 backtracks, 2708 nodes, depth 846)
New solution: 510172701847 (1630 backtracks, 4299 nodes, depth 797)
c 1572864 Bytes allocated for int stack.
New solution: 509232681883 (3102 backtracks, 7474 nodes, depth 734)
New solution: 509116918132 (4302 backtracks, 9743 nodes, depth 227)
New solution: 508906777588 (5027 backtracks, 12265 nodes, depth 353)
New solution: 508843227721 (5042 backtracks, 12284 nodes, depth 331)
New solution: 508780437434 (5555 backtracks, 13326 nodes, depth 165)
New solution: 508778622862 (5565 backtracks, 13336 nodes, depth 154)
Optimality gap: [507613614859, 508778622862[ 0.229 % (6616 backtracks, 15493 nodes)
New solution: 508752870230 (7010 backtracks, 16425 nodes, depth 43)
New solution: 508746536229 (7042 backtracks, 16508 nodes, depth 56)
New solution: 508741293931 (7091 backtracks, 16584 nodes, depth 32)
New solution: 508686091473 (7684 backtracks, 17898 nodes, depth 81)
New solution: 508684654661 (7697 backtracks, 17915 nodes, depth 70)
New solution: 508679412363 (7698 backtracks, 17917 nodes, depth 70)
New solution: 508631654808 (7780 backtracks, 18067 nodes, depth 55)
New solution: 508568904026 (7961 backtracks, 18432 nodes, depth 49)
New solution: 508563661728 (7974 backtracks, 18446 nodes, depth 28)
New solution: 508494617962 (8292 backtracks, 19127 nodes, depth 72)
New solution: 508489375664 (8325 backtracks, 19160 nodes, depth 33)
Optimality gap: [507619626517, 508489375664[ 0.171 % (13714 backtracks, 30999 nodes)
New solution: 508480749111 (13830 backtracks, 31399 nodes, depth 22)
Optimality gap: [507628564740, 508480749111[ 0.168 % (15650 backtracks, 36052 nodes)
Optimality gap: [507638592180, 508480749111[ 0.166 % (16993 backtracks, 39385 nodes)
Optimality gap: [507646063338, 508480749111[ 0.164 % (20157 backtracks, 46494 nodes)
Optimality gap: [507655611894, 508480749111[ 0.162 % (21182 backtracks, 48934 nodes)
Optimality gap: [507664863503, 508480749111[ 0.160 % (21841 backtracks, 50729 nodes)
Optimality gap: [507672560282, 508480749111[ 0.159 % (23338 backtracks, 54370 nodes)
Optimality gap: [507681518963, 508480749111[ 0.157 % (24272 backtracks, 56821 nodes)
Optimality gap: [507690653887, 508480749111[ 0.155 % (26754 backtracks, 63245 nodes)
Optimality gap: [507698929511, 508480749111[ 0.154 % (28509 backtracks, 67406 nodes)
Optimality gap: [507707346510, 508480749111[ 0.152 % (29537 backtracks, 69823 nodes)
Optimality gap: [507716427303, 508480749111[ 0.150 % (33297 backtracks, 78791 nodes)
Optimality gap: [507725312894, 508480749111[ 0.149 % (33835 backtracks, 80350 nodes)
Optimality gap: [507739826078, 508480749111[ 0.146 % (34670 backtracks, 82297 nodes)
Optimality gap: [507743870499, 508480749111[ 0.145 % (35334 backtracks, 84151 nodes)
Optimality gap: [507751291391, 508480749111[ 0.143 % (36260 backtracks, 86533 nodes)
Optimality gap: [507761524679, 508480749111[ 0.141 % (36543 backtracks, 87550 nodes)
Optimality gap: [507769260473, 508480749111[ 0.140 % (37435 backtracks, 90272 nodes)
Optimality gap: [507777693227, 508480749111[ 0.138 % (38058 backtracks, 92259 nodes)
Optimality gap: [507787006670, 508480749111[ 0.136 % (39550 backtracks, 96981 nodes)
Optimality gap: [507796106661, 508480749111[ 0.135 % (40427 backtracks, 99569 nodes)
Optimality gap: [507804455009, 508480749111[ 0.133 % (40834 backtracks, 101212 nodes)
Optimality gap: [507813336581, 508480749111[ 0.131 % (41244 backtracks, 102685 nodes)
Optimality gap: [507822435344, 508480749111[ 0.129 % (41921 backtracks, 104859 nodes)
Optimality gap: [507831797314, 508480749111[ 0.128 % (42327 backtracks, 106087 nodes)
Optimality gap: [507841801115, 508480749111[ 0.126 % (42771 backtracks, 107446 nodes)
Optimality gap: [507848060832, 508480749111[ 0.124 % (43288 backtracks, 109344 nodes)
Optimality gap: [507857149963, 508480749111[ 0.123 % (43714 backtracks, 110958 nodes)
Optimality gap: [507865537577, 508480749111[ 0.121 % (43938 backtracks, 112086 nodes)
Optimality gap: [507875401427, 508480749111[ 0.119 % (44356 backtracks, 113221 nodes)
Optimality gap: [507884756562, 508480749111[ 0.117 % (44470 backtracks, 114123 nodes)
Optimality gap: [507891869483, 508480749111[ 0.116 % (44818 backtracks, 115403 nodes)
Optimality gap: [507901275646, 508480749111[ 0.114 % (45046 backtracks, 116780 nodes)
Optimality gap: [507909889167, 508480749111[ 0.112 % (45579 backtracks, 118790 nodes)
Optimality gap: [507919897919, 508480749111[ 0.110 % (45927 backtracks, 120622 nodes)
Optimality gap: [507928273420, 508480749111[ 0.109 % (46032 backtracks, 121205 nodes)
Optimality gap: [507936458962, 508480749111[ 0.107 % (46192 backtracks, 122160 nodes)
Optimality gap: [507946651028, 508480749111[ 0.105 % (46476 backtracks, 123579 nodes)
Optimality gap: [507954996302, 508480749111[ 0.103 % (46563 backtracks, 124257 nodes)
Optimality gap: [507964041301, 508480749111[ 0.102 % (47016 backtracks, 125970 nodes)
Optimality gap: [507971669458, 508480749111[ 0.100 % (47113 backtracks, 126696 nodes)
Optimality gap: [507980661689, 508480749111[ 0.098 % (47222 backtracks, 127426 nodes)
Optimality gap: [507988691438, 508480749111[ 0.097 % (47375 backtracks, 128820 nodes)
Optimality gap: [507998192501, 508480749111[ 0.095 % (47475 backtracks, 129823 nodes)
Optimality gap: [508010635569, 508480749111[ 0.092 % (47571 backtracks, 130840 nodes)
Optimality gap: [508014976264, 508480749111[ 0.092 % (47687 backtracks, 131672 nodes)
Optimality gap: [508025155408, 508480749111[ 0.090 % (47803 backtracks, 133340 nodes)
Optimality gap: [508032654827, 508480749111[ 0.088 % (47943 backtracks, 134688 nodes)
Optimality gap: [508042507135, 508480749111[ 0.086 % (48116 backtracks, 136091 nodes)
Optimality gap: [508050616930, 508480749111[ 0.085 % (48156 backtracks, 137202 nodes)
Optimality gap: [508059605358, 508480749111[ 0.083 % (48212 backtracks, 137974 nodes)
Optimality gap: [508068577509, 508480749111[ 0.081 % (48302 backtracks, 139463 nodes)
Optimality gap: [508077878153, 508480749111[ 0.079 % (48339 backtracks, 140301 nodes)
Optimality gap: [508086633678, 508480749111[ 0.078 % (48384 backtracks, 141293 nodes)
Optimality gap: [508094611136, 508480749111[ 0.076 % (48392 backtracks, 141925 nodes)
Optimality gap: [508103066343, 508480749111[ 0.074 % (48459 backtracks, 142638 nodes)
Optimality gap: [508112388418, 508480749111[ 0.072 % (48505 backtracks, 143721 nodes)
Optimality gap: [508124280219, 508480749111[ 0.070 % (48557 backtracks, 144612 nodes)
Optimality gap: [508129903863, 508480749111[ 0.069 % (48557 backtracks, 144692 nodes)
Optimality gap: [508137988109, 508480749111[ 0.067 % (48617 backtracks, 145803 nodes)
Optimality gap: [508147428079, 508480749111[ 0.066 % (48646 backtracks, 146769 nodes)
Optimality gap: [508157167197, 508480749111[ 0.064 % (48663 backtracks, 147757 nodes)
Optimality gap: [508164673890, 508480749111[ 0.062 % (48663 backtracks, 148170 nodes)
Optimality gap: [508174250639, 508480749111[ 0.060 % (48665 backtracks, 149027 nodes)
Optimality gap: [508185802255, 508480749111[ 0.058 % (48675 backtracks, 150475 nodes)
Optimality gap: [508191354008, 508480749111[ 0.057 % (48675 backtracks, 150854 nodes)
Optimality gap: [508200779071, 508480749111[ 0.055 % (48719 backtracks, 152017 nodes)
Optimality gap: [508209380019, 508480749111[ 0.053 % (48719 backtracks, 152754 nodes)
Optimality gap: [508220447532, 508480749111[ 0.051 % (48719 backtracks, 153457 nodes)
Optimality gap: [508228974814, 508480749111[ 0.050 % (48721 backtracks, 154265 nodes)
Optimality gap: [508237296334, 508480749111[ 0.048 % (48721 backtracks, 154828 nodes)
Optimality gap: [508244233775, 508480749111[ 0.047 % (48721 backtracks, 155977 nodes)
Optimality gap: [508253898834, 508480749111[ 0.045 % (48726 backtracks, 157313 nodes)
Optimality gap: [508261587623, 508480749111[ 0.043 % (48731 backtracks, 157760 nodes)
Optimality gap: [508270724501, 508480749111[ 0.041 % (48731 backtracks, 158332 nodes)
Optimality gap: [508279838023, 508480749111[ 0.040 % (48733 backtracks, 158938 nodes)
Optimality gap: [508292149169, 508480749111[ 0.037 % (48739 backtracks, 159975 nodes)
Optimality gap: [508296374105, 508480749111[ 0.036 % (48739 backtracks, 160728 nodes)
Optimality gap: [508305088741, 508480749111[ 0.035 % (48745 backtracks, 161489 nodes)
Optimality gap: [508314328160, 508480749111[ 0.033 % (48745 backtracks, 162250 nodes)
Optimality gap: [508322570578, 508480749111[ 0.031 % (48749 backtracks, 163481 nodes)
Optimality gap: [508334357027, 508480749111[ 0.029 % (48752 backtracks, 164446 nodes)
Optimality gap: [508340531564, 508480749111[ 0.028 % (48755 backtracks, 165097 nodes)
Optimality gap: [508349789187, 508480749111[ 0.026 % (48755 backtracks, 165876 nodes)
Optimality gap: [508358170859, 508480749111[ 0.024 % (48755 backtracks, 166925 nodes)
Optimality gap: [508366702342, 508480749111[ 0.022 % (48756 backtracks, 167532 nodes)
Optimality gap: [508376117530, 508480749111[ 0.021 % (48756 backtracks, 168397 nodes)
Optimality gap: [508384433965, 508480749111[ 0.019 % (48756 backtracks, 169113 nodes)
Optimality gap: [508393282974, 508480749111[ 0.017 % (48756 backtracks, 169864 nodes)
Optimality gap: [508402051283, 508480749111[ 0.015 % (48756 backtracks, 171795 nodes)
Optimality gap: [508410841510, 508480749111[ 0.014 % (48756 backtracks, 173360 nodes)
Optimality gap: [508420760715, 508480749111[ 0.012 % (48756 backtracks, 173597 nodes)
Optimality gap: [508428691018, 508480749111[ 0.010 % (48756 backtracks, 174669 nodes)
Optimality gap: [508437461157, 508480749111[ 0.009 % (48756 backtracks, 175759 nodes)
Optimality gap: [508448112020, 508480749111[ 0.006 % (48756 backtracks, 176606 nodes)
Optimality gap: [508455030832, 508480749111[ 0.005 % (48756 backtracks, 177550 nodes)
Optimality gap: [508470091598, 508480749111[ 0.002 % (48756 backtracks, 178082 nodes)
Optimality gap: [508474416016, 508480749111[ 0.001 % (48756 backtracks, 178289 nodes)
Node redundancy during HBFS: 45.401 %
Optimum: 508480749111 in 48756 backtracks and 179157 nodes ( 36672507 removals by DEE) and 33901.235 seconds.
end.
