c /usr/bin/toulbar2  version : 1.0.0-master-aab1312-tainted (1530783600), copyright (c) 2006-2018, toulbar2 team
loading wcsp file: ../../instances_preproc/UAI17-3e3v-full.wcsp
Read 151 variables, with 436 values at most, and 2694 cost functions, with maximum arity 2.
Cost function decomposition time : 0.033115 seconds.
Reverse DAC lower bound: 319196400332 (+3.13287e-10%)
Preprocessing time: 41.1448 seconds.
151 unassigned variables, 38561 values in all current domains (med. size:269, max size:436) and 2538 non-unary cost functions (med. degree:33)
Initial lower and upper bounds: [319196400332, 150730162538554[ 99.788%
c 2097152 Bytes allocated for long long stack.
c 4194304 Bytes allocated for long long stack.
c 8388608 Bytes allocated for long long stack.
c 16777216 Bytes allocated for long long stack.
c 33554432 Bytes allocated for long long stack.
c 67108864 Bytes allocated for long long stack.
c 134217728 Bytes allocated for long long stack.
c 268435456 Bytes allocated for long long stack.
c 536870912 Bytes allocated for long long stack.
New solution: 320754501012 (0 backtracks, 662 nodes, depth 663)
c 2097152 Bytes allocated for BTList<int> stack.
Optimality gap: [319197201026, 320754501012[ 0.486 % (1065 backtracks, 2149 nodes)
New solution: 320628323914 (1065 backtracks, 2661 nodes, depth 418)
New solution: 320588181916 (1478 backtracks, 3571 nodes, depth 425)
New solution: 320266030449 (1902 backtracks, 4543 nodes, depth 453)
New solution: 320198746409 (2750 backtracks, 6261 nodes, depth 312)
Optimality gap: [319208182481, 320198746409[ 0.309 % (3057 backtracks, 6568 nodes)
New solution: 319801595722 (3057 backtracks, 7073 nodes, depth 389)
Optimality gap: [319211734946, 319801595722[ 0.184 % (3374 backtracks, 7390 nodes)
Optimality gap: [319214848135, 319801595722[ 0.183 % (3752 backtracks, 8292 nodes)
Optimality gap: [319221813705, 319801595722[ 0.181 % (4325 backtracks, 9876 nodes)
Optimality gap: [319227266319, 319801595722[ 0.180 % (8736 backtracks, 19221 nodes)
New solution: 319797958116 (12430 backtracks, 26753 nodes, depth 48)
New solution: 319792740550 (12432 backtracks, 26758 nodes, depth 49)
New solution: 319788395268 (12452 backtracks, 26798 nodes, depth 49)
New solution: 319783177702 (12463 backtracks, 26816 nodes, depth 45)
New solution: 319781817705 (12556 backtracks, 26992 nodes, depth 35)
Optimality gap: [319231634900, 319781817705[ 0.172 % (19848 backtracks, 41934 nodes)
Optimality gap: [319237873092, 319781817705[ 0.170 % (28801 backtracks, 62469 nodes)
New solution: 319779660486 (29501 backtracks, 64019 nodes, depth 36)
New solution: 319774966753 (32351 backtracks, 70638 nodes, depth 20)
Optimality gap: [319242796547, 319774966753[ 0.166 % (35437 backtracks, 77776 nodes)
Optimality gap: [319248859922, 319774966753[ 0.165 % (42563 backtracks, 93490 nodes)
Optimality gap: [319254307637, 319774966753[ 0.163 % (52605 backtracks, 116328 nodes)
Optimality gap: [319260220464, 319774966753[ 0.161 % (58804 backtracks, 130555 nodes)
Optimality gap: [319266117713, 319774966753[ 0.159 % (78146 backtracks, 171924 nodes)
Optimality gap: [319271829302, 319774966753[ 0.157 % (99423 backtracks, 216762 nodes)
New solution: 319774738571 (118361 backtracks, 256562 nodes, depth 22)
New solution: 319759525739 (125310 backtracks, 271287 nodes, depth 38)
New solution: 319752336940 (125413 backtracks, 271482 nodes, depth 25)
New solution: 319749962891 (125417 backtracks, 271491 nodes, depth 26)
Optimality gap: [319276687499, 319749962891[ 0.148 % (125974 backtracks, 272580 nodes)
Optimality gap: [319279954529, 319749962891[ 0.147 % (136137 backtracks, 294526 nodes)
Optimality gap: [319285181781, 319749962891[ 0.145 % (150249 backtracks, 325644 nodes)
Optimality gap: [319290662229, 319749962891[ 0.144 % (163601 backtracks, 354699 nodes)
Optimality gap: [319296148513, 319749962891[ 0.142 % (178628 backtracks, 387009 nodes)
Optimality gap: [319301620246, 319749962891[ 0.140 % (193654 backtracks, 420332 nodes)
Optimality gap: [319307300983, 319749962891[ 0.138 % (217143 backtracks, 471379 nodes)
Optimality gap: [319313009139, 319749962891[ 0.137 % (237062 backtracks, 514021 nodes)
Optimality gap: [319318275783, 319749962891[ 0.135 % (251654 backtracks, 546261 nodes)
Optimality gap: [319323826554, 319749962891[ 0.133 % (266405 backtracks, 578457 nodes)
Optimality gap: [319329263133, 319749962891[ 0.132 % (277183 backtracks, 602431 nodes)
Optimality gap: [319335304484, 319749962891[ 0.130 % (288085 backtracks, 627753 nodes)
Optimality gap: [319340481002, 319749962891[ 0.128 % (299949 backtracks, 654498 nodes)
Optimality gap: [319346006257, 319749962891[ 0.126 % (310790 backtracks, 679837 nodes)
New solution: 319749428812 (318949 backtracks, 698269 nodes, depth 13)
Optimality gap: [319351316474, 319749428812[ 0.125 % (324402 backtracks, 711391 nodes)
Optimality gap: [319357019840, 319749428812[ 0.123 % (338719 backtracks, 743792 nodes)
Optimality gap: [319362512479, 319749428812[ 0.121 % (352670 backtracks, 775790 nodes)
Optimality gap: [319367907272, 319749428812[ 0.119 % (360962 backtracks, 794973 nodes)
Optimality gap: [319373424691, 319749428812[ 0.118 % (368314 backtracks, 812670 nodes)
Optimality gap: [319378983031, 319749428812[ 0.116 % (378393 backtracks, 836816 nodes)
Optimality gap: [319384473188, 319749428812[ 0.114 % (385229 backtracks, 854594 nodes)
Optimality gap: [319390068312, 319749428812[ 0.112 % (393017 backtracks, 874124 nodes)
Optimality gap: [319395610015, 319749428812[ 0.111 % (399200 backtracks, 889525 nodes)
New solution: 319748786426 (400582 backtracks, 892629 nodes, depth 21)
New solution: 319746007753 (400603 backtracks, 892672 nodes, depth 22)
New solution: 319744638498 (400627 backtracks, 892718 nodes, depth 20)
New solution: 319743278501 (400629 backtracks, 892721 nodes, depth 19)
New solution: 319742935842 (400636 backtracks, 892737 nodes, depth 21)
New solution: 319741575845 (400637 backtracks, 892738 nodes, depth 20)
Optimality gap: [319398195148, 319741575845[ 0.107 % (403383 backtracks, 899514 nodes)
Optimality gap: [319403631110, 319741575845[ 0.106 % (412758 backtracks, 922089 nodes)
Optimality gap: [319409020783, 319741575845[ 0.104 % (418833 backtracks, 938948 nodes)
Optimality gap: [319414814865, 319741575845[ 0.102 % (427174 backtracks, 959433 nodes)
Optimality gap: [319420273028, 319741575845[ 0.100 % (436212 backtracks, 982090 nodes)
Optimality gap: [319425452976, 319741575845[ 0.099 % (442444 backtracks, 998655 nodes)
Optimality gap: [319430893737, 319741575845[ 0.097 % (446521 backtracks, 1011725 nodes)
Optimality gap: [319436387670, 319741575845[ 0.095 % (453514 backtracks, 1031292 nodes)
Optimality gap: [319441746723, 319741575845[ 0.094 % (456953 backtracks, 1043000 nodes)
Optimality gap: [319447235341, 319741575845[ 0.092 % (461736 backtracks, 1057790 nodes)
Optimality gap: [319452635752, 319741575845[ 0.090 % (466034 backtracks, 1072487 nodes)
Optimality gap: [319458101295, 319741575845[ 0.089 % (471628 backtracks, 1089003 nodes)
Optimality gap: [319463592766, 319741575845[ 0.087 % (474903 backtracks, 1100320 nodes)
Optimality gap: [319468998107, 319741575845[ 0.085 % (478528 backtracks, 1112646 nodes)
Optimality gap: [319474442111, 319741575845[ 0.084 % (482494 backtracks, 1127190 nodes)
Optimality gap: [319479902898, 319741575845[ 0.082 % (486353 backtracks, 1140975 nodes)
Optimality gap: [319485378568, 319741575845[ 0.080 % (489955 backtracks, 1154979 nodes)
Optimality gap: [319490905912, 319741575845[ 0.078 % (493979 backtracks, 1168206 nodes)
Optimality gap: [319496310547, 319741575845[ 0.077 % (496880 backtracks, 1180772 nodes)
Optimality gap: [319501731512, 319741575845[ 0.075 % (500123 backtracks, 1194324 nodes)
Optimality gap: [319507229095, 319741575845[ 0.073 % (503051 backtracks, 1206972 nodes)
Optimality gap: [319512624954, 319741575845[ 0.072 % (504852 backtracks, 1218106 nodes)
Optimality gap: [319518100576, 319741575845[ 0.070 % (506456 backtracks, 1227902 nodes)
Optimality gap: [319523577359, 319741575845[ 0.068 % (507748 backtracks, 1236536 nodes)
Optimality gap: [319529132984, 319741575845[ 0.066 % (508700 backtracks, 1244835 nodes)
Optimality gap: [319534411933, 319741575845[ 0.065 % (511245 backtracks, 1258307 nodes)
Optimality gap: [319539879380, 319741575845[ 0.063 % (512684 backtracks, 1268123 nodes)
Optimality gap: [319545326768, 319741575845[ 0.061 % (514174 backtracks, 1278705 nodes)
Optimality gap: [319550780369, 319741575845[ 0.060 % (514885 backtracks, 1285841 nodes)
Optimality gap: [319556365987, 319741575845[ 0.058 % (516413 backtracks, 1297977 nodes)
Optimality gap: [319561737706, 319741575845[ 0.056 % (517506 backtracks, 1307664 nodes)
Optimality gap: [319567244881, 319741575845[ 0.055 % (518414 backtracks, 1317638 nodes)
Optimality gap: [319572621217, 319741575845[ 0.053 % (519838 backtracks, 1328878 nodes)
Optimality gap: [319578077299, 319741575845[ 0.051 % (520361 backtracks, 1336259 nodes)
Optimality gap: [319583486504, 319741575845[ 0.049 % (521135 backtracks, 1347378 nodes)
Optimality gap: [319588967566, 319741575845[ 0.048 % (521872 backtracks, 1357969 nodes)
Optimality gap: [319594387279, 319741575845[ 0.046 % (522432 backtracks, 1367073 nodes)
Optimality gap: [319599851773, 319741575845[ 0.044 % (522850 backtracks, 1374469 nodes)
Optimality gap: [319605285557, 319741575845[ 0.043 % (523213 backtracks, 1380871 nodes)
Optimality gap: [319610794443, 319741575845[ 0.041 % (523509 backtracks, 1390016 nodes)
Optimality gap: [319616191304, 319741575845[ 0.039 % (523826 backtracks, 1398037 nodes)
Optimality gap: [319621726694, 319741575845[ 0.037 % (524050 backtracks, 1406601 nodes)
Optimality gap: [319627156892, 319741575845[ 0.036 % (524258 backtracks, 1416059 nodes)
Optimality gap: [319632567903, 319741575845[ 0.034 % (524552 backtracks, 1425688 nodes)
Optimality gap: [319638016413, 319741575845[ 0.032 % (524722 backtracks, 1433522 nodes)
Optimality gap: [319643479273, 319741575845[ 0.031 % (524985 backtracks, 1440687 nodes)
Optimality gap: [319648914192, 319741575845[ 0.029 % (525158 backtracks, 1450273 nodes)
Optimality gap: [319654378821, 319741575845[ 0.027 % (525276 backtracks, 1457917 nodes)
Optimality gap: [319659841294, 319741575845[ 0.026 % (525384 backtracks, 1467818 nodes)
Optimality gap: [319665300168, 319741575845[ 0.024 % (525472 backtracks, 1475507 nodes)
Optimality gap: [319670752666, 319741575845[ 0.022 % (525533 backtracks, 1483175 nodes)
Optimality gap: [319676493504, 319741575845[ 0.020 % (525584 backtracks, 1491761 nodes)
Optimality gap: [319681652466, 319741575845[ 0.019 % (525612 backtracks, 1498640 nodes)
Optimality gap: [319687077989, 319741575845[ 0.017 % (525657 backtracks, 1505036 nodes)
Optimality gap: [319692571496, 319741575845[ 0.015 % (525679 backtracks, 1511689 nodes)
Optimality gap: [319698284790, 319741575845[ 0.014 % (525701 backtracks, 1517208 nodes)
Optimality gap: [319703706087, 319741575845[ 0.012 % (525730 backtracks, 1523579 nodes)
Optimality gap: [319708961451, 319741575845[ 0.010 % (525737 backtracks, 1529270 nodes)
Optimality gap: [319714748275, 319741575845[ 0.008 % (525737 backtracks, 1534552 nodes)
Optimality gap: [319720500838, 319741575845[ 0.007 % (525740 backtracks, 1539576 nodes)
Optimality gap: [319725639291, 319741575845[ 0.005 % (525744 backtracks, 1544528 nodes)
Optimality gap: [319730829332, 319741575845[ 0.003 % (525746 backtracks, 1548425 nodes)
Optimality gap: [319736418398, 319741575845[ 0.002 % (525746 backtracks, 1552677 nodes)
Node redundancy during HBFS: 32.418 %
Optimum: 319741575845 in 525746 backtracks and 1556030 nodes ( 88222592 removals by DEE) and 26820.437 seconds.
end.
