c /usr/bin/toulbar2  version : 1.0.0-master-aab1312-tainted (1530783600), copyright (c) 2006-2018, toulbar2 team
loading wcsp file: ../../instances_preproc/UAI17-3lf9-full.wcsp
Read 116 variables, with 404 values at most, and 1950 cost functions, with maximum arity 2.
Cost function decomposition time : 0.032299 seconds.
Preprocessing time: 30.7423 seconds.
116 unassigned variables, 30249 values in all current domains (med. size:263, max size:404) and 1831 non-unary cost functions (med. degree:31)
Initial lower and upper bounds: [231268992785, 110194094989213[ 99.790%
c 2097152 Bytes allocated for long long stack.
c 4194304 Bytes allocated for long long stack.
c 8388608 Bytes allocated for long long stack.
c 16777216 Bytes allocated for long long stack.
c 33554432 Bytes allocated for long long stack.
c 67108864 Bytes allocated for long long stack.
c 134217728 Bytes allocated for long long stack.
New solution: 232092451929 (0 backtracks, 488 nodes, depth 489)
New solution: 231900136777 (459 backtracks, 1353 nodes, depth 324)
Optimality gap: [231268992788, 231900136777[ 0.272 % (777 backtracks, 1671 nodes)
New solution: 231882131658 (777 backtracks, 1947 nodes, depth 153)
New solution: 231848559230 (928 backtracks, 2401 nodes, depth 145)
New solution: 231706194220 (1170 backtracks, 3213 nodes, depth 165)
New solution: 231555940650 (1441 backtracks, 4016 nodes, depth 147)
New solution: 231540715214 (1845 backtracks, 5114 nodes, depth 48)
New solution: 231523248748 (1850 backtracks, 5128 nodes, depth 52)
New solution: 231520304504 (1874 backtracks, 5157 nodes, depth 32)
Optimality gap: [231272037247, 231520304504[ 0.107 % (3552 backtracks, 8715 nodes)
Optimality gap: [231274580840, 231520304504[ 0.106 % (4948 backtracks, 11897 nodes)
New solution: 231517377802 (4999 backtracks, 12179 nodes, depth 26)
Optimality gap: [231277137705, 231517377802[ 0.104 % (5556 backtracks, 13268 nodes)
New solution: 231511356939 (6071 backtracks, 14694 nodes, depth 11)
Optimality gap: [231279850410, 231511356939[ 0.100 % (6102 backtracks, 14746 nodes)
Optimality gap: [231283539026, 231511356939[ 0.098 % (6518 backtracks, 15938 nodes)
Optimality gap: [231290218373, 231511356939[ 0.096 % (7413 backtracks, 18574 nodes)
Optimality gap: [231291213161, 231511356939[ 0.095 % (7430 backtracks, 18772 nodes)
Optimality gap: [231293455248, 231511356939[ 0.094 % (7733 backtracks, 19642 nodes)
Optimality gap: [231297023648, 231511356939[ 0.093 % (7978 backtracks, 20543 nodes)
Optimality gap: [231298538116, 231511356939[ 0.092 % (8022 backtracks, 20701 nodes)
Optimality gap: [231307612411, 231511356939[ 0.088 % (8305 backtracks, 21470 nodes)
Optimality gap: [231309907747, 231511356939[ 0.087 % (8502 backtracks, 21944 nodes)
Optimality gap: [231310734460, 231511356939[ 0.087 % (8512 backtracks, 22160 nodes)
Optimality gap: [231312714569, 231511356939[ 0.086 % (8681 backtracks, 23012 nodes)
Optimality gap: [231315603576, 231511356939[ 0.085 % (8735 backtracks, 23580 nodes)
Optimality gap: [231317786007, 231511356939[ 0.084 % (8771 backtracks, 23980 nodes)
Optimality gap: [231320161605, 231511356939[ 0.083 % (8982 backtracks, 25046 nodes)
Optimality gap: [231322598662, 231511356939[ 0.082 % (9165 backtracks, 26039 nodes)
Optimality gap: [231325280693, 231511356939[ 0.080 % (9251 backtracks, 26536 nodes)
New solution: 231505435134 (9455 backtracks, 27283 nodes, depth 9)
Optimality gap: [231327183588, 231505435134[ 0.077 % (9470 backtracks, 27305 nodes)
Optimality gap: [231328735461, 231505435134[ 0.076 % (9502 backtracks, 27697 nodes)
Optimality gap: [231330582968, 231505435134[ 0.076 % (9561 backtracks, 28353 nodes)
Optimality gap: [231335053184, 231505435134[ 0.074 % (9645 backtracks, 28966 nodes)
Optimality gap: [231335762122, 231505435134[ 0.073 % (9652 backtracks, 29132 nodes)
Optimality gap: [231338011554, 231505435134[ 0.072 % (9687 backtracks, 29907 nodes)
Optimality gap: [231341398725, 231505435134[ 0.071 % (9698 backtracks, 30293 nodes)
Optimality gap: [231342779851, 231505435134[ 0.070 % (9750 backtracks, 30959 nodes)
Optimality gap: [231345293751, 231505435134[ 0.069 % (9930 backtracks, 32106 nodes)
Optimality gap: [231347100895, 231505435134[ 0.068 % (10049 backtracks, 33165 nodes)
Optimality gap: [231350376703, 231505435134[ 0.067 % (10144 backtracks, 33770 nodes)
Optimality gap: [231352341971, 231505435134[ 0.066 % (10220 backtracks, 34488 nodes)
Optimality gap: [231357546182, 231505435134[ 0.064 % (10300 backtracks, 35108 nodes)
Optimality gap: [231359389672, 231505435134[ 0.063 % (10350 backtracks, 35687 nodes)
Optimality gap: [231361835733, 231505435134[ 0.062 % (10454 backtracks, 36806 nodes)
Optimality gap: [231363786284, 231505435134[ 0.061 % (10508 backtracks, 37554 nodes)
Optimality gap: [231366151838, 231505435134[ 0.060 % (10533 backtracks, 37799 nodes)
Optimality gap: [231369180081, 231505435134[ 0.059 % (10546 backtracks, 38396 nodes)
Optimality gap: [231370665967, 231505435134[ 0.058 % (10611 backtracks, 39367 nodes)
Optimality gap: [231373451229, 231505435134[ 0.057 % (10622 backtracks, 39715 nodes)
Optimality gap: [231376095878, 231505435134[ 0.056 % (10701 backtracks, 40751 nodes)
Optimality gap: [231378138441, 231505435134[ 0.055 % (10796 backtracks, 41676 nodes)
Optimality gap: [231380728965, 231505435134[ 0.054 % (10814 backtracks, 42772 nodes)
Optimality gap: [231383630679, 231505435134[ 0.053 % (10827 backtracks, 43134 nodes)
Optimality gap: [231384976486, 231505435134[ 0.052 % (10856 backtracks, 43698 nodes)
Optimality gap: [231387237955, 231505435134[ 0.051 % (10861 backtracks, 43879 nodes)
Optimality gap: [231391024459, 231505435134[ 0.049 % (10908 backtracks, 44934 nodes)
Optimality gap: [231392141940, 231505435134[ 0.049 % (10925 backtracks, 45202 nodes)
Optimality gap: [231394861409, 231505435134[ 0.048 % (10975 backtracks, 46373 nodes)
Optimality gap: [231396679300, 231505435134[ 0.047 % (11003 backtracks, 47510 nodes)
Optimality gap: [231399921707, 231505435134[ 0.046 % (11027 backtracks, 48432 nodes)
Optimality gap: [231401702290, 231505435134[ 0.045 % (11038 backtracks, 48609 nodes)
Optimality gap: [231404231942, 231505435134[ 0.044 % (11106 backtracks, 49585 nodes)
Optimality gap: [231406483028, 231505435134[ 0.043 % (11115 backtracks, 50026 nodes)
Optimality gap: [231409951172, 231505435134[ 0.041 % (11123 backtracks, 50338 nodes)
Optimality gap: [231411124587, 231505435134[ 0.041 % (11132 backtracks, 50765 nodes)
Optimality gap: [231413576980, 231505435134[ 0.040 % (11139 backtracks, 51393 nodes)
Optimality gap: [231415638204, 231505435134[ 0.039 % (11162 backtracks, 52179 nodes)
Optimality gap: [231418017172, 231505435134[ 0.038 % (11181 backtracks, 52928 nodes)
Optimality gap: [231422619064, 231505435134[ 0.036 % (11205 backtracks, 54146 nodes)
Optimality gap: [231422817348, 231505435134[ 0.036 % (11205 backtracks, 54374 nodes)
Optimality gap: [231425143309, 231505435134[ 0.035 % (11206 backtracks, 54739 nodes)
Optimality gap: [231427969892, 231505435134[ 0.033 % (11216 backtracks, 55451 nodes)
Optimality gap: [231430916761, 231505435134[ 0.032 % (11219 backtracks, 55689 nodes)
Optimality gap: [231433093217, 231505435134[ 0.031 % (11227 backtracks, 55949 nodes)
Optimality gap: [231434555624, 231505435134[ 0.031 % (11227 backtracks, 56139 nodes)
Optimality gap: [231437114725, 231505435134[ 0.030 % (11240 backtracks, 56642 nodes)
Optimality gap: [231439261648, 231505435134[ 0.029 % (11248 backtracks, 58122 nodes)
Optimality gap: [231442085045, 231505435134[ 0.027 % (11256 backtracks, 59612 nodes)
Optimality gap: [231444518677, 231505435134[ 0.026 % (11265 backtracks, 60089 nodes)
Optimality gap: [231446338512, 231505435134[ 0.026 % (11266 backtracks, 60799 nodes)
Optimality gap: [231449063362, 231505435134[ 0.024 % (11271 backtracks, 61674 nodes)
Optimality gap: [231451543443, 231505435134[ 0.023 % (11272 backtracks, 62575 nodes)
Optimality gap: [231453986738, 231505435134[ 0.022 % (11273 backtracks, 63409 nodes)
Optimality gap: [231455903155, 231505435134[ 0.021 % (11277 backtracks, 63919 nodes)
Optimality gap: [231459011324, 231505435134[ 0.020 % (11288 backtracks, 64982 nodes)
Optimality gap: [231460706094, 231505435134[ 0.019 % (11288 backtracks, 65375 nodes)
Optimality gap: [231463292230, 231505435134[ 0.018 % (11290 backtracks, 66533 nodes)
Optimality gap: [231467721857, 231505435134[ 0.016 % (11292 backtracks, 67605 nodes)
Optimality gap: [231470084339, 231505435134[ 0.015 % (11292 backtracks, 68337 nodes)
Optimality gap: [231472349764, 231505435134[ 0.014 % (11297 backtracks, 69682 nodes)
Optimality gap: [231475455710, 231505435134[ 0.013 % (11299 backtracks, 71161 nodes)
Optimality gap: [231477526082, 231505435134[ 0.012 % (11301 backtracks, 72470 nodes)
Optimality gap: [231479792734, 231505435134[ 0.011 % (11303 backtracks, 73885 nodes)
Optimality gap: [231483207708, 231505435134[ 0.010 % (11304 backtracks, 74773 nodes)
Optimality gap: [231484665710, 231505435134[ 0.009 % (11308 backtracks, 75611 nodes)
Optimality gap: [231486783977, 231505435134[ 0.008 % (11308 backtracks, 76731 nodes)
Optimality gap: [231488956023, 231505435134[ 0.007 % (11312 backtracks, 78772 nodes)
Optimality gap: [231491805211, 231505435134[ 0.006 % (11314 backtracks, 81168 nodes)
Optimality gap: [231493618864, 231505435134[ 0.005 % (11319 backtracks, 82108 nodes)
Optimality gap: [231496318638, 231505435134[ 0.004 % (11319 backtracks, 84185 nodes)
Optimality gap: [231498382395, 231505435134[ 0.003 % (11319 backtracks, 85404 nodes)
Optimality gap: [231500775089, 231505435134[ 0.002 % (11319 backtracks, 86668 nodes)
Optimality gap: [231504351053, 231505435134[ 0.000 % (11319 backtracks, 88223 nodes)
Node redundancy during HBFS: 74.393 %
Optimum: 231505435134 in 11319 backtracks and 88584 nodes ( 1290666 removals by DEE) and 311.489 seconds.
end.
