c /usr/bin/toulbar2  version : 1.0.0-master-aab1312-tainted (1530783600), copyright (c) 2006-2018, toulbar2 team
loading wcsp file: ../../instances_preproc/UAI17-5eqz-full.wcsp
Read 135 variables, with 433 values at most, and 2348 cost functions, with maximum arity 2.
Cost function decomposition time : 0.037154 seconds.
Preprocessing time: 39.0022 seconds.
135 unassigned variables, 35613 values in all current domains (med. size:278, max size:433) and 2207 non-unary cost functions (med. degree:32)
Initial lower and upper bounds: [279149799254, 130902570391741[ 99.787%
c 2097152 Bytes allocated for long long stack.
c 4194304 Bytes allocated for long long stack.
c 8388608 Bytes allocated for long long stack.
c 16777216 Bytes allocated for long long stack.
c 33554432 Bytes allocated for long long stack.
c 67108864 Bytes allocated for long long stack.
c 134217728 Bytes allocated for long long stack.
c 268435456 Bytes allocated for long long stack.
c 536870912 Bytes allocated for long long stack.
c 1073741824 Bytes allocated for long long stack.
New solution: 281500059257 (0 backtracks, 600 nodes, depth 601)
c 2097152 Bytes allocated for BTList<int> stack.
New solution: 281190794695 (600 backtracks, 1678 nodes, depth 478)
Optimality gap: [279150052862, 281190794695[ 0.726 % (1070 backtracks, 2148 nodes)
New solution: 280605229513 (1070 backtracks, 2656 nodes, depth 479)
New solution: 280288610294 (1616 backtracks, 3811 nodes, depth 410)
New solution: 279894197396 (2573 backtracks, 5987 nodes, depth 411)
Optimality gap: [279160704255, 279894197396[ 0.262 % (3906 backtracks, 8764 nodes)
New solution: 279880915507 (3907 backtracks, 9033 nodes, depth 193)
Optimality gap: [279164909711, 279880915507[ 0.256 % (4213 backtracks, 9556 nodes)
New solution: 279879134770 (4475 backtracks, 10433 nodes, depth 147)
New solution: 279868649299 (4722 backtracks, 11029 nodes, depth 177)
New solution: 279862036201 (4944 backtracks, 11515 nodes, depth 139)
New solution: 279806415323 (4953 backtracks, 11565 nodes, depth 171)
New solution: 279794569961 (4954 backtracks, 11566 nodes, depth 168)
New solution: 279786020313 (4961 backtracks, 11574 nodes, depth 157)
New solution: 279762909094 (4967 backtracks, 11587 nodes, depth 157)
New solution: 279761276592 (4968 backtracks, 11588 nodes, depth 153)
New solution: 279744985457 (4973 backtracks, 11594 nodes, depth 149)
New solution: 279707080154 (4990 backtracks, 11635 nodes, depth 155)
New solution: 279696868057 (5161 backtracks, 11943 nodes, depth 118)
Optimality gap: [279174542536, 279696868057[ 0.187 % (5292 backtracks, 12088 nodes)
New solution: 279694462772 (5348 backtracks, 12400 nodes, depth 112)
New solution: 279694347494 (5350 backtracks, 12404 nodes, depth 112)
New solution: 279688712341 (5356 backtracks, 12414 nodes, depth 110)
New solution: 279688135254 (5363 backtracks, 12427 nodes, depth 109)
New solution: 279664408777 (6653 backtracks, 15054 nodes, depth 74)
New solution: 279664090389 (6655 backtracks, 15056 nodes, depth 69)
Optimality gap: [279176549580, 279664090389[ 0.174 % (6965 backtracks, 15608 nodes)
New solution: 279654956011 (14801 backtracks, 31815 nodes, depth 66)
New solution: 279650651678 (15326 backtracks, 32866 nodes, depth 67)
New solution: 279634318635 (15338 backtracks, 32883 nodes, depth 60)
New solution: 279624106538 (15444 backtracks, 33099 nodes, depth 64)
Optimality gap: [279181807636, 279624106538[ 0.158 % (16813 backtracks, 35774 nodes)
New solution: 279610740647 (22042 backtracks, 46640 nodes, depth 48)
New solution: 279600528550 (22070 backtracks, 46692 nodes, depth 44)
Optimality gap: [279182536921, 279600528550[ 0.149 % (23002 backtracks, 48513 nodes)
Optimality gap: [279186510395, 279600528550[ 0.148 % (26757 backtracks, 56603 nodes)
New solution: 279599861188 (28411 backtracks, 60307 nodes, depth 47)
New solution: 279594640321 (28412 backtracks, 60308 nodes, depth 46)
Optimality gap: [279190057245, 279594640321[ 0.145 % (31357 backtracks, 66524 nodes)
Optimality gap: [279194373137, 279594640321[ 0.143 % (36447 backtracks, 77606 nodes)
New solution: 279579602843 (39125 backtracks, 83530 nodes, depth 72)
New solution: 279577658348 (39251 backtracks, 83768 nodes, depth 58)
Optimality gap: [279196945718, 279577658348[ 0.136 % (40164 backtracks, 85666 nodes)
Optimality gap: [279201487211, 279577658348[ 0.135 % (46771 backtracks, 100175 nodes)
Optimality gap: [279205605598, 279577658348[ 0.133 % (54331 backtracks, 116909 nodes)
New solution: 279574996291 (57667 backtracks, 124428 nodes, depth 39)
New solution: 279573620082 (57672 backtracks, 124437 nodes, depth 38)
New solution: 279568275077 (57675 backtracks, 124445 nodes, depth 40)
Optimality gap: [279208393608, 279568275077[ 0.129 % (58083 backtracks, 125222 nodes)
Optimality gap: [279212912055, 279568275077[ 0.127 % (68188 backtracks, 147264 nodes)
Optimality gap: [279216851069, 279568275077[ 0.126 % (75739 backtracks, 163976 nodes)
Optimality gap: [279221505408, 279568275077[ 0.124 % (89375 backtracks, 194247 nodes)
Optimality gap: [279225176379, 279568275077[ 0.123 % (103393 backtracks, 225273 nodes)
Optimality gap: [279229745775, 279568275077[ 0.121 % (109473 backtracks, 239248 nodes)
Optimality gap: [279233567652, 279568275077[ 0.120 % (114263 backtracks, 250168 nodes)
Optimality gap: [279238070734, 279568275077[ 0.118 % (119425 backtracks, 261812 nodes)
Optimality gap: [279241980951, 279568275077[ 0.117 % (125417 backtracks, 275358 nodes)
New solution: 279553897976 (126677 backtracks, 278213 nodes, depth 32)
New solution: 279541100086 (126796 backtracks, 278567 nodes, depth 24)
Optimality gap: [279242532606, 279541100086[ 0.107 % (126852 backtracks, 278656 nodes)
Optimality gap: [279243716361, 279541100086[ 0.106 % (128134 backtracks, 282100 nodes)
Optimality gap: [279248018595, 279541100086[ 0.105 % (132593 backtracks, 292779 nodes)
Optimality gap: [279251567060, 279541100086[ 0.104 % (137424 backtracks, 304339 nodes)
Optimality gap: [279255457534, 279541100086[ 0.102 % (141215 backtracks, 313501 nodes)
Optimality gap: [279259494354, 279541100086[ 0.101 % (146740 backtracks, 326653 nodes)
Optimality gap: [279263365901, 279541100086[ 0.099 % (150224 backtracks, 335426 nodes)
Optimality gap: [279267202144, 279541100086[ 0.098 % (155692 backtracks, 347954 nodes)
Optimality gap: [279271185688, 279541100086[ 0.097 % (165914 backtracks, 371007 nodes)
Optimality gap: [279275211159, 279541100086[ 0.095 % (168927 backtracks, 379790 nodes)
Optimality gap: [279279158880, 279541100086[ 0.094 % (171201 backtracks, 386303 nodes)
Optimality gap: [279282854808, 279541100086[ 0.092 % (174271 backtracks, 395874 nodes)
Optimality gap: [279286861794, 279541100086[ 0.091 % (177179 backtracks, 404890 nodes)
Optimality gap: [279290915320, 279541100086[ 0.089 % (182687 backtracks, 418726 nodes)
Optimality gap: [279294706514, 279541100086[ 0.088 % (187791 backtracks, 431765 nodes)
Optimality gap: [279298654346, 279541100086[ 0.087 % (191946 backtracks, 444307 nodes)
Optimality gap: [279302517246, 279541100086[ 0.085 % (194419 backtracks, 452206 nodes)
Optimality gap: [279306379306, 279541100086[ 0.084 % (199658 backtracks, 467118 nodes)
Optimality gap: [279310375808, 279541100086[ 0.083 % (201486 backtracks, 473785 nodes)
Optimality gap: [279314187138, 279541100086[ 0.081 % (203650 backtracks, 481505 nodes)
Optimality gap: [279318203513, 279541100086[ 0.080 % (205214 backtracks, 487470 nodes)
Optimality gap: [279322061206, 279541100086[ 0.078 % (207280 backtracks, 495146 nodes)
Optimality gap: [279325887708, 279541100086[ 0.077 % (208442 backtracks, 500814 nodes)
Optimality gap: [279329878990, 279541100086[ 0.076 % (210150 backtracks, 507557 nodes)
Optimality gap: [279333711420, 279541100086[ 0.074 % (211828 backtracks, 514928 nodes)
Optimality gap: [279337650151, 279541100086[ 0.073 % (213233 backtracks, 522066 nodes)
Optimality gap: [279341558900, 279541100086[ 0.071 % (214495 backtracks, 529119 nodes)
Optimality gap: [279345453042, 279541100086[ 0.070 % (215490 backtracks, 535556 nodes)
Optimality gap: [279349369304, 279541100086[ 0.069 % (216727 backtracks, 542092 nodes)
Optimality gap: [279353360840, 279541100086[ 0.067 % (218016 backtracks, 549795 nodes)
Optimality gap: [279357208889, 279541100086[ 0.066 % (218994 backtracks, 555577 nodes)
Optimality gap: [279361240454, 279541100086[ 0.064 % (219812 backtracks, 561067 nodes)
Optimality gap: [279365014931, 279541100086[ 0.063 % (220509 backtracks, 566715 nodes)
Optimality gap: [279368951626, 279541100086[ 0.062 % (221151 backtracks, 572519 nodes)
Optimality gap: [279372898717, 279541100086[ 0.060 % (221570 backtracks, 576639 nodes)
Optimality gap: [279376815344, 279541100086[ 0.059 % (222062 backtracks, 581636 nodes)
Optimality gap: [279380706901, 279541100086[ 0.057 % (222648 backtracks, 587100 nodes)
Optimality gap: [279384671836, 279541100086[ 0.056 % (222991 backtracks, 591510 nodes)
Optimality gap: [279388616765, 279541100086[ 0.055 % (223227 backtracks, 597036 nodes)
Optimality gap: [279392491362, 279541100086[ 0.053 % (223641 backtracks, 602273 nodes)
Optimality gap: [279396341535, 279541100086[ 0.052 % (223943 backtracks, 606502 nodes)
Optimality gap: [279400310502, 279541100086[ 0.050 % (224419 backtracks, 613079 nodes)
Optimality gap: [279404325636, 279541100086[ 0.049 % (224614 backtracks, 617851 nodes)
Optimality gap: [279408104007, 279541100086[ 0.048 % (224927 backtracks, 622727 nodes)
Optimality gap: [279412000097, 279541100086[ 0.046 % (225311 backtracks, 627077 nodes)
Optimality gap: [279416017863, 279541100086[ 0.045 % (225631 backtracks, 633330 nodes)
Optimality gap: [279419876481, 279541100086[ 0.043 % (225786 backtracks, 636844 nodes)
Optimality gap: [279423820193, 279541100086[ 0.042 % (225963 backtracks, 640721 nodes)
Optimality gap: [279427722287, 279541100086[ 0.041 % (226132 backtracks, 646483 nodes)
Optimality gap: [279431579382, 279541100086[ 0.039 % (226373 backtracks, 651913 nodes)
Optimality gap: [279435565430, 279541100086[ 0.038 % (226514 backtracks, 656647 nodes)
Optimality gap: [279439599612, 279541100086[ 0.036 % (226650 backtracks, 660574 nodes)
Optimality gap: [279443278620, 279541100086[ 0.035 % (226784 backtracks, 665451 nodes)
Optimality gap: [279447235333, 279541100086[ 0.034 % (226837 backtracks, 669685 nodes)
Optimality gap: [279451128484, 279541100086[ 0.032 % (226990 backtracks, 674801 nodes)
Optimality gap: [279455293964, 279541100086[ 0.031 % (227047 backtracks, 679942 nodes)
Optimality gap: [279459042821, 279541100086[ 0.029 % (227071 backtracks, 683228 nodes)
Optimality gap: [279462914899, 279541100086[ 0.028 % (227104 backtracks, 687635 nodes)
Optimality gap: [279466754899, 279541100086[ 0.027 % (227139 backtracks, 691717 nodes)
Optimality gap: [279470709339, 279541100086[ 0.025 % (227154 backtracks, 695228 nodes)
Optimality gap: [279475073718, 279541100086[ 0.024 % (227204 backtracks, 699545 nodes)
Optimality gap: [279478719183, 279541100086[ 0.022 % (227222 backtracks, 705202 nodes)
Optimality gap: [279482454734, 279541100086[ 0.021 % (227250 backtracks, 709780 nodes)
Optimality gap: [279486359162, 279541100086[ 0.020 % (227270 backtracks, 713814 nodes)
Optimality gap: [279490541234, 279541100086[ 0.018 % (227272 backtracks, 717369 nodes)
Optimality gap: [279494316488, 279541100086[ 0.017 % (227287 backtracks, 720463 nodes)
Optimality gap: [279498111534, 279541100086[ 0.015 % (227304 backtracks, 724314 nodes)
Optimality gap: [279502277682, 279541100086[ 0.014 % (227307 backtracks, 727884 nodes)
Optimality gap: [279506039743, 279541100086[ 0.013 % (227320 backtracks, 731461 nodes)
Optimality gap: [279509978272, 279541100086[ 0.011 % (227321 backtracks, 735534 nodes)
Optimality gap: [279513815997, 279541100086[ 0.010 % (227323 backtracks, 739053 nodes)
Optimality gap: [279517741369, 279541100086[ 0.008 % (227324 backtracks, 742823 nodes)
Optimality gap: [279521561399, 279541100086[ 0.007 % (227324 backtracks, 746789 nodes)
Optimality gap: [279525536895, 279541100086[ 0.006 % (227327 backtracks, 749361 nodes)
Optimality gap: [279529370429, 279541100086[ 0.004 % (227327 backtracks, 752598 nodes)
Optimality gap: [279533308784, 279541100086[ 0.003 % (227327 backtracks, 755626 nodes)
Optimality gap: [279537365798, 279541100086[ 0.001 % (227327 backtracks, 757893 nodes)
Node redundancy during HBFS: 40.189 %
Optimum: 279541100086 in 227327 backtracks and 760301 nodes ( 24157159 removals by DEE) and 5457.755 seconds.
end.
