c /usr/bin/toulbar2  version : 1.0.0-master-aab1312-tainted (1530783600), copyright (c) 2006-2018, toulbar2 team
loading wcsp file: ../../instances_preproc/UAI17-1dvo-full.wcsp
Read 147 variables, with 389 values at most, and 2354 cost functions, with maximum arity 2.
Cost function decomposition time : 0.032408 seconds.
Preprocessing time: 36.5678 seconds.
147 unassigned variables, 37656 values in all current domains (med. size:269, max size:389) and 2206 non-unary cost functions (med. degree:28)
Initial lower and upper bounds: [274945600684, 129065924091886[ 99.787%
c 2097152 Bytes allocated for long long stack.
c 4194304 Bytes allocated for long long stack.
c 8388608 Bytes allocated for long long stack.
c 16777216 Bytes allocated for long long stack.
c 33554432 Bytes allocated for long long stack.
c 67108864 Bytes allocated for long long stack.
c 134217728 Bytes allocated for long long stack.
c 268435456 Bytes allocated for long long stack.
New solution: 276993665751 (0 backtracks, 611 nodes, depth 612)
c 2097152 Bytes allocated for BTList<int> stack.
Optimality gap: [274945600687, 276993665751[ 0.739 % (573 backtracks, 1184 nodes)
New solution: 275863441735 (573 backtracks, 1748 nodes, depth 546)
New solution: 275761367250 (1512 backtracks, 3684 nodes, depth 342)
New solution: 275607788108 (1847 backtracks, 4491 nodes, depth 440)
New solution: 275599231100 (2855 backtracks, 6526 nodes, depth 195)
New solution: 275491946110 (3049 backtracks, 7121 nodes, depth 308)
Optimality gap: [274951552573, 275491946110[ 0.196 % (3348 backtracks, 7420 nodes)
New solution: 275433063312 (3371 backtracks, 7699 nodes, depth 178)
Optimality gap: [274955588243, 275433063312[ 0.173 % (3932 backtracks, 9011 nodes)
New solution: 275387140695 (4039 backtracks, 9371 nodes, depth 84)
New solution: 275375787311 (4218 backtracks, 9755 nodes, depth 39)
New solution: 275375042562 (4221 backtracks, 9759 nodes, depth 37)
New solution: 275353660196 (4222 backtracks, 9764 nodes, depth 40)
New solution: 275341889522 (4308 backtracks, 9979 nodes, depth 41)
New solution: 275323336960 (4309 backtracks, 9983 nodes, depth 42)
New solution: 275320507156 (4311 backtracks, 9986 nodes, depth 38)
New solution: 275314264041 (4707 backtracks, 10886 nodes, depth 39)
New solution: 275312366633 (4715 backtracks, 10899 nodes, depth 35)
New solution: 275294780588 (4783 backtracks, 11057 nodes, depth 57)
Optimality gap: [274956218331, 275294780588[ 0.123 % (4842 backtracks, 11119 nodes)
New solution: 275290211529 (5439 backtracks, 12494 nodes, depth 38)
New solution: 275275403116 (5440 backtracks, 12498 nodes, depth 40)
New solution: 275273505708 (5484 backtracks, 12572 nodes, depth 25)
Optimality gap: [274959374311, 275273505708[ 0.114 % (6611 backtracks, 14985 nodes)
Optimality gap: [274962303298, 275273505708[ 0.113 % (7630 backtracks, 17616 nodes)
Optimality gap: [274965905392, 275273505708[ 0.112 % (8454 backtracks, 19524 nodes)
Optimality gap: [274968846572, 275273505708[ 0.111 % (8683 backtracks, 20410 nodes)
Optimality gap: [274972593212, 275273505708[ 0.109 % (9072 backtracks, 21530 nodes)
New solution: 275264405473 (9134 backtracks, 21765 nodes, depth 18)
Optimality gap: [274974971735, 275264405473[ 0.105 % (9309 backtracks, 22262 nodes)
New solution: 275261183599 (9377 backtracks, 22604 nodes, depth 12)
Optimality gap: [274978916411, 275261183599[ 0.103 % (9536 backtracks, 22959 nodes)
Optimality gap: [274981012461, 275261183599[ 0.102 % (9829 backtracks, 24053 nodes)
Optimality gap: [274983586671, 275261183599[ 0.101 % (9922 backtracks, 24547 nodes)
Optimality gap: [274987219869, 275261183599[ 0.100 % (10093 backtracks, 25220 nodes)
Optimality gap: [274991133698, 275261183599[ 0.098 % (10154 backtracks, 25539 nodes)
Optimality gap: [274993613563, 275261183599[ 0.097 % (10294 backtracks, 26087 nodes)
Optimality gap: [274996725242, 275261183599[ 0.096 % (10538 backtracks, 27024 nodes)
Optimality gap: [274999361952, 275261183599[ 0.095 % (10559 backtracks, 27216 nodes)
Optimality gap: [275002499705, 275261183599[ 0.094 % (10684 backtracks, 27980 nodes)
Optimality gap: [275006078580, 275261183599[ 0.093 % (10850 backtracks, 28797 nodes)
Optimality gap: [275010962677, 275261183599[ 0.091 % (10889 backtracks, 29004 nodes)
Optimality gap: [275012023265, 275261183599[ 0.091 % (10947 backtracks, 29295 nodes)
Optimality gap: [275015050705, 275261183599[ 0.089 % (11015 backtracks, 29683 nodes)
Optimality gap: [275018923334, 275261183599[ 0.088 % (11212 backtracks, 30686 nodes)
Optimality gap: [275021353465, 275261183599[ 0.087 % (11279 backtracks, 31256 nodes)
Optimality gap: [275024599650, 275261183599[ 0.086 % (11359 backtracks, 31724 nodes)
Optimality gap: [275027782604, 275261183599[ 0.085 % (11388 backtracks, 32046 nodes)
Optimality gap: [275031026566, 275261183599[ 0.084 % (11394 backtracks, 32241 nodes)
Optimality gap: [275034261131, 275261183599[ 0.082 % (11433 backtracks, 32771 nodes)
Optimality gap: [275037587097, 275261183599[ 0.081 % (11523 backtracks, 33384 nodes)
Optimality gap: [275040656119, 275261183599[ 0.080 % (11572 backtracks, 34058 nodes)
Optimality gap: [275043962914, 275261183599[ 0.079 % (11608 backtracks, 34444 nodes)
Optimality gap: [275047272832, 275261183599[ 0.078 % (11731 backtracks, 35313 nodes)
Optimality gap: [275050602027, 275261183599[ 0.077 % (11753 backtracks, 35678 nodes)
Optimality gap: [275053319587, 275261183599[ 0.076 % (11848 backtracks, 36114 nodes)
Optimality gap: [275056795013, 275261183599[ 0.074 % (11862 backtracks, 36520 nodes)
Optimality gap: [275059986581, 275261183599[ 0.073 % (11889 backtracks, 36796 nodes)
Optimality gap: [275063270445, 275261183599[ 0.072 % (11972 backtracks, 37669 nodes)
Optimality gap: [275066904135, 275261183599[ 0.071 % (11984 backtracks, 38022 nodes)
Optimality gap: [275068778434, 275261183599[ 0.070 % (12019 backtracks, 38383 nodes)
Optimality gap: [275072163970, 275261183599[ 0.069 % (12131 backtracks, 39461 nodes)
Optimality gap: [275075375630, 275261183599[ 0.068 % (12190 backtracks, 40116 nodes)
Optimality gap: [275078511131, 275261183599[ 0.066 % (12293 backtracks, 41156 nodes)
Optimality gap: [275081547835, 275261183599[ 0.065 % (12343 backtracks, 41704 nodes)
Optimality gap: [275084549976, 275261183599[ 0.064 % (12363 backtracks, 42395 nodes)
Optimality gap: [275087732665, 275261183599[ 0.063 % (12491 backtracks, 43915 nodes)
Optimality gap: [275090840768, 275261183599[ 0.062 % (12514 backtracks, 44546 nodes)
Optimality gap: [275093984452, 275261183599[ 0.061 % (12625 backtracks, 45763 nodes)
Optimality gap: [275097323785, 275261183599[ 0.060 % (12646 backtracks, 46554 nodes)
Optimality gap: [275100535041, 275261183599[ 0.058 % (12687 backtracks, 47626 nodes)
Optimality gap: [275103761717, 275261183599[ 0.057 % (12714 backtracks, 48453 nodes)
Optimality gap: [275106762922, 275261183599[ 0.056 % (12800 backtracks, 49679 nodes)
Optimality gap: [275110172614, 275261183599[ 0.055 % (12857 backtracks, 50727 nodes)
Optimality gap: [275112975885, 275261183599[ 0.054 % (12890 backtracks, 51702 nodes)
Optimality gap: [275116170609, 275261183599[ 0.053 % (12926 backtracks, 52947 nodes)
Optimality gap: [275119955811, 275261183599[ 0.051 % (12943 backtracks, 53606 nodes)
Optimality gap: [275122610151, 275261183599[ 0.050 % (12954 backtracks, 54000 nodes)
Optimality gap: [275125642313, 275261183599[ 0.049 % (13025 backtracks, 55297 nodes)
Optimality gap: [275128795145, 275261183599[ 0.048 % (13046 backtracks, 56286 nodes)
Optimality gap: [275131839742, 275261183599[ 0.047 % (13083 backtracks, 57798 nodes)
Optimality gap: [275135662018, 275261183599[ 0.046 % (13123 backtracks, 59153 nodes)
Optimality gap: [275138260886, 275261183599[ 0.045 % (13139 backtracks, 60270 nodes)
Optimality gap: [275141340757, 275261183599[ 0.044 % (13162 backtracks, 61710 nodes)
Optimality gap: [275144524711, 275261183599[ 0.042 % (13186 backtracks, 62895 nodes)
Optimality gap: [275147896613, 275261183599[ 0.041 % (13212 backtracks, 64395 nodes)
Optimality gap: [275151155334, 275261183599[ 0.040 % (13245 backtracks, 65593 nodes)
Optimality gap: [275154024133, 275261183599[ 0.039 % (13268 backtracks, 67199 nodes)
Optimality gap: [275157051856, 275261183599[ 0.038 % (13277 backtracks, 68182 nodes)
Optimality gap: [275160362162, 275261183599[ 0.037 % (13286 backtracks, 69344 nodes)
Optimality gap: [275163665776, 275261183599[ 0.035 % (13304 backtracks, 70711 nodes)
Optimality gap: [275167278163, 275261183599[ 0.034 % (13309 backtracks, 71451 nodes)
Optimality gap: [275170179823, 275261183599[ 0.033 % (13319 backtracks, 72806 nodes)
Optimality gap: [275173019153, 275261183599[ 0.032 % (13336 backtracks, 73963 nodes)
Optimality gap: [275176224998, 275261183599[ 0.031 % (13348 backtracks, 75439 nodes)
Optimality gap: [275180168681, 275261183599[ 0.029 % (13349 backtracks, 76748 nodes)
Optimality gap: [275182539941, 275261183599[ 0.029 % (13351 backtracks, 78288 nodes)
Optimality gap: [275185541930, 275261183599[ 0.027 % (13357 backtracks, 79567 nodes)
Optimality gap: [275188984483, 275261183599[ 0.026 % (13363 backtracks, 80895 nodes)
Optimality gap: [275192041999, 275261183599[ 0.025 % (13363 backtracks, 81659 nodes)
Optimality gap: [275194956167, 275261183599[ 0.024 % (13365 backtracks, 83089 nodes)
Optimality gap: [275198382616, 275261183599[ 0.023 % (13384 backtracks, 85310 nodes)
Optimality gap: [275201403575, 275261183599[ 0.022 % (13393 backtracks, 87493 nodes)
Optimality gap: [275204419199, 275261183599[ 0.021 % (13399 backtracks, 88841 nodes)
Optimality gap: [275208751943, 275261183599[ 0.019 % (13400 backtracks, 90189 nodes)
Optimality gap: [275210778103, 275261183599[ 0.018 % (13406 backtracks, 91737 nodes)
Optimality gap: [275214078130, 275261183599[ 0.017 % (13408 backtracks, 93177 nodes)
Optimality gap: [275217229368, 275261183599[ 0.016 % (13413 backtracks, 95260 nodes)
Optimality gap: [275220287346, 275261183599[ 0.015 % (13421 backtracks, 97100 nodes)
Optimality gap: [275223447747, 275261183599[ 0.014 % (13423 backtracks, 99410 nodes)
Optimality gap: [275226525136, 275261183599[ 0.013 % (13429 backtracks, 102240 nodes)
Optimality gap: [275229927586, 275261183599[ 0.011 % (13436 backtracks, 104905 nodes)
Optimality gap: [275232793947, 275261183599[ 0.010 % (13449 backtracks, 107397 nodes)
Optimality gap: [275236348490, 275261183599[ 0.009 % (13453 backtracks, 111051 nodes)
Optimality gap: [275239360025, 275261183599[ 0.008 % (13458 backtracks, 113993 nodes)
Optimality gap: [275242265636, 275261183599[ 0.007 % (13461 backtracks, 115937 nodes)
Optimality gap: [275245436990, 275261183599[ 0.006 % (13464 backtracks, 118350 nodes)
Optimality gap: [275249103368, 275261183599[ 0.004 % (13465 backtracks, 120783 nodes)
Optimality gap: [275251786015, 275261183599[ 0.003 % (13465 backtracks, 121871 nodes)
Optimality gap: [275254972447, 275261183599[ 0.002 % (13466 backtracks, 123492 nodes)
Optimality gap: [275258028839, 275261183599[ 0.001 % (13466 backtracks, 125577 nodes)
Node redundancy during HBFS: 78.879 %
Optimum: 275261183599 in 13469 backtracks and 128382 nodes ( 4057773 removals by DEE) and 988.498 seconds.
end.
