c /usr/bin/toulbar2  version : 1.0.0-master-aab1312-tainted (1530783600), copyright (c) 2006-2018, toulbar2 team
loading wcsp file: ../../instances_preproc/UAI17-3r8q-full.wcsp
Read 188 variables, with 395 values at most, and 2945 cost functions, with maximum arity 2.
Cost function decomposition time : 0.036131 seconds.
Preprocessing time: 41.4697 seconds.
188 unassigned variables, 45074 values in all current domains (med. size:254, max size:395) and 2757 non-unary cost functions (med. degree:29)
Initial lower and upper bounds: [0, 156085496770469[ 100.000%
c 2097152 Bytes allocated for long long stack.
c 4194304 Bytes allocated for long long stack.
c 8388608 Bytes allocated for long long stack.
c 16777216 Bytes allocated for long long stack.
c 33554432 Bytes allocated for long long stack.
c 67108864 Bytes allocated for long long stack.
c 134217728 Bytes allocated for long long stack.
c 268435456 Bytes allocated for long long stack.
c 536870912 Bytes allocated for long long stack.
New solution: 1237729335 (0 backtracks, 626 nodes, depth 627)
c 2097152 Bytes allocated for BTList<int> stack.
New solution: 605953110 (675 backtracks, 1927 nodes, depth 563)
New solution: 454330735 (1194 backtracks, 2848 nodes, depth 394)
New solution: 425368676 (1521 backtracks, 3367 nodes, depth 183)
New solution: 352501841 (1701 backtracks, 3901 nodes, depth 344)
New solution: 281238203 (2055 backtracks, 4741 nodes, depth 383)
New solution: 218900036 (2383 backtracks, 5362 nodes, depth 277)
New solution: 203496082 (2768 backtracks, 6056 nodes, depth 119)
New solution: 138855971 (2880 backtracks, 6377 nodes, depth 188)
New solution: 137146319 (3013 backtracks, 6603 nodes, depth 28)
New solution: 133914356 (3040 backtracks, 6703 nodes, depth 66)
Optimality gap: [1, 133914356[ 100.000 % (3248 backtracks, 7064 nodes)
New solution: 112451033 (3248 backtracks, 7139 nodes, depth 68)
Optimality gap: [1177999, 112451033[ 98.952 % (3538 backtracks, 8163 nodes)
New solution: 99003931 (4413 backtracks, 10340 nodes, depth 41)
New solution: 97794157 (4419 backtracks, 10348 nodes, depth 26)
Optimality gap: [2061890, 97794157[ 97.892 % (4478 backtracks, 10484 nodes)
New solution: 94709304 (4486 backtracks, 10547 nodes, depth 29)
New solution: 77609814 (4828 backtracks, 11356 nodes, depth 53)
New solution: 76952169 (4833 backtracks, 11361 nodes, depth 28)
Optimality gap: [2402837, 76952169[ 96.877 % (5270 backtracks, 12208 nodes)
Optimality gap: [3225011, 76952169[ 95.809 % (5289 backtracks, 12424 nodes)
Optimality gap: [3976490, 76952169[ 94.833 % (5316 backtracks, 12602 nodes)
Optimality gap: [4630235, 76952169[ 93.983 % (5318 backtracks, 12836 nodes)
Optimality gap: [5444250, 76952169[ 92.925 % (5337 backtracks, 13098 nodes)
Optimality gap: [6287340, 76952169[ 91.830 % (5365 backtracks, 13298 nodes)
Optimality gap: [6995974, 76952169[ 90.909 % (5369 backtracks, 13396 nodes)
Optimality gap: [7811632, 76952169[ 89.849 % (5369 backtracks, 13487 nodes)
Optimality gap: [8803092, 76952169[ 88.560 % (5369 backtracks, 13628 nodes)
Optimality gap: [9282060, 76952169[ 87.938 % (5399 backtracks, 13773 nodes)
Optimality gap: [10168455, 76952169[ 86.786 % (5413 backtracks, 13894 nodes)
Optimality gap: [10931182, 76952169[ 85.795 % (5433 backtracks, 14052 nodes)
Optimality gap: [11639322, 76952169[ 84.875 % (5440 backtracks, 14137 nodes)
Optimality gap: [12719162, 76952169[ 83.471 % (5479 backtracks, 14409 nodes)
Optimality gap: [13201331, 76952169[ 82.845 % (5481 backtracks, 14523 nodes)
Optimality gap: [14274982, 76952169[ 81.450 % (5481 backtracks, 14647 nodes)
Optimality gap: [14655097, 76952169[ 80.956 % (5491 backtracks, 14773 nodes)
Optimality gap: [15465718, 76952169[ 79.902 % (5491 backtracks, 14857 nodes)
Optimality gap: [16520443, 76952169[ 78.532 % (5491 backtracks, 14925 nodes)
Optimality gap: [17047202, 76952169[ 77.847 % (5491 backtracks, 14941 nodes)
Optimality gap: [18269864, 76952169[ 76.258 % (5491 backtracks, 14989 nodes)
Optimality gap: [18876039, 76952169[ 75.470 % (5491 backtracks, 15071 nodes)
Optimality gap: [19357699, 76952169[ 74.845 % (5491 backtracks, 15104 nodes)
Optimality gap: [20527021, 76952169[ 73.325 % (5491 backtracks, 15221 nodes)
Optimality gap: [20899121, 76952169[ 72.841 % (5491 backtracks, 15270 nodes)
Optimality gap: [21794228, 76952169[ 71.678 % (5491 backtracks, 15318 nodes)
Optimality gap: [22416813, 76952169[ 70.869 % (5491 backtracks, 15545 nodes)
Optimality gap: [23299503, 76952169[ 69.722 % (5491 backtracks, 15654 nodes)
Optimality gap: [24513338, 76952169[ 68.145 % (5491 backtracks, 15714 nodes)
Optimality gap: [24703480, 76952169[ 67.898 % (5491 backtracks, 15746 nodes)
Optimality gap: [26449067, 76952169[ 65.629 % (5491 backtracks, 15848 nodes)
Optimality gap: [26956720, 76952169[ 64.970 % (5491 backtracks, 15911 nodes)
Optimality gap: [27873298, 76952169[ 63.778 % (5491 backtracks, 15974 nodes)
Optimality gap: [28593137, 76952169[ 62.843 % (5491 backtracks, 16108 nodes)
Optimality gap: [29276107, 76952169[ 61.955 % (5494 backtracks, 16286 nodes)
Optimality gap: [30638342, 76952169[ 60.185 % (5494 backtracks, 16355 nodes)
Optimality gap: [30837189, 76952169[ 59.927 % (5494 backtracks, 16376 nodes)
Optimality gap: [31988224, 76952169[ 58.431 % (5494 backtracks, 16407 nodes)
Optimality gap: [34333743, 76952169[ 55.383 % (5494 backtracks, 16503 nodes)
Optimality gap: [35225623, 76952169[ 54.224 % (5519 backtracks, 16607 nodes)
Optimality gap: [35679391, 76952169[ 53.634 % (5566 backtracks, 16717 nodes)
Optimality gap: [36334483, 76952169[ 52.783 % (5623 backtracks, 16888 nodes)
Optimality gap: [37001303, 76952169[ 51.916 % (5623 backtracks, 16977 nodes)
Optimality gap: [37718048, 76952169[ 50.985 % (5623 backtracks, 17029 nodes)
Optimality gap: [38659474, 76952169[ 49.762 % (5623 backtracks, 17095 nodes)
Optimality gap: [39469044, 76952169[ 48.710 % (5623 backtracks, 17141 nodes)
Optimality gap: [41003016, 76952169[ 46.716 % (5623 backtracks, 17163 nodes)
Optimality gap: [41772092, 76952169[ 45.717 % (5623 backtracks, 17188 nodes)
Optimality gap: [42765900, 76952169[ 44.425 % (5623 backtracks, 17235 nodes)
Optimality gap: [43229667, 76952169[ 43.823 % (5623 backtracks, 17399 nodes)
Optimality gap: [44854658, 76952169[ 41.711 % (5623 backtracks, 17452 nodes)
Optimality gap: [45782874, 76952169[ 40.505 % (5623 backtracks, 17559 nodes)
Optimality gap: [46635436, 76952169[ 39.397 % (5623 backtracks, 17625 nodes)
Optimality gap: [47852359, 76952169[ 37.815 % (5623 backtracks, 17657 nodes)
Optimality gap: [48558335, 76952169[ 36.898 % (5623 backtracks, 17795 nodes)
Optimality gap: [49582268, 76952169[ 35.567 % (5623 backtracks, 17886 nodes)
Optimality gap: [51514028, 76952169[ 33.057 % (5623 backtracks, 17960 nodes)
Optimality gap: [52137959, 76952169[ 32.246 % (5623 backtracks, 17992 nodes)
Optimality gap: [53390178, 76952169[ 30.619 % (5623 backtracks, 18013 nodes)
Optimality gap: [53942502, 76952169[ 29.901 % (5623 backtracks, 18109 nodes)
Optimality gap: [54637405, 76952169[ 28.998 % (5623 backtracks, 18249 nodes)
Optimality gap: [55522633, 76952169[ 27.848 % (5623 backtracks, 18422 nodes)
Optimality gap: [56474849, 76952169[ 26.610 % (5623 backtracks, 18527 nodes)
Optimality gap: [58405708, 76952169[ 24.101 % (5623 backtracks, 18615 nodes)
Optimality gap: [59025891, 76952169[ 23.295 % (5623 backtracks, 18680 nodes)
Optimality gap: [59587906, 76952169[ 22.565 % (5623 backtracks, 18738 nodes)
Optimality gap: [61070618, 76952169[ 20.638 % (5623 backtracks, 18863 nodes)
Optimality gap: [61920797, 76952169[ 19.533 % (5623 backtracks, 18917 nodes)
Optimality gap: [63489097, 76952169[ 17.495 % (5623 backtracks, 18961 nodes)
Optimality gap: [70742974, 76952169[ 8.069 % (5623 backtracks, 19022 nodes)
Optimality gap: [70835024, 76952169[ 7.949 % (5623 backtracks, 19057 nodes)
Optimality gap: [72282965, 76952169[ 6.068 % (5623 backtracks, 19111 nodes)
Optimality gap: [72400437, 76952169[ 5.915 % (5623 backtracks, 19132 nodes)
Optimality gap: [75388935, 76952169[ 2.031 % (5626 backtracks, 19230 nodes)
Optimality gap: [75771257, 76952169[ 1.535 % (5626 backtracks, 19254 nodes)
Optimality gap: [76952169, 76952169[ 0.000 % (5626 backtracks, 19330 nodes)
Node redundancy during HBFS: 39.669 %
Optimum: 76952169 in 5626 backtracks and 19330 nodes ( 1017649 removals by DEE) and 966.850 seconds.
end.
