c /usr/bin/toulbar2  version : 1.0.0-master-aab1312-tainted (1530783600), copyright (c) 2006-2018, toulbar2 team
loading wcsp file: ../../instances_preproc/UAI17-2gee-full.wcsp
Read 180 variables, with 393 values at most, and 3348 cost functions, with maximum arity 2.
Cost function decomposition time : 0.044094 seconds.
Preprocessing time: 54.8464 seconds.
180 unassigned variables, 45177 values in all current domains (med. size:262, max size:393) and 3161 non-unary cost functions (med. degree:34)
Initial lower and upper bounds: [393293544732, 178158111289263[ 99.779%
c 2097152 Bytes allocated for long long stack.
c 4194304 Bytes allocated for long long stack.
c 8388608 Bytes allocated for long long stack.
c 16777216 Bytes allocated for long long stack.
c 33554432 Bytes allocated for long long stack.
c 67108864 Bytes allocated for long long stack.
c 134217728 Bytes allocated for long long stack.
c 268435456 Bytes allocated for long long stack.
c 2097152 Bytes allocated for BTList<int> stack.
New solution: 393899865332 (0 backtracks, 769 nodes, depth 770)
Optimality gap: [393293544735, 393899865332[ 0.154 % (732 backtracks, 1501 nodes)
New solution: 393856713983 (732 backtracks, 1806 nodes, depth 304)
New solution: 393748300795 (1035 backtracks, 2484 nodes, depth 352)
New solution: 393516042714 (1385 backtracks, 3148 nodes, depth 218)
Optimality gap: [393296404110, 393516042714[ 0.056 % (1715 backtracks, 3963 nodes)
New solution: 393508750610 (1716 backtracks, 4072 nodes, depth 34)
New solution: 393488711899 (1753 backtracks, 4259 nodes, depth 17)
Optimality gap: [393298117506, 393488711899[ 0.048 % (1836 backtracks, 4507 nodes)
Optimality gap: [393299585737, 393488711899[ 0.048 % (1995 backtracks, 5192 nodes)
Optimality gap: [393301730454, 393488711899[ 0.048 % (2146 backtracks, 6081 nodes)
Optimality gap: [393303472723, 393488711899[ 0.047 % (2296 backtracks, 6643 nodes)
Optimality gap: [393305596757, 393488711899[ 0.047 % (2305 backtracks, 6716 nodes)
Optimality gap: [393308647420, 393488711899[ 0.046 % (2423 backtracks, 7160 nodes)
Optimality gap: [393309233157, 393488711899[ 0.046 % (2455 backtracks, 7376 nodes)
Optimality gap: [393311999891, 393488711899[ 0.045 % (2497 backtracks, 7608 nodes)
Optimality gap: [393313241066, 393488711899[ 0.045 % (2551 backtracks, 8017 nodes)
Optimality gap: [393315374866, 393488711899[ 0.044 % (2584 backtracks, 8230 nodes)
Optimality gap: [393317263820, 393488711899[ 0.044 % (2640 backtracks, 8377 nodes)
Optimality gap: [393318919659, 393488711899[ 0.043 % (2695 backtracks, 8834 nodes)
Optimality gap: [393324355574, 393488711899[ 0.042 % (2732 backtracks, 9013 nodes)
Optimality gap: [393325492625, 393488711899[ 0.041 % (2740 backtracks, 9088 nodes)
Optimality gap: [393327075834, 393488711899[ 0.041 % (2751 backtracks, 9245 nodes)
Optimality gap: [393330458840, 393488711899[ 0.040 % (2770 backtracks, 9411 nodes)
Optimality gap: [393330657550, 393488711899[ 0.040 % (2772 backtracks, 9495 nodes)
Optimality gap: [393332737404, 393488711899[ 0.040 % (2800 backtracks, 9724 nodes)
Optimality gap: [393336134400, 393488711899[ 0.039 % (2836 backtracks, 10034 nodes)
Optimality gap: [393337015230, 393488711899[ 0.039 % (2838 backtracks, 10120 nodes)
Optimality gap: [393342769875, 393488711899[ 0.037 % (2861 backtracks, 10320 nodes)
New solution: 393486655410 (2872 backtracks, 10366 nodes, depth 5)
Optimality gap: [393345449041, 393486655410[ 0.036 % (2891 backtracks, 10473 nodes)
Optimality gap: [393346298484, 393486655410[ 0.036 % (2899 backtracks, 10575 nodes)
Optimality gap: [393349696320, 393486655410[ 0.035 % (2904 backtracks, 10691 nodes)
Optimality gap: [393352505796, 393486655410[ 0.034 % (2908 backtracks, 10763 nodes)
Optimality gap: [393353598746, 393486655410[ 0.034 % (2914 backtracks, 10923 nodes)
Optimality gap: [393355443752, 393486655410[ 0.033 % (2946 backtracks, 11245 nodes)
Optimality gap: [393357448865, 393486655410[ 0.033 % (2978 backtracks, 11578 nodes)
Optimality gap: [393359809230, 393486655410[ 0.032 % (2983 backtracks, 11981 nodes)
Optimality gap: [393361379028, 393486655410[ 0.032 % (2986 backtracks, 12445 nodes)
Optimality gap: [393363716848, 393486655410[ 0.031 % (3007 backtracks, 12905 nodes)
Optimality gap: [393365971519, 393486655410[ 0.031 % (3010 backtracks, 12971 nodes)
Optimality gap: [393367395412, 393486655410[ 0.030 % (3019 backtracks, 13041 nodes)
Optimality gap: [393369330321, 393486655410[ 0.030 % (3031 backtracks, 13148 nodes)
Optimality gap: [393371320295, 393486655410[ 0.029 % (3034 backtracks, 13392 nodes)
Optimality gap: [393373794501, 393486655410[ 0.029 % (3044 backtracks, 13679 nodes)
Optimality gap: [393375466371, 393486655410[ 0.028 % (3052 backtracks, 13791 nodes)
Optimality gap: [393377056228, 393486655410[ 0.028 % (3052 backtracks, 13969 nodes)
Optimality gap: [393378753039, 393486655410[ 0.027 % (3080 backtracks, 14448 nodes)
Optimality gap: [393382791196, 393486655410[ 0.026 % (3086 backtracks, 14787 nodes)
Optimality gap: [393384776575, 393486655410[ 0.026 % (3089 backtracks, 15038 nodes)
Optimality gap: [393386244316, 393486655410[ 0.026 % (3105 backtracks, 15324 nodes)
Optimality gap: [393388645609, 393486655410[ 0.025 % (3119 backtracks, 15423 nodes)
Optimality gap: [393390169004, 393486655410[ 0.025 % (3139 backtracks, 15685 nodes)
New solution: 393485773091 (3151 backtracks, 16228 nodes, depth 4)
Optimality gap: [393391669763, 393485773091[ 0.024 % (3156 backtracks, 16235 nodes)
Optimality gap: [393394266051, 393485773091[ 0.023 % (3177 backtracks, 16605 nodes)
New solution: 393485297555 (3185 backtracks, 16763 nodes, depth 3)
Optimality gap: [393396447514, 393485297555[ 0.023 % (3190 backtracks, 16771 nodes)
Optimality gap: [393397867610, 393485297555[ 0.022 % (3199 backtracks, 17045 nodes)
Optimality gap: [393399177266, 393485297555[ 0.022 % (3211 backtracks, 17663 nodes)
Optimality gap: [393401457432, 393485297555[ 0.021 % (3219 backtracks, 18170 nodes)
Optimality gap: [393403259289, 393485297555[ 0.021 % (3220 backtracks, 18418 nodes)
Optimality gap: [393406125979, 393485297555[ 0.020 % (3240 backtracks, 19289 nodes)
Optimality gap: [393406915448, 393485297555[ 0.020 % (3249 backtracks, 19687 nodes)
New solution: 393484253099 (3253 backtracks, 20015 nodes, depth 4)
Optimality gap: [393408537222, 393484253099[ 0.019 % (3258 backtracks, 20148 nodes)
Optimality gap: [393410334308, 393484253099[ 0.019 % (3265 backtracks, 20619 nodes)
Optimality gap: [393411970290, 393484253099[ 0.018 % (3269 backtracks, 20799 nodes)
Optimality gap: [393414411929, 393484253099[ 0.018 % (3289 backtracks, 21270 nodes)
Optimality gap: [393416872449, 393484253099[ 0.017 % (3290 backtracks, 21414 nodes)
Optimality gap: [393417680717, 393484253099[ 0.017 % (3291 backtracks, 21511 nodes)
Optimality gap: [393420152320, 393484253099[ 0.016 % (3293 backtracks, 21577 nodes)
Optimality gap: [393424727294, 393484253099[ 0.015 % (3295 backtracks, 21691 nodes)
Optimality gap: [393426694820, 393484253099[ 0.015 % (3295 backtracks, 21860 nodes)
Optimality gap: [393427523331, 393484253099[ 0.014 % (3298 backtracks, 22084 nodes)
Optimality gap: [393429376946, 393484253099[ 0.014 % (3302 backtracks, 22413 nodes)
Optimality gap: [393430873832, 393484253099[ 0.014 % (3306 backtracks, 22780 nodes)
Optimality gap: [393433602398, 393484253099[ 0.013 % (3307 backtracks, 23087 nodes)
Optimality gap: [393437648583, 393484253099[ 0.012 % (3308 backtracks, 23196 nodes)
Optimality gap: [393444173279, 393484253099[ 0.010 % (3310 backtracks, 23366 nodes)
Optimality gap: [393444560787, 393484253099[ 0.010 % (3310 backtracks, 23542 nodes)
Optimality gap: [393447038977, 393484253099[ 0.009 % (3312 backtracks, 23973 nodes)
Optimality gap: [393448066281, 393484253099[ 0.009 % (3314 backtracks, 25128 nodes)
Optimality gap: [393450793030, 393484253099[ 0.009 % (3315 backtracks, 25598 nodes)
Optimality gap: [393452460046, 393484253099[ 0.008 % (3316 backtracks, 26084 nodes)
Optimality gap: [393454184019, 393484253099[ 0.008 % (3317 backtracks, 26294 nodes)
Optimality gap: [393457350820, 393484253099[ 0.007 % (3320 backtracks, 27041 nodes)
Optimality gap: [393457803172, 393484253099[ 0.007 % (3320 backtracks, 27263 nodes)
Optimality gap: [393460274936, 393484253099[ 0.006 % (3322 backtracks, 28131 nodes)
Optimality gap: [393461569963, 393484253099[ 0.006 % (3324 backtracks, 28893 nodes)
Optimality gap: [393463513709, 393484253099[ 0.005 % (3326 backtracks, 29583 nodes)
Optimality gap: [393465387619, 393484253099[ 0.005 % (3328 backtracks, 30520 nodes)
Optimality gap: [393467553339, 393484253099[ 0.004 % (3329 backtracks, 30999 nodes)
Optimality gap: [393469261187, 393484253099[ 0.004 % (3331 backtracks, 31945 nodes)
Optimality gap: [393471125228, 393484253099[ 0.003 % (3333 backtracks, 32773 nodes)
Optimality gap: [393473284360, 393484253099[ 0.003 % (3333 backtracks, 34084 nodes)
Optimality gap: [393474818259, 393484253099[ 0.002 % (3333 backtracks, 34987 nodes)
Optimality gap: [393476686255, 393484253099[ 0.002 % (3334 backtracks, 36684 nodes)
Optimality gap: [393478781618, 393484253099[ 0.001 % (3336 backtracks, 38105 nodes)
Optimality gap: [393481416943, 393484253099[ 0.001 % (3338 backtracks, 39197 nodes)
Optimality gap: [393482567405, 393484253099[ 0.000 % (3339 backtracks, 39807 nodes)
Node redundancy during HBFS: 83.611 %
Optimum: 393484253099 in 3340 backtracks and 41064 nodes ( 1011515 removals by DEE) and 283.673 seconds.
end.
