c /usr/bin/toulbar2  version : 1.0.0-master-aab1312-tainted (1530783600), copyright (c) 2006-2018, toulbar2 team
loading wcsp file: ../../instances_preproc/UAI17-1f00-full.wcsp
Read 269 variables, with 390 values at most, and 5453 cost functions, with maximum arity 2.
Cost function decomposition time : 0.065639 seconds.
Preprocessing time: 81.0838 seconds.
269 unassigned variables, 65613 values in all current domains (med. size:243, max size:390) and 5180 non-unary cost functions (med. degree:37)
Initial lower and upper bounds: [621445881900, 278419125750236[ 99.777%
c 2097152 Bytes allocated for long long stack.
c 4194304 Bytes allocated for long long stack.
c 8388608 Bytes allocated for long long stack.
c 16777216 Bytes allocated for long long stack.
c 33554432 Bytes allocated for long long stack.
c 67108864 Bytes allocated for long long stack.
c 134217728 Bytes allocated for long long stack.
c 268435456 Bytes allocated for long long stack.
c 536870912 Bytes allocated for long long stack.
c 2097152 Bytes allocated for BTList<int> stack.
New solution: 623871833794 (0 backtracks, 1204 nodes, depth 1205)
New solution: 622823863744 (1166 backtracks, 3422 nodes, depth 1000)
Optimality gap: [621447330530, 622823863744[ 0.221 % (2152 backtracks, 4408 nodes)
c 1572864 Bytes allocated for int stack.
New solution: 622580593419 (2699 backtracks, 6387 nodes, depth 805)
New solution: 622461818408 (3992 backtracks, 8969 nodes, depth 651)
New solution: 622167435828 (4640 backtracks, 10410 nodes, depth 671)
New solution: 621928020325 (5308 backtracks, 11745 nodes, depth 550)
Optimality gap: [621451557072, 621928020325[ 0.077 % (5847 backtracks, 12284 nodes)
New solution: 621856534774 (5847 backtracks, 12707 nodes, depth 320)
Optimality gap: [621454567522, 621856534774[ 0.065 % (6372 backtracks, 13633 nodes)
New solution: 621796491815 (6372 backtracks, 14036 nodes, depth 298)
Optimality gap: [621460414548, 621796491815[ 0.054 % (6669 backtracks, 14333 nodes)
Optimality gap: [621464229063, 621796491815[ 0.053 % (6756 backtracks, 14668 nodes)
Optimality gap: [621467199067, 621796491815[ 0.053 % (6968 backtracks, 15255 nodes)
New solution: 621743993843 (7031 backtracks, 15725 nodes, depth 161)
Optimality gap: [621468968524, 621743993843[ 0.044 % (7188 backtracks, 15882 nodes)
Optimality gap: [621470627514, 621743993843[ 0.044 % (7250 backtracks, 16115 nodes)
Optimality gap: [621474366175, 621743993843[ 0.043 % (7307 backtracks, 16306 nodes)
Optimality gap: [621475888103, 621743993843[ 0.043 % (7307 backtracks, 16411 nodes)
New solution: 621742459028 (7531 backtracks, 17333 nodes, depth 91)
Optimality gap: [621478531587, 621742459028[ 0.042 % (7636 backtracks, 17453 nodes)
New solution: 621736427504 (7812 backtracks, 18052 nodes, depth 83)
Optimality gap: [621481689794, 621736427504[ 0.041 % (8530 backtracks, 19605 nodes)
New solution: 621727196668 (8971 backtracks, 20725 nodes, depth 67)
New solution: 621700390930 (9018 backtracks, 20823 nodes, depth 71)
New solution: 621699027804 (9019 backtracks, 20824 nodes, depth 69)
Optimality gap: [621482601700, 621699027804[ 0.035 % (9765 backtracks, 22248 nodes)
New solution: 621682695133 (10127 backtracks, 23380 nodes, depth 19)
Optimality gap: [621483149067, 621682695133[ 0.032 % (10168 backtracks, 23445 nodes)
Optimality gap: [621483805298, 621682695133[ 0.032 % (12688 backtracks, 28966 nodes)
New solution: 621673998389 (12776 backtracks, 29244 nodes, depth 30)
Optimality gap: [621484784329, 621673998389[ 0.030 % (13372 backtracks, 30644 nodes)
New solution: 621671874630 (13715 backtracks, 31536 nodes, depth 19)
Optimality gap: [621487198072, 621671874630[ 0.030 % (13890 backtracks, 32235 nodes)
New solution: 621648130916 (14109 backtracks, 33031 nodes, depth 43)
New solution: 621646376520 (14114 backtracks, 33038 nodes, depth 38)
New solution: 621644058475 (14119 backtracks, 33055 nodes, depth 45)
New solution: 621617431434 (14121 backtracks, 33060 nodes, depth 46)
New solution: 621597393136 (14136 backtracks, 33087 nodes, depth 40)
Optimality gap: [621489046034, 621597393136[ 0.017 % (14287 backtracks, 33352 nodes)
Optimality gap: [621489924829, 621597393136[ 0.017 % (14348 backtracks, 34301 nodes)
Optimality gap: [621491986056, 621597393136[ 0.017 % (14381 backtracks, 35013 nodes)
Optimality gap: [621492994628, 621597393136[ 0.017 % (14411 backtracks, 35578 nodes)
Optimality gap: [621494526312, 621597393136[ 0.017 % (14435 backtracks, 36179 nodes)
Optimality gap: [621495905906, 621597393136[ 0.016 % (14435 backtracks, 36509 nodes)
Optimality gap: [621497557324, 621597393136[ 0.016 % (14473 backtracks, 37586 nodes)
Optimality gap: [621499433629, 621597393136[ 0.016 % (14520 backtracks, 38783 nodes)
Optimality gap: [621500523960, 621597393136[ 0.016 % (14520 backtracks, 39148 nodes)
Optimality gap: [621502346841, 621597393136[ 0.015 % (14558 backtracks, 39642 nodes)
Optimality gap: [621503521567, 621597393136[ 0.015 % (14586 backtracks, 41003 nodes)
Optimality gap: [621505086012, 621597393136[ 0.015 % (14598 backtracks, 41902 nodes)
Optimality gap: [621506764904, 621597393136[ 0.015 % (14607 backtracks, 43153 nodes)
Optimality gap: [621508096019, 621597393136[ 0.014 % (14618 backtracks, 43692 nodes)
Optimality gap: [621509564782, 621597393136[ 0.014 % (14648 backtracks, 44330 nodes)
Optimality gap: [621511506978, 621597393136[ 0.014 % (14651 backtracks, 44754 nodes)
Optimality gap: [621512574141, 621597393136[ 0.014 % (14662 backtracks, 45852 nodes)
Optimality gap: [621514071659, 621597393136[ 0.013 % (14698 backtracks, 46639 nodes)
Optimality gap: [621515736014, 621597393136[ 0.013 % (14711 backtracks, 47902 nodes)
Optimality gap: [621517142135, 621597393136[ 0.013 % (14750 backtracks, 48870 nodes)
Optimality gap: [621518642858, 621597393136[ 0.013 % (14771 backtracks, 49693 nodes)
Optimality gap: [621520399272, 621597393136[ 0.012 % (14785 backtracks, 50949 nodes)
Optimality gap: [621521779537, 621597393136[ 0.012 % (14820 backtracks, 52294 nodes)
Optimality gap: [621523498035, 621597393136[ 0.012 % (14834 backtracks, 53743 nodes)
Optimality gap: [621524894962, 621597393136[ 0.012 % (14839 backtracks, 55247 nodes)
Optimality gap: [621526542019, 621597393136[ 0.011 % (14879 backtracks, 56489 nodes)
Optimality gap: [621527756668, 621597393136[ 0.011 % (14885 backtracks, 57383 nodes)
Optimality gap: [621529478933, 621597393136[ 0.011 % (14921 backtracks, 59952 nodes)
Optimality gap: [621530923653, 621597393136[ 0.011 % (14930 backtracks, 61329 nodes)
Optimality gap: [621532282136, 621597393136[ 0.010 % (14942 backtracks, 63315 nodes)
Optimality gap: [621533770694, 621597393136[ 0.010 % (14949 backtracks, 64368 nodes)
Optimality gap: [621535604058, 621597393136[ 0.010 % (14970 backtracks, 66187 nodes)
Optimality gap: [621536795744, 621597393136[ 0.010 % (14983 backtracks, 68313 nodes)
Optimality gap: [621538424465, 621597393136[ 0.009 % (14992 backtracks, 69649 nodes)
Optimality gap: [621539865778, 621597393136[ 0.009 % (15011 backtracks, 71125 nodes)
Optimality gap: [621541489167, 621597393136[ 0.009 % (15014 backtracks, 72403 nodes)
Optimality gap: [621543061129, 621597393136[ 0.009 % (15034 backtracks, 73712 nodes)
Optimality gap: [621544688258, 621597393136[ 0.008 % (15038 backtracks, 75004 nodes)
Optimality gap: [621545920285, 621597393136[ 0.008 % (15044 backtracks, 75652 nodes)
Optimality gap: [621547498325, 621597393136[ 0.008 % (15048 backtracks, 77797 nodes)
Optimality gap: [621548948369, 621597393136[ 0.008 % (15052 backtracks, 79205 nodes)
Optimality gap: [621551109490, 621597393136[ 0.007 % (15056 backtracks, 81575 nodes)
Optimality gap: [621552237148, 621597393136[ 0.007 % (15064 backtracks, 82457 nodes)
Optimality gap: [621553528989, 621597393136[ 0.007 % (15069 backtracks, 84370 nodes)
Optimality gap: [621555070621, 621597393136[ 0.007 % (15081 backtracks, 85978 nodes)
Optimality gap: [621556678904, 621597393136[ 0.007 % (15081 backtracks, 86674 nodes)
Optimality gap: [621558578501, 621597393136[ 0.006 % (15083 backtracks, 87943 nodes)
Optimality gap: [621559581478, 621597393136[ 0.006 % (15092 backtracks, 89791 nodes)
Optimality gap: [621561174354, 621597393136[ 0.006 % (15099 backtracks, 91757 nodes)
Optimality gap: [621562546896, 621597393136[ 0.006 % (15104 backtracks, 94255 nodes)
Optimality gap: [621564082474, 621597393136[ 0.005 % (15110 backtracks, 96949 nodes)
Optimality gap: [621565661564, 621597393136[ 0.005 % (15113 backtracks, 99091 nodes)
Optimality gap: [621567184589, 621597393136[ 0.005 % (15113 backtracks, 100503 nodes)
Optimality gap: [621568957414, 621597393136[ 0.005 % (15114 backtracks, 102764 nodes)
Optimality gap: [621570126915, 621597393136[ 0.004 % (15114 backtracks, 103600 nodes)
Optimality gap: [621571711776, 621597393136[ 0.004 % (15119 backtracks, 105673 nodes)
Optimality gap: [621573157661, 621597393136[ 0.004 % (15122 backtracks, 108256 nodes)
Optimality gap: [621574719121, 621597393136[ 0.004 % (15125 backtracks, 110895 nodes)
Optimality gap: [621576356039, 621597393136[ 0.003 % (15125 backtracks, 111952 nodes)
Optimality gap: [621577736917, 621597393136[ 0.003 % (15128 backtracks, 114167 nodes)
Optimality gap: [621579364156, 621597393136[ 0.003 % (15128 backtracks, 116151 nodes)
Optimality gap: [621580830434, 621597393136[ 0.003 % (15129 backtracks, 117261 nodes)
Optimality gap: [621582597311, 621597393136[ 0.002 % (15129 backtracks, 118836 nodes)
Optimality gap: [621583957565, 621597393136[ 0.002 % (15130 backtracks, 120614 nodes)
Optimality gap: [621585520035, 621597393136[ 0.002 % (15130 backtracks, 122604 nodes)
Optimality gap: [621586827850, 621597393136[ 0.002 % (15130 backtracks, 124352 nodes)
Optimality gap: [621588644133, 621597393136[ 0.001 % (15132 backtracks, 127008 nodes)
Optimality gap: [621589985912, 621597393136[ 0.001 % (15132 backtracks, 128635 nodes)
Optimality gap: [621591367312, 621597393136[ 0.001 % (15132 backtracks, 130057 nodes)
Optimality gap: [621592973055, 621597393136[ 0.001 % (15132 backtracks, 130947 nodes)
Optimality gap: [621594368569, 621597393136[ 0.000 % (15132 backtracks, 132142 nodes)
Optimality gap: [621596111918, 621597393136[ 0.000 % (15132 backtracks, 133813 nodes)
Node redundancy during HBFS: 77.682 %
Optimum: 621597393136 in 15132 backtracks and 135360 nodes ( 9210323 removals by DEE) and 2710.609 seconds.
end.
