c MaxHS 4.0.0
c Instance: ../../../instances_wcnf/AIJ14F-1HZ5.12p.9aa.usingEref_self_digit2.wcnf
c Parameter Settings
c ============================================
c  A: General MaxHS Options
c   abstract-cores2greedy = false, bvardecisions = false, fbeq = false, printOptions = true,
c   printBstSoln = false, printSoln = false, printSoln-new-format = true, version = false,
c   tolerance = 1e-06, coretype = 0, cpu-lim = 2147483647, mem-lim = 2147483647,
c   verb = 1,
c 
c  B: MaxHS with abstractions Options
c   abstract = true, abstract-max-ave-size = 100, abstract-gap = 5, exhaust-cpu-lim-all-clauses = 15,
c   exhaust-cpu-lim = 60, abstract-min-cores = 2, abstract-max_core_size = 1000, abstract-minsize = 2,
c   cplex-greedy = 0, abstract-greedy_cores = 2, abstract-cplex_cores = 2,
c 
c  C: Disjoint Phase Options
c   dsjnt = true, dsjnt-cpu-lim = 30, dsjnt-mus-cpu-lim = 10,
c 
c  D: Seeding Options
c   seed-learnts = true, seed_cpu_before_cplex = 200, seedtype = 3, seed-max = 524288,
c   seed-all-limit = 512,
c 
c  E: Sequence of Sat Options
c   lp-harden = true, find-forced = false, improve-model = false, use-ub-mipstart = true,
c   max-cpu-improve-model = 10, max-cpu-before-cplex = 200, relaxfrac = 0.3, optcores-cpu-lim = 10,
c   abstract-assumps = 1, nonopt = 3, frac-rampup-start = 128, frac-rampup-end = 512,
c   max-cores-before-cplex = 300, sort-assumps = 0, max-size-improve-model = -1,
c 
c  F: Core Minimization Options
c   mus-min-red = 0.1, mus-cpu-lim = 2.5, mintype = 1, mverb = 0,
c  
c  G: CPLEX Options
c   cplex-tune = false, cplex-min-ticks = 4, cplex-threads = 1,
c 
c  H: CPLEX Solution Pool and Populate Options
c   cplextime-pop-cpu-lim = 7.5, cplex-solnpool-cap = 256, cplex-pop-nsoln = 256, cplex-populate = 1,
c   ub-conflicts = 1,
c 
c  I: Preprocessing Options
c   wcnf-harden = true, preprocess = true, wcnf-eqs = true, simplify-only = false,
c   mx-seed-mxes = true, mx-constrain-hs = true, mx-sat-prepro = false, wcnf-units = true,
c   mx-cpu-lim = 15, mx-find-mxes = 2, mx-mem-lim = 1536,
c 
c  J: Debugging Options
c   dump-prepro = false, cplex-wrt-model = false, cplex-output = false, cplex-data-chk = true,
c  
c  J: MINISAT solver Options
c   luby = true, rnd-init = false, rinc = 2, gc-frac = 0.2,
c   var-decay = 0.95, cla-decay = 0.999, rnd-freq = 0, rnd-seed = 9.16483e+07,
c   min-learnts = 0, sverb = 0, firstReduceDB = 2000, incReduceDB = 300,
c   specialIncReduceDB = 1000, rfirst = 100, phase-saving = 2, ccmin-mode = 2,
c  
c  K: MINISAT simplifier Options
c   elim = true, rcheck = false, asymm = false, simp-gc-frac = 0.5,
c   grow = 0, sub-lim = 1000, cl-lim = 20
c ============================================
c
c Instance: ../../../instances_wcnf/AIJ14F-1HZ5.12p.9aa.usingEref_self_digit2.wcnf
c Dimacs Vars: 305
c Dimacs Clauses: 37815
c HARD: #Clauses = 6783, Total Lits = 13847, Ave Len = 2.04143 #units = 0
c SOFT: #Clauses = 31032, Total Lits = 61834, Ave Len = 1.99259
c Total Soft Clause Weight (+ basecost): 2.65555e+07 (+ 0), Dimacs Top = 2.33176e+06
c SOFT%: 82.0627%
c #distinct weights: 2454, mean = 855.745, std. dev = 5870.01, min = 1, max = 308179
c Total Clauses: 37815
c Parse time: 0.005186
c Wcnf Space Required: 0MB
c ================================
c transitionWts = [ ] (0)
c WCNF hardened 0 soft clauses
c WCNF units: found 0 units
c WCNF SCCs: found 0 strongly connected components
c WCNF removed: 0 variables
c WCNF removed: 0 hard clauses
c WCNF removed: 0 lits from hard clauses
c WCNF removed: 0 soft clauses
c WCNF removed: 0 lits from softs clauses
c WCNF found 0 redundant hards and 0 duplicate or subsumed softs
c WCNF mutexes: #mutexes found = 0
c WCNF mx finder used 31032 calls to UP engine
c WCNF mutexes: original #softs 31032 #softs after mx-transforms 31032
c WCNF mutexes: reduction in softs 0
c After WCNF Simplification
c HARD: #Clauses = 6783, Total Lits = 13847, Ave Len = 2.04143
c SOFT: #Clauses = 31032, Total Lits = 61834, Ave Len = 1.99259
c Total Soft Clause Weight (+ basecost): 2.65555e+07 (+ 0), Dimacs Top = 2.33176e+06
c #distinct weights: 2454, mean = 855.745, std. dev = 5870.01, min = 1, max = 308179
c Total Clauses: 37815
c Wcnf Space Required: 0.55098MB
c ================================
c Muser: Vars of hards = 305 vars to be frozen = 305
c Using IBM CPLEX version 12.10.0.0 under IBM's Academic Initiative licencing program
c Total used vars = 305 vars to be frozen = 230
c MiniSat Preprocess eliminated 3 variables. took 0.015924 sec.
c Before solving sat solver has 37554 clauses and 0 learnts
c Init Bnds: SAT Time 0.002471
c New UB found 21444
c Elapsed time 0.034393
c Init Bnds: LB = 0 UB = 21444
c Init Bnds: Forced 0 literals.
c Init Bnds: after sat solver solver has 37554 clauses and 62 learnts
c EqSeed: found 37554 seedable constraints from input clauses
c EqSeed: 0 cores 4109 non-cores 18144 mixed-cores 15301 ordinary clauses
c EqSeed: found 62 seedable constraints from  learnts
c EqSeed: 0 cores 0 non-cores 4 mixed-cores 58 ordinary clauses
c EqSeed: #seeded constraints 37616
c EqSeed: cores            0 Ave length 0
c EqSeed: non-cores        4109 Ave length 2
c EqSeed: mixed cores      18148 Ave length 3.007989861
c EqSeed: ordinary clauses 15359 Ave length 3.586105866
c CPLEX has full input theory
c All clauses seeded into CPLEX
c Disjoint Phase
c New UB found 151
c Elapsed time 0.864076
c Dsjnt: #Cores 4 with total weight 4 LB 4 UB 151
c Dsjnt: Avg Core Size 654.75
c Dsjnt: Time 0.81945
c CPLEX: += 37620 Clauses. Average size =3.203216374
c Initial solve: add to CPLEX 37620 constraints
.c CPLEX returns incumbent with cost 151 and lower bound of 151 time = 1.460793
c CPLEX solution cost = 151 lower bound = 151
c CPLEX found optimal solution to its current model
c after CPLEX bnds: LB = 151 UB = 151 gap = 0
c Solved by LB >= UB.
o 151
s OPTIMUM FOUND
c Solved: Number of falsified softs = 7
c SAT: #calls 6
c SAT: Total time 0.820222
c SAT: #muser calls 4 (100 % successful)
c SAT: Minimize time 0.809199 (98.65609554%)
c SAT: Avg constraint minimization 0.02147793727
c GREEDY: #calls 0
c GREEDY: Total time 0
c CPLEX: #calls 1
c CPLEX: Total time 1.460793
c CPLEX: #constraints 37620
c CPLEX: Avg constraint size 3.203216374
c CPLEX: #non-core constraints 37588
c CPLEX: Ave non-core size 2.978876237
c LP-Bounds: Total time 0
c LP-Bounds: #calls 0
c LP-Bounds: Forced 0 variables
c MEM MB: 199
c CPU: 2.399325
