c MaxHS 4.0.0
c Instance: ../../../instances_wcnf/AIJ14L-1L63.matrix.83p.17aa.usingEref_self_digit2.wcnf
c Parameter Settings
c ============================================
c  A: General MaxHS Options
c   abstract-cores2greedy = false, bvardecisions = false, fbeq = false, printOptions = true,
c   printBstSoln = false, printSoln = false, printSoln-new-format = true, version = false,
c   tolerance = 1e-06, coretype = 0, cpu-lim = 2147483647, mem-lim = 2147483647,
c   verb = 1,
c 
c  B: MaxHS with abstractions Options
c   abstract = true, abstract-max-ave-size = 100, abstract-gap = 5, exhaust-cpu-lim-all-clauses = 15,
c   exhaust-cpu-lim = 60, abstract-min-cores = 2, abstract-max_core_size = 1000, abstract-minsize = 2,
c   cplex-greedy = 0, abstract-greedy_cores = 2, abstract-cplex_cores = 2,
c 
c  C: Disjoint Phase Options
c   dsjnt = true, dsjnt-cpu-lim = 30, dsjnt-mus-cpu-lim = 10,
c 
c  D: Seeding Options
c   seed-learnts = true, seed_cpu_before_cplex = 200, seedtype = 3, seed-max = 524288,
c   seed-all-limit = 512,
c 
c  E: Sequence of Sat Options
c   lp-harden = true, find-forced = false, improve-model = false, use-ub-mipstart = true,
c   max-cpu-improve-model = 10, max-cpu-before-cplex = 200, relaxfrac = 0.3, optcores-cpu-lim = 10,
c   abstract-assumps = 1, nonopt = 3, frac-rampup-start = 128, frac-rampup-end = 512,
c   max-cores-before-cplex = 300, sort-assumps = 0, max-size-improve-model = -1,
c 
c  F: Core Minimization Options
c   mus-min-red = 0.1, mus-cpu-lim = 2.5, mintype = 1, mverb = 0,
c  
c  G: CPLEX Options
c   cplex-tune = false, cplex-min-ticks = 4, cplex-threads = 1,
c 
c  H: CPLEX Solution Pool and Populate Options
c   cplextime-pop-cpu-lim = 7.5, cplex-solnpool-cap = 256, cplex-pop-nsoln = 256, cplex-populate = 1,
c   ub-conflicts = 1,
c 
c  I: Preprocessing Options
c   wcnf-harden = true, preprocess = true, wcnf-eqs = true, simplify-only = false,
c   mx-seed-mxes = true, mx-constrain-hs = true, mx-sat-prepro = false, wcnf-units = true,
c   mx-cpu-lim = 15, mx-find-mxes = 2, mx-mem-lim = 1536,
c 
c  J: Debugging Options
c   dump-prepro = false, cplex-wrt-model = false, cplex-output = false, cplex-data-chk = true,
c  
c  J: MINISAT solver Options
c   luby = true, rnd-init = false, rinc = 2, gc-frac = 0.2,
c   var-decay = 0.95, cla-decay = 0.999, rnd-freq = 0, rnd-seed = 9.16483e+07,
c   min-learnts = 0, sverb = 0, firstReduceDB = 2000, incReduceDB = 300,
c   specialIncReduceDB = 1000, rfirst = 100, phase-saving = 2, ccmin-mode = 2,
c  
c  K: MINISAT simplifier Options
c   elim = true, rcheck = false, asymm = false, simp-gc-frac = 0.5,
c   grow = 0, sub-lim = 1000, cl-lim = 20
c ============================================
c
c Instance: ../../../instances_wcnf/AIJ14L-1L63.matrix.83p.17aa.usingEref_self_digit2.wcnf
c Dimacs Vars: 1229
c Dimacs Clauses: 448020
c HARD: #Clauses = 45023, Total Lits = 91142, Ave Len = 2.02434 #units = 0
c SOFT: #Clauses = 402997, Total Lits = 805023, Ave Len = 1.99759
c Total Soft Clause Weight (+ basecost): 1.66048e+08 (+ 0), Dimacs Top = 2.57799e+07
c SOFT%: 89.9507%
c #distinct weights: 6825, mean = 412.034, std. dev = 5857.65, min = 1, max = 786946
c Total Clauses: 448020
c Parse time: 0.047622
c Wcnf Space Required: 6MB
c ================================
c transitionWts = [ ] (0)
c WCNF hardened 0 soft clauses
c WCNF units: found 0 units
c WCNF SCCs: found 0 strongly connected components
c WCNF removed: 0 variables
c WCNF removed: 0 hard clauses
c WCNF removed: 0 lits from hard clauses
c WCNF removed: 0 soft clauses
c WCNF removed: 0 lits from softs clauses
c WCNF found 0 redundant hards and 0 duplicate or subsumed softs
c WCNF mutexes: #mutexes found = 0
c WCNF mx finder used 402997 calls to UP engine
c WCNF mutexes: original #softs 402997 #softs after mx-transforms 402997
c WCNF mutexes: reduction in softs 0
c After WCNF Simplification
c HARD: #Clauses = 45023, Total Lits = 91142, Ave Len = 2.02434
c SOFT: #Clauses = 402997, Total Lits = 805023, Ave Len = 1.99759
c Total Soft Clause Weight (+ basecost): 1.66048e+08 (+ 0), Dimacs Top = 2.57799e+07
c #distinct weights: 6825, mean = 412.034, std. dev = 5857.65, min = 1, max = 786946
c Total Clauses: 448020
c Wcnf Space Required: 6.80864MB
c ================================
c Muser: Vars of hards = 1220 vars to be frozen = 1220
c Using IBM CPLEX version 12.10.0.0 under IBM's Academic Initiative licencing program
c Total used vars = 1229 vars to be frozen = 971
c MiniSat Preprocess eliminated 42 variables. took 0.340207 sec.
c Before solving sat solver has 446772 clauses and 0 learnts
c Init Bnds: SAT Time 0.030225
c New UB found 4934
c Elapsed time 0.57162
c Init Bnds: LB = 0 UB = 4934
c Init Bnds: Forced 0 literals.
c Init Bnds: after sat solver solver has 446772 clauses and 43 learnts
c EqSeed: found 310234 seedable constraints from input clauses
c EqSeed: 0 cores 34755 non-cores 275479 mixed-cores 0 ordinary clauses
c EqSeed: found 4 seedable constraints from  learnts
c EqSeed: 0 cores 0 non-cores 4 mixed-cores 0 ordinary clauses
c EqSeed: #seeded constraints 310238
c EqSeed: cores            0 Ave length 0
c EqSeed: non-cores        34755 Ave length 2
c EqSeed: mixed cores      275483 Ave length 3.008922511
c EqSeed: ordinary clauses 0 Ave length 0
c Disjoint Phase
c New UB found 480
c Elapsed time 8.766828
c Dsjnt: #Cores 8 with total weight 8 LB 8 UB 480
c Dsjnt: Avg Core Size 803.125
c Dsjnt: Time 8.098127
c **********Iter: 0 Elapsed Time = 8.768824
c CPLEX: += 310246 Clauses. Average size =2.916530753
c tryharden: softs hardened              6894
c tryharden: softs not in cplex hardened 3412
c Add to CPLEX 10314 Forced bvars. 0 are forced totalizer outputs
c CPLEX returns incumbent with cost 8 and lower bound of 8 time = 0.58437
c CPLEX found optimal solution to its current model
c after CPLEX bnds: LB = 8 UB = 480 gap = 472
c LP bound delta = 0 < 5 abstracting
c Computing an abstraction with 8 new cores
c cores too large not abstracting
c finding conflicts from cplex solution
c Add to satsolver 277538 forced negated bvars.
c Add to muser 284326 newly forced vars.
c Add to satSolver 36 newly forced from muser.
c Add to satsolver 1204 forced negated bvars.
c Add to muser 1204 newly forced vars.
c Add to satSolver 118 newly forced from muser.
c Add to satsolver 3727 forced negated bvars.
c Add to muser 3727 newly forced vars.
c Add to satSolver 40 newly forced from muser.
c Add to satsolver 1511 forced negated bvars.
c Add to muser 1511 newly forced vars.
c Add to satSolver 20 newly forced from muser.
c Add to satsolver 1190 forced negated bvars.
c Add to muser 1190 newly forced vars.
c Add to satSolver 4 newly forced from muser.
c Add to satsolver 299 forced negated bvars.
c Add to muser 299 newly forced vars.
c Add to satSolver 4 newly forced from muser.
c Add to satsolver 298 forced negated bvars.
c Add to muser 298 newly forced vars.
c Cplex concrete solution yielded 7 new conflicts
c finding conflicts from greedy
c Add to greedysolver 296290 Forced bvars.
c Add to satSolver 3 newly forced from muser.
c Add to satsolver 43 forced negated bvars.
c Add to muser 43 newly forced vars.
c Add to greedysolver 45 Forced bvars.
c New UB found 75
c Elapsed time 19.683077
c Add to satSolver 9 newly forced from muser.
c Add to satsolver 359 forced negated bvars.
c Add to greedysolver 368 Forced bvars.
c Add to muser 359 newly forced vars.
c New UB found 31
c Elapsed time 95.391001
c Add to satSolver 1 newly forced from muser.
c Add to greedysolver 1 Forced bvars.
c Greedy: iters=30 concrete conflicts=213 abstract conflicts=0
c **********Iter: 1 Elapsed Time = 210.653733
c Add to CPLEX 286390 Forced bvars. 0 are forced totalizer outputs
c CPLEX: += 220 Clauses. Average size =509.5681818
c tryharden: softs hardened              15974
c tryharden: softs not in cplex hardened 8379
c Add to CPLEX 24358 Forced bvars. 0 are forced totalizer outputs
c Cplex found better incumbent than UB (16.000000 < 31.000000)
c Cplex found better incumbent than UB (16.000000 < 31.000000)
c found incumbent of cost better than UB (= 31)
c CPLEX returns incumbent with cost 16 and lower bound of 11.29426534 time = 4.046374
c after CPLEX bnds: LB = 11.29426534 UB = 31 gap = 19.70573466
c LP bound delta = 2.98580359 < 5 abstracting
c Computing an abstraction with 220 new cores
c cores too large not abstracting
c finding conflicts from cplex solution
c Add to satsolver 75615 forced negated bvars.
c Add to muser 86058 newly forced vars.
c Add to satSolver 393 newly forced from muser.
c Add to satsolver 1234 forced negated bvars.
c Add to muser 1201 newly forced vars.
c Add to satSolver 158 newly forced from muser.
c Add to satsolver 701 forced negated bvars.
c Add to muser 690 newly forced vars.
c Add to satSolver 772 newly forced from muser.
c Add to satsolver 1425 forced negated bvars.
c Add to muser 1425 newly forced vars.
c Cplex concrete solution yielded 6 new conflicts
c finding conflicts from greedy
c Add to greedysolver 104623 Forced bvars.
c Add to satSolver 8 newly forced from muser.
c Add to satsolver 29 forced negated bvars.
c Add to muser 29 newly forced vars.
c Add to greedysolver 37 Forced bvars.
c Greedy: iters=43 concrete conflicts=70 abstract conflicts=0
c **********Iter: 2 Elapsed Time = 216.385671
c Add to CPLEX 80302 Forced bvars. 0 are forced totalizer outputs
c CPLEX: += 75 Clauses. Average size =7.44
c Solved by LP-Bound == UB.
o 31
s OPTIMUM FOUND
c Solved: Number of falsified softs = 10
c SAT: #calls 380
c SAT: Total time 207.778079
c SAT: #muser calls 304 (90.46052632 % successful)
c SAT: Minimize time 205.14596 (98.7332066%)
c SAT: Avg constraint minimization 0.1108240061
c GREEDY: #calls 73
c GREEDY: Total time 0.191864
c CPLEX: #calls 2
c CPLEX: Total time 4.630744
c CPLEX: #constraints 598697
c CPLEX: Avg constraint size 2.180831038
c CPLEX: #non-core constraints 598393
c CPLEX: Ave non-core size 1.98293095
c LP-Bounds: Total time 1.858513
c LP-Bounds: #calls 5
c LP-Bounds: Forced 34659 variables
c   hardned softs:              22868
c   hardned softs not in cplex: 11791
c MEM MB: 1069
c CPU: 217.12339
