c MaxHS 4.0.0
c Instance: ../../../instances_wcnf/AIJ14L-2PCY.matrix.46p.9aa.usingEref_self_digit2.wcnf
c Parameter Settings
c ============================================
c  A: General MaxHS Options
c   abstract-cores2greedy = false, bvardecisions = false, fbeq = false, printOptions = true,
c   printBstSoln = false, printSoln = false, printSoln-new-format = true, version = false,
c   tolerance = 1e-06, coretype = 0, cpu-lim = 2147483647, mem-lim = 2147483647,
c   verb = 1,
c 
c  B: MaxHS with abstractions Options
c   abstract = true, abstract-max-ave-size = 100, abstract-gap = 5, exhaust-cpu-lim-all-clauses = 15,
c   exhaust-cpu-lim = 60, abstract-min-cores = 2, abstract-max_core_size = 1000, abstract-minsize = 2,
c   cplex-greedy = 0, abstract-greedy_cores = 2, abstract-cplex_cores = 2,
c 
c  C: Disjoint Phase Options
c   dsjnt = true, dsjnt-cpu-lim = 30, dsjnt-mus-cpu-lim = 10,
c 
c  D: Seeding Options
c   seed-learnts = true, seed_cpu_before_cplex = 200, seedtype = 3, seed-max = 524288,
c   seed-all-limit = 512,
c 
c  E: Sequence of Sat Options
c   lp-harden = true, find-forced = false, improve-model = false, use-ub-mipstart = true,
c   max-cpu-improve-model = 10, max-cpu-before-cplex = 200, relaxfrac = 0.3, optcores-cpu-lim = 10,
c   abstract-assumps = 1, nonopt = 3, frac-rampup-start = 128, frac-rampup-end = 512,
c   max-cores-before-cplex = 300, sort-assumps = 0, max-size-improve-model = -1,
c 
c  F: Core Minimization Options
c   mus-min-red = 0.1, mus-cpu-lim = 2.5, mintype = 1, mverb = 0,
c  
c  G: CPLEX Options
c   cplex-tune = false, cplex-min-ticks = 4, cplex-threads = 1,
c 
c  H: CPLEX Solution Pool and Populate Options
c   cplextime-pop-cpu-lim = 7.5, cplex-solnpool-cap = 256, cplex-pop-nsoln = 256, cplex-populate = 1,
c   ub-conflicts = 1,
c 
c  I: Preprocessing Options
c   wcnf-harden = true, preprocess = true, wcnf-eqs = true, simplify-only = false,
c   mx-seed-mxes = true, mx-constrain-hs = true, mx-sat-prepro = false, wcnf-units = true,
c   mx-cpu-lim = 15, mx-find-mxes = 2, mx-mem-lim = 1536,
c 
c  J: Debugging Options
c   dump-prepro = false, cplex-wrt-model = false, cplex-output = false, cplex-data-chk = true,
c  
c  J: MINISAT solver Options
c   luby = true, rnd-init = false, rinc = 2, gc-frac = 0.2,
c   var-decay = 0.95, cla-decay = 0.999, rnd-freq = 0, rnd-seed = 9.16483e+07,
c   min-learnts = 0, sverb = 0, firstReduceDB = 2000, incReduceDB = 300,
c   specialIncReduceDB = 1000, rfirst = 100, phase-saving = 2, ccmin-mode = 2,
c  
c  K: MINISAT simplifier Options
c   elim = true, rcheck = false, asymm = false, simp-gc-frac = 0.5,
c   grow = 0, sub-lim = 1000, cl-lim = 20
c ============================================
c
c Instance: ../../../instances_wcnf/AIJ14L-2PCY.matrix.46p.9aa.usingEref_self_digit2.wcnf
c Dimacs Vars: 517
c Dimacs Clauses: 89344
c HARD: #Clauses = 10805, Total Lits = 22072, Ave Len = 2.04276 #units = 0
c SOFT: #Clauses = 78539, Total Lits = 156675, Ave Len = 1.99487
c Total Soft Clause Weight (+ basecost): 4.51088e+07 (+ 0), Dimacs Top = 8.07508e+06
c SOFT%: 87.9063%
c #distinct weights: 3529, mean = 574.349, std. dev = 7045.97, min = 1, max = 556053
c Total Clauses: 89344
c Parse time: 0.006539
c Wcnf Space Required: 1MB
c ================================
c transitionWts = [ ] (0)
c WCNF hardened 0 soft clauses
c WCNF units: found 0 units
c WCNF SCCs: found 0 strongly connected components
c WCNF removed: 0 variables
c WCNF removed: 0 hard clauses
c WCNF removed: 0 lits from hard clauses
c WCNF removed: 0 soft clauses
c WCNF removed: 0 lits from softs clauses
c WCNF found 0 redundant hards and 0 duplicate or subsumed softs
c WCNF mutexes: #mutexes found = 0
c WCNF mx finder used 78539 calls to UP engine
c WCNF mutexes: original #softs 78539 #softs after mx-transforms 78539
c WCNF mutexes: reduction in softs 0
c After WCNF Simplification
c HARD: #Clauses = 10805, Total Lits = 22072, Ave Len = 2.04276
c SOFT: #Clauses = 78539, Total Lits = 156675, Ave Len = 1.99487
c Total Soft Clause Weight (+ basecost): 4.51088e+07 (+ 0), Dimacs Top = 8.07508e+06
c #distinct weights: 3529, mean = 574.349, std. dev = 7045.97, min = 1, max = 556053
c Total Clauses: 89344
c Wcnf Space Required: 1.3433MB
c ================================
c Muser: Vars of hards = 515 vars to be frozen = 515
c Using IBM CPLEX version 12.10.0.0 under IBM's Academic Initiative licencing program
c Total used vars = 517 vars to be frozen = 403
c MiniSat Preprocess eliminated 12 variables. took 0.035776 sec.
c Before solving sat solver has 88855 clauses and 0 learnts
c Init Bnds: SAT Time 0.008401
c New UB found 192155
c Elapsed time 0.081948
c Init Bnds: LB = 0 UB = 192155
c Init Bnds: Forced 0 literals.
c Init Bnds: after sat solver solver has 88855 clauses and 100 learnts
c EqSeed: found 58805 seedable constraints from input clauses
c EqSeed: 0 cores 7324 non-cores 51481 mixed-cores 0 ordinary clauses
c EqSeed: found 4 seedable constraints from  learnts
c EqSeed: 0 cores 0 non-cores 4 mixed-cores 0 ordinary clauses
c EqSeed: #seeded constraints 58809
c EqSeed: cores            0 Ave length 0
c EqSeed: non-cores        7324 Ave length 2
c EqSeed: mixed cores      51485 Ave length 3.015286006
c EqSeed: ordinary clauses 0 Ave length 0
c Disjoint Phase
c New UB found 85
c Elapsed time 0.124411
c Dsjnt: #Cores 1 with total weight 1 LB 1 UB 85
c Dsjnt: Avg Core Size 223
c Dsjnt: Time 0.025259
c **********Iter: 0 Elapsed Time = 0.124786
c CPLEX: += 58810 Clauses. Average size =2.892586295
c tryharden: softs hardened              9035
c tryharden: softs not in cplex hardened 4713
c Add to CPLEX 13751 Forced bvars. 0 are forced totalizer outputs
c CPLEX returns incumbent with cost 1 and lower bound of 1 time = 0.047799
c CPLEX found optimal solution to its current model
c after CPLEX bnds: LB = 1 UB = 85 gap = 84
c LP bound delta = 0 < 5 abstracting
c Computing an abstraction with 1 new cores
c cores too large not abstracting
c finding conflicts from cplex solution
c Add to satsolver 59548 forced negated bvars.
c Add to muser 73073 newly forced vars.
c Add to satSolver 1 newly forced from muser.
c New UB found 1
c Elapsed time 0.317504
c Solved by CPLEX model.
o 1
s OPTIMUM FOUND
c Solved: Number of falsified softs = 1
c SAT: #calls 5
c SAT: Total time 0.041319
c SAT: #muser calls 2 (100 % successful)
c SAT: Minimize time 0.021171 (51.23792928%)
c SAT: Avg constraint minimization 0.002092913572
c GREEDY: #calls 0
c GREEDY: Total time 0
c CPLEX: #calls 1
c CPLEX: Total time 0.047799
c CPLEX: #constraints 67848
c CPLEX: Avg constraint size 2.640475769
c CPLEX: #non-core constraints 67847
c CPLEX: Ave non-core size 2.63722788
c LP-Bounds: Total time 0.041983
c LP-Bounds: #calls 2
c LP-Bounds: Forced 13748 variables
c   hardned softs:              9035
c   hardned softs not in cplex: 4713
c MEM MB: 155
c CPU: 0.410218
