c MaxHS 4.0.0
c Instance: ../../../instances_wcnf/Bio13-1ENH.matrix.36p.17aa.usingEref_self_digit8.wcnf
c Parameter Settings
c ============================================
c  A: General MaxHS Options
c   abstract-cores2greedy = false, bvardecisions = false, fbeq = false, printOptions = true,
c   printBstSoln = false, printSoln = false, printSoln-new-format = true, version = false,
c   tolerance = 1e-06, coretype = 0, cpu-lim = 2147483647, mem-lim = 2147483647,
c   verb = 1,
c 
c  B: MaxHS with abstractions Options
c   abstract = true, abstract-max-ave-size = 100, abstract-gap = 5, exhaust-cpu-lim-all-clauses = 15,
c   exhaust-cpu-lim = 60, abstract-min-cores = 2, abstract-max_core_size = 1000, abstract-minsize = 2,
c   cplex-greedy = 0, abstract-greedy_cores = 2, abstract-cplex_cores = 2,
c 
c  C: Disjoint Phase Options
c   dsjnt = true, dsjnt-cpu-lim = 30, dsjnt-mus-cpu-lim = 10,
c 
c  D: Seeding Options
c   seed-learnts = true, seed_cpu_before_cplex = 200, seedtype = 3, seed-max = 524288,
c   seed-all-limit = 512,
c 
c  E: Sequence of Sat Options
c   lp-harden = true, find-forced = false, improve-model = false, use-ub-mipstart = true,
c   max-cpu-improve-model = 10, max-cpu-before-cplex = 200, relaxfrac = 0.3, optcores-cpu-lim = 10,
c   abstract-assumps = 1, nonopt = 3, frac-rampup-start = 128, frac-rampup-end = 512,
c   max-cores-before-cplex = 300, sort-assumps = 0, max-size-improve-model = -1,
c 
c  F: Core Minimization Options
c   mus-min-red = 0.1, mus-cpu-lim = 2.5, mintype = 1, mverb = 0,
c  
c  G: CPLEX Options
c   cplex-tune = false, cplex-min-ticks = 4, cplex-threads = 1,
c 
c  H: CPLEX Solution Pool and Populate Options
c   cplextime-pop-cpu-lim = 7.5, cplex-solnpool-cap = 256, cplex-pop-nsoln = 256, cplex-populate = 1,
c   ub-conflicts = 1,
c 
c  I: Preprocessing Options
c   wcnf-harden = true, preprocess = true, wcnf-eqs = true, simplify-only = false,
c   mx-seed-mxes = true, mx-constrain-hs = true, mx-sat-prepro = false, wcnf-units = true,
c   mx-cpu-lim = 15, mx-find-mxes = 2, mx-mem-lim = 1536,
c 
c  J: Debugging Options
c   dump-prepro = false, cplex-wrt-model = false, cplex-output = false, cplex-data-chk = true,
c  
c  J: MINISAT solver Options
c   luby = true, rnd-init = false, rinc = 2, gc-frac = 0.2,
c   var-decay = 0.95, cla-decay = 0.999, rnd-freq = 0, rnd-seed = 9.16483e+07,
c   min-learnts = 0, sverb = 0, firstReduceDB = 2000, incReduceDB = 300,
c   specialIncReduceDB = 1000, rfirst = 100, phase-saving = 2, ccmin-mode = 2,
c  
c  K: MINISAT simplifier Options
c   elim = true, rcheck = false, asymm = false, simp-gc-frac = 0.5,
c   grow = 0, sub-lim = 1000, cl-lim = 20
c ============================================
c
c Instance: ../../../instances_wcnf/Bio13-1ENH.matrix.36p.17aa.usingEref_self_digit8.wcnf
c Dimacs Vars: 2986
c Dimacs Clauses: 4356653
c HARD: #Clauses = 173441, Total Lits = 349796, Ave Len = 2.0168 #units = 0
c SOFT: #Clauses = 4183212, Total Lits = 8363744, Ave Len = 1.99936
c Total Soft Clause Weight (+ basecost): 7.05844e+21 (+ 0), Dimacs Top = 5.1241e+17
c SOFT%: 96.0189%
c #distinct weights: 3380560, mean = 1.68733e+15, std. dev = 2.93556e+16, min = 1, max = 5.12409e+17
c Total Clauses: 4356653
c Parse time: 0.826766
c Wcnf Space Required: 65MB
c ================================
c transitionWts = [ 5.12409e+17 ] (1)
c WCNF hardened 13775 soft clauses. New total_cls wt = 7.81982e+14
c WCNF units: found 0 units
c WCNF SCCs: found 0 strongly connected components
c WCNF removed: 0 variables
c WCNF removed: 0 hard clauses
c WCNF removed: 0 lits from hard clauses
c WCNF removed: 0 soft clauses
c WCNF removed: 0 lits from softs clauses
c WCNF found 0 redundant hards and 0 duplicate or subsumed softs
c WCNF mutexes: #mutexes found = 0
c WCNF mx finder used 4169437 calls to UP engine
c WCNF mutexes: original #softs 4169437 #softs after mx-transforms 4169437
c WCNF mutexes: reduction in softs 0
c After WCNF Simplification
c HARD: #Clauses = 187216, Total Lits = 377346, Ave Len = 2.01556
c SOFT: #Clauses = 4169437, Total Lits = 8336194, Ave Len = 1.99936
c Total Soft Clause Weight (+ basecost): 7.81982e+14 (+ 0), Dimacs Top = 5.1241e+17
c #distinct weights: 3366790, mean = 1.87551e+08, std. dev = 4.28134e+09, min = 1, max = 9.21158e+11
c Total Clauses: 4356653
c Wcnf Space Required: 68.2097MB
c ================================
c Muser: Vars of hards = 2986 vars to be frozen = 2986
c Using IBM CPLEX version 12.10.0.0 under IBM's Academic Initiative licencing program
c Total used vars = 2986 vars to be frozen = 2680
c MiniSat Preprocess eliminated 7 variables. took 5.311498 sec.
c Before solving sat solver has 4353927 clauses and 0 learnts
c Init Bnds: SAT Time 0.313194
c New UB found 4.1599779e+11
c Elapsed time 7.437935
c Init Bnds: LB = 0 UB = 4.1599779e+11
c Init Bnds: Forced 0 literals.
c Init Bnds: after sat solver solver has 4353927 clauses and 100 learnts
c EqSeed: found 3568238 seedable constraints from input clauses
c EqSeed: 0 cores 158131 non-cores 3410107 mixed-cores 0 ordinary clauses
c EqSeed: found 13 seedable constraints from  learnts
c EqSeed: 0 cores 0 non-cores 13 mixed-cores 0 ordinary clauses
c EqSeed: #seeded constraints 3568251
c EqSeed: cores            0 Ave length 0
c EqSeed: non-cores        158131 Ave length 2
c EqSeed: mixed cores      366157 Ave length 3
c EqSeed: ordinary clauses 0 Ave length 0
c Disjoint Phase
c New UB found 1.086282679e+11
c Elapsed time 137.712797
c Dsjnt: #Cores 48 with total weight 58361 LB 58361 UB 1.086282679e+11
c Dsjnt: Avg Core Size 14339.875
c Dsjnt: Time 129.296582
c **********Iter: 0 Elapsed Time = 137.732563
c CPLEX: += 524336 Clauses. Average size =4.010876613
c tryharden: softs hardened              338
c tryharden: softs not in cplex hardened 834
c Add to CPLEX 1172 Forced bvars. 0 are forced totalizer outputs
c CPLEX returns incumbent with cost 58361 and lower bound of 58361 time = 2.49176
c CPLEX found optimal solution to its current model
c after CPLEX bnds: LB = 58361 UB = 1.086282679e+11 gap = 1.086282096e+11
c LP bound delta = 0 < 5 abstracting
c Computing an abstraction with 48 new cores
c cores too large not abstracting
c finding conflicts from cplex solution
c Add to satsolver 52549 forced negated bvars.
c Add to muser 53476 newly forced vars.
c New UB found 5.070138822e+10
c Elapsed time 224.572321
c Cplex concrete solution yielded 37 new conflicts
c finding conflicts from greedy
c Add to greedysolver 53721 Forced bvars.
c Greedy: iters=2 concrete conflicts=58 abstract conflicts=0
c **********Iter: 1 Elapsed Time = 344.832047
c Add to CPLEX 52549 Forced bvars. 0 are forced totalizer outputs
c CPLEX: += 95 Clauses. Average size =18489.02105
c tryharden: softs hardened              1093
c tryharden: softs not in cplex hardened 783
c Add to CPLEX 1876 Forced bvars. 0 are forced totalizer outputs
c Cplex found better incumbent than UB (111765034.000000 < 50701388221.000000)
c found incumbent of cost better than UB (= 5.070138822e+10)
c CPLEX returns incumbent with cost 111765034 and lower bound of 58361 time = 22.12054
c after CPLEX bnds: LB = 96801 UB = 5.070138822e+10 gap = 5.070129142e+10
c finding conflicts from cplex solution
c Add to satsolver 98868 forced negated bvars.
c Add to muser 99976 newly forced vars.
c New UB found 1.55690184e+10
c Elapsed time 452.799867
c Cplex concrete solution yielded 35 new conflicts
c finding conflicts from greedy
c Add to greedysolver 100744 Forced bvars.
c New UB found 1.412165349e+10
c Elapsed time 527.84853
c Greedy: iters=2 concrete conflicts=60 abstract conflicts=0
c **********Iter: 2 Elapsed Time = 571.49825
c Add to CPLEX 98868 Forced bvars. 0 are forced totalizer outputs
c CPLEX: += 95 Clauses. Average size =18477.48421
c tryharden: softs hardened              3653
c tryharden: softs not in cplex hardened 1171
c Add to CPLEX 4824 Forced bvars. 0 are forced totalizer outputs
c Cplex found better incumbent than UB (120624.000000 < 14121653489.000000)
c found incumbent of cost better than UB (= 1.412165349e+10)
c CPLEX returns incumbent with cost 120624 and lower bound of 120624 time = 24.34468
c CPLEX found optimal solution to its current model
c after CPLEX bnds: LB = 120624 UB = 1.412165349e+10 gap = 1.412153286e+10
c finding conflicts from cplex solution
c Add to satsolver 210479 forced negated bvars.
c Add to muser 212575 newly forced vars.
c Cplex concrete solution yielded 35 new conflicts
c finding conflicts from greedy
c Add to greedysolver 215303 Forced bvars.
c Add to satsolver 5198 forced negated bvars.
c Add to muser 4678 newly forced vars.
c Add to greedysolver 5199 Forced bvars.
c Greedy: iters=2 concrete conflicts=55 abstract conflicts=0
c **********Iter: 3 Elapsed Time = 799.665945
c Add to CPLEX 215678 Forced bvars. 0 are forced totalizer outputs
c CPLEX: += 90 Clauses. Average size =18060.96667
c Cplex found better incumbent than UB (153201.000000 < 14121653489.000000)
c found incumbent of cost better than UB (= 1.412165349e+10)
c CPLEX returns incumbent with cost 153201 and lower bound of 151950.25 time = 39.103622
c after CPLEX bnds: LB = 151950.25 UB = 1.412165349e+10 gap = 1.412150154e+10
c finding conflicts from cplex solution
c Cplex concrete solution yielded 28 new conflicts
c finding conflicts from greedy
c Greedy: iters=2 concrete conflicts=60 abstract conflicts=0
c **********Iter: 4 Elapsed Time = 1046.670087
c CPLEX: += 88 Clauses. Average size =20889.54545
c Cplex found better incumbent than UB (178227.000000 < 14121653489.000000)
c found incumbent of cost better than UB (= 1.412165349e+10)
c CPLEX returns incumbent with cost 178227 and lower bound of 177467.75 time = 65.096895
c after CPLEX bnds: LB = 177467.75 UB = 1.412165349e+10 gap = 1.412147602e+10
c finding conflicts from cplex solution
c Cplex concrete solution yielded 33 new conflicts
c finding conflicts from greedy
c Greedy: iters=3 concrete conflicts=56 abstract conflicts=0
c **********Iter: 5 Elapsed Time = 1316.401721
c CPLEX: += 89 Clauses. Average size =21545.80899
c Cplex found better incumbent than UB (199024.000000 < 14121653489.000000)
c found incumbent of cost better than UB (= 1.412165349e+10)
c CPLEX returns incumbent with cost 199024 and lower bound of 194942.25 time = 75.463115
c after CPLEX bnds: LB = 194942.25 UB = 1.412165349e+10 gap = 1.412145855e+10
c finding conflicts from cplex solution
c Cplex concrete solution yielded 35 new conflicts
c finding conflicts from greedy
c Greedy: iters=3 concrete conflicts=66 abstract conflicts=0
c **********Iter: 6 Elapsed Time = 1596.497241
c CPLEX: += 101 Clauses. Average size =21014.31683
c Cplex found better incumbent than UB (233493.000000 < 14121653489.000000)
c found incumbent of cost better than UB (= 1.412165349e+10)
c CPLEX returns incumbent with cost 233493 and lower bound of 229561.5817 time = 108.450423
c after CPLEX bnds: LB = 229561.5817 UB = 1.412165349e+10 gap = 1.412142393e+10
c finding conflicts from cplex solution
c Cplex concrete solution yielded 32 new conflicts
c finding conflicts from greedy
c Greedy: iters=2 concrete conflicts=35 abstract conflicts=0
c **********Iter: 7 Elapsed Time = 1916.223297
c CPLEX: += 67 Clauses. Average size =23921.76119
c Cplex found better incumbent than UB (12622506851.000000 < 14121653489.000000)
c found incumbent of cost better than UB (= 1.412165349e+10)
c CPLEX returns incumbent with cost 1.262250685e+10 and lower bound of 229561.5817 time = 100.836805
c after CPLEX bnds: LB = 267712.3 UB = 1.412165349e+10 gap = 1.412138578e+10
c finding conflicts from cplex solution
c Cplex concrete solution yielded 8 new conflicts
c finding conflicts from greedy
c Greedy: iters=3 concrete conflicts=55 abstract conflicts=0
c **********Iter: 8 Elapsed Time = 2233.88496
c CPLEX: += 63 Clauses. Average size =24085.11111
c Cplex found better incumbent than UB (289903.000000 < 14121653489.000000)
c found incumbent of cost better than UB (= 1.412165349e+10)
c CPLEX returns incumbent with cost 289903 and lower bound of 284439.4121 time = 114.529067
c after CPLEX bnds: LB = 284439.4121 UB = 1.412165349e+10 gap = 1.412136905e+10
c finding conflicts from cplex solution
c Cplex concrete solution yielded 29 new conflicts
c finding conflicts from greedy
c Greedy: iters=3 concrete conflicts=72 abstract conflicts=0
c **********Iter: 9 Elapsed Time = 2575.998854
c CPLEX: += 101 Clauses. Average size =23036.28713
c Cplex found better incumbent than UB (324629.000000 < 14121653489.000000)
c found incumbent of cost better than UB (= 1.412165349e+10)
c CPLEX returns incumbent with cost 324629 and lower bound of 313110.6685 time = 119.263763
c after CPLEX bnds: LB = 313110.6685 UB = 1.412165349e+10 gap = 1.412134038e+10
c finding conflicts from cplex solution
c Cplex concrete solution yielded 24 new conflicts
c finding conflicts from greedy
c Greedy: iters=2 concrete conflicts=62 abstract conflicts=0
c **********Iter: 10 Elapsed Time = 2948.271213
c CPLEX: += 86 Clauses. Average size =23769.04651
c Cplex found better incumbent than UB (379184.000000 < 14121653489.000000)
c found incumbent of cost better than UB (= 1.412165349e+10)
c CPLEX returns incumbent with cost 379184 and lower bound of 355785.0313 time = 83.791469
c after CPLEX bnds: LB = 355785.0313 UB = 1.412165349e+10 gap = 1.41212977e+10
c finding conflicts from cplex solution
c Cplex concrete solution yielded 24 new conflicts
c finding conflicts from greedy
c Greedy: iters=2 concrete conflicts=54 abstract conflicts=0
c **********Iter: 11 Elapsed Time = 3326.607381
c CPLEX: += 78 Clauses. Average size =28213.82051
c Cplex found better incumbent than UB (398932.000000 < 14121653489.000000)
c found incumbent of cost better than UB (= 1.412165349e+10)
c CPLEX returns incumbent with cost 398932 and lower bound of 373338.0802 time = 138.105572
c after CPLEX bnds: LB = 373338.0802 UB = 1.412165349e+10 gap = 1.412128015e+10
c finding conflicts from cplex solution
c INTERRUPTED signal 15
c unsolved
c Best LB Found: 373338.0802
c Best UB Found: 1.412165349e+10
o 14121653489
s UNKNOWN
c SAT: #calls 1056
c SAT: Total time 2304.293961
c SAT: #muser calls 20 (85 % successful)
c SAT: Minimize time 75.060244 (3.257407487%)
c SAT: Avg constraint minimization 0.00754966346
c GREEDY: #calls 26
c GREEDY: Total time 39.205127
c CPLEX: #calls 12
c CPLEX: Total time 893.597711
c CPLEX: #constraints 733940
c CPLEX: Avg constraint size 31.36175709
c CPLEX: #non-core constraints 732939
c CPLEX: Ave non-core size 2.214896465
c LP-Bounds: Total time 271.384507
c LP-Bounds: #calls 24
c LP-Bounds: Forced 7872 variables
c   hardned softs:              5084
c   hardned softs not in cplex: 2788
c MEM MB: 9330
c CPU: 3586.734819
