c MaxHS 4.0.0
c Instance: ../../../instances_wcnf/Bio13-1PIN.matrix.28p.20aa.usingEref_self_digit8.wcnf
c Parameter Settings
c ============================================
c  A: General MaxHS Options
c   abstract-cores2greedy = false, bvardecisions = false, fbeq = false, printOptions = true,
c   printBstSoln = false, printSoln = false, printSoln-new-format = true, version = false,
c   tolerance = 1e-06, coretype = 0, cpu-lim = 2147483647, mem-lim = 2147483647,
c   verb = 1,
c 
c  B: MaxHS with abstractions Options
c   abstract = true, abstract-max-ave-size = 100, abstract-gap = 5, exhaust-cpu-lim-all-clauses = 15,
c   exhaust-cpu-lim = 60, abstract-min-cores = 2, abstract-max_core_size = 1000, abstract-minsize = 2,
c   cplex-greedy = 0, abstract-greedy_cores = 2, abstract-cplex_cores = 2,
c 
c  C: Disjoint Phase Options
c   dsjnt = true, dsjnt-cpu-lim = 30, dsjnt-mus-cpu-lim = 10,
c 
c  D: Seeding Options
c   seed-learnts = true, seed_cpu_before_cplex = 200, seedtype = 3, seed-max = 524288,
c   seed-all-limit = 512,
c 
c  E: Sequence of Sat Options
c   lp-harden = true, find-forced = false, improve-model = false, use-ub-mipstart = true,
c   max-cpu-improve-model = 10, max-cpu-before-cplex = 200, relaxfrac = 0.3, optcores-cpu-lim = 10,
c   abstract-assumps = 1, nonopt = 3, frac-rampup-start = 128, frac-rampup-end = 512,
c   max-cores-before-cplex = 300, sort-assumps = 0, max-size-improve-model = -1,
c 
c  F: Core Minimization Options
c   mus-min-red = 0.1, mus-cpu-lim = 2.5, mintype = 1, mverb = 0,
c  
c  G: CPLEX Options
c   cplex-tune = false, cplex-min-ticks = 4, cplex-threads = 1,
c 
c  H: CPLEX Solution Pool and Populate Options
c   cplextime-pop-cpu-lim = 7.5, cplex-solnpool-cap = 256, cplex-pop-nsoln = 256, cplex-populate = 1,
c   ub-conflicts = 1,
c 
c  I: Preprocessing Options
c   wcnf-harden = true, preprocess = true, wcnf-eqs = true, simplify-only = false,
c   mx-seed-mxes = true, mx-constrain-hs = true, mx-sat-prepro = false, wcnf-units = true,
c   mx-cpu-lim = 15, mx-find-mxes = 2, mx-mem-lim = 1536,
c 
c  J: Debugging Options
c   dump-prepro = false, cplex-wrt-model = false, cplex-output = false, cplex-data-chk = true,
c  
c  J: MINISAT solver Options
c   luby = true, rnd-init = false, rinc = 2, gc-frac = 0.2,
c   var-decay = 0.95, cla-decay = 0.999, rnd-freq = 0, rnd-seed = 9.16483e+07,
c   min-learnts = 0, sverb = 0, firstReduceDB = 2000, incReduceDB = 300,
c   specialIncReduceDB = 1000, rfirst = 100, phase-saving = 2, ccmin-mode = 2,
c  
c  K: MINISAT simplifier Options
c   elim = true, rcheck = false, asymm = false, simp-gc-frac = 0.5,
c   grow = 0, sub-lim = 1000, cl-lim = 20
c ============================================
c
c Instance: ../../../instances_wcnf/Bio13-1PIN.matrix.28p.20aa.usingEref_self_digit8.wcnf
c Dimacs Vars: 1726
c Dimacs Clauses: 1447710
c HARD: #Clauses = 122511, Total Lits = 246696, Ave Len = 2.01366 #units = 0
c SOFT: #Clauses = 1325199, Total Lits = 2648825, Ave Len = 1.99881
c Total Soft Clause Weight (+ basecost): 1.22409e+22 (+ 0), Dimacs Top = 5.1241e+17
c SOFT%: 91.5376%
c #distinct weights: 1172520, mean = 9.23706e+15, std. dev = 6.81751e+16, min = 1, max = 5.12409e+17
c Total Clauses: 1447710
c Parse time: 0.285212
c Wcnf Space Required: 21MB
c ================================
c transitionWts = [ 5.12409e+17 ] (1)
c WCNF hardened 23889 soft clauses. New total_cls wt = 7.22727e+14
c WCNF units: found 0 units
c WCNF SCCs: found 0 strongly connected components
c WCNF removed: 0 variables
c WCNF removed: 0 hard clauses
c WCNF removed: 0 lits from hard clauses
c WCNF removed: 0 soft clauses
c WCNF removed: 0 lits from softs clauses
c WCNF found 0 redundant hards and 0 duplicate or subsumed softs
c WCNF mutexes: #mutexes found = 0
c WCNF mx finder used 1301310 calls to UP engine
c WCNF mutexes: original #softs 1301310 #softs after mx-transforms 1301310
c WCNF mutexes: reduction in softs 0
c After WCNF Simplification
c HARD: #Clauses = 146400, Total Lits = 294474, Ave Len = 2.01143
c SOFT: #Clauses = 1301310, Total Lits = 2601047, Ave Len = 1.99879
c Total Soft Clause Weight (+ basecost): 7.22727e+14 (+ 0), Dimacs Top = 5.1241e+17
c #distinct weights: 1148643, mean = 5.55384e+08, std. dev = 7.99997e+09, min = 1, max = 9.889e+11
c Total Clauses: 1447710
c Wcnf Space Required: 21.9926MB
c ================================
c Muser: Vars of hards = 1726 vars to be frozen = 1726
c Using IBM CPLEX version 12.10.0.0 under IBM's Academic Initiative licencing program
c Total used vars = 1726 vars to be frozen = 1573
c MiniSat Preprocess eliminated 14 variables. took 2.114247 sec.
c Before solving sat solver has 1446024 clauses and 0 learnts
c Init Bnds: SAT Time 0.105281
c New UB found 2.341341259e+10
c Elapsed time 2.781216
c Init Bnds: LB = 0 UB = 2.341341259e+10
c Init Bnds: Forced 0 literals.
c Init Bnds: after sat solver solver has 1446024 clauses and 100 learnts
c EqSeed: found 1229318 seedable constraints from input clauses
c EqSeed: 0 cores 128520 non-cores 1100798 mixed-cores 0 ordinary clauses
c EqSeed: found 9 seedable constraints from  learnts
c EqSeed: 0 cores 0 non-cores 9 mixed-cores 0 ordinary clauses
c EqSeed: #seeded constraints 1229327
c EqSeed: cores            0 Ave length 0
c EqSeed: non-cores        128520 Ave length 2
c EqSeed: mixed cores      395768 Ave length 3
c EqSeed: ordinary clauses 0 Ave length 0
c Disjoint Phase
c Add to satSolver 1 newly forced from muser.
c New UB found 3958355566
c Elapsed time 146.922262
c Dsjnt: #Cores 9 with total weight 132 LB 132 UB 3958355566
c Dsjnt: Avg Core Size 4752.444444
c Dsjnt: Time 143.805381
c **********Iter: 0 Elapsed Time = 146.928414
c Add to CPLEX 1 Forced bvars. 0 are forced totalizer outputs
c CPLEX: += 524297 Clauses. Average size =2.836399979
c tryharden: softs hardened              6527
c tryharden: softs not in cplex hardened 10663
c Add to CPLEX 17202 Forced bvars. 0 are forced totalizer outputs
c CPLEX returns incumbent with cost 132 and lower bound of 132 time = 1.379519
c CPLEX found optimal solution to its current model
c after CPLEX bnds: LB = 132 UB = 3958355566 gap = 3958355434
c LP bound delta = 0 < 5 abstracting
c Computing an abstraction with 9 new cores
c cores too large not abstracting
c finding conflicts from cplex solution
c Add to satsolver 386930 forced negated bvars.
c Add to muser 391746 newly forced vars.
c Add to satSolver 100 newly forced from muser.
c Add to satsolver 1239 forced negated bvars.
c Add to muser 1239 newly forced vars.
c Add to satSolver 134 newly forced from muser.
c Add to satsolver 1203 forced negated bvars.
c Add to muser 1203 newly forced vars.
c Add to satSolver 1275 newly forced from muser.
c Add to satsolver 105703 forced negated bvars.
c Add to muser 103169 newly forced vars.
c Add to satSolver 125 newly forced from muser.
c Add to satsolver 2314 forced negated bvars.
c Add to muser 2314 newly forced vars.
c Add to satSolver 43 newly forced from muser.
c Add to satsolver 2510 forced negated bvars.
c Add to muser 2510 newly forced vars.
c Add to satsolver 1204 forced negated bvars.
c Add to muser 1184 newly forced vars.
c Add to satSolver 35 newly forced from muser.
c Add to satsolver 2332 forced negated bvars.
c Add to satsolver 7487 forced negated bvars.
c Add to muser 9688 newly forced vars.
c Add to satSolver 91 newly forced from muser.
c Add to satsolver 3661 forced negated bvars.
c Cplex concrete solution yielded 9 new conflicts
c finding conflicts from greedy
c Add to greedysolver 533677 Forced bvars.
c Add to muser 3661 newly forced vars.
c Add to satSolver 39 newly forced from muser.
c Add to satsolver 1231 forced negated bvars.
c Add to muser 1231 newly forced vars.
c Add to satSolver 75 newly forced from muser.
c Add to satsolver 2461 forced negated bvars.
c Add to satsolver 1256 forced negated bvars.
c Add to muser 3677 newly forced vars.
c Add to satsolver 3524 forced negated bvars.
c Add to muser 3217 newly forced vars.
c Add to greedysolver 8590 Forced bvars.
c Add to satSolver 140 newly forced from muser.
c Add to satsolver 2153 forced negated bvars.
c Add to muser 2153 newly forced vars.
c Add to satsolver 2376 forced negated bvars.
c Add to muser 2266 newly forced vars.
c New UB found 1508125410
c Elapsed time 178.113325
c Add to greedysolver 4671 Forced bvars.
c New UB found 1490372622
c Elapsed time 208.83221
c New UB found 1372825215
c Elapsed time 216.94505
c New UB found 1102268713
c Elapsed time 228.645369
c Greedy: iters=19 concrete conflicts=128 abstract conflicts=0
c **********Iter: 1 Elapsed Time = 351.495964
c Add to CPLEX 529735 Forced bvars. 0 are forced totalizer outputs
c CPLEX: += 137 Clauses. Average size =12204.10219
c tryharden: softs hardened              4383
c tryharden: softs not in cplex hardened 730
c Add to CPLEX 5142 Forced bvars. 0 are forced totalizer outputs
c Cplex found better incumbent than UB (178452523.000000 < 1102268713.000000)
c found incumbent of cost better than UB (= 1102268713)
c CPLEX returns incumbent with cost 178452523 and lower bound of 132 time = 5.388995
c after CPLEX bnds: LB = 49485.82051 UB = 1102268713 gap = 1102219227
c finding conflicts from cplex solution
c Add to satsolver 175111 forced negated bvars.
c Add to muser 75567 newly forced vars.
c Add to satSolver 1 newly forced from muser.
c Cplex concrete solution yielded 7 new conflicts
c finding conflicts from greedy
c Add to greedysolver 180253 Forced bvars.
c Add to satSolver 277 newly forced from muser.
c Add to satsolver 704 forced negated bvars.
c Add to muser 704 newly forced vars.
c Add to greedysolver 979 Forced bvars.
c New UB found 788886088
c Elapsed time 412.751016
c Add to satSolver 483 newly forced from muser.
c Add to satsolver 527 forced negated bvars.
c Add to greedysolver 1009 Forced bvars.
c Add to muser 527 newly forced vars.
c Greedy: iters=13 concrete conflicts=88 abstract conflicts=0
c **********Iter: 2 Elapsed Time = 558.827744
c Add to CPLEX 177099 Forced bvars. 0 are forced totalizer outputs
c CPLEX: += 95 Clauses. Average size =12082.64211
c tryharden: softs hardened              1634
c tryharden: softs not in cplex hardened 128
c Add to CPLEX 1763 Forced bvars. 0 are forced totalizer outputs
c Cplex found better incumbent than UB (120101.000000 < 788886088.000000)
c found incumbent of cost better than UB (= 788886088)
c CPLEX returns incumbent with cost 120101 and lower bound of 118659.6309 time = 8.802174
c after CPLEX bnds: LB = 118659.6309 UB = 788886088 gap = 788767428.4
c finding conflicts from cplex solution
c Add to satsolver 58055 forced negated bvars.
c Add to muser 17277 newly forced vars.
c Cplex concrete solution yielded 8 new conflicts
c finding conflicts from greedy
c Add to greedysolver 59818 Forced bvars.
c Greedy: iters=11 concrete conflicts=72 abstract conflicts=0
c **********Iter: 3 Elapsed Time = 770.898553
c Add to CPLEX 58055 Forced bvars. 0 are forced totalizer outputs
c CPLEX: += 80 Clauses. Average size =10926.9625
c Cplex found better incumbent than UB (220180.000000 < 788886088.000000)
c found incumbent of cost better than UB (= 788886088)
c CPLEX returns incumbent with cost 220180 and lower bound of 201015.4375 time = 19.923042
c after CPLEX bnds: LB = 201015.4375 UB = 788886088 gap = 788685072.6
c finding conflicts from cplex solution
c Cplex concrete solution yielded 8 new conflicts
c finding conflicts from greedy
c Add to satSolver 549 newly forced from muser.
c Add to satsolver 479 forced negated bvars.
c Add to muser 479 newly forced vars.
c Add to greedysolver 1027 Forced bvars.
c Greedy: iters=12 concrete conflicts=71 abstract conflicts=0
c **********Iter: 4 Elapsed Time = 994.146936
c Add to CPLEX 1027 Forced bvars. 0 are forced totalizer outputs
c CPLEX: += 79 Clauses. Average size =10871.78481
c tryharden: softs hardened              1
c Add to CPLEX 1 Forced bvars. 0 are forced totalizer outputs
c Cplex found better incumbent than UB (345802.000000 < 788886088.000000)
c found incumbent of cost better than UB (= 788886088)
c CPLEX returns incumbent with cost 345802 and lower bound of 341034.2405 time = 21.909409
c after CPLEX bnds: LB = 341034.2405 UB = 788886088 gap = 788545053.8
c finding conflicts from cplex solution
c Add to muser 1 newly forced vars.
c Cplex concrete solution yielded 7 new conflicts
c finding conflicts from greedy
c Add to greedysolver 1 Forced bvars.
c Greedy: iters=11 concrete conflicts=69 abstract conflicts=0
c **********Iter: 5 Elapsed Time = 1221.849938
c CPLEX: += 76 Clauses. Average size =12634.47368
c Cplex found better incumbent than UB (444978.000000 < 788886088.000000)
c found incumbent of cost better than UB (= 788886088)
c CPLEX returns incumbent with cost 444978 and lower bound of 421246.8946 time = 15.710823
c after CPLEX bnds: LB = 421246.8946 UB = 788886088 gap = 788464841.1
c finding conflicts from cplex solution
c Cplex concrete solution yielded 7 new conflicts
c finding conflicts from greedy
c Greedy: iters=11 concrete conflicts=67 abstract conflicts=0
c **********Iter: 6 Elapsed Time = 1442.813429
c CPLEX: += 74 Clauses. Average size =12834.98649
c tryharden: softs hardened              1
c Add to CPLEX 1 Forced bvars. 0 are forced totalizer outputs
c Cplex found better incumbent than UB (684787.000000 < 788886088.000000)
c found incumbent of cost better than UB (= 788886088)
c CPLEX returns incumbent with cost 684787 and lower bound of 670145.0436 time = 18.399027
c after CPLEX bnds: LB = 670145.0436 UB = 788886088 gap = 788215943
c finding conflicts from cplex solution
c Add to muser 1 newly forced vars.
c Cplex concrete solution yielded 8 new conflicts
c finding conflicts from greedy
c Add to greedysolver 1 Forced bvars.
c Greedy: iters=10 concrete conflicts=63 abstract conflicts=0
c **********Iter: 7 Elapsed Time = 1668.360093
c CPLEX: += 71 Clauses. Average size =12939.83099
c Cplex found better incumbent than UB (708956.000000 < 788886088.000000)
c found incumbent of cost better than UB (= 788886088)
c CPLEX returns incumbent with cost 708956 and lower bound of 695634.4894 time = 21.663856
c after CPLEX bnds: LB = 695634.4894 UB = 788886088 gap = 788190453.5
c finding conflicts from cplex solution
c Cplex concrete solution yielded 7 new conflicts
c finding conflicts from greedy
c Greedy: iters=11 concrete conflicts=65 abstract conflicts=0
c **********Iter: 8 Elapsed Time = 1896.013418
c CPLEX: += 72 Clauses. Average size =11704.33333
c tryharden: softs hardened              1
c Add to CPLEX 1 Forced bvars. 0 are forced totalizer outputs
c Cplex found better incumbent than UB (747189.000000 < 788886088.000000)
c found incumbent of cost better than UB (= 788886088)
c CPLEX returns incumbent with cost 747189 and lower bound of 738390.8385 time = 23.924844
c after CPLEX bnds: LB = 738390.8385 UB = 788886088 gap = 788147697.2
c finding conflicts from cplex solution
c Add to muser 1 newly forced vars.
c Cplex concrete solution yielded 7 new conflicts
c finding conflicts from greedy
c Add to greedysolver 1 Forced bvars.
c Add to satSolver 558 newly forced from muser.
c Add to satsolver 470 forced negated bvars.
c Add to muser 470 newly forced vars.
c Add to greedysolver 1027 Forced bvars.
c Greedy: iters=10 concrete conflicts=62 abstract conflicts=0
c **********Iter: 9 Elapsed Time = 2128.412159
c Add to CPLEX 1027 Forced bvars. 0 are forced totalizer outputs
c CPLEX: += 69 Clauses. Average size =12835.86957
c Cplex found better incumbent than UB (826030.000000 < 788886088.000000)
c found incumbent of cost better than UB (= 788886088)
c CPLEX returns incumbent with cost 826030 and lower bound of 823984.45 time = 25.766071
c after CPLEX bnds: LB = 823984.45 UB = 788886088 gap = 788062103.6
c finding conflicts from cplex solution
c Cplex concrete solution yielded 8 new conflicts
c finding conflicts from greedy
c Greedy: iters=10 concrete conflicts=64 abstract conflicts=0
c **********Iter: 10 Elapsed Time = 2360.40445
c CPLEX: += 72 Clauses. Average size =13572.45833
c tryharden: softs hardened              1
c Add to CPLEX 1 Forced bvars. 0 are forced totalizer outputs
c Cplex found better incumbent than UB (859163.000000 < 788886088.000000)
c found incumbent of cost better than UB (= 788886088)
c CPLEX returns incumbent with cost 859163 and lower bound of 852804.5541 time = 28.333354
c after CPLEX bnds: LB = 852804.5541 UB = 788886088 gap = 788033283.4
c finding conflicts from cplex solution
c Add to muser 1 newly forced vars.
c Cplex concrete solution yielded 8 new conflicts
c finding conflicts from greedy
c Add to greedysolver 1 Forced bvars.
c Greedy: iters=10 concrete conflicts=62 abstract conflicts=0
c **********Iter: 11 Elapsed Time = 2594.687441
c CPLEX: += 70 Clauses. Average size =12205.01429
c Cplex found better incumbent than UB (942488.000000 < 788886088.000000)
c found incumbent of cost better than UB (= 788886088)
c CPLEX returns incumbent with cost 942488 and lower bound of 912955.9411 time = 29.325294
c after CPLEX bnds: LB = 912955.9411 UB = 788886088 gap = 787973132.1
c finding conflicts from cplex solution
c Cplex concrete solution yielded 8 new conflicts
c finding conflicts from greedy
c Greedy: iters=10 concrete conflicts=61 abstract conflicts=0
c **********Iter: 12 Elapsed Time = 2833.004488
c CPLEX: += 69 Clauses. Average size =12196.42029
c tryharden: softs hardened              1
c Add to CPLEX 1 Forced bvars. 0 are forced totalizer outputs
c Cplex found better incumbent than UB (1190057.000000 < 788886088.000000)
c found incumbent of cost better than UB (= 788886088)
c CPLEX returns incumbent with cost 1190057 and lower bound of 1006028.083 time = 30.009656
c after CPLEX bnds: LB = 1006028.083 UB = 788886088 gap = 787880059.9
c finding conflicts from cplex solution
c Add to muser 1 newly forced vars.
c Cplex concrete solution yielded 7 new conflicts
c finding conflicts from greedy
c Add to greedysolver 1 Forced bvars.
c Greedy: iters=33 concrete conflicts=197 abstract conflicts=0
c **********Iter: 13 Elapsed Time = 3071.149034
c CPLEX: += 204 Clauses. Average size =12955.38725
c tryharden: softs hardened              3
c Add to CPLEX 3 Forced bvars. 0 are forced totalizer outputs
c Cplex found better incumbent than UB (1520554.000000 < 788886088.000000)
c found incumbent of cost better than UB (= 788886088)
c CPLEX returns incumbent with cost 1520554 and lower bound of 1471127.079 time = 36.994805
c after CPLEX bnds: LB = 1471127.079 UB = 788886088 gap = 787414960.9
c finding conflicts from cplex solution
c Add to muser 3 newly forced vars.
c Cplex concrete solution yielded 7 new conflicts
c finding conflicts from greedy
c Add to greedysolver 3 Forced bvars.
c Greedy: iters=48 concrete conflicts=293 abstract conflicts=0
c **********Iter: 14 Elapsed Time = 3252.594479
c CPLEX: += 300 Clauses. Average size =14418.97
c tryharden: softs hardened              15
c Add to CPLEX 15 Forced bvars. 0 are forced totalizer outputs
c Cplex found better incumbent than UB (3755309.000000 < 788886088.000000)
c found incumbent of cost better than UB (= 788886088)
c CPLEX returns incumbent with cost 3755309 and lower bound of 3403992.695 time = 52.768618
c after CPLEX bnds: LB = 3403992.695 UB = 788886088 gap = 785482095.3
c finding conflicts from cplex solution
c Add to muser 15 newly forced vars.
c Cplex concrete solution yielded 7 new conflicts
c finding conflicts from greedy
c Add to greedysolver 15 Forced bvars.
c Greedy: iters=48 concrete conflicts=293 abstract conflicts=0
c **********Iter: 15 Elapsed Time = 3464.223486
c CPLEX: += 300 Clauses. Average size =14781.86333
c tryharden: softs hardened              6
c Add to CPLEX 6 Forced bvars. 0 are forced totalizer outputs
c Cplex found better incumbent than UB (4967462.000000 < 788886088.000000)
c found incumbent of cost better than UB (= 788886088)
c CPLEX returns incumbent with cost 4967462 and lower bound of 4502736.503 time = 72.970969
c after CPLEX bnds: LB = 4502736.503 UB = 788886088 gap = 784383351.5
c finding conflicts from cplex solution
c Add to muser 6 newly forced vars.
c Cplex concrete solution yielded 8 new conflicts
c finding conflicts from greedy
c Add to greedysolver 6 Forced bvars.
c INTERRUPTED signal 15
c unsolved
c Best LB Found: 4502736.503
c Best UB Found: 788886088
o 788886088
s UNKNOWN
c SAT: #calls 2070
c SAT: Total time 2802.928591
c SAT: #muser calls 1023 (0.5865102639 % successful)
c SAT: Minimize time 2345.541797 (83.68182495%)
c SAT: Avg constraint minimization 0.4489228083
c GREEDY: #calls 269
c GREEDY: Total time 181.897592
c CPLEX: #calls 16
c CPLEX: Total time 413.270456
c CPLEX: #constraints 900304
c CPLEX: Avg constraint size 27.81839579
c CPLEX: #non-core constraints 898527
c CPLEX: Ave non-core size 2.023960326
c LP-Bounds: Total time 129.420679
c LP-Bounds: #calls 32
c LP-Bounds: Forced 24094 variables
c   hardned softs:              12573
c   hardned softs not in cplex: 11521
c MEM MB: 7682
c CPU: 3581.611122
