c MaxHS 4.0.0
c Instance: ../../../instances_wcnf/Bio13-1CSE.matrix.97p.18aa.usingEref_self_digit8.wcnf
c Parameter Settings
c ============================================
c  A: General MaxHS Options
c   abstract-cores2greedy = false, bvardecisions = false, fbeq = false, printOptions = true,
c   printBstSoln = false, printSoln = false, printSoln-new-format = true, version = false,
c   tolerance = 1e-06, coretype = 0, cpu-lim = 2147483647, mem-lim = 2147483647,
c   verb = 1,
c 
c  B: MaxHS with abstractions Options
c   abstract = true, abstract-max-ave-size = 100, abstract-gap = 5, exhaust-cpu-lim-all-clauses = 15,
c   exhaust-cpu-lim = 60, abstract-min-cores = 2, abstract-max_core_size = 1000, abstract-minsize = 2,
c   cplex-greedy = 0, abstract-greedy_cores = 2, abstract-cplex_cores = 2,
c 
c  C: Disjoint Phase Options
c   dsjnt = true, dsjnt-cpu-lim = 30, dsjnt-mus-cpu-lim = 10,
c 
c  D: Seeding Options
c   seed-learnts = true, seed_cpu_before_cplex = 200, seedtype = 3, seed-max = 524288,
c   seed-all-limit = 512,
c 
c  E: Sequence of Sat Options
c   lp-harden = true, find-forced = false, improve-model = false, use-ub-mipstart = true,
c   max-cpu-improve-model = 10, max-cpu-before-cplex = 200, relaxfrac = 0.3, optcores-cpu-lim = 10,
c   abstract-assumps = 1, nonopt = 3, frac-rampup-start = 128, frac-rampup-end = 512,
c   max-cores-before-cplex = 300, sort-assumps = 0, max-size-improve-model = -1,
c 
c  F: Core Minimization Options
c   mus-min-red = 0.1, mus-cpu-lim = 2.5, mintype = 1, mverb = 0,
c  
c  G: CPLEX Options
c   cplex-tune = false, cplex-min-ticks = 4, cplex-threads = 1,
c 
c  H: CPLEX Solution Pool and Populate Options
c   cplextime-pop-cpu-lim = 7.5, cplex-solnpool-cap = 256, cplex-pop-nsoln = 256, cplex-populate = 1,
c   ub-conflicts = 1,
c 
c  I: Preprocessing Options
c   wcnf-harden = true, preprocess = true, wcnf-eqs = true, simplify-only = false,
c   mx-seed-mxes = true, mx-constrain-hs = true, mx-sat-prepro = false, wcnf-units = true,
c   mx-cpu-lim = 15, mx-find-mxes = 2, mx-mem-lim = 1536,
c 
c  J: Debugging Options
c   dump-prepro = false, cplex-wrt-model = false, cplex-output = false, cplex-data-chk = true,
c  
c  J: MINISAT solver Options
c   luby = true, rnd-init = false, rinc = 2, gc-frac = 0.2,
c   var-decay = 0.95, cla-decay = 0.999, rnd-freq = 0, rnd-seed = 9.16483e+07,
c   min-learnts = 0, sverb = 0, firstReduceDB = 2000, incReduceDB = 300,
c   specialIncReduceDB = 1000, rfirst = 100, phase-saving = 2, ccmin-mode = 2,
c  
c  K: MINISAT simplifier Options
c   elim = true, rcheck = false, asymm = false, simp-gc-frac = 0.5,
c   grow = 0, sub-lim = 1000, cl-lim = 20
c ============================================
c
c Instance: ../../../instances_wcnf/Bio13-1CSE.matrix.97p.18aa.usingEref_self_digit8.wcnf
c Dimacs Vars: 434
c Dimacs Clauses: 82613
c HARD: #Clauses = 13646, Total Lits = 27657, Ave Len = 2.02675 #units = 0
c SOFT: #Clauses = 68967, Total Lits = 137576, Ave Len = 1.99481
c Total Soft Clause Weight (+ basecost): 1.02994e+20 (+ 0), Dimacs Top = 5.1241e+17
c SOFT%: 83.482%
c #distinct weights: 53155, mean = 1.49338e+15, std. dev = 2.76225e+16, min = 1, max = 5.12409e+17
c Total Clauses: 82613
c Parse time: 0.012116
c Wcnf Space Required: 1MB
c ================================
c transitionWts = [ 5.12409e+17 ] (1)
c WCNF hardened 201 soft clauses. New total_cls wt = 1.09377e+13
c WCNF units: found 0 units
c WCNF SCCs: found 0 strongly connected components
c WCNF removed: 0 variables
c WCNF removed: 0 hard clauses
c WCNF removed: 0 lits from hard clauses
c WCNF removed: 0 soft clauses
c WCNF removed: 0 lits from softs clauses
c WCNF found 0 redundant hards and 0 duplicate or subsumed softs
c WCNF mutexes: #mutexes found = 0
c WCNF mx finder used 68766 calls to UP engine
c WCNF mutexes: original #softs 68766 #softs after mx-transforms 68766
c WCNF mutexes: reduction in softs 0
c After WCNF Simplification
c HARD: #Clauses = 13847, Total Lits = 28059, Ave Len = 2.02636
c SOFT: #Clauses = 68766, Total Lits = 137174, Ave Len = 1.99479
c Total Soft Clause Weight (+ basecost): 1.09377e+13 (+ 0), Dimacs Top = 5.1241e+17
c #distinct weights: 52954, mean = 1.59057e+08, std. dev = 3.672e+09, min = 1, max = 3.30535e+11
c Total Clauses: 82613
c Wcnf Space Required: 1.21106MB
c ================================
c Muser: Vars of hards = 427 vars to be frozen = 427
c Using IBM CPLEX version 12.10.0.0 under IBM's Academic Initiative licencing program
c Total used vars = 434 vars to be frozen = 358
c MiniSat Preprocess eliminated 26 variables. took 0.049598 sec.
c Before solving sat solver has 82099 clauses and 0 learnts
c Init Bnds: SAT Time 0.002329
c New UB found 0
c Elapsed time 0.081842
c Solved by Init Bounds.
o 0
s OPTIMUM FOUND
c Solved: Number of falsified softs = 0
c SAT: #calls 1
c SAT: Total time 0.002329
c SAT: #muser calls 0 (-nan % successful)
c SAT: Minimize time 0 (0%)
c SAT: Avg constraint minimization -nan
c GREEDY: #calls 0
c GREEDY: Total time 0
c CPLEX: #calls 0
c CPLEX: Total time 0
c CPLEX: #constraints 0
c CPLEX: #non-core constraints 0
c LP-Bounds: Total time 0
c LP-Bounds: #calls 0
c LP-Bounds: Forced 0 variables
c MEM MB: 65
c CPU: 0.192476
