c MaxHS 4.0.0
c Instance: ../../../instances_wcnf/CP13-pedigree51.wcnf
c Parameter Settings
c ============================================
c  A: General MaxHS Options
c   abstract-cores2greedy = false, bvardecisions = false, fbeq = false, printOptions = true,
c   printBstSoln = false, printSoln = false, printSoln-new-format = true, version = false,
c   tolerance = 1e-06, coretype = 0, cpu-lim = 2147483647, mem-lim = 2147483647,
c   verb = 1,
c 
c  B: MaxHS with abstractions Options
c   abstract = true, abstract-max-ave-size = 100, abstract-gap = 5, exhaust-cpu-lim-all-clauses = 15,
c   exhaust-cpu-lim = 60, abstract-min-cores = 2, abstract-max_core_size = 1000, abstract-minsize = 2,
c   cplex-greedy = 0, abstract-greedy_cores = 2, abstract-cplex_cores = 2,
c 
c  C: Disjoint Phase Options
c   dsjnt = true, dsjnt-cpu-lim = 30, dsjnt-mus-cpu-lim = 10,
c 
c  D: Seeding Options
c   seed-learnts = true, seed_cpu_before_cplex = 200, seedtype = 3, seed-max = 524288,
c   seed-all-limit = 512,
c 
c  E: Sequence of Sat Options
c   lp-harden = true, find-forced = false, improve-model = false, use-ub-mipstart = true,
c   max-cpu-improve-model = 10, max-cpu-before-cplex = 200, relaxfrac = 0.3, optcores-cpu-lim = 10,
c   abstract-assumps = 1, nonopt = 3, frac-rampup-start = 128, frac-rampup-end = 512,
c   max-cores-before-cplex = 300, sort-assumps = 0, max-size-improve-model = -1,
c 
c  F: Core Minimization Options
c   mus-min-red = 0.1, mus-cpu-lim = 2.5, mintype = 1, mverb = 0,
c  
c  G: CPLEX Options
c   cplex-tune = false, cplex-min-ticks = 4, cplex-threads = 1,
c 
c  H: CPLEX Solution Pool and Populate Options
c   cplextime-pop-cpu-lim = 7.5, cplex-solnpool-cap = 256, cplex-pop-nsoln = 256, cplex-populate = 1,
c   ub-conflicts = 1,
c 
c  I: Preprocessing Options
c   wcnf-harden = true, preprocess = true, wcnf-eqs = true, simplify-only = false,
c   mx-seed-mxes = true, mx-constrain-hs = true, mx-sat-prepro = false, wcnf-units = true,
c   mx-cpu-lim = 15, mx-find-mxes = 2, mx-mem-lim = 1536,
c 
c  J: Debugging Options
c   dump-prepro = false, cplex-wrt-model = false, cplex-output = false, cplex-data-chk = true,
c  
c  J: MINISAT solver Options
c   luby = true, rnd-init = false, rinc = 2, gc-frac = 0.2,
c   var-decay = 0.95, cla-decay = 0.999, rnd-freq = 0, rnd-seed = 9.16483e+07,
c   min-learnts = 0, sverb = 0, firstReduceDB = 2000, incReduceDB = 300,
c   specialIncReduceDB = 1000, rfirst = 100, phase-saving = 2, ccmin-mode = 2,
c  
c  K: MINISAT simplifier Options
c   elim = true, rcheck = false, asymm = false, simp-gc-frac = 0.5,
c   grow = 0, sub-lim = 1000, cl-lim = 20
c ============================================
c
c Instance: ../../../instances_wcnf/CP13-pedigree51.wcnf
c Dimacs Vars: 890
c Dimacs Clauses: 3226
c HARD: #Clauses = 2294, Total Lits = 6033, Ave Len = 2.6299 #units = 0
c SOFT: #Clauses = 932, Total Lits = 1723, Ave Len = 1.84871
c Total Soft Clause Weight (+ basecost): 762110 (+ 0), Dimacs Top = 120355
c SOFT%: 28.8903%
c #distinct weights: 78, mean = 817.715, std. dev = 8770.14, min = 1, max = 120294
c Total Clauses: 3226
c Parse time: 0.000428
c Wcnf Space Required: 0MB
c ================================
c transitionWts = [ ] (0)
c WCNF hardened 0 soft clauses
c WCNF units: found 0 units
c WCNF SCCs: found 4 strongly connected components
c WCNF removed: 12 variables
c WCNF removed: 16 hard clauses
c WCNF removed: 32 lits from hard clauses
c WCNF removed: 6 soft clauses
c WCNF removed: 12 lits from softs clauses
c WCNF found 0 redundant hards and 0 duplicate or subsumed softs
c WCNF mutexes: #mutexes found = 0
c WCNF mx finder used 926 calls to UP engine
c WCNF mutexes: original #softs 926 #softs after mx-transforms 926
c WCNF mutexes: reduction in softs 0
c After WCNF Simplification
c HARD: #Clauses = 2278, Total Lits = 6001, Ave Len = 2.63433
c SOFT: #Clauses = 926, Total Lits = 1711, Ave Len = 1.84773
c Total Soft Clause Weight (+ basecost): 761924 (+ 0), Dimacs Top = 120355
c #distinct weights: 77, mean = 822.812, std. dev = 8798.31, min = 1, max = 120294
c Total Clauses: 3204
c Wcnf Space Required: 0.038256MB
c ================================
c Muser: Vars of hards = 869 vars to be frozen = 584
c Muser Preprocess eliminated 253 variables. took 0.001358 sec.
c Using IBM CPLEX version 12.10.0.0 under IBM's Academic Initiative licencing program
c Total used vars = 878 vars to be frozen = 165
c MiniSat Preprocess eliminated 372 variables. took 0.002504 sec.
c Before solving sat solver has 1717 clauses and 0 learnts
c Init Bnds: SAT Time 0.000359
c New UB found 9760
c Elapsed time 0.0044
c Init Bnds: LB = 0 UB = 9760
c Init Bnds: Forced 0 literals.
c Init Bnds: after sat solver solver has 1717 clauses and 25 learnts
c EqSeed: found 49 seedable constraints from input clauses
c EqSeed: 0 cores 43 non-cores 6 mixed-cores 0 ordinary clauses
c EqSeed: found 0 seedable constraints from  learnts
c EqSeed: 0 cores 0 non-cores 0 mixed-cores 0 ordinary clauses
c EqSeed: #seeded constraints 49
c EqSeed: cores            0 Ave length 0
c EqSeed: non-cores        43 Ave length 2
c EqSeed: mixed cores      6 Ave length 3.833333333
c EqSeed: ordinary clauses 0 Ave length 0
c Disjoint Phase
c Dsjnt: #Cores 21 with total weight 948 LB 948 UB 9760
c Dsjnt: Avg Core Size 15.42857143
c Dsjnt: Time 0.0242
c **********Iter: 0 Elapsed Time = 0.028796
c CPLEX: += 70 Clauses. Average size =6.185714286
c tryharden: softs hardened              4
c tryharden: softs not in cplex hardened 1
c Add to CPLEX 5 Forced bvars. 0 are forced totalizer outputs
c CPLEX returns incumbent with cost 948 and lower bound of 948 time = 0.001587
c CPLEX found optimal solution to its current model
c after CPLEX bnds: LB = 948 UB = 9760 gap = 8812
c LP bound delta = 0 < 5 abstracting
c Computing an abstraction with 21 new cores
c added 1466 new edges. Abstracting
c extractCommunities #nodes =306
c Cluster Iter 1. 108 clusters (mod 0.7688885777)
c New UB found 9630
c Elapsed time 0.04383
c 26 new totalizers (out of 108 ), ave. size = 8.615384615 ave. true outs 0.03846153846
c extractCommunities #nodes =108
c 1. clustering complete
c finding conflicts from cplex solution
c Add to muser 6 newly forced vars.
c New UB found 6594
c Elapsed time 0.065507
c Cplex abstract solution yielded 12 new conflicts
c finding conflicts from greedy
c Add to greedysolver 5 Forced bvars.
c New UB found 5508
c Elapsed time 0.097769
c New UB found 5271
c Elapsed time 0.182635
c New UB found 4296
c Elapsed time 0.214193
c New UB found 4035
c Elapsed time 0.308701
c New UB found 3942
c Elapsed time 0.408899
c New UB found 3490
c Elapsed time 0.49474
c New UB found 3466
c Elapsed time 0.523537
c New UB found 3084
c Elapsed time 0.546235
c New UB found 2882
c Elapsed time 0.679792
c New UB found 2763
c Elapsed time 0.966752
c New UB found 2531
c Elapsed time 1.000895
c New UB found 2509
c Elapsed time 1.223685
c Greedy: iters=58 concrete conflicts=276 abstract conflicts=12
c **********Iter: 1 Elapsed Time = 1.676954
c Add to CPLEX 1 Forced bvars. 1 are forced totalizer outputs
c CPLEX: += 300 Clauses. Average size =29.25
c tryharden: softs hardened              137
c tryharden: softs not in cplex hardened 176
c Add to CPLEX 315 Forced bvars. 0 are forced totalizer outputs
c CPLEX returns incumbent with cost 2442 and lower bound of 2442 time = 0.74884
c CPLEX found optimal solution to its current model
c after CPLEX bnds: LB = 2442 UB = 2509 gap = 67
c finding conflicts from cplex solution
c Add to satsolver 4 forced negated bvars.
c Add to muser 313 newly forced vars.
c Add to satSolver 4 newly forced from muser.
c New UB found 2491
c Elapsed time 2.444295
c Cplex abstract solution yielded 3 new conflicts
c finding conflicts from greedy
c Add to greedysolver 319 Forced bvars.
c Add to satSolver 1 newly forced from muser.
c Add to greedysolver 1 Forced bvars.
c Greedy: iters=39 concrete conflicts=138 abstract conflicts=10
c **********Iter: 2 Elapsed Time = 3.250003
c Add to CPLEX 5 Forced bvars. 0 are forced totalizer outputs
c CPLEX: += 151 Clauses. Average size =29.06622517
c tryharden: softs hardened              253
c tryharden: softs not in cplex hardened 34
c Add to CPLEX 287 Forced bvars. 0 are forced totalizer outputs
c CPLEX returns incumbent with cost 2454 and lower bound of 2454 time = 0.028257
c CPLEX found optimal solution to its current model
c after CPLEX bnds: LB = 2454 UB = 2491 gap = 37
c finding conflicts from cplex solution
c Add to satsolver 1 forced negated bvars.
c Add to muser 292 newly forced vars.
c Add to satSolver 9 newly forced from muser.
c Cplex abstract solution yielded 2 new conflicts
c finding conflicts from greedy
c Add to greedysolver 288 Forced bvars.
c Greedy: iters=1 concrete conflicts=0 abstract conflicts=0
c finding conflicts from cplex populated solutions
c populate found 0 conflicts
c trying UB conflicts
c Finding conflicts from UB
c UB has 285 unforced true softs (false blits) and 28 unforced false softs (true blits)
c Add to satSolver 10 newly forced from muser.
c Add to muser 3 newly forced vars.
c Add to satSolver 3 newly forced from muser.
c get_ub_conflicts found 27 new conflicts
c ub-conflicts found 27 conflicts
c **********Iter: 3 Elapsed Time = 3.328013
c Add to CPLEX 5 Forced bvars. 0 are forced totalizer outputs
c CPLEX: += 29 Clauses. Average size =9.862068966
c tryharden: softs hardened              12
c tryharden: softs not in cplex hardened 8
c Add to CPLEX 20 Forced bvars. 0 are forced totalizer outputs
c CPLEX returns incumbent with cost 2491 and lower bound of 2491 time = 0.052064
c CPLEX found optimal solution to its current model
c after CPLEX bnds: LB = 2491 UB = 2491 gap = 0
c Solved by LB >= UB.
o 2491
s OPTIMUM FOUND
c Solved: Number of falsified softs = 28
c SAT: #calls 702
c SAT: Total time 2.482128
c SAT: #muser calls 503 (100 % successful)
c SAT: Minimize time 2.42771 (97.80760702%)
c SAT: Avg constraint minimization 2.601861427
c GREEDY: #calls 98
c GREEDY: Total time 0.019552
c CPLEX: #calls 4
c CPLEX: Total time 0.830748
c CPLEX: #constraints 967
c CPLEX: Avg constraint size 14.78800414
c CPLEX: #non-core constraints 465
c CPLEX: Ave non-core size 1.129032258
c LP-Bounds: Total time 0.013739
c LP-Bounds: #calls 7
c LP-Bounds: Forced 625 variables
c   hardned softs:              406
c   hardned softs not in cplex: 219
c MEM MB: 43
c CPU: 3.388991
